Use device:cuda
bert_base_lr2e-5_uf2 Epoch 1/50: 100%|██████████████████████████████████████████| 20/20 [00:02<00:00,  8.05it/s]

📊 Validation Results (Per Task)
------------------------------------------------------------
sentiment  | F1=0.212 | Acc=0.465 | P=0.156 | R=0.333
urgency    | F1=0.404 | Acc=0.665 | P=0.484 | R=0.423
topic      | F1=0.161 | Acc=0.316 | P=0.469 | R=0.204
action     | F1=0.193 | Acc=0.561 | P=0.358 | R=0.210
------------------------------------------------------------
✅ Overall Avg | F1=0.243 | Acc=0.502 | P=0.367 | R=0.293

✅ Epoch 1 | Loss=1.4210 | F1(avg)=0.243 | Sent=0.212 | Urg=0.404 | Top=0.161 | Act=0.193
bert_base_lr2e-5_uf2 Epoch 2/50: 100%|██████████████████████████████████████████| 20/20 [00:02<00:00,  8.65it/s]

📊 Validation Results (Per Task)
------------------------------------------------------------
sentiment  | F1=0.595 | Acc=0.703 | P=0.800 | R=0.609
urgency    | F1=0.571 | Acc=0.839 | P=0.563 | R=0.584
topic      | F1=0.365 | Acc=0.510 | P=0.598 | R=0.404
action     | F1=0.218 | Acc=0.613 | P=0.194 | R=0.256
------------------------------------------------------------
✅ Overall Avg | F1=0.437 | Acc=0.666 | P=0.539 | R=0.463

✅ Epoch 2 | Loss=1.2264 | F1(avg)=0.437 | Sent=0.595 | Urg=0.571 | Top=0.365 | Act=0.218
bert_base_lr2e-5_uf2 Epoch 3/50: 100%|██████████████████████████████████████████| 20/20 [00:02<00:00,  8.65it/s]

📊 Validation Results (Per Task)
------------------------------------------------------------
sentiment  | F1=0.846 | Acc=0.877 | P=0.899 | R=0.835
urgency    | F1=0.668 | Acc=0.890 | P=0.920 | R=0.666
topic      | F1=0.571 | Acc=0.677 | P=0.601 | R=0.598
action     | F1=0.291 | Acc=0.684 | P=0.375 | R=0.328
------------------------------------------------------------
✅ Overall Avg | F1=0.594 | Acc=0.782 | P=0.699 | R=0.607

✅ Epoch 3 | Loss=1.0370 | F1(avg)=0.594 | Sent=0.846 | Urg=0.668 | Top=0.571 | Act=0.291
bert_base_lr2e-5_uf2 Epoch 4/50: 100%|██████████████████████████████████████████| 20/20 [00:02<00:00,  8.65it/s]

📊 Validation Results (Per Task)
------------------------------------------------------------
sentiment  | F1=0.844 | Acc=0.884 | P=0.892 | R=0.838
urgency    | F1=0.663 | Acc=0.884 | P=0.915 | R=0.660
topic      | F1=0.640 | Acc=0.735 | P=0.655 | R=0.659
action     | F1=0.353 | Acc=0.742 | P=0.394 | R=0.389
------------------------------------------------------------
✅ Overall Avg | F1=0.625 | Acc=0.811 | P=0.714 | R=0.636

✅ Epoch 4 | Loss=0.8639 | F1(avg)=0.625 | Sent=0.844 | Urg=0.663 | Top=0.640 | Act=0.353
bert_base_lr2e-5_uf2 Epoch 5/50: 100%|██████████████████████████████████████████| 20/20 [00:02<00:00,  8.65it/s]

📊 Validation Results (Per Task)
------------------------------------------------------------
sentiment  | F1=0.854 | Acc=0.890 | P=0.880 | R=0.849
urgency    | F1=0.672 | Acc=0.897 | P=0.925 | R=0.672
topic      | F1=0.748 | Acc=0.800 | P=0.839 | R=0.740
action     | F1=0.377 | Acc=0.768 | P=0.363 | R=0.416
------------------------------------------------------------
✅ Overall Avg | F1=0.663 | Acc=0.839 | P=0.752 | R=0.669

✅ Epoch 5 | Loss=0.7264 | F1(avg)=0.663 | Sent=0.854 | Urg=0.672 | Top=0.748 | Act=0.377
bert_base_lr2e-5_uf2 Epoch 6/50: 100%|██████████████████████████████████████████| 20/20 [00:02<00:00,  8.65it/s]

📊 Validation Results (Per Task)
------------------------------------------------------------
sentiment  | F1=0.862 | Acc=0.897 | P=0.893 | R=0.856
urgency    | F1=0.699 | Acc=0.890 | P=0.731 | R=0.693
topic      | F1=0.774 | Acc=0.813 | P=0.847 | R=0.761
action     | F1=0.390 | Acc=0.781 | P=0.372 | R=0.429
------------------------------------------------------------
✅ Overall Avg | F1=0.681 | Acc=0.845 | P=0.711 | R=0.685

✅ Epoch 6 | Loss=0.6105 | F1(avg)=0.681 | Sent=0.862 | Urg=0.699 | Top=0.774 | Act=0.390
bert_base_lr2e-5_uf2 Epoch 7/50: 100%|██████████████████████████████████████████| 20/20 [00:02<00:00,  8.66it/s]

📊 Validation Results (Per Task)
------------------------------------------------------------
sentiment  | F1=0.898 | Acc=0.923 | P=0.924 | R=0.891
urgency    | F1=0.691 | Acc=0.884 | P=0.708 | R=0.689
topic      | F1=0.775 | Acc=0.813 | P=0.849 | R=0.763
action     | F1=0.408 | Acc=0.781 | P=0.457 | R=0.434
------------------------------------------------------------
✅ Overall Avg | F1=0.693 | Acc=0.850 | P=0.735 | R=0.694

✅ Epoch 7 | Loss=0.5288 | F1(avg)=0.693 | Sent=0.898 | Urg=0.691 | Top=0.775 | Act=0.408
bert_base_lr2e-5_uf2 Epoch 8/50: 100%|██████████████████████████████████████████| 20/20 [00:02<00:00,  8.68it/s]

📊 Validation Results (Per Task)
------------------------------------------------------------
sentiment  | F1=0.889 | Acc=0.916 | P=0.918 | R=0.882
urgency    | F1=0.691 | Acc=0.884 | P=0.708 | R=0.689
topic      | F1=0.836 | Acc=0.839 | P=0.872 | R=0.820
action     | F1=0.454 | Acc=0.806 | P=0.494 | R=0.467
------------------------------------------------------------
✅ Overall Avg | F1=0.717 | Acc=0.861 | P=0.748 | R=0.714

✅ Epoch 8 | Loss=0.4647 | F1(avg)=0.717 | Sent=0.889 | Urg=0.691 | Top=0.836 | Act=0.454
bert_base_lr2e-5_uf2 Epoch 9/50: 100%|██████████████████████████████████████████| 20/20 [00:02<00:00,  8.70it/s]

📊 Validation Results (Per Task)
------------------------------------------------------------
sentiment  | F1=0.889 | Acc=0.916 | P=0.918 | R=0.882
urgency    | F1=0.723 | Acc=0.890 | P=0.730 | R=0.723
topic      | F1=0.836 | Acc=0.839 | P=0.865 | R=0.820
action     | F1=0.464 | Acc=0.806 | P=0.503 | R=0.472
------------------------------------------------------------
✅ Overall Avg | F1=0.728 | Acc=0.863 | P=0.754 | R=0.724

✅ Epoch 9 | Loss=0.4205 | F1(avg)=0.728 | Sent=0.889 | Urg=0.723 | Top=0.836 | Act=0.464
bert_base_lr2e-5_uf2 Epoch 10/50: 100%|█████████████████████████████████████████| 20/20 [00:02<00:00,  8.64it/s]

📊 Validation Results (Per Task)
------------------------------------------------------------
sentiment  | F1=0.918 | Acc=0.935 | P=0.942 | R=0.912
urgency    | F1=0.723 | Acc=0.890 | P=0.730 | R=0.723
topic      | F1=0.842 | Acc=0.845 | P=0.870 | R=0.829
action     | F1=0.477 | Acc=0.813 | P=0.514 | R=0.482
------------------------------------------------------------
✅ Overall Avg | F1=0.740 | Acc=0.871 | P=0.764 | R=0.736

✅ Epoch 10 | Loss=0.3827 | F1(avg)=0.740 | Sent=0.918 | Urg=0.723 | Top=0.842 | Act=0.477
bert_base_lr2e-5_uf2 Epoch 11/50: 100%|█████████████████████████████████████████| 20/20 [00:02<00:00,  8.65it/s]

📊 Validation Results (Per Task)
------------------------------------------------------------
sentiment  | F1=0.901 | Acc=0.923 | P=0.932 | R=0.894
urgency    | F1=0.696 | Acc=0.890 | P=0.713 | R=0.695
topic      | F1=0.842 | Acc=0.845 | P=0.872 | R=0.829
action     | F1=0.496 | Acc=0.826 | P=0.506 | R=0.503
------------------------------------------------------------
✅ Overall Avg | F1=0.734 | Acc=0.871 | P=0.756 | R=0.730

✅ Epoch 11 | Loss=0.3534 | F1(avg)=0.734 | Sent=0.901 | Urg=0.696 | Top=0.842 | Act=0.496
bert_base_lr2e-5_uf2 Epoch 12/50: 100%|█████████████████████████████████████████| 20/20 [00:02<00:00,  8.64it/s]

📊 Validation Results (Per Task)
------------------------------------------------------------
sentiment  | F1=0.927 | Acc=0.942 | P=0.946 | R=0.921
urgency    | F1=0.696 | Acc=0.890 | P=0.713 | R=0.695
topic      | F1=0.841 | Acc=0.845 | P=0.867 | R=0.828
action     | F1=0.487 | Acc=0.819 | P=0.496 | R=0.493
------------------------------------------------------------
✅ Overall Avg | F1=0.738 | Acc=0.874 | P=0.756 | R=0.734

✅ Epoch 12 | Loss=0.3376 | F1(avg)=0.738 | Sent=0.927 | Urg=0.696 | Top=0.841 | Act=0.487
bert_base_lr2e-5_uf2 Epoch 13/50: 100%|█████████████████████████████████████████| 20/20 [00:02<00:00,  8.64it/s]

📊 Validation Results (Per Task)
------------------------------------------------------------
sentiment  | F1=0.918 | Acc=0.935 | P=0.942 | R=0.912
urgency    | F1=0.729 | Acc=0.897 | P=0.736 | R=0.729
topic      | F1=0.853 | Acc=0.852 | P=0.874 | R=0.843
action     | F1=0.618 | Acc=0.839 | P=0.592 | R=0.681
------------------------------------------------------------
✅ Overall Avg | F1=0.780 | Acc=0.881 | P=0.786 | R=0.791

✅ Epoch 13 | Loss=0.3021 | F1(avg)=0.780 | Sent=0.918 | Urg=0.729 | Top=0.853 | Act=0.618
bert_base_lr2e-5_uf2 Epoch 14/50: 100%|█████████████████████████████████████████| 20/20 [00:02<00:00,  8.62it/s]

📊 Validation Results (Per Task)
------------------------------------------------------------
sentiment  | F1=0.936 | Acc=0.948 | P=0.952 | R=0.931
urgency    | F1=0.733 | Acc=0.897 | P=0.749 | R=0.729
topic      | F1=0.853 | Acc=0.852 | P=0.874 | R=0.843
action     | F1=0.613 | Acc=0.832 | P=0.585 | R=0.675
------------------------------------------------------------
✅ Overall Avg | F1=0.784 | Acc=0.882 | P=0.790 | R=0.794

✅ Epoch 14 | Loss=0.2933 | F1(avg)=0.784 | Sent=0.936 | Urg=0.733 | Top=0.853 | Act=0.613
bert_base_lr2e-5_uf2 Epoch 15/50: 100%|█████████████████████████████████████████| 20/20 [00:02<00:00,  8.63it/s]

📊 Validation Results (Per Task)
------------------------------------------------------------
sentiment  | F1=0.919 | Acc=0.935 | P=0.942 | R=0.912
urgency    | F1=0.733 | Acc=0.897 | P=0.749 | R=0.729
topic      | F1=0.848 | Acc=0.852 | P=0.877 | R=0.835
action     | F1=0.619 | Acc=0.839 | P=0.590 | R=0.681
------------------------------------------------------------
✅ Overall Avg | F1=0.780 | Acc=0.881 | P=0.790 | R=0.789

✅ Epoch 15 | Loss=0.2790 | F1(avg)=0.780 | Sent=0.919 | Urg=0.733 | Top=0.848 | Act=0.619
bert_base_lr2e-5_uf2 Epoch 16/50: 100%|█████████████████████████████████████████| 20/20 [00:02<00:00,  8.63it/s]

📊 Validation Results (Per Task)
------------------------------------------------------------
sentiment  | F1=0.936 | Acc=0.948 | P=0.952 | R=0.931
urgency    | F1=0.761 | Acc=0.903 | P=0.763 | R=0.762
topic      | F1=0.853 | Acc=0.852 | P=0.874 | R=0.843
action     | F1=0.649 | Acc=0.858 | P=0.617 | R=0.713
------------------------------------------------------------
✅ Overall Avg | F1=0.800 | Acc=0.890 | P=0.802 | R=0.812

✅ Epoch 16 | Loss=0.2629 | F1(avg)=0.800 | Sent=0.936 | Urg=0.761 | Top=0.853 | Act=0.649
bert_base_lr2e-5_uf2 Epoch 17/50: 100%|█████████████████████████████████████████| 20/20 [00:02<00:00,  8.64it/s]

📊 Validation Results (Per Task)
------------------------------------------------------------
sentiment  | F1=0.928 | Acc=0.942 | P=0.947 | R=0.921
urgency    | F1=0.729 | Acc=0.897 | P=0.736 | R=0.729
topic      | F1=0.839 | Acc=0.845 | P=0.868 | R=0.825
action     | F1=0.634 | Acc=0.845 | P=0.606 | R=0.695
------------------------------------------------------------
✅ Overall Avg | F1=0.782 | Acc=0.882 | P=0.789 | R=0.793

✅ Epoch 17 | Loss=0.2447 | F1(avg)=0.782 | Sent=0.928 | Urg=0.729 | Top=0.839 | Act=0.634
bert_base_lr2e-5_uf2 Epoch 18/50: 100%|█████████████████████████████████████████| 20/20 [00:02<00:00,  8.62it/s]

📊 Validation Results (Per Task)
------------------------------------------------------------
sentiment  | F1=0.943 | Acc=0.955 | P=0.947 | R=0.942
urgency    | F1=0.761 | Acc=0.903 | P=0.763 | R=0.762
topic      | F1=0.860 | Acc=0.858 | P=0.880 | R=0.851
action     | F1=0.760 | Acc=0.865 | P=0.867 | R=0.746
------------------------------------------------------------
✅ Overall Avg | F1=0.831 | Acc=0.895 | P=0.864 | R=0.825

✅ Epoch 18 | Loss=0.2293 | F1(avg)=0.831 | Sent=0.943 | Urg=0.761 | Top=0.860 | Act=0.760
bert_base_lr2e-5_uf2 Epoch 19/50: 100%|█████████████████████████████████████████| 20/20 [00:02<00:00,  8.61it/s]

📊 Validation Results (Per Task)
------------------------------------------------------------
sentiment  | F1=0.945 | Acc=0.955 | P=0.951 | R=0.942
urgency    | F1=0.761 | Acc=0.903 | P=0.763 | R=0.762
topic      | F1=0.857 | Acc=0.858 | P=0.880 | R=0.845
action     | F1=0.585 | Acc=0.858 | P=0.617 | R=0.579
------------------------------------------------------------
✅ Overall Avg | F1=0.787 | Acc=0.894 | P=0.803 | R=0.782

✅ Epoch 19 | Loss=0.2225 | F1(avg)=0.787 | Sent=0.945 | Urg=0.761 | Top=0.857 | Act=0.585
bert_base_lr2e-5_uf2 Epoch 20/50: 100%|█████████████████████████████████████████| 20/20 [00:02<00:00,  8.61it/s]

📊 Validation Results (Per Task)
------------------------------------------------------------
sentiment  | F1=0.936 | Acc=0.948 | P=0.952 | R=0.931
urgency    | F1=0.761 | Acc=0.903 | P=0.763 | R=0.762
topic      | F1=0.858 | Acc=0.858 | P=0.877 | R=0.849
action     | F1=0.586 | Acc=0.858 | P=0.617 | R=0.579
------------------------------------------------------------
✅ Overall Avg | F1=0.785 | Acc=0.892 | P=0.802 | R=0.780

✅ Epoch 20 | Loss=0.2168 | F1(avg)=0.785 | Sent=0.936 | Urg=0.761 | Top=0.858 | Act=0.586
bert_base_lr2e-5_uf2 Epoch 21/50: 100%|█████████████████████████████████████████| 20/20 [00:02<00:00,  8.61it/s]

📊 Validation Results (Per Task)
------------------------------------------------------------
sentiment  | F1=0.951 | Acc=0.961 | P=0.958 | R=0.949
urgency    | F1=0.761 | Acc=0.903 | P=0.763 | R=0.762
topic      | F1=0.867 | Acc=0.865 | P=0.883 | R=0.859
action     | F1=0.803 | Acc=0.871 | P=0.874 | R=0.779
------------------------------------------------------------
✅ Overall Avg | F1=0.845 | Acc=0.900 | P=0.869 | R=0.837

✅ Epoch 21 | Loss=0.2073 | F1(avg)=0.845 | Sent=0.951 | Urg=0.761 | Top=0.867 | Act=0.803
bert_base_lr2e-5_uf2 Epoch 22/50: 100%|█████████████████████████████████████████| 20/20 [00:02<00:00,  8.61it/s]

📊 Validation Results (Per Task)
------------------------------------------------------------
sentiment  | F1=0.944 | Acc=0.955 | P=0.957 | R=0.940
urgency    | F1=0.761 | Acc=0.903 | P=0.763 | R=0.762
topic      | F1=0.857 | Acc=0.858 | P=0.880 | R=0.845
action     | F1=0.585 | Acc=0.858 | P=0.617 | R=0.579
------------------------------------------------------------
✅ Overall Avg | F1=0.787 | Acc=0.894 | P=0.804 | R=0.781

✅ Epoch 22 | Loss=0.1975 | F1(avg)=0.787 | Sent=0.944 | Urg=0.761 | Top=0.857 | Act=0.585
bert_base_lr2e-5_uf2 Epoch 23/50: 100%|█████████████████████████████████████████| 20/20 [00:02<00:00,  8.61it/s]

📊 Validation Results (Per Task)
------------------------------------------------------------
sentiment  | F1=0.943 | Acc=0.955 | P=0.947 | R=0.942
urgency    | F1=0.751 | Acc=0.897 | P=0.748 | R=0.756
topic      | F1=0.865 | Acc=0.865 | P=0.889 | R=0.852
action     | F1=0.753 | Acc=0.858 | P=0.862 | R=0.739
------------------------------------------------------------
✅ Overall Avg | F1=0.828 | Acc=0.894 | P=0.861 | R=0.822

✅ Epoch 23 | Loss=0.1908 | F1(avg)=0.828 | Sent=0.943 | Urg=0.751 | Top=0.865 | Act=0.753
bert_base_lr2e-5_uf2 Epoch 24/50: 100%|█████████████████████████████████████████| 20/20 [00:02<00:00,  8.61it/s]

📊 Validation Results (Per Task)
------------------------------------------------------------
sentiment  | F1=0.953 | Acc=0.961 | P=0.962 | R=0.949
urgency    | F1=0.751 | Acc=0.897 | P=0.748 | R=0.756
topic      | F1=0.875 | Acc=0.871 | P=0.889 | R=0.869
action     | F1=0.796 | Acc=0.865 | P=0.869 | R=0.773
------------------------------------------------------------
✅ Overall Avg | F1=0.844 | Acc=0.898 | P=0.867 | R=0.837

✅ Epoch 24 | Loss=0.1854 | F1(avg)=0.844 | Sent=0.953 | Urg=0.751 | Top=0.875 | Act=0.796
bert_base_lr2e-5_uf2 Epoch 25/50: 100%|█████████████████████████████████████████| 20/20 [00:02<00:00,  8.66it/s]

📊 Validation Results (Per Task)
------------------------------------------------------------
sentiment  | F1=0.944 | Acc=0.955 | P=0.957 | R=0.940
urgency    | F1=0.761 | Acc=0.903 | P=0.763 | R=0.762
topic      | F1=0.867 | Acc=0.865 | P=0.883 | R=0.859
action     | F1=0.642 | Acc=0.877 | P=0.665 | R=0.633
------------------------------------------------------------
✅ Overall Avg | F1=0.803 | Acc=0.900 | P=0.817 | R=0.798

✅ Epoch 25 | Loss=0.1819 | F1(avg)=0.803 | Sent=0.944 | Urg=0.761 | Top=0.867 | Act=0.642
bert_base_lr2e-5_uf2 Epoch 26/50: 100%|█████████████████████████████████████████| 20/20 [00:02<00:00,  8.60it/s]

📊 Validation Results (Per Task)
------------------------------------------------------------
sentiment  | F1=0.953 | Acc=0.961 | P=0.962 | R=0.949
urgency    | F1=0.751 | Acc=0.897 | P=0.748 | R=0.756
topic      | F1=0.882 | Acc=0.877 | P=0.895 | R=0.879
action     | F1=0.642 | Acc=0.877 | P=0.665 | R=0.633
------------------------------------------------------------
✅ Overall Avg | F1=0.807 | Acc=0.903 | P=0.817 | R=0.804

✅ Epoch 26 | Loss=0.1798 | F1(avg)=0.807 | Sent=0.953 | Urg=0.751 | Top=0.882 | Act=0.642
bert_base_lr2e-5_uf2 Epoch 27/50: 100%|█████████████████████████████████████████| 20/20 [00:02<00:00,  8.60it/s]

📊 Validation Results (Per Task)
------------------------------------------------------------
sentiment  | F1=0.945 | Acc=0.955 | P=0.951 | R=0.942
urgency    | F1=0.751 | Acc=0.897 | P=0.748 | R=0.756
topic      | F1=0.869 | Acc=0.865 | P=0.879 | R=0.866
action     | F1=0.635 | Acc=0.871 | P=0.660 | R=0.627
------------------------------------------------------------
✅ Overall Avg | F1=0.800 | Acc=0.897 | P=0.810 | R=0.798

✅ Epoch 27 | Loss=0.1706 | F1(avg)=0.800 | Sent=0.945 | Urg=0.751 | Top=0.869 | Act=0.635
bert_base_lr2e-5_uf2 Epoch 28/50: 100%|█████████████████████████████████████████| 20/20 [00:02<00:00,  8.58it/s]

📊 Validation Results (Per Task)
------------------------------------------------------------
sentiment  | F1=0.936 | Acc=0.948 | P=0.937 | R=0.935
urgency    | F1=0.751 | Acc=0.897 | P=0.748 | R=0.756
topic      | F1=0.874 | Acc=0.871 | P=0.888 | R=0.867
action     | F1=0.642 | Acc=0.877 | P=0.665 | R=0.633
------------------------------------------------------------
✅ Overall Avg | F1=0.800 | Acc=0.898 | P=0.809 | R=0.798

✅ Epoch 28 | Loss=0.1637 | F1(avg)=0.800 | Sent=0.936 | Urg=0.751 | Top=0.874 | Act=0.642
bert_base_lr2e-5_uf2 Epoch 29/50: 100%|█████████████████████████████████████████| 20/20 [00:02<00:00,  8.57it/s]

📊 Validation Results (Per Task)
------------------------------------------------------------
sentiment  | F1=0.945 | Acc=0.955 | P=0.951 | R=0.942
urgency    | F1=0.751 | Acc=0.897 | P=0.748 | R=0.756
topic      | F1=0.867 | Acc=0.865 | P=0.883 | R=0.859
action     | F1=0.635 | Acc=0.871 | P=0.660 | R=0.627
------------------------------------------------------------
✅ Overall Avg | F1=0.799 | Acc=0.897 | P=0.810 | R=0.796

✅ Epoch 29 | Loss=0.1614 | F1(avg)=0.799 | Sent=0.945 | Urg=0.751 | Top=0.867 | Act=0.635
bert_base_lr2e-5_uf2 Epoch 30/50: 100%|█████████████████████████████████████████| 20/20 [00:02<00:00,  8.57it/s]

📊 Validation Results (Per Task)
------------------------------------------------------------
sentiment  | F1=0.945 | Acc=0.955 | P=0.951 | R=0.942
urgency    | F1=0.751 | Acc=0.897 | P=0.748 | R=0.756
topic      | F1=0.867 | Acc=0.865 | P=0.883 | R=0.859
action     | F1=0.642 | Acc=0.877 | P=0.665 | R=0.633
------------------------------------------------------------
✅ Overall Avg | F1=0.801 | Acc=0.898 | P=0.812 | R=0.798

✅ Epoch 30 | Loss=0.1555 | F1(avg)=0.801 | Sent=0.945 | Urg=0.751 | Top=0.867 | Act=0.642
bert_base_lr2e-5_uf2 Epoch 31/50: 100%|█████████████████████████████████████████| 20/20 [00:02<00:00,  8.58it/s]

📊 Validation Results (Per Task)
------------------------------------------------------------
sentiment  | F1=0.943 | Acc=0.955 | P=0.947 | R=0.942
urgency    | F1=0.779 | Acc=0.903 | P=0.770 | R=0.789
topic      | F1=0.875 | Acc=0.871 | P=0.886 | R=0.871
action     | F1=0.635 | Acc=0.871 | P=0.660 | R=0.627
------------------------------------------------------------
✅ Overall Avg | F1=0.808 | Acc=0.900 | P=0.816 | R=0.807

✅ Epoch 31 | Loss=0.1506 | F1(avg)=0.808 | Sent=0.943 | Urg=0.779 | Top=0.875 | Act=0.635
bert_base_lr2e-5_uf2 Epoch 32/50: 100%|█████████████████████████████████████████| 20/20 [00:02<00:00,  8.59it/s]

📊 Validation Results (Per Task)
------------------------------------------------------------
sentiment  | F1=0.943 | Acc=0.955 | P=0.947 | R=0.942
urgency    | F1=0.751 | Acc=0.897 | P=0.748 | R=0.756
topic      | F1=0.867 | Acc=0.865 | P=0.883 | R=0.859
action     | F1=0.596 | Acc=0.865 | P=0.625 | R=0.593
------------------------------------------------------------
✅ Overall Avg | F1=0.789 | Acc=0.895 | P=0.801 | R=0.788

✅ Epoch 32 | Loss=0.1477 | F1(avg)=0.789 | Sent=0.943 | Urg=0.751 | Top=0.867 | Act=0.596
bert_base_lr2e-5_uf2 Epoch 33/50: 100%|█████████████████████████████████████████| 20/20 [00:02<00:00,  8.64it/s]

📊 Validation Results (Per Task)
------------------------------------------------------------
sentiment  | F1=0.943 | Acc=0.955 | P=0.947 | R=0.942
urgency    | F1=0.760 | Acc=0.903 | P=0.762 | R=0.760
topic      | F1=0.868 | Acc=0.865 | P=0.881 | R=0.863
action     | F1=0.635 | Acc=0.871 | P=0.660 | R=0.627
------------------------------------------------------------
✅ Overall Avg | F1=0.802 | Acc=0.898 | P=0.813 | R=0.798

✅ Epoch 33 | Loss=0.1391 | F1(avg)=0.802 | Sent=0.943 | Urg=0.760 | Top=0.868 | Act=0.635
bert_base_lr2e-5_uf2 Epoch 34/50: 100%|█████████████████████████████████████████| 20/20 [00:02<00:00,  8.58it/s]

📊 Validation Results (Per Task)
------------------------------------------------------------
sentiment  | F1=0.943 | Acc=0.955 | P=0.947 | R=0.942
urgency    | F1=0.779 | Acc=0.903 | P=0.770 | R=0.789
topic      | F1=0.868 | Acc=0.865 | P=0.881 | R=0.863
action     | F1=0.635 | Acc=0.871 | P=0.660 | R=0.627
------------------------------------------------------------
✅ Overall Avg | F1=0.806 | Acc=0.898 | P=0.815 | R=0.805

✅ Epoch 34 | Loss=0.1421 | F1(avg)=0.806 | Sent=0.943 | Urg=0.779 | Top=0.868 | Act=0.635
bert_base_lr2e-5_uf2 Epoch 35/50: 100%|█████████████████████████████████████████| 20/20 [00:02<00:00,  8.58it/s]

📊 Validation Results (Per Task)
------------------------------------------------------------
sentiment  | F1=0.943 | Acc=0.955 | P=0.947 | R=0.942
urgency    | F1=0.779 | Acc=0.903 | P=0.770 | R=0.789
topic      | F1=0.875 | Acc=0.871 | P=0.886 | R=0.871
action     | F1=0.643 | Acc=0.877 | P=0.668 | R=0.633
------------------------------------------------------------
✅ Overall Avg | F1=0.810 | Acc=0.902 | P=0.818 | R=0.809

✅ Epoch 35 | Loss=0.1336 | F1(avg)=0.810 | Sent=0.943 | Urg=0.779 | Top=0.875 | Act=0.643
bert_base_lr2e-5_uf2 Epoch 36/50: 100%|█████████████████████████████████████████| 20/20 [00:02<00:00,  8.59it/s]

📊 Validation Results (Per Task)
------------------------------------------------------------
sentiment  | F1=0.943 | Acc=0.955 | P=0.947 | R=0.942
urgency    | F1=0.789 | Acc=0.910 | P=0.786 | R=0.793
topic      | F1=0.875 | Acc=0.871 | P=0.886 | R=0.871
action     | F1=0.643 | Acc=0.877 | P=0.668 | R=0.633
------------------------------------------------------------
✅ Overall Avg | F1=0.812 | Acc=0.903 | P=0.822 | R=0.810

✅ Epoch 36 | Loss=0.1363 | F1(avg)=0.812 | Sent=0.943 | Urg=0.789 | Top=0.875 | Act=0.643
bert_base_lr2e-5_uf2 Epoch 37/50: 100%|█████████████████████████████████████████| 20/20 [00:02<00:00,  8.58it/s]

📊 Validation Results (Per Task)
------------------------------------------------------------
sentiment  | F1=0.943 | Acc=0.955 | P=0.947 | R=0.942
urgency    | F1=0.779 | Acc=0.903 | P=0.770 | R=0.789
topic      | F1=0.875 | Acc=0.871 | P=0.886 | R=0.871
action     | F1=0.605 | Acc=0.871 | P=0.634 | R=0.600
------------------------------------------------------------
✅ Overall Avg | F1=0.800 | Acc=0.900 | P=0.809 | R=0.801

✅ Epoch 37 | Loss=0.1316 | F1(avg)=0.800 | Sent=0.943 | Urg=0.779 | Top=0.875 | Act=0.605
bert_base_lr2e-5_uf2 Epoch 38/50: 100%|█████████████████████████████████████████| 20/20 [00:02<00:00,  8.58it/s]

📊 Validation Results (Per Task)
------------------------------------------------------------
sentiment  | F1=0.943 | Acc=0.955 | P=0.947 | R=0.942
urgency    | F1=0.779 | Acc=0.903 | P=0.770 | R=0.789
topic      | F1=0.868 | Acc=0.865 | P=0.881 | R=0.863
action     | F1=0.643 | Acc=0.877 | P=0.668 | R=0.633
------------------------------------------------------------
✅ Overall Avg | F1=0.808 | Acc=0.900 | P=0.817 | R=0.807

✅ Epoch 38 | Loss=0.1310 | F1(avg)=0.808 | Sent=0.943 | Urg=0.779 | Top=0.868 | Act=0.643
bert_base_lr2e-5_uf2 Epoch 39/50: 100%|█████████████████████████████████████████| 20/20 [00:02<00:00,  8.57it/s]

📊 Validation Results (Per Task)
------------------------------------------------------------
sentiment  | F1=0.943 | Acc=0.955 | P=0.947 | R=0.942
urgency    | F1=0.779 | Acc=0.903 | P=0.770 | R=0.789
topic      | F1=0.868 | Acc=0.865 | P=0.881 | R=0.863
action     | F1=0.822 | Acc=0.884 | P=0.890 | R=0.800
------------------------------------------------------------
✅ Overall Avg | F1=0.853 | Acc=0.902 | P=0.872 | R=0.849

✅ Epoch 39 | Loss=0.1299 | F1(avg)=0.853 | Sent=0.943 | Urg=0.779 | Top=0.868 | Act=0.822
bert_base_lr2e-5_uf2 Epoch 40/50: 100%|█████████████████████████████████████████| 20/20 [00:02<00:00,  8.57it/s]

📊 Validation Results (Per Task)
------------------------------------------------------------
sentiment  | F1=0.943 | Acc=0.955 | P=0.947 | R=0.942
urgency    | F1=0.779 | Acc=0.903 | P=0.770 | R=0.789
topic      | F1=0.875 | Acc=0.871 | P=0.886 | R=0.871
action     | F1=0.822 | Acc=0.884 | P=0.890 | R=0.800
------------------------------------------------------------
✅ Overall Avg | F1=0.855 | Acc=0.903 | P=0.873 | R=0.851

✅ Epoch 40 | Loss=0.1292 | F1(avg)=0.855 | Sent=0.943 | Urg=0.779 | Top=0.875 | Act=0.822
bert_base_lr2e-5_uf2 Epoch 41/50: 100%|█████████████████████████████████████████| 20/20 [00:02<00:00,  8.63it/s]

📊 Validation Results (Per Task)
------------------------------------------------------------
sentiment  | F1=0.943 | Acc=0.955 | P=0.947 | R=0.942
urgency    | F1=0.779 | Acc=0.903 | P=0.770 | R=0.789
topic      | F1=0.875 | Acc=0.871 | P=0.886 | R=0.871
action     | F1=0.605 | Acc=0.871 | P=0.634 | R=0.600
------------------------------------------------------------
✅ Overall Avg | F1=0.800 | Acc=0.900 | P=0.809 | R=0.801

✅ Epoch 41 | Loss=0.1248 | F1(avg)=0.800 | Sent=0.943 | Urg=0.779 | Top=0.875 | Act=0.605
bert_base_lr2e-5_uf2 Epoch 42/50: 100%|█████████████████████████████████████████| 20/20 [00:02<00:00,  8.57it/s]

📊 Validation Results (Per Task)
------------------------------------------------------------
sentiment  | F1=0.943 | Acc=0.955 | P=0.947 | R=0.942
urgency    | F1=0.779 | Acc=0.903 | P=0.770 | R=0.789
topic      | F1=0.875 | Acc=0.871 | P=0.886 | R=0.871
action     | F1=0.605 | Acc=0.871 | P=0.634 | R=0.600
------------------------------------------------------------
✅ Overall Avg | F1=0.800 | Acc=0.900 | P=0.809 | R=0.801

✅ Epoch 42 | Loss=0.1217 | F1(avg)=0.800 | Sent=0.943 | Urg=0.779 | Top=0.875 | Act=0.605
bert_base_lr2e-5_uf2 Epoch 43/50: 100%|█████████████████████████████████████████| 20/20 [00:02<00:00,  8.57it/s]

📊 Validation Results (Per Task)
------------------------------------------------------------
sentiment  | F1=0.936 | Acc=0.948 | P=0.942 | R=0.933
urgency    | F1=0.779 | Acc=0.903 | P=0.770 | R=0.789
topic      | F1=0.868 | Acc=0.865 | P=0.881 | R=0.863
action     | F1=0.643 | Acc=0.877 | P=0.668 | R=0.633
------------------------------------------------------------
✅ Overall Avg | F1=0.806 | Acc=0.898 | P=0.815 | R=0.805

✅ Epoch 43 | Loss=0.1242 | F1(avg)=0.806 | Sent=0.936 | Urg=0.779 | Top=0.868 | Act=0.643
bert_base_lr2e-5_uf2 Epoch 44/50: 100%|█████████████████████████████████████████| 20/20 [00:02<00:00,  8.55it/s]

📊 Validation Results (Per Task)
------------------------------------------------------------
sentiment  | F1=0.943 | Acc=0.955 | P=0.947 | R=0.942
urgency    | F1=0.779 | Acc=0.903 | P=0.770 | R=0.789
topic      | F1=0.868 | Acc=0.865 | P=0.881 | R=0.863
action     | F1=0.643 | Acc=0.877 | P=0.668 | R=0.633
------------------------------------------------------------
✅ Overall Avg | F1=0.808 | Acc=0.900 | P=0.817 | R=0.807

✅ Epoch 44 | Loss=0.1214 | F1(avg)=0.808 | Sent=0.943 | Urg=0.779 | Top=0.868 | Act=0.643
bert_base_lr2e-5_uf2 Epoch 45/50: 100%|█████████████████████████████████████████| 20/20 [00:02<00:00,  8.56it/s]

📊 Validation Results (Per Task)
------------------------------------------------------------
sentiment  | F1=0.943 | Acc=0.955 | P=0.947 | R=0.942
urgency    | F1=0.789 | Acc=0.910 | P=0.786 | R=0.793
topic      | F1=0.868 | Acc=0.865 | P=0.881 | R=0.863
action     | F1=0.643 | Acc=0.877 | P=0.668 | R=0.633
------------------------------------------------------------
✅ Overall Avg | F1=0.811 | Acc=0.902 | P=0.820 | R=0.808

✅ Epoch 45 | Loss=0.1191 | F1(avg)=0.811 | Sent=0.943 | Urg=0.789 | Top=0.868 | Act=0.643
bert_base_lr2e-5_uf2 Epoch 46/50: 100%|█████████████████████████████████████████| 20/20 [00:02<00:00,  8.55it/s]

📊 Validation Results (Per Task)
------------------------------------------------------------
sentiment  | F1=0.943 | Acc=0.955 | P=0.947 | R=0.942
urgency    | F1=0.789 | Acc=0.910 | P=0.786 | R=0.793
topic      | F1=0.875 | Acc=0.871 | P=0.886 | R=0.871
action     | F1=0.605 | Acc=0.871 | P=0.634 | R=0.600
------------------------------------------------------------
✅ Overall Avg | F1=0.803 | Acc=0.902 | P=0.813 | R=0.802

✅ Epoch 46 | Loss=0.1216 | F1(avg)=0.803 | Sent=0.943 | Urg=0.789 | Top=0.875 | Act=0.605
bert_base_lr2e-5_uf2 Epoch 47/50: 100%|█████████████████████████████████████████| 20/20 [00:02<00:00,  8.56it/s]

📊 Validation Results (Per Task)
------------------------------------------------------------
sentiment  | F1=0.943 | Acc=0.955 | P=0.947 | R=0.942
urgency    | F1=0.779 | Acc=0.903 | P=0.770 | R=0.789
topic      | F1=0.875 | Acc=0.871 | P=0.886 | R=0.871
action     | F1=0.643 | Acc=0.877 | P=0.668 | R=0.633
------------------------------------------------------------
✅ Overall Avg | F1=0.810 | Acc=0.902 | P=0.818 | R=0.809

✅ Epoch 47 | Loss=0.1196 | F1(avg)=0.810 | Sent=0.943 | Urg=0.779 | Top=0.875 | Act=0.643
bert_base_lr2e-5_uf2 Epoch 48/50: 100%|█████████████████████████████████████████| 20/20 [00:02<00:00,  8.57it/s]

📊 Validation Results (Per Task)
------------------------------------------------------------
sentiment  | F1=0.943 | Acc=0.955 | P=0.947 | R=0.942
urgency    | F1=0.779 | Acc=0.903 | P=0.770 | R=0.789
topic      | F1=0.875 | Acc=0.871 | P=0.886 | R=0.871
action     | F1=0.605 | Acc=0.871 | P=0.634 | R=0.600
------------------------------------------------------------
✅ Overall Avg | F1=0.800 | Acc=0.900 | P=0.809 | R=0.801

✅ Epoch 48 | Loss=0.1194 | F1(avg)=0.800 | Sent=0.943 | Urg=0.779 | Top=0.875 | Act=0.605
bert_base_lr2e-5_uf2 Epoch 49/50: 100%|█████████████████████████████████████████| 20/20 [00:02<00:00,  8.60it/s]

📊 Validation Results (Per Task)
------------------------------------------------------------
sentiment  | F1=0.943 | Acc=0.955 | P=0.947 | R=0.942
urgency    | F1=0.779 | Acc=0.903 | P=0.770 | R=0.789
topic      | F1=0.875 | Acc=0.871 | P=0.886 | R=0.871
action     | F1=0.605 | Acc=0.871 | P=0.634 | R=0.600
------------------------------------------------------------
✅ Overall Avg | F1=0.800 | Acc=0.900 | P=0.809 | R=0.801

✅ Epoch 49 | Loss=0.1175 | F1(avg)=0.800 | Sent=0.943 | Urg=0.779 | Top=0.875 | Act=0.605
bert_base_lr2e-5_uf2 Epoch 50/50: 100%|█████████████████████████████████████████| 20/20 [00:02<00:00,  8.21it/s]

📊 Validation Results (Per Task)
------------------------------------------------------------
sentiment  | F1=0.943 | Acc=0.955 | P=0.947 | R=0.942
urgency    | F1=0.779 | Acc=0.903 | P=0.770 | R=0.789
topic      | F1=0.875 | Acc=0.871 | P=0.886 | R=0.871
action     | F1=0.605 | Acc=0.871 | P=0.634 | R=0.600
------------------------------------------------------------
✅ Overall Avg | F1=0.800 | Acc=0.900 | P=0.809 | R=0.801

✅ Epoch 50 | Loss=0.1180 | F1(avg)=0.800 | Sent=0.943 | Urg=0.779 | Top=0.875 | Act=0.605
