bert_small_lr3e-5_uf2 Epoch 1/50: 100%|█| 39/39 [00:00<

📊 Validation Results (Per Task)
------------------------------------------------------------
sentiment  | F1=0.454 | Acc=0.581 | P=0.697 | R=0.480
urgency    | F1=0.437 | Acc=0.684 | P=0.456 | R=0.450
topic      | F1=0.290 | Acc=0.413 | P=0.387 | R=0.322
action     | F1=0.180 | Acc=0.542 | P=0.175 | R=0.210
------------------------------------------------------------
✅ Overall Avg | F1=0.340 | Acc=0.555 | P=0.429 | R=0.365

✅ Epoch 1 | Loss=1.3786 | F1(avg)=0.340 | Sent=0.454 | Urg=0.437 | Top=0.290 | Act=0.180
bert_small_lr3e-5_uf2 Epoch 2/50: 100%|█| 39/39 [00:00<

📊 Validation Results (Per Task)
------------------------------------------------------------
sentiment  | F1=0.683 | Acc=0.729 | P=0.798 | R=0.667
urgency    | F1=0.561 | Acc=0.755 | P=0.663 | R=0.549
topic      | F1=0.548 | Acc=0.639 | P=0.550 | R=0.564
action     | F1=0.285 | Acc=0.632 | P=0.335 | R=0.316
------------------------------------------------------------
✅ Overall Avg | F1=0.519 | Acc=0.689 | P=0.587 | R=0.524

✅ Epoch 2 | Loss=1.1168 | F1(avg)=0.519 | Sent=0.683 | Urg=0.561 | Top=0.548 | Act=0.285
bert_small_lr3e-5_uf2 Epoch 3/50: 100%|█| 39/39 [00:00<

📊 Validation Results (Per Task)
------------------------------------------------------------
sentiment  | F1=0.784 | Acc=0.806 | P=0.792 | R=0.778
urgency    | F1=0.530 | Acc=0.787 | P=0.513 | R=0.547
topic      | F1=0.596 | Acc=0.652 | P=0.732 | R=0.603
action     | F1=0.331 | Acc=0.684 | P=0.507 | R=0.353
------------------------------------------------------------
✅ Overall Avg | F1=0.560 | Acc=0.732 | P=0.636 | R=0.570

✅ Epoch 3 | Loss=0.8822 | F1(avg)=0.560 | Sent=0.784 | Urg=0.530 | Top=0.596 | Act=0.331
bert_small_lr3e-5_uf2 Epoch 4/50: 100%|█| 39/39 [00:00<

📊 Validation Results (Per Task)
------------------------------------------------------------
sentiment  | F1=0.824 | Acc=0.839 | P=0.832 | R=0.818
urgency    | F1=0.674 | Acc=0.806 | P=0.736 | R=0.647
topic      | F1=0.702 | Acc=0.748 | P=0.753 | R=0.697
action     | F1=0.365 | Acc=0.710 | P=0.501 | R=0.379
------------------------------------------------------------
✅ Overall Avg | F1=0.641 | Acc=0.776 | P=0.706 | R=0.636

✅ Epoch 4 | Loss=0.7012 | F1(avg)=0.641 | Sent=0.824 | Urg=0.674 | Top=0.702 | Act=0.365
bert_small_lr3e-5_uf2 Epoch 5/50: 100%|█| 39/39 [00:00<

📊 Validation Results (Per Task)
------------------------------------------------------------
sentiment  | F1=0.847 | Acc=0.858 | P=0.872 | R=0.835
urgency    | F1=0.618 | Acc=0.826 | P=0.874 | R=0.608
topic      | F1=0.713 | Acc=0.748 | P=0.760 | R=0.708
action     | F1=0.430 | Acc=0.748 | P=0.532 | R=0.431
------------------------------------------------------------
✅ Overall Avg | F1=0.652 | Acc=0.795 | P=0.760 | R=0.645

✅ Epoch 5 | Loss=0.5781 | F1(avg)=0.652 | Sent=0.847 | Urg=0.618 | Top=0.713 | Act=0.430
bert_small_lr3e-5_uf2 Epoch 6/50: 100%|█| 39/39 [00:00<

📊 Validation Results (Per Task)
------------------------------------------------------------
sentiment  | F1=0.868 | Acc=0.877 | P=0.876 | R=0.862
urgency    | F1=0.691 | Acc=0.858 | P=0.896 | R=0.665
topic      | F1=0.736 | Acc=0.761 | P=0.813 | R=0.724
action     | F1=0.427 | Acc=0.748 | P=0.524 | R=0.427
------------------------------------------------------------
✅ Overall Avg | F1=0.681 | Acc=0.811 | P=0.778 | R=0.670

✅ Epoch 6 | Loss=0.4876 | F1(avg)=0.681 | Sent=0.868 | Urg=0.691 | Top=0.736 | Act=0.427
bert_small_lr3e-5_uf2 Epoch 7/50: 100%|█| 39/39 [00:00<

📊 Validation Results (Per Task)
------------------------------------------------------------
sentiment  | F1=0.867 | Acc=0.877 | P=0.875 | R=0.862
urgency    | F1=0.697 | Acc=0.839 | P=0.694 | R=0.702
topic      | F1=0.786 | Acc=0.794 | P=0.805 | R=0.782
action     | F1=0.609 | Acc=0.774 | P=0.672 | R=0.613
------------------------------------------------------------
✅ Overall Avg | F1=0.740 | Acc=0.821 | P=0.761 | R=0.740

✅ Epoch 7 | Loss=0.4186 | F1(avg)=0.740 | Sent=0.867 | Urg=0.697 | Top=0.786 | Act=0.609
bert_small_lr3e-5_uf2 Epoch 8/50: 100%|█| 39/39 [00:00<

📊 Validation Results (Per Task)
------------------------------------------------------------
sentiment  | F1=0.887 | Acc=0.890 | P=0.891 | R=0.883
urgency    | F1=0.704 | Acc=0.852 | P=0.736 | R=0.689
topic      | F1=0.801 | Acc=0.806 | P=0.825 | R=0.798
action     | F1=0.625 | Acc=0.781 | P=0.680 | R=0.628
------------------------------------------------------------
✅ Overall Avg | F1=0.754 | Acc=0.832 | P=0.783 | R=0.749

✅ Epoch 8 | Loss=0.3728 | F1(avg)=0.754 | Sent=0.887 | Urg=0.704 | Top=0.801 | Act=0.625
bert_small_lr3e-5_uf2 Epoch 9/50: 100%|█| 39/39 [00:00<

📊 Validation Results (Per Task)
------------------------------------------------------------
sentiment  | F1=0.896 | Acc=0.903 | P=0.894 | R=0.899
urgency    | F1=0.664 | Acc=0.813 | P=0.660 | R=0.681
topic      | F1=0.809 | Acc=0.813 | P=0.834 | R=0.798
action     | F1=0.634 | Acc=0.794 | P=0.669 | R=0.637
------------------------------------------------------------
✅ Overall Avg | F1=0.751 | Acc=0.831 | P=0.764 | R=0.754

✅ Epoch 9 | Loss=0.3231 | F1(avg)=0.751 | Sent=0.896 | Urg=0.664 | Top=0.809 | Act=0.634
bert_small_lr3e-5_uf2 Epoch 10/50: 100%|█| 39/39 [00:00

📊 Validation Results (Per Task)
------------------------------------------------------------
sentiment  | F1=0.905 | Acc=0.910 | P=0.903 | R=0.907
urgency    | F1=0.708 | Acc=0.845 | P=0.711 | R=0.706
topic      | F1=0.826 | Acc=0.832 | P=0.844 | R=0.817
action     | F1=0.676 | Acc=0.819 | P=0.692 | R=0.674
------------------------------------------------------------
✅ Overall Avg | F1=0.779 | Acc=0.852 | P=0.787 | R=0.776

✅ Epoch 10 | Loss=0.2975 | F1(avg)=0.779 | Sent=0.905 | Urg=0.708 | Top=0.826 | Act=0.676
bert_small_lr3e-5_uf2 Epoch 11/50: 100%|█| 39/39 [00:00

📊 Validation Results (Per Task)
------------------------------------------------------------
sentiment  | F1=0.896 | Acc=0.903 | P=0.896 | R=0.897
urgency    | F1=0.688 | Acc=0.852 | P=0.695 | R=0.682
topic      | F1=0.828 | Acc=0.832 | P=0.842 | R=0.824
action     | F1=0.606 | Acc=0.774 | P=0.638 | R=0.609
------------------------------------------------------------
✅ Overall Avg | F1=0.754 | Acc=0.840 | P=0.768 | R=0.753

✅ Epoch 11 | Loss=0.2731 | F1(avg)=0.754 | Sent=0.896 | Urg=0.688 | Top=0.828 | Act=0.606
bert_small_lr3e-5_uf2 Epoch 12/50: 100%|█| 39/39 [00:00

📊 Validation Results (Per Task)
------------------------------------------------------------
sentiment  | F1=0.918 | Acc=0.923 | P=0.917 | R=0.920
urgency    | F1=0.690 | Acc=0.852 | P=0.692 | R=0.689
topic      | F1=0.845 | Acc=0.845 | P=0.860 | R=0.843
action     | F1=0.711 | Acc=0.813 | P=0.831 | R=0.691
------------------------------------------------------------
✅ Overall Avg | F1=0.791 | Acc=0.858 | P=0.825 | R=0.786

✅ Epoch 12 | Loss=0.2403 | F1(avg)=0.791 | Sent=0.918 | Urg=0.690 | Top=0.845 | Act=0.711
bert_small_lr3e-5_uf2 Epoch 13/50: 100%|█| 39/39 [00:00

📊 Validation Results (Per Task)
------------------------------------------------------------
sentiment  | F1=0.926 | Acc=0.929 | P=0.928 | R=0.925
urgency    | F1=0.680 | Acc=0.832 | P=0.674 | R=0.701
topic      | F1=0.838 | Acc=0.845 | P=0.854 | R=0.831
action     | F1=0.762 | Acc=0.819 | P=0.839 | R=0.737
------------------------------------------------------------
✅ Overall Avg | F1=0.801 | Acc=0.856 | P=0.823 | R=0.798

✅ Epoch 13 | Loss=0.2249 | F1(avg)=0.801 | Sent=0.926 | Urg=0.680 | Top=0.838 | Act=0.762
bert_small_lr3e-5_uf2 Epoch 14/50: 100%|█| 39/39 [00:00

📊 Validation Results (Per Task)
------------------------------------------------------------
sentiment  | F1=0.883 | Acc=0.890 | P=0.883 | R=0.883
urgency    | F1=0.645 | Acc=0.839 | P=0.648 | R=0.643
topic      | F1=0.852 | Acc=0.852 | P=0.859 | R=0.853
action     | F1=0.716 | Acc=0.806 | P=0.841 | R=0.696
------------------------------------------------------------
✅ Overall Avg | F1=0.774 | Acc=0.847 | P=0.808 | R=0.769

✅ Epoch 14 | Loss=0.2047 | F1(avg)=0.774 | Sent=0.883 | Urg=0.645 | Top=0.852 | Act=0.716
bert_small_lr3e-5_uf2 Epoch 15/50: 100%|█| 39/39 [00:00

📊 Validation Results (Per Task)
------------------------------------------------------------
sentiment  | F1=0.905 | Acc=0.910 | P=0.903 | R=0.907
urgency    | F1=0.678 | Acc=0.832 | P=0.675 | R=0.692
topic      | F1=0.828 | Acc=0.832 | P=0.835 | R=0.823
action     | F1=0.714 | Acc=0.806 | P=0.836 | R=0.696
------------------------------------------------------------
✅ Overall Avg | F1=0.781 | Acc=0.845 | P=0.812 | R=0.779

✅ Epoch 15 | Loss=0.1920 | F1(avg)=0.781 | Sent=0.905 | Urg=0.678 | Top=0.828 | Act=0.714
bert_small_lr3e-5_uf2 Epoch 16/50: 100%|█| 39/39 [00:00

📊 Validation Results (Per Task)
------------------------------------------------------------
sentiment  | F1=0.913 | Acc=0.916 | P=0.910 | R=0.916
urgency    | F1=0.672 | Acc=0.826 | P=0.671 | R=0.686
topic      | F1=0.835 | Acc=0.832 | P=0.850 | R=0.837
action     | F1=0.694 | Acc=0.794 | P=0.816 | R=0.675
------------------------------------------------------------
✅ Overall Avg | F1=0.778 | Acc=0.842 | P=0.812 | R=0.778

✅ Epoch 16 | Loss=0.1790 | F1(avg)=0.778 | Sent=0.913 | Urg=0.672 | Top=0.835 | Act=0.694
bert_small_lr3e-5_uf2 Epoch 17/50: 100%|█| 39/39 [00:00

📊 Validation Results (Per Task)
------------------------------------------------------------
sentiment  | F1=0.913 | Acc=0.916 | P=0.910 | R=0.916
urgency    | F1=0.665 | Acc=0.839 | P=0.663 | R=0.673
topic      | F1=0.833 | Acc=0.832 | P=0.842 | R=0.830
action     | F1=0.742 | Acc=0.806 | P=0.821 | R=0.719
------------------------------------------------------------
✅ Overall Avg | F1=0.788 | Acc=0.848 | P=0.809 | R=0.784

✅ Epoch 17 | Loss=0.1644 | F1(avg)=0.788 | Sent=0.913 | Urg=0.665 | Top=0.833 | Act=0.742
bert_small_lr3e-5_uf2 Epoch 18/50: 100%|█| 39/39 [00:00

📊 Validation Results (Per Task)
------------------------------------------------------------
sentiment  | F1=0.905 | Acc=0.910 | P=0.903 | R=0.907
urgency    | F1=0.643 | Acc=0.800 | P=0.646 | R=0.664
topic      | F1=0.842 | Acc=0.845 | P=0.854 | R=0.836
action     | F1=0.712 | Acc=0.806 | P=0.831 | R=0.696
------------------------------------------------------------
✅ Overall Avg | F1=0.775 | Acc=0.840 | P=0.808 | R=0.776

✅ Epoch 18 | Loss=0.1591 | F1(avg)=0.775 | Sent=0.905 | Urg=0.643 | Top=0.842 | Act=0.712
bert_small_lr3e-5_uf2 Epoch 19/50: 100%|█| 39/39 [00:00

📊 Validation Results (Per Task)
------------------------------------------------------------
sentiment  | F1=0.907 | Acc=0.910 | P=0.903 | R=0.911
urgency    | F1=0.657 | Acc=0.813 | P=0.656 | R=0.679
topic      | F1=0.837 | Acc=0.839 | P=0.844 | R=0.835
action     | F1=0.760 | Acc=0.813 | P=0.833 | R=0.738
------------------------------------------------------------
✅ Overall Avg | F1=0.790 | Acc=0.844 | P=0.809 | R=0.791

✅ Epoch 19 | Loss=0.1483 | F1(avg)=0.790 | Sent=0.907 | Urg=0.657 | Top=0.837 | Act=0.760
bert_small_lr3e-5_uf2 Epoch 20/50: 100%|█| 39/39 [00:00

📊 Validation Results (Per Task)
------------------------------------------------------------
sentiment  | F1=0.913 | Acc=0.916 | P=0.910 | R=0.916
urgency    | F1=0.671 | Acc=0.845 | P=0.668 | R=0.677
topic      | F1=0.833 | Acc=0.832 | P=0.842 | R=0.830
action     | F1=0.759 | Acc=0.813 | P=0.835 | R=0.734
------------------------------------------------------------
✅ Overall Avg | F1=0.794 | Acc=0.852 | P=0.814 | R=0.789

✅ Epoch 20 | Loss=0.1393 | F1(avg)=0.794 | Sent=0.913 | Urg=0.671 | Top=0.833 | Act=0.759
bert_small_lr3e-5_uf2 Epoch 21/50: 100%|█| 39/39 [00:00

📊 Validation Results (Per Task)
------------------------------------------------------------
sentiment  | F1=0.882 | Acc=0.890 | P=0.887 | R=0.879
urgency    | F1=0.661 | Acc=0.832 | P=0.657 | R=0.671
topic      | F1=0.824 | Acc=0.826 | P=0.831 | R=0.823
action     | F1=0.769 | Acc=0.826 | P=0.837 | R=0.751
------------------------------------------------------------
✅ Overall Avg | F1=0.784 | Acc=0.844 | P=0.803 | R=0.781

✅ Epoch 21 | Loss=0.1275 | F1(avg)=0.784 | Sent=0.882 | Urg=0.661 | Top=0.824 | Act=0.769
bert_small_lr3e-5_uf2 Epoch 22/50: 100%|█| 39/39 [00:00

📊 Validation Results (Per Task)
------------------------------------------------------------
sentiment  | F1=0.920 | Acc=0.923 | P=0.921 | R=0.920
urgency    | F1=0.671 | Acc=0.826 | P=0.667 | R=0.690
topic      | F1=0.842 | Acc=0.839 | P=0.847 | R=0.844
action     | F1=0.769 | Acc=0.826 | P=0.837 | R=0.751
------------------------------------------------------------
✅ Overall Avg | F1=0.801 | Acc=0.853 | P=0.818 | R=0.801

✅ Epoch 22 | Loss=0.1229 | F1(avg)=0.801 | Sent=0.920 | Urg=0.671 | Top=0.842 | Act=0.769
bert_small_lr3e-5_uf2 Epoch 23/50: 100%|█| 39/39 [00:00

📊 Validation Results (Per Task)
------------------------------------------------------------
sentiment  | F1=0.907 | Acc=0.910 | P=0.903 | R=0.911
urgency    | F1=0.679 | Acc=0.832 | P=0.673 | R=0.696
topic      | F1=0.838 | Acc=0.839 | P=0.843 | R=0.837
action     | F1=0.766 | Acc=0.819 | P=0.837 | R=0.744
------------------------------------------------------------
✅ Overall Avg | F1=0.797 | Acc=0.850 | P=0.814 | R=0.797

✅ Epoch 23 | Loss=0.1184 | F1(avg)=0.797 | Sent=0.907 | Urg=0.679 | Top=0.838 | Act=0.766
bert_small_lr3e-5_uf2 Epoch 24/50: 100%|█| 39/39 [00:00

📊 Validation Results (Per Task)
------------------------------------------------------------
sentiment  | F1=0.920 | Acc=0.923 | P=0.921 | R=0.920
urgency    | F1=0.669 | Acc=0.839 | P=0.665 | R=0.675
topic      | F1=0.838 | Acc=0.839 | P=0.843 | R=0.837
action     | F1=0.772 | Acc=0.826 | P=0.841 | R=0.751
------------------------------------------------------------
✅ Overall Avg | F1=0.800 | Acc=0.856 | P=0.818 | R=0.796

✅ Epoch 24 | Loss=0.1153 | F1(avg)=0.800 | Sent=0.920 | Urg=0.669 | Top=0.838 | Act=0.772
bert_small_lr3e-5_uf2 Epoch 25/50: 100%|█| 39/39 [00:00

📊 Validation Results (Per Task)
------------------------------------------------------------
sentiment  | F1=0.907 | Acc=0.910 | P=0.907 | R=0.907
urgency    | F1=0.673 | Acc=0.845 | P=0.669 | R=0.681
topic      | F1=0.830 | Acc=0.832 | P=0.838 | R=0.830
action     | F1=0.769 | Acc=0.826 | P=0.837 | R=0.751
------------------------------------------------------------
✅ Overall Avg | F1=0.795 | Acc=0.853 | P=0.812 | R=0.792

✅ Epoch 25 | Loss=0.1107 | F1(avg)=0.795 | Sent=0.907 | Urg=0.673 | Top=0.830 | Act=0.769
bert_small_lr3e-5_uf2 Epoch 26/50: 100%|█| 39/39 [00:00

📊 Validation Results (Per Task)
------------------------------------------------------------
sentiment  | F1=0.913 | Acc=0.916 | P=0.910 | R=0.916
urgency    | F1=0.657 | Acc=0.813 | P=0.656 | R=0.679
topic      | F1=0.848 | Acc=0.845 | P=0.849 | R=0.851
action     | F1=0.766 | Acc=0.826 | P=0.837 | R=0.746
------------------------------------------------------------
✅ Overall Avg | F1=0.796 | Acc=0.850 | P=0.813 | R=0.798

✅ Epoch 26 | Loss=0.1020 | F1(avg)=0.796 | Sent=0.913 | Urg=0.657 | Top=0.848 | Act=0.766
bert_small_lr3e-5_uf2 Epoch 27/50: 100%|█| 39/39 [00:00

📊 Validation Results (Per Task)
------------------------------------------------------------
sentiment  | F1=0.915 | Acc=0.916 | P=0.914 | R=0.916
urgency    | F1=0.650 | Acc=0.806 | P=0.653 | R=0.675
topic      | F1=0.841 | Acc=0.839 | P=0.844 | R=0.844
action     | F1=0.769 | Acc=0.826 | P=0.837 | R=0.751
------------------------------------------------------------
✅ Overall Avg | F1=0.794 | Acc=0.847 | P=0.812 | R=0.796

✅ Epoch 27 | Loss=0.1005 | F1(avg)=0.794 | Sent=0.915 | Urg=0.650 | Top=0.841 | Act=0.769
bert_small_lr3e-5_uf2 Epoch 28/50: 100%|█| 39/39 [00:00

📊 Validation Results (Per Task)
------------------------------------------------------------
sentiment  | F1=0.913 | Acc=0.916 | P=0.910 | R=0.916
urgency    | F1=0.661 | Acc=0.832 | P=0.657 | R=0.669
topic      | F1=0.848 | Acc=0.845 | P=0.857 | R=0.850
action     | F1=0.772 | Acc=0.826 | P=0.841 | R=0.751
------------------------------------------------------------
✅ Overall Avg | F1=0.798 | Acc=0.855 | P=0.816 | R=0.796

✅ Epoch 28 | Loss=0.0925 | F1(avg)=0.798 | Sent=0.913 | Urg=0.661 | Top=0.848 | Act=0.772
bert_small_lr3e-5_uf2 Epoch 29/50: 100%|█| 39/39 [00:00

📊 Validation Results (Per Task)
------------------------------------------------------------
sentiment  | F1=0.915 | Acc=0.916 | P=0.914 | R=0.916
urgency    | F1=0.671 | Acc=0.826 | P=0.667 | R=0.690
topic      | F1=0.844 | Acc=0.845 | P=0.852 | R=0.840
action     | F1=0.769 | Acc=0.826 | P=0.837 | R=0.751
------------------------------------------------------------
✅ Overall Avg | F1=0.800 | Acc=0.853 | P=0.817 | R=0.799

✅ Epoch 29 | Loss=0.0908 | F1(avg)=0.800 | Sent=0.915 | Urg=0.671 | Top=0.844 | Act=0.769
bert_small_lr3e-5_uf2 Epoch 30/50: 100%|█| 39/39 [00:00

📊 Validation Results (Per Task)
------------------------------------------------------------
sentiment  | F1=0.913 | Acc=0.916 | P=0.910 | R=0.916
urgency    | F1=0.647 | Acc=0.819 | P=0.646 | R=0.657
topic      | F1=0.848 | Acc=0.845 | P=0.851 | R=0.851
action     | F1=0.772 | Acc=0.826 | P=0.841 | R=0.751
------------------------------------------------------------
✅ Overall Avg | F1=0.795 | Acc=0.852 | P=0.812 | R=0.794

✅ Epoch 30 | Loss=0.0896 | F1(avg)=0.795 | Sent=0.913 | Urg=0.647 | Top=0.848 | Act=0.772
bert_small_lr3e-5_uf2 Epoch 31/50: 100%|█| 39/39 [00:00

📊 Validation Results (Per Task)
------------------------------------------------------------
sentiment  | F1=0.913 | Acc=0.916 | P=0.916 | R=0.911
urgency    | F1=0.641 | Acc=0.813 | P=0.642 | R=0.653
topic      | F1=0.843 | Acc=0.845 | P=0.851 | R=0.840
action     | F1=0.806 | Acc=0.839 | P=0.847 | R=0.790
------------------------------------------------------------
✅ Overall Avg | F1=0.801 | Acc=0.853 | P=0.814 | R=0.799

✅ Epoch 31 | Loss=0.0892 | F1(avg)=0.801 | Sent=0.913 | Urg=0.641 | Top=0.843 | Act=0.806
bert_small_lr3e-5_uf2 Epoch 32/50: 100%|█| 39/39 [00:00

📊 Validation Results (Per Task)
------------------------------------------------------------
sentiment  | F1=0.913 | Acc=0.916 | P=0.910 | R=0.916
urgency    | F1=0.640 | Acc=0.813 | P=0.641 | R=0.651
topic      | F1=0.848 | Acc=0.845 | P=0.851 | R=0.851
action     | F1=0.772 | Acc=0.826 | P=0.841 | R=0.751
------------------------------------------------------------
✅ Overall Avg | F1=0.793 | Acc=0.850 | P=0.811 | R=0.792

✅ Epoch 32 | Loss=0.0862 | F1(avg)=0.793 | Sent=0.913 | Urg=0.640 | Top=0.848 | Act=0.772
bert_small_lr3e-5_uf2 Epoch 33/50: 100%|█| 39/39 [00:00

📊 Validation Results (Per Task)
------------------------------------------------------------
sentiment  | F1=0.913 | Acc=0.916 | P=0.910 | R=0.916
urgency    | F1=0.647 | Acc=0.819 | P=0.646 | R=0.657
topic      | F1=0.868 | Acc=0.865 | P=0.876 | R=0.869
action     | F1=0.769 | Acc=0.826 | P=0.837 | R=0.751
------------------------------------------------------------
✅ Overall Avg | F1=0.799 | Acc=0.856 | P=0.817 | R=0.798

✅ Epoch 33 | Loss=0.0829 | F1(avg)=0.799 | Sent=0.913 | Urg=0.647 | Top=0.868 | Act=0.769
bert_small_lr3e-5_uf2 Epoch 34/50: 100%|█| 39/39 [00:00

📊 Validation Results (Per Task)
------------------------------------------------------------
sentiment  | F1=0.905 | Acc=0.910 | P=0.905 | R=0.907
urgency    | F1=0.679 | Acc=0.832 | P=0.673 | R=0.696
topic      | F1=0.857 | Acc=0.852 | P=0.862 | R=0.859
action     | F1=0.800 | Acc=0.832 | P=0.839 | R=0.784
------------------------------------------------------------
✅ Overall Avg | F1=0.810 | Acc=0.856 | P=0.820 | R=0.811

✅ Epoch 34 | Loss=0.0815 | F1(avg)=0.810 | Sent=0.905 | Urg=0.679 | Top=0.857 | Act=0.800
bert_small_lr3e-5_uf2 Epoch 35/50: 100%|█| 39/39 [00:00

📊 Validation Results (Per Task)
------------------------------------------------------------
sentiment  | F1=0.900 | Acc=0.903 | P=0.898 | R=0.902
urgency    | F1=0.655 | Acc=0.826 | P=0.651 | R=0.663
topic      | F1=0.862 | Acc=0.858 | P=0.867 | R=0.862
action     | F1=0.769 | Acc=0.826 | P=0.837 | R=0.751
------------------------------------------------------------
✅ Overall Avg | F1=0.796 | Acc=0.853 | P=0.813 | R=0.795

✅ Epoch 35 | Loss=0.0781 | F1(avg)=0.796 | Sent=0.900 | Urg=0.655 | Top=0.862 | Act=0.769
bert_small_lr3e-5_uf2 Epoch 36/50: 100%|█| 39/39 [00:00

📊 Validation Results (Per Task)
------------------------------------------------------------
sentiment  | F1=0.917 | Acc=0.923 | P=0.919 | R=0.916
urgency    | F1=0.655 | Acc=0.826 | P=0.651 | R=0.663
topic      | F1=0.862 | Acc=0.858 | P=0.872 | R=0.862
action     | F1=0.824 | Acc=0.839 | P=0.841 | R=0.818
------------------------------------------------------------
✅ Overall Avg | F1=0.814 | Acc=0.861 | P=0.821 | R=0.815

✅ Epoch 36 | Loss=0.0757 | F1(avg)=0.814 | Sent=0.917 | Urg=0.655 | Top=0.862 | Act=0.824
bert_small_lr3e-5_uf2 Epoch 37/50: 100%|█| 39/39 [00:00

📊 Validation Results (Per Task)
------------------------------------------------------------
sentiment  | F1=0.907 | Acc=0.910 | P=0.903 | R=0.911
urgency    | F1=0.644 | Acc=0.800 | P=0.647 | R=0.667
topic      | F1=0.857 | Acc=0.852 | P=0.862 | R=0.859
action     | F1=0.772 | Acc=0.826 | P=0.841 | R=0.751
------------------------------------------------------------
✅ Overall Avg | F1=0.795 | Acc=0.847 | P=0.813 | R=0.797

✅ Epoch 37 | Loss=0.0714 | F1(avg)=0.795 | Sent=0.907 | Urg=0.644 | Top=0.857 | Act=0.772
bert_small_lr3e-5_uf2 Epoch 38/50: 100%|█| 39/39 [00:00

📊 Validation Results (Per Task)
------------------------------------------------------------
sentiment  | F1=0.911 | Acc=0.916 | P=0.912 | R=0.911
urgency    | F1=0.647 | Acc=0.819 | P=0.645 | R=0.657
topic      | F1=0.837 | Acc=0.839 | P=0.843 | R=0.837
action     | F1=0.824 | Acc=0.839 | P=0.841 | R=0.818
------------------------------------------------------------
✅ Overall Avg | F1=0.805 | Acc=0.853 | P=0.810 | R=0.806

✅ Epoch 38 | Loss=0.0679 | F1(avg)=0.805 | Sent=0.911 | Urg=0.647 | Top=0.837 | Act=0.824
bert_small_lr3e-5_uf2 Epoch 39/50: 100%|█| 39/39 [00:00

📊 Validation Results (Per Task)
------------------------------------------------------------
sentiment  | F1=0.907 | Acc=0.910 | P=0.903 | R=0.911
urgency    | F1=0.672 | Acc=0.826 | P=0.667 | R=0.690
topic      | F1=0.845 | Acc=0.845 | P=0.853 | R=0.844
action     | F1=0.763 | Acc=0.819 | P=0.833 | R=0.744
------------------------------------------------------------
✅ Overall Avg | F1=0.797 | Acc=0.850 | P=0.814 | R=0.798

✅ Epoch 39 | Loss=0.0681 | F1(avg)=0.797 | Sent=0.907 | Urg=0.672 | Top=0.845 | Act=0.763
bert_small_lr3e-5_uf2 Epoch 40/50: 100%|█| 39/39 [00:00

📊 Validation Results (Per Task)
------------------------------------------------------------
sentiment  | F1=0.918 | Acc=0.923 | P=0.917 | R=0.920
urgency    | F1=0.665 | Acc=0.819 | P=0.661 | R=0.684
topic      | F1=0.857 | Acc=0.852 | P=0.862 | R=0.859
action     | F1=0.769 | Acc=0.826 | P=0.837 | R=0.751
------------------------------------------------------------
✅ Overall Avg | F1=0.802 | Acc=0.855 | P=0.819 | R=0.804

✅ Epoch 40 | Loss=0.0695 | F1(avg)=0.802 | Sent=0.918 | Urg=0.665 | Top=0.857 | Act=0.769
bert_small_lr3e-5_uf2 Epoch 41/50: 100%|█| 39/39 [00:00

📊 Validation Results (Per Task)
------------------------------------------------------------
sentiment  | F1=0.900 | Acc=0.903 | P=0.898 | R=0.902
urgency    | F1=0.643 | Acc=0.800 | P=0.647 | R=0.667
topic      | F1=0.862 | Acc=0.858 | P=0.867 | R=0.862
action     | F1=0.763 | Acc=0.819 | P=0.833 | R=0.744
------------------------------------------------------------
✅ Overall Avg | F1=0.792 | Acc=0.845 | P=0.811 | R=0.794

✅ Epoch 41 | Loss=0.0699 | F1(avg)=0.792 | Sent=0.900 | Urg=0.643 | Top=0.862 | Act=0.763
bert_small_lr3e-5_uf2 Epoch 42/50: 100%|█| 39/39 [00:00

📊 Validation Results (Per Task)
------------------------------------------------------------
sentiment  | F1=0.907 | Acc=0.910 | P=0.903 | R=0.911
urgency    | F1=0.634 | Acc=0.794 | P=0.644 | R=0.658
topic      | F1=0.857 | Acc=0.852 | P=0.862 | R=0.859
action     | F1=0.763 | Acc=0.819 | P=0.833 | R=0.744
------------------------------------------------------------
✅ Overall Avg | F1=0.790 | Acc=0.844 | P=0.811 | R=0.793

✅ Epoch 42 | Loss=0.0688 | F1(avg)=0.790 | Sent=0.907 | Urg=0.634 | Top=0.857 | Act=0.763
bert_small_lr3e-5_uf2 Epoch 43/50: 100%|█| 39/39 [00:00

📊 Validation Results (Per Task)
------------------------------------------------------------
sentiment  | F1=0.911 | Acc=0.916 | P=0.912 | R=0.911
urgency    | F1=0.671 | Acc=0.826 | P=0.667 | R=0.690
topic      | F1=0.857 | Acc=0.852 | P=0.862 | R=0.859
action     | F1=0.824 | Acc=0.839 | P=0.841 | R=0.818
------------------------------------------------------------
✅ Overall Avg | F1=0.816 | Acc=0.858 | P=0.820 | R=0.819

✅ Epoch 43 | Loss=0.0668 | F1(avg)=0.816 | Sent=0.911 | Urg=0.671 | Top=0.857 | Act=0.824
bert_small_lr3e-5_uf2 Epoch 44/50: 100%|█| 39/39 [00:00

📊 Validation Results (Per Task)
------------------------------------------------------------
sentiment  | F1=0.907 | Acc=0.910 | P=0.903 | R=0.911
urgency    | F1=0.634 | Acc=0.794 | P=0.644 | R=0.658
topic      | F1=0.862 | Acc=0.858 | P=0.867 | R=0.862
action     | F1=0.763 | Acc=0.819 | P=0.833 | R=0.744
------------------------------------------------------------
✅ Overall Avg | F1=0.792 | Acc=0.845 | P=0.812 | R=0.794

✅ Epoch 44 | Loss=0.0632 | F1(avg)=0.792 | Sent=0.907 | Urg=0.634 | Top=0.862 | Act=0.763
bert_small_lr3e-5_uf2 Epoch 45/50: 100%|█| 39/39 [00:00

📊 Validation Results (Per Task)
------------------------------------------------------------
sentiment  | F1=0.911 | Acc=0.916 | P=0.912 | R=0.911
urgency    | F1=0.657 | Acc=0.813 | P=0.655 | R=0.679
topic      | F1=0.862 | Acc=0.858 | P=0.867 | R=0.862
action     | F1=0.800 | Acc=0.832 | P=0.839 | R=0.784
------------------------------------------------------------
✅ Overall Avg | F1=0.808 | Acc=0.855 | P=0.818 | R=0.809

✅ Epoch 45 | Loss=0.0664 | F1(avg)=0.808 | Sent=0.911 | Urg=0.657 | Top=0.862 | Act=0.800
bert_small_lr3e-5_uf2 Epoch 46/50: 100%|█| 39/39 [00:00

📊 Validation Results (Per Task)
------------------------------------------------------------
sentiment  | F1=0.913 | Acc=0.916 | P=0.910 | R=0.916
urgency    | F1=0.649 | Acc=0.806 | P=0.652 | R=0.673
topic      | F1=0.857 | Acc=0.852 | P=0.862 | R=0.859
action     | F1=0.769 | Acc=0.826 | P=0.837 | R=0.751
------------------------------------------------------------
✅ Overall Avg | F1=0.797 | Acc=0.850 | P=0.815 | R=0.800

✅ Epoch 46 | Loss=0.0641 | F1(avg)=0.797 | Sent=0.913 | Urg=0.649 | Top=0.857 | Act=0.769
bert_small_lr3e-5_uf2 Epoch 47/50: 100%|█| 39/39 [00:00

📊 Validation Results (Per Task)
------------------------------------------------------------
sentiment  | F1=0.913 | Acc=0.916 | P=0.910 | R=0.916
urgency    | F1=0.672 | Acc=0.826 | P=0.667 | R=0.690
topic      | F1=0.857 | Acc=0.852 | P=0.862 | R=0.859
action     | F1=0.769 | Acc=0.826 | P=0.837 | R=0.751
------------------------------------------------------------
✅ Overall Avg | F1=0.803 | Acc=0.855 | P=0.819 | R=0.804

✅ Epoch 47 | Loss=0.0671 | F1(avg)=0.803 | Sent=0.913 | Urg=0.672 | Top=0.857 | Act=0.769
bert_small_lr3e-5_uf2 Epoch 48/50: 100%|█| 39/39 [00:00

📊 Validation Results (Per Task)
------------------------------------------------------------
sentiment  | F1=0.911 | Acc=0.916 | P=0.912 | R=0.911
urgency    | F1=0.672 | Acc=0.826 | P=0.667 | R=0.690
topic      | F1=0.857 | Acc=0.852 | P=0.862 | R=0.859
action     | F1=0.800 | Acc=0.832 | P=0.839 | R=0.784
------------------------------------------------------------
✅ Overall Avg | F1=0.810 | Acc=0.856 | P=0.820 | R=0.811

✅ Epoch 48 | Loss=0.0638 | F1(avg)=0.810 | Sent=0.911 | Urg=0.672 | Top=0.857 | Act=0.800
bert_small_lr3e-5_uf2 Epoch 49/50: 100%|█| 39/39 [00:00

📊 Validation Results (Per Task)
------------------------------------------------------------
sentiment  | F1=0.911 | Acc=0.916 | P=0.912 | R=0.911
urgency    | F1=0.657 | Acc=0.813 | P=0.656 | R=0.679
topic      | F1=0.857 | Acc=0.852 | P=0.862 | R=0.859
action     | F1=0.800 | Acc=0.832 | P=0.839 | R=0.784
------------------------------------------------------------
✅ Overall Avg | F1=0.806 | Acc=0.853 | P=0.817 | R=0.808

✅ Epoch 49 | Loss=0.0624 | F1(avg)=0.806 | Sent=0.911 | Urg=0.657 | Top=0.857 | Act=0.800
bert_small_lr3e-5_uf2 Epoch 50/50: 100%|█| 39/39 [00:00

📊 Validation Results (Per Task)
------------------------------------------------------------
sentiment  | F1=0.911 | Acc=0.916 | P=0.912 | R=0.911
urgency    | F1=0.657 | Acc=0.813 | P=0.656 | R=0.679
topic      | F1=0.857 | Acc=0.852 | P=0.862 | R=0.859
action     | F1=0.800 | Acc=0.832 | P=0.839 | R=0.784
------------------------------------------------------------
✅ Overall Avg | F1=0.806 | Acc=0.853 | P=0.817 | R=0.808

✅ Epoch 50 | Loss=0.0625 | F1(avg)=0.806 | Sent=0.911 | Urg=0.657 | Top=0.857 | Act=0.800
