Use device:cuda
distilbase_lr2e-5_uf2 Epoch 1/50: 100%|█████████████████████████████████████████| 20/20 [00:01<00:00, 14.58it/s]

📊 Validation Results (Per Task)
------------------------------------------------------------
sentiment  | F1=0.212 | Acc=0.465 | P=0.156 | R=0.333
urgency    | F1=0.351 | Acc=0.632 | P=0.463 | R=0.389
topic      | F1=0.149 | Acc=0.310 | P=0.358 | R=0.197
action     | F1=0.124 | Acc=0.516 | P=0.142 | R=0.171
------------------------------------------------------------
✅ Overall Avg | F1=0.209 | Acc=0.481 | P=0.280 | R=0.273

✅ Epoch 1 | Loss=1.4175 | F1(avg)=0.209 | Sent=0.212 | Urg=0.351 | Top=0.149 | Act=0.124
distilbase_lr2e-5_uf2 Epoch 2/50: 100%|█████████████████████████████████████████| 20/20 [00:01<00:00, 14.61it/s]

📊 Validation Results (Per Task)
------------------------------------------------------------
sentiment  | F1=0.504 | Acc=0.639 | P=0.783 | R=0.531
urgency    | F1=0.504 | Acc=0.761 | P=0.509 | R=0.515
topic      | F1=0.438 | Acc=0.548 | P=0.589 | R=0.456
action     | F1=0.204 | Acc=0.581 | P=0.363 | R=0.227
------------------------------------------------------------
✅ Overall Avg | F1=0.413 | Acc=0.632 | P=0.561 | R=0.432

✅ Epoch 2 | Loss=1.2192 | F1(avg)=0.413 | Sent=0.504 | Urg=0.504 | Top=0.438 | Act=0.204
distilbase_lr2e-5_uf2 Epoch 3/50: 100%|█████████████████████████████████████████| 20/20 [00:01<00:00, 14.61it/s]

📊 Validation Results (Per Task)
------------------------------------------------------------
sentiment  | F1=0.695 | Acc=0.787 | P=0.792 | R=0.707
urgency    | F1=0.630 | Acc=0.845 | P=0.725 | R=0.626
topic      | F1=0.642 | Acc=0.729 | P=0.658 | R=0.653
action     | F1=0.333 | Acc=0.716 | P=0.388 | R=0.364
------------------------------------------------------------
✅ Overall Avg | F1=0.575 | Acc=0.769 | P=0.641 | R=0.588

✅ Epoch 3 | Loss=0.9899 | F1(avg)=0.575 | Sent=0.695 | Urg=0.630 | Top=0.642 | Act=0.333
distilbase_lr2e-5_uf2 Epoch 4/50: 100%|█████████████████████████████████████████| 20/20 [00:01<00:00, 14.70it/s]

📊 Validation Results (Per Task)
------------------------------------------------------------
sentiment  | F1=0.776 | Acc=0.839 | P=0.875 | R=0.775
urgency    | F1=0.653 | Acc=0.877 | P=0.696 | R=0.656
topic      | F1=0.655 | Acc=0.742 | P=0.661 | R=0.667
action     | F1=0.369 | Acc=0.748 | P=0.383 | R=0.401
------------------------------------------------------------
✅ Overall Avg | F1=0.613 | Acc=0.802 | P=0.654 | R=0.625

✅ Epoch 4 | Loss=0.7862 | F1(avg)=0.613 | Sent=0.776 | Urg=0.653 | Top=0.655 | Act=0.369
distilbase_lr2e-5_uf2 Epoch 5/50: 100%|█████████████████████████████████████████| 20/20 [00:01<00:00, 14.69it/s]

📊 Validation Results (Per Task)
------------------------------------------------------------
sentiment  | F1=0.842 | Acc=0.884 | P=0.905 | R=0.836
urgency    | F1=0.658 | Acc=0.884 | P=0.701 | R=0.662
topic      | F1=0.754 | Acc=0.787 | P=0.840 | R=0.737
action     | F1=0.433 | Acc=0.787 | P=0.470 | R=0.448
------------------------------------------------------------
✅ Overall Avg | F1=0.672 | Acc=0.835 | P=0.729 | R=0.671

✅ Epoch 5 | Loss=0.6392 | F1(avg)=0.672 | Sent=0.842 | Urg=0.658 | Top=0.754 | Act=0.433
distilbase_lr2e-5_uf2 Epoch 6/50: 100%|█████████████████████████████████████████| 20/20 [00:01<00:00, 14.68it/s]

📊 Validation Results (Per Task)
------------------------------------------------------------
sentiment  | F1=0.852 | Acc=0.890 | P=0.909 | R=0.845
urgency    | F1=0.667 | Acc=0.897 | P=0.711 | R=0.674
topic      | F1=0.802 | Acc=0.819 | P=0.860 | R=0.783
action     | F1=0.492 | Acc=0.832 | P=0.492 | R=0.506
------------------------------------------------------------
✅ Overall Avg | F1=0.703 | Acc=0.860 | P=0.743 | R=0.702

✅ Epoch 6 | Loss=0.5228 | F1(avg)=0.703 | Sent=0.852 | Urg=0.667 | Top=0.802 | Act=0.492
distilbase_lr2e-5_uf2 Epoch 7/50: 100%|█████████████████████████████████████████| 20/20 [00:01<00:00, 14.68it/s]

📊 Validation Results (Per Task)
------------------------------------------------------------
sentiment  | F1=0.883 | Acc=0.910 | P=0.913 | R=0.875
urgency    | F1=0.667 | Acc=0.897 | P=0.711 | R=0.674
topic      | F1=0.814 | Acc=0.826 | P=0.862 | R=0.797
action     | F1=0.498 | Acc=0.832 | P=0.499 | R=0.509
------------------------------------------------------------
✅ Overall Avg | F1=0.716 | Acc=0.866 | P=0.746 | R=0.714

✅ Epoch 7 | Loss=0.4552 | F1(avg)=0.716 | Sent=0.883 | Urg=0.667 | Top=0.814 | Act=0.498
distilbase_lr2e-5_uf2 Epoch 8/50: 100%|█████████████████████████████████████████| 20/20 [00:01<00:00, 14.66it/s]

📊 Validation Results (Per Task)
------------------------------------------------------------
sentiment  | F1=0.867 | Acc=0.897 | P=0.887 | R=0.861
urgency    | F1=0.666 | Acc=0.897 | P=0.687 | R=0.674
topic      | F1=0.847 | Acc=0.845 | P=0.876 | R=0.832
action     | F1=0.717 | Acc=0.839 | P=0.828 | R=0.704
------------------------------------------------------------
✅ Overall Avg | F1=0.774 | Acc=0.869 | P=0.820 | R=0.768

✅ Epoch 8 | Loss=0.4031 | F1(avg)=0.774 | Sent=0.867 | Urg=0.666 | Top=0.847 | Act=0.717
distilbase_lr2e-5_uf2 Epoch 9/50: 100%|█████████████████████████████████████████| 20/20 [00:01<00:00, 14.68it/s]

📊 Validation Results (Per Task)
------------------------------------------------------------
sentiment  | F1=0.886 | Acc=0.910 | P=0.900 | R=0.879
urgency    | F1=0.693 | Acc=0.890 | P=0.701 | R=0.695
topic      | F1=0.847 | Acc=0.845 | P=0.876 | R=0.832
action     | F1=0.723 | Acc=0.845 | P=0.832 | R=0.710
------------------------------------------------------------
✅ Overall Avg | F1=0.787 | Acc=0.873 | P=0.827 | R=0.779

✅ Epoch 9 | Loss=0.3607 | F1(avg)=0.787 | Sent=0.886 | Urg=0.693 | Top=0.847 | Act=0.723
distilbase_lr2e-5_uf2 Epoch 10/50: 100%|████████████████████████████████████████| 20/20 [00:01<00:00, 14.65it/s]

📊 Validation Results (Per Task)
------------------------------------------------------------
sentiment  | F1=0.900 | Acc=0.923 | P=0.917 | R=0.893
urgency    | F1=0.684 | Acc=0.884 | P=0.683 | R=0.689
topic      | F1=0.853 | Acc=0.852 | P=0.878 | R=0.840
action     | F1=0.717 | Acc=0.839 | P=0.824 | R=0.704
------------------------------------------------------------
✅ Overall Avg | F1=0.788 | Acc=0.874 | P=0.826 | R=0.782

✅ Epoch 10 | Loss=0.3303 | F1(avg)=0.788 | Sent=0.900 | Urg=0.684 | Top=0.853 | Act=0.717
distilbase_lr2e-5_uf2 Epoch 11/50: 100%|████████████████████████████████████████| 20/20 [00:01<00:00, 14.65it/s]

📊 Validation Results (Per Task)
------------------------------------------------------------
sentiment  | F1=0.908 | Acc=0.929 | P=0.929 | R=0.900
urgency    | F1=0.683 | Acc=0.884 | P=0.680 | R=0.689
topic      | F1=0.856 | Acc=0.852 | P=0.876 | R=0.847
action     | F1=0.717 | Acc=0.839 | P=0.824 | R=0.704
------------------------------------------------------------
✅ Overall Avg | F1=0.791 | Acc=0.876 | P=0.827 | R=0.785

✅ Epoch 11 | Loss=0.3066 | F1(avg)=0.791 | Sent=0.908 | Urg=0.683 | Top=0.856 | Act=0.717
distilbase_lr2e-5_uf2 Epoch 12/50: 100%|████████████████████████████████████████| 20/20 [00:01<00:00, 14.64it/s]

📊 Validation Results (Per Task)
------------------------------------------------------------
sentiment  | F1=0.909 | Acc=0.929 | P=0.917 | R=0.905
urgency    | F1=0.677 | Acc=0.877 | P=0.674 | R=0.683
topic      | F1=0.864 | Acc=0.858 | P=0.882 | R=0.854
action     | F1=0.717 | Acc=0.839 | P=0.755 | R=0.708
------------------------------------------------------------
✅ Overall Avg | F1=0.792 | Acc=0.876 | P=0.807 | R=0.788

✅ Epoch 12 | Loss=0.2748 | F1(avg)=0.792 | Sent=0.909 | Urg=0.677 | Top=0.864 | Act=0.717
distilbase_lr2e-5_uf2 Epoch 13/50: 100%|████████████████████████████████████████| 20/20 [00:01<00:00, 14.64it/s]

📊 Validation Results (Per Task)
------------------------------------------------------------
sentiment  | F1=0.925 | Acc=0.942 | P=0.940 | R=0.919
urgency    | F1=0.684 | Acc=0.884 | P=0.683 | R=0.689
topic      | F1=0.876 | Acc=0.871 | P=0.891 | R=0.869
action     | F1=0.720 | Acc=0.845 | P=0.757 | R=0.711
------------------------------------------------------------
✅ Overall Avg | F1=0.801 | Acc=0.885 | P=0.818 | R=0.797

✅ Epoch 13 | Loss=0.2608 | F1(avg)=0.801 | Sent=0.925 | Urg=0.684 | Top=0.876 | Act=0.720
distilbase_lr2e-5_uf2 Epoch 14/50: 100%|████████████████████████████████████████| 20/20 [00:01<00:00, 14.67it/s]

📊 Validation Results (Per Task)
------------------------------------------------------------
sentiment  | F1=0.925 | Acc=0.942 | P=0.940 | R=0.919
urgency    | F1=0.671 | Acc=0.871 | P=0.668 | R=0.677
topic      | F1=0.864 | Acc=0.858 | P=0.882 | R=0.854
action     | F1=0.719 | Acc=0.839 | P=0.761 | R=0.708
------------------------------------------------------------
✅ Overall Avg | F1=0.795 | Acc=0.877 | P=0.813 | R=0.790

✅ Epoch 14 | Loss=0.2404 | F1(avg)=0.795 | Sent=0.925 | Urg=0.671 | Top=0.864 | Act=0.719
distilbase_lr2e-5_uf2 Epoch 15/50: 100%|████████████████████████████████████████| 20/20 [00:01<00:00, 14.65it/s]

📊 Validation Results (Per Task)
------------------------------------------------------------
sentiment  | F1=0.925 | Acc=0.942 | P=0.940 | R=0.919
urgency    | F1=0.683 | Acc=0.884 | P=0.680 | R=0.689
topic      | F1=0.871 | Acc=0.865 | P=0.887 | R=0.861
action     | F1=0.726 | Acc=0.845 | P=0.765 | R=0.715
------------------------------------------------------------
✅ Overall Avg | F1=0.801 | Acc=0.884 | P=0.818 | R=0.796

✅ Epoch 15 | Loss=0.2245 | F1(avg)=0.801 | Sent=0.925 | Urg=0.683 | Top=0.871 | Act=0.726
distilbase_lr2e-5_uf2 Epoch 16/50: 100%|████████████████████████████████████████| 20/20 [00:01<00:00, 14.74it/s]

📊 Validation Results (Per Task)
------------------------------------------------------------
sentiment  | F1=0.925 | Acc=0.942 | P=0.940 | R=0.919
urgency    | F1=0.683 | Acc=0.884 | P=0.680 | R=0.689
topic      | F1=0.871 | Acc=0.865 | P=0.887 | R=0.861
action     | F1=0.768 | Acc=0.858 | P=0.798 | R=0.755
------------------------------------------------------------
✅ Overall Avg | F1=0.812 | Acc=0.887 | P=0.826 | R=0.806

✅ Epoch 16 | Loss=0.2113 | F1(avg)=0.812 | Sent=0.925 | Urg=0.683 | Top=0.871 | Act=0.768
distilbase_lr2e-5_uf2 Epoch 17/50: 100%|████████████████████████████████████████| 20/20 [00:01<00:00, 14.78it/s]

📊 Validation Results (Per Task)
------------------------------------------------------------
sentiment  | F1=0.916 | Acc=0.935 | P=0.934 | R=0.910
urgency    | F1=0.684 | Acc=0.884 | P=0.683 | R=0.689
topic      | F1=0.855 | Acc=0.852 | P=0.868 | R=0.851
action     | F1=0.751 | Acc=0.845 | P=0.784 | R=0.738
------------------------------------------------------------
✅ Overall Avg | F1=0.802 | Acc=0.879 | P=0.817 | R=0.797

✅ Epoch 17 | Loss=0.2021 | F1(avg)=0.802 | Sent=0.916 | Urg=0.684 | Top=0.855 | Act=0.751
distilbase_lr2e-5_uf2 Epoch 18/50: 100%|████████████████████████████████████████| 20/20 [00:01<00:00, 14.67it/s]

📊 Validation Results (Per Task)
------------------------------------------------------------
sentiment  | F1=0.925 | Acc=0.942 | P=0.940 | R=0.919
urgency    | F1=0.671 | Acc=0.871 | P=0.668 | R=0.677
topic      | F1=0.862 | Acc=0.858 | P=0.872 | R=0.858
action     | F1=0.756 | Acc=0.852 | P=0.787 | R=0.744
------------------------------------------------------------
✅ Overall Avg | F1=0.803 | Acc=0.881 | P=0.817 | R=0.799

✅ Epoch 18 | Loss=0.1933 | F1(avg)=0.803 | Sent=0.925 | Urg=0.671 | Top=0.862 | Act=0.756
distilbase_lr2e-5_uf2 Epoch 19/50: 100%|████████████████████████████████████████| 20/20 [00:01<00:00, 14.67it/s]

📊 Validation Results (Per Task)
------------------------------------------------------------
sentiment  | F1=0.925 | Acc=0.942 | P=0.940 | R=0.919
urgency    | F1=0.671 | Acc=0.871 | P=0.668 | R=0.677
topic      | F1=0.855 | Acc=0.852 | P=0.868 | R=0.851
action     | F1=0.770 | Acc=0.858 | P=0.798 | R=0.758
------------------------------------------------------------
✅ Overall Avg | F1=0.805 | Acc=0.881 | P=0.818 | R=0.801

✅ Epoch 19 | Loss=0.1805 | F1(avg)=0.805 | Sent=0.925 | Urg=0.671 | Top=0.855 | Act=0.770
distilbase_lr2e-5_uf2 Epoch 20/50: 100%|████████████████████████████████████████| 20/20 [00:01<00:00, 14.67it/s]

📊 Validation Results (Per Task)
------------------------------------------------------------
sentiment  | F1=0.916 | Acc=0.935 | P=0.934 | R=0.910
urgency    | F1=0.686 | Acc=0.865 | P=0.682 | R=0.699
topic      | F1=0.862 | Acc=0.858 | P=0.872 | R=0.858
action     | F1=0.764 | Acc=0.852 | P=0.790 | R=0.752
------------------------------------------------------------
✅ Overall Avg | F1=0.807 | Acc=0.877 | P=0.819 | R=0.805

✅ Epoch 20 | Loss=0.1768 | F1(avg)=0.807 | Sent=0.916 | Urg=0.686 | Top=0.862 | Act=0.764
distilbase_lr2e-5_uf2 Epoch 21/50: 100%|████████████████████████████████████████| 20/20 [00:01<00:00, 14.67it/s]

📊 Validation Results (Per Task)
------------------------------------------------------------
sentiment  | F1=0.917 | Acc=0.935 | P=0.928 | R=0.912
urgency    | F1=0.684 | Acc=0.884 | P=0.683 | R=0.689
topic      | F1=0.856 | Acc=0.852 | P=0.873 | R=0.851
action     | F1=0.770 | Acc=0.858 | P=0.798 | R=0.758
------------------------------------------------------------
✅ Overall Avg | F1=0.807 | Acc=0.882 | P=0.821 | R=0.803

✅ Epoch 21 | Loss=0.1684 | F1(avg)=0.807 | Sent=0.917 | Urg=0.684 | Top=0.856 | Act=0.770
distilbase_lr2e-5_uf2 Epoch 22/50: 100%|████████████████████████████████████████| 20/20 [00:01<00:00, 14.65it/s]

📊 Validation Results (Per Task)
------------------------------------------------------------
sentiment  | F1=0.908 | Acc=0.929 | P=0.922 | R=0.902
urgency    | F1=0.671 | Acc=0.871 | P=0.668 | R=0.677
topic      | F1=0.863 | Acc=0.858 | P=0.877 | R=0.858
action     | F1=0.770 | Acc=0.858 | P=0.798 | R=0.758
------------------------------------------------------------
✅ Overall Avg | F1=0.803 | Acc=0.879 | P=0.816 | R=0.799

✅ Epoch 22 | Loss=0.1598 | F1(avg)=0.803 | Sent=0.908 | Urg=0.671 | Top=0.863 | Act=0.770
distilbase_lr2e-5_uf2 Epoch 23/50: 100%|████████████████████████████████████████| 20/20 [00:01<00:00, 14.66it/s]

📊 Validation Results (Per Task)
------------------------------------------------------------
sentiment  | F1=0.917 | Acc=0.935 | P=0.928 | R=0.912
urgency    | F1=0.700 | Acc=0.877 | P=0.694 | R=0.711
topic      | F1=0.874 | Acc=0.871 | P=0.880 | R=0.872
action     | F1=0.776 | Acc=0.858 | P=0.799 | R=0.767
------------------------------------------------------------
✅ Overall Avg | F1=0.817 | Acc=0.885 | P=0.825 | R=0.816

✅ Epoch 23 | Loss=0.1532 | F1(avg)=0.817 | Sent=0.917 | Urg=0.700 | Top=0.874 | Act=0.776
distilbase_lr2e-5_uf2 Epoch 24/50: 100%|████████████████████████████████████████| 20/20 [00:01<00:00, 14.66it/s]

📊 Validation Results (Per Task)
------------------------------------------------------------
sentiment  | F1=0.908 | Acc=0.929 | P=0.922 | R=0.902
urgency    | F1=0.686 | Acc=0.884 | P=0.688 | R=0.689
topic      | F1=0.869 | Acc=0.865 | P=0.881 | R=0.866
action     | F1=0.782 | Acc=0.865 | P=0.806 | R=0.773
------------------------------------------------------------
✅ Overall Avg | F1=0.811 | Acc=0.885 | P=0.824 | R=0.808

✅ Epoch 24 | Loss=0.1470 | F1(avg)=0.811 | Sent=0.908 | Urg=0.686 | Top=0.869 | Act=0.782
distilbase_lr2e-5_uf2 Epoch 25/50: 100%|████████████████████████████████████████| 20/20 [00:01<00:00, 14.65it/s]

📊 Validation Results (Per Task)
------------------------------------------------------------
sentiment  | F1=0.934 | Acc=0.948 | P=0.940 | R=0.930
urgency    | F1=0.700 | Acc=0.877 | P=0.694 | R=0.711
topic      | F1=0.863 | Acc=0.858 | P=0.877 | R=0.858
action     | F1=0.782 | Acc=0.865 | P=0.806 | R=0.773
------------------------------------------------------------
✅ Overall Avg | F1=0.820 | Acc=0.887 | P=0.829 | R=0.818

✅ Epoch 25 | Loss=0.1402 | F1(avg)=0.820 | Sent=0.934 | Urg=0.700 | Top=0.863 | Act=0.782
distilbase_lr2e-5_uf2 Epoch 26/50: 100%|████████████████████████████████████████| 20/20 [00:01<00:00, 14.67it/s]

📊 Validation Results (Per Task)
------------------------------------------------------------
sentiment  | F1=0.917 | Acc=0.935 | P=0.928 | R=0.912
urgency    | F1=0.700 | Acc=0.877 | P=0.694 | R=0.711
topic      | F1=0.869 | Acc=0.865 | P=0.881 | R=0.866
action     | F1=0.782 | Acc=0.865 | P=0.806 | R=0.773
------------------------------------------------------------
✅ Overall Avg | F1=0.817 | Acc=0.885 | P=0.827 | R=0.815

✅ Epoch 26 | Loss=0.1341 | F1(avg)=0.817 | Sent=0.917 | Urg=0.700 | Top=0.869 | Act=0.782
distilbase_lr2e-5_uf2 Epoch 27/50: 100%|████████████████████████████████████████| 20/20 [00:01<00:00, 14.66it/s]

📊 Validation Results (Per Task)
------------------------------------------------------------
sentiment  | F1=0.917 | Acc=0.935 | P=0.928 | R=0.912
urgency    | F1=0.700 | Acc=0.877 | P=0.694 | R=0.711
topic      | F1=0.875 | Acc=0.871 | P=0.886 | R=0.871
action     | F1=0.790 | Acc=0.871 | P=0.813 | R=0.780
------------------------------------------------------------
✅ Overall Avg | F1=0.820 | Acc=0.889 | P=0.830 | R=0.818

✅ Epoch 27 | Loss=0.1259 | F1(avg)=0.820 | Sent=0.917 | Urg=0.700 | Top=0.875 | Act=0.790
distilbase_lr2e-5_uf2 Epoch 28/50: 100%|████████████████████████████████████████| 20/20 [00:01<00:00, 14.64it/s]

📊 Validation Results (Per Task)
------------------------------------------------------------
sentiment  | F1=0.917 | Acc=0.935 | P=0.928 | R=0.912
urgency    | F1=0.707 | Acc=0.884 | P=0.701 | R=0.717
topic      | F1=0.875 | Acc=0.871 | P=0.886 | R=0.871
action     | F1=0.791 | Acc=0.871 | P=0.814 | R=0.780
------------------------------------------------------------
✅ Overall Avg | F1=0.822 | Acc=0.890 | P=0.832 | R=0.820

✅ Epoch 28 | Loss=0.1277 | F1(avg)=0.822 | Sent=0.917 | Urg=0.707 | Top=0.875 | Act=0.791
distilbase_lr2e-5_uf2 Epoch 29/50: 100%|████████████████████████████████████████| 20/20 [00:01<00:00, 14.74it/s]

📊 Validation Results (Per Task)
------------------------------------------------------------
sentiment  | F1=0.917 | Acc=0.935 | P=0.928 | R=0.912
urgency    | F1=0.734 | Acc=0.890 | P=0.725 | R=0.750
topic      | F1=0.875 | Acc=0.871 | P=0.886 | R=0.871
action     | F1=0.782 | Acc=0.865 | P=0.806 | R=0.773
------------------------------------------------------------
✅ Overall Avg | F1=0.827 | Acc=0.890 | P=0.836 | R=0.826

✅ Epoch 29 | Loss=0.1202 | F1(avg)=0.827 | Sent=0.917 | Urg=0.734 | Top=0.875 | Act=0.782
distilbase_lr2e-5_uf2 Epoch 30/50: 100%|████████████████████████████████████████| 20/20 [00:01<00:00, 14.67it/s]

📊 Validation Results (Per Task)
------------------------------------------------------------
sentiment  | F1=0.917 | Acc=0.935 | P=0.928 | R=0.912
urgency    | F1=0.704 | Acc=0.865 | P=0.697 | R=0.726
topic      | F1=0.875 | Acc=0.871 | P=0.886 | R=0.871
action     | F1=0.790 | Acc=0.871 | P=0.813 | R=0.780
------------------------------------------------------------
✅ Overall Avg | F1=0.821 | Acc=0.885 | P=0.831 | R=0.822

✅ Epoch 30 | Loss=0.1173 | F1(avg)=0.821 | Sent=0.917 | Urg=0.704 | Top=0.875 | Act=0.790
distilbase_lr2e-5_uf2 Epoch 31/50: 100%|████████████████████████████████████████| 20/20 [00:01<00:00, 14.63it/s]

📊 Validation Results (Per Task)
------------------------------------------------------------
sentiment  | F1=0.917 | Acc=0.935 | P=0.928 | R=0.912
urgency    | F1=0.704 | Acc=0.865 | P=0.697 | R=0.726
topic      | F1=0.875 | Acc=0.871 | P=0.886 | R=0.871
action     | F1=0.791 | Acc=0.871 | P=0.814 | R=0.780
------------------------------------------------------------
✅ Overall Avg | F1=0.822 | Acc=0.885 | P=0.831 | R=0.822

✅ Epoch 31 | Loss=0.1163 | F1(avg)=0.822 | Sent=0.917 | Urg=0.704 | Top=0.875 | Act=0.791
distilbase_lr2e-5_uf2 Epoch 32/50: 100%|████████████████████████████████████████| 20/20 [00:01<00:00, 14.66it/s]

📊 Validation Results (Per Task)
------------------------------------------------------------
sentiment  | F1=0.917 | Acc=0.935 | P=0.928 | R=0.912
urgency    | F1=0.719 | Acc=0.877 | P=0.710 | R=0.738
topic      | F1=0.875 | Acc=0.871 | P=0.886 | R=0.871
action     | F1=0.791 | Acc=0.871 | P=0.814 | R=0.780
------------------------------------------------------------
✅ Overall Avg | F1=0.825 | Acc=0.889 | P=0.834 | R=0.825

✅ Epoch 32 | Loss=0.1145 | F1(avg)=0.825 | Sent=0.917 | Urg=0.719 | Top=0.875 | Act=0.791
distilbase_lr2e-5_uf2 Epoch 33/50: 100%|████████████████████████████████████████| 20/20 [00:01<00:00, 14.66it/s]

📊 Validation Results (Per Task)
------------------------------------------------------------
sentiment  | F1=0.917 | Acc=0.935 | P=0.928 | R=0.912
urgency    | F1=0.711 | Acc=0.871 | P=0.703 | R=0.732
topic      | F1=0.875 | Acc=0.871 | P=0.886 | R=0.871
action     | F1=0.791 | Acc=0.871 | P=0.814 | R=0.780
------------------------------------------------------------
✅ Overall Avg | F1=0.823 | Acc=0.887 | P=0.833 | R=0.824

✅ Epoch 33 | Loss=0.1106 | F1(avg)=0.823 | Sent=0.917 | Urg=0.711 | Top=0.875 | Act=0.791
distilbase_lr2e-5_uf2 Epoch 34/50: 100%|████████████████████████████████████████| 20/20 [00:01<00:00, 14.66it/s]

📊 Validation Results (Per Task)
------------------------------------------------------------
sentiment  | F1=0.917 | Acc=0.935 | P=0.928 | R=0.912
urgency    | F1=0.704 | Acc=0.865 | P=0.697 | R=0.726
topic      | F1=0.875 | Acc=0.871 | P=0.886 | R=0.871
action     | F1=0.785 | Acc=0.865 | P=0.810 | R=0.773
------------------------------------------------------------
✅ Overall Avg | F1=0.820 | Acc=0.884 | P=0.831 | R=0.821

✅ Epoch 34 | Loss=0.1045 | F1(avg)=0.820 | Sent=0.917 | Urg=0.704 | Top=0.875 | Act=0.785
distilbase_lr2e-5_uf2 Epoch 35/50: 100%|████████████████████████████████████████| 20/20 [00:01<00:00, 14.65it/s]

📊 Validation Results (Per Task)
------------------------------------------------------------
sentiment  | F1=0.917 | Acc=0.935 | P=0.928 | R=0.912
urgency    | F1=0.704 | Acc=0.865 | P=0.697 | R=0.726
topic      | F1=0.875 | Acc=0.871 | P=0.886 | R=0.871
action     | F1=0.792 | Acc=0.871 | P=0.816 | R=0.780
------------------------------------------------------------
✅ Overall Avg | F1=0.822 | Acc=0.885 | P=0.832 | R=0.822

✅ Epoch 35 | Loss=0.1034 | F1(avg)=0.822 | Sent=0.917 | Urg=0.704 | Top=0.875 | Act=0.792
distilbase_lr2e-5_uf2 Epoch 36/50: 100%|████████████████████████████████████████| 20/20 [00:01<00:00, 14.66it/s]

📊 Validation Results (Per Task)
------------------------------------------------------------
sentiment  | F1=0.926 | Acc=0.942 | P=0.935 | R=0.921
urgency    | F1=0.704 | Acc=0.865 | P=0.697 | R=0.726
topic      | F1=0.875 | Acc=0.871 | P=0.886 | R=0.871
action     | F1=0.814 | Acc=0.871 | P=0.826 | R=0.807
------------------------------------------------------------
✅ Overall Avg | F1=0.830 | Acc=0.887 | P=0.836 | R=0.831

✅ Epoch 36 | Loss=0.1013 | F1(avg)=0.830 | Sent=0.926 | Urg=0.704 | Top=0.875 | Act=0.814
distilbase_lr2e-5_uf2 Epoch 37/50: 100%|████████████████████████████████████████| 20/20 [00:01<00:00, 14.66it/s]

📊 Validation Results (Per Task)
------------------------------------------------------------
sentiment  | F1=0.917 | Acc=0.935 | P=0.928 | R=0.912
urgency    | F1=0.711 | Acc=0.871 | P=0.703 | R=0.732
topic      | F1=0.875 | Acc=0.871 | P=0.886 | R=0.871
action     | F1=0.820 | Acc=0.877 | P=0.830 | R=0.813
------------------------------------------------------------
✅ Overall Avg | F1=0.831 | Acc=0.889 | P=0.837 | R=0.832

✅ Epoch 37 | Loss=0.0998 | F1(avg)=0.831 | Sent=0.917 | Urg=0.711 | Top=0.875 | Act=0.820
distilbase_lr2e-5_uf2 Epoch 38/50: 100%|████████████████████████████████████████| 20/20 [00:01<00:00, 14.70it/s]

📊 Validation Results (Per Task)
------------------------------------------------------------
sentiment  | F1=0.917 | Acc=0.935 | P=0.928 | R=0.912
urgency    | F1=0.699 | Acc=0.858 | P=0.693 | R=0.720
topic      | F1=0.875 | Acc=0.871 | P=0.886 | R=0.871
action     | F1=0.820 | Acc=0.877 | P=0.830 | R=0.813
------------------------------------------------------------
✅ Overall Avg | F1=0.827 | Acc=0.885 | P=0.834 | R=0.829

✅ Epoch 38 | Loss=0.0998 | F1(avg)=0.827 | Sent=0.917 | Urg=0.699 | Top=0.875 | Act=0.820
distilbase_lr2e-5_uf2 Epoch 39/50: 100%|████████████████████████████████████████| 20/20 [00:01<00:00, 14.67it/s]

📊 Validation Results (Per Task)
------------------------------------------------------------
sentiment  | F1=0.926 | Acc=0.942 | P=0.935 | R=0.921
urgency    | F1=0.704 | Acc=0.865 | P=0.697 | R=0.726
topic      | F1=0.875 | Acc=0.871 | P=0.886 | R=0.871
action     | F1=0.820 | Acc=0.877 | P=0.830 | R=0.813
------------------------------------------------------------
✅ Overall Avg | F1=0.831 | Acc=0.889 | P=0.837 | R=0.833

✅ Epoch 39 | Loss=0.0971 | F1(avg)=0.831 | Sent=0.926 | Urg=0.704 | Top=0.875 | Act=0.820
distilbase_lr2e-5_uf2 Epoch 40/50: 100%|████████████████████████████████████████| 20/20 [00:01<00:00, 14.64it/s]

📊 Validation Results (Per Task)
------------------------------------------------------------
sentiment  | F1=0.934 | Acc=0.948 | P=0.940 | R=0.930
urgency    | F1=0.699 | Acc=0.858 | P=0.693 | R=0.720
topic      | F1=0.875 | Acc=0.871 | P=0.886 | R=0.871
action     | F1=0.791 | Acc=0.871 | P=0.814 | R=0.780
------------------------------------------------------------
✅ Overall Avg | F1=0.824 | Acc=0.887 | P=0.833 | R=0.825

✅ Epoch 40 | Loss=0.0915 | F1(avg)=0.824 | Sent=0.934 | Urg=0.699 | Top=0.875 | Act=0.791
distilbase_lr2e-5_uf2 Epoch 41/50: 100%|████████████████████████████████████████| 20/20 [00:01<00:00, 14.73it/s]

📊 Validation Results (Per Task)
------------------------------------------------------------
sentiment  | F1=0.934 | Acc=0.948 | P=0.940 | R=0.930
urgency    | F1=0.699 | Acc=0.858 | P=0.693 | R=0.720
topic      | F1=0.875 | Acc=0.871 | P=0.886 | R=0.871
action     | F1=0.791 | Acc=0.871 | P=0.814 | R=0.780
------------------------------------------------------------
✅ Overall Avg | F1=0.824 | Acc=0.887 | P=0.833 | R=0.825

✅ Epoch 41 | Loss=0.0922 | F1(avg)=0.824 | Sent=0.934 | Urg=0.699 | Top=0.875 | Act=0.791
distilbase_lr2e-5_uf2 Epoch 42/50: 100%|████████████████████████████████████████| 20/20 [00:01<00:00, 14.71it/s]

📊 Validation Results (Per Task)
------------------------------------------------------------
sentiment  | F1=0.926 | Acc=0.942 | P=0.935 | R=0.921
urgency    | F1=0.704 | Acc=0.865 | P=0.697 | R=0.726
topic      | F1=0.875 | Acc=0.871 | P=0.886 | R=0.871
action     | F1=0.820 | Acc=0.877 | P=0.830 | R=0.813
------------------------------------------------------------
✅ Overall Avg | F1=0.831 | Acc=0.889 | P=0.837 | R=0.833

✅ Epoch 42 | Loss=0.0934 | F1(avg)=0.831 | Sent=0.926 | Urg=0.704 | Top=0.875 | Act=0.820
distilbase_lr2e-5_uf2 Epoch 43/50: 100%|████████████████████████████████████████| 20/20 [00:01<00:00, 14.67it/s]

📊 Validation Results (Per Task)
------------------------------------------------------------
sentiment  | F1=0.926 | Acc=0.942 | P=0.935 | R=0.921
urgency    | F1=0.699 | Acc=0.858 | P=0.693 | R=0.720
topic      | F1=0.875 | Acc=0.871 | P=0.886 | R=0.871
action     | F1=0.820 | Acc=0.877 | P=0.830 | R=0.813
------------------------------------------------------------
✅ Overall Avg | F1=0.830 | Acc=0.887 | P=0.836 | R=0.831

✅ Epoch 43 | Loss=0.0918 | F1(avg)=0.830 | Sent=0.926 | Urg=0.699 | Top=0.875 | Act=0.820
distilbase_lr2e-5_uf2 Epoch 44/50: 100%|████████████████████████████████████████| 20/20 [00:01<00:00, 14.67it/s]

📊 Validation Results (Per Task)
------------------------------------------------------------
sentiment  | F1=0.934 | Acc=0.948 | P=0.940 | R=0.930
urgency    | F1=0.699 | Acc=0.858 | P=0.693 | R=0.720
topic      | F1=0.875 | Acc=0.871 | P=0.886 | R=0.871
action     | F1=0.820 | Acc=0.877 | P=0.830 | R=0.813
------------------------------------------------------------
✅ Overall Avg | F1=0.832 | Acc=0.889 | P=0.837 | R=0.834

✅ Epoch 44 | Loss=0.0891 | F1(avg)=0.832 | Sent=0.934 | Urg=0.699 | Top=0.875 | Act=0.820
distilbase_lr2e-5_uf2 Epoch 45/50: 100%|████████████████████████████████████████| 20/20 [00:01<00:00, 14.67it/s]

📊 Validation Results (Per Task)
------------------------------------------------------------
sentiment  | F1=0.934 | Acc=0.948 | P=0.940 | R=0.930
urgency    | F1=0.699 | Acc=0.858 | P=0.693 | R=0.720
topic      | F1=0.875 | Acc=0.871 | P=0.886 | R=0.871
action     | F1=0.820 | Acc=0.877 | P=0.830 | R=0.813
------------------------------------------------------------
✅ Overall Avg | F1=0.832 | Acc=0.889 | P=0.837 | R=0.834

✅ Epoch 45 | Loss=0.0891 | F1(avg)=0.832 | Sent=0.934 | Urg=0.699 | Top=0.875 | Act=0.820
distilbase_lr2e-5_uf2 Epoch 46/50: 100%|████████████████████████████████████████| 20/20 [00:01<00:00, 14.65it/s]

📊 Validation Results (Per Task)
------------------------------------------------------------
sentiment  | F1=0.934 | Acc=0.948 | P=0.940 | R=0.930
urgency    | F1=0.699 | Acc=0.858 | P=0.693 | R=0.720
topic      | F1=0.875 | Acc=0.871 | P=0.886 | R=0.871
action     | F1=0.820 | Acc=0.877 | P=0.830 | R=0.813
------------------------------------------------------------
✅ Overall Avg | F1=0.832 | Acc=0.889 | P=0.837 | R=0.834

✅ Epoch 46 | Loss=0.0858 | F1(avg)=0.832 | Sent=0.934 | Urg=0.699 | Top=0.875 | Act=0.820
distilbase_lr2e-5_uf2 Epoch 47/50: 100%|████████████████████████████████████████| 20/20 [00:01<00:00, 14.66it/s]

📊 Validation Results (Per Task)
------------------------------------------------------------
sentiment  | F1=0.934 | Acc=0.948 | P=0.940 | R=0.930
urgency    | F1=0.699 | Acc=0.858 | P=0.693 | R=0.720
topic      | F1=0.869 | Acc=0.865 | P=0.879 | R=0.867
action     | F1=0.820 | Acc=0.877 | P=0.830 | R=0.813
------------------------------------------------------------
✅ Overall Avg | F1=0.830 | Acc=0.887 | P=0.835 | R=0.833

✅ Epoch 47 | Loss=0.0870 | F1(avg)=0.830 | Sent=0.934 | Urg=0.699 | Top=0.869 | Act=0.820
distilbase_lr2e-5_uf2 Epoch 48/50: 100%|████████████████████████████████████████| 20/20 [00:01<00:00, 14.66it/s]

📊 Validation Results (Per Task)
------------------------------------------------------------
sentiment  | F1=0.934 | Acc=0.948 | P=0.940 | R=0.930
urgency    | F1=0.699 | Acc=0.858 | P=0.693 | R=0.720
topic      | F1=0.869 | Acc=0.865 | P=0.879 | R=0.867
action     | F1=0.820 | Acc=0.877 | P=0.830 | R=0.813
------------------------------------------------------------
✅ Overall Avg | F1=0.830 | Acc=0.887 | P=0.835 | R=0.833

✅ Epoch 48 | Loss=0.0870 | F1(avg)=0.830 | Sent=0.934 | Urg=0.699 | Top=0.869 | Act=0.820
distilbase_lr2e-5_uf2 Epoch 49/50: 100%|████████████████████████████████████████| 20/20 [00:01<00:00, 14.65it/s]

📊 Validation Results (Per Task)
------------------------------------------------------------
sentiment  | F1=0.926 | Acc=0.942 | P=0.935 | R=0.921
urgency    | F1=0.699 | Acc=0.858 | P=0.693 | R=0.720
topic      | F1=0.869 | Acc=0.865 | P=0.879 | R=0.867
action     | F1=0.820 | Acc=0.877 | P=0.830 | R=0.813
------------------------------------------------------------
✅ Overall Avg | F1=0.828 | Acc=0.885 | P=0.834 | R=0.830

✅ Epoch 49 | Loss=0.0860 | F1(avg)=0.828 | Sent=0.926 | Urg=0.699 | Top=0.869 | Act=0.820
distilbase_lr2e-5_uf2 Epoch 50/50: 100%|████████████████████████████████████████| 20/20 [00:01<00:00, 14.36it/s]

📊 Validation Results (Per Task)
------------------------------------------------------------
sentiment  | F1=0.926 | Acc=0.942 | P=0.935 | R=0.921
urgency    | F1=0.699 | Acc=0.858 | P=0.693 | R=0.720
topic      | F1=0.875 | Acc=0.871 | P=0.886 | R=0.871
action     | F1=0.820 | Acc=0.877 | P=0.830 | R=0.813
------------------------------------------------------------
✅ Overall Avg | F1=0.830 | Acc=0.887 | P=0.836 | R=0.831

✅ Epoch 50 | Loss=0.0879 | F1(avg)=0.830 | Sent=0.926 | Urg=0.699 | Top=0.875 | Act=0.820
