Use device:cuda
bert_base_lr2e-5_uf2 Epoch 1/50: 100%|██████████████████████████████████████████| 20/20 [00:02<00:00,  8.02it/s]

📊 Validation Results (Per Task)
------------------------------------------------------------
sentiment  | F1=0.255 | Acc=0.484 | P=0.328 | R=0.355
urgency    | F1=0.332 | Acc=0.619 | P=0.469 | R=0.377
topic      | F1=0.201 | Acc=0.342 | P=0.273 | R=0.240
action     | F1=0.192 | Acc=0.555 | P=0.321 | R=0.222
------------------------------------------------------------
✅ Overall Avg | F1=0.245 | Acc=0.500 | P=0.348 | R=0.299

✅ Epoch 1 | Loss=1.4671 | F1(avg)=0.245 | Sent=0.255 | Urg=0.332 | Top=0.201 | Act=0.192
bert_base_lr2e-5_uf2 Epoch 2/50: 100%|██████████████████████████████████████████| 20/20 [00:02<00:00,  8.64it/s]

📊 Validation Results (Per Task)
------------------------------------------------------------
sentiment  | F1=0.590 | Acc=0.735 | P=0.814 | R=0.640
urgency    | F1=0.533 | Acc=0.794 | P=0.539 | R=0.542
topic      | F1=0.247 | Acc=0.387 | P=0.396 | R=0.275
action     | F1=0.155 | Acc=0.542 | P=0.185 | R=0.190
------------------------------------------------------------
✅ Overall Avg | F1=0.381 | Acc=0.615 | P=0.483 | R=0.412

✅ Epoch 2 | Loss=1.2253 | F1(avg)=0.381 | Sent=0.590 | Urg=0.533 | Top=0.247 | Act=0.155
bert_base_lr2e-5_uf2 Epoch 3/50: 100%|██████████████████████████████████████████| 20/20 [00:02<00:00,  8.62it/s]

📊 Validation Results (Per Task)
------------------------------------------------------------
sentiment  | F1=0.773 | Acc=0.832 | P=0.826 | R=0.775
urgency    | F1=0.594 | Acc=0.871 | P=0.575 | R=0.614
topic      | F1=0.460 | Acc=0.581 | P=0.441 | R=0.503
action     | F1=0.234 | Acc=0.639 | P=0.198 | R=0.288
------------------------------------------------------------
✅ Overall Avg | F1=0.515 | Acc=0.731 | P=0.510 | R=0.545

✅ Epoch 3 | Loss=1.0505 | F1(avg)=0.515 | Sent=0.773 | Urg=0.594 | Top=0.460 | Act=0.234
bert_base_lr2e-5_uf2 Epoch 4/50: 100%|██████████████████████████████████████████| 20/20 [00:02<00:00,  8.62it/s]

📊 Validation Results (Per Task)
------------------------------------------------------------
sentiment  | F1=0.802 | Acc=0.852 | P=0.828 | R=0.800
urgency    | F1=0.586 | Acc=0.858 | P=0.565 | R=0.611
topic      | F1=0.609 | Acc=0.677 | P=0.756 | R=0.612
action     | F1=0.298 | Acc=0.697 | P=0.381 | R=0.344
------------------------------------------------------------
✅ Overall Avg | F1=0.573 | Acc=0.771 | P=0.632 | R=0.592

✅ Epoch 4 | Loss=0.8721 | F1(avg)=0.573 | Sent=0.802 | Urg=0.586 | Top=0.609 | Act=0.298
bert_base_lr2e-5_uf2 Epoch 5/50: 100%|██████████████████████████████████████████| 20/20 [00:02<00:00,  8.63it/s]

📊 Validation Results (Per Task)
------------------------------------------------------------
sentiment  | F1=0.836 | Acc=0.877 | P=0.869 | R=0.833
urgency    | F1=0.704 | Acc=0.884 | P=0.807 | R=0.687
topic      | F1=0.768 | Acc=0.787 | P=0.821 | R=0.750
action     | F1=0.363 | Acc=0.748 | P=0.382 | R=0.397
------------------------------------------------------------
✅ Overall Avg | F1=0.668 | Acc=0.824 | P=0.720 | R=0.667

✅ Epoch 5 | Loss=0.7192 | F1(avg)=0.668 | Sent=0.836 | Urg=0.704 | Top=0.768 | Act=0.363
bert_base_lr2e-5_uf2 Epoch 6/50: 100%|██████████████████████████████████████████| 20/20 [00:02<00:00,  8.64it/s]

📊 Validation Results (Per Task)
------------------------------------------------------------
sentiment  | F1=0.846 | Acc=0.884 | P=0.875 | R=0.842
urgency    | F1=0.696 | Acc=0.890 | P=0.713 | R=0.693
topic      | F1=0.795 | Acc=0.813 | P=0.836 | R=0.778
action     | F1=0.399 | Acc=0.768 | P=0.474 | R=0.420
------------------------------------------------------------
✅ Overall Avg | F1=0.684 | Acc=0.839 | P=0.725 | R=0.683

✅ Epoch 6 | Loss=0.6132 | F1(avg)=0.684 | Sent=0.846 | Urg=0.696 | Top=0.795 | Act=0.399
bert_base_lr2e-5_uf2 Epoch 7/50: 100%|██████████████████████████████████████████| 20/20 [00:02<00:00,  8.64it/s]

📊 Validation Results (Per Task)
------------------------------------------------------------
sentiment  | F1=0.865 | Acc=0.897 | P=0.887 | R=0.861
urgency    | F1=0.697 | Acc=0.890 | P=0.713 | R=0.695
topic      | F1=0.798 | Acc=0.813 | P=0.852 | R=0.777
action     | F1=0.404 | Acc=0.774 | P=0.469 | R=0.427
------------------------------------------------------------
✅ Overall Avg | F1=0.691 | Acc=0.844 | P=0.730 | R=0.690

✅ Epoch 7 | Loss=0.5359 | F1(avg)=0.691 | Sent=0.865 | Urg=0.697 | Top=0.798 | Act=0.404
bert_base_lr2e-5_uf2 Epoch 8/50: 100%|██████████████████████████████████████████| 20/20 [00:02<00:00,  8.66it/s]

📊 Validation Results (Per Task)
------------------------------------------------------------
sentiment  | F1=0.893 | Acc=0.916 | P=0.906 | R=0.889
urgency    | F1=0.704 | Acc=0.897 | P=0.736 | R=0.699
topic      | F1=0.840 | Acc=0.839 | P=0.881 | R=0.819
action     | F1=0.442 | Acc=0.794 | P=0.511 | R=0.454
------------------------------------------------------------
✅ Overall Avg | F1=0.720 | Acc=0.861 | P=0.758 | R=0.715

✅ Epoch 8 | Loss=0.4718 | F1(avg)=0.720 | Sent=0.893 | Urg=0.704 | Top=0.840 | Act=0.442
bert_base_lr2e-5_uf2 Epoch 9/50: 100%|██████████████████████████████████████████| 20/20 [00:02<00:00,  8.70it/s]

📊 Validation Results (Per Task)
------------------------------------------------------------
sentiment  | F1=0.893 | Acc=0.916 | P=0.906 | R=0.889
urgency    | F1=0.704 | Acc=0.897 | P=0.736 | R=0.699
topic      | F1=0.844 | Acc=0.845 | P=0.883 | R=0.825
action     | F1=0.474 | Acc=0.819 | P=0.498 | R=0.485
------------------------------------------------------------
✅ Overall Avg | F1=0.729 | Acc=0.869 | P=0.756 | R=0.724

✅ Epoch 9 | Loss=0.4306 | F1(avg)=0.729 | Sent=0.893 | Urg=0.704 | Top=0.844 | Act=0.474
bert_base_lr2e-5_uf2 Epoch 10/50: 100%|█████████████████████████████████████████| 20/20 [00:02<00:00,  8.65it/s]

📊 Validation Results (Per Task)
------------------------------------------------------------
sentiment  | F1=0.902 | Acc=0.923 | P=0.913 | R=0.898
urgency    | F1=0.696 | Acc=0.890 | P=0.713 | R=0.693
topic      | F1=0.850 | Acc=0.852 | P=0.886 | R=0.833
action     | F1=0.467 | Acc=0.813 | P=0.494 | R=0.478
------------------------------------------------------------
✅ Overall Avg | F1=0.729 | Acc=0.869 | P=0.751 | R=0.725

✅ Epoch 10 | Loss=0.3910 | F1(avg)=0.729 | Sent=0.902 | Urg=0.696 | Top=0.850 | Act=0.467
bert_base_lr2e-5_uf2 Epoch 11/50: 100%|█████████████████████████████████████████| 20/20 [00:02<00:00,  8.65it/s]

📊 Validation Results (Per Task)
------------------------------------------------------------
sentiment  | F1=0.902 | Acc=0.923 | P=0.924 | R=0.896
urgency    | F1=0.709 | Acc=0.903 | P=0.740 | R=0.705
topic      | F1=0.850 | Acc=0.852 | P=0.886 | R=0.833
action     | F1=0.505 | Acc=0.839 | P=0.515 | R=0.512
------------------------------------------------------------
✅ Overall Avg | F1=0.741 | Acc=0.879 | P=0.766 | R=0.736

✅ Epoch 11 | Loss=0.3594 | F1(avg)=0.741 | Sent=0.902 | Urg=0.709 | Top=0.850 | Act=0.505
bert_base_lr2e-5_uf2 Epoch 12/50: 100%|█████████████████████████████████████████| 20/20 [00:02<00:00,  8.65it/s]

📊 Validation Results (Per Task)
------------------------------------------------------------
sentiment  | F1=0.911 | Acc=0.929 | P=0.929 | R=0.905
urgency    | F1=0.689 | Acc=0.884 | P=0.697 | R=0.689
topic      | F1=0.865 | Acc=0.865 | P=0.887 | R=0.855
action     | F1=0.497 | Acc=0.832 | P=0.505 | R=0.506
------------------------------------------------------------
✅ Overall Avg | F1=0.740 | Acc=0.877 | P=0.754 | R=0.739

✅ Epoch 12 | Loss=0.3430 | F1(avg)=0.740 | Sent=0.911 | Urg=0.689 | Top=0.865 | Act=0.497
bert_base_lr2e-5_uf2 Epoch 13/50: 100%|█████████████████████████████████████████| 20/20 [00:02<00:00,  8.65it/s]

📊 Validation Results (Per Task)
------------------------------------------------------------
sentiment  | F1=0.918 | Acc=0.935 | P=0.929 | R=0.914
urgency    | F1=0.709 | Acc=0.903 | P=0.740 | R=0.705
topic      | F1=0.860 | Acc=0.858 | P=0.886 | R=0.847
action     | F1=0.578 | Acc=0.858 | P=0.615 | R=0.570
------------------------------------------------------------
✅ Overall Avg | F1=0.766 | Acc=0.889 | P=0.793 | R=0.759

✅ Epoch 13 | Loss=0.3173 | F1(avg)=0.766 | Sent=0.918 | Urg=0.709 | Top=0.860 | Act=0.578
bert_base_lr2e-5_uf2 Epoch 14/50: 100%|█████████████████████████████████████████| 20/20 [00:02<00:00,  8.65it/s]

📊 Validation Results (Per Task)
------------------------------------------------------------
sentiment  | F1=0.911 | Acc=0.929 | P=0.929 | R=0.905
urgency    | F1=0.709 | Acc=0.903 | P=0.740 | R=0.705
topic      | F1=0.865 | Acc=0.865 | P=0.887 | R=0.855
action     | F1=0.568 | Acc=0.852 | P=0.608 | R=0.560
------------------------------------------------------------
✅ Overall Avg | F1=0.763 | Acc=0.887 | P=0.791 | R=0.756

✅ Epoch 14 | Loss=0.2993 | F1(avg)=0.763 | Sent=0.911 | Urg=0.709 | Top=0.865 | Act=0.568
bert_base_lr2e-5_uf2 Epoch 15/50: 100%|█████████████████████████████████████████| 20/20 [00:02<00:00,  8.65it/s]

📊 Validation Results (Per Task)
------------------------------------------------------------
sentiment  | F1=0.911 | Acc=0.929 | P=0.929 | R=0.905
urgency    | F1=0.702 | Acc=0.897 | P=0.718 | R=0.701
topic      | F1=0.865 | Acc=0.865 | P=0.895 | R=0.851
action     | F1=0.598 | Acc=0.871 | P=0.633 | R=0.591
------------------------------------------------------------
✅ Overall Avg | F1=0.769 | Acc=0.890 | P=0.794 | R=0.762

✅ Epoch 15 | Loss=0.2729 | F1(avg)=0.769 | Sent=0.911 | Urg=0.702 | Top=0.865 | Act=0.598
bert_base_lr2e-5_uf2 Epoch 16/50: 100%|█████████████████████████████████████████| 20/20 [00:02<00:00,  8.69it/s]

📊 Validation Results (Per Task)
------------------------------------------------------------
sentiment  | F1=0.911 | Acc=0.929 | P=0.929 | R=0.905
urgency    | F1=0.709 | Acc=0.903 | P=0.740 | R=0.705
topic      | F1=0.863 | Acc=0.865 | P=0.890 | R=0.851
action     | F1=0.578 | Acc=0.858 | P=0.615 | R=0.570
------------------------------------------------------------
✅ Overall Avg | F1=0.765 | Acc=0.889 | P=0.794 | R=0.758

✅ Epoch 16 | Loss=0.2568 | F1(avg)=0.765 | Sent=0.911 | Urg=0.709 | Top=0.863 | Act=0.578
bert_base_lr2e-5_uf2 Epoch 17/50: 100%|█████████████████████████████████████████| 20/20 [00:02<00:00,  8.67it/s]

📊 Validation Results (Per Task)
------------------------------------------------------------
sentiment  | F1=0.911 | Acc=0.929 | P=0.929 | R=0.905
urgency    | F1=0.729 | Acc=0.897 | P=0.736 | R=0.729
topic      | F1=0.870 | Acc=0.871 | P=0.895 | R=0.859
action     | F1=0.588 | Acc=0.865 | P=0.623 | R=0.581
------------------------------------------------------------
✅ Overall Avg | F1=0.774 | Acc=0.890 | P=0.795 | R=0.768

✅ Epoch 17 | Loss=0.2457 | F1(avg)=0.774 | Sent=0.911 | Urg=0.729 | Top=0.870 | Act=0.588
bert_base_lr2e-5_uf2 Epoch 18/50: 100%|█████████████████████████████████████████| 20/20 [00:02<00:00,  8.63it/s]

📊 Validation Results (Per Task)
------------------------------------------------------------
sentiment  | F1=0.920 | Acc=0.935 | P=0.934 | R=0.914
urgency    | F1=0.701 | Acc=0.897 | P=0.717 | R=0.699
topic      | F1=0.887 | Acc=0.884 | P=0.902 | R=0.881
action     | F1=0.598 | Acc=0.871 | P=0.633 | R=0.591
------------------------------------------------------------
✅ Overall Avg | F1=0.776 | Acc=0.897 | P=0.797 | R=0.771

✅ Epoch 18 | Loss=0.2415 | F1(avg)=0.776 | Sent=0.920 | Urg=0.701 | Top=0.887 | Act=0.598
bert_base_lr2e-5_uf2 Epoch 19/50: 100%|█████████████████████████████████████████| 20/20 [00:02<00:00,  8.65it/s]

📊 Validation Results (Per Task)
------------------------------------------------------------
sentiment  | F1=0.911 | Acc=0.929 | P=0.929 | R=0.905
urgency    | F1=0.729 | Acc=0.897 | P=0.736 | R=0.729
topic      | F1=0.873 | Acc=0.871 | P=0.893 | R=0.865
action     | F1=0.598 | Acc=0.871 | P=0.633 | R=0.591
------------------------------------------------------------
✅ Overall Avg | F1=0.778 | Acc=0.892 | P=0.798 | R=0.772

✅ Epoch 19 | Loss=0.2244 | F1(avg)=0.778 | Sent=0.911 | Urg=0.729 | Top=0.873 | Act=0.598
bert_base_lr2e-5_uf2 Epoch 20/50: 100%|█████████████████████████████████████████| 20/20 [00:02<00:00,  8.64it/s]

📊 Validation Results (Per Task)
------------------------------------------------------------
sentiment  | F1=0.928 | Acc=0.942 | P=0.940 | R=0.923
urgency    | F1=0.741 | Acc=0.890 | P=0.735 | R=0.750
topic      | F1=0.873 | Acc=0.871 | P=0.893 | R=0.865
action     | F1=0.598 | Acc=0.871 | P=0.633 | R=0.591
------------------------------------------------------------
✅ Overall Avg | F1=0.785 | Acc=0.894 | P=0.800 | R=0.782

✅ Epoch 20 | Loss=0.2136 | F1(avg)=0.785 | Sent=0.928 | Urg=0.741 | Top=0.873 | Act=0.598
bert_base_lr2e-5_uf2 Epoch 21/50: 100%|█████████████████████████████████████████| 20/20 [00:02<00:00,  8.65it/s]

📊 Validation Results (Per Task)
------------------------------------------------------------
sentiment  | F1=0.937 | Acc=0.948 | P=0.946 | R=0.933
urgency    | F1=0.739 | Acc=0.903 | P=0.754 | R=0.734
topic      | F1=0.873 | Acc=0.871 | P=0.893 | R=0.865
action     | F1=0.601 | Acc=0.877 | P=0.637 | R=0.593
------------------------------------------------------------
✅ Overall Avg | F1=0.787 | Acc=0.900 | P=0.808 | R=0.781

✅ Epoch 21 | Loss=0.2072 | F1(avg)=0.787 | Sent=0.937 | Urg=0.739 | Top=0.873 | Act=0.601
bert_base_lr2e-5_uf2 Epoch 22/50: 100%|█████████████████████████████████████████| 20/20 [00:02<00:00,  8.65it/s]

📊 Validation Results (Per Task)
------------------------------------------------------------
sentiment  | F1=0.937 | Acc=0.948 | P=0.946 | R=0.933
urgency    | F1=0.734 | Acc=0.897 | P=0.750 | R=0.729
topic      | F1=0.880 | Acc=0.877 | P=0.898 | R=0.873
action     | F1=0.601 | Acc=0.877 | P=0.637 | R=0.593
------------------------------------------------------------
✅ Overall Avg | F1=0.788 | Acc=0.900 | P=0.808 | R=0.782

✅ Epoch 22 | Loss=0.2012 | F1(avg)=0.788 | Sent=0.937 | Urg=0.734 | Top=0.880 | Act=0.601
bert_base_lr2e-5_uf2 Epoch 23/50: 100%|█████████████████████████████████████████| 20/20 [00:02<00:00,  8.68it/s]

📊 Validation Results (Per Task)
------------------------------------------------------------
sentiment  | F1=0.928 | Acc=0.942 | P=0.940 | R=0.923
urgency    | F1=0.729 | Acc=0.897 | P=0.736 | R=0.729
topic      | F1=0.873 | Acc=0.871 | P=0.893 | R=0.865
action     | F1=0.598 | Acc=0.871 | P=0.633 | R=0.591
------------------------------------------------------------
✅ Overall Avg | F1=0.782 | Acc=0.895 | P=0.800 | R=0.777

✅ Epoch 23 | Loss=0.1972 | F1(avg)=0.782 | Sent=0.928 | Urg=0.729 | Top=0.873 | Act=0.598
bert_base_lr2e-5_uf2 Epoch 24/50: 100%|█████████████████████████████████████████| 20/20 [00:02<00:00,  8.73it/s]

📊 Validation Results (Per Task)
------------------------------------------------------------
sentiment  | F1=0.937 | Acc=0.948 | P=0.946 | R=0.933
urgency    | F1=0.714 | Acc=0.884 | P=0.715 | R=0.714
topic      | F1=0.873 | Acc=0.871 | P=0.893 | R=0.865
action     | F1=0.640 | Acc=0.884 | P=0.672 | R=0.627
------------------------------------------------------------
✅ Overall Avg | F1=0.791 | Acc=0.897 | P=0.807 | R=0.785

✅ Epoch 24 | Loss=0.1843 | F1(avg)=0.791 | Sent=0.937 | Urg=0.714 | Top=0.873 | Act=0.640
bert_base_lr2e-5_uf2 Epoch 25/50: 100%|█████████████████████████████████████████| 20/20 [00:02<00:00,  8.68it/s]

📊 Validation Results (Per Task)
------------------------------------------------------------
sentiment  | F1=0.928 | Acc=0.942 | P=0.940 | R=0.923
urgency    | F1=0.748 | Acc=0.910 | P=0.778 | R=0.738
topic      | F1=0.880 | Acc=0.877 | P=0.898 | R=0.873
action     | F1=0.669 | Acc=0.890 | P=0.688 | R=0.660
------------------------------------------------------------
✅ Overall Avg | F1=0.806 | Acc=0.905 | P=0.826 | R=0.799

✅ Epoch 25 | Loss=0.1765 | F1(avg)=0.806 | Sent=0.928 | Urg=0.748 | Top=0.880 | Act=0.669
bert_base_lr2e-5_uf2 Epoch 26/50: 100%|█████████████████████████████████████████| 20/20 [00:02<00:00,  8.65it/s]

📊 Validation Results (Per Task)
------------------------------------------------------------
sentiment  | F1=0.928 | Acc=0.942 | P=0.940 | R=0.923
urgency    | F1=0.766 | Acc=0.903 | P=0.777 | R=0.760
topic      | F1=0.873 | Acc=0.871 | P=0.893 | R=0.865
action     | F1=0.669 | Acc=0.890 | P=0.688 | R=0.660
------------------------------------------------------------
✅ Overall Avg | F1=0.809 | Acc=0.902 | P=0.825 | R=0.802

✅ Epoch 26 | Loss=0.1751 | F1(avg)=0.809 | Sent=0.928 | Urg=0.766 | Top=0.873 | Act=0.669
bert_base_lr2e-5_uf2 Epoch 27/50: 100%|█████████████████████████████████████████| 20/20 [00:02<00:00,  8.64it/s]

📊 Validation Results (Per Task)
------------------------------------------------------------
sentiment  | F1=0.928 | Acc=0.942 | P=0.940 | R=0.923
urgency    | F1=0.733 | Acc=0.897 | P=0.749 | R=0.726
topic      | F1=0.880 | Acc=0.877 | P=0.898 | R=0.873
action     | F1=0.662 | Acc=0.884 | P=0.680 | R=0.654
------------------------------------------------------------
✅ Overall Avg | F1=0.801 | Acc=0.900 | P=0.817 | R=0.794

✅ Epoch 27 | Loss=0.1693 | F1(avg)=0.801 | Sent=0.928 | Urg=0.733 | Top=0.880 | Act=0.662
bert_base_lr2e-5_uf2 Epoch 28/50: 100%|█████████████████████████████████████████| 20/20 [00:02<00:00,  8.65it/s]

📊 Validation Results (Per Task)
------------------------------------------------------------
sentiment  | F1=0.928 | Acc=0.942 | P=0.940 | R=0.923
urgency    | F1=0.774 | Acc=0.897 | P=0.766 | R=0.783
topic      | F1=0.880 | Acc=0.877 | P=0.898 | R=0.873
action     | F1=0.680 | Acc=0.897 | P=0.693 | R=0.675
------------------------------------------------------------
✅ Overall Avg | F1=0.815 | Acc=0.903 | P=0.824 | R=0.814

✅ Epoch 28 | Loss=0.1718 | F1(avg)=0.815 | Sent=0.928 | Urg=0.774 | Top=0.880 | Act=0.680
bert_base_lr2e-5_uf2 Epoch 29/50: 100%|█████████████████████████████████████████| 20/20 [00:02<00:00,  8.65it/s]

📊 Validation Results (Per Task)
------------------------------------------------------------
sentiment  | F1=0.928 | Acc=0.942 | P=0.940 | R=0.923
urgency    | F1=0.795 | Acc=0.910 | P=0.800 | R=0.793
topic      | F1=0.880 | Acc=0.877 | P=0.898 | R=0.873
action     | F1=0.669 | Acc=0.890 | P=0.688 | R=0.660
------------------------------------------------------------
✅ Overall Avg | F1=0.818 | Acc=0.905 | P=0.832 | R=0.812

✅ Epoch 29 | Loss=0.1602 | F1(avg)=0.818 | Sent=0.928 | Urg=0.795 | Top=0.880 | Act=0.669
bert_base_lr2e-5_uf2 Epoch 30/50: 100%|█████████████████████████████████████████| 20/20 [00:02<00:00,  8.65it/s]

📊 Validation Results (Per Task)
------------------------------------------------------------
sentiment  | F1=0.928 | Acc=0.942 | P=0.940 | R=0.923
urgency    | F1=0.762 | Acc=0.890 | P=0.752 | R=0.775
topic      | F1=0.873 | Acc=0.871 | P=0.893 | R=0.865
action     | F1=0.680 | Acc=0.897 | P=0.693 | R=0.675
------------------------------------------------------------
✅ Overall Avg | F1=0.811 | Acc=0.900 | P=0.820 | R=0.810

✅ Epoch 30 | Loss=0.1548 | F1(avg)=0.811 | Sent=0.928 | Urg=0.762 | Top=0.873 | Act=0.680
bert_base_lr2e-5_uf2 Epoch 31/50: 100%|█████████████████████████████████████████| 20/20 [00:02<00:00,  8.68it/s]

📊 Validation Results (Per Task)
------------------------------------------------------------
sentiment  | F1=0.937 | Acc=0.948 | P=0.946 | R=0.933
urgency    | F1=0.753 | Acc=0.884 | P=0.741 | R=0.771
topic      | F1=0.873 | Acc=0.871 | P=0.893 | R=0.865
action     | F1=0.680 | Acc=0.897 | P=0.693 | R=0.675
------------------------------------------------------------
✅ Overall Avg | F1=0.811 | Acc=0.900 | P=0.818 | R=0.811

✅ Epoch 31 | Loss=0.1515 | F1(avg)=0.811 | Sent=0.937 | Urg=0.753 | Top=0.873 | Act=0.680
bert_base_lr2e-5_uf2 Epoch 32/50: 100%|█████████████████████████████████████████| 20/20 [00:02<00:00,  8.69it/s]

📊 Validation Results (Per Task)
------------------------------------------------------------
sentiment  | F1=0.937 | Acc=0.948 | P=0.946 | R=0.933
urgency    | F1=0.774 | Acc=0.897 | P=0.766 | R=0.783
topic      | F1=0.880 | Acc=0.877 | P=0.898 | R=0.873
action     | F1=0.680 | Acc=0.897 | P=0.693 | R=0.675
------------------------------------------------------------
✅ Overall Avg | F1=0.818 | Acc=0.905 | P=0.826 | R=0.816

✅ Epoch 32 | Loss=0.1494 | F1(avg)=0.818 | Sent=0.937 | Urg=0.774 | Top=0.880 | Act=0.680
bert_base_lr2e-5_uf2 Epoch 33/50: 100%|█████████████████████████████████████████| 20/20 [00:02<00:00,  8.67it/s]

📊 Validation Results (Per Task)
------------------------------------------------------------
sentiment  | F1=0.937 | Acc=0.948 | P=0.946 | R=0.933
urgency    | F1=0.784 | Acc=0.903 | P=0.781 | R=0.787
topic      | F1=0.880 | Acc=0.877 | P=0.898 | R=0.873
action     | F1=0.680 | Acc=0.897 | P=0.693 | R=0.675
------------------------------------------------------------
✅ Overall Avg | F1=0.820 | Acc=0.906 | P=0.830 | R=0.817

✅ Epoch 33 | Loss=0.1462 | F1(avg)=0.820 | Sent=0.937 | Urg=0.784 | Top=0.880 | Act=0.680
bert_base_lr2e-5_uf2 Epoch 34/50: 100%|█████████████████████████████████████████| 20/20 [00:02<00:00,  8.65it/s]

📊 Validation Results (Per Task)
------------------------------------------------------------
sentiment  | F1=0.937 | Acc=0.948 | P=0.946 | R=0.933
urgency    | F1=0.762 | Acc=0.890 | P=0.752 | R=0.775
topic      | F1=0.880 | Acc=0.877 | P=0.898 | R=0.873
action     | F1=0.676 | Acc=0.890 | P=0.689 | R=0.673
------------------------------------------------------------
✅ Overall Avg | F1=0.814 | Acc=0.902 | P=0.821 | R=0.813

✅ Epoch 34 | Loss=0.1443 | F1(avg)=0.814 | Sent=0.937 | Urg=0.762 | Top=0.880 | Act=0.676
bert_base_lr2e-5_uf2 Epoch 35/50: 100%|█████████████████████████████████████████| 20/20 [00:02<00:00,  8.66it/s]

📊 Validation Results (Per Task)
------------------------------------------------------------
sentiment  | F1=0.928 | Acc=0.942 | P=0.940 | R=0.923
urgency    | F1=0.762 | Acc=0.890 | P=0.752 | R=0.775
topic      | F1=0.880 | Acc=0.877 | P=0.898 | R=0.873
action     | F1=0.680 | Acc=0.897 | P=0.693 | R=0.675
------------------------------------------------------------
✅ Overall Avg | F1=0.813 | Acc=0.902 | P=0.821 | R=0.812

✅ Epoch 35 | Loss=0.1372 | F1(avg)=0.813 | Sent=0.928 | Urg=0.762 | Top=0.880 | Act=0.680
bert_base_lr2e-5_uf2 Epoch 36/50: 100%|█████████████████████████████████████████| 20/20 [00:02<00:00,  8.65it/s]

📊 Validation Results (Per Task)
------------------------------------------------------------
sentiment  | F1=0.937 | Acc=0.948 | P=0.946 | R=0.933
urgency    | F1=0.784 | Acc=0.903 | P=0.781 | R=0.787
topic      | F1=0.880 | Acc=0.877 | P=0.898 | R=0.873
action     | F1=0.680 | Acc=0.897 | P=0.693 | R=0.675
------------------------------------------------------------
✅ Overall Avg | F1=0.820 | Acc=0.906 | P=0.830 | R=0.817

✅ Epoch 36 | Loss=0.1344 | F1(avg)=0.820 | Sent=0.937 | Urg=0.784 | Top=0.880 | Act=0.680
bert_base_lr2e-5_uf2 Epoch 37/50: 100%|█████████████████████████████████████████| 20/20 [00:02<00:00,  8.65it/s]

📊 Validation Results (Per Task)
------------------------------------------------------------
sentiment  | F1=0.928 | Acc=0.942 | P=0.940 | R=0.923
urgency    | F1=0.767 | Acc=0.897 | P=0.757 | R=0.779
topic      | F1=0.873 | Acc=0.871 | P=0.893 | R=0.865
action     | F1=0.680 | Acc=0.897 | P=0.693 | R=0.675
------------------------------------------------------------
✅ Overall Avg | F1=0.812 | Acc=0.902 | P=0.821 | R=0.811

✅ Epoch 37 | Loss=0.1365 | F1(avg)=0.812 | Sent=0.928 | Urg=0.767 | Top=0.873 | Act=0.680
bert_base_lr2e-5_uf2 Epoch 38/50: 100%|█████████████████████████████████████████| 20/20 [00:02<00:00,  8.65it/s]

📊 Validation Results (Per Task)
------------------------------------------------------------
sentiment  | F1=0.936 | Acc=0.948 | P=0.942 | R=0.933
urgency    | F1=0.784 | Acc=0.903 | P=0.781 | R=0.787
topic      | F1=0.880 | Acc=0.877 | P=0.898 | R=0.873
action     | F1=0.680 | Acc=0.897 | P=0.693 | R=0.675
------------------------------------------------------------
✅ Overall Avg | F1=0.820 | Acc=0.906 | P=0.828 | R=0.817

✅ Epoch 38 | Loss=0.1305 | F1(avg)=0.820 | Sent=0.936 | Urg=0.784 | Top=0.880 | Act=0.680
bert_base_lr2e-5_uf2 Epoch 39/50: 100%|█████████████████████████████████████████| 20/20 [00:02<00:00,  8.71it/s]

📊 Validation Results (Per Task)
------------------------------------------------------------
sentiment  | F1=0.937 | Acc=0.948 | P=0.946 | R=0.933
urgency    | F1=0.762 | Acc=0.890 | P=0.752 | R=0.775
topic      | F1=0.880 | Acc=0.877 | P=0.898 | R=0.873
action     | F1=0.680 | Acc=0.897 | P=0.693 | R=0.675
------------------------------------------------------------
✅ Overall Avg | F1=0.815 | Acc=0.903 | P=0.822 | R=0.814

✅ Epoch 39 | Loss=0.1309 | F1(avg)=0.815 | Sent=0.937 | Urg=0.762 | Top=0.880 | Act=0.680
bert_base_lr2e-5_uf2 Epoch 40/50: 100%|█████████████████████████████████████████| 20/20 [00:02<00:00,  8.65it/s]

📊 Validation Results (Per Task)
------------------------------------------------------------
sentiment  | F1=0.937 | Acc=0.948 | P=0.946 | R=0.933
urgency    | F1=0.762 | Acc=0.890 | P=0.752 | R=0.775
topic      | F1=0.880 | Acc=0.877 | P=0.898 | R=0.873
action     | F1=0.680 | Acc=0.897 | P=0.693 | R=0.675
------------------------------------------------------------
✅ Overall Avg | F1=0.815 | Acc=0.903 | P=0.822 | R=0.814

✅ Epoch 40 | Loss=0.1275 | F1(avg)=0.815 | Sent=0.937 | Urg=0.762 | Top=0.880 | Act=0.680
bert_base_lr2e-5_uf2 Epoch 41/50: 100%|█████████████████████████████████████████| 20/20 [00:02<00:00,  8.65it/s]

📊 Validation Results (Per Task)
------------------------------------------------------------
sentiment  | F1=0.937 | Acc=0.948 | P=0.946 | R=0.933
urgency    | F1=0.767 | Acc=0.897 | P=0.756 | R=0.781
topic      | F1=0.880 | Acc=0.877 | P=0.898 | R=0.873
action     | F1=0.676 | Acc=0.890 | P=0.689 | R=0.673
------------------------------------------------------------
✅ Overall Avg | F1=0.815 | Acc=0.903 | P=0.822 | R=0.815

✅ Epoch 41 | Loss=0.1280 | F1(avg)=0.815 | Sent=0.937 | Urg=0.767 | Top=0.880 | Act=0.676
bert_base_lr2e-5_uf2 Epoch 42/50: 100%|█████████████████████████████████████████| 20/20 [00:02<00:00,  8.65it/s]

📊 Validation Results (Per Task)
------------------------------------------------------------
sentiment  | F1=0.937 | Acc=0.948 | P=0.946 | R=0.933
urgency    | F1=0.762 | Acc=0.890 | P=0.752 | R=0.775
topic      | F1=0.880 | Acc=0.877 | P=0.898 | R=0.873
action     | F1=0.676 | Acc=0.890 | P=0.689 | R=0.673
------------------------------------------------------------
✅ Overall Avg | F1=0.814 | Acc=0.902 | P=0.821 | R=0.813

✅ Epoch 42 | Loss=0.1249 | F1(avg)=0.814 | Sent=0.937 | Urg=0.762 | Top=0.880 | Act=0.676
bert_base_lr2e-5_uf2 Epoch 43/50: 100%|█████████████████████████████████████████| 20/20 [00:02<00:00,  8.65it/s]

📊 Validation Results (Per Task)
------------------------------------------------------------
sentiment  | F1=0.937 | Acc=0.948 | P=0.946 | R=0.933
urgency    | F1=0.762 | Acc=0.890 | P=0.752 | R=0.775
topic      | F1=0.880 | Acc=0.877 | P=0.898 | R=0.873
action     | F1=0.676 | Acc=0.890 | P=0.689 | R=0.673
------------------------------------------------------------
✅ Overall Avg | F1=0.814 | Acc=0.902 | P=0.821 | R=0.813

✅ Epoch 43 | Loss=0.1219 | F1(avg)=0.814 | Sent=0.937 | Urg=0.762 | Top=0.880 | Act=0.676
bert_base_lr2e-5_uf2 Epoch 44/50: 100%|█████████████████████████████████████████| 20/20 [00:02<00:00,  8.65it/s]

📊 Validation Results (Per Task)
------------------------------------------------------------
sentiment  | F1=0.937 | Acc=0.948 | P=0.946 | R=0.933
urgency    | F1=0.762 | Acc=0.890 | P=0.752 | R=0.775
topic      | F1=0.873 | Acc=0.871 | P=0.893 | R=0.865
action     | F1=0.676 | Acc=0.890 | P=0.689 | R=0.673
------------------------------------------------------------
✅ Overall Avg | F1=0.812 | Acc=0.900 | P=0.820 | R=0.811

✅ Epoch 44 | Loss=0.1204 | F1(avg)=0.812 | Sent=0.937 | Urg=0.762 | Top=0.873 | Act=0.676
bert_base_lr2e-5_uf2 Epoch 45/50: 100%|█████████████████████████████████████████| 20/20 [00:02<00:00,  8.66it/s]

📊 Validation Results (Per Task)
------------------------------------------------------------
sentiment  | F1=0.936 | Acc=0.948 | P=0.942 | R=0.933
urgency    | F1=0.762 | Acc=0.890 | P=0.752 | R=0.775
topic      | F1=0.880 | Acc=0.877 | P=0.898 | R=0.873
action     | F1=0.680 | Acc=0.897 | P=0.693 | R=0.675
------------------------------------------------------------
✅ Overall Avg | F1=0.814 | Acc=0.903 | P=0.821 | R=0.814

✅ Epoch 45 | Loss=0.1203 | F1(avg)=0.814 | Sent=0.936 | Urg=0.762 | Top=0.880 | Act=0.680
bert_base_lr2e-5_uf2 Epoch 46/50: 100%|█████████████████████████████████████████| 20/20 [00:02<00:00,  8.70it/s]

📊 Validation Results (Per Task)
------------------------------------------------------------
sentiment  | F1=0.937 | Acc=0.948 | P=0.946 | R=0.933
urgency    | F1=0.762 | Acc=0.890 | P=0.752 | R=0.775
topic      | F1=0.880 | Acc=0.877 | P=0.898 | R=0.873
action     | F1=0.680 | Acc=0.897 | P=0.693 | R=0.675
------------------------------------------------------------
✅ Overall Avg | F1=0.815 | Acc=0.903 | P=0.822 | R=0.814

✅ Epoch 46 | Loss=0.1187 | F1(avg)=0.815 | Sent=0.937 | Urg=0.762 | Top=0.880 | Act=0.680
bert_base_lr2e-5_uf2 Epoch 47/50: 100%|█████████████████████████████████████████| 20/20 [00:02<00:00,  8.67it/s]

📊 Validation Results (Per Task)
------------------------------------------------------------
sentiment  | F1=0.937 | Acc=0.948 | P=0.946 | R=0.933
urgency    | F1=0.762 | Acc=0.890 | P=0.752 | R=0.775
topic      | F1=0.880 | Acc=0.877 | P=0.898 | R=0.873
action     | F1=0.680 | Acc=0.897 | P=0.693 | R=0.675
------------------------------------------------------------
✅ Overall Avg | F1=0.815 | Acc=0.903 | P=0.822 | R=0.814

✅ Epoch 47 | Loss=0.1222 | F1(avg)=0.815 | Sent=0.937 | Urg=0.762 | Top=0.880 | Act=0.680
bert_base_lr2e-5_uf2 Epoch 48/50: 100%|█████████████████████████████████████████| 20/20 [00:02<00:00,  8.66it/s]

📊 Validation Results (Per Task)
------------------------------------------------------------
sentiment  | F1=0.937 | Acc=0.948 | P=0.946 | R=0.933
urgency    | F1=0.762 | Acc=0.890 | P=0.752 | R=0.775
topic      | F1=0.880 | Acc=0.877 | P=0.898 | R=0.873
action     | F1=0.680 | Acc=0.897 | P=0.693 | R=0.675
------------------------------------------------------------
✅ Overall Avg | F1=0.815 | Acc=0.903 | P=0.822 | R=0.814

✅ Epoch 48 | Loss=0.1199 | F1(avg)=0.815 | Sent=0.937 | Urg=0.762 | Top=0.880 | Act=0.680
bert_base_lr2e-5_uf2 Epoch 49/50: 100%|█████████████████████████████████████████| 20/20 [00:02<00:00,  8.66it/s]

📊 Validation Results (Per Task)
------------------------------------------------------------
sentiment  | F1=0.937 | Acc=0.948 | P=0.946 | R=0.933
urgency    | F1=0.762 | Acc=0.890 | P=0.752 | R=0.775
topic      | F1=0.880 | Acc=0.877 | P=0.898 | R=0.873
action     | F1=0.680 | Acc=0.897 | P=0.693 | R=0.675
------------------------------------------------------------
✅ Overall Avg | F1=0.815 | Acc=0.903 | P=0.822 | R=0.814

✅ Epoch 49 | Loss=0.1227 | F1(avg)=0.815 | Sent=0.937 | Urg=0.762 | Top=0.880 | Act=0.680
bert_base_lr2e-5_uf2 Epoch 50/50: 100%|█████████████████████████████████████████| 20/20 [00:02<00:00,  8.47it/s]

📊 Validation Results (Per Task)
------------------------------------------------------------
sentiment  | F1=0.937 | Acc=0.948 | P=0.946 | R=0.933
urgency    | F1=0.762 | Acc=0.890 | P=0.752 | R=0.775
topic      | F1=0.880 | Acc=0.877 | P=0.898 | R=0.873
action     | F1=0.680 | Acc=0.897 | P=0.693 | R=0.675
------------------------------------------------------------
✅ Overall Avg | F1=0.815 | Acc=0.903 | P=0.822 | R=0.814

✅ Epoch 50 | Loss=0.1200 | F1(avg)=0.815 | Sent=0.937 | Urg=0.762 | Top=0.880 | Act=0.680
