bert_base_lr2e-5_uf2 Epoch 1/50: 100%|â–ˆâ–ˆâ–ˆâ–ˆâ–ˆâ–ˆâ–ˆâ–ˆâ–ˆâ–ˆâ–ˆâ–ˆâ–ˆâ–ˆâ–ˆâ–ˆâ–ˆâ–ˆâ–ˆâ–ˆâ–ˆâ–ˆâ–ˆâ–ˆâ–ˆâ–ˆâ–ˆâ–ˆâ–ˆâ–ˆâ–ˆâ–ˆâ–ˆâ–ˆâ–ˆâ–ˆâ–ˆâ–ˆâ–ˆâ–ˆâ–ˆâ–ˆ| 39/39 [01:02<00:00,  1.60s/it]

ðŸ“Š Validation Results (Per Task)
------------------------------------------------------------
sentiment  | F1=0.292 | Acc=0.503 | P=0.413 | R=0.376
urgency    | F1=0.351 | Acc=0.632 | P=0.507 | R=0.389
topic      | F1=0.185 | Acc=0.368 | P=0.336 | R=0.246
action     | F1=0.165 | Acc=0.542 | P=0.228 | R=0.194
------------------------------------------------------------
âœ… Overall Avg | F1=0.248 | Acc=0.511 | P=0.371 | R=0.301

âœ… Epoch 1 | Loss=1.4140 | F1(avg)=0.248 | Sent=0.292 | Urg=0.351 | Top=0.185 | Act=0.165
bert_base_lr2e-5_uf2 Epoch 2/50: 100%|â–ˆâ–ˆâ–ˆâ–ˆâ–ˆâ–ˆâ–ˆâ–ˆâ–ˆâ–ˆâ–ˆâ–ˆâ–ˆâ–ˆâ–ˆâ–ˆâ–ˆâ–ˆâ–ˆâ–ˆâ–ˆâ–ˆâ–ˆâ–ˆâ–ˆâ–ˆâ–ˆâ–ˆâ–ˆâ–ˆâ–ˆâ–ˆâ–ˆâ–ˆâ–ˆâ–ˆâ–ˆâ–ˆâ–ˆâ–ˆâ–ˆâ–ˆ| 39/39 [00:58<00:00,  1.50s/it]

ðŸ“Š Validation Results (Per Task)
------------------------------------------------------------
sentiment  | F1=0.851 | Acc=0.877 | P=0.876 | R=0.839
urgency    | F1=0.571 | Acc=0.839 | P=0.552 | R=0.591
topic      | F1=0.623 | Acc=0.716 | P=0.620 | R=0.639
action     | F1=0.263 | Acc=0.658 | P=0.369 | R=0.303
------------------------------------------------------------
âœ… Overall Avg | F1=0.577 | Acc=0.773 | P=0.604 | R=0.593

âœ… Epoch 2 | Loss=1.0849 | F1(avg)=0.577 | Sent=0.851 | Urg=0.571 | Top=0.623 | Act=0.263
bert_base_lr2e-5_uf2 Epoch 3/50: 100%|â–ˆâ–ˆâ–ˆâ–ˆâ–ˆâ–ˆâ–ˆâ–ˆâ–ˆâ–ˆâ–ˆâ–ˆâ–ˆâ–ˆâ–ˆâ–ˆâ–ˆâ–ˆâ–ˆâ–ˆâ–ˆâ–ˆâ–ˆâ–ˆâ–ˆâ–ˆâ–ˆâ–ˆâ–ˆâ–ˆâ–ˆâ–ˆâ–ˆâ–ˆâ–ˆâ–ˆâ–ˆâ–ˆâ–ˆâ–ˆâ–ˆâ–ˆ| 39/39 [00:58<00:00,  1.49s/it]

ðŸ“Š Validation Results (Per Task)
------------------------------------------------------------
sentiment  | F1=0.842 | Acc=0.884 | P=0.882 | R=0.838
urgency    | F1=0.649 | Acc=0.871 | P=0.743 | R=0.648
topic      | F1=0.676 | Acc=0.768 | P=0.676 | R=0.689
action     | F1=0.375 | Acc=0.761 | P=0.388 | R=0.405
------------------------------------------------------------
âœ… Overall Avg | F1=0.636 | Acc=0.821 | P=0.672 | R=0.645

âœ… Epoch 3 | Loss=0.7982 | F1(avg)=0.636 | Sent=0.842 | Urg=0.649 | Top=0.676 | Act=0.375
bert_base_lr2e-5_uf2 Epoch 4/50:  79%|â–ˆâ–ˆâ–ˆâ–ˆâ–ˆâ–ˆâ–ˆâ–ˆâ–ˆâ–ˆâ–ˆâ–ˆâ–ˆâ–ˆâ–ˆâ–ˆâ–ˆâ–ˆâ–ˆâ–ˆâ–ˆâ–ˆâ–ˆâ–ˆâ–ˆâ–ˆâ–ˆâ–ˆâ–ˆâ–ˆâ–ˆâ–ˆâ–ˆâ–        | 31/39 [00:46<00:11,  1.49s/it]
Traceback (most recent call last):
  File "/home/700050058/project_feedback_analyzer/training_multitask.py", line 492, in <module>
    result = run_experiment(cfg)
             ^^^^^^^^^^^^^^^^^^^
  File "/home/700050058/project_feedback_analyzer/training_multitask.py", line 280, in run_experiment
    train_loss, val_f1 = train_model(model, train_loader, val_loader, optimizer, scheduler, loss_fn, cfg)
                         ^^^^^^^^^^^^^^^^^^^^^^^^^^^^^^^^^^^^^^^^^^^^^^^^^^^^^^^^^^^^^^^^^^^^^^^^^^^^^^^^
  File "/home/700050058/project_feedback_analyzer/training_multitask.py", line 205, in train_model
    out = model(ids, mask, rule)
          ^^^^^^^^^^^^^^^^^^^^^^
  File "/home/700050058/.conda/envs/fastvideo/lib/python3.12/site-packages/torch/nn/modules/module.py", line 1751, in _wrapped_call_impl
    return self._call_impl(*args, **kwargs)
           ^^^^^^^^^^^^^^^^^^^^^^^^^^^^^^^^
  File "/home/700050058/.conda/envs/fastvideo/lib/python3.12/site-packages/torch/nn/modules/module.py", line 1857, in _call_impl
    return inner()
           ^^^^^^^
  File "/home/700050058/.conda/envs/fastvideo/lib/python3.12/site-packages/torch/nn/modules/module.py", line 1805, in inner
    result = forward_call(*args, **kwargs)
             ^^^^^^^^^^^^^^^^^^^^^^^^^^^^^
  File "/home/700050058/project_feedback_analyzer/training_multitask.py", line 102, in forward
    out = self.encoder(input_ids=input_ids, attention_mask=attention_mask)
          ^^^^^^^^^^^^^^^^^^^^^^^^^^^^^^^^^^^^^^^^^^^^^^^^^^^^^^^^^^^^^^^^
  File "/home/700050058/.conda/envs/fastvideo/lib/python3.12/site-packages/torch/nn/modules/module.py", line 1751, in _wrapped_call_impl
    return self._call_impl(*args, **kwargs)
           ^^^^^^^^^^^^^^^^^^^^^^^^^^^^^^^^
  File "/home/700050058/.conda/envs/fastvideo/lib/python3.12/site-packages/torch/nn/modules/module.py", line 1762, in _call_impl
    return forward_call(*args, **kwargs)
           ^^^^^^^^^^^^^^^^^^^^^^^^^^^^^
  File "/home/700050058/.conda/envs/fastvideo/lib/python3.12/site-packages/transformers/models/bert/modeling_bert.py", line 1000, in forward
    encoder_outputs = self.encoder(
                      ^^^^^^^^^^^^^
  File "/home/700050058/.conda/envs/fastvideo/lib/python3.12/site-packages/torch/nn/modules/module.py", line 1751, in _wrapped_call_impl
    return self._call_impl(*args, **kwargs)
           ^^^^^^^^^^^^^^^^^^^^^^^^^^^^^^^^
  File "/home/700050058/.conda/envs/fastvideo/lib/python3.12/site-packages/torch/nn/modules/module.py", line 1762, in _call_impl
    return forward_call(*args, **kwargs)
           ^^^^^^^^^^^^^^^^^^^^^^^^^^^^^
  File "/home/700050058/.conda/envs/fastvideo/lib/python3.12/site-packages/transformers/models/bert/modeling_bert.py", line 650, in forward
    layer_outputs = layer_module(
                    ^^^^^^^^^^^^^
  File "/home/700050058/.conda/envs/fastvideo/lib/python3.12/site-packages/transformers/modeling_layers.py", line 94, in __call__
    return super().__call__(*args, **kwargs)
           ^^^^^^^^^^^^^^^^^^^^^^^^^^^^^^^^^
  File "/home/700050058/.conda/envs/fastvideo/lib/python3.12/site-packages/torch/nn/modules/module.py", line 1751, in _wrapped_call_impl
    return self._call_impl(*args, **kwargs)
           ^^^^^^^^^^^^^^^^^^^^^^^^^^^^^^^^
  File "/home/700050058/.conda/envs/fastvideo/lib/python3.12/site-packages/torch/nn/modules/module.py", line 1762, in _call_impl
    return forward_call(*args, **kwargs)
           ^^^^^^^^^^^^^^^^^^^^^^^^^^^^^
  File "/home/700050058/.conda/envs/fastvideo/lib/python3.12/site-packages/transformers/utils/deprecation.py", line 172, in wrapped_func
    return func(*args, **kwargs)
           ^^^^^^^^^^^^^^^^^^^^^
  File "/home/700050058/.conda/envs/fastvideo/lib/python3.12/site-packages/transformers/models/bert/modeling_bert.py", line 558, in forward
    self_attention_outputs = self.attention(
                             ^^^^^^^^^^^^^^^
  File "/home/700050058/.conda/envs/fastvideo/lib/python3.12/site-packages/torch/nn/modules/module.py", line 1751, in _wrapped_call_impl
    return self._call_impl(*args, **kwargs)
           ^^^^^^^^^^^^^^^^^^^^^^^^^^^^^^^^
  File "/home/700050058/.conda/envs/fastvideo/lib/python3.12/site-packages/torch/nn/modules/module.py", line 1762, in _call_impl
    return forward_call(*args, **kwargs)
           ^^^^^^^^^^^^^^^^^^^^^^^^^^^^^
  File "/home/700050058/.conda/envs/fastvideo/lib/python3.12/site-packages/transformers/utils/deprecation.py", line 172, in wrapped_func
    return func(*args, **kwargs)
           ^^^^^^^^^^^^^^^^^^^^^
  File "/home/700050058/.conda/envs/fastvideo/lib/python3.12/site-packages/transformers/models/bert/modeling_bert.py", line 497, in forward
    attention_output = self.output(self_outputs[0], hidden_states)
                       ^^^^^^^^^^^^^^^^^^^^^^^^^^^^^^^^^^^^^^^^^^^
  File "/home/700050058/.conda/envs/fastvideo/lib/python3.12/site-packages/torch/nn/modules/module.py", line 1751, in _wrapped_call_impl
    return self._call_impl(*args, **kwargs)
           ^^^^^^^^^^^^^^^^^^^^^^^^^^^^^^^^
  File "/home/700050058/.conda/envs/fastvideo/lib/python3.12/site-packages/torch/nn/modules/module.py", line 1762, in _call_impl
    return forward_call(*args, **kwargs)
           ^^^^^^^^^^^^^^^^^^^^^^^^^^^^^
  File "/home/700050058/.conda/envs/fastvideo/lib/python3.12/site-packages/transformers/models/bert/modeling_bert.py", line 437, in forward
    hidden_states = self.dropout(hidden_states)
                    ^^^^^^^^^^^^^^^^^^^^^^^^^^^
  File "/home/700050058/.conda/envs/fastvideo/lib/python3.12/site-packages/torch/nn/modules/module.py", line 1751, in _wrapped_call_impl
    return self._call_impl(*args, **kwargs)
           ^^^^^^^^^^^^^^^^^^^^^^^^^^^^^^^^
  File "/home/700050058/.conda/envs/fastvideo/lib/python3.12/site-packages/torch/nn/modules/module.py", line 1762, in _call_impl
    return forward_call(*args, **kwargs)
           ^^^^^^^^^^^^^^^^^^^^^^^^^^^^^
  File "/home/700050058/.conda/envs/fastvideo/lib/python3.12/site-packages/torch/nn/modules/dropout.py", line 70, in forward
    return F.dropout(input, self.p, self.training, self.inplace)
           ^^^^^^^^^^^^^^^^^^^^^^^^^^^^^^^^^^^^^^^^^^^^^^^^^^^^^
  File "/home/700050058/.conda/envs/fastvideo/lib/python3.12/site-packages/torch/nn/functional.py", line 1425, in dropout
    _VF.dropout_(input, p, training) if inplace else _VF.dropout(input, p, training)
                                                     ^^^^^^^^^^^^^^^^^^^^^^^^^^^^^^^
KeyboardInterrupt
