Use device:cuda
bert_base_lr2e-5_uf2 Epoch 1/50: 100%|██████████████████████████████████████████| 20/20 [00:02<00:00,  7.98it/s]

📊 Validation Results (Per Task)
------------------------------------------------------------
sentiment  | F1=0.211 | Acc=0.465 | P=0.155 | R=0.333
urgency    | F1=0.311 | Acc=0.606 | P=0.484 | R=0.365
topic      | F1=0.151 | Acc=0.316 | P=0.187 | R=0.205
action     | F1=0.113 | Acc=0.510 | P=0.085 | R=0.165
------------------------------------------------------------
✅ Overall Avg | F1=0.197 | Acc=0.474 | P=0.228 | R=0.267

✅ Epoch 1 | Loss=1.4457 | F1(avg)=0.197 | Sent=0.211 | Urg=0.311 | Top=0.151 | Act=0.113
bert_base_lr2e-5_uf2 Epoch 2/50: 100%|██████████████████████████████████████████| 20/20 [00:02<00:00,  8.63it/s]

📊 Validation Results (Per Task)
------------------------------------------------------------
sentiment  | F1=0.476 | Acc=0.626 | P=0.651 | R=0.515
urgency    | F1=0.476 | Acc=0.735 | P=0.524 | R=0.484
topic      | F1=0.275 | Acc=0.426 | P=0.339 | R=0.311
action     | F1=0.113 | Acc=0.510 | P=0.086 | R=0.165
------------------------------------------------------------
✅ Overall Avg | F1=0.335 | Acc=0.574 | P=0.400 | R=0.369

✅ Epoch 2 | Loss=1.2366 | F1(avg)=0.335 | Sent=0.476 | Urg=0.476 | Top=0.275 | Act=0.113
bert_base_lr2e-5_uf2 Epoch 3/50: 100%|██████████████████████████████████████████| 20/20 [00:02<00:00,  8.64it/s]

📊 Validation Results (Per Task)
------------------------------------------------------------
sentiment  | F1=0.789 | Acc=0.832 | P=0.840 | R=0.784
urgency    | F1=0.570 | Acc=0.839 | P=0.553 | R=0.588
topic      | F1=0.488 | Acc=0.600 | P=0.564 | R=0.518
action     | F1=0.257 | Acc=0.645 | P=0.384 | R=0.290
------------------------------------------------------------
✅ Overall Avg | F1=0.526 | Acc=0.729 | P=0.585 | R=0.545

✅ Epoch 3 | Loss=1.0683 | F1(avg)=0.526 | Sent=0.789 | Urg=0.570 | Top=0.488 | Act=0.257
bert_base_lr2e-5_uf2 Epoch 4/50: 100%|██████████████████████████████████████████| 20/20 [00:02<00:00,  8.65it/s]

📊 Validation Results (Per Task)
------------------------------------------------------------
sentiment  | F1=0.825 | Acc=0.865 | P=0.866 | R=0.819
urgency    | F1=0.585 | Acc=0.858 | P=0.566 | R=0.606
topic      | F1=0.585 | Acc=0.684 | P=0.598 | R=0.604
action     | F1=0.339 | Acc=0.716 | P=0.357 | R=0.358
------------------------------------------------------------
✅ Overall Avg | F1=0.584 | Acc=0.781 | P=0.597 | R=0.597

✅ Epoch 4 | Loss=0.9013 | F1(avg)=0.584 | Sent=0.825 | Urg=0.585 | Top=0.585 | Act=0.339
bert_base_lr2e-5_uf2 Epoch 5/50: 100%|██████████████████████████████████████████| 20/20 [00:02<00:00,  8.65it/s]

📊 Validation Results (Per Task)
------------------------------------------------------------
sentiment  | F1=0.869 | Acc=0.897 | P=0.904 | R=0.863
urgency    | F1=0.651 | Acc=0.871 | P=0.746 | R=0.646
topic      | F1=0.633 | Acc=0.723 | P=0.626 | R=0.649
action     | F1=0.366 | Acc=0.748 | P=0.373 | R=0.390
------------------------------------------------------------
✅ Overall Avg | F1=0.629 | Acc=0.810 | P=0.662 | R=0.637

✅ Epoch 5 | Loss=0.7431 | F1(avg)=0.629 | Sent=0.869 | Urg=0.651 | Top=0.633 | Act=0.366
bert_base_lr2e-5_uf2 Epoch 6/50: 100%|██████████████████████████████████████████| 20/20 [00:02<00:00,  8.71it/s]

📊 Validation Results (Per Task)
------------------------------------------------------------
sentiment  | F1=0.874 | Acc=0.903 | P=0.908 | R=0.868
urgency    | F1=0.649 | Acc=0.871 | P=0.743 | R=0.646
topic      | F1=0.765 | Acc=0.787 | P=0.823 | R=0.747
action     | F1=0.392 | Acc=0.781 | P=0.387 | R=0.421
------------------------------------------------------------
✅ Overall Avg | F1=0.670 | Acc=0.835 | P=0.715 | R=0.671

✅ Epoch 6 | Loss=0.6343 | F1(avg)=0.670 | Sent=0.874 | Urg=0.649 | Top=0.765 | Act=0.392
bert_base_lr2e-5_uf2 Epoch 7/50: 100%|██████████████████████████████████████████| 20/20 [00:02<00:00,  8.64it/s]

📊 Validation Results (Per Task)
------------------------------------------------------------
sentiment  | F1=0.876 | Acc=0.903 | P=0.900 | R=0.870
urgency    | F1=0.659 | Acc=0.884 | P=0.752 | R=0.657
topic      | F1=0.819 | Acc=0.832 | P=0.859 | R=0.803
action     | F1=0.396 | Acc=0.787 | P=0.380 | R=0.432
------------------------------------------------------------
✅ Overall Avg | F1=0.688 | Acc=0.852 | P=0.723 | R=0.691

✅ Epoch 7 | Loss=0.5430 | F1(avg)=0.688 | Sent=0.876 | Urg=0.659 | Top=0.819 | Act=0.396
bert_base_lr2e-5_uf2 Epoch 8/50: 100%|██████████████████████████████████████████| 20/20 [00:02<00:00,  8.64it/s]

📊 Validation Results (Per Task)
------------------------------------------------------------
sentiment  | F1=0.885 | Acc=0.910 | P=0.906 | R=0.879
urgency    | F1=0.657 | Acc=0.884 | P=0.701 | R=0.657
topic      | F1=0.811 | Acc=0.826 | P=0.851 | R=0.795
action     | F1=0.412 | Acc=0.787 | P=0.453 | R=0.437
------------------------------------------------------------
✅ Overall Avg | F1=0.691 | Acc=0.852 | P=0.727 | R=0.692

✅ Epoch 8 | Loss=0.4841 | F1(avg)=0.691 | Sent=0.885 | Urg=0.657 | Top=0.811 | Act=0.412
bert_base_lr2e-5_uf2 Epoch 9/50: 100%|██████████████████████████████████████████| 20/20 [00:02<00:00,  8.64it/s]

📊 Validation Results (Per Task)
------------------------------------------------------------
sentiment  | F1=0.902 | Acc=0.923 | P=0.924 | R=0.896
urgency    | F1=0.694 | Acc=0.884 | P=0.727 | R=0.685
topic      | F1=0.839 | Acc=0.845 | P=0.871 | R=0.823
action     | F1=0.433 | Acc=0.800 | P=0.466 | R=0.453
------------------------------------------------------------
✅ Overall Avg | F1=0.717 | Acc=0.863 | P=0.747 | R=0.714

✅ Epoch 9 | Loss=0.4376 | F1(avg)=0.717 | Sent=0.902 | Urg=0.694 | Top=0.839 | Act=0.433
bert_base_lr2e-5_uf2 Epoch 10/50: 100%|█████████████████████████████████████████| 20/20 [00:02<00:00,  8.64it/s]

📊 Validation Results (Per Task)
------------------------------------------------------------
sentiment  | F1=0.902 | Acc=0.923 | P=0.924 | R=0.896
urgency    | F1=0.704 | Acc=0.897 | P=0.736 | R=0.697
topic      | F1=0.834 | Acc=0.839 | P=0.865 | R=0.820
action     | F1=0.526 | Acc=0.819 | P=0.589 | R=0.517
------------------------------------------------------------
✅ Overall Avg | F1=0.741 | Acc=0.869 | P=0.778 | R=0.732

✅ Epoch 10 | Loss=0.3992 | F1(avg)=0.741 | Sent=0.902 | Urg=0.704 | Top=0.834 | Act=0.526
bert_base_lr2e-5_uf2 Epoch 11/50: 100%|█████████████████████████████████████████| 20/20 [00:02<00:00,  8.64it/s]

📊 Validation Results (Per Task)
------------------------------------------------------------
sentiment  | F1=0.902 | Acc=0.923 | P=0.924 | R=0.896
urgency    | F1=0.709 | Acc=0.903 | P=0.740 | R=0.703
topic      | F1=0.836 | Acc=0.845 | P=0.864 | R=0.825
action     | F1=0.539 | Acc=0.826 | P=0.598 | R=0.527
------------------------------------------------------------
✅ Overall Avg | F1=0.746 | Acc=0.874 | P=0.781 | R=0.738

✅ Epoch 11 | Loss=0.3687 | F1(avg)=0.746 | Sent=0.902 | Urg=0.709 | Top=0.836 | Act=0.539
bert_base_lr2e-5_uf2 Epoch 12/50: 100%|█████████████████████████████████████████| 20/20 [00:02<00:00,  8.65it/s]

📊 Validation Results (Per Task)
------------------------------------------------------------
sentiment  | F1=0.902 | Acc=0.923 | P=0.924 | R=0.896
urgency    | F1=0.748 | Acc=0.910 | P=0.778 | R=0.736
topic      | F1=0.833 | Acc=0.839 | P=0.860 | R=0.820
action     | F1=0.538 | Acc=0.826 | P=0.589 | R=0.527
------------------------------------------------------------
✅ Overall Avg | F1=0.755 | Acc=0.874 | P=0.788 | R=0.745

✅ Epoch 12 | Loss=0.3411 | F1(avg)=0.755 | Sent=0.902 | Urg=0.748 | Top=0.833 | Act=0.538
bert_base_lr2e-5_uf2 Epoch 13/50: 100%|█████████████████████████████████████████| 20/20 [00:02<00:00,  8.66it/s]

📊 Validation Results (Per Task)
------------------------------------------------------------
sentiment  | F1=0.902 | Acc=0.923 | P=0.924 | R=0.896
urgency    | F1=0.752 | Acc=0.916 | P=0.783 | R=0.742
topic      | F1=0.843 | Acc=0.845 | P=0.873 | R=0.828
action     | F1=0.555 | Acc=0.839 | P=0.600 | R=0.544
------------------------------------------------------------
✅ Overall Avg | F1=0.763 | Acc=0.881 | P=0.795 | R=0.752

✅ Epoch 13 | Loss=0.3222 | F1(avg)=0.763 | Sent=0.902 | Urg=0.752 | Top=0.843 | Act=0.555
bert_base_lr2e-5_uf2 Epoch 14/50: 100%|█████████████████████████████████████████| 20/20 [00:02<00:00,  8.71it/s]

📊 Validation Results (Per Task)
------------------------------------------------------------
sentiment  | F1=0.919 | Acc=0.935 | P=0.942 | R=0.912
urgency    | F1=0.748 | Acc=0.910 | P=0.778 | R=0.736
topic      | F1=0.849 | Acc=0.852 | P=0.878 | R=0.835
action     | F1=0.560 | Acc=0.839 | P=0.603 | R=0.548
------------------------------------------------------------
✅ Overall Avg | F1=0.769 | Acc=0.884 | P=0.800 | R=0.758

✅ Epoch 14 | Loss=0.2950 | F1(avg)=0.769 | Sent=0.919 | Urg=0.748 | Top=0.849 | Act=0.560
bert_base_lr2e-5_uf2 Epoch 15/50: 100%|█████████████████████████████████████████| 20/20 [00:02<00:00,  8.64it/s]

📊 Validation Results (Per Task)
------------------------------------------------------------
sentiment  | F1=0.910 | Acc=0.929 | P=0.937 | R=0.903
urgency    | F1=0.748 | Acc=0.910 | P=0.778 | R=0.736
topic      | F1=0.855 | Acc=0.858 | P=0.887 | R=0.838
action     | F1=0.552 | Acc=0.832 | P=0.593 | R=0.541
------------------------------------------------------------
✅ Overall Avg | F1=0.766 | Acc=0.882 | P=0.799 | R=0.755

✅ Epoch 15 | Loss=0.2825 | F1(avg)=0.766 | Sent=0.910 | Urg=0.748 | Top=0.855 | Act=0.552
bert_base_lr2e-5_uf2 Epoch 16/50: 100%|█████████████████████████████████████████| 20/20 [00:02<00:00,  8.64it/s]

📊 Validation Results (Per Task)
------------------------------------------------------------
sentiment  | F1=0.928 | Acc=0.942 | P=0.947 | R=0.921
urgency    | F1=0.782 | Acc=0.916 | P=0.806 | R=0.769
topic      | F1=0.870 | Acc=0.871 | P=0.895 | R=0.859
action     | F1=0.563 | Acc=0.839 | P=0.601 | R=0.552
------------------------------------------------------------
✅ Overall Avg | F1=0.786 | Acc=0.892 | P=0.812 | R=0.775

✅ Epoch 16 | Loss=0.2612 | F1(avg)=0.786 | Sent=0.928 | Urg=0.782 | Top=0.870 | Act=0.563
bert_base_lr2e-5_uf2 Epoch 17/50: 100%|█████████████████████████████████████████| 20/20 [00:02<00:00,  8.65it/s]

📊 Validation Results (Per Task)
------------------------------------------------------------
sentiment  | F1=0.945 | Acc=0.955 | P=0.958 | R=0.940
urgency    | F1=0.748 | Acc=0.910 | P=0.778 | R=0.736
topic      | F1=0.875 | Acc=0.877 | P=0.903 | R=0.862
action     | F1=0.563 | Acc=0.839 | P=0.601 | R=0.552
------------------------------------------------------------
✅ Overall Avg | F1=0.783 | Acc=0.895 | P=0.810 | R=0.772

✅ Epoch 17 | Loss=0.2501 | F1(avg)=0.783 | Sent=0.945 | Urg=0.748 | Top=0.875 | Act=0.563
bert_base_lr2e-5_uf2 Epoch 18/50: 100%|█████████████████████████████████████████| 20/20 [00:02<00:00,  8.63it/s]

📊 Validation Results (Per Task)
------------------------------------------------------------
sentiment  | F1=0.928 | Acc=0.942 | P=0.947 | R=0.921
urgency    | F1=0.748 | Acc=0.910 | P=0.778 | R=0.736
topic      | F1=0.870 | Acc=0.871 | P=0.897 | R=0.856
action     | F1=0.563 | Acc=0.839 | P=0.601 | R=0.552
------------------------------------------------------------
✅ Overall Avg | F1=0.777 | Acc=0.890 | P=0.806 | R=0.766

✅ Epoch 18 | Loss=0.2357 | F1(avg)=0.777 | Sent=0.928 | Urg=0.748 | Top=0.870 | Act=0.563
bert_base_lr2e-5_uf2 Epoch 19/50: 100%|█████████████████████████████████████████| 20/20 [00:02<00:00,  8.64it/s]

📊 Validation Results (Per Task)
------------------------------------------------------------
sentiment  | F1=0.945 | Acc=0.955 | P=0.958 | R=0.940
urgency    | F1=0.748 | Acc=0.910 | P=0.778 | R=0.736
topic      | F1=0.857 | Acc=0.858 | P=0.880 | R=0.845
action     | F1=0.566 | Acc=0.845 | P=0.605 | R=0.554
------------------------------------------------------------
✅ Overall Avg | F1=0.779 | Acc=0.892 | P=0.805 | R=0.769

✅ Epoch 19 | Loss=0.2323 | F1(avg)=0.779 | Sent=0.945 | Urg=0.748 | Top=0.857 | Act=0.566
bert_base_lr2e-5_uf2 Epoch 20/50: 100%|█████████████████████████████████████████| 20/20 [00:02<00:00,  8.65it/s]

📊 Validation Results (Per Task)
------------------------------------------------------------
sentiment  | F1=0.945 | Acc=0.955 | P=0.958 | R=0.940
urgency    | F1=0.782 | Acc=0.916 | P=0.806 | R=0.769
topic      | F1=0.870 | Acc=0.871 | P=0.895 | R=0.859
action     | F1=0.605 | Acc=0.852 | P=0.634 | R=0.592
------------------------------------------------------------
✅ Overall Avg | F1=0.800 | Acc=0.898 | P=0.823 | R=0.790

✅ Epoch 20 | Loss=0.2248 | F1(avg)=0.800 | Sent=0.945 | Urg=0.782 | Top=0.870 | Act=0.605
bert_base_lr2e-5_uf2 Epoch 21/50: 100%|█████████████████████████████████████████| 20/20 [00:02<00:00,  8.66it/s]

📊 Validation Results (Per Task)
------------------------------------------------------------
sentiment  | F1=0.928 | Acc=0.942 | P=0.947 | R=0.921
urgency    | F1=0.782 | Acc=0.916 | P=0.806 | R=0.769
topic      | F1=0.868 | Acc=0.871 | P=0.894 | R=0.854
action     | F1=0.576 | Acc=0.852 | P=0.615 | R=0.564
------------------------------------------------------------
✅ Overall Avg | F1=0.788 | Acc=0.895 | P=0.816 | R=0.777

✅ Epoch 21 | Loss=0.2047 | F1(avg)=0.788 | Sent=0.928 | Urg=0.782 | Top=0.868 | Act=0.576
bert_base_lr2e-5_uf2 Epoch 22/50: 100%|█████████████████████████████████████████| 20/20 [00:02<00:00,  8.72it/s]

📊 Validation Results (Per Task)
------------------------------------------------------------
sentiment  | F1=0.928 | Acc=0.942 | P=0.947 | R=0.921
urgency    | F1=0.782 | Acc=0.916 | P=0.806 | R=0.769
topic      | F1=0.851 | Acc=0.852 | P=0.871 | R=0.838
action     | F1=0.623 | Acc=0.865 | P=0.650 | R=0.613
------------------------------------------------------------
✅ Overall Avg | F1=0.796 | Acc=0.894 | P=0.819 | R=0.785

✅ Epoch 22 | Loss=0.1995 | F1(avg)=0.796 | Sent=0.928 | Urg=0.782 | Top=0.851 | Act=0.623
bert_base_lr2e-5_uf2 Epoch 23/50: 100%|█████████████████████████████████████████| 20/20 [00:02<00:00,  8.66it/s]

📊 Validation Results (Per Task)
------------------------------------------------------------
sentiment  | F1=0.928 | Acc=0.942 | P=0.947 | R=0.921
urgency    | F1=0.782 | Acc=0.916 | P=0.806 | R=0.769
topic      | F1=0.868 | Acc=0.871 | P=0.894 | R=0.854
action     | F1=0.616 | Acc=0.865 | P=0.644 | R=0.604
------------------------------------------------------------
✅ Overall Avg | F1=0.798 | Acc=0.898 | P=0.823 | R=0.787

✅ Epoch 23 | Loss=0.1933 | F1(avg)=0.798 | Sent=0.928 | Urg=0.782 | Top=0.868 | Act=0.616
bert_base_lr2e-5_uf2 Epoch 24/50: 100%|█████████████████████████████████████████| 20/20 [00:02<00:00,  8.65it/s]

📊 Validation Results (Per Task)
------------------------------------------------------------
sentiment  | F1=0.921 | Acc=0.935 | P=0.935 | R=0.917
urgency    | F1=0.759 | Acc=0.903 | P=0.763 | R=0.757
topic      | F1=0.877 | Acc=0.877 | P=0.897 | R=0.869
action     | F1=0.618 | Acc=0.865 | P=0.648 | R=0.604
------------------------------------------------------------
✅ Overall Avg | F1=0.794 | Acc=0.895 | P=0.811 | R=0.787

✅ Epoch 24 | Loss=0.1836 | F1(avg)=0.794 | Sent=0.921 | Urg=0.759 | Top=0.877 | Act=0.618
bert_base_lr2e-5_uf2 Epoch 25/50: 100%|█████████████████████████████████████████| 20/20 [00:02<00:00,  8.65it/s]

📊 Validation Results (Per Task)
------------------------------------------------------------
sentiment  | F1=0.921 | Acc=0.935 | P=0.935 | R=0.917
urgency    | F1=0.765 | Acc=0.903 | P=0.777 | R=0.757
topic      | F1=0.877 | Acc=0.877 | P=0.897 | R=0.869
action     | F1=0.650 | Acc=0.871 | P=0.670 | R=0.638
------------------------------------------------------------
✅ Overall Avg | F1=0.803 | Acc=0.897 | P=0.820 | R=0.795

✅ Epoch 25 | Loss=0.1874 | F1(avg)=0.803 | Sent=0.921 | Urg=0.765 | Top=0.877 | Act=0.650
bert_base_lr2e-5_uf2 Epoch 26/50: 100%|█████████████████████████████████████████| 20/20 [00:02<00:00,  8.65it/s]

📊 Validation Results (Per Task)
------------------------------------------------------------
sentiment  | F1=0.945 | Acc=0.955 | P=0.958 | R=0.940
urgency    | F1=0.759 | Acc=0.903 | P=0.763 | R=0.757
topic      | F1=0.872 | Acc=0.871 | P=0.891 | R=0.862
action     | F1=0.623 | Acc=0.865 | P=0.650 | R=0.613
------------------------------------------------------------
✅ Overall Avg | F1=0.800 | Acc=0.898 | P=0.815 | R=0.793

✅ Epoch 26 | Loss=0.1740 | F1(avg)=0.800 | Sent=0.945 | Urg=0.759 | Top=0.872 | Act=0.623
bert_base_lr2e-5_uf2 Epoch 27/50: 100%|█████████████████████████████████████████| 20/20 [00:02<00:00,  8.65it/s]

📊 Validation Results (Per Task)
------------------------------------------------------------
sentiment  | F1=0.937 | Acc=0.948 | P=0.946 | R=0.935
urgency    | F1=0.783 | Acc=0.903 | P=0.782 | R=0.785
topic      | F1=0.877 | Acc=0.877 | P=0.897 | R=0.869
action     | F1=0.650 | Acc=0.871 | P=0.670 | R=0.638
------------------------------------------------------------
✅ Overall Avg | F1=0.812 | Acc=0.900 | P=0.824 | R=0.807

✅ Epoch 27 | Loss=0.1727 | F1(avg)=0.812 | Sent=0.937 | Urg=0.783 | Top=0.877 | Act=0.650
bert_base_lr2e-5_uf2 Epoch 28/50: 100%|█████████████████████████████████████████| 20/20 [00:02<00:00,  8.63it/s]

📊 Validation Results (Per Task)
------------------------------------------------------------
sentiment  | F1=0.946 | Acc=0.955 | P=0.952 | R=0.944
urgency    | F1=0.783 | Acc=0.903 | P=0.782 | R=0.785
topic      | F1=0.877 | Acc=0.877 | P=0.897 | R=0.869
action     | F1=0.658 | Acc=0.877 | P=0.675 | R=0.648
------------------------------------------------------------
✅ Overall Avg | F1=0.816 | Acc=0.903 | P=0.826 | R=0.811

✅ Epoch 28 | Loss=0.1633 | F1(avg)=0.816 | Sent=0.946 | Urg=0.783 | Top=0.877 | Act=0.658
bert_base_lr2e-5_uf2 Epoch 29/50: 100%|█████████████████████████████████████████| 20/20 [00:02<00:00,  8.64it/s]

📊 Validation Results (Per Task)
------------------------------------------------------------
sentiment  | F1=0.946 | Acc=0.955 | P=0.952 | R=0.944
urgency    | F1=0.795 | Acc=0.910 | P=0.801 | R=0.791
topic      | F1=0.878 | Acc=0.877 | P=0.893 | R=0.873
action     | F1=0.675 | Acc=0.890 | P=0.688 | R=0.669
------------------------------------------------------------
✅ Overall Avg | F1=0.824 | Acc=0.908 | P=0.834 | R=0.819

✅ Epoch 29 | Loss=0.1570 | F1(avg)=0.824 | Sent=0.946 | Urg=0.795 | Top=0.878 | Act=0.675
bert_base_lr2e-5_uf2 Epoch 30/50: 100%|█████████████████████████████████████████| 20/20 [00:02<00:00,  8.70it/s]

📊 Validation Results (Per Task)
------------------------------------------------------------
sentiment  | F1=0.930 | Acc=0.942 | P=0.941 | R=0.926
urgency    | F1=0.795 | Acc=0.910 | P=0.801 | R=0.791
topic      | F1=0.878 | Acc=0.877 | P=0.893 | R=0.873
action     | F1=0.658 | Acc=0.877 | P=0.675 | R=0.648
------------------------------------------------------------
✅ Overall Avg | F1=0.815 | Acc=0.902 | P=0.828 | R=0.809

✅ Epoch 30 | Loss=0.1505 | F1(avg)=0.815 | Sent=0.930 | Urg=0.795 | Top=0.878 | Act=0.658
bert_base_lr2e-5_uf2 Epoch 31/50: 100%|█████████████████████████████████████████| 20/20 [00:02<00:00,  8.63it/s]

📊 Validation Results (Per Task)
------------------------------------------------------------
sentiment  | F1=0.938 | Acc=0.948 | P=0.947 | R=0.935
urgency    | F1=0.795 | Acc=0.910 | P=0.801 | R=0.791
topic      | F1=0.884 | Acc=0.884 | P=0.901 | R=0.877
action     | F1=0.658 | Acc=0.877 | P=0.675 | R=0.648
------------------------------------------------------------
✅ Overall Avg | F1=0.819 | Acc=0.905 | P=0.831 | R=0.813

✅ Epoch 31 | Loss=0.1522 | F1(avg)=0.819 | Sent=0.938 | Urg=0.795 | Top=0.884 | Act=0.658
bert_base_lr2e-5_uf2 Epoch 32/50: 100%|█████████████████████████████████████████| 20/20 [00:02<00:00,  8.64it/s]

📊 Validation Results (Per Task)
------------------------------------------------------------
sentiment  | F1=0.946 | Acc=0.955 | P=0.952 | R=0.944
urgency    | F1=0.795 | Acc=0.910 | P=0.801 | R=0.791
topic      | F1=0.877 | Acc=0.877 | P=0.895 | R=0.869
action     | F1=0.650 | Acc=0.871 | P=0.670 | R=0.638
------------------------------------------------------------
✅ Overall Avg | F1=0.817 | Acc=0.903 | P=0.830 | R=0.810

✅ Epoch 32 | Loss=0.1462 | F1(avg)=0.817 | Sent=0.946 | Urg=0.795 | Top=0.877 | Act=0.650
bert_base_lr2e-5_uf2 Epoch 33/50: 100%|█████████████████████████████████████████| 20/20 [00:02<00:00,  8.64it/s]

📊 Validation Results (Per Task)
------------------------------------------------------------
sentiment  | F1=0.938 | Acc=0.948 | P=0.947 | R=0.935
urgency    | F1=0.795 | Acc=0.910 | P=0.801 | R=0.791
topic      | F1=0.884 | Acc=0.884 | P=0.901 | R=0.877
action     | F1=0.672 | Acc=0.884 | P=0.684 | R=0.667
------------------------------------------------------------
✅ Overall Avg | F1=0.822 | Acc=0.906 | P=0.833 | R=0.817

✅ Epoch 33 | Loss=0.1480 | F1(avg)=0.822 | Sent=0.938 | Urg=0.795 | Top=0.884 | Act=0.672
bert_base_lr2e-5_uf2 Epoch 34/50: 100%|█████████████████████████████████████████| 20/20 [00:02<00:00,  8.64it/s]

📊 Validation Results (Per Task)
------------------------------------------------------------
sentiment  | F1=0.938 | Acc=0.948 | P=0.947 | R=0.935
urgency    | F1=0.783 | Acc=0.903 | P=0.782 | R=0.785
topic      | F1=0.884 | Acc=0.884 | P=0.900 | R=0.877
action     | F1=0.672 | Acc=0.884 | P=0.684 | R=0.667
------------------------------------------------------------
✅ Overall Avg | F1=0.819 | Acc=0.905 | P=0.828 | R=0.816

✅ Epoch 34 | Loss=0.1425 | F1(avg)=0.819 | Sent=0.938 | Urg=0.783 | Top=0.884 | Act=0.672
bert_base_lr2e-5_uf2 Epoch 35/50: 100%|█████████████████████████████████████████| 20/20 [00:02<00:00,  8.64it/s]

📊 Validation Results (Per Task)
------------------------------------------------------------
sentiment  | F1=0.946 | Acc=0.955 | P=0.952 | R=0.944
urgency    | F1=0.795 | Acc=0.910 | P=0.801 | R=0.791
topic      | F1=0.884 | Acc=0.884 | P=0.900 | R=0.877
action     | F1=0.675 | Acc=0.890 | P=0.688 | R=0.669
------------------------------------------------------------
✅ Overall Avg | F1=0.825 | Acc=0.910 | P=0.835 | R=0.820

✅ Epoch 35 | Loss=0.1369 | F1(avg)=0.825 | Sent=0.946 | Urg=0.795 | Top=0.884 | Act=0.675
bert_base_lr2e-5_uf2 Epoch 36/50: 100%|█████████████████████████████████████████| 20/20 [00:02<00:00,  8.65it/s]

📊 Validation Results (Per Task)
------------------------------------------------------------
sentiment  | F1=0.946 | Acc=0.955 | P=0.952 | R=0.944
urgency    | F1=0.795 | Acc=0.910 | P=0.801 | R=0.791
topic      | F1=0.884 | Acc=0.884 | P=0.900 | R=0.877
action     | F1=0.675 | Acc=0.890 | P=0.688 | R=0.669
------------------------------------------------------------
✅ Overall Avg | F1=0.825 | Acc=0.910 | P=0.835 | R=0.820

✅ Epoch 36 | Loss=0.1383 | F1(avg)=0.825 | Sent=0.946 | Urg=0.795 | Top=0.884 | Act=0.675
bert_base_lr2e-5_uf2 Epoch 37/50: 100%|█████████████████████████████████████████| 20/20 [00:02<00:00,  8.66it/s]

📊 Validation Results (Per Task)
------------------------------------------------------------
sentiment  | F1=0.946 | Acc=0.955 | P=0.952 | R=0.944
urgency    | F1=0.783 | Acc=0.903 | P=0.782 | R=0.785
topic      | F1=0.884 | Acc=0.884 | P=0.900 | R=0.877
action     | F1=0.672 | Acc=0.884 | P=0.684 | R=0.667
------------------------------------------------------------
✅ Overall Avg | F1=0.821 | Acc=0.906 | P=0.829 | R=0.818

✅ Epoch 37 | Loss=0.1319 | F1(avg)=0.821 | Sent=0.946 | Urg=0.783 | Top=0.884 | Act=0.672
bert_base_lr2e-5_uf2 Epoch 38/50: 100%|█████████████████████████████████████████| 20/20 [00:02<00:00,  8.72it/s]

📊 Validation Results (Per Task)
------------------------------------------------------------
sentiment  | F1=0.946 | Acc=0.955 | P=0.952 | R=0.944
urgency    | F1=0.783 | Acc=0.903 | P=0.782 | R=0.785
topic      | F1=0.884 | Acc=0.884 | P=0.900 | R=0.877
action     | F1=0.675 | Acc=0.890 | P=0.688 | R=0.669
------------------------------------------------------------
✅ Overall Avg | F1=0.822 | Acc=0.908 | P=0.830 | R=0.819

✅ Epoch 38 | Loss=0.1322 | F1(avg)=0.822 | Sent=0.946 | Urg=0.783 | Top=0.884 | Act=0.675
bert_base_lr2e-5_uf2 Epoch 39/50: 100%|█████████████████████████████████████████| 20/20 [00:02<00:00,  8.63it/s]

📊 Validation Results (Per Task)
------------------------------------------------------------
sentiment  | F1=0.946 | Acc=0.955 | P=0.952 | R=0.944
urgency    | F1=0.783 | Acc=0.903 | P=0.782 | R=0.785
topic      | F1=0.878 | Acc=0.877 | P=0.892 | R=0.873
action     | F1=0.675 | Acc=0.890 | P=0.688 | R=0.669
------------------------------------------------------------
✅ Overall Avg | F1=0.821 | Acc=0.906 | P=0.828 | R=0.818

✅ Epoch 39 | Loss=0.1298 | F1(avg)=0.821 | Sent=0.946 | Urg=0.783 | Top=0.878 | Act=0.675
bert_base_lr2e-5_uf2 Epoch 40/50: 100%|█████████████████████████████████████████| 20/20 [00:02<00:00,  8.64it/s]

📊 Validation Results (Per Task)
------------------------------------------------------------
sentiment  | F1=0.946 | Acc=0.955 | P=0.952 | R=0.944
urgency    | F1=0.783 | Acc=0.903 | P=0.782 | R=0.785
topic      | F1=0.884 | Acc=0.884 | P=0.901 | R=0.877
action     | F1=0.675 | Acc=0.890 | P=0.688 | R=0.669
------------------------------------------------------------
✅ Overall Avg | F1=0.822 | Acc=0.908 | P=0.831 | R=0.819

✅ Epoch 40 | Loss=0.1257 | F1(avg)=0.822 | Sent=0.946 | Urg=0.783 | Top=0.884 | Act=0.675
bert_base_lr2e-5_uf2 Epoch 41/50: 100%|█████████████████████████████████████████| 20/20 [00:02<00:00,  8.66it/s]

📊 Validation Results (Per Task)
------------------------------------------------------------
sentiment  | F1=0.946 | Acc=0.955 | P=0.952 | R=0.944
urgency    | F1=0.783 | Acc=0.903 | P=0.782 | R=0.785
topic      | F1=0.884 | Acc=0.884 | P=0.900 | R=0.877
action     | F1=0.672 | Acc=0.884 | P=0.684 | R=0.667
------------------------------------------------------------
✅ Overall Avg | F1=0.821 | Acc=0.906 | P=0.829 | R=0.818

✅ Epoch 41 | Loss=0.1249 | F1(avg)=0.821 | Sent=0.946 | Urg=0.783 | Top=0.884 | Act=0.672
bert_base_lr2e-5_uf2 Epoch 42/50: 100%|█████████████████████████████████████████| 20/20 [00:02<00:00,  8.66it/s]

📊 Validation Results (Per Task)
------------------------------------------------------------
sentiment  | F1=0.930 | Acc=0.942 | P=0.941 | R=0.926
urgency    | F1=0.783 | Acc=0.903 | P=0.782 | R=0.785
topic      | F1=0.878 | Acc=0.877 | P=0.893 | R=0.873
action     | F1=0.672 | Acc=0.884 | P=0.684 | R=0.667
------------------------------------------------------------
✅ Overall Avg | F1=0.816 | Acc=0.902 | P=0.825 | R=0.813

✅ Epoch 42 | Loss=0.1231 | F1(avg)=0.816 | Sent=0.930 | Urg=0.783 | Top=0.878 | Act=0.672
bert_base_lr2e-5_uf2 Epoch 43/50: 100%|█████████████████████████████████████████| 20/20 [00:02<00:00,  8.66it/s]

📊 Validation Results (Per Task)
------------------------------------------------------------
sentiment  | F1=0.946 | Acc=0.955 | P=0.952 | R=0.944
urgency    | F1=0.783 | Acc=0.903 | P=0.782 | R=0.785
topic      | F1=0.878 | Acc=0.877 | P=0.893 | R=0.873
action     | F1=0.672 | Acc=0.884 | P=0.684 | R=0.667
------------------------------------------------------------
✅ Overall Avg | F1=0.820 | Acc=0.905 | P=0.828 | R=0.817

✅ Epoch 43 | Loss=0.1238 | F1(avg)=0.820 | Sent=0.946 | Urg=0.783 | Top=0.878 | Act=0.672
bert_base_lr2e-5_uf2 Epoch 44/50: 100%|█████████████████████████████████████████| 20/20 [00:02<00:00,  8.66it/s]

📊 Validation Results (Per Task)
------------------------------------------------------------
sentiment  | F1=0.945 | Acc=0.955 | P=0.948 | R=0.944
urgency    | F1=0.783 | Acc=0.903 | P=0.782 | R=0.785
topic      | F1=0.878 | Acc=0.877 | P=0.893 | R=0.873
action     | F1=0.672 | Acc=0.884 | P=0.684 | R=0.667
------------------------------------------------------------
✅ Overall Avg | F1=0.820 | Acc=0.905 | P=0.827 | R=0.817

✅ Epoch 44 | Loss=0.1233 | F1(avg)=0.820 | Sent=0.945 | Urg=0.783 | Top=0.878 | Act=0.672
bert_base_lr2e-5_uf2 Epoch 45/50: 100%|█████████████████████████████████████████| 20/20 [00:02<00:00,  8.65it/s]

📊 Validation Results (Per Task)
------------------------------------------------------------
sentiment  | F1=0.946 | Acc=0.955 | P=0.952 | R=0.944
urgency    | F1=0.783 | Acc=0.903 | P=0.782 | R=0.785
topic      | F1=0.878 | Acc=0.877 | P=0.892 | R=0.873
action     | F1=0.672 | Acc=0.884 | P=0.684 | R=0.667
------------------------------------------------------------
✅ Overall Avg | F1=0.820 | Acc=0.905 | P=0.827 | R=0.817

✅ Epoch 45 | Loss=0.1216 | F1(avg)=0.820 | Sent=0.946 | Urg=0.783 | Top=0.878 | Act=0.672
bert_base_lr2e-5_uf2 Epoch 46/50: 100%|█████████████████████████████████████████| 20/20 [00:02<00:00,  8.72it/s]

📊 Validation Results (Per Task)
------------------------------------------------------------
sentiment  | F1=0.937 | Acc=0.948 | P=0.946 | R=0.935
urgency    | F1=0.783 | Acc=0.903 | P=0.782 | R=0.785
topic      | F1=0.878 | Acc=0.877 | P=0.892 | R=0.873
action     | F1=0.672 | Acc=0.884 | P=0.684 | R=0.667
------------------------------------------------------------
✅ Overall Avg | F1=0.818 | Acc=0.903 | P=0.826 | R=0.815

✅ Epoch 46 | Loss=0.1201 | F1(avg)=0.818 | Sent=0.937 | Urg=0.783 | Top=0.878 | Act=0.672
bert_base_lr2e-5_uf2 Epoch 47/50: 100%|█████████████████████████████████████████| 20/20 [00:02<00:00,  8.65it/s]

📊 Validation Results (Per Task)
------------------------------------------------------------
sentiment  | F1=0.937 | Acc=0.948 | P=0.946 | R=0.935
urgency    | F1=0.772 | Acc=0.897 | P=0.766 | R=0.779
topic      | F1=0.878 | Acc=0.877 | P=0.892 | R=0.873
action     | F1=0.672 | Acc=0.884 | P=0.684 | R=0.667
------------------------------------------------------------
✅ Overall Avg | F1=0.815 | Acc=0.902 | P=0.822 | R=0.813

✅ Epoch 47 | Loss=0.1240 | F1(avg)=0.815 | Sent=0.937 | Urg=0.772 | Top=0.878 | Act=0.672
bert_base_lr2e-5_uf2 Epoch 48/50: 100%|█████████████████████████████████████████| 20/20 [00:02<00:00,  8.65it/s]

📊 Validation Results (Per Task)
------------------------------------------------------------
sentiment  | F1=0.937 | Acc=0.948 | P=0.946 | R=0.935
urgency    | F1=0.783 | Acc=0.903 | P=0.782 | R=0.785
topic      | F1=0.878 | Acc=0.877 | P=0.892 | R=0.873
action     | F1=0.672 | Acc=0.884 | P=0.684 | R=0.667
------------------------------------------------------------
✅ Overall Avg | F1=0.818 | Acc=0.903 | P=0.826 | R=0.815

✅ Epoch 48 | Loss=0.1201 | F1(avg)=0.818 | Sent=0.937 | Urg=0.783 | Top=0.878 | Act=0.672
bert_base_lr2e-5_uf2 Epoch 49/50: 100%|█████████████████████████████████████████| 20/20 [00:02<00:00,  8.65it/s]

📊 Validation Results (Per Task)
------------------------------------------------------------
sentiment  | F1=0.937 | Acc=0.948 | P=0.946 | R=0.935
urgency    | F1=0.783 | Acc=0.903 | P=0.782 | R=0.785
topic      | F1=0.878 | Acc=0.877 | P=0.892 | R=0.873
action     | F1=0.672 | Acc=0.884 | P=0.684 | R=0.667
------------------------------------------------------------
✅ Overall Avg | F1=0.818 | Acc=0.903 | P=0.826 | R=0.815

✅ Epoch 49 | Loss=0.1146 | F1(avg)=0.818 | Sent=0.937 | Urg=0.783 | Top=0.878 | Act=0.672
bert_base_lr2e-5_uf2 Epoch 50/50: 100%|█████████████████████████████████████████| 20/20 [00:02<00:00,  8.46it/s]

📊 Validation Results (Per Task)
------------------------------------------------------------
sentiment  | F1=0.937 | Acc=0.948 | P=0.946 | R=0.935
urgency    | F1=0.783 | Acc=0.903 | P=0.782 | R=0.785
topic      | F1=0.878 | Acc=0.877 | P=0.892 | R=0.873
action     | F1=0.672 | Acc=0.884 | P=0.684 | R=0.667
------------------------------------------------------------
✅ Overall Avg | F1=0.818 | Acc=0.903 | P=0.826 | R=0.815

✅ Epoch 50 | Loss=0.1189 | F1(avg)=0.818 | Sent=0.937 | Urg=0.783 | Top=0.878 | Act=0.672
