2025-11-13 17:29:37,392 INFO    MainThread:402602 [wandb_init.py:setup_run_log_directory():705] Logging user logs to /home/700050058/project_feedback_analyzer/wandb/run-20251113_172937-rm9adzas/logs/debug.log
2025-11-13 17:29:37,392 INFO    MainThread:402602 [wandb_init.py:setup_run_log_directory():706] Logging internal logs to /home/700050058/project_feedback_analyzer/wandb/run-20251113_172937-rm9adzas/logs/debug-internal.log
2025-11-13 17:29:37,392 INFO    MainThread:402602 [wandb_init.py:init():832] calling init triggers
2025-11-13 17:29:37,392 INFO    MainThread:402602 [wandb_init.py:init():837] wandb.init called with sweep_config: {}
config: {'model_name': 'prajjwal1/bert-small', 'exp_name': 'bert_small_lr3e-5_uf2', 'lr': 3e-05, 'epochs': 50, 'unfreeze_layers': 2, 'use_rule': True, '_wandb': {}}
2025-11-13 17:29:37,392 INFO    MainThread:402602 [wandb_init.py:init():880] starting backend
2025-11-13 17:29:37,392 INFO    MainThread:402602 [wandb_init.py:init():883] sending inform_init request
2025-11-13 17:29:37,396 INFO    MainThread:402602 [wandb_init.py:init():891] backend started and connected
2025-11-13 17:29:37,397 INFO    MainThread:402602 [wandb_init.py:init():961] updated telemetry
2025-11-13 17:29:37,398 INFO    MainThread:402602 [wandb_init.py:init():985] communicating run to backend with 90.0 second timeout
2025-11-13 17:29:38,189 INFO    MainThread:402602 [wandb_init.py:init():1036] starting run threads in backend
2025-11-13 17:29:38,370 INFO    MainThread:402602 [wandb_run.py:_console_start():2506] atexit reg
2025-11-13 17:29:38,370 INFO    MainThread:402602 [wandb_run.py:_redirect():2354] redirect: wrap_raw
2025-11-13 17:29:38,370 INFO    MainThread:402602 [wandb_run.py:_redirect():2423] Wrapping output streams.
2025-11-13 17:29:38,370 INFO    MainThread:402602 [wandb_run.py:_redirect():2446] Redirects installed.
2025-11-13 17:29:38,371 INFO    MainThread:402602 [wandb_init.py:init():1076] run started, returning control to user process
2025-11-13 17:29:40,137 INFO    MainThread:402602 [wandb_watch.py:_watch():68] Watching
2025-11-13 17:30:20,977 INFO    MainThread:402602 [wandb_run.py:_finish():2272] finishing run mjc030225-npu/FeedbackAnalyzer/rm9adzas
2025-11-13 17:30:20,978 INFO    MainThread:402602 [wandb_run.py:_atexit_cleanup():2471] got exitcode: 0
2025-11-13 17:30:20,978 INFO    MainThread:402602 [wandb_run.py:_restore():2453] restore
2025-11-13 17:30:20,978 INFO    MainThread:402602 [wandb_run.py:_restore():2459] restore done
2025-11-13 17:30:23,243 INFO    MainThread:402602 [wandb_run.py:_footer_sync_info():3869] logging synced files
