Use device:cuda
bert_base_unfreeze2 Epoch 1/50: 100%|███████████████████████████████████████████| 20/20 [00:02<00:00,  8.56it/s]

📊 Validation Results (Per Task)
------------------------------------------------------------
sentiment  | F1=0.211 | Acc=0.465 | P=0.155 | R=0.333
urgency    | F1=0.322 | Acc=0.613 | P=0.491 | R=0.371
topic      | F1=0.105 | Acc=0.271 | P=0.102 | R=0.167
action     | F1=0.115 | Acc=0.516 | P=0.088 | R=0.167
------------------------------------------------------------
✅ Overall Avg | F1=0.188 | Acc=0.466 | P=0.209 | R=0.259

✅ Epoch 1 | Loss=1.4404 | F1(avg)=0.188 | Sent=0.211 | Urg=0.322 | Top=0.105 | Act=0.115
bert_base_unfreeze2 Epoch 2/50: 100%|███████████████████████████████████████████| 20/20 [00:02<00:00,  8.55it/s]

📊 Validation Results (Per Task)
------------------------------------------------------------
sentiment  | F1=0.559 | Acc=0.677 | P=0.781 | R=0.578
urgency    | F1=0.471 | Acc=0.729 | P=0.507 | R=0.481
topic      | F1=0.281 | Acc=0.387 | P=0.541 | R=0.295
action     | F1=0.114 | Acc=0.516 | P=0.087 | R=0.167
------------------------------------------------------------
✅ Overall Avg | F1=0.356 | Acc=0.577 | P=0.479 | R=0.380

✅ Epoch 2 | Loss=1.2371 | F1(avg)=0.356 | Sent=0.559 | Urg=0.471 | Top=0.281 | Act=0.114
bert_base_unfreeze2 Epoch 3/50: 100%|███████████████████████████████████████████| 20/20 [00:02<00:00,  8.50it/s]

📊 Validation Results (Per Task)
------------------------------------------------------------
sentiment  | F1=0.751 | Acc=0.813 | P=0.835 | R=0.749
urgency    | F1=0.585 | Acc=0.858 | P=0.566 | R=0.604
topic      | F1=0.521 | Acc=0.606 | P=0.580 | R=0.524
action     | F1=0.264 | Acc=0.652 | P=0.323 | R=0.293
------------------------------------------------------------
✅ Overall Avg | F1=0.530 | Acc=0.732 | P=0.576 | R=0.543

✅ Epoch 3 | Loss=1.0774 | F1(avg)=0.530 | Sent=0.751 | Urg=0.585 | Top=0.521 | Act=0.264
bert_base_unfreeze2 Epoch 4/50: 100%|███████████████████████████████████████████| 20/20 [00:02<00:00,  8.53it/s]

📊 Validation Results (Per Task)
------------------------------------------------------------
sentiment  | F1=0.831 | Acc=0.871 | P=0.871 | R=0.826
urgency    | F1=0.590 | Acc=0.865 | P=0.569 | R=0.612
topic      | F1=0.629 | Acc=0.710 | P=0.636 | R=0.638
action     | F1=0.314 | Acc=0.710 | P=0.386 | R=0.353
------------------------------------------------------------
✅ Overall Avg | F1=0.591 | Acc=0.789 | P=0.616 | R=0.607

✅ Epoch 4 | Loss=0.9173 | F1(avg)=0.591 | Sent=0.831 | Urg=0.590 | Top=0.629 | Act=0.314
bert_base_unfreeze2 Epoch 5/50: 100%|███████████████████████████████████████████| 20/20 [00:02<00:00,  8.53it/s]

📊 Validation Results (Per Task)
------------------------------------------------------------
sentiment  | F1=0.851 | Acc=0.884 | P=0.883 | R=0.844
urgency    | F1=0.600 | Acc=0.877 | P=0.578 | R=0.626
topic      | F1=0.710 | Acc=0.742 | P=0.818 | R=0.695
action     | F1=0.351 | Acc=0.735 | P=0.378 | R=0.383
------------------------------------------------------------
✅ Overall Avg | F1=0.628 | Acc=0.810 | P=0.664 | R=0.637

✅ Epoch 5 | Loss=0.7660 | F1(avg)=0.628 | Sent=0.851 | Urg=0.600 | Top=0.710 | Act=0.351
bert_base_unfreeze2 Epoch 6/50: 100%|███████████████████████████████████████████| 20/20 [00:02<00:00,  8.53it/s]

📊 Validation Results (Per Task)
------------------------------------------------------------
sentiment  | F1=0.876 | Acc=0.903 | P=0.888 | R=0.872
urgency    | F1=0.609 | Acc=0.890 | P=0.587 | R=0.638
topic      | F1=0.764 | Acc=0.787 | P=0.831 | R=0.745
action     | F1=0.369 | Acc=0.755 | P=0.368 | R=0.403
------------------------------------------------------------
✅ Overall Avg | F1=0.654 | Acc=0.834 | P=0.669 | R=0.665

✅ Epoch 6 | Loss=0.6473 | F1(avg)=0.654 | Sent=0.876 | Urg=0.609 | Top=0.764 | Act=0.369
bert_base_unfreeze2 Epoch 7/50: 100%|███████████████████████████████████████████| 20/20 [00:02<00:00,  8.56it/s]

📊 Validation Results (Per Task)
------------------------------------------------------------
sentiment  | F1=0.885 | Acc=0.910 | P=0.905 | R=0.879
urgency    | F1=0.703 | Acc=0.890 | P=0.760 | R=0.693
topic      | F1=0.751 | Acc=0.787 | P=0.825 | R=0.742
action     | F1=0.387 | Acc=0.774 | P=0.367 | R=0.423
------------------------------------------------------------
✅ Overall Avg | F1=0.681 | Acc=0.840 | P=0.714 | R=0.684

✅ Epoch 7 | Loss=0.5645 | F1(avg)=0.681 | Sent=0.885 | Urg=0.703 | Top=0.751 | Act=0.387
bert_base_unfreeze2 Epoch 8/50: 100%|███████████████████████████████████████████| 20/20 [00:02<00:00,  8.53it/s]

📊 Validation Results (Per Task)
------------------------------------------------------------
sentiment  | F1=0.884 | Acc=0.910 | P=0.913 | R=0.877
urgency    | F1=0.708 | Acc=0.897 | P=0.765 | R=0.699
topic      | F1=0.810 | Acc=0.819 | P=0.849 | R=0.797
action     | F1=0.398 | Acc=0.787 | P=0.374 | R=0.437
------------------------------------------------------------
✅ Overall Avg | F1=0.700 | Acc=0.853 | P=0.725 | R=0.702

✅ Epoch 8 | Loss=0.5029 | F1(avg)=0.700 | Sent=0.884 | Urg=0.708 | Top=0.810 | Act=0.398
bert_base_unfreeze2 Epoch 9/50: 100%|███████████████████████████████████████████| 20/20 [00:02<00:00,  8.50it/s]

📊 Validation Results (Per Task)
------------------------------------------------------------
sentiment  | F1=0.903 | Acc=0.923 | P=0.917 | R=0.898
urgency    | F1=0.708 | Acc=0.897 | P=0.765 | R=0.699
topic      | F1=0.836 | Acc=0.839 | P=0.861 | R=0.825
action     | F1=0.627 | Acc=0.819 | P=0.679 | R=0.641
------------------------------------------------------------
✅ Overall Avg | F1=0.769 | Acc=0.869 | P=0.805 | R=0.766

✅ Epoch 9 | Loss=0.4488 | F1(avg)=0.769 | Sent=0.903 | Urg=0.708 | Top=0.836 | Act=0.627
bert_base_unfreeze2 Epoch 10/50: 100%|██████████████████████████████████████████| 20/20 [00:02<00:00,  8.51it/s]

📊 Validation Results (Per Task)
------------------------------------------------------------
sentiment  | F1=0.911 | Acc=0.929 | P=0.929 | R=0.905
urgency    | F1=0.705 | Acc=0.897 | P=0.736 | R=0.701
topic      | F1=0.830 | Acc=0.832 | P=0.857 | R=0.818
action     | F1=0.631 | Acc=0.826 | P=0.682 | R=0.648
------------------------------------------------------------
✅ Overall Avg | F1=0.769 | Acc=0.871 | P=0.801 | R=0.768

✅ Epoch 10 | Loss=0.4106 | F1(avg)=0.769 | Sent=0.911 | Urg=0.705 | Top=0.830 | Act=0.631
bert_base_unfreeze2 Epoch 11/50: 100%|██████████████████████████████████████████| 20/20 [00:02<00:00,  8.51it/s]

📊 Validation Results (Per Task)
------------------------------------------------------------
sentiment  | F1=0.911 | Acc=0.929 | P=0.929 | R=0.905
urgency    | F1=0.723 | Acc=0.890 | P=0.730 | R=0.723
topic      | F1=0.847 | Acc=0.852 | P=0.871 | R=0.835
action     | F1=0.704 | Acc=0.839 | P=0.864 | R=0.692
------------------------------------------------------------
✅ Overall Avg | F1=0.796 | Acc=0.877 | P=0.849 | R=0.789

✅ Epoch 11 | Loss=0.3675 | F1(avg)=0.796 | Sent=0.911 | Urg=0.723 | Top=0.847 | Act=0.704
bert_base_unfreeze2 Epoch 12/50: 100%|██████████████████████████████████████████| 20/20 [00:02<00:00,  8.51it/s]

📊 Validation Results (Per Task)
------------------------------------------------------------
sentiment  | F1=0.919 | Acc=0.935 | P=0.942 | R=0.912
urgency    | F1=0.733 | Acc=0.897 | P=0.749 | R=0.729
topic      | F1=0.841 | Acc=0.845 | P=0.867 | R=0.828
action     | F1=0.730 | Acc=0.852 | P=0.867 | R=0.712
------------------------------------------------------------
✅ Overall Avg | F1=0.806 | Acc=0.882 | P=0.856 | R=0.795

✅ Epoch 12 | Loss=0.3400 | F1(avg)=0.806 | Sent=0.919 | Urg=0.733 | Top=0.841 | Act=0.730
bert_base_unfreeze2 Epoch 13/50: 100%|██████████████████████████████████████████| 20/20 [00:02<00:00,  8.51it/s]

📊 Validation Results (Per Task)
------------------------------------------------------------
sentiment  | F1=0.919 | Acc=0.935 | P=0.942 | R=0.912
urgency    | F1=0.696 | Acc=0.890 | P=0.713 | R=0.695
topic      | F1=0.848 | Acc=0.852 | P=0.872 | R=0.836
action     | F1=0.734 | Acc=0.852 | P=0.853 | R=0.717
------------------------------------------------------------
✅ Overall Avg | F1=0.799 | Acc=0.882 | P=0.845 | R=0.790

✅ Epoch 13 | Loss=0.3190 | F1(avg)=0.799 | Sent=0.919 | Urg=0.696 | Top=0.848 | Act=0.734
bert_base_unfreeze2 Epoch 14/50: 100%|██████████████████████████████████████████| 20/20 [00:02<00:00,  8.55it/s]

📊 Validation Results (Per Task)
------------------------------------------------------------
sentiment  | F1=0.919 | Acc=0.935 | P=0.942 | R=0.912
urgency    | F1=0.729 | Acc=0.897 | P=0.736 | R=0.729
topic      | F1=0.848 | Acc=0.852 | P=0.872 | R=0.836
action     | F1=0.734 | Acc=0.852 | P=0.853 | R=0.717
------------------------------------------------------------
✅ Overall Avg | F1=0.807 | Acc=0.884 | P=0.851 | R=0.798

✅ Epoch 14 | Loss=0.3034 | F1(avg)=0.807 | Sent=0.919 | Urg=0.729 | Top=0.848 | Act=0.734
bert_base_unfreeze2 Epoch 15/50: 100%|██████████████████████████████████████████| 20/20 [00:02<00:00,  8.55it/s]

📊 Validation Results (Per Task)
------------------------------------------------------------
sentiment  | F1=0.920 | Acc=0.935 | P=0.934 | R=0.914
urgency    | F1=0.694 | Acc=0.890 | P=0.701 | R=0.695
topic      | F1=0.848 | Acc=0.852 | P=0.872 | R=0.836
action     | F1=0.556 | Acc=0.845 | P=0.596 | R=0.549
------------------------------------------------------------
✅ Overall Avg | F1=0.754 | Acc=0.881 | P=0.776 | R=0.749

✅ Epoch 15 | Loss=0.2861 | F1(avg)=0.754 | Sent=0.920 | Urg=0.694 | Top=0.848 | Act=0.556
bert_base_unfreeze2 Epoch 16/50: 100%|██████████████████████████████████████████| 20/20 [00:02<00:00,  8.53it/s]

📊 Validation Results (Per Task)
------------------------------------------------------------
sentiment  | F1=0.919 | Acc=0.935 | P=0.942 | R=0.912
urgency    | F1=0.720 | Acc=0.890 | P=0.721 | R=0.723
topic      | F1=0.846 | Acc=0.852 | P=0.875 | R=0.832
action     | F1=0.581 | Acc=0.858 | P=0.616 | R=0.575
------------------------------------------------------------
✅ Overall Avg | F1=0.767 | Acc=0.884 | P=0.788 | R=0.760

✅ Epoch 16 | Loss=0.2639 | F1(avg)=0.767 | Sent=0.919 | Urg=0.720 | Top=0.846 | Act=0.581
bert_base_unfreeze2 Epoch 17/50: 100%|██████████████████████████████████████████| 20/20 [00:02<00:00,  8.53it/s]

📊 Validation Results (Per Task)
------------------------------------------------------------
sentiment  | F1=0.928 | Acc=0.942 | P=0.947 | R=0.921
urgency    | F1=0.761 | Acc=0.903 | P=0.763 | R=0.762
topic      | F1=0.848 | Acc=0.852 | P=0.872 | R=0.836
action     | F1=0.736 | Acc=0.852 | P=0.846 | R=0.721
------------------------------------------------------------
✅ Overall Avg | F1=0.818 | Acc=0.887 | P=0.857 | R=0.810

✅ Epoch 17 | Loss=0.2579 | F1(avg)=0.818 | Sent=0.928 | Urg=0.761 | Top=0.848 | Act=0.736
bert_base_unfreeze2 Epoch 18/50: 100%|██████████████████████████████████████████| 20/20 [00:02<00:00,  8.54it/s]

📊 Validation Results (Per Task)
------------------------------------------------------------
sentiment  | F1=0.928 | Acc=0.942 | P=0.947 | R=0.921
urgency    | F1=0.761 | Acc=0.903 | P=0.763 | R=0.762
topic      | F1=0.871 | Acc=0.871 | P=0.892 | R=0.860
action     | F1=0.750 | Acc=0.858 | P=0.857 | R=0.735
------------------------------------------------------------
✅ Overall Avg | F1=0.827 | Acc=0.894 | P=0.865 | R=0.820

✅ Epoch 18 | Loss=0.2470 | F1(avg)=0.827 | Sent=0.928 | Urg=0.761 | Top=0.871 | Act=0.750
bert_base_unfreeze2 Epoch 19/50: 100%|██████████████████████████████████████████| 20/20 [00:02<00:00,  8.53it/s]

📊 Validation Results (Per Task)
------------------------------------------------------------
sentiment  | F1=0.928 | Acc=0.942 | P=0.947 | R=0.921
urgency    | F1=0.729 | Acc=0.897 | P=0.736 | R=0.729
topic      | F1=0.860 | Acc=0.865 | P=0.889 | R=0.846
action     | F1=0.750 | Acc=0.858 | P=0.857 | R=0.735
------------------------------------------------------------
✅ Overall Avg | F1=0.816 | Acc=0.890 | P=0.857 | R=0.808

✅ Epoch 19 | Loss=0.2280 | F1(avg)=0.816 | Sent=0.928 | Urg=0.729 | Top=0.860 | Act=0.750
bert_base_unfreeze2 Epoch 20/50: 100%|██████████████████████████████████████████| 20/20 [00:02<00:00,  8.53it/s]

📊 Validation Results (Per Task)
------------------------------------------------------------
sentiment  | F1=0.936 | Acc=0.948 | P=0.952 | R=0.931
urgency    | F1=0.761 | Acc=0.903 | P=0.763 | R=0.762
topic      | F1=0.877 | Acc=0.877 | P=0.897 | R=0.868
action     | F1=0.802 | Acc=0.871 | P=0.874 | R=0.779
------------------------------------------------------------
✅ Overall Avg | F1=0.844 | Acc=0.900 | P=0.872 | R=0.835

✅ Epoch 20 | Loss=0.2181 | F1(avg)=0.844 | Sent=0.936 | Urg=0.761 | Top=0.877 | Act=0.802
bert_base_unfreeze2 Epoch 21/50: 100%|██████████████████████████████████████████| 20/20 [00:02<00:00,  8.56it/s]

📊 Validation Results (Per Task)
------------------------------------------------------------
sentiment  | F1=0.936 | Acc=0.948 | P=0.952 | R=0.931
urgency    | F1=0.761 | Acc=0.903 | P=0.763 | R=0.762
topic      | F1=0.870 | Acc=0.871 | P=0.892 | R=0.860
action     | F1=0.802 | Acc=0.871 | P=0.874 | R=0.779
------------------------------------------------------------
✅ Overall Avg | F1=0.842 | Acc=0.898 | P=0.870 | R=0.833

✅ Epoch 21 | Loss=0.2140 | F1(avg)=0.842 | Sent=0.936 | Urg=0.761 | Top=0.870 | Act=0.802
bert_base_unfreeze2 Epoch 22/50: 100%|██████████████████████████████████████████| 20/20 [00:02<00:00,  8.57it/s]

📊 Validation Results (Per Task)
------------------------------------------------------------
sentiment  | F1=0.936 | Acc=0.948 | P=0.952 | R=0.931
urgency    | F1=0.779 | Acc=0.903 | P=0.770 | R=0.789
topic      | F1=0.863 | Acc=0.865 | P=0.887 | R=0.852
action     | F1=0.802 | Acc=0.871 | P=0.874 | R=0.779
------------------------------------------------------------
✅ Overall Avg | F1=0.845 | Acc=0.897 | P=0.871 | R=0.838

✅ Epoch 22 | Loss=0.1991 | F1(avg)=0.845 | Sent=0.936 | Urg=0.779 | Top=0.863 | Act=0.802
bert_base_unfreeze2 Epoch 23/50: 100%|██████████████████████████████████████████| 20/20 [00:02<00:00,  8.54it/s]

📊 Validation Results (Per Task)
------------------------------------------------------------
sentiment  | F1=0.936 | Acc=0.948 | P=0.952 | R=0.931
urgency    | F1=0.790 | Acc=0.910 | P=0.786 | R=0.795
topic      | F1=0.869 | Acc=0.871 | P=0.888 | R=0.860
action     | F1=0.803 | Acc=0.871 | P=0.874 | R=0.779
------------------------------------------------------------
✅ Overall Avg | F1=0.849 | Acc=0.900 | P=0.875 | R=0.841

✅ Epoch 23 | Loss=0.1972 | F1(avg)=0.849 | Sent=0.936 | Urg=0.790 | Top=0.869 | Act=0.803
bert_base_unfreeze2 Epoch 24/50: 100%|██████████████████████████████████████████| 20/20 [00:02<00:00,  8.54it/s]

📊 Validation Results (Per Task)
------------------------------------------------------------
sentiment  | F1=0.936 | Acc=0.948 | P=0.952 | R=0.931
urgency    | F1=0.779 | Acc=0.903 | P=0.770 | R=0.789
topic      | F1=0.870 | Acc=0.871 | P=0.892 | R=0.860
action     | F1=0.802 | Acc=0.871 | P=0.874 | R=0.779
------------------------------------------------------------
✅ Overall Avg | F1=0.847 | Acc=0.898 | P=0.872 | R=0.840

✅ Epoch 24 | Loss=0.1882 | F1(avg)=0.847 | Sent=0.936 | Urg=0.779 | Top=0.870 | Act=0.802
bert_base_unfreeze2 Epoch 25/50: 100%|██████████████████████████████████████████| 20/20 [00:02<00:00,  8.53it/s]

📊 Validation Results (Per Task)
------------------------------------------------------------
sentiment  | F1=0.936 | Acc=0.948 | P=0.952 | R=0.931
urgency    | F1=0.779 | Acc=0.903 | P=0.770 | R=0.789
topic      | F1=0.870 | Acc=0.871 | P=0.892 | R=0.860
action     | F1=0.624 | Acc=0.865 | P=0.652 | R=0.613
------------------------------------------------------------
✅ Overall Avg | F1=0.802 | Acc=0.897 | P=0.817 | R=0.798

✅ Epoch 25 | Loss=0.1855 | F1(avg)=0.802 | Sent=0.936 | Urg=0.779 | Top=0.870 | Act=0.624
bert_base_unfreeze2 Epoch 26/50: 100%|██████████████████████████████████████████| 20/20 [00:02<00:00,  8.54it/s]

📊 Validation Results (Per Task)
------------------------------------------------------------
sentiment  | F1=0.936 | Acc=0.948 | P=0.952 | R=0.931
urgency    | F1=0.779 | Acc=0.903 | P=0.770 | R=0.789
topic      | F1=0.870 | Acc=0.871 | P=0.892 | R=0.860
action     | F1=0.653 | Acc=0.871 | P=0.667 | R=0.646
------------------------------------------------------------
✅ Overall Avg | F1=0.809 | Acc=0.898 | P=0.820 | R=0.807

✅ Epoch 26 | Loss=0.1785 | F1(avg)=0.809 | Sent=0.936 | Urg=0.779 | Top=0.870 | Act=0.653
bert_base_unfreeze2 Epoch 27/50: 100%|██████████████████████████████████████████| 20/20 [00:02<00:00,  8.55it/s]

📊 Validation Results (Per Task)
------------------------------------------------------------
sentiment  | F1=0.936 | Acc=0.948 | P=0.952 | R=0.931
urgency    | F1=0.768 | Acc=0.897 | P=0.757 | R=0.783
topic      | F1=0.872 | Acc=0.871 | P=0.896 | R=0.860
action     | F1=0.802 | Acc=0.871 | P=0.874 | R=0.779
------------------------------------------------------------
✅ Overall Avg | F1=0.845 | Acc=0.897 | P=0.870 | R=0.838

✅ Epoch 27 | Loss=0.1738 | F1(avg)=0.845 | Sent=0.936 | Urg=0.768 | Top=0.872 | Act=0.802
bert_base_unfreeze2 Epoch 28/50: 100%|██████████████████████████████████████████| 20/20 [00:02<00:00,  8.57it/s]

📊 Validation Results (Per Task)
------------------------------------------------------------
sentiment  | F1=0.936 | Acc=0.948 | P=0.952 | R=0.931
urgency    | F1=0.763 | Acc=0.890 | P=0.752 | R=0.777
topic      | F1=0.870 | Acc=0.871 | P=0.892 | R=0.860
action     | F1=0.802 | Acc=0.871 | P=0.874 | R=0.779
------------------------------------------------------------
✅ Overall Avg | F1=0.843 | Acc=0.895 | P=0.868 | R=0.837

✅ Epoch 28 | Loss=0.1693 | F1(avg)=0.843 | Sent=0.936 | Urg=0.763 | Top=0.870 | Act=0.802
bert_base_unfreeze2 Epoch 29/50: 100%|██████████████████████████████████████████| 20/20 [00:02<00:00,  8.62it/s]

📊 Validation Results (Per Task)
------------------------------------------------------------
sentiment  | F1=0.936 | Acc=0.948 | P=0.952 | R=0.931
urgency    | F1=0.763 | Acc=0.890 | P=0.752 | R=0.777
topic      | F1=0.870 | Acc=0.871 | P=0.892 | R=0.860
action     | F1=0.802 | Acc=0.871 | P=0.874 | R=0.779
------------------------------------------------------------
✅ Overall Avg | F1=0.843 | Acc=0.895 | P=0.868 | R=0.837

✅ Epoch 29 | Loss=0.1605 | F1(avg)=0.843 | Sent=0.936 | Urg=0.763 | Top=0.870 | Act=0.802
bert_base_unfreeze2 Epoch 30/50: 100%|██████████████████████████████████████████| 20/20 [00:02<00:00,  8.56it/s]

📊 Validation Results (Per Task)
------------------------------------------------------------
sentiment  | F1=0.936 | Acc=0.948 | P=0.952 | R=0.931
urgency    | F1=0.763 | Acc=0.890 | P=0.752 | R=0.777
topic      | F1=0.872 | Acc=0.871 | P=0.896 | R=0.860
action     | F1=0.857 | Acc=0.884 | P=0.878 | R=0.846
------------------------------------------------------------
✅ Overall Avg | F1=0.857 | Acc=0.898 | P=0.870 | R=0.854

✅ Epoch 30 | Loss=0.1553 | F1(avg)=0.857 | Sent=0.936 | Urg=0.763 | Top=0.872 | Act=0.857
bert_base_unfreeze2 Epoch 31/50: 100%|██████████████████████████████████████████| 20/20 [00:02<00:00,  8.57it/s]

📊 Validation Results (Per Task)
------------------------------------------------------------
sentiment  | F1=0.936 | Acc=0.948 | P=0.952 | R=0.931
urgency    | F1=0.763 | Acc=0.890 | P=0.752 | R=0.777
topic      | F1=0.872 | Acc=0.871 | P=0.896 | R=0.860
action     | F1=0.874 | Acc=0.897 | P=0.892 | R=0.867
------------------------------------------------------------
✅ Overall Avg | F1=0.861 | Acc=0.902 | P=0.873 | R=0.859

✅ Epoch 31 | Loss=0.1501 | F1(avg)=0.861 | Sent=0.936 | Urg=0.763 | Top=0.872 | Act=0.874
bert_base_unfreeze2 Epoch 32/50: 100%|██████████████████████████████████████████| 20/20 [00:02<00:00,  8.56it/s]

📊 Validation Results (Per Task)
------------------------------------------------------------
sentiment  | F1=0.944 | Acc=0.955 | P=0.957 | R=0.940
urgency    | F1=0.763 | Acc=0.890 | P=0.752 | R=0.777
topic      | F1=0.872 | Acc=0.871 | P=0.896 | R=0.860
action     | F1=0.693 | Acc=0.890 | P=0.692 | R=0.700
------------------------------------------------------------
✅ Overall Avg | F1=0.818 | Acc=0.902 | P=0.824 | R=0.819

✅ Epoch 32 | Loss=0.1492 | F1(avg)=0.818 | Sent=0.944 | Urg=0.763 | Top=0.872 | Act=0.693
bert_base_unfreeze2 Epoch 33/50: 100%|██████████████████████████████████████████| 20/20 [00:02<00:00,  8.55it/s]

📊 Validation Results (Per Task)
------------------------------------------------------------
sentiment  | F1=0.945 | Acc=0.955 | P=0.958 | R=0.940
urgency    | F1=0.763 | Acc=0.890 | P=0.752 | R=0.777
topic      | F1=0.872 | Acc=0.871 | P=0.896 | R=0.860
action     | F1=0.874 | Acc=0.897 | P=0.892 | R=0.867
------------------------------------------------------------
✅ Overall Avg | F1=0.864 | Acc=0.903 | P=0.875 | R=0.861

✅ Epoch 33 | Loss=0.1504 | F1(avg)=0.864 | Sent=0.945 | Urg=0.763 | Top=0.872 | Act=0.874
bert_base_unfreeze2 Epoch 34/50: 100%|██████████████████████████████████████████| 20/20 [00:02<00:00,  8.57it/s]

📊 Validation Results (Per Task)
------------------------------------------------------------
sentiment  | F1=0.936 | Acc=0.948 | P=0.952 | R=0.931
urgency    | F1=0.759 | Acc=0.890 | P=0.747 | R=0.777
topic      | F1=0.872 | Acc=0.871 | P=0.896 | R=0.860
action     | F1=0.694 | Acc=0.890 | P=0.691 | R=0.700
------------------------------------------------------------
✅ Overall Avg | F1=0.815 | Acc=0.900 | P=0.822 | R=0.817

✅ Epoch 34 | Loss=0.1431 | F1(avg)=0.815 | Sent=0.936 | Urg=0.759 | Top=0.872 | Act=0.694
bert_base_unfreeze2 Epoch 35/50: 100%|██████████████████████████████████████████| 20/20 [00:02<00:00,  8.56it/s]

📊 Validation Results (Per Task)
------------------------------------------------------------
sentiment  | F1=0.953 | Acc=0.961 | P=0.962 | R=0.949
urgency    | F1=0.772 | Acc=0.897 | P=0.765 | R=0.781
topic      | F1=0.872 | Acc=0.871 | P=0.896 | R=0.860
action     | F1=0.694 | Acc=0.890 | P=0.691 | R=0.700
------------------------------------------------------------
✅ Overall Avg | F1=0.823 | Acc=0.905 | P=0.829 | R=0.823

✅ Epoch 35 | Loss=0.1383 | F1(avg)=0.823 | Sent=0.953 | Urg=0.772 | Top=0.872 | Act=0.694
bert_base_unfreeze2 Epoch 36/50: 100%|██████████████████████████████████████████| 20/20 [00:02<00:00,  8.60it/s]

📊 Validation Results (Per Task)
------------------------------------------------------------
sentiment  | F1=0.953 | Acc=0.961 | P=0.962 | R=0.949
urgency    | F1=0.772 | Acc=0.897 | P=0.765 | R=0.781
topic      | F1=0.872 | Acc=0.871 | P=0.896 | R=0.860
action     | F1=0.851 | Acc=0.890 | P=0.889 | R=0.833
------------------------------------------------------------
✅ Overall Avg | F1=0.862 | Acc=0.905 | P=0.878 | R=0.856

✅ Epoch 36 | Loss=0.1385 | F1(avg)=0.862 | Sent=0.953 | Urg=0.772 | Top=0.872 | Act=0.851
bert_base_unfreeze2 Epoch 37/50: 100%|██████████████████████████████████████████| 20/20 [00:02<00:00,  8.60it/s]

📊 Validation Results (Per Task)
------------------------------------------------------------
sentiment  | F1=0.945 | Acc=0.955 | P=0.958 | R=0.940
urgency    | F1=0.768 | Acc=0.897 | P=0.757 | R=0.781
topic      | F1=0.882 | Acc=0.877 | P=0.900 | R=0.875
action     | F1=0.851 | Acc=0.890 | P=0.889 | R=0.833
------------------------------------------------------------
✅ Overall Avg | F1=0.861 | Acc=0.905 | P=0.876 | R=0.857

✅ Epoch 37 | Loss=0.1368 | F1(avg)=0.861 | Sent=0.945 | Urg=0.768 | Top=0.882 | Act=0.851
bert_base_unfreeze2 Epoch 38/50: 100%|██████████████████████████████████████████| 20/20 [00:02<00:00,  8.57it/s]

📊 Validation Results (Per Task)
------------------------------------------------------------
sentiment  | F1=0.936 | Acc=0.948 | P=0.952 | R=0.931
urgency    | F1=0.768 | Acc=0.897 | P=0.757 | R=0.781
topic      | F1=0.882 | Acc=0.877 | P=0.900 | R=0.875
action     | F1=0.875 | Acc=0.897 | P=0.891 | R=0.867
------------------------------------------------------------
✅ Overall Avg | F1=0.865 | Acc=0.905 | P=0.875 | R=0.863

✅ Epoch 38 | Loss=0.1354 | F1(avg)=0.865 | Sent=0.936 | Urg=0.768 | Top=0.882 | Act=0.875
bert_base_unfreeze2 Epoch 39/50: 100%|██████████████████████████████████████████| 20/20 [00:02<00:00,  8.57it/s]

📊 Validation Results (Per Task)
------------------------------------------------------------
sentiment  | F1=0.936 | Acc=0.948 | P=0.952 | R=0.931
urgency    | F1=0.768 | Acc=0.897 | P=0.757 | R=0.781
topic      | F1=0.882 | Acc=0.877 | P=0.900 | R=0.875
action     | F1=0.851 | Acc=0.890 | P=0.889 | R=0.833
------------------------------------------------------------
✅ Overall Avg | F1=0.859 | Acc=0.903 | P=0.875 | R=0.855

✅ Epoch 39 | Loss=0.1269 | F1(avg)=0.859 | Sent=0.936 | Urg=0.768 | Top=0.882 | Act=0.851
bert_base_unfreeze2 Epoch 40/50: 100%|██████████████████████████████████████████| 20/20 [00:02<00:00,  8.57it/s]

📊 Validation Results (Per Task)
------------------------------------------------------------
sentiment  | F1=0.945 | Acc=0.955 | P=0.958 | R=0.940
urgency    | F1=0.772 | Acc=0.897 | P=0.765 | R=0.781
topic      | F1=0.872 | Acc=0.871 | P=0.896 | R=0.860
action     | F1=0.883 | Acc=0.903 | P=0.899 | R=0.873
------------------------------------------------------------
✅ Overall Avg | F1=0.868 | Acc=0.906 | P=0.880 | R=0.864

✅ Epoch 40 | Loss=0.1365 | F1(avg)=0.868 | Sent=0.945 | Urg=0.772 | Top=0.872 | Act=0.883
bert_base_unfreeze2 Epoch 41/50: 100%|██████████████████████████████████████████| 20/20 [00:02<00:00,  8.60it/s]

📊 Validation Results (Per Task)
------------------------------------------------------------
sentiment  | F1=0.945 | Acc=0.955 | P=0.958 | R=0.940
urgency    | F1=0.759 | Acc=0.890 | P=0.747 | R=0.777
topic      | F1=0.872 | Acc=0.871 | P=0.896 | R=0.860
action     | F1=0.868 | Acc=0.890 | P=0.884 | R=0.861
------------------------------------------------------------
✅ Overall Avg | F1=0.861 | Acc=0.902 | P=0.871 | R=0.860

✅ Epoch 41 | Loss=0.1266 | F1(avg)=0.861 | Sent=0.945 | Urg=0.759 | Top=0.872 | Act=0.868
bert_base_unfreeze2 Epoch 42/50: 100%|██████████████████████████████████████████| 20/20 [00:02<00:00,  8.56it/s]

📊 Validation Results (Per Task)
------------------------------------------------------------
sentiment  | F1=0.936 | Acc=0.948 | P=0.952 | R=0.931
urgency    | F1=0.772 | Acc=0.897 | P=0.765 | R=0.781
topic      | F1=0.872 | Acc=0.871 | P=0.896 | R=0.860
action     | F1=0.876 | Acc=0.897 | P=0.891 | R=0.867
------------------------------------------------------------
✅ Overall Avg | F1=0.864 | Acc=0.903 | P=0.876 | R=0.860

✅ Epoch 42 | Loss=0.1350 | F1(avg)=0.864 | Sent=0.936 | Urg=0.772 | Top=0.872 | Act=0.876
bert_base_unfreeze2 Epoch 43/50: 100%|██████████████████████████████████████████| 20/20 [00:02<00:00,  8.58it/s]

📊 Validation Results (Per Task)
------------------------------------------------------------
sentiment  | F1=0.936 | Acc=0.948 | P=0.952 | R=0.931
urgency    | F1=0.768 | Acc=0.897 | P=0.757 | R=0.781
topic      | F1=0.870 | Acc=0.871 | P=0.892 | R=0.860
action     | F1=0.859 | Acc=0.897 | P=0.897 | R=0.840
------------------------------------------------------------
✅ Overall Avg | F1=0.858 | Acc=0.903 | P=0.875 | R=0.853

✅ Epoch 43 | Loss=0.1246 | F1(avg)=0.858 | Sent=0.936 | Urg=0.768 | Top=0.870 | Act=0.859
bert_base_unfreeze2 Epoch 44/50: 100%|██████████████████████████████████████████| 20/20 [00:02<00:00,  8.61it/s]

📊 Validation Results (Per Task)
------------------------------------------------------------
sentiment  | F1=0.945 | Acc=0.955 | P=0.958 | R=0.940
urgency    | F1=0.768 | Acc=0.897 | P=0.757 | R=0.781
topic      | F1=0.872 | Acc=0.871 | P=0.896 | R=0.860
action     | F1=0.883 | Acc=0.903 | P=0.899 | R=0.873
------------------------------------------------------------
✅ Overall Avg | F1=0.867 | Acc=0.906 | P=0.878 | R=0.864

✅ Epoch 44 | Loss=0.1248 | F1(avg)=0.867 | Sent=0.945 | Urg=0.768 | Top=0.872 | Act=0.883
bert_base_unfreeze2 Epoch 45/50: 100%|██████████████████████████████████████████| 20/20 [00:02<00:00,  8.56it/s]

📊 Validation Results (Per Task)
------------------------------------------------------------
sentiment  | F1=0.945 | Acc=0.955 | P=0.958 | R=0.940
urgency    | F1=0.763 | Acc=0.890 | P=0.753 | R=0.775
topic      | F1=0.877 | Acc=0.877 | P=0.901 | R=0.867
action     | F1=0.883 | Acc=0.903 | P=0.899 | R=0.873
------------------------------------------------------------
✅ Overall Avg | F1=0.867 | Acc=0.906 | P=0.878 | R=0.864

✅ Epoch 45 | Loss=0.1240 | F1(avg)=0.867 | Sent=0.945 | Urg=0.763 | Top=0.877 | Act=0.883
bert_base_unfreeze2 Epoch 46/50: 100%|██████████████████████████████████████████| 20/20 [00:02<00:00,  8.56it/s]

📊 Validation Results (Per Task)
------------------------------------------------------------
sentiment  | F1=0.945 | Acc=0.955 | P=0.958 | R=0.940
urgency    | F1=0.763 | Acc=0.890 | P=0.753 | R=0.775
topic      | F1=0.877 | Acc=0.877 | P=0.901 | R=0.867
action     | F1=0.859 | Acc=0.897 | P=0.897 | R=0.840
------------------------------------------------------------
✅ Overall Avg | F1=0.861 | Acc=0.905 | P=0.877 | R=0.855

✅ Epoch 46 | Loss=0.1233 | F1(avg)=0.861 | Sent=0.945 | Urg=0.763 | Top=0.877 | Act=0.859
bert_base_unfreeze2 Epoch 47/50: 100%|██████████████████████████████████████████| 20/20 [00:02<00:00,  8.56it/s]

📊 Validation Results (Per Task)
------------------------------------------------------------
sentiment  | F1=0.945 | Acc=0.955 | P=0.958 | R=0.940
urgency    | F1=0.768 | Acc=0.897 | P=0.757 | R=0.781
topic      | F1=0.877 | Acc=0.877 | P=0.901 | R=0.867
action     | F1=0.876 | Acc=0.897 | P=0.891 | R=0.867
------------------------------------------------------------
✅ Overall Avg | F1=0.866 | Acc=0.906 | P=0.877 | R=0.864

✅ Epoch 47 | Loss=0.1218 | F1(avg)=0.866 | Sent=0.945 | Urg=0.768 | Top=0.877 | Act=0.876
bert_base_unfreeze2 Epoch 48/50: 100%|██████████████████████████████████████████| 20/20 [00:02<00:00,  8.56it/s]

📊 Validation Results (Per Task)
------------------------------------------------------------
sentiment  | F1=0.945 | Acc=0.955 | P=0.958 | R=0.940
urgency    | F1=0.763 | Acc=0.890 | P=0.753 | R=0.775
topic      | F1=0.877 | Acc=0.877 | P=0.901 | R=0.867
action     | F1=0.852 | Acc=0.890 | P=0.889 | R=0.834
------------------------------------------------------------
✅ Overall Avg | F1=0.859 | Acc=0.903 | P=0.875 | R=0.854

✅ Epoch 48 | Loss=0.1206 | F1(avg)=0.859 | Sent=0.945 | Urg=0.763 | Top=0.877 | Act=0.852
bert_base_unfreeze2 Epoch 49/50: 100%|██████████████████████████████████████████| 20/20 [00:02<00:00,  8.55it/s]

📊 Validation Results (Per Task)
------------------------------------------------------------
sentiment  | F1=0.945 | Acc=0.955 | P=0.958 | R=0.940
urgency    | F1=0.768 | Acc=0.897 | P=0.757 | R=0.781
topic      | F1=0.877 | Acc=0.877 | P=0.901 | R=0.867
action     | F1=0.876 | Acc=0.897 | P=0.891 | R=0.867
------------------------------------------------------------
✅ Overall Avg | F1=0.866 | Acc=0.906 | P=0.877 | R=0.864

✅ Epoch 49 | Loss=0.1226 | F1(avg)=0.866 | Sent=0.945 | Urg=0.768 | Top=0.877 | Act=0.876
bert_base_unfreeze2 Epoch 50/50: 100%|██████████████████████████████████████████| 20/20 [00:02<00:00,  8.45it/s]

📊 Validation Results (Per Task)
------------------------------------------------------------
sentiment  | F1=0.945 | Acc=0.955 | P=0.958 | R=0.940
urgency    | F1=0.768 | Acc=0.897 | P=0.757 | R=0.781
topic      | F1=0.877 | Acc=0.877 | P=0.901 | R=0.867
action     | F1=0.876 | Acc=0.897 | P=0.891 | R=0.867
------------------------------------------------------------
✅ Overall Avg | F1=0.866 | Acc=0.906 | P=0.877 | R=0.864

✅ Epoch 50 | Loss=0.1183 | F1(avg)=0.866 | Sent=0.945 | Urg=0.768 | Top=0.877 | Act=0.876
