Use device:cuda
distilbase_lr2e-5_uf2 Epoch 1/50: 100%|█████████████████████████████████████████| 20/20 [00:01<00:00, 12.78it/s]

📊 Validation Results (Per Task)
------------------------------------------------------------
sentiment  | F1=0.211 | Acc=0.465 | P=0.155 | R=0.333
urgency    | F1=0.385 | Acc=0.658 | P=0.461 | R=0.413
topic      | F1=0.093 | Acc=0.271 | P=0.109 | R=0.161
action     | F1=0.123 | Acc=0.510 | P=0.120 | R=0.168
------------------------------------------------------------
✅ Overall Avg | F1=0.203 | Acc=0.476 | P=0.211 | R=0.269

✅ Epoch 1 | Loss=1.4281 | F1(avg)=0.203 | Sent=0.211 | Urg=0.385 | Top=0.093 | Act=0.123
distilbase_lr2e-5_uf2 Epoch 2/50: 100%|█████████████████████████████████████████| 20/20 [00:01<00:00, 14.67it/s]

📊 Validation Results (Per Task)
------------------------------------------------------------
sentiment  | F1=0.471 | Acc=0.626 | P=0.794 | R=0.513
urgency    | F1=0.556 | Acc=0.819 | P=0.539 | R=0.575
topic      | F1=0.335 | Acc=0.452 | P=0.549 | R=0.348
action     | F1=0.162 | Acc=0.548 | P=0.175 | R=0.196
------------------------------------------------------------
✅ Overall Avg | F1=0.381 | Acc=0.611 | P=0.514 | R=0.408

✅ Epoch 2 | Loss=1.2570 | F1(avg)=0.381 | Sent=0.471 | Urg=0.556 | Top=0.335 | Act=0.162
distilbase_lr2e-5_uf2 Epoch 3/50: 100%|█████████████████████████████████████████| 20/20 [00:01<00:00, 14.74it/s]

📊 Validation Results (Per Task)
------------------------------------------------------------
sentiment  | F1=0.727 | Acc=0.800 | P=0.773 | R=0.731
urgency    | F1=0.648 | Acc=0.865 | P=0.902 | R=0.644
topic      | F1=0.596 | Acc=0.690 | P=0.626 | R=0.607
action     | F1=0.266 | Acc=0.677 | P=0.380 | R=0.320
------------------------------------------------------------
✅ Overall Avg | F1=0.559 | Acc=0.758 | P=0.670 | R=0.575

✅ Epoch 3 | Loss=1.0244 | F1(avg)=0.559 | Sent=0.727 | Urg=0.648 | Top=0.596 | Act=0.266
distilbase_lr2e-5_uf2 Epoch 4/50: 100%|█████████████████████████████████████████| 20/20 [00:01<00:00, 14.77it/s]

📊 Validation Results (Per Task)
------------------------------------------------------------
sentiment  | F1=0.802 | Acc=0.852 | P=0.836 | R=0.800
urgency    | F1=0.672 | Acc=0.897 | P=0.925 | R=0.672
topic      | F1=0.631 | Acc=0.716 | P=0.640 | R=0.642
action     | F1=0.369 | Acc=0.755 | P=0.378 | R=0.399
------------------------------------------------------------
✅ Overall Avg | F1=0.619 | Acc=0.805 | P=0.695 | R=0.628

✅ Epoch 4 | Loss=0.8012 | F1(avg)=0.619 | Sent=0.802 | Urg=0.672 | Top=0.631 | Act=0.369
distilbase_lr2e-5_uf2 Epoch 5/50: 100%|█████████████████████████████████████████| 20/20 [00:01<00:00, 14.64it/s]

📊 Validation Results (Per Task)
------------------------------------------------------------
sentiment  | F1=0.827 | Acc=0.871 | P=0.854 | R=0.823
urgency    | F1=0.664 | Acc=0.890 | P=0.758 | R=0.668
topic      | F1=0.704 | Acc=0.768 | P=0.825 | R=0.701
action     | F1=0.389 | Acc=0.774 | P=0.374 | R=0.424
------------------------------------------------------------
✅ Overall Avg | F1=0.646 | Acc=0.826 | P=0.703 | R=0.654

✅ Epoch 5 | Loss=0.6366 | F1(avg)=0.646 | Sent=0.827 | Urg=0.664 | Top=0.704 | Act=0.389
distilbase_lr2e-5_uf2 Epoch 6/50: 100%|█████████████████████████████████████████| 20/20 [00:01<00:00, 14.65it/s]

📊 Validation Results (Per Task)
------------------------------------------------------------
sentiment  | F1=0.855 | Acc=0.890 | P=0.880 | R=0.849
urgency    | F1=0.669 | Acc=0.897 | P=0.763 | R=0.674
topic      | F1=0.754 | Acc=0.787 | P=0.833 | R=0.740
action     | F1=0.419 | Acc=0.794 | P=0.460 | R=0.448
------------------------------------------------------------
✅ Overall Avg | F1=0.674 | Acc=0.842 | P=0.734 | R=0.678

✅ Epoch 6 | Loss=0.5405 | F1(avg)=0.674 | Sent=0.855 | Urg=0.669 | Top=0.754 | Act=0.419
distilbase_lr2e-5_uf2 Epoch 7/50: 100%|█████████████████████████████████████████| 20/20 [00:01<00:00, 14.69it/s]

📊 Validation Results (Per Task)
------------------------------------------------------------
sentiment  | F1=0.890 | Acc=0.916 | P=0.911 | R=0.884
urgency    | F1=0.719 | Acc=0.903 | P=0.822 | R=0.707
topic      | F1=0.787 | Acc=0.800 | P=0.833 | R=0.770
action     | F1=0.547 | Acc=0.832 | P=0.708 | R=0.529
------------------------------------------------------------
✅ Overall Avg | F1=0.736 | Acc=0.863 | P=0.819 | R=0.723

✅ Epoch 7 | Loss=0.4602 | F1(avg)=0.736 | Sent=0.890 | Urg=0.719 | Top=0.787 | Act=0.547
distilbase_lr2e-5_uf2 Epoch 8/50: 100%|█████████████████████████████████████████| 20/20 [00:01<00:00, 14.67it/s]

📊 Validation Results (Per Task)
------------------------------------------------------------
sentiment  | F1=0.890 | Acc=0.916 | P=0.911 | R=0.884
urgency    | F1=0.714 | Acc=0.903 | P=0.771 | R=0.707
topic      | F1=0.823 | Acc=0.826 | P=0.860 | R=0.806
action     | F1=0.557 | Acc=0.832 | P=0.677 | R=0.537
------------------------------------------------------------
✅ Overall Avg | F1=0.746 | Acc=0.869 | P=0.805 | R=0.734

✅ Epoch 8 | Loss=0.4084 | F1(avg)=0.746 | Sent=0.890 | Urg=0.714 | Top=0.823 | Act=0.557
distilbase_lr2e-5_uf2 Epoch 9/50: 100%|█████████████████████████████████████████| 20/20 [00:01<00:00, 14.69it/s]

📊 Validation Results (Per Task)
------------------------------------------------------------
sentiment  | F1=0.898 | Acc=0.923 | P=0.924 | R=0.891
urgency    | F1=0.704 | Acc=0.897 | P=0.736 | R=0.701
topic      | F1=0.834 | Acc=0.832 | P=0.854 | R=0.822
action     | F1=0.544 | Acc=0.832 | P=0.576 | R=0.537
------------------------------------------------------------
✅ Overall Avg | F1=0.745 | Acc=0.871 | P=0.772 | R=0.738

✅ Epoch 9 | Loss=0.3774 | F1(avg)=0.745 | Sent=0.898 | Urg=0.704 | Top=0.834 | Act=0.544
distilbase_lr2e-5_uf2 Epoch 10/50: 100%|████████████████████████████████████████| 20/20 [00:01<00:00, 14.69it/s]

📊 Validation Results (Per Task)
------------------------------------------------------------
sentiment  | F1=0.900 | Acc=0.923 | P=0.917 | R=0.893
urgency    | F1=0.704 | Acc=0.897 | P=0.736 | R=0.701
topic      | F1=0.840 | Acc=0.839 | P=0.859 | R=0.829
action     | F1=0.553 | Acc=0.832 | P=0.587 | R=0.546
------------------------------------------------------------
✅ Overall Avg | F1=0.749 | Acc=0.873 | P=0.775 | R=0.742

✅ Epoch 10 | Loss=0.3363 | F1(avg)=0.749 | Sent=0.900 | Urg=0.704 | Top=0.840 | Act=0.553
distilbase_lr2e-5_uf2 Epoch 11/50: 100%|████████████████████████████████████████| 20/20 [00:01<00:00, 14.68it/s]

📊 Validation Results (Per Task)
------------------------------------------------------------
sentiment  | F1=0.908 | Acc=0.929 | P=0.929 | R=0.900
urgency    | F1=0.704 | Acc=0.897 | P=0.736 | R=0.701
topic      | F1=0.848 | Acc=0.845 | P=0.869 | R=0.837
action     | F1=0.547 | Acc=0.832 | P=0.566 | R=0.541
------------------------------------------------------------
✅ Overall Avg | F1=0.752 | Acc=0.876 | P=0.775 | R=0.745

✅ Epoch 11 | Loss=0.3063 | F1(avg)=0.752 | Sent=0.908 | Urg=0.704 | Top=0.848 | Act=0.547
distilbase_lr2e-5_uf2 Epoch 12/50: 100%|████████████████████████████████████████| 20/20 [00:01<00:00, 14.69it/s]

📊 Validation Results (Per Task)
------------------------------------------------------------
sentiment  | F1=0.916 | Acc=0.935 | P=0.934 | R=0.910
urgency    | F1=0.696 | Acc=0.890 | P=0.713 | R=0.695
topic      | F1=0.857 | Acc=0.852 | P=0.874 | R=0.847
action     | F1=0.541 | Acc=0.826 | P=0.563 | R=0.535
------------------------------------------------------------
✅ Overall Avg | F1=0.752 | Acc=0.876 | P=0.771 | R=0.747

✅ Epoch 12 | Loss=0.2877 | F1(avg)=0.752 | Sent=0.916 | Urg=0.696 | Top=0.857 | Act=0.541
distilbase_lr2e-5_uf2 Epoch 13/50: 100%|████████████████████████████████████████| 20/20 [00:01<00:00, 14.67it/s]

📊 Validation Results (Per Task)
------------------------------------------------------------
sentiment  | F1=0.917 | Acc=0.935 | P=0.928 | R=0.912
urgency    | F1=0.696 | Acc=0.890 | P=0.713 | R=0.695
topic      | F1=0.853 | Acc=0.852 | P=0.875 | R=0.843
action     | F1=0.713 | Acc=0.832 | P=0.757 | R=0.701
------------------------------------------------------------
✅ Overall Avg | F1=0.795 | Acc=0.877 | P=0.818 | R=0.788

✅ Epoch 13 | Loss=0.2648 | F1(avg)=0.795 | Sent=0.917 | Urg=0.696 | Top=0.853 | Act=0.713
distilbase_lr2e-5_uf2 Epoch 14/50: 100%|████████████████████████████████████████| 20/20 [00:01<00:00, 14.68it/s]

📊 Validation Results (Per Task)
------------------------------------------------------------
sentiment  | F1=0.908 | Acc=0.929 | P=0.929 | R=0.900
urgency    | F1=0.693 | Acc=0.890 | P=0.701 | R=0.695
topic      | F1=0.844 | Acc=0.845 | P=0.862 | R=0.833
action     | F1=0.715 | Acc=0.852 | P=0.724 | R=0.752
------------------------------------------------------------
✅ Overall Avg | F1=0.790 | Acc=0.879 | P=0.804 | R=0.795

✅ Epoch 14 | Loss=0.2467 | F1(avg)=0.790 | Sent=0.908 | Urg=0.693 | Top=0.844 | Act=0.715
distilbase_lr2e-5_uf2 Epoch 15/50: 100%|████████████████████████████████████████| 20/20 [00:01<00:00, 14.69it/s]

📊 Validation Results (Per Task)
------------------------------------------------------------
sentiment  | F1=0.916 | Acc=0.935 | P=0.934 | R=0.910
urgency    | F1=0.693 | Acc=0.890 | P=0.701 | R=0.695
topic      | F1=0.845 | Acc=0.845 | P=0.865 | R=0.833
action     | F1=0.769 | Acc=0.852 | P=0.806 | R=0.752
------------------------------------------------------------
✅ Overall Avg | F1=0.806 | Acc=0.881 | P=0.827 | R=0.797

✅ Epoch 15 | Loss=0.2310 | F1(avg)=0.806 | Sent=0.916 | Urg=0.693 | Top=0.845 | Act=0.769
distilbase_lr2e-5_uf2 Epoch 16/50: 100%|████████████████████████████████████████| 20/20 [00:01<00:00, 14.74it/s]

📊 Validation Results (Per Task)
------------------------------------------------------------
sentiment  | F1=0.926 | Acc=0.942 | P=0.935 | R=0.921
urgency    | F1=0.693 | Acc=0.890 | P=0.701 | R=0.695
topic      | F1=0.851 | Acc=0.852 | P=0.869 | R=0.841
action     | F1=0.715 | Acc=0.852 | P=0.724 | R=0.752
------------------------------------------------------------
✅ Overall Avg | F1=0.796 | Acc=0.884 | P=0.807 | R=0.802

✅ Epoch 16 | Loss=0.2177 | F1(avg)=0.796 | Sent=0.926 | Urg=0.693 | Top=0.851 | Act=0.715
distilbase_lr2e-5_uf2 Epoch 17/50: 100%|████████████████████████████████████████| 20/20 [00:01<00:00, 14.81it/s]

📊 Validation Results (Per Task)
------------------------------------------------------------
sentiment  | F1=0.916 | Acc=0.935 | P=0.934 | R=0.910
urgency    | F1=0.694 | Acc=0.890 | P=0.701 | R=0.695
topic      | F1=0.851 | Acc=0.852 | P=0.869 | R=0.841
action     | F1=0.715 | Acc=0.852 | P=0.724 | R=0.752
------------------------------------------------------------
✅ Overall Avg | F1=0.794 | Acc=0.882 | P=0.807 | R=0.799

✅ Epoch 17 | Loss=0.2037 | F1(avg)=0.794 | Sent=0.916 | Urg=0.694 | Top=0.851 | Act=0.715
distilbase_lr2e-5_uf2 Epoch 18/50: 100%|████████████████████████████████████████| 20/20 [00:01<00:00, 14.76it/s]

📊 Validation Results (Per Task)
------------------------------------------------------------
sentiment  | F1=0.934 | Acc=0.948 | P=0.940 | R=0.930
urgency    | F1=0.693 | Acc=0.890 | P=0.701 | R=0.695
topic      | F1=0.872 | Acc=0.865 | P=0.886 | R=0.863
action     | F1=0.715 | Acc=0.852 | P=0.724 | R=0.752
------------------------------------------------------------
✅ Overall Avg | F1=0.803 | Acc=0.889 | P=0.813 | R=0.810

✅ Epoch 18 | Loss=0.1938 | F1(avg)=0.803 | Sent=0.934 | Urg=0.693 | Top=0.872 | Act=0.715
distilbase_lr2e-5_uf2 Epoch 19/50: 100%|████████████████████████████████████████| 20/20 [00:01<00:00, 14.69it/s]

📊 Validation Results (Per Task)
------------------------------------------------------------
sentiment  | F1=0.934 | Acc=0.948 | P=0.940 | R=0.930
urgency    | F1=0.701 | Acc=0.897 | P=0.718 | R=0.701
topic      | F1=0.863 | Acc=0.858 | P=0.877 | R=0.855
action     | F1=0.739 | Acc=0.852 | P=0.730 | R=0.783
------------------------------------------------------------
✅ Overall Avg | F1=0.809 | Acc=0.889 | P=0.816 | R=0.817

✅ Epoch 19 | Loss=0.1872 | F1(avg)=0.809 | Sent=0.934 | Urg=0.701 | Top=0.863 | Act=0.739
distilbase_lr2e-5_uf2 Epoch 20/50: 100%|████████████████████████████████████████| 20/20 [00:01<00:00, 14.66it/s]

📊 Validation Results (Per Task)
------------------------------------------------------------
sentiment  | F1=0.925 | Acc=0.942 | P=0.934 | R=0.921
urgency    | F1=0.686 | Acc=0.884 | P=0.688 | R=0.689
topic      | F1=0.858 | Acc=0.858 | P=0.878 | R=0.846
action     | F1=0.739 | Acc=0.852 | P=0.730 | R=0.783
------------------------------------------------------------
✅ Overall Avg | F1=0.802 | Acc=0.884 | P=0.807 | R=0.810

✅ Epoch 20 | Loss=0.1726 | F1(avg)=0.802 | Sent=0.925 | Urg=0.686 | Top=0.858 | Act=0.739
distilbase_lr2e-5_uf2 Epoch 21/50: 100%|████████████████████████████████████████| 20/20 [00:01<00:00, 14.66it/s]

📊 Validation Results (Per Task)
------------------------------------------------------------
sentiment  | F1=0.934 | Acc=0.948 | P=0.940 | R=0.930
urgency    | F1=0.693 | Acc=0.890 | P=0.701 | R=0.695
topic      | F1=0.861 | Acc=0.858 | P=0.882 | R=0.849
action     | F1=0.835 | Acc=0.877 | P=0.837 | R=0.836
------------------------------------------------------------
✅ Overall Avg | F1=0.831 | Acc=0.894 | P=0.840 | R=0.828

✅ Epoch 21 | Loss=0.1624 | F1(avg)=0.831 | Sent=0.934 | Urg=0.693 | Top=0.861 | Act=0.835
distilbase_lr2e-5_uf2 Epoch 22/50: 100%|████████████████████████████████████████| 20/20 [00:01<00:00, 14.69it/s]

📊 Validation Results (Per Task)
------------------------------------------------------------
sentiment  | F1=0.934 | Acc=0.948 | P=0.940 | R=0.930
urgency    | F1=0.686 | Acc=0.884 | P=0.688 | R=0.689
topic      | F1=0.861 | Acc=0.858 | P=0.882 | R=0.849
action     | F1=0.762 | Acc=0.858 | P=0.740 | R=0.816
------------------------------------------------------------
✅ Overall Avg | F1=0.811 | Acc=0.887 | P=0.813 | R=0.821

✅ Epoch 22 | Loss=0.1619 | F1(avg)=0.811 | Sent=0.934 | Urg=0.686 | Top=0.861 | Act=0.762
distilbase_lr2e-5_uf2 Epoch 23/50: 100%|████████████████████████████████████████| 20/20 [00:01<00:00, 14.71it/s]

📊 Validation Results (Per Task)
------------------------------------------------------------
sentiment  | F1=0.925 | Acc=0.942 | P=0.934 | R=0.921
urgency    | F1=0.686 | Acc=0.884 | P=0.688 | R=0.689
topic      | F1=0.861 | Acc=0.858 | P=0.882 | R=0.849
action     | F1=0.768 | Acc=0.865 | P=0.748 | R=0.822
------------------------------------------------------------
✅ Overall Avg | F1=0.810 | Acc=0.887 | P=0.813 | R=0.820

✅ Epoch 23 | Loss=0.1532 | F1(avg)=0.810 | Sent=0.925 | Urg=0.686 | Top=0.861 | Act=0.768
distilbase_lr2e-5_uf2 Epoch 24/50: 100%|████████████████████████████████████████| 20/20 [00:01<00:00, 14.66it/s]

📊 Validation Results (Per Task)
------------------------------------------------------------
sentiment  | F1=0.934 | Acc=0.948 | P=0.940 | R=0.930
urgency    | F1=0.709 | Acc=0.884 | P=0.704 | R=0.717
topic      | F1=0.868 | Acc=0.865 | P=0.882 | R=0.861
action     | F1=0.762 | Acc=0.858 | P=0.740 | R=0.816
------------------------------------------------------------
✅ Overall Avg | F1=0.818 | Acc=0.889 | P=0.816 | R=0.831

✅ Epoch 24 | Loss=0.1467 | F1(avg)=0.818 | Sent=0.934 | Urg=0.709 | Top=0.868 | Act=0.762
distilbase_lr2e-5_uf2 Epoch 25/50: 100%|████████████████████████████████████████| 20/20 [00:01<00:00, 14.61it/s]

📊 Validation Results (Per Task)
------------------------------------------------------------
sentiment  | F1=0.934 | Acc=0.948 | P=0.940 | R=0.930
urgency    | F1=0.693 | Acc=0.890 | P=0.701 | R=0.695
topic      | F1=0.861 | Acc=0.858 | P=0.882 | R=0.849
action     | F1=0.773 | Acc=0.865 | P=0.748 | R=0.831
------------------------------------------------------------
✅ Overall Avg | F1=0.815 | Acc=0.890 | P=0.818 | R=0.826

✅ Epoch 25 | Loss=0.1373 | F1(avg)=0.815 | Sent=0.934 | Urg=0.693 | Top=0.861 | Act=0.773
distilbase_lr2e-5_uf2 Epoch 26/50: 100%|████████████████████████████████████████| 20/20 [00:01<00:00, 14.64it/s]

📊 Validation Results (Per Task)
------------------------------------------------------------
sentiment  | F1=0.934 | Acc=0.948 | P=0.940 | R=0.930
urgency    | F1=0.661 | Acc=0.858 | P=0.658 | R=0.665
topic      | F1=0.877 | Acc=0.871 | P=0.891 | R=0.868
action     | F1=0.762 | Acc=0.858 | P=0.740 | R=0.816
------------------------------------------------------------
✅ Overall Avg | F1=0.808 | Acc=0.884 | P=0.807 | R=0.820

✅ Epoch 26 | Loss=0.1405 | F1(avg)=0.808 | Sent=0.934 | Urg=0.661 | Top=0.877 | Act=0.762
distilbase_lr2e-5_uf2 Epoch 27/50: 100%|████████████████████████████████████████| 20/20 [00:01<00:00, 14.66it/s]

📊 Validation Results (Per Task)
------------------------------------------------------------
sentiment  | F1=0.925 | Acc=0.942 | P=0.934 | R=0.921
urgency    | F1=0.693 | Acc=0.890 | P=0.701 | R=0.695
topic      | F1=0.872 | Acc=0.865 | P=0.886 | R=0.863
action     | F1=0.840 | Acc=0.877 | P=0.840 | R=0.844
------------------------------------------------------------
✅ Overall Avg | F1=0.832 | Acc=0.894 | P=0.840 | R=0.831

✅ Epoch 27 | Loss=0.1368 | F1(avg)=0.832 | Sent=0.925 | Urg=0.693 | Top=0.872 | Act=0.840
distilbase_lr2e-5_uf2 Epoch 28/50: 100%|████████████████████████████████████████| 20/20 [00:01<00:00, 14.65it/s]

📊 Validation Results (Per Task)
------------------------------------------------------------
sentiment  | F1=0.934 | Acc=0.948 | P=0.940 | R=0.930
urgency    | F1=0.693 | Acc=0.890 | P=0.701 | R=0.695
topic      | F1=0.872 | Acc=0.865 | P=0.886 | R=0.863
action     | F1=0.848 | Acc=0.884 | P=0.847 | R=0.854
------------------------------------------------------------
✅ Overall Avg | F1=0.837 | Acc=0.897 | P=0.844 | R=0.836

✅ Epoch 28 | Loss=0.1255 | F1(avg)=0.837 | Sent=0.934 | Urg=0.693 | Top=0.872 | Act=0.848
distilbase_lr2e-5_uf2 Epoch 29/50: 100%|████████████████████████████████████████| 20/20 [00:01<00:00, 14.66it/s]

📊 Validation Results (Per Task)
------------------------------------------------------------
sentiment  | F1=0.934 | Acc=0.948 | P=0.940 | R=0.930
urgency    | F1=0.686 | Acc=0.884 | P=0.688 | R=0.689
topic      | F1=0.872 | Acc=0.865 | P=0.886 | R=0.863
action     | F1=0.780 | Acc=0.871 | P=0.755 | R=0.837
------------------------------------------------------------
✅ Overall Avg | F1=0.818 | Acc=0.892 | P=0.817 | R=0.830

✅ Epoch 29 | Loss=0.1195 | F1(avg)=0.818 | Sent=0.934 | Urg=0.686 | Top=0.872 | Act=0.780
distilbase_lr2e-5_uf2 Epoch 30/50: 100%|████████████████████████████████████████| 20/20 [00:01<00:00, 14.77it/s]

📊 Validation Results (Per Task)
------------------------------------------------------------
sentiment  | F1=0.934 | Acc=0.948 | P=0.940 | R=0.930
urgency    | F1=0.714 | Acc=0.884 | P=0.716 | R=0.717
topic      | F1=0.877 | Acc=0.871 | P=0.891 | R=0.868
action     | F1=0.838 | Acc=0.877 | P=0.836 | R=0.844
------------------------------------------------------------
✅ Overall Avg | F1=0.841 | Acc=0.895 | P=0.846 | R=0.840

✅ Epoch 30 | Loss=0.1165 | F1(avg)=0.841 | Sent=0.934 | Urg=0.714 | Top=0.877 | Act=0.838
distilbase_lr2e-5_uf2 Epoch 31/50: 100%|████████████████████████████████████████| 20/20 [00:01<00:00, 14.79it/s]

📊 Validation Results (Per Task)
------------------------------------------------------------
sentiment  | F1=0.934 | Acc=0.948 | P=0.940 | R=0.930
urgency    | F1=0.688 | Acc=0.884 | P=0.696 | R=0.689
topic      | F1=0.877 | Acc=0.871 | P=0.891 | R=0.868
action     | F1=0.788 | Acc=0.877 | P=0.762 | R=0.847
------------------------------------------------------------
✅ Overall Avg | F1=0.822 | Acc=0.895 | P=0.822 | R=0.834

✅ Epoch 31 | Loss=0.1153 | F1(avg)=0.822 | Sent=0.934 | Urg=0.688 | Top=0.877 | Act=0.788
distilbase_lr2e-5_uf2 Epoch 32/50: 100%|████████████████████████████████████████| 20/20 [00:01<00:00, 14.67it/s]

📊 Validation Results (Per Task)
------------------------------------------------------------
sentiment  | F1=0.934 | Acc=0.948 | P=0.940 | R=0.930
urgency    | F1=0.711 | Acc=0.884 | P=0.708 | R=0.717
topic      | F1=0.866 | Acc=0.865 | P=0.887 | R=0.854
action     | F1=0.846 | Acc=0.884 | P=0.843 | R=0.854
------------------------------------------------------------
✅ Overall Avg | F1=0.839 | Acc=0.895 | P=0.845 | R=0.839

✅ Epoch 32 | Loss=0.1121 | F1(avg)=0.839 | Sent=0.934 | Urg=0.711 | Top=0.866 | Act=0.846
distilbase_lr2e-5_uf2 Epoch 33/50: 100%|████████████████████████████████████████| 20/20 [00:01<00:00, 14.64it/s]

📊 Validation Results (Per Task)
------------------------------------------------------------
sentiment  | F1=0.934 | Acc=0.948 | P=0.940 | R=0.930
urgency    | F1=0.706 | Acc=0.877 | P=0.704 | R=0.711
topic      | F1=0.883 | Acc=0.877 | P=0.897 | R=0.875
action     | F1=0.848 | Acc=0.884 | P=0.847 | R=0.854
------------------------------------------------------------
✅ Overall Avg | F1=0.843 | Acc=0.897 | P=0.847 | R=0.842

✅ Epoch 33 | Loss=0.1070 | F1(avg)=0.843 | Sent=0.934 | Urg=0.706 | Top=0.883 | Act=0.848
distilbase_lr2e-5_uf2 Epoch 34/50: 100%|████████████████████████████████████████| 20/20 [00:01<00:00, 14.70it/s]

📊 Validation Results (Per Task)
------------------------------------------------------------
sentiment  | F1=0.934 | Acc=0.948 | P=0.940 | R=0.930
urgency    | F1=0.695 | Acc=0.871 | P=0.690 | R=0.705
topic      | F1=0.877 | Acc=0.871 | P=0.891 | R=0.868
action     | F1=0.848 | Acc=0.884 | P=0.847 | R=0.854
------------------------------------------------------------
✅ Overall Avg | F1=0.839 | Acc=0.894 | P=0.842 | R=0.839

✅ Epoch 34 | Loss=0.1064 | F1(avg)=0.839 | Sent=0.934 | Urg=0.695 | Top=0.877 | Act=0.848
distilbase_lr2e-5_uf2 Epoch 35/50: 100%|████████████████████████████████████████| 20/20 [00:01<00:00, 14.67it/s]

📊 Validation Results (Per Task)
------------------------------------------------------------
sentiment  | F1=0.934 | Acc=0.948 | P=0.940 | R=0.930
urgency    | F1=0.714 | Acc=0.884 | P=0.716 | R=0.717
topic      | F1=0.866 | Acc=0.865 | P=0.887 | R=0.854
action     | F1=0.848 | Acc=0.884 | P=0.847 | R=0.854
------------------------------------------------------------
✅ Overall Avg | F1=0.841 | Acc=0.895 | P=0.847 | R=0.839

✅ Epoch 35 | Loss=0.1031 | F1(avg)=0.841 | Sent=0.934 | Urg=0.714 | Top=0.866 | Act=0.848
distilbase_lr2e-5_uf2 Epoch 36/50: 100%|████████████████████████████████████████| 20/20 [00:01<00:00, 14.70it/s]

📊 Validation Results (Per Task)
------------------------------------------------------------
sentiment  | F1=0.934 | Acc=0.948 | P=0.940 | R=0.930
urgency    | F1=0.723 | Acc=0.890 | P=0.730 | R=0.723
topic      | F1=0.866 | Acc=0.865 | P=0.887 | R=0.854
action     | F1=0.848 | Acc=0.884 | P=0.847 | R=0.854
------------------------------------------------------------
✅ Overall Avg | F1=0.843 | Acc=0.897 | P=0.851 | R=0.840

✅ Epoch 36 | Loss=0.1019 | F1(avg)=0.843 | Sent=0.934 | Urg=0.723 | Top=0.866 | Act=0.848
distilbase_lr2e-5_uf2 Epoch 37/50: 100%|████████████████████████████████████████| 20/20 [00:01<00:00, 14.67it/s]

📊 Validation Results (Per Task)
------------------------------------------------------------
sentiment  | F1=0.934 | Acc=0.948 | P=0.940 | R=0.930
urgency    | F1=0.690 | Acc=0.865 | P=0.685 | R=0.699
topic      | F1=0.883 | Acc=0.877 | P=0.897 | R=0.875
action     | F1=0.846 | Acc=0.884 | P=0.843 | R=0.854
------------------------------------------------------------
✅ Overall Avg | F1=0.838 | Acc=0.894 | P=0.841 | R=0.839

✅ Epoch 37 | Loss=0.0993 | F1(avg)=0.838 | Sent=0.934 | Urg=0.690 | Top=0.883 | Act=0.846
distilbase_lr2e-5_uf2 Epoch 38/50: 100%|████████████████████████████████████████| 20/20 [00:01<00:00, 14.65it/s]

📊 Validation Results (Per Task)
------------------------------------------------------------
sentiment  | F1=0.934 | Acc=0.948 | P=0.940 | R=0.930
urgency    | F1=0.723 | Acc=0.890 | P=0.730 | R=0.723
topic      | F1=0.872 | Acc=0.871 | P=0.892 | R=0.860
action     | F1=0.847 | Acc=0.884 | P=0.844 | R=0.855
------------------------------------------------------------
✅ Overall Avg | F1=0.844 | Acc=0.898 | P=0.852 | R=0.842

✅ Epoch 38 | Loss=0.1014 | F1(avg)=0.844 | Sent=0.934 | Urg=0.723 | Top=0.872 | Act=0.847
distilbase_lr2e-5_uf2 Epoch 39/50: 100%|████████████████████████████████████████| 20/20 [00:01<00:00, 14.62it/s]

📊 Validation Results (Per Task)
------------------------------------------------------------
sentiment  | F1=0.934 | Acc=0.948 | P=0.940 | R=0.930
urgency    | F1=0.682 | Acc=0.858 | P=0.677 | R=0.693
topic      | F1=0.877 | Acc=0.871 | P=0.891 | R=0.868
action     | F1=0.854 | Acc=0.890 | P=0.850 | R=0.861
------------------------------------------------------------
✅ Overall Avg | F1=0.837 | Acc=0.892 | P=0.840 | R=0.838

✅ Epoch 39 | Loss=0.0994 | F1(avg)=0.837 | Sent=0.934 | Urg=0.682 | Top=0.877 | Act=0.854
distilbase_lr2e-5_uf2 Epoch 40/50: 100%|████████████████████████████████████████| 20/20 [00:01<00:00, 14.65it/s]

📊 Validation Results (Per Task)
------------------------------------------------------------
sentiment  | F1=0.934 | Acc=0.948 | P=0.940 | R=0.930
urgency    | F1=0.714 | Acc=0.884 | P=0.716 | R=0.717
topic      | F1=0.883 | Acc=0.877 | P=0.897 | R=0.875
action     | F1=0.854 | Acc=0.890 | P=0.850 | R=0.861
------------------------------------------------------------
✅ Overall Avg | F1=0.846 | Acc=0.900 | P=0.851 | R=0.846

✅ Epoch 40 | Loss=0.0961 | F1(avg)=0.846 | Sent=0.934 | Urg=0.714 | Top=0.883 | Act=0.854
distilbase_lr2e-5_uf2 Epoch 41/50: 100%|████████████████████████████████████████| 20/20 [00:01<00:00, 14.65it/s]

📊 Validation Results (Per Task)
------------------------------------------------------------
sentiment  | F1=0.934 | Acc=0.948 | P=0.940 | R=0.930
urgency    | F1=0.690 | Acc=0.865 | P=0.685 | R=0.699
topic      | F1=0.883 | Acc=0.877 | P=0.897 | R=0.875
action     | F1=0.854 | Acc=0.890 | P=0.850 | R=0.861
------------------------------------------------------------
✅ Overall Avg | F1=0.840 | Acc=0.895 | P=0.843 | R=0.841

✅ Epoch 41 | Loss=0.0929 | F1(avg)=0.840 | Sent=0.934 | Urg=0.690 | Top=0.883 | Act=0.854
distilbase_lr2e-5_uf2 Epoch 42/50: 100%|████████████████████████████████████████| 20/20 [00:01<00:00, 14.68it/s]

📊 Validation Results (Per Task)
------------------------------------------------------------
sentiment  | F1=0.934 | Acc=0.948 | P=0.940 | R=0.930
urgency    | F1=0.698 | Acc=0.871 | P=0.693 | R=0.705
topic      | F1=0.877 | Acc=0.871 | P=0.891 | R=0.868
action     | F1=0.854 | Acc=0.890 | P=0.850 | R=0.861
------------------------------------------------------------
✅ Overall Avg | F1=0.841 | Acc=0.895 | P=0.844 | R=0.841

✅ Epoch 42 | Loss=0.0929 | F1(avg)=0.841 | Sent=0.934 | Urg=0.698 | Top=0.877 | Act=0.854
distilbase_lr2e-5_uf2 Epoch 43/50: 100%|████████████████████████████████████████| 20/20 [00:01<00:00, 14.73it/s]

📊 Validation Results (Per Task)
------------------------------------------------------------
sentiment  | F1=0.934 | Acc=0.948 | P=0.940 | R=0.930
urgency    | F1=0.690 | Acc=0.865 | P=0.685 | R=0.699
topic      | F1=0.877 | Acc=0.871 | P=0.891 | R=0.868
action     | F1=0.854 | Acc=0.890 | P=0.850 | R=0.861
------------------------------------------------------------
✅ Overall Avg | F1=0.839 | Acc=0.894 | P=0.842 | R=0.840

✅ Epoch 43 | Loss=0.0891 | F1(avg)=0.839 | Sent=0.934 | Urg=0.690 | Top=0.877 | Act=0.854
distilbase_lr2e-5_uf2 Epoch 44/50: 100%|████████████████████████████████████████| 20/20 [00:01<00:00, 14.79it/s]

📊 Validation Results (Per Task)
------------------------------------------------------------
sentiment  | F1=0.934 | Acc=0.948 | P=0.940 | R=0.930
urgency    | F1=0.690 | Acc=0.865 | P=0.685 | R=0.699
topic      | F1=0.883 | Acc=0.877 | P=0.897 | R=0.875
action     | F1=0.854 | Acc=0.890 | P=0.850 | R=0.861
------------------------------------------------------------
✅ Overall Avg | F1=0.840 | Acc=0.895 | P=0.843 | R=0.841

✅ Epoch 44 | Loss=0.0928 | F1(avg)=0.840 | Sent=0.934 | Urg=0.690 | Top=0.883 | Act=0.854
distilbase_lr2e-5_uf2 Epoch 45/50: 100%|████████████████████████████████████████| 20/20 [00:01<00:00, 14.75it/s]

📊 Validation Results (Per Task)
------------------------------------------------------------
sentiment  | F1=0.934 | Acc=0.948 | P=0.940 | R=0.930
urgency    | F1=0.715 | Acc=0.871 | P=0.706 | R=0.732
topic      | F1=0.883 | Acc=0.877 | P=0.897 | R=0.875
action     | F1=0.854 | Acc=0.890 | P=0.850 | R=0.861
------------------------------------------------------------
✅ Overall Avg | F1=0.846 | Acc=0.897 | P=0.848 | R=0.849

✅ Epoch 45 | Loss=0.0908 | F1(avg)=0.846 | Sent=0.934 | Urg=0.715 | Top=0.883 | Act=0.854
distilbase_lr2e-5_uf2 Epoch 46/50: 100%|████████████████████████████████████████| 20/20 [00:01<00:00, 14.70it/s]

📊 Validation Results (Per Task)
------------------------------------------------------------
sentiment  | F1=0.934 | Acc=0.948 | P=0.940 | R=0.930
urgency    | F1=0.698 | Acc=0.871 | P=0.693 | R=0.705
topic      | F1=0.872 | Acc=0.871 | P=0.892 | R=0.860
action     | F1=0.854 | Acc=0.890 | P=0.850 | R=0.861
------------------------------------------------------------
✅ Overall Avg | F1=0.839 | Acc=0.895 | P=0.844 | R=0.839

✅ Epoch 46 | Loss=0.0878 | F1(avg)=0.839 | Sent=0.934 | Urg=0.698 | Top=0.872 | Act=0.854
distilbase_lr2e-5_uf2 Epoch 47/50: 100%|████████████████████████████████████████| 20/20 [00:01<00:00, 14.69it/s]

📊 Validation Results (Per Task)
------------------------------------------------------------
sentiment  | F1=0.934 | Acc=0.948 | P=0.940 | R=0.930
urgency    | F1=0.698 | Acc=0.871 | P=0.693 | R=0.705
topic      | F1=0.872 | Acc=0.871 | P=0.892 | R=0.860
action     | F1=0.854 | Acc=0.890 | P=0.850 | R=0.861
------------------------------------------------------------
✅ Overall Avg | F1=0.839 | Acc=0.895 | P=0.844 | R=0.839

✅ Epoch 47 | Loss=0.0918 | F1(avg)=0.839 | Sent=0.934 | Urg=0.698 | Top=0.872 | Act=0.854
distilbase_lr2e-5_uf2 Epoch 48/50: 100%|████████████████████████████████████████| 20/20 [00:01<00:00, 14.69it/s]

📊 Validation Results (Per Task)
------------------------------------------------------------
sentiment  | F1=0.934 | Acc=0.948 | P=0.940 | R=0.930
urgency    | F1=0.698 | Acc=0.871 | P=0.693 | R=0.705
topic      | F1=0.872 | Acc=0.871 | P=0.892 | R=0.860
action     | F1=0.854 | Acc=0.890 | P=0.850 | R=0.861
------------------------------------------------------------
✅ Overall Avg | F1=0.839 | Acc=0.895 | P=0.844 | R=0.839

✅ Epoch 48 | Loss=0.0863 | F1(avg)=0.839 | Sent=0.934 | Urg=0.698 | Top=0.872 | Act=0.854
distilbase_lr2e-5_uf2 Epoch 49/50: 100%|████████████████████████████████████████| 20/20 [00:01<00:00, 14.70it/s]

📊 Validation Results (Per Task)
------------------------------------------------------------
sentiment  | F1=0.934 | Acc=0.948 | P=0.940 | R=0.930
urgency    | F1=0.698 | Acc=0.871 | P=0.693 | R=0.705
topic      | F1=0.872 | Acc=0.871 | P=0.892 | R=0.860
action     | F1=0.854 | Acc=0.890 | P=0.850 | R=0.861
------------------------------------------------------------
✅ Overall Avg | F1=0.839 | Acc=0.895 | P=0.844 | R=0.839

✅ Epoch 49 | Loss=0.0875 | F1(avg)=0.839 | Sent=0.934 | Urg=0.698 | Top=0.872 | Act=0.854
distilbase_lr2e-5_uf2 Epoch 50/50: 100%|████████████████████████████████████████| 20/20 [00:01<00:00, 14.19it/s]

📊 Validation Results (Per Task)
------------------------------------------------------------
sentiment  | F1=0.934 | Acc=0.948 | P=0.940 | R=0.930
urgency    | F1=0.698 | Acc=0.871 | P=0.693 | R=0.705
topic      | F1=0.872 | Acc=0.871 | P=0.892 | R=0.860
action     | F1=0.854 | Acc=0.890 | P=0.850 | R=0.861
------------------------------------------------------------
✅ Overall Avg | F1=0.839 | Acc=0.895 | P=0.844 | R=0.839

✅ Epoch 50 | Loss=0.0893 | F1(avg)=0.839 | Sent=0.934 | Urg=0.698 | Top=0.872 | Act=0.854
