Use device:cuda
bert_small_lr3e-5_uf2 Epoch 1/50: 100%|█████████████████████████████████████████| 20/20 [00:00<00:00, 28.96it/s]

📊 Validation Results (Per Task)
------------------------------------------------------------
sentiment  | F1=0.322 | Acc=0.510 | P=0.720 | R=0.389
urgency    | F1=0.458 | Acc=0.716 | P=0.543 | R=0.466
topic      | F1=0.214 | Acc=0.348 | P=0.224 | R=0.251
action     | F1=0.248 | Acc=0.574 | P=0.410 | R=0.255
------------------------------------------------------------
✅ Overall Avg | F1=0.310 | Acc=0.537 | P=0.474 | R=0.341

✅ Epoch 1 | Loss=1.4384 | F1(avg)=0.310 | Sent=0.322 | Urg=0.458 | Top=0.214 | Act=0.248
bert_small_lr3e-5_uf2 Epoch 2/50: 100%|█████████████████████████████████████████| 20/20 [00:00<00:00, 29.19it/s]

📊 Validation Results (Per Task)
------------------------------------------------------------
sentiment  | F1=0.592 | Acc=0.639 | P=0.701 | R=0.574
urgency    | F1=0.525 | Acc=0.781 | P=0.520 | R=0.537
topic      | F1=0.418 | Acc=0.516 | P=0.528 | R=0.423
action     | F1=0.237 | Acc=0.587 | P=0.349 | R=0.254
------------------------------------------------------------
✅ Overall Avg | F1=0.443 | Acc=0.631 | P=0.524 | R=0.447

✅ Epoch 2 | Loss=1.2001 | F1(avg)=0.443 | Sent=0.592 | Urg=0.525 | Top=0.418 | Act=0.237
bert_small_lr3e-5_uf2 Epoch 3/50: 100%|█████████████████████████████████████████| 20/20 [00:00<00:00, 29.36it/s]

📊 Validation Results (Per Task)
------------------------------------------------------------
sentiment  | F1=0.714 | Acc=0.735 | P=0.763 | R=0.694
urgency    | F1=0.512 | Acc=0.768 | P=0.514 | R=0.523
topic      | F1=0.524 | Acc=0.619 | P=0.603 | R=0.522
action     | F1=0.271 | Acc=0.639 | P=0.365 | R=0.313
------------------------------------------------------------
✅ Overall Avg | F1=0.505 | Acc=0.690 | P=0.561 | R=0.513

✅ Epoch 3 | Loss=1.0468 | F1(avg)=0.505 | Sent=0.714 | Urg=0.512 | Top=0.524 | Act=0.271
bert_small_lr3e-5_uf2 Epoch 4/50: 100%|█████████████████████████████████████████| 20/20 [00:00<00:00, 29.38it/s]

📊 Validation Results (Per Task)
------------------------------------------------------------
sentiment  | F1=0.771 | Acc=0.794 | P=0.799 | R=0.757
urgency    | F1=0.555 | Acc=0.813 | P=0.542 | R=0.569
topic      | F1=0.601 | Acc=0.690 | P=0.657 | R=0.604
action     | F1=0.302 | Acc=0.658 | P=0.347 | R=0.333
------------------------------------------------------------
✅ Overall Avg | F1=0.557 | Acc=0.739 | P=0.586 | R=0.566

✅ Epoch 4 | Loss=0.9151 | F1(avg)=0.557 | Sent=0.771 | Urg=0.555 | Top=0.601 | Act=0.302
bert_small_lr3e-5_uf2 Epoch 5/50: 100%|█████████████████████████████████████████| 20/20 [00:00<00:00, 29.36it/s]

📊 Validation Results (Per Task)
------------------------------------------------------------
sentiment  | F1=0.813 | Acc=0.826 | P=0.821 | R=0.806
urgency    | F1=0.655 | Acc=0.826 | P=0.718 | R=0.636
topic      | F1=0.635 | Acc=0.697 | P=0.790 | R=0.624
action     | F1=0.340 | Acc=0.690 | P=0.526 | R=0.368
------------------------------------------------------------
✅ Overall Avg | F1=0.611 | Acc=0.760 | P=0.714 | R=0.608

✅ Epoch 5 | Loss=0.7818 | F1(avg)=0.611 | Sent=0.813 | Urg=0.655 | Top=0.635 | Act=0.340
bert_small_lr3e-5_uf2 Epoch 6/50: 100%|█████████████████████████████████████████| 20/20 [00:00<00:00, 29.27it/s]

📊 Validation Results (Per Task)
------------------------------------------------------------
sentiment  | F1=0.828 | Acc=0.845 | P=0.832 | R=0.825
urgency    | F1=0.659 | Acc=0.832 | P=0.721 | R=0.642
topic      | F1=0.665 | Acc=0.710 | P=0.788 | R=0.647
action     | F1=0.361 | Acc=0.716 | P=0.526 | R=0.385
------------------------------------------------------------
✅ Overall Avg | F1=0.628 | Acc=0.776 | P=0.716 | R=0.625

✅ Epoch 6 | Loss=0.6787 | F1(avg)=0.628 | Sent=0.828 | Urg=0.659 | Top=0.665 | Act=0.361
bert_small_lr3e-5_uf2 Epoch 7/50: 100%|█████████████████████████████████████████| 20/20 [00:00<00:00, 29.26it/s]

📊 Validation Results (Per Task)
------------------------------------------------------------
sentiment  | F1=0.856 | Acc=0.871 | P=0.859 | R=0.855
urgency    | F1=0.652 | Acc=0.832 | P=0.673 | R=0.642
topic      | F1=0.734 | Acc=0.761 | P=0.787 | R=0.715
action     | F1=0.391 | Acc=0.748 | P=0.535 | R=0.414
------------------------------------------------------------
✅ Overall Avg | F1=0.658 | Acc=0.803 | P=0.713 | R=0.656

✅ Epoch 7 | Loss=0.5857 | F1(avg)=0.658 | Sent=0.856 | Urg=0.652 | Top=0.734 | Act=0.391
bert_small_lr3e-5_uf2 Epoch 8/50: 100%|█████████████████████████████████████████| 20/20 [00:00<00:00, 29.17it/s]

📊 Validation Results (Per Task)
------------------------------------------------------------
sentiment  | F1=0.849 | Acc=0.865 | P=0.856 | R=0.844
urgency    | F1=0.644 | Acc=0.826 | P=0.655 | R=0.638
topic      | F1=0.762 | Acc=0.781 | P=0.787 | R=0.749
action     | F1=0.392 | Acc=0.748 | P=0.542 | R=0.414
------------------------------------------------------------
✅ Overall Avg | F1=0.662 | Acc=0.805 | P=0.710 | R=0.661

✅ Epoch 8 | Loss=0.5172 | F1(avg)=0.662 | Sent=0.849 | Urg=0.644 | Top=0.762 | Act=0.392
bert_small_lr3e-5_uf2 Epoch 9/50: 100%|█████████████████████████████████████████| 20/20 [00:00<00:00, 29.21it/s]

📊 Validation Results (Per Task)
------------------------------------------------------------
sentiment  | F1=0.874 | Acc=0.884 | P=0.874 | R=0.874
urgency    | F1=0.641 | Acc=0.826 | P=0.646 | R=0.638
topic      | F1=0.787 | Acc=0.800 | P=0.823 | R=0.772
action     | F1=0.385 | Acc=0.742 | P=0.450 | R=0.407
------------------------------------------------------------
✅ Overall Avg | F1=0.672 | Acc=0.813 | P=0.698 | R=0.673

✅ Epoch 9 | Loss=0.4687 | F1(avg)=0.672 | Sent=0.874 | Urg=0.641 | Top=0.787 | Act=0.385
bert_small_lr3e-5_uf2 Epoch 10/50: 100%|████████████████████████████████████████| 20/20 [00:00<00:00, 28.96it/s]

📊 Validation Results (Per Task)
------------------------------------------------------------
sentiment  | F1=0.857 | Acc=0.871 | P=0.862 | R=0.853
urgency    | F1=0.667 | Acc=0.826 | P=0.667 | R=0.667
topic      | F1=0.812 | Acc=0.813 | P=0.821 | R=0.810
action     | F1=0.382 | Acc=0.735 | P=0.422 | R=0.401
------------------------------------------------------------
✅ Overall Avg | F1=0.680 | Acc=0.811 | P=0.693 | R=0.683

✅ Epoch 10 | Loss=0.4225 | F1(avg)=0.680 | Sent=0.857 | Urg=0.667 | Top=0.812 | Act=0.382
bert_small_lr3e-5_uf2 Epoch 11/50: 100%|████████████████████████████████████████| 20/20 [00:00<00:00, 29.11it/s]

📊 Validation Results (Per Task)
------------------------------------------------------------
sentiment  | F1=0.880 | Acc=0.890 | P=0.882 | R=0.878
urgency    | F1=0.684 | Acc=0.839 | P=0.694 | R=0.677
topic      | F1=0.797 | Acc=0.800 | P=0.830 | R=0.782
action     | F1=0.412 | Acc=0.761 | P=0.487 | R=0.427
------------------------------------------------------------
✅ Overall Avg | F1=0.693 | Acc=0.823 | P=0.723 | R=0.691

✅ Epoch 11 | Loss=0.3915 | F1(avg)=0.693 | Sent=0.880 | Urg=0.684 | Top=0.797 | Act=0.412
bert_small_lr3e-5_uf2 Epoch 12/50: 100%|████████████████████████████████████████| 20/20 [00:00<00:00, 29.16it/s]

📊 Validation Results (Per Task)
------------------------------------------------------------
sentiment  | F1=0.880 | Acc=0.890 | P=0.882 | R=0.878
urgency    | F1=0.684 | Acc=0.839 | P=0.694 | R=0.677
topic      | F1=0.825 | Acc=0.826 | P=0.840 | R=0.821
action     | F1=0.421 | Acc=0.755 | P=0.458 | R=0.428
------------------------------------------------------------
✅ Overall Avg | F1=0.703 | Acc=0.827 | P=0.718 | R=0.701

✅ Epoch 12 | Loss=0.3495 | F1(avg)=0.703 | Sent=0.880 | Urg=0.684 | Top=0.825 | Act=0.421
bert_small_lr3e-5_uf2 Epoch 13/50: 100%|████████████████████████████████████████| 20/20 [00:00<00:00, 29.17it/s]

📊 Validation Results (Per Task)
------------------------------------------------------------
sentiment  | F1=0.888 | Acc=0.897 | P=0.893 | R=0.885
urgency    | F1=0.683 | Acc=0.845 | P=0.681 | R=0.688
topic      | F1=0.798 | Acc=0.806 | P=0.833 | R=0.780
action     | F1=0.450 | Acc=0.774 | P=0.472 | R=0.460
------------------------------------------------------------
✅ Overall Avg | F1=0.705 | Acc=0.831 | P=0.720 | R=0.703

✅ Epoch 13 | Loss=0.3325 | F1(avg)=0.705 | Sent=0.888 | Urg=0.683 | Top=0.798 | Act=0.450
bert_small_lr3e-5_uf2 Epoch 14/50: 100%|████████████████████████████████████████| 20/20 [00:00<00:00, 29.12it/s]

📊 Validation Results (Per Task)
------------------------------------------------------------
sentiment  | F1=0.894 | Acc=0.897 | P=0.895 | R=0.893
urgency    | F1=0.685 | Acc=0.839 | P=0.696 | R=0.677
topic      | F1=0.847 | Acc=0.845 | P=0.860 | R=0.845
action     | F1=0.439 | Acc=0.761 | P=0.464 | R=0.444
------------------------------------------------------------
✅ Overall Avg | F1=0.716 | Acc=0.835 | P=0.729 | R=0.715

✅ Epoch 14 | Loss=0.3070 | F1(avg)=0.716 | Sent=0.894 | Urg=0.685 | Top=0.847 | Act=0.439
bert_small_lr3e-5_uf2 Epoch 15/50: 100%|████████████████████████████████████████| 20/20 [00:00<00:00, 29.18it/s]

📊 Validation Results (Per Task)
------------------------------------------------------------
sentiment  | F1=0.897 | Acc=0.903 | P=0.899 | R=0.895
urgency    | F1=0.712 | Acc=0.845 | P=0.711 | R=0.713
topic      | F1=0.839 | Acc=0.839 | P=0.851 | R=0.837
action     | F1=0.469 | Acc=0.781 | P=0.480 | R=0.479
------------------------------------------------------------
✅ Overall Avg | F1=0.729 | Acc=0.842 | P=0.735 | R=0.731

✅ Epoch 15 | Loss=0.2876 | F1(avg)=0.729 | Sent=0.897 | Urg=0.712 | Top=0.839 | Act=0.469
bert_small_lr3e-5_uf2 Epoch 16/50: 100%|████████████████████████████████████████| 20/20 [00:00<00:00, 29.13it/s]

📊 Validation Results (Per Task)
------------------------------------------------------------
sentiment  | F1=0.883 | Acc=0.890 | P=0.885 | R=0.881
urgency    | F1=0.718 | Acc=0.852 | P=0.715 | R=0.721
topic      | F1=0.840 | Acc=0.839 | P=0.850 | R=0.837
action     | F1=0.506 | Acc=0.781 | P=0.553 | R=0.499
------------------------------------------------------------
✅ Overall Avg | F1=0.737 | Acc=0.840 | P=0.751 | R=0.734

✅ Epoch 16 | Loss=0.2735 | F1(avg)=0.737 | Sent=0.883 | Urg=0.718 | Top=0.840 | Act=0.506
bert_small_lr3e-5_uf2 Epoch 17/50: 100%|████████████████████████████████████████| 20/20 [00:00<00:00, 29.08it/s]

📊 Validation Results (Per Task)
------------------------------------------------------------
sentiment  | F1=0.883 | Acc=0.890 | P=0.888 | R=0.879
urgency    | F1=0.722 | Acc=0.852 | P=0.726 | R=0.719
topic      | F1=0.842 | Acc=0.839 | P=0.854 | R=0.837
action     | F1=0.461 | Acc=0.774 | P=0.476 | R=0.465
------------------------------------------------------------
✅ Overall Avg | F1=0.727 | Acc=0.839 | P=0.736 | R=0.725

✅ Epoch 17 | Loss=0.2520 | F1(avg)=0.727 | Sent=0.883 | Urg=0.722 | Top=0.842 | Act=0.461
bert_small_lr3e-5_uf2 Epoch 18/50: 100%|████████████████████████████████████████| 20/20 [00:00<00:00, 29.06it/s]

📊 Validation Results (Per Task)
------------------------------------------------------------
sentiment  | F1=0.899 | Acc=0.903 | P=0.901 | R=0.897
urgency    | F1=0.711 | Acc=0.845 | P=0.712 | R=0.711
topic      | F1=0.838 | Acc=0.839 | P=0.845 | R=0.837
action     | F1=0.509 | Acc=0.781 | P=0.561 | R=0.498
------------------------------------------------------------
✅ Overall Avg | F1=0.739 | Acc=0.842 | P=0.755 | R=0.736

✅ Epoch 18 | Loss=0.2425 | F1(avg)=0.739 | Sent=0.899 | Urg=0.711 | Top=0.838 | Act=0.509
bert_small_lr3e-5_uf2 Epoch 19/50: 100%|████████████████████████████████████████| 20/20 [00:00<00:00, 29.13it/s]

📊 Validation Results (Per Task)
------------------------------------------------------------
sentiment  | F1=0.897 | Acc=0.903 | P=0.901 | R=0.893
urgency    | F1=0.713 | Acc=0.852 | P=0.707 | R=0.721
topic      | F1=0.837 | Acc=0.839 | P=0.843 | R=0.837
action     | F1=0.546 | Acc=0.787 | P=0.582 | R=0.536
------------------------------------------------------------
✅ Overall Avg | F1=0.748 | Acc=0.845 | P=0.758 | R=0.747

✅ Epoch 19 | Loss=0.2269 | F1(avg)=0.748 | Sent=0.897 | Urg=0.713 | Top=0.837 | Act=0.546
bert_small_lr3e-5_uf2 Epoch 20/50: 100%|████████████████████████████████████████| 20/20 [00:00<00:00, 29.10it/s]

📊 Validation Results (Per Task)
------------------------------------------------------------
sentiment  | F1=0.883 | Acc=0.890 | P=0.888 | R=0.879
urgency    | F1=0.722 | Acc=0.852 | P=0.726 | R=0.719
topic      | F1=0.835 | Acc=0.832 | P=0.846 | R=0.829
action     | F1=0.574 | Acc=0.806 | P=0.605 | R=0.567
------------------------------------------------------------
✅ Overall Avg | F1=0.753 | Acc=0.845 | P=0.766 | R=0.748

✅ Epoch 20 | Loss=0.2268 | F1(avg)=0.753 | Sent=0.883 | Urg=0.722 | Top=0.835 | Act=0.574
bert_small_lr3e-5_uf2 Epoch 21/50: 100%|████████████████████████████████████████| 20/20 [00:00<00:00, 29.04it/s]

📊 Validation Results (Per Task)
------------------------------------------------------------
sentiment  | F1=0.902 | Acc=0.910 | P=0.908 | R=0.897
urgency    | F1=0.709 | Acc=0.845 | P=0.703 | R=0.715
topic      | F1=0.842 | Acc=0.839 | P=0.854 | R=0.837
action     | F1=0.583 | Acc=0.813 | P=0.611 | R=0.578
------------------------------------------------------------
✅ Overall Avg | F1=0.759 | Acc=0.852 | P=0.769 | R=0.757

✅ Epoch 21 | Loss=0.2119 | F1(avg)=0.759 | Sent=0.902 | Urg=0.709 | Top=0.842 | Act=0.583
bert_small_lr3e-5_uf2 Epoch 22/50: 100%|████████████████████████████████████████| 20/20 [00:00<00:00, 29.10it/s]

📊 Validation Results (Per Task)
------------------------------------------------------------
sentiment  | F1=0.919 | Acc=0.923 | P=0.923 | R=0.916
urgency    | F1=0.708 | Acc=0.852 | P=0.701 | R=0.719
topic      | F1=0.842 | Acc=0.839 | P=0.854 | R=0.837
action     | F1=0.583 | Acc=0.813 | P=0.611 | R=0.578
------------------------------------------------------------
✅ Overall Avg | F1=0.763 | Acc=0.856 | P=0.772 | R=0.762

✅ Epoch 22 | Loss=0.2023 | F1(avg)=0.763 | Sent=0.919 | Urg=0.708 | Top=0.842 | Act=0.583
bert_small_lr3e-5_uf2 Epoch 23/50: 100%|████████████████████████████████████████| 20/20 [00:00<00:00, 29.17it/s]

📊 Validation Results (Per Task)
------------------------------------------------------------
sentiment  | F1=0.899 | Acc=0.903 | P=0.901 | R=0.897
urgency    | F1=0.707 | Acc=0.845 | P=0.703 | R=0.713
topic      | F1=0.849 | Acc=0.845 | P=0.860 | R=0.845
action     | F1=0.577 | Acc=0.806 | P=0.607 | R=0.571
------------------------------------------------------------
✅ Overall Avg | F1=0.758 | Acc=0.850 | P=0.768 | R=0.757

✅ Epoch 23 | Loss=0.1975 | F1(avg)=0.758 | Sent=0.899 | Urg=0.707 | Top=0.849 | Act=0.577
bert_small_lr3e-5_uf2 Epoch 24/50: 100%|████████████████████████████████████████| 20/20 [00:00<00:00, 29.19it/s]

📊 Validation Results (Per Task)
------------------------------------------------------------
sentiment  | F1=0.910 | Acc=0.916 | P=0.915 | R=0.907
urgency    | F1=0.710 | Acc=0.852 | P=0.701 | R=0.721
topic      | F1=0.835 | Acc=0.832 | P=0.846 | R=0.829
action     | F1=0.614 | Acc=0.819 | P=0.631 | R=0.611
------------------------------------------------------------
✅ Overall Avg | F1=0.767 | Acc=0.855 | P=0.773 | R=0.767

✅ Epoch 24 | Loss=0.1906 | F1(avg)=0.767 | Sent=0.910 | Urg=0.710 | Top=0.835 | Act=0.614
bert_small_lr3e-5_uf2 Epoch 25/50: 100%|████████████████████████████████████████| 20/20 [00:00<00:00, 29.10it/s]

📊 Validation Results (Per Task)
------------------------------------------------------------
sentiment  | F1=0.919 | Acc=0.923 | P=0.923 | R=0.916
urgency    | F1=0.705 | Acc=0.845 | P=0.697 | R=0.715
topic      | F1=0.844 | Acc=0.839 | P=0.858 | R=0.837
action     | F1=0.614 | Acc=0.819 | P=0.631 | R=0.611
------------------------------------------------------------
✅ Overall Avg | F1=0.770 | Acc=0.856 | P=0.777 | R=0.770

✅ Epoch 25 | Loss=0.1809 | F1(avg)=0.770 | Sent=0.919 | Urg=0.705 | Top=0.844 | Act=0.614
bert_small_lr3e-5_uf2 Epoch 26/50: 100%|████████████████████████████████████████| 20/20 [00:00<00:00, 29.19it/s]

📊 Validation Results (Per Task)
------------------------------------------------------------
sentiment  | F1=0.915 | Acc=0.916 | P=0.914 | R=0.916
urgency    | F1=0.717 | Acc=0.852 | P=0.716 | R=0.719
topic      | F1=0.848 | Acc=0.845 | P=0.859 | R=0.846
action     | F1=0.608 | Acc=0.813 | P=0.627 | R=0.604
------------------------------------------------------------
✅ Overall Avg | F1=0.772 | Acc=0.856 | P=0.779 | R=0.771

✅ Epoch 26 | Loss=0.1786 | F1(avg)=0.772 | Sent=0.915 | Urg=0.717 | Top=0.848 | Act=0.608
bert_small_lr3e-5_uf2 Epoch 27/50: 100%|████████████████████████████████████████| 20/20 [00:00<00:00, 28.98it/s]

📊 Validation Results (Per Task)
------------------------------------------------------------
sentiment  | F1=0.919 | Acc=0.923 | P=0.923 | R=0.916
urgency    | F1=0.692 | Acc=0.839 | P=0.683 | R=0.709
topic      | F1=0.843 | Acc=0.839 | P=0.855 | R=0.837
action     | F1=0.614 | Acc=0.819 | P=0.631 | R=0.611
------------------------------------------------------------
✅ Overall Avg | F1=0.767 | Acc=0.855 | P=0.773 | R=0.768

✅ Epoch 27 | Loss=0.1689 | F1(avg)=0.767 | Sent=0.919 | Urg=0.692 | Top=0.843 | Act=0.614
bert_small_lr3e-5_uf2 Epoch 28/50: 100%|████████████████████████████████████████| 20/20 [00:00<00:00, 29.28it/s]

📊 Validation Results (Per Task)
------------------------------------------------------------
sentiment  | F1=0.915 | Acc=0.916 | P=0.914 | R=0.916
urgency    | F1=0.656 | Acc=0.819 | P=0.654 | R=0.659
topic      | F1=0.843 | Acc=0.839 | P=0.854 | R=0.842
action     | F1=0.617 | Acc=0.819 | P=0.636 | R=0.611
------------------------------------------------------------
✅ Overall Avg | F1=0.757 | Acc=0.848 | P=0.764 | R=0.757

✅ Epoch 28 | Loss=0.1622 | F1(avg)=0.757 | Sent=0.915 | Urg=0.656 | Top=0.843 | Act=0.617
bert_small_lr3e-5_uf2 Epoch 29/50: 100%|████████████████████████████████████████| 20/20 [00:00<00:00, 29.41it/s]

📊 Validation Results (Per Task)
------------------------------------------------------------
sentiment  | F1=0.915 | Acc=0.916 | P=0.914 | R=0.916
urgency    | F1=0.670 | Acc=0.819 | P=0.664 | R=0.691
topic      | F1=0.843 | Acc=0.839 | P=0.854 | R=0.840
action     | F1=0.623 | Acc=0.826 | P=0.640 | R=0.618
------------------------------------------------------------
✅ Overall Avg | F1=0.762 | Acc=0.850 | P=0.768 | R=0.766

✅ Epoch 29 | Loss=0.1588 | F1(avg)=0.762 | Sent=0.915 | Urg=0.670 | Top=0.843 | Act=0.623
bert_small_lr3e-5_uf2 Epoch 30/50: 100%|████████████████████████████████████████| 20/20 [00:00<00:00, 29.45it/s]

📊 Validation Results (Per Task)
------------------------------------------------------------
sentiment  | F1=0.908 | Acc=0.910 | P=0.909 | R=0.907
urgency    | F1=0.685 | Acc=0.832 | P=0.676 | R=0.703
topic      | F1=0.837 | Acc=0.832 | P=0.848 | R=0.836
action     | F1=0.591 | Acc=0.819 | P=0.619 | R=0.584
------------------------------------------------------------
✅ Overall Avg | F1=0.755 | Acc=0.848 | P=0.763 | R=0.757

✅ Epoch 30 | Loss=0.1537 | F1(avg)=0.755 | Sent=0.908 | Urg=0.685 | Top=0.837 | Act=0.591
bert_small_lr3e-5_uf2 Epoch 31/50: 100%|████████████████████████████████████████| 20/20 [00:00<00:00, 29.42it/s]

📊 Validation Results (Per Task)
------------------------------------------------------------
sentiment  | F1=0.915 | Acc=0.916 | P=0.914 | R=0.916
urgency    | F1=0.691 | Acc=0.839 | P=0.683 | R=0.707
topic      | F1=0.837 | Acc=0.832 | P=0.848 | R=0.836
action     | F1=0.623 | Acc=0.826 | P=0.640 | R=0.618
------------------------------------------------------------
✅ Overall Avg | F1=0.767 | Acc=0.853 | P=0.771 | R=0.769

✅ Epoch 31 | Loss=0.1474 | F1(avg)=0.767 | Sent=0.915 | Urg=0.691 | Top=0.837 | Act=0.623
bert_small_lr3e-5_uf2 Epoch 32/50: 100%|████████████████████████████████████████| 20/20 [00:00<00:00, 29.16it/s]

📊 Validation Results (Per Task)
------------------------------------------------------------
sentiment  | F1=0.915 | Acc=0.916 | P=0.914 | R=0.916
urgency    | F1=0.685 | Acc=0.832 | P=0.676 | R=0.703
topic      | F1=0.849 | Acc=0.845 | P=0.857 | R=0.848
action     | F1=0.623 | Acc=0.826 | P=0.640 | R=0.618
------------------------------------------------------------
✅ Overall Avg | F1=0.768 | Acc=0.855 | P=0.772 | R=0.771

✅ Epoch 32 | Loss=0.1414 | F1(avg)=0.768 | Sent=0.915 | Urg=0.685 | Top=0.849 | Act=0.623
bert_small_lr3e-5_uf2 Epoch 33/50: 100%|████████████████████████████████████████| 20/20 [00:00<00:00, 29.24it/s]

📊 Validation Results (Per Task)
------------------------------------------------------------
sentiment  | F1=0.915 | Acc=0.916 | P=0.914 | R=0.916
urgency    | F1=0.683 | Acc=0.832 | P=0.675 | R=0.701
topic      | F1=0.854 | Acc=0.852 | P=0.862 | R=0.852
action     | F1=0.623 | Acc=0.826 | P=0.640 | R=0.618
------------------------------------------------------------
✅ Overall Avg | F1=0.769 | Acc=0.856 | P=0.773 | R=0.772

✅ Epoch 33 | Loss=0.1379 | F1(avg)=0.769 | Sent=0.915 | Urg=0.683 | Top=0.854 | Act=0.623
bert_small_lr3e-5_uf2 Epoch 34/50: 100%|████████████████████████████████████████| 20/20 [00:00<00:00, 29.20it/s]

📊 Validation Results (Per Task)
------------------------------------------------------------
sentiment  | F1=0.915 | Acc=0.916 | P=0.914 | R=0.916
urgency    | F1=0.690 | Acc=0.839 | P=0.682 | R=0.705
topic      | F1=0.843 | Acc=0.839 | P=0.854 | R=0.840
action     | F1=0.617 | Acc=0.819 | P=0.636 | R=0.611
------------------------------------------------------------
✅ Overall Avg | F1=0.766 | Acc=0.853 | P=0.771 | R=0.768

✅ Epoch 34 | Loss=0.1377 | F1(avg)=0.766 | Sent=0.915 | Urg=0.690 | Top=0.843 | Act=0.617
bert_small_lr3e-5_uf2 Epoch 35/50: 100%|████████████████████████████████████████| 20/20 [00:00<00:00, 29.13it/s]

📊 Validation Results (Per Task)
------------------------------------------------------------
sentiment  | F1=0.926 | Acc=0.929 | P=0.928 | R=0.925
urgency    | F1=0.677 | Acc=0.826 | P=0.670 | R=0.697
topic      | F1=0.842 | Acc=0.839 | P=0.853 | R=0.840
action     | F1=0.623 | Acc=0.826 | P=0.640 | R=0.618
------------------------------------------------------------
✅ Overall Avg | F1=0.767 | Acc=0.855 | P=0.773 | R=0.770

✅ Epoch 35 | Loss=0.1415 | F1(avg)=0.767 | Sent=0.926 | Urg=0.677 | Top=0.842 | Act=0.623
bert_small_lr3e-5_uf2 Epoch 36/50: 100%|████████████████████████████████████████| 20/20 [00:00<00:00, 29.22it/s]

📊 Validation Results (Per Task)
------------------------------------------------------------
sentiment  | F1=0.915 | Acc=0.916 | P=0.914 | R=0.916
urgency    | F1=0.682 | Acc=0.832 | P=0.674 | R=0.699
topic      | F1=0.839 | Acc=0.839 | P=0.846 | R=0.841
action     | F1=0.617 | Acc=0.819 | P=0.636 | R=0.611
------------------------------------------------------------
✅ Overall Avg | F1=0.763 | Acc=0.852 | P=0.767 | R=0.767

✅ Epoch 36 | Loss=0.1325 | F1(avg)=0.763 | Sent=0.915 | Urg=0.682 | Top=0.839 | Act=0.617
bert_small_lr3e-5_uf2 Epoch 37/50: 100%|████████████████████████████████████████| 20/20 [00:00<00:00, 29.19it/s]

📊 Validation Results (Per Task)
------------------------------------------------------------
sentiment  | F1=0.919 | Acc=0.923 | P=0.923 | R=0.916
urgency    | F1=0.683 | Acc=0.832 | P=0.675 | R=0.701
topic      | F1=0.842 | Acc=0.839 | P=0.853 | R=0.840
action     | F1=0.623 | Acc=0.826 | P=0.640 | R=0.618
------------------------------------------------------------
✅ Overall Avg | F1=0.767 | Acc=0.855 | P=0.773 | R=0.768

✅ Epoch 37 | Loss=0.1375 | F1(avg)=0.767 | Sent=0.919 | Urg=0.683 | Top=0.842 | Act=0.623
bert_small_lr3e-5_uf2 Epoch 38/50: 100%|████████████████████████████████████████| 20/20 [00:00<00:00, 29.23it/s]

📊 Validation Results (Per Task)
------------------------------------------------------------
sentiment  | F1=0.915 | Acc=0.916 | P=0.914 | R=0.916
urgency    | F1=0.676 | Acc=0.826 | P=0.669 | R=0.695
topic      | F1=0.847 | Acc=0.845 | P=0.858 | R=0.845
action     | F1=0.634 | Acc=0.832 | P=0.648 | R=0.632
------------------------------------------------------------
✅ Overall Avg | F1=0.768 | Acc=0.855 | P=0.772 | R=0.772

✅ Epoch 38 | Loss=0.1276 | F1(avg)=0.768 | Sent=0.915 | Urg=0.676 | Top=0.847 | Act=0.634
bert_small_lr3e-5_uf2 Epoch 39/50: 100%|████████████████████████████████████████| 20/20 [00:00<00:00, 29.19it/s]

📊 Validation Results (Per Task)
------------------------------------------------------------
sentiment  | F1=0.915 | Acc=0.916 | P=0.914 | R=0.916
urgency    | F1=0.676 | Acc=0.826 | P=0.669 | R=0.695
topic      | F1=0.839 | Acc=0.839 | P=0.846 | R=0.841
action     | F1=0.625 | Acc=0.826 | P=0.642 | R=0.621
------------------------------------------------------------
✅ Overall Avg | F1=0.764 | Acc=0.852 | P=0.768 | R=0.768

✅ Epoch 39 | Loss=0.1284 | F1(avg)=0.764 | Sent=0.915 | Urg=0.676 | Top=0.839 | Act=0.625
bert_small_lr3e-5_uf2 Epoch 40/50: 100%|████████████████████████████████████████| 20/20 [00:00<00:00, 29.21it/s]

📊 Validation Results (Per Task)
------------------------------------------------------------
sentiment  | F1=0.915 | Acc=0.916 | P=0.914 | R=0.916
urgency    | F1=0.670 | Acc=0.819 | P=0.664 | R=0.691
topic      | F1=0.840 | Acc=0.839 | P=0.847 | R=0.844
action     | F1=0.634 | Acc=0.832 | P=0.648 | R=0.632
------------------------------------------------------------
✅ Overall Avg | F1=0.764 | Acc=0.852 | P=0.768 | R=0.771

✅ Epoch 40 | Loss=0.1258 | F1(avg)=0.764 | Sent=0.915 | Urg=0.670 | Top=0.840 | Act=0.634
bert_small_lr3e-5_uf2 Epoch 41/50: 100%|████████████████████████████████████████| 20/20 [00:00<00:00, 29.18it/s]

📊 Validation Results (Per Task)
------------------------------------------------------------
sentiment  | F1=0.915 | Acc=0.916 | P=0.914 | R=0.916
urgency    | F1=0.670 | Acc=0.819 | P=0.664 | R=0.691
topic      | F1=0.834 | Acc=0.832 | P=0.841 | R=0.838
action     | F1=0.814 | Acc=0.839 | P=0.857 | R=0.798
------------------------------------------------------------
✅ Overall Avg | F1=0.808 | Acc=0.852 | P=0.819 | R=0.811

✅ Epoch 41 | Loss=0.1267 | F1(avg)=0.808 | Sent=0.915 | Urg=0.670 | Top=0.834 | Act=0.814
bert_small_lr3e-5_uf2 Epoch 42/50: 100%|████████████████████████████████████████| 20/20 [00:00<00:00, 29.28it/s]

📊 Validation Results (Per Task)
------------------------------------------------------------
sentiment  | F1=0.915 | Acc=0.916 | P=0.914 | R=0.916
urgency    | F1=0.691 | Acc=0.839 | P=0.683 | R=0.707
topic      | F1=0.829 | Acc=0.826 | P=0.836 | R=0.832
action     | F1=0.814 | Acc=0.839 | P=0.857 | R=0.798
------------------------------------------------------------
✅ Overall Avg | F1=0.812 | Acc=0.855 | P=0.822 | R=0.813

✅ Epoch 42 | Loss=0.1199 | F1(avg)=0.812 | Sent=0.915 | Urg=0.691 | Top=0.829 | Act=0.814
bert_small_lr3e-5_uf2 Epoch 43/50: 100%|████████████████████████████████████████| 20/20 [00:00<00:00, 29.28it/s]

📊 Validation Results (Per Task)
------------------------------------------------------------
sentiment  | F1=0.915 | Acc=0.916 | P=0.914 | R=0.916
urgency    | F1=0.683 | Acc=0.832 | P=0.675 | R=0.701
topic      | F1=0.834 | Acc=0.832 | P=0.841 | R=0.836
action     | F1=0.814 | Acc=0.839 | P=0.857 | R=0.798
------------------------------------------------------------
✅ Overall Avg | F1=0.812 | Acc=0.855 | P=0.822 | R=0.813

✅ Epoch 43 | Loss=0.1267 | F1(avg)=0.812 | Sent=0.915 | Urg=0.683 | Top=0.834 | Act=0.814
bert_small_lr3e-5_uf2 Epoch 44/50: 100%|████████████████████████████████████████| 20/20 [00:00<00:00, 29.25it/s]

📊 Validation Results (Per Task)
------------------------------------------------------------
sentiment  | F1=0.915 | Acc=0.916 | P=0.914 | R=0.916
urgency    | F1=0.676 | Acc=0.826 | P=0.669 | R=0.695
topic      | F1=0.834 | Acc=0.832 | P=0.841 | R=0.836
action     | F1=0.814 | Acc=0.839 | P=0.857 | R=0.798
------------------------------------------------------------
✅ Overall Avg | F1=0.810 | Acc=0.853 | P=0.820 | R=0.811

✅ Epoch 44 | Loss=0.1192 | F1(avg)=0.810 | Sent=0.915 | Urg=0.676 | Top=0.834 | Act=0.814
bert_small_lr3e-5_uf2 Epoch 45/50: 100%|████████████████████████████████████████| 20/20 [00:00<00:00, 29.27it/s]

📊 Validation Results (Per Task)
------------------------------------------------------------
sentiment  | F1=0.915 | Acc=0.916 | P=0.914 | R=0.916
urgency    | F1=0.683 | Acc=0.832 | P=0.675 | R=0.701
topic      | F1=0.834 | Acc=0.832 | P=0.841 | R=0.836
action     | F1=0.814 | Acc=0.839 | P=0.857 | R=0.798
------------------------------------------------------------
✅ Overall Avg | F1=0.812 | Acc=0.855 | P=0.822 | R=0.813

✅ Epoch 45 | Loss=0.1178 | F1(avg)=0.812 | Sent=0.915 | Urg=0.683 | Top=0.834 | Act=0.814
bert_small_lr3e-5_uf2 Epoch 46/50: 100%|████████████████████████████████████████| 20/20 [00:00<00:00, 29.24it/s]

📊 Validation Results (Per Task)
------------------------------------------------------------
sentiment  | F1=0.915 | Acc=0.916 | P=0.914 | R=0.916
urgency    | F1=0.683 | Acc=0.832 | P=0.675 | R=0.701
topic      | F1=0.834 | Acc=0.832 | P=0.841 | R=0.836
action     | F1=0.814 | Acc=0.839 | P=0.857 | R=0.798
------------------------------------------------------------
✅ Overall Avg | F1=0.812 | Acc=0.855 | P=0.822 | R=0.813

✅ Epoch 46 | Loss=0.1186 | F1(avg)=0.812 | Sent=0.915 | Urg=0.683 | Top=0.834 | Act=0.814
bert_small_lr3e-5_uf2 Epoch 47/50: 100%|████████████████████████████████████████| 20/20 [00:00<00:00, 29.28it/s]

📊 Validation Results (Per Task)
------------------------------------------------------------
sentiment  | F1=0.926 | Acc=0.929 | P=0.928 | R=0.925
urgency    | F1=0.677 | Acc=0.826 | P=0.670 | R=0.697
topic      | F1=0.834 | Acc=0.832 | P=0.841 | R=0.836
action     | F1=0.812 | Acc=0.839 | P=0.854 | R=0.795
------------------------------------------------------------
✅ Overall Avg | F1=0.812 | Acc=0.856 | P=0.823 | R=0.813

✅ Epoch 47 | Loss=0.1173 | F1(avg)=0.812 | Sent=0.926 | Urg=0.677 | Top=0.834 | Act=0.812
bert_small_lr3e-5_uf2 Epoch 48/50: 100%|████████████████████████████████████████| 20/20 [00:00<00:00, 29.34it/s]

📊 Validation Results (Per Task)
------------------------------------------------------------
sentiment  | F1=0.915 | Acc=0.916 | P=0.914 | R=0.916
urgency    | F1=0.670 | Acc=0.819 | P=0.664 | R=0.691
topic      | F1=0.840 | Acc=0.839 | P=0.845 | R=0.843
action     | F1=0.814 | Acc=0.839 | P=0.857 | R=0.798
------------------------------------------------------------
✅ Overall Avg | F1=0.810 | Acc=0.853 | P=0.820 | R=0.812

✅ Epoch 48 | Loss=0.1197 | F1(avg)=0.810 | Sent=0.915 | Urg=0.670 | Top=0.840 | Act=0.814
bert_small_lr3e-5_uf2 Epoch 49/50: 100%|████████████████████████████████████████| 20/20 [00:00<00:00, 29.36it/s]

📊 Validation Results (Per Task)
------------------------------------------------------------
sentiment  | F1=0.920 | Acc=0.923 | P=0.921 | R=0.920
urgency    | F1=0.670 | Acc=0.819 | P=0.664 | R=0.691
topic      | F1=0.840 | Acc=0.839 | P=0.845 | R=0.843
action     | F1=0.814 | Acc=0.839 | P=0.857 | R=0.798
------------------------------------------------------------
✅ Overall Avg | F1=0.811 | Acc=0.855 | P=0.821 | R=0.813

✅ Epoch 49 | Loss=0.1139 | F1(avg)=0.811 | Sent=0.920 | Urg=0.670 | Top=0.840 | Act=0.814
bert_small_lr3e-5_uf2 Epoch 50/50: 100%|████████████████████████████████████████| 20/20 [00:00<00:00, 28.22it/s]

📊 Validation Results (Per Task)
------------------------------------------------------------
sentiment  | F1=0.920 | Acc=0.923 | P=0.921 | R=0.920
urgency    | F1=0.670 | Acc=0.819 | P=0.664 | R=0.691
topic      | F1=0.840 | Acc=0.839 | P=0.845 | R=0.843
action     | F1=0.814 | Acc=0.839 | P=0.857 | R=0.798
------------------------------------------------------------
✅ Overall Avg | F1=0.811 | Acc=0.855 | P=0.821 | R=0.813

✅ Epoch 50 | Loss=0.1143 | F1(avg)=0.811 | Sent=0.920 | Urg=0.670 | Top=0.840 | Act=0.814
