2025-11-13 17:26:48,243 INFO    MainThread:397192 [wandb_setup.py:_flush():81] Current SDK version is 0.22.1
2025-11-13 17:26:48,243 INFO    MainThread:397192 [wandb_setup.py:_flush():81] Configure stats pid to 397192
2025-11-13 17:26:48,243 INFO    MainThread:397192 [wandb_setup.py:_flush():81] Loading settings from /home/700050058/.config/wandb/settings
2025-11-13 17:26:48,243 INFO    MainThread:397192 [wandb_setup.py:_flush():81] Loading settings from /home/700050058/project_feedback_analyzer/wandb/settings
2025-11-13 17:26:48,243 INFO    MainThread:397192 [wandb_setup.py:_flush():81] Loading settings from environment variables
2025-11-13 17:26:48,243 INFO    MainThread:397192 [wandb_init.py:setup_run_log_directory():705] Logging user logs to /home/700050058/project_feedback_analyzer/wandb/run-20251113_172648-kpn2pwm0/logs/debug.log
2025-11-13 17:26:48,244 INFO    MainThread:397192 [wandb_init.py:setup_run_log_directory():706] Logging internal logs to /home/700050058/project_feedback_analyzer/wandb/run-20251113_172648-kpn2pwm0/logs/debug-internal.log
2025-11-13 17:26:48,244 INFO    MainThread:397192 [wandb_init.py:init():832] calling init triggers
2025-11-13 17:26:48,244 INFO    MainThread:397192 [wandb_init.py:init():837] wandb.init called with sweep_config: {}
config: {'model_name': 'distilbert-base-uncased', 'exp_name': 'distilbase_lr2e-5_uf2', 'lr': 2e-05, 'epochs': 50, 'unfreeze_layers': 2, 'use_rule': True, '_wandb': {}}
2025-11-13 17:26:48,244 INFO    MainThread:397192 [wandb_init.py:init():880] starting backend
2025-11-13 17:26:48,456 INFO    MainThread:397192 [wandb_init.py:init():883] sending inform_init request
2025-11-13 17:26:48,465 INFO    MainThread:397192 [wandb_init.py:init():891] backend started and connected
2025-11-13 17:26:48,467 INFO    MainThread:397192 [wandb_init.py:init():961] updated telemetry
2025-11-13 17:26:48,467 INFO    MainThread:397192 [wandb_init.py:init():985] communicating run to backend with 90.0 second timeout
2025-11-13 17:26:49,246 INFO    MainThread:397192 [wandb_init.py:init():1036] starting run threads in backend
2025-11-13 17:26:49,565 INFO    MainThread:397192 [wandb_run.py:_console_start():2506] atexit reg
2025-11-13 17:26:49,565 INFO    MainThread:397192 [wandb_run.py:_redirect():2354] redirect: wrap_raw
2025-11-13 17:26:49,565 INFO    MainThread:397192 [wandb_run.py:_redirect():2423] Wrapping output streams.
2025-11-13 17:26:49,565 INFO    MainThread:397192 [wandb_run.py:_redirect():2446] Redirects installed.
2025-11-13 17:26:49,570 INFO    MainThread:397192 [wandb_init.py:init():1076] run started, returning control to user process
2025-11-13 17:26:51,253 INFO    MainThread:397192 [wandb_watch.py:_watch():68] Watching
2025-11-13 17:26:57,205 INFO    wandb-AsyncioManager-main:397192 [service_client.py:_forward_responses():80] Reached EOF.
2025-11-13 17:26:57,205 INFO    wandb-AsyncioManager-main:397192 [mailbox.py:close():137] Closing mailbox, abandoning 1 handles.
