Some weights of RobertaModel were not initialized from the model checkpoint at roberta-base and are newly initialized: ['pooler.dense.bias', 'pooler.dense.weight']
You should probably TRAIN this model on a down-stream task to be able to use it for predictions and inference.
roberta_base_lr2e-5_uf2 Epoch 1/50: 100%|█| 39/39 [00:0

📊 Validation Results (Per Task)
------------------------------------------------------------
sentiment  | F1=0.211 | Acc=0.465 | P=0.155 | R=0.333
urgency    | F1=0.243 | Acc=0.574 | P=0.191 | R=0.333
topic      | F1=0.085 | Acc=0.265 | P=0.063 | R=0.163
action     | F1=0.113 | Acc=0.516 | P=0.086 | R=0.167
------------------------------------------------------------
✅ Overall Avg | F1=0.163 | Acc=0.455 | P=0.124 | R=0.249

✅ Epoch 1 | Loss=1.4749 | F1(avg)=0.163 | Sent=0.211 | Urg=0.243 | Top=0.085 | Act=0.113
roberta_base_lr2e-5_uf2 Epoch 2/50: 100%|█| 39/39 [00:0

📊 Validation Results (Per Task)
------------------------------------------------------------
sentiment  | F1=0.293 | Acc=0.503 | P=0.494 | R=0.376
urgency    | F1=0.257 | Acc=0.581 | P=0.361 | R=0.339
topic      | F1=0.201 | Acc=0.342 | P=0.342 | R=0.232
action     | F1=0.126 | Acc=0.523 | P=0.170 | R=0.173
------------------------------------------------------------
✅ Overall Avg | F1=0.219 | Acc=0.487 | P=0.342 | R=0.280

✅ Epoch 2 | Loss=1.3653 | F1(avg)=0.219 | Sent=0.293 | Urg=0.257 | Top=0.201 | Act=0.126
roberta_base_lr2e-5_uf2 Epoch 3/50: 100%|█| 39/39 [00:0

📊 Validation Results (Per Task)
------------------------------------------------------------
sentiment  | F1=0.628 | Acc=0.716 | P=0.793 | R=0.640
urgency    | F1=0.502 | Acc=0.748 | P=0.494 | R=0.514
topic      | F1=0.656 | Acc=0.748 | P=0.657 | R=0.666
action     | F1=0.284 | Acc=0.658 | P=0.377 | R=0.323
------------------------------------------------------------
✅ Overall Avg | F1=0.518 | Acc=0.718 | P=0.580 | R=0.536

✅ Epoch 3 | Loss=1.1128 | F1(avg)=0.518 | Sent=0.628 | Urg=0.502 | Top=0.656 | Act=0.284
roberta_base_lr2e-5_uf2 Epoch 4/50: 100%|█| 39/39 [00:0

📊 Validation Results (Per Task)
------------------------------------------------------------
sentiment  | F1=0.797 | Acc=0.839 | P=0.849 | R=0.789
urgency    | F1=0.592 | Acc=0.858 | P=0.576 | R=0.613
topic      | F1=0.823 | Acc=0.839 | P=0.854 | R=0.809
action     | F1=0.380 | Acc=0.735 | P=0.528 | R=0.405
------------------------------------------------------------
✅ Overall Avg | F1=0.648 | Acc=0.818 | P=0.702 | R=0.654

✅ Epoch 4 | Loss=0.7464 | F1(avg)=0.648 | Sent=0.797 | Urg=0.592 | Top=0.823 | Act=0.380
roberta_base_lr2e-5_uf2 Epoch 5/50: 100%|█| 39/39 [00:0

📊 Validation Results (Per Task)
------------------------------------------------------------
sentiment  | F1=0.867 | Acc=0.897 | P=0.889 | R=0.861
urgency    | F1=0.609 | Acc=0.884 | P=0.591 | R=0.634
topic      | F1=0.826 | Acc=0.839 | P=0.851 | R=0.820
action     | F1=0.462 | Acc=0.794 | P=0.493 | R=0.472
------------------------------------------------------------
✅ Overall Avg | F1=0.691 | Acc=0.853 | P=0.706 | R=0.697

✅ Epoch 5 | Loss=0.5563 | F1(avg)=0.691 | Sent=0.867 | Urg=0.609 | Top=0.826 | Act=0.462
roberta_base_lr2e-5_uf2 Epoch 6/50: 100%|█| 39/39 [00:0

📊 Validation Results (Per Task)
------------------------------------------------------------
sentiment  | F1=0.874 | Acc=0.903 | P=0.901 | R=0.865
urgency    | F1=0.705 | Acc=0.897 | P=0.736 | R=0.701
topic      | F1=0.848 | Acc=0.858 | P=0.862 | R=0.842
action     | F1=0.493 | Acc=0.819 | P=0.504 | R=0.501
------------------------------------------------------------
✅ Overall Avg | F1=0.730 | Acc=0.869 | P=0.751 | R=0.728

✅ Epoch 6 | Loss=0.4550 | F1(avg)=0.730 | Sent=0.874 | Urg=0.705 | Top=0.848 | Act=0.493
roberta_base_lr2e-5_uf2 Epoch 7/50: 100%|█| 39/39 [00:0

📊 Validation Results (Per Task)
------------------------------------------------------------
sentiment  | F1=0.918 | Acc=0.935 | P=0.936 | R=0.910
urgency    | F1=0.691 | Acc=0.884 | P=0.708 | R=0.689
topic      | F1=0.846 | Acc=0.858 | P=0.857 | R=0.846
action     | F1=0.632 | Acc=0.806 | P=0.664 | R=0.641
------------------------------------------------------------
✅ Overall Avg | F1=0.772 | Acc=0.871 | P=0.791 | R=0.771

✅ Epoch 7 | Loss=0.3936 | F1(avg)=0.772 | Sent=0.918 | Urg=0.691 | Top=0.846 | Act=0.632
roberta_base_lr2e-5_uf2 Epoch 8/50: 100%|█| 39/39 [00:0

📊 Validation Results (Per Task)
------------------------------------------------------------
sentiment  | F1=0.918 | Acc=0.935 | P=0.936 | R=0.910
urgency    | F1=0.724 | Acc=0.890 | P=0.731 | R=0.723
topic      | F1=0.857 | Acc=0.865 | P=0.865 | R=0.860
action     | F1=0.675 | Acc=0.839 | P=0.684 | R=0.681
------------------------------------------------------------
✅ Overall Avg | F1=0.793 | Acc=0.882 | P=0.804 | R=0.793

✅ Epoch 8 | Loss=0.3473 | F1(avg)=0.793 | Sent=0.918 | Urg=0.724 | Top=0.857 | Act=0.675
roberta_base_lr2e-5_uf2 Epoch 9/50: 100%|█| 39/39 [00:0

📊 Validation Results (Per Task)
------------------------------------------------------------
sentiment  | F1=0.918 | Acc=0.935 | P=0.936 | R=0.910
urgency    | F1=0.725 | Acc=0.897 | P=0.726 | R=0.729
topic      | F1=0.842 | Acc=0.852 | P=0.847 | R=0.845
action     | F1=0.741 | Acc=0.852 | P=0.852 | R=0.725
------------------------------------------------------------
✅ Overall Avg | F1=0.806 | Acc=0.884 | P=0.840 | R=0.802

✅ Epoch 9 | Loss=0.3285 | F1(avg)=0.806 | Sent=0.918 | Urg=0.725 | Top=0.842 | Act=0.741
roberta_base_lr2e-5_uf2 Epoch 10/50: 100%|█| 39/39 [00:

📊 Validation Results (Per Task)
------------------------------------------------------------
sentiment  | F1=0.919 | Acc=0.935 | P=0.931 | R=0.912
urgency    | F1=0.687 | Acc=0.884 | P=0.689 | R=0.689
topic      | F1=0.861 | Acc=0.871 | P=0.865 | R=0.865
action     | F1=0.776 | Acc=0.852 | P=0.855 | R=0.748
------------------------------------------------------------
✅ Overall Avg | F1=0.810 | Acc=0.885 | P=0.835 | R=0.804

✅ Epoch 10 | Loss=0.2905 | F1(avg)=0.810 | Sent=0.919 | Urg=0.687 | Top=0.861 | Act=0.776
roberta_base_lr2e-5_uf2 Epoch 11/50: 100%|█| 39/39 [00:

📊 Validation Results (Per Task)
------------------------------------------------------------
sentiment  | F1=0.935 | Acc=0.948 | P=0.955 | R=0.926
urgency    | F1=0.760 | Acc=0.903 | P=0.763 | R=0.760
topic      | F1=0.857 | Acc=0.865 | P=0.862 | R=0.859
action     | F1=0.782 | Acc=0.858 | P=0.867 | R=0.754
------------------------------------------------------------
✅ Overall Avg | F1=0.833 | Acc=0.894 | P=0.862 | R=0.825

✅ Epoch 11 | Loss=0.2753 | F1(avg)=0.833 | Sent=0.935 | Urg=0.760 | Top=0.857 | Act=0.782
roberta_base_lr2e-5_uf2 Epoch 12/50: 100%|█| 39/39 [00:

📊 Validation Results (Per Task)
------------------------------------------------------------
sentiment  | F1=0.936 | Acc=0.948 | P=0.949 | R=0.928
urgency    | F1=0.735 | Acc=0.890 | P=0.726 | R=0.750
topic      | F1=0.854 | Acc=0.865 | P=0.856 | R=0.858
action     | F1=0.845 | Acc=0.884 | P=0.885 | R=0.823
------------------------------------------------------------
✅ Overall Avg | F1=0.842 | Acc=0.897 | P=0.854 | R=0.840

✅ Epoch 12 | Loss=0.2500 | F1(avg)=0.842 | Sent=0.936 | Urg=0.735 | Top=0.854 | Act=0.845
roberta_base_lr2e-5_uf2 Epoch 13/50: 100%|█| 39/39 [00:

📊 Validation Results (Per Task)
------------------------------------------------------------
sentiment  | F1=0.944 | Acc=0.955 | P=0.961 | R=0.935
urgency    | F1=0.698 | Acc=0.897 | P=0.706 | R=0.699
topic      | F1=0.865 | Acc=0.871 | P=0.864 | R=0.875
action     | F1=0.816 | Acc=0.871 | P=0.839 | R=0.802
------------------------------------------------------------
✅ Overall Avg | F1=0.831 | Acc=0.898 | P=0.842 | R=0.828

✅ Epoch 13 | Loss=0.2321 | F1(avg)=0.831 | Sent=0.944 | Urg=0.698 | Top=0.865 | Act=0.816
roberta_base_lr2e-5_uf2 Epoch 14/50: 100%|█| 39/39 [00:

📊 Validation Results (Per Task)
------------------------------------------------------------
sentiment  | F1=0.936 | Acc=0.948 | P=0.949 | R=0.928
urgency    | F1=0.746 | Acc=0.897 | P=0.740 | R=0.754
topic      | F1=0.881 | Acc=0.884 | P=0.882 | R=0.887
action     | F1=0.806 | Acc=0.865 | P=0.833 | R=0.792
------------------------------------------------------------
✅ Overall Avg | F1=0.842 | Acc=0.898 | P=0.851 | R=0.840

✅ Epoch 14 | Loss=0.2188 | F1(avg)=0.842 | Sent=0.936 | Urg=0.746 | Top=0.881 | Act=0.806
roberta_base_lr2e-5_uf2 Epoch 15/50: 100%|█| 39/39 [00:

📊 Validation Results (Per Task)
------------------------------------------------------------
sentiment  | F1=0.936 | Acc=0.948 | P=0.949 | R=0.928
urgency    | F1=0.751 | Acc=0.903 | P=0.745 | R=0.760
topic      | F1=0.876 | Acc=0.884 | P=0.874 | R=0.880
action     | F1=0.827 | Acc=0.884 | P=0.846 | R=0.815
------------------------------------------------------------
✅ Overall Avg | F1=0.847 | Acc=0.905 | P=0.854 | R=0.846

✅ Epoch 15 | Loss=0.2107 | F1(avg)=0.847 | Sent=0.936 | Urg=0.751 | Top=0.876 | Act=0.827
roberta_base_lr2e-5_uf2 Epoch 16/50: 100%|█| 39/39 [00:

📊 Validation Results (Per Task)
------------------------------------------------------------
sentiment  | F1=0.936 | Acc=0.948 | P=0.949 | R=0.928
urgency    | F1=0.733 | Acc=0.903 | P=0.740 | R=0.732
topic      | F1=0.868 | Acc=0.871 | P=0.875 | R=0.869
action     | F1=0.848 | Acc=0.890 | P=0.885 | R=0.833
------------------------------------------------------------
✅ Overall Avg | F1=0.846 | Acc=0.903 | P=0.862 | R=0.841

✅ Epoch 16 | Loss=0.1920 | F1(avg)=0.846 | Sent=0.936 | Urg=0.733 | Top=0.868 | Act=0.848
roberta_base_lr2e-5_uf2 Epoch 17/50: 100%|█| 39/39 [00:

📊 Validation Results (Per Task)
------------------------------------------------------------
sentiment  | F1=0.944 | Acc=0.955 | P=0.961 | R=0.935
urgency    | F1=0.733 | Acc=0.903 | P=0.740 | R=0.732
topic      | F1=0.877 | Acc=0.884 | P=0.879 | R=0.886
action     | F1=0.831 | Acc=0.890 | P=0.832 | R=0.833
------------------------------------------------------------
✅ Overall Avg | F1=0.846 | Acc=0.908 | P=0.853 | R=0.847

✅ Epoch 17 | Loss=0.1817 | F1(avg)=0.846 | Sent=0.944 | Urg=0.733 | Top=0.877 | Act=0.831
roberta_base_lr2e-5_uf2 Epoch 18/50: 100%|█| 39/39 [00:

📊 Validation Results (Per Task)
------------------------------------------------------------
sentiment  | F1=0.936 | Acc=0.948 | P=0.949 | R=0.928
urgency    | F1=0.733 | Acc=0.903 | P=0.740 | R=0.732
topic      | F1=0.868 | Acc=0.871 | P=0.872 | R=0.873
action     | F1=0.822 | Acc=0.884 | P=0.823 | R=0.827
------------------------------------------------------------
✅ Overall Avg | F1=0.840 | Acc=0.902 | P=0.846 | R=0.840

✅ Epoch 18 | Loss=0.1750 | F1(avg)=0.840 | Sent=0.936 | Urg=0.733 | Top=0.868 | Act=0.822
roberta_base_lr2e-5_uf2 Epoch 19/50: 100%|█| 39/39 [00:

📊 Validation Results (Per Task)
------------------------------------------------------------
sentiment  | F1=0.936 | Acc=0.948 | P=0.949 | R=0.928
urgency    | F1=0.779 | Acc=0.910 | P=0.768 | R=0.793
topic      | F1=0.871 | Acc=0.877 | P=0.874 | R=0.878
action     | F1=0.814 | Acc=0.877 | P=0.817 | R=0.816
------------------------------------------------------------
✅ Overall Avg | F1=0.850 | Acc=0.903 | P=0.852 | R=0.854

✅ Epoch 19 | Loss=0.1723 | F1(avg)=0.850 | Sent=0.936 | Urg=0.779 | Top=0.871 | Act=0.814
roberta_base_lr2e-5_uf2 Epoch 20/50: 100%|█| 39/39 [00:

📊 Validation Results (Per Task)
------------------------------------------------------------
sentiment  | F1=0.936 | Acc=0.948 | P=0.949 | R=0.928
urgency    | F1=0.779 | Acc=0.910 | P=0.768 | R=0.793
topic      | F1=0.887 | Acc=0.890 | P=0.887 | R=0.894
action     | F1=0.814 | Acc=0.877 | P=0.816 | R=0.820
------------------------------------------------------------
✅ Overall Avg | F1=0.854 | Acc=0.906 | P=0.855 | R=0.859

✅ Epoch 20 | Loss=0.1596 | F1(avg)=0.854 | Sent=0.936 | Urg=0.779 | Top=0.887 | Act=0.814
roberta_base_lr2e-5_uf2 Epoch 21/50: 100%|█| 39/39 [00:

📊 Validation Results (Per Task)
------------------------------------------------------------
sentiment  | F1=0.936 | Acc=0.948 | P=0.949 | R=0.928
urgency    | F1=0.765 | Acc=0.910 | P=0.768 | R=0.766
topic      | F1=0.887 | Acc=0.890 | P=0.888 | R=0.894
action     | F1=0.814 | Acc=0.877 | P=0.816 | R=0.820
------------------------------------------------------------
✅ Overall Avg | F1=0.851 | Acc=0.906 | P=0.855 | R=0.852

✅ Epoch 21 | Loss=0.1581 | F1(avg)=0.851 | Sent=0.936 | Urg=0.765 | Top=0.887 | Act=0.814
roberta_base_lr2e-5_uf2 Epoch 22/50: 100%|█| 39/39 [00:

📊 Validation Results (Per Task)
------------------------------------------------------------
sentiment  | F1=0.944 | Acc=0.955 | P=0.961 | R=0.935
urgency    | F1=0.779 | Acc=0.910 | P=0.768 | R=0.793
topic      | F1=0.873 | Acc=0.877 | P=0.878 | R=0.879
action     | F1=0.806 | Acc=0.871 | P=0.809 | R=0.810
------------------------------------------------------------
✅ Overall Avg | F1=0.850 | Acc=0.903 | P=0.854 | R=0.854

✅ Epoch 22 | Loss=0.1535 | F1(avg)=0.850 | Sent=0.944 | Urg=0.779 | Top=0.873 | Act=0.806
roberta_base_lr2e-5_uf2 Epoch 23/50: 100%|█| 39/39 [00:

📊 Validation Results (Per Task)
------------------------------------------------------------
sentiment  | F1=0.936 | Acc=0.948 | P=0.949 | R=0.928
urgency    | F1=0.751 | Acc=0.890 | P=0.738 | R=0.775
topic      | F1=0.882 | Acc=0.884 | P=0.881 | R=0.887
action     | F1=0.821 | Acc=0.877 | P=0.835 | R=0.816
------------------------------------------------------------
✅ Overall Avg | F1=0.847 | Acc=0.900 | P=0.851 | R=0.852

✅ Epoch 23 | Loss=0.1454 | F1(avg)=0.847 | Sent=0.936 | Urg=0.751 | Top=0.882 | Act=0.821
roberta_base_lr2e-5_uf2 Epoch 24/50: 100%|█| 39/39 [00:

📊 Validation Results (Per Task)
------------------------------------------------------------
sentiment  | F1=0.936 | Acc=0.948 | P=0.949 | R=0.928
urgency    | F1=0.769 | Acc=0.903 | P=0.756 | R=0.787
topic      | F1=0.880 | Acc=0.884 | P=0.883 | R=0.887
action     | F1=0.806 | Acc=0.871 | P=0.809 | R=0.810
------------------------------------------------------------
✅ Overall Avg | F1=0.848 | Acc=0.902 | P=0.849 | R=0.853

✅ Epoch 24 | Loss=0.1396 | F1(avg)=0.848 | Sent=0.936 | Urg=0.769 | Top=0.880 | Act=0.806
roberta_base_lr2e-5_uf2 Epoch 25/50: 100%|█| 39/39 [00:

📊 Validation Results (Per Task)
------------------------------------------------------------
sentiment  | F1=0.936 | Acc=0.948 | P=0.949 | R=0.928
urgency    | F1=0.751 | Acc=0.903 | P=0.745 | R=0.760
topic      | F1=0.886 | Acc=0.890 | P=0.890 | R=0.891
action     | F1=0.830 | Acc=0.884 | P=0.842 | R=0.827
------------------------------------------------------------
✅ Overall Avg | F1=0.851 | Acc=0.906 | P=0.856 | R=0.851

✅ Epoch 25 | Loss=0.1359 | F1(avg)=0.851 | Sent=0.936 | Urg=0.751 | Top=0.886 | Act=0.830
roberta_base_lr2e-5_uf2 Epoch 26/50: 100%|█| 39/39 [00:

📊 Validation Results (Per Task)
------------------------------------------------------------
sentiment  | F1=0.936 | Acc=0.948 | P=0.949 | R=0.928
urgency    | F1=0.751 | Acc=0.903 | P=0.745 | R=0.760
topic      | F1=0.887 | Acc=0.890 | P=0.888 | R=0.894
action     | F1=0.830 | Acc=0.884 | P=0.842 | R=0.827
------------------------------------------------------------
✅ Overall Avg | F1=0.851 | Acc=0.906 | P=0.856 | R=0.852

✅ Epoch 26 | Loss=0.1251 | F1(avg)=0.851 | Sent=0.936 | Urg=0.751 | Top=0.887 | Act=0.830
roberta_base_lr2e-5_uf2 Epoch 27/50: 100%|█| 39/39 [00:

📊 Validation Results (Per Task)
------------------------------------------------------------
sentiment  | F1=0.944 | Acc=0.955 | P=0.956 | R=0.937
urgency    | F1=0.751 | Acc=0.903 | P=0.745 | R=0.760
topic      | F1=0.894 | Acc=0.897 | P=0.895 | R=0.899
action     | F1=0.830 | Acc=0.884 | P=0.842 | R=0.827
------------------------------------------------------------
✅ Overall Avg | F1=0.855 | Acc=0.910 | P=0.859 | R=0.856

✅ Epoch 27 | Loss=0.1171 | F1(avg)=0.855 | Sent=0.944 | Urg=0.751 | Top=0.894 | Act=0.830
roberta_base_lr2e-5_uf2 Epoch 28/50: 100%|█| 39/39 [00:

📊 Validation Results (Per Task)
------------------------------------------------------------
sentiment  | F1=0.936 | Acc=0.948 | P=0.949 | R=0.928
urgency    | F1=0.751 | Acc=0.890 | P=0.738 | R=0.775
topic      | F1=0.894 | Acc=0.897 | P=0.895 | R=0.899
action     | F1=0.821 | Acc=0.877 | P=0.835 | R=0.816
------------------------------------------------------------
✅ Overall Avg | F1=0.850 | Acc=0.903 | P=0.854 | R=0.855

✅ Epoch 28 | Loss=0.1221 | F1(avg)=0.850 | Sent=0.936 | Urg=0.751 | Top=0.894 | Act=0.821
roberta_base_lr2e-5_uf2 Epoch 29/50: 100%|█| 39/39 [00:

📊 Validation Results (Per Task)
------------------------------------------------------------
sentiment  | F1=0.944 | Acc=0.955 | P=0.956 | R=0.937
urgency    | F1=0.751 | Acc=0.903 | P=0.745 | R=0.760
topic      | F1=0.881 | Acc=0.884 | P=0.883 | R=0.887
action     | F1=0.838 | Acc=0.890 | P=0.850 | R=0.833
------------------------------------------------------------
✅ Overall Avg | F1=0.854 | Acc=0.908 | P=0.858 | R=0.854

✅ Epoch 29 | Loss=0.1115 | F1(avg)=0.854 | Sent=0.944 | Urg=0.751 | Top=0.881 | Act=0.838
roberta_base_lr2e-5_uf2 Epoch 30/50: 100%|█| 39/39 [00:

📊 Validation Results (Per Task)
------------------------------------------------------------
sentiment  | F1=0.944 | Acc=0.955 | P=0.956 | R=0.937
urgency    | F1=0.751 | Acc=0.903 | P=0.745 | R=0.760
topic      | F1=0.894 | Acc=0.897 | P=0.895 | R=0.899
action     | F1=0.830 | Acc=0.884 | P=0.842 | R=0.827
------------------------------------------------------------
✅ Overall Avg | F1=0.855 | Acc=0.910 | P=0.859 | R=0.856

✅ Epoch 30 | Loss=0.1121 | F1(avg)=0.855 | Sent=0.944 | Urg=0.751 | Top=0.894 | Act=0.830
roberta_base_lr2e-5_uf2 Epoch 31/50: 100%|█| 39/39 [00:

📊 Validation Results (Per Task)
------------------------------------------------------------
sentiment  | F1=0.944 | Acc=0.955 | P=0.956 | R=0.937
urgency    | F1=0.751 | Acc=0.903 | P=0.745 | R=0.760
topic      | F1=0.885 | Acc=0.890 | P=0.885 | R=0.891
action     | F1=0.829 | Acc=0.884 | P=0.840 | R=0.823
------------------------------------------------------------
✅ Overall Avg | F1=0.852 | Acc=0.908 | P=0.857 | R=0.853

✅ Epoch 31 | Loss=0.1135 | F1(avg)=0.852 | Sent=0.944 | Urg=0.751 | Top=0.885 | Act=0.829
roberta_base_lr2e-5_uf2 Epoch 32/50: 100%|█| 39/39 [00:

📊 Validation Results (Per Task)
------------------------------------------------------------
sentiment  | F1=0.944 | Acc=0.955 | P=0.956 | R=0.937
urgency    | F1=0.769 | Acc=0.903 | P=0.756 | R=0.787
topic      | F1=0.892 | Acc=0.897 | P=0.891 | R=0.899
action     | F1=0.821 | Acc=0.877 | P=0.832 | R=0.816
------------------------------------------------------------
✅ Overall Avg | F1=0.857 | Acc=0.908 | P=0.859 | R=0.860

✅ Epoch 32 | Loss=0.1079 | F1(avg)=0.857 | Sent=0.944 | Urg=0.769 | Top=0.892 | Act=0.821
roberta_base_lr2e-5_uf2 Epoch 33/50: 100%|█| 39/39 [00:

📊 Validation Results (Per Task)
------------------------------------------------------------
sentiment  | F1=0.944 | Acc=0.955 | P=0.956 | R=0.937
urgency    | F1=0.742 | Acc=0.884 | P=0.731 | R=0.769
topic      | F1=0.876 | Acc=0.884 | P=0.877 | R=0.883
action     | F1=0.830 | Acc=0.884 | P=0.842 | R=0.827
------------------------------------------------------------
✅ Overall Avg | F1=0.848 | Acc=0.902 | P=0.851 | R=0.854

✅ Epoch 33 | Loss=0.1017 | F1(avg)=0.848 | Sent=0.944 | Urg=0.742 | Top=0.876 | Act=0.830
roberta_base_lr2e-5_uf2 Epoch 34/50: 100%|█| 39/39 [00:

📊 Validation Results (Per Task)
------------------------------------------------------------
sentiment  | F1=0.944 | Acc=0.955 | P=0.956 | R=0.937
urgency    | F1=0.726 | Acc=0.871 | P=0.718 | R=0.757
topic      | F1=0.892 | Acc=0.897 | P=0.891 | R=0.899
action     | F1=0.821 | Acc=0.877 | P=0.835 | R=0.816
------------------------------------------------------------
✅ Overall Avg | F1=0.846 | Acc=0.900 | P=0.850 | R=0.853

✅ Epoch 34 | Loss=0.1006 | F1(avg)=0.846 | Sent=0.944 | Urg=0.726 | Top=0.892 | Act=0.821
roberta_base_lr2e-5_uf2 Epoch 35/50: 100%|█| 39/39 [00:

📊 Validation Results (Per Task)
------------------------------------------------------------
sentiment  | F1=0.952 | Acc=0.961 | P=0.960 | R=0.947
urgency    | F1=0.743 | Acc=0.897 | P=0.734 | R=0.754
topic      | F1=0.886 | Acc=0.890 | P=0.890 | R=0.891
action     | F1=0.829 | Acc=0.884 | P=0.840 | R=0.823
------------------------------------------------------------
✅ Overall Avg | F1=0.853 | Acc=0.908 | P=0.856 | R=0.854

✅ Epoch 35 | Loss=0.0979 | F1(avg)=0.853 | Sent=0.952 | Urg=0.743 | Top=0.886 | Act=0.829
roberta_base_lr2e-5_uf2 Epoch 36/50: 100%|█| 39/39 [00:

📊 Validation Results (Per Task)
------------------------------------------------------------
sentiment  | F1=0.944 | Acc=0.955 | P=0.956 | R=0.937
urgency    | F1=0.760 | Acc=0.897 | P=0.747 | R=0.781
topic      | F1=0.880 | Acc=0.884 | P=0.886 | R=0.884
action     | F1=0.821 | Acc=0.877 | P=0.832 | R=0.816
------------------------------------------------------------
✅ Overall Avg | F1=0.851 | Acc=0.903 | P=0.855 | R=0.855

✅ Epoch 36 | Loss=0.0955 | F1(avg)=0.851 | Sent=0.944 | Urg=0.760 | Top=0.880 | Act=0.821
roberta_base_lr2e-5_uf2 Epoch 37/50: 100%|█| 39/39 [00:

📊 Validation Results (Per Task)
------------------------------------------------------------
sentiment  | F1=0.944 | Acc=0.955 | P=0.956 | R=0.937
urgency    | F1=0.751 | Acc=0.890 | P=0.738 | R=0.775
topic      | F1=0.894 | Acc=0.897 | P=0.895 | R=0.899
action     | F1=0.821 | Acc=0.877 | P=0.832 | R=0.816
------------------------------------------------------------
✅ Overall Avg | F1=0.853 | Acc=0.905 | P=0.855 | R=0.857

✅ Epoch 37 | Loss=0.0928 | F1(avg)=0.853 | Sent=0.944 | Urg=0.751 | Top=0.894 | Act=0.821
roberta_base_lr2e-5_uf2 Epoch 38/50: 100%|█| 39/39 [00:

📊 Validation Results (Per Task)
------------------------------------------------------------
sentiment  | F1=0.944 | Acc=0.955 | P=0.956 | R=0.937
urgency    | F1=0.734 | Acc=0.890 | P=0.725 | R=0.748
topic      | F1=0.880 | Acc=0.884 | P=0.886 | R=0.884
action     | F1=0.821 | Acc=0.877 | P=0.832 | R=0.816
------------------------------------------------------------
✅ Overall Avg | F1=0.845 | Acc=0.902 | P=0.850 | R=0.846

✅ Epoch 38 | Loss=0.0937 | F1(avg)=0.845 | Sent=0.944 | Urg=0.734 | Top=0.880 | Act=0.821
roberta_base_lr2e-5_uf2 Epoch 39/50: 100%|█| 39/39 [00:

📊 Validation Results (Per Task)
------------------------------------------------------------
sentiment  | F1=0.944 | Acc=0.955 | P=0.956 | R=0.937
urgency    | F1=0.760 | Acc=0.897 | P=0.747 | R=0.781
topic      | F1=0.880 | Acc=0.884 | P=0.886 | R=0.884
action     | F1=0.821 | Acc=0.877 | P=0.832 | R=0.816
------------------------------------------------------------
✅ Overall Avg | F1=0.851 | Acc=0.903 | P=0.855 | R=0.855

✅ Epoch 39 | Loss=0.0869 | F1(avg)=0.851 | Sent=0.944 | Urg=0.760 | Top=0.880 | Act=0.821
roberta_base_lr2e-5_uf2 Epoch 40/50: 100%|█| 39/39 [00:

📊 Validation Results (Per Task)
------------------------------------------------------------
sentiment  | F1=0.944 | Acc=0.955 | P=0.956 | R=0.937
urgency    | F1=0.743 | Acc=0.897 | P=0.734 | R=0.754
topic      | F1=0.880 | Acc=0.884 | P=0.886 | R=0.884
action     | F1=0.829 | Acc=0.884 | P=0.840 | R=0.823
------------------------------------------------------------
✅ Overall Avg | F1=0.849 | Acc=0.905 | P=0.854 | R=0.850

✅ Epoch 40 | Loss=0.0861 | F1(avg)=0.849 | Sent=0.944 | Urg=0.743 | Top=0.880 | Act=0.829
roberta_base_lr2e-5_uf2 Epoch 41/50: 100%|█| 39/39 [00:

📊 Validation Results (Per Task)
------------------------------------------------------------
sentiment  | F1=0.944 | Acc=0.955 | P=0.956 | R=0.937
urgency    | F1=0.760 | Acc=0.897 | P=0.747 | R=0.781
topic      | F1=0.880 | Acc=0.884 | P=0.886 | R=0.884
action     | F1=0.814 | Acc=0.871 | P=0.825 | R=0.810
------------------------------------------------------------
✅ Overall Avg | F1=0.850 | Acc=0.902 | P=0.853 | R=0.853

✅ Epoch 41 | Loss=0.0831 | F1(avg)=0.850 | Sent=0.944 | Urg=0.760 | Top=0.880 | Act=0.814
roberta_base_lr2e-5_uf2 Epoch 42/50: 100%|█| 39/39 [00:

📊 Validation Results (Per Task)
------------------------------------------------------------
sentiment  | F1=0.944 | Acc=0.955 | P=0.956 | R=0.937
urgency    | F1=0.734 | Acc=0.890 | P=0.725 | R=0.748
topic      | F1=0.880 | Acc=0.884 | P=0.886 | R=0.884
action     | F1=0.821 | Acc=0.877 | P=0.832 | R=0.816
------------------------------------------------------------
✅ Overall Avg | F1=0.845 | Acc=0.902 | P=0.850 | R=0.846

✅ Epoch 42 | Loss=0.0836 | F1(avg)=0.845 | Sent=0.944 | Urg=0.734 | Top=0.880 | Act=0.821
roberta_base_lr2e-5_uf2 Epoch 43/50: 100%|█| 39/39 [00:

📊 Validation Results (Per Task)
------------------------------------------------------------
sentiment  | F1=0.944 | Acc=0.955 | P=0.956 | R=0.937
urgency    | F1=0.734 | Acc=0.890 | P=0.725 | R=0.748
topic      | F1=0.886 | Acc=0.890 | P=0.890 | R=0.892
action     | F1=0.821 | Acc=0.877 | P=0.832 | R=0.816
------------------------------------------------------------
✅ Overall Avg | F1=0.846 | Acc=0.903 | P=0.851 | R=0.848

✅ Epoch 43 | Loss=0.0836 | F1(avg)=0.846 | Sent=0.944 | Urg=0.734 | Top=0.886 | Act=0.821
roberta_base_lr2e-5_uf2 Epoch 44/50: 100%|█| 39/39 [00:

📊 Validation Results (Per Task)
------------------------------------------------------------
sentiment  | F1=0.944 | Acc=0.955 | P=0.956 | R=0.937
urgency    | F1=0.734 | Acc=0.890 | P=0.725 | R=0.748
topic      | F1=0.880 | Acc=0.884 | P=0.886 | R=0.884
action     | F1=0.814 | Acc=0.871 | P=0.825 | R=0.810
------------------------------------------------------------
✅ Overall Avg | F1=0.843 | Acc=0.900 | P=0.848 | R=0.845

✅ Epoch 44 | Loss=0.0831 | F1(avg)=0.843 | Sent=0.944 | Urg=0.734 | Top=0.880 | Act=0.814
roberta_base_lr2e-5_uf2 Epoch 45/50: 100%|█| 39/39 [00:

📊 Validation Results (Per Task)
------------------------------------------------------------
sentiment  | F1=0.944 | Acc=0.955 | P=0.956 | R=0.937
urgency    | F1=0.726 | Acc=0.884 | P=0.717 | R=0.742
topic      | F1=0.880 | Acc=0.884 | P=0.886 | R=0.884
action     | F1=0.823 | Acc=0.877 | P=0.833 | R=0.821
------------------------------------------------------------
✅ Overall Avg | F1=0.843 | Acc=0.900 | P=0.848 | R=0.846

✅ Epoch 45 | Loss=0.0857 | F1(avg)=0.843 | Sent=0.944 | Urg=0.726 | Top=0.880 | Act=0.823
roberta_base_lr2e-5_uf2 Epoch 46/50: 100%|█| 39/39 [00:

📊 Validation Results (Per Task)
------------------------------------------------------------
sentiment  | F1=0.944 | Acc=0.955 | P=0.956 | R=0.937
urgency    | F1=0.734 | Acc=0.890 | P=0.725 | R=0.748
topic      | F1=0.880 | Acc=0.884 | P=0.886 | R=0.884
action     | F1=0.823 | Acc=0.877 | P=0.833 | R=0.821
------------------------------------------------------------
✅ Overall Avg | F1=0.845 | Acc=0.902 | P=0.850 | R=0.848

✅ Epoch 46 | Loss=0.0814 | F1(avg)=0.845 | Sent=0.944 | Urg=0.734 | Top=0.880 | Act=0.823
roberta_base_lr2e-5_uf2 Epoch 47/50: 100%|█| 39/39 [00:

📊 Validation Results (Per Task)
------------------------------------------------------------
sentiment  | F1=0.944 | Acc=0.955 | P=0.956 | R=0.937
urgency    | F1=0.734 | Acc=0.890 | P=0.725 | R=0.748
topic      | F1=0.880 | Acc=0.884 | P=0.886 | R=0.884
action     | F1=0.823 | Acc=0.877 | P=0.833 | R=0.821
------------------------------------------------------------
✅ Overall Avg | F1=0.845 | Acc=0.902 | P=0.850 | R=0.848

✅ Epoch 47 | Loss=0.0827 | F1(avg)=0.845 | Sent=0.944 | Urg=0.734 | Top=0.880 | Act=0.823
roberta_base_lr2e-5_uf2 Epoch 48/50: 100%|█| 39/39 [00:

📊 Validation Results (Per Task)
------------------------------------------------------------
sentiment  | F1=0.944 | Acc=0.955 | P=0.956 | R=0.937
urgency    | F1=0.726 | Acc=0.884 | P=0.717 | R=0.742
topic      | F1=0.880 | Acc=0.884 | P=0.886 | R=0.884
action     | F1=0.823 | Acc=0.877 | P=0.833 | R=0.821
------------------------------------------------------------
✅ Overall Avg | F1=0.843 | Acc=0.900 | P=0.848 | R=0.846

✅ Epoch 48 | Loss=0.0834 | F1(avg)=0.843 | Sent=0.944 | Urg=0.726 | Top=0.880 | Act=0.823
roberta_base_lr2e-5_uf2 Epoch 49/50: 100%|█| 39/39 [00:

📊 Validation Results (Per Task)
------------------------------------------------------------
sentiment  | F1=0.944 | Acc=0.955 | P=0.956 | R=0.937
urgency    | F1=0.734 | Acc=0.890 | P=0.725 | R=0.748
topic      | F1=0.886 | Acc=0.890 | P=0.890 | R=0.892
action     | F1=0.823 | Acc=0.877 | P=0.833 | R=0.821
------------------------------------------------------------
✅ Overall Avg | F1=0.847 | Acc=0.903 | P=0.851 | R=0.850

✅ Epoch 49 | Loss=0.0788 | F1(avg)=0.847 | Sent=0.944 | Urg=0.734 | Top=0.886 | Act=0.823
roberta_base_lr2e-5_uf2 Epoch 50/50: 100%|█| 39/39 [00:

📊 Validation Results (Per Task)
------------------------------------------------------------
sentiment  | F1=0.944 | Acc=0.955 | P=0.956 | R=0.937
urgency    | F1=0.734 | Acc=0.890 | P=0.725 | R=0.748
topic      | F1=0.880 | Acc=0.884 | P=0.886 | R=0.884
action     | F1=0.823 | Acc=0.877 | P=0.833 | R=0.821
------------------------------------------------------------
✅ Overall Avg | F1=0.845 | Acc=0.902 | P=0.850 | R=0.848

✅ Epoch 50 | Loss=0.0810 | F1(avg)=0.845 | Sent=0.944 | Urg=0.734 | Top=0.880 | Act=0.823
