2025-11-10 22:23:29,373 INFO    MainThread:1705001 [wandb_setup.py:_flush():81] Current SDK version is 0.22.1
2025-11-10 22:23:29,375 INFO    MainThread:1705001 [wandb_setup.py:_flush():81] Configure stats pid to 1705001
2025-11-10 22:23:29,375 INFO    MainThread:1705001 [wandb_setup.py:_flush():81] Loading settings from /home/700050058/.config/wandb/settings
2025-11-10 22:23:29,375 INFO    MainThread:1705001 [wandb_setup.py:_flush():81] Loading settings from /home/700050058/project_feedback_analyzer/wandb/settings
2025-11-10 22:23:29,375 INFO    MainThread:1705001 [wandb_setup.py:_flush():81] Loading settings from environment variables
2025-11-10 22:23:29,375 INFO    MainThread:1705001 [wandb_init.py:setup_run_log_directory():705] Logging user logs to /home/700050058/project_feedback_analyzer/wandb/run-20251110_222329-8i43d194/logs/debug.log
2025-11-10 22:23:29,376 INFO    MainThread:1705001 [wandb_init.py:setup_run_log_directory():706] Logging internal logs to /home/700050058/project_feedback_analyzer/wandb/run-20251110_222329-8i43d194/logs/debug-internal.log
2025-11-10 22:23:29,376 INFO    MainThread:1705001 [wandb_init.py:init():832] calling init triggers
2025-11-10 22:23:29,376 INFO    MainThread:1705001 [wandb_init.py:init():837] wandb.init called with sweep_config: {}
config: {'model_name': 'bert-base-uncased', 'exp_name': 'bert_base_lr2e-5_f0.8', 'lr': 2e-05, 'epochs': 10, 'freeze_ratio': 0.8, '_wandb': {}}
2025-11-10 22:23:29,376 INFO    MainThread:1705001 [wandb_init.py:init():880] starting backend
2025-11-10 22:23:29,610 INFO    MainThread:1705001 [wandb_init.py:init():883] sending inform_init request
2025-11-10 22:23:29,626 INFO    MainThread:1705001 [wandb_init.py:init():891] backend started and connected
2025-11-10 22:23:29,627 INFO    MainThread:1705001 [wandb_init.py:init():961] updated telemetry
2025-11-10 22:23:29,628 INFO    MainThread:1705001 [wandb_init.py:init():985] communicating run to backend with 90.0 second timeout
2025-11-10 22:23:30,720 INFO    MainThread:1705001 [wandb_init.py:init():1036] starting run threads in backend
2025-11-10 22:23:31,177 INFO    MainThread:1705001 [wandb_run.py:_console_start():2506] atexit reg
2025-11-10 22:23:31,177 INFO    MainThread:1705001 [wandb_run.py:_redirect():2354] redirect: wrap_raw
2025-11-10 22:23:31,177 INFO    MainThread:1705001 [wandb_run.py:_redirect():2423] Wrapping output streams.
2025-11-10 22:23:31,177 INFO    MainThread:1705001 [wandb_run.py:_redirect():2446] Redirects installed.
2025-11-10 22:23:31,190 INFO    MainThread:1705001 [wandb_init.py:init():1076] run started, returning control to user process
2025-11-10 22:23:33,117 INFO    MainThread:1705001 [wandb_watch.py:_watch():68] Watching
2025-11-10 22:23:35,182 INFO    wandb-AsyncioManager-main:1705001 [service_client.py:_forward_responses():80] Reached EOF.
2025-11-10 22:23:35,182 INFO    wandb-AsyncioManager-main:1705001 [mailbox.py:close():137] Closing mailbox, abandoning 1 handles.
