Use device:cuda
bert_base_lr2e-5_uf2 Epoch 1/50: 100%|██████████████████████████████████████████| 20/20 [00:02<00:00,  7.98it/s]

📊 Validation Results (Per Task)
------------------------------------------------------------
sentiment  | F1=0.211 | Acc=0.465 | P=0.155 | R=0.333
urgency    | F1=0.404 | Acc=0.665 | P=0.484 | R=0.423
topic      | F1=0.146 | Acc=0.329 | P=0.149 | R=0.209
action     | F1=0.113 | Acc=0.516 | P=0.086 | R=0.167
------------------------------------------------------------
✅ Overall Avg | F1=0.219 | Acc=0.494 | P=0.218 | R=0.283

✅ Epoch 1 | Loss=1.4062 | F1(avg)=0.219 | Sent=0.211 | Urg=0.404 | Top=0.146 | Act=0.113
bert_base_lr2e-5_uf2 Epoch 2/50: 100%|██████████████████████████████████████████| 20/20 [00:02<00:00,  8.64it/s]

📊 Validation Results (Per Task)
------------------------------------------------------------
sentiment  | F1=0.571 | Acc=0.684 | P=0.807 | R=0.585
urgency    | F1=0.565 | Acc=0.832 | P=0.552 | R=0.580
topic      | F1=0.352 | Acc=0.490 | P=0.606 | R=0.393
action     | F1=0.198 | Acc=0.581 | P=0.200 | R=0.226
------------------------------------------------------------
✅ Overall Avg | F1=0.421 | Acc=0.647 | P=0.541 | R=0.446

✅ Epoch 2 | Loss=1.2234 | F1(avg)=0.421 | Sent=0.571 | Urg=0.565 | Top=0.352 | Act=0.198
bert_base_lr2e-5_uf2 Epoch 3/50: 100%|██████████████████████████████████████████| 20/20 [00:02<00:00,  8.67it/s]

📊 Validation Results (Per Task)
------------------------------------------------------------
sentiment  | F1=0.816 | Acc=0.858 | P=0.871 | R=0.807
urgency    | F1=0.649 | Acc=0.865 | P=0.903 | R=0.642
topic      | F1=0.477 | Acc=0.587 | P=0.577 | R=0.504
action     | F1=0.235 | Acc=0.639 | P=0.200 | R=0.284
------------------------------------------------------------
✅ Overall Avg | F1=0.544 | Acc=0.737 | P=0.638 | R=0.559

✅ Epoch 3 | Loss=1.0325 | F1(avg)=0.544 | Sent=0.816 | Urg=0.649 | Top=0.477 | Act=0.235
bert_base_lr2e-5_uf2 Epoch 4/50: 100%|██████████████████████████████████████████| 20/20 [00:02<00:00,  8.68it/s]

📊 Validation Results (Per Task)
------------------------------------------------------------
sentiment  | F1=0.896 | Acc=0.916 | P=0.919 | R=0.886
urgency    | F1=0.600 | Acc=0.877 | P=0.579 | R=0.629
topic      | F1=0.618 | Acc=0.710 | P=0.627 | R=0.629
action     | F1=0.344 | Acc=0.735 | P=0.363 | R=0.379
------------------------------------------------------------
✅ Overall Avg | F1=0.614 | Acc=0.810 | P=0.622 | R=0.630

✅ Epoch 4 | Loss=0.8560 | F1(avg)=0.614 | Sent=0.896 | Urg=0.600 | Top=0.618 | Act=0.344
bert_base_lr2e-5_uf2 Epoch 5/50: 100%|██████████████████████████████████████████| 20/20 [00:02<00:00,  8.65it/s]

📊 Validation Results (Per Task)
------------------------------------------------------------
sentiment  | F1=0.902 | Acc=0.923 | P=0.924 | R=0.893
urgency    | F1=0.655 | Acc=0.877 | P=0.748 | R=0.656
topic      | F1=0.711 | Acc=0.761 | P=0.810 | R=0.703
action     | F1=0.377 | Acc=0.768 | P=0.374 | R=0.407
------------------------------------------------------------
✅ Overall Avg | F1=0.661 | Acc=0.832 | P=0.714 | R=0.665

✅ Epoch 5 | Loss=0.7073 | F1(avg)=0.661 | Sent=0.902 | Urg=0.655 | Top=0.711 | Act=0.377
bert_base_lr2e-5_uf2 Epoch 6/50: 100%|██████████████████████████████████████████| 20/20 [00:02<00:00,  8.65it/s]

📊 Validation Results (Per Task)
------------------------------------------------------------
sentiment  | F1=0.894 | Acc=0.916 | P=0.912 | R=0.889
urgency    | F1=0.658 | Acc=0.884 | P=0.701 | R=0.662
topic      | F1=0.761 | Acc=0.787 | P=0.834 | R=0.745
action     | F1=0.410 | Acc=0.787 | P=0.463 | R=0.431
------------------------------------------------------------
✅ Overall Avg | F1=0.681 | Acc=0.844 | P=0.727 | R=0.682

✅ Epoch 6 | Loss=0.6002 | F1(avg)=0.681 | Sent=0.894 | Urg=0.658 | Top=0.761 | Act=0.410
bert_base_lr2e-5_uf2 Epoch 7/50: 100%|██████████████████████████████████████████| 20/20 [00:02<00:00,  8.65it/s]

📊 Validation Results (Per Task)
------------------------------------------------------------
sentiment  | F1=0.894 | Acc=0.916 | P=0.912 | R=0.889
urgency    | F1=0.656 | Acc=0.884 | P=0.677 | R=0.662
topic      | F1=0.800 | Acc=0.813 | P=0.850 | R=0.780
action     | F1=0.411 | Acc=0.787 | P=0.433 | R=0.436
------------------------------------------------------------
✅ Overall Avg | F1=0.690 | Acc=0.850 | P=0.718 | R=0.692

✅ Epoch 7 | Loss=0.5135 | F1(avg)=0.690 | Sent=0.894 | Urg=0.656 | Top=0.800 | Act=0.411
bert_base_lr2e-5_uf2 Epoch 8/50: 100%|██████████████████████████████████████████| 20/20 [00:02<00:00,  8.65it/s]

📊 Validation Results (Per Task)
------------------------------------------------------------
sentiment  | F1=0.911 | Acc=0.929 | P=0.930 | R=0.905
urgency    | F1=0.670 | Acc=0.897 | P=0.763 | R=0.674
topic      | F1=0.831 | Acc=0.832 | P=0.859 | R=0.817
action     | F1=0.594 | Acc=0.800 | P=0.613 | R=0.613
------------------------------------------------------------
✅ Overall Avg | F1=0.752 | Acc=0.865 | P=0.791 | R=0.752

✅ Epoch 8 | Loss=0.4631 | F1(avg)=0.752 | Sent=0.911 | Urg=0.670 | Top=0.831 | Act=0.594
bert_base_lr2e-5_uf2 Epoch 9/50: 100%|██████████████████████████████████████████| 20/20 [00:02<00:00,  8.67it/s]

📊 Validation Results (Per Task)
------------------------------------------------------------
sentiment  | F1=0.920 | Acc=0.935 | P=0.934 | R=0.914
urgency    | F1=0.679 | Acc=0.877 | P=0.679 | R=0.683
topic      | F1=0.838 | Acc=0.839 | P=0.863 | R=0.823
action     | F1=0.625 | Acc=0.813 | P=0.650 | R=0.634
------------------------------------------------------------
✅ Overall Avg | F1=0.765 | Acc=0.866 | P=0.781 | R=0.764

✅ Epoch 9 | Loss=0.4150 | F1(avg)=0.765 | Sent=0.920 | Urg=0.679 | Top=0.838 | Act=0.625
bert_base_lr2e-5_uf2 Epoch 10/50: 100%|█████████████████████████████████████████| 20/20 [00:02<00:00,  8.65it/s]

📊 Validation Results (Per Task)
------------------------------------------------------------
sentiment  | F1=0.928 | Acc=0.942 | P=0.947 | R=0.921
urgency    | F1=0.679 | Acc=0.877 | P=0.679 | R=0.683
topic      | F1=0.837 | Acc=0.839 | P=0.862 | R=0.825
action     | F1=0.630 | Acc=0.819 | P=0.644 | R=0.640
------------------------------------------------------------
✅ Overall Avg | F1=0.769 | Acc=0.869 | P=0.783 | R=0.767

✅ Epoch 10 | Loss=0.3836 | F1(avg)=0.769 | Sent=0.928 | Urg=0.679 | Top=0.837 | Act=0.630
bert_base_lr2e-5_uf2 Epoch 11/50: 100%|█████████████████████████████████████████| 20/20 [00:02<00:00,  8.68it/s]

📊 Validation Results (Per Task)
------------------------------------------------------------
sentiment  | F1=0.920 | Acc=0.935 | P=0.934 | R=0.914
urgency    | F1=0.649 | Acc=0.877 | P=0.649 | R=0.656
topic      | F1=0.837 | Acc=0.839 | P=0.861 | R=0.823
action     | F1=0.690 | Acc=0.819 | P=0.815 | R=0.675
------------------------------------------------------------
✅ Overall Avg | F1=0.774 | Acc=0.868 | P=0.815 | R=0.767

✅ Epoch 11 | Loss=0.3463 | F1(avg)=0.774 | Sent=0.920 | Urg=0.649 | Top=0.837 | Act=0.690
bert_base_lr2e-5_uf2 Epoch 12/50: 100%|█████████████████████████████████████████| 20/20 [00:02<00:00,  8.70it/s]

📊 Validation Results (Per Task)
------------------------------------------------------------
sentiment  | F1=0.928 | Acc=0.942 | P=0.947 | R=0.921
urgency    | F1=0.686 | Acc=0.884 | P=0.689 | R=0.689
topic      | F1=0.838 | Acc=0.839 | P=0.860 | R=0.826
action     | F1=0.708 | Acc=0.832 | P=0.833 | R=0.692
------------------------------------------------------------
✅ Overall Avg | F1=0.790 | Acc=0.874 | P=0.832 | R=0.782

✅ Epoch 12 | Loss=0.3234 | F1(avg)=0.790 | Sent=0.928 | Urg=0.686 | Top=0.838 | Act=0.708
bert_base_lr2e-5_uf2 Epoch 13/50: 100%|█████████████████████████████████████████| 20/20 [00:02<00:00,  8.65it/s]

📊 Validation Results (Per Task)
------------------------------------------------------------
sentiment  | F1=0.920 | Acc=0.935 | P=0.934 | R=0.914
urgency    | F1=0.679 | Acc=0.877 | P=0.679 | R=0.683
topic      | F1=0.840 | Acc=0.845 | P=0.872 | R=0.824
action     | F1=0.703 | Acc=0.826 | P=0.821 | R=0.686
------------------------------------------------------------
✅ Overall Avg | F1=0.786 | Acc=0.871 | P=0.826 | R=0.777

✅ Epoch 13 | Loss=0.3029 | F1(avg)=0.786 | Sent=0.920 | Urg=0.679 | Top=0.840 | Act=0.703
bert_base_lr2e-5_uf2 Epoch 14/50: 100%|█████████████████████████████████████████| 20/20 [00:02<00:00,  8.63it/s]

📊 Validation Results (Per Task)
------------------------------------------------------------
sentiment  | F1=0.936 | Acc=0.948 | P=0.952 | R=0.931
urgency    | F1=0.679 | Acc=0.877 | P=0.679 | R=0.683
topic      | F1=0.847 | Acc=0.852 | P=0.876 | R=0.831
action     | F1=0.714 | Acc=0.832 | P=0.833 | R=0.697
------------------------------------------------------------
✅ Overall Avg | F1=0.794 | Acc=0.877 | P=0.835 | R=0.785

✅ Epoch 14 | Loss=0.2864 | F1(avg)=0.794 | Sent=0.936 | Urg=0.679 | Top=0.847 | Act=0.714
bert_base_lr2e-5_uf2 Epoch 15/50: 100%|█████████████████████████████████████████| 20/20 [00:02<00:00,  8.64it/s]

📊 Validation Results (Per Task)
------------------------------------------------------------
sentiment  | F1=0.937 | Acc=0.948 | P=0.946 | R=0.933
urgency    | F1=0.679 | Acc=0.877 | P=0.679 | R=0.683
topic      | F1=0.859 | Acc=0.858 | P=0.881 | R=0.846
action     | F1=0.730 | Acc=0.845 | P=0.843 | R=0.714
------------------------------------------------------------
✅ Overall Avg | F1=0.801 | Acc=0.882 | P=0.837 | R=0.794

✅ Epoch 15 | Loss=0.2678 | F1(avg)=0.801 | Sent=0.937 | Urg=0.679 | Top=0.859 | Act=0.730
bert_base_lr2e-5_uf2 Epoch 16/50: 100%|█████████████████████████████████████████| 20/20 [00:02<00:00,  8.63it/s]

📊 Validation Results (Per Task)
------------------------------------------------------------
sentiment  | F1=0.936 | Acc=0.948 | P=0.952 | R=0.931
urgency    | F1=0.679 | Acc=0.877 | P=0.679 | R=0.683
topic      | F1=0.852 | Acc=0.852 | P=0.876 | R=0.838
action     | F1=0.748 | Acc=0.858 | P=0.857 | R=0.735
------------------------------------------------------------
✅ Overall Avg | F1=0.804 | Acc=0.884 | P=0.841 | R=0.797

✅ Epoch 16 | Loss=0.2573 | F1(avg)=0.804 | Sent=0.936 | Urg=0.679 | Top=0.852 | Act=0.748
bert_base_lr2e-5_uf2 Epoch 17/50: 100%|█████████████████████████████████████████| 20/20 [00:02<00:00,  8.63it/s]

📊 Validation Results (Per Task)
------------------------------------------------------------
sentiment  | F1=0.928 | Acc=0.942 | P=0.947 | R=0.921
urgency    | F1=0.741 | Acc=0.890 | P=0.735 | R=0.750
topic      | F1=0.852 | Acc=0.852 | P=0.876 | R=0.838
action     | F1=0.730 | Acc=0.845 | P=0.843 | R=0.714
------------------------------------------------------------
✅ Overall Avg | F1=0.813 | Acc=0.882 | P=0.850 | R=0.806

✅ Epoch 17 | Loss=0.2521 | F1(avg)=0.813 | Sent=0.928 | Urg=0.741 | Top=0.852 | Act=0.730
bert_base_lr2e-5_uf2 Epoch 18/50: 100%|█████████████████████████████████████████| 20/20 [00:02<00:00,  8.63it/s]

📊 Validation Results (Per Task)
------------------------------------------------------------
sentiment  | F1=0.928 | Acc=0.942 | P=0.947 | R=0.921
urgency    | F1=0.712 | Acc=0.884 | P=0.709 | R=0.717
topic      | F1=0.875 | Acc=0.871 | P=0.888 | R=0.868
action     | F1=0.748 | Acc=0.858 | P=0.857 | R=0.735
------------------------------------------------------------
✅ Overall Avg | F1=0.816 | Acc=0.889 | P=0.850 | R=0.810

✅ Epoch 18 | Loss=0.2389 | F1(avg)=0.816 | Sent=0.928 | Urg=0.712 | Top=0.875 | Act=0.748
bert_base_lr2e-5_uf2 Epoch 19/50: 100%|█████████████████████████████████████████| 20/20 [00:02<00:00,  8.65it/s]

📊 Validation Results (Per Task)
------------------------------------------------------------
sentiment  | F1=0.961 | Acc=0.968 | P=0.968 | R=0.958
urgency    | F1=0.712 | Acc=0.884 | P=0.709 | R=0.717
topic      | F1=0.875 | Acc=0.871 | P=0.888 | R=0.868
action     | F1=0.751 | Acc=0.858 | P=0.864 | R=0.739
------------------------------------------------------------
✅ Overall Avg | F1=0.825 | Acc=0.895 | P=0.857 | R=0.820

✅ Epoch 19 | Loss=0.2233 | F1(avg)=0.825 | Sent=0.961 | Urg=0.712 | Top=0.875 | Act=0.751
bert_base_lr2e-5_uf2 Epoch 20/50: 100%|█████████████████████████████████████████| 20/20 [00:02<00:00,  8.66it/s]

📊 Validation Results (Per Task)
------------------------------------------------------------
sentiment  | F1=0.936 | Acc=0.948 | P=0.952 | R=0.931
urgency    | F1=0.686 | Acc=0.884 | P=0.689 | R=0.689
topic      | F1=0.875 | Acc=0.871 | P=0.888 | R=0.868
action     | F1=0.748 | Acc=0.858 | P=0.857 | R=0.735
------------------------------------------------------------
✅ Overall Avg | F1=0.811 | Acc=0.890 | P=0.846 | R=0.806

✅ Epoch 20 | Loss=0.2196 | F1(avg)=0.811 | Sent=0.936 | Urg=0.686 | Top=0.875 | Act=0.748
bert_base_lr2e-5_uf2 Epoch 21/50: 100%|█████████████████████████████████████████| 20/20 [00:02<00:00,  8.62it/s]

📊 Validation Results (Per Task)
------------------------------------------------------------
sentiment  | F1=0.953 | Acc=0.961 | P=0.962 | R=0.949
urgency    | F1=0.720 | Acc=0.890 | P=0.721 | R=0.723
topic      | F1=0.869 | Acc=0.865 | P=0.884 | R=0.861
action     | F1=0.758 | Acc=0.865 | P=0.869 | R=0.745
------------------------------------------------------------
✅ Overall Avg | F1=0.825 | Acc=0.895 | P=0.859 | R=0.819

✅ Epoch 21 | Loss=0.2105 | F1(avg)=0.825 | Sent=0.953 | Urg=0.720 | Top=0.869 | Act=0.758
bert_base_lr2e-5_uf2 Epoch 22/50: 100%|█████████████████████████████████████████| 20/20 [00:02<00:00,  8.62it/s]

📊 Validation Results (Per Task)
------------------------------------------------------------
sentiment  | F1=0.953 | Acc=0.961 | P=0.962 | R=0.949
urgency    | F1=0.768 | Acc=0.897 | P=0.757 | R=0.783
topic      | F1=0.875 | Acc=0.871 | P=0.888 | R=0.868
action     | F1=0.758 | Acc=0.865 | P=0.869 | R=0.745
------------------------------------------------------------
✅ Overall Avg | F1=0.839 | Acc=0.898 | P=0.869 | R=0.837

✅ Epoch 22 | Loss=0.1954 | F1(avg)=0.839 | Sent=0.953 | Urg=0.768 | Top=0.875 | Act=0.758
bert_base_lr2e-5_uf2 Epoch 23/50: 100%|█████████████████████████████████████████| 20/20 [00:02<00:00,  8.62it/s]

📊 Validation Results (Per Task)
------------------------------------------------------------
sentiment  | F1=0.953 | Acc=0.961 | P=0.962 | R=0.949
urgency    | F1=0.728 | Acc=0.897 | P=0.735 | R=0.726
topic      | F1=0.875 | Acc=0.871 | P=0.888 | R=0.868
action     | F1=0.758 | Acc=0.865 | P=0.869 | R=0.745
------------------------------------------------------------
✅ Overall Avg | F1=0.829 | Acc=0.898 | P=0.864 | R=0.822

✅ Epoch 23 | Loss=0.1940 | F1(avg)=0.829 | Sent=0.953 | Urg=0.728 | Top=0.875 | Act=0.758
bert_base_lr2e-5_uf2 Epoch 24/50: 100%|█████████████████████████████████████████| 20/20 [00:02<00:00,  8.62it/s]

📊 Validation Results (Per Task)
------------------------------------------------------------
sentiment  | F1=0.953 | Acc=0.961 | P=0.962 | R=0.949
urgency    | F1=0.768 | Acc=0.897 | P=0.757 | R=0.783
topic      | F1=0.861 | Acc=0.858 | P=0.876 | R=0.853
action     | F1=0.758 | Acc=0.865 | P=0.869 | R=0.745
------------------------------------------------------------
✅ Overall Avg | F1=0.835 | Acc=0.895 | P=0.866 | R=0.833

✅ Epoch 24 | Loss=0.1883 | F1(avg)=0.835 | Sent=0.953 | Urg=0.768 | Top=0.861 | Act=0.758
bert_base_lr2e-5_uf2 Epoch 25/50: 100%|█████████████████████████████████████████| 20/20 [00:02<00:00,  8.61it/s]

📊 Validation Results (Per Task)
------------------------------------------------------------
sentiment  | F1=0.953 | Acc=0.961 | P=0.962 | R=0.949
urgency    | F1=0.741 | Acc=0.890 | P=0.735 | R=0.750
topic      | F1=0.875 | Acc=0.871 | P=0.888 | R=0.868
action     | F1=0.758 | Acc=0.865 | P=0.869 | R=0.745
------------------------------------------------------------
✅ Overall Avg | F1=0.832 | Acc=0.897 | P=0.863 | R=0.828

✅ Epoch 25 | Loss=0.1765 | F1(avg)=0.832 | Sent=0.953 | Urg=0.741 | Top=0.875 | Act=0.758
bert_base_lr2e-5_uf2 Epoch 26/50: 100%|█████████████████████████████████████████| 20/20 [00:02<00:00,  8.60it/s]

📊 Validation Results (Per Task)
------------------------------------------------------------
sentiment  | F1=0.953 | Acc=0.961 | P=0.962 | R=0.949
urgency    | F1=0.768 | Acc=0.897 | P=0.757 | R=0.783
topic      | F1=0.888 | Acc=0.884 | P=0.903 | R=0.883
action     | F1=0.758 | Acc=0.865 | P=0.869 | R=0.745
------------------------------------------------------------
✅ Overall Avg | F1=0.842 | Acc=0.902 | P=0.873 | R=0.840

✅ Epoch 26 | Loss=0.1715 | F1(avg)=0.842 | Sent=0.953 | Urg=0.768 | Top=0.888 | Act=0.758
bert_base_lr2e-5_uf2 Epoch 27/50: 100%|█████████████████████████████████████████| 20/20 [00:02<00:00,  8.63it/s]

📊 Validation Results (Per Task)
------------------------------------------------------------
sentiment  | F1=0.953 | Acc=0.961 | P=0.962 | R=0.949
urgency    | F1=0.749 | Acc=0.897 | P=0.747 | R=0.754
topic      | F1=0.875 | Acc=0.871 | P=0.888 | R=0.868
action     | F1=0.758 | Acc=0.865 | P=0.869 | R=0.745
------------------------------------------------------------
✅ Overall Avg | F1=0.834 | Acc=0.898 | P=0.867 | R=0.829

✅ Epoch 27 | Loss=0.1673 | F1(avg)=0.834 | Sent=0.953 | Urg=0.749 | Top=0.875 | Act=0.758
bert_base_lr2e-5_uf2 Epoch 28/50: 100%|█████████████████████████████████████████| 20/20 [00:02<00:00,  8.65it/s]

📊 Validation Results (Per Task)
------------------------------------------------------------
sentiment  | F1=0.953 | Acc=0.961 | P=0.962 | R=0.949
urgency    | F1=0.768 | Acc=0.897 | P=0.757 | R=0.783
topic      | F1=0.868 | Acc=0.865 | P=0.880 | R=0.861
action     | F1=0.752 | Acc=0.858 | P=0.860 | R=0.739
------------------------------------------------------------
✅ Overall Avg | F1=0.835 | Acc=0.895 | P=0.865 | R=0.833

✅ Epoch 28 | Loss=0.1642 | F1(avg)=0.835 | Sent=0.953 | Urg=0.768 | Top=0.868 | Act=0.752
bert_base_lr2e-5_uf2 Epoch 29/50: 100%|█████████████████████████████████████████| 20/20 [00:02<00:00,  8.60it/s]

📊 Validation Results (Per Task)
------------------------------------------------------------
sentiment  | F1=0.953 | Acc=0.961 | P=0.962 | R=0.949
urgency    | F1=0.768 | Acc=0.897 | P=0.757 | R=0.783
topic      | F1=0.861 | Acc=0.858 | P=0.876 | R=0.853
action     | F1=0.799 | Acc=0.871 | P=0.871 | R=0.779
------------------------------------------------------------
✅ Overall Avg | F1=0.845 | Acc=0.897 | P=0.866 | R=0.841

✅ Epoch 29 | Loss=0.1595 | F1(avg)=0.845 | Sent=0.953 | Urg=0.768 | Top=0.861 | Act=0.799
bert_base_lr2e-5_uf2 Epoch 30/50: 100%|█████████████████████████████████████████| 20/20 [00:02<00:00,  8.61it/s]

📊 Validation Results (Per Task)
------------------------------------------------------------
sentiment  | F1=0.953 | Acc=0.961 | P=0.962 | R=0.949
urgency    | F1=0.751 | Acc=0.897 | P=0.748 | R=0.756
topic      | F1=0.875 | Acc=0.871 | P=0.888 | R=0.868
action     | F1=0.799 | Acc=0.871 | P=0.871 | R=0.779
------------------------------------------------------------
✅ Overall Avg | F1=0.844 | Acc=0.900 | P=0.867 | R=0.838

✅ Epoch 30 | Loss=0.1513 | F1(avg)=0.844 | Sent=0.953 | Urg=0.751 | Top=0.875 | Act=0.799
bert_base_lr2e-5_uf2 Epoch 31/50: 100%|█████████████████████████████████████████| 20/20 [00:02<00:00,  8.58it/s]

📊 Validation Results (Per Task)
------------------------------------------------------------
sentiment  | F1=0.953 | Acc=0.961 | P=0.962 | R=0.949
urgency    | F1=0.753 | Acc=0.884 | P=0.741 | R=0.771
topic      | F1=0.868 | Acc=0.865 | P=0.880 | R=0.861
action     | F1=0.793 | Acc=0.865 | P=0.862 | R=0.773
------------------------------------------------------------
✅ Overall Avg | F1=0.842 | Acc=0.894 | P=0.861 | R=0.838

✅ Epoch 31 | Loss=0.1505 | F1(avg)=0.842 | Sent=0.953 | Urg=0.753 | Top=0.868 | Act=0.793
bert_base_lr2e-5_uf2 Epoch 32/50: 100%|█████████████████████████████████████████| 20/20 [00:02<00:00,  8.58it/s]

📊 Validation Results (Per Task)
------------------------------------------------------------
sentiment  | F1=0.953 | Acc=0.961 | P=0.962 | R=0.949
urgency    | F1=0.779 | Acc=0.903 | P=0.770 | R=0.789
topic      | F1=0.868 | Acc=0.865 | P=0.880 | R=0.861
action     | F1=0.793 | Acc=0.865 | P=0.862 | R=0.773
------------------------------------------------------------
✅ Overall Avg | F1=0.848 | Acc=0.898 | P=0.869 | R=0.843

✅ Epoch 32 | Loss=0.1508 | F1(avg)=0.848 | Sent=0.953 | Urg=0.779 | Top=0.868 | Act=0.793
bert_base_lr2e-5_uf2 Epoch 33/50: 100%|█████████████████████████████████████████| 20/20 [00:02<00:00,  8.58it/s]

📊 Validation Results (Per Task)
------------------------------------------------------------
sentiment  | F1=0.953 | Acc=0.961 | P=0.962 | R=0.949
urgency    | F1=0.789 | Acc=0.910 | P=0.786 | R=0.793
topic      | F1=0.868 | Acc=0.865 | P=0.880 | R=0.861
action     | F1=0.793 | Acc=0.865 | P=0.862 | R=0.773
------------------------------------------------------------
✅ Overall Avg | F1=0.850 | Acc=0.900 | P=0.873 | R=0.844

✅ Epoch 33 | Loss=0.1430 | F1(avg)=0.850 | Sent=0.953 | Urg=0.789 | Top=0.868 | Act=0.793
bert_base_lr2e-5_uf2 Epoch 34/50: 100%|█████████████████████████████████████████| 20/20 [00:02<00:00,  8.58it/s]

📊 Validation Results (Per Task)
------------------------------------------------------------
sentiment  | F1=0.953 | Acc=0.961 | P=0.962 | R=0.949
urgency    | F1=0.768 | Acc=0.897 | P=0.757 | R=0.783
topic      | F1=0.861 | Acc=0.858 | P=0.876 | R=0.853
action     | F1=0.793 | Acc=0.865 | P=0.862 | R=0.773
------------------------------------------------------------
✅ Overall Avg | F1=0.844 | Acc=0.895 | P=0.864 | R=0.839

✅ Epoch 34 | Loss=0.1413 | F1(avg)=0.844 | Sent=0.953 | Urg=0.768 | Top=0.861 | Act=0.793
bert_base_lr2e-5_uf2 Epoch 35/50: 100%|█████████████████████████████████████████| 20/20 [00:02<00:00,  8.61it/s]

📊 Validation Results (Per Task)
------------------------------------------------------------
sentiment  | F1=0.953 | Acc=0.961 | P=0.962 | R=0.949
urgency    | F1=0.789 | Acc=0.910 | P=0.786 | R=0.793
topic      | F1=0.868 | Acc=0.865 | P=0.880 | R=0.861
action     | F1=0.793 | Acc=0.865 | P=0.862 | R=0.773
------------------------------------------------------------
✅ Overall Avg | F1=0.850 | Acc=0.900 | P=0.873 | R=0.844

✅ Epoch 35 | Loss=0.1420 | F1(avg)=0.850 | Sent=0.953 | Urg=0.789 | Top=0.868 | Act=0.793
bert_base_lr2e-5_uf2 Epoch 36/50: 100%|█████████████████████████████████████████| 20/20 [00:02<00:00,  8.63it/s]

📊 Validation Results (Per Task)
------------------------------------------------------------
sentiment  | F1=0.953 | Acc=0.961 | P=0.962 | R=0.949
urgency    | F1=0.777 | Acc=0.903 | P=0.770 | R=0.787
topic      | F1=0.868 | Acc=0.865 | P=0.880 | R=0.861
action     | F1=0.826 | Acc=0.871 | P=0.868 | R=0.806
------------------------------------------------------------
✅ Overall Avg | F1=0.856 | Acc=0.900 | P=0.870 | R=0.851

✅ Epoch 36 | Loss=0.1340 | F1(avg)=0.856 | Sent=0.953 | Urg=0.777 | Top=0.868 | Act=0.826
bert_base_lr2e-5_uf2 Epoch 37/50: 100%|█████████████████████████████████████████| 20/20 [00:02<00:00,  8.58it/s]

📊 Validation Results (Per Task)
------------------------------------------------------------
sentiment  | F1=0.953 | Acc=0.961 | P=0.962 | R=0.949
urgency    | F1=0.777 | Acc=0.903 | P=0.770 | R=0.787
topic      | F1=0.861 | Acc=0.858 | P=0.876 | R=0.853
action     | F1=0.826 | Acc=0.871 | P=0.868 | R=0.806
------------------------------------------------------------
✅ Overall Avg | F1=0.854 | Acc=0.898 | P=0.869 | R=0.849

✅ Epoch 37 | Loss=0.1332 | F1(avg)=0.854 | Sent=0.953 | Urg=0.777 | Top=0.861 | Act=0.826
bert_base_lr2e-5_uf2 Epoch 38/50: 100%|█████████████████████████████████████████| 20/20 [00:02<00:00,  8.56it/s]

📊 Validation Results (Per Task)
------------------------------------------------------------
sentiment  | F1=0.953 | Acc=0.961 | P=0.962 | R=0.949
urgency    | F1=0.777 | Acc=0.903 | P=0.770 | R=0.787
topic      | F1=0.861 | Acc=0.858 | P=0.876 | R=0.853
action     | F1=0.645 | Acc=0.865 | P=0.660 | R=0.639
------------------------------------------------------------
✅ Overall Avg | F1=0.809 | Acc=0.897 | P=0.817 | R=0.807

✅ Epoch 38 | Loss=0.1290 | F1(avg)=0.809 | Sent=0.953 | Urg=0.777 | Top=0.861 | Act=0.645
bert_base_lr2e-5_uf2 Epoch 39/50: 100%|█████████████████████████████████████████| 20/20 [00:02<00:00,  8.58it/s]

📊 Validation Results (Per Task)
------------------------------------------------------------
sentiment  | F1=0.953 | Acc=0.961 | P=0.962 | R=0.949
urgency    | F1=0.777 | Acc=0.903 | P=0.770 | R=0.787
topic      | F1=0.861 | Acc=0.858 | P=0.876 | R=0.853
action     | F1=0.645 | Acc=0.865 | P=0.660 | R=0.639
------------------------------------------------------------
✅ Overall Avg | F1=0.809 | Acc=0.897 | P=0.817 | R=0.807

✅ Epoch 39 | Loss=0.1331 | F1(avg)=0.809 | Sent=0.953 | Urg=0.777 | Top=0.861 | Act=0.645
bert_base_lr2e-5_uf2 Epoch 40/50: 100%|█████████████████████████████████████████| 20/20 [00:02<00:00,  8.58it/s]

📊 Validation Results (Per Task)
------------------------------------------------------------
sentiment  | F1=0.953 | Acc=0.961 | P=0.962 | R=0.949
urgency    | F1=0.779 | Acc=0.903 | P=0.770 | R=0.789
topic      | F1=0.861 | Acc=0.858 | P=0.876 | R=0.853
action     | F1=0.645 | Acc=0.865 | P=0.660 | R=0.639
------------------------------------------------------------
✅ Overall Avg | F1=0.809 | Acc=0.897 | P=0.817 | R=0.808

✅ Epoch 40 | Loss=0.1272 | F1(avg)=0.809 | Sent=0.953 | Urg=0.779 | Top=0.861 | Act=0.645
bert_base_lr2e-5_uf2 Epoch 41/50: 100%|█████████████████████████████████████████| 20/20 [00:02<00:00,  8.59it/s]

📊 Validation Results (Per Task)
------------------------------------------------------------
sentiment  | F1=0.953 | Acc=0.961 | P=0.962 | R=0.949
urgency    | F1=0.768 | Acc=0.897 | P=0.757 | R=0.783
topic      | F1=0.861 | Acc=0.858 | P=0.876 | R=0.853
action     | F1=0.826 | Acc=0.871 | P=0.868 | R=0.806
------------------------------------------------------------
✅ Overall Avg | F1=0.852 | Acc=0.897 | P=0.866 | R=0.848

✅ Epoch 41 | Loss=0.1306 | F1(avg)=0.852 | Sent=0.953 | Urg=0.768 | Top=0.861 | Act=0.826
bert_base_lr2e-5_uf2 Epoch 42/50: 100%|█████████████████████████████████████████| 20/20 [00:02<00:00,  8.59it/s]

📊 Validation Results (Per Task)
------------------------------------------------------------
sentiment  | F1=0.953 | Acc=0.961 | P=0.962 | R=0.949
urgency    | F1=0.758 | Acc=0.890 | P=0.746 | R=0.777
topic      | F1=0.861 | Acc=0.858 | P=0.876 | R=0.853
action     | F1=0.826 | Acc=0.871 | P=0.868 | R=0.806
------------------------------------------------------------
✅ Overall Avg | F1=0.850 | Acc=0.895 | P=0.863 | R=0.846

✅ Epoch 42 | Loss=0.1278 | F1(avg)=0.850 | Sent=0.953 | Urg=0.758 | Top=0.861 | Act=0.826
bert_base_lr2e-5_uf2 Epoch 43/50: 100%|█████████████████████████████████████████| 20/20 [00:02<00:00,  8.62it/s]

📊 Validation Results (Per Task)
------------------------------------------------------------
sentiment  | F1=0.953 | Acc=0.961 | P=0.962 | R=0.949
urgency    | F1=0.758 | Acc=0.890 | P=0.746 | R=0.777
topic      | F1=0.861 | Acc=0.858 | P=0.876 | R=0.853
action     | F1=0.826 | Acc=0.871 | P=0.868 | R=0.806
------------------------------------------------------------
✅ Overall Avg | F1=0.850 | Acc=0.895 | P=0.863 | R=0.846

✅ Epoch 43 | Loss=0.1234 | F1(avg)=0.850 | Sent=0.953 | Urg=0.758 | Top=0.861 | Act=0.826
bert_base_lr2e-5_uf2 Epoch 44/50: 100%|█████████████████████████████████████████| 20/20 [00:02<00:00,  8.63it/s]

📊 Validation Results (Per Task)
------------------------------------------------------------
sentiment  | F1=0.953 | Acc=0.961 | P=0.962 | R=0.949
urgency    | F1=0.758 | Acc=0.890 | P=0.746 | R=0.777
topic      | F1=0.861 | Acc=0.858 | P=0.876 | R=0.853
action     | F1=0.826 | Acc=0.871 | P=0.868 | R=0.806
------------------------------------------------------------
✅ Overall Avg | F1=0.850 | Acc=0.895 | P=0.863 | R=0.846

✅ Epoch 44 | Loss=0.1226 | F1(avg)=0.850 | Sent=0.953 | Urg=0.758 | Top=0.861 | Act=0.826
bert_base_lr2e-5_uf2 Epoch 45/50: 100%|█████████████████████████████████████████| 20/20 [00:02<00:00,  8.59it/s]

📊 Validation Results (Per Task)
------------------------------------------------------------
sentiment  | F1=0.953 | Acc=0.961 | P=0.962 | R=0.949
urgency    | F1=0.758 | Acc=0.890 | P=0.746 | R=0.777
topic      | F1=0.861 | Acc=0.858 | P=0.876 | R=0.853
action     | F1=0.826 | Acc=0.871 | P=0.868 | R=0.806
------------------------------------------------------------
✅ Overall Avg | F1=0.850 | Acc=0.895 | P=0.863 | R=0.846

✅ Epoch 45 | Loss=0.1240 | F1(avg)=0.850 | Sent=0.953 | Urg=0.758 | Top=0.861 | Act=0.826
bert_base_lr2e-5_uf2 Epoch 46/50: 100%|█████████████████████████████████████████| 20/20 [00:02<00:00,  8.58it/s]

📊 Validation Results (Per Task)
------------------------------------------------------------
sentiment  | F1=0.953 | Acc=0.961 | P=0.962 | R=0.949
urgency    | F1=0.768 | Acc=0.897 | P=0.757 | R=0.783
topic      | F1=0.861 | Acc=0.858 | P=0.876 | R=0.853
action     | F1=0.826 | Acc=0.871 | P=0.868 | R=0.806
------------------------------------------------------------
✅ Overall Avg | F1=0.852 | Acc=0.897 | P=0.866 | R=0.848

✅ Epoch 46 | Loss=0.1205 | F1(avg)=0.852 | Sent=0.953 | Urg=0.768 | Top=0.861 | Act=0.826
bert_base_lr2e-5_uf2 Epoch 47/50: 100%|█████████████████████████████████████████| 20/20 [00:02<00:00,  8.57it/s]

📊 Validation Results (Per Task)
------------------------------------------------------------
sentiment  | F1=0.953 | Acc=0.961 | P=0.962 | R=0.949
urgency    | F1=0.768 | Acc=0.897 | P=0.757 | R=0.783
topic      | F1=0.861 | Acc=0.858 | P=0.876 | R=0.853
action     | F1=0.826 | Acc=0.871 | P=0.868 | R=0.806
------------------------------------------------------------
✅ Overall Avg | F1=0.852 | Acc=0.897 | P=0.866 | R=0.848

✅ Epoch 47 | Loss=0.1199 | F1(avg)=0.852 | Sent=0.953 | Urg=0.768 | Top=0.861 | Act=0.826
bert_base_lr2e-5_uf2 Epoch 48/50: 100%|█████████████████████████████████████████| 20/20 [00:02<00:00,  8.59it/s]

📊 Validation Results (Per Task)
------------------------------------------------------------
sentiment  | F1=0.953 | Acc=0.961 | P=0.962 | R=0.949
urgency    | F1=0.768 | Acc=0.897 | P=0.757 | R=0.783
topic      | F1=0.861 | Acc=0.858 | P=0.876 | R=0.853
action     | F1=0.826 | Acc=0.871 | P=0.868 | R=0.806
------------------------------------------------------------
✅ Overall Avg | F1=0.852 | Acc=0.897 | P=0.866 | R=0.848

✅ Epoch 48 | Loss=0.1169 | F1(avg)=0.852 | Sent=0.953 | Urg=0.768 | Top=0.861 | Act=0.826
bert_base_lr2e-5_uf2 Epoch 49/50: 100%|█████████████████████████████████████████| 20/20 [00:02<00:00,  8.58it/s]

📊 Validation Results (Per Task)
------------------------------------------------------------
sentiment  | F1=0.953 | Acc=0.961 | P=0.962 | R=0.949
urgency    | F1=0.768 | Acc=0.897 | P=0.757 | R=0.783
topic      | F1=0.861 | Acc=0.858 | P=0.876 | R=0.853
action     | F1=0.826 | Acc=0.871 | P=0.868 | R=0.806
------------------------------------------------------------
✅ Overall Avg | F1=0.852 | Acc=0.897 | P=0.866 | R=0.848

✅ Epoch 49 | Loss=0.1232 | F1(avg)=0.852 | Sent=0.953 | Urg=0.768 | Top=0.861 | Act=0.826
bert_base_lr2e-5_uf2 Epoch 50/50: 100%|█████████████████████████████████████████| 20/20 [00:02<00:00,  8.39it/s]

📊 Validation Results (Per Task)
------------------------------------------------------------
sentiment  | F1=0.953 | Acc=0.961 | P=0.962 | R=0.949
urgency    | F1=0.768 | Acc=0.897 | P=0.757 | R=0.783
topic      | F1=0.861 | Acc=0.858 | P=0.876 | R=0.853
action     | F1=0.826 | Acc=0.871 | P=0.868 | R=0.806
------------------------------------------------------------
✅ Overall Avg | F1=0.852 | Acc=0.897 | P=0.866 | R=0.848

✅ Epoch 50 | Loss=0.1159 | F1(avg)=0.852 | Sent=0.953 | Urg=0.768 | Top=0.861 | Act=0.826
