2025-11-13 18:04:06,706 INFO    MainThread:615733 [wandb_init.py:setup_run_log_directory():705] Logging user logs to /home/700050058/project_feedback_analyzer/wandb/run-20251113_180406-0rsp3z8x/logs/debug.log
2025-11-13 18:04:06,706 INFO    MainThread:615733 [wandb_init.py:setup_run_log_directory():706] Logging internal logs to /home/700050058/project_feedback_analyzer/wandb/run-20251113_180406-0rsp3z8x/logs/debug-internal.log
2025-11-13 18:04:06,707 INFO    MainThread:615733 [wandb_init.py:init():832] calling init triggers
2025-11-13 18:04:06,707 INFO    MainThread:615733 [wandb_init.py:init():837] wandb.init called with sweep_config: {}
config: {'model_name': 'distilbert-base-uncased', 'exp_name': 'distilbase_lr2e-5_uf2', 'lr': 2e-05, 'epochs': 50, 'unfreeze_layers': 2, 'use_rule': True, '_wandb': {}}
2025-11-13 18:04:06,707 INFO    MainThread:615733 [wandb_init.py:init():880] starting backend
2025-11-13 18:04:06,707 INFO    MainThread:615733 [wandb_init.py:init():883] sending inform_init request
2025-11-13 18:04:06,710 INFO    MainThread:615733 [wandb_init.py:init():891] backend started and connected
2025-11-13 18:04:06,714 INFO    MainThread:615733 [wandb_init.py:init():961] updated telemetry
2025-11-13 18:04:06,715 INFO    MainThread:615733 [wandb_init.py:init():985] communicating run to backend with 90.0 second timeout
2025-11-13 18:04:07,466 INFO    MainThread:615733 [wandb_init.py:init():1036] starting run threads in backend
2025-11-13 18:04:07,697 INFO    MainThread:615733 [wandb_run.py:_console_start():2506] atexit reg
2025-11-13 18:04:07,697 INFO    MainThread:615733 [wandb_run.py:_redirect():2354] redirect: wrap_raw
2025-11-13 18:04:07,697 INFO    MainThread:615733 [wandb_run.py:_redirect():2423] Wrapping output streams.
2025-11-13 18:04:07,697 INFO    MainThread:615733 [wandb_run.py:_redirect():2446] Redirects installed.
2025-11-13 18:04:07,699 INFO    MainThread:615733 [wandb_init.py:init():1076] run started, returning control to user process
2025-11-13 18:04:08,972 INFO    MainThread:615733 [wandb_watch.py:_watch():68] Watching
2025-11-13 18:05:27,434 INFO    MainThread:615733 [wandb_run.py:_finish():2272] finishing run mjc030225-npu/FeedbackAnalyzer/0rsp3z8x
2025-11-13 18:05:27,434 INFO    MainThread:615733 [wandb_run.py:_atexit_cleanup():2471] got exitcode: 0
2025-11-13 18:05:27,435 INFO    MainThread:615733 [wandb_run.py:_restore():2453] restore
2025-11-13 18:05:27,435 INFO    MainThread:615733 [wandb_run.py:_restore():2459] restore done
2025-11-13 18:05:29,799 INFO    MainThread:615733 [wandb_run.py:_footer_sync_info():3869] logging synced files
