Use device:cuda
bert_base_lr2e-5_uf2 Epoch 1/50: 100%|██████████████████████████████████████████| 20/20 [00:02<00:00,  8.02it/s]

📊 Validation Results (Per Task)
------------------------------------------------------------
sentiment  | F1=0.211 | Acc=0.465 | P=0.155 | R=0.333
urgency    | F1=0.324 | Acc=0.619 | P=0.534 | R=0.375
topic      | F1=0.159 | Acc=0.297 | P=0.225 | R=0.201
action     | F1=0.113 | Acc=0.503 | P=0.086 | R=0.163
------------------------------------------------------------
✅ Overall Avg | F1=0.202 | Acc=0.471 | P=0.250 | R=0.268

✅ Epoch 1 | Loss=1.4363 | F1(avg)=0.202 | Sent=0.211 | Urg=0.324 | Top=0.159 | Act=0.113
bert_base_lr2e-5_uf2 Epoch 2/50: 100%|██████████████████████████████████████████| 20/20 [00:02<00:00,  8.66it/s]

📊 Validation Results (Per Task)
------------------------------------------------------------
sentiment  | F1=0.473 | Acc=0.619 | P=0.763 | R=0.510
urgency    | F1=0.508 | Acc=0.768 | P=0.540 | R=0.514
topic      | F1=0.363 | Acc=0.484 | P=0.373 | R=0.386
action     | F1=0.113 | Acc=0.516 | P=0.086 | R=0.167
------------------------------------------------------------
✅ Overall Avg | F1=0.364 | Acc=0.597 | P=0.440 | R=0.394

✅ Epoch 2 | Loss=1.2415 | F1(avg)=0.364 | Sent=0.473 | Urg=0.508 | Top=0.363 | Act=0.113
bert_base_lr2e-5_uf2 Epoch 3/50: 100%|██████████████████████████████████████████| 20/20 [00:02<00:00,  8.64it/s]

📊 Validation Results (Per Task)
------------------------------------------------------------
sentiment  | F1=0.780 | Acc=0.819 | P=0.846 | R=0.765
urgency    | F1=0.589 | Acc=0.865 | P=0.571 | R=0.608
topic      | F1=0.531 | Acc=0.671 | P=0.491 | R=0.588
action     | F1=0.273 | Acc=0.658 | P=0.334 | R=0.300
------------------------------------------------------------
✅ Overall Avg | F1=0.543 | Acc=0.753 | P=0.561 | R=0.565

✅ Epoch 3 | Loss=1.0712 | F1(avg)=0.543 | Sent=0.780 | Urg=0.589 | Top=0.531 | Act=0.273
bert_base_lr2e-5_uf2 Epoch 4/50: 100%|██████████████████████████████████████████| 20/20 [00:02<00:00,  8.66it/s]

📊 Validation Results (Per Task)
------------------------------------------------------------
sentiment  | F1=0.842 | Acc=0.877 | P=0.900 | R=0.836
urgency    | F1=0.594 | Acc=0.871 | P=0.573 | R=0.616
topic      | F1=0.639 | Acc=0.735 | P=0.688 | R=0.653
action     | F1=0.309 | Acc=0.703 | P=0.339 | R=0.343
------------------------------------------------------------
✅ Overall Avg | F1=0.596 | Acc=0.797 | P=0.625 | R=0.612

✅ Epoch 4 | Loss=0.8974 | F1(avg)=0.596 | Sent=0.842 | Urg=0.594 | Top=0.639 | Act=0.309
bert_base_lr2e-5_uf2 Epoch 5/50: 100%|██████████████████████████████████████████| 20/20 [00:02<00:00,  8.66it/s]

📊 Validation Results (Per Task)
------------------------------------------------------------
sentiment  | F1=0.847 | Acc=0.884 | P=0.883 | R=0.842
urgency    | F1=0.611 | Acc=0.890 | P=0.591 | R=0.636
topic      | F1=0.706 | Acc=0.755 | P=0.809 | R=0.699
action     | F1=0.364 | Acc=0.755 | P=0.385 | R=0.394
------------------------------------------------------------
✅ Overall Avg | F1=0.632 | Acc=0.821 | P=0.667 | R=0.643

✅ Epoch 5 | Loss=0.7405 | F1(avg)=0.632 | Sent=0.847 | Urg=0.611 | Top=0.706 | Act=0.364
bert_base_lr2e-5_uf2 Epoch 6/50: 100%|██████████████████████████████████████████| 20/20 [00:02<00:00,  8.66it/s]

📊 Validation Results (Per Task)
------------------------------------------------------------
sentiment  | F1=0.855 | Acc=0.890 | P=0.898 | R=0.849
urgency    | F1=0.667 | Acc=0.890 | P=0.919 | R=0.663
topic      | F1=0.760 | Acc=0.774 | P=0.816 | R=0.742
action     | F1=0.384 | Acc=0.774 | P=0.372 | R=0.419
------------------------------------------------------------
✅ Overall Avg | F1=0.666 | Acc=0.832 | P=0.751 | R=0.668

✅ Epoch 6 | Loss=0.6378 | F1(avg)=0.666 | Sent=0.855 | Urg=0.667 | Top=0.760 | Act=0.384
bert_base_lr2e-5_uf2 Epoch 7/50: 100%|██████████████████████████████████████████| 20/20 [00:02<00:00,  8.71it/s]

📊 Validation Results (Per Task)
------------------------------------------------------------
sentiment  | F1=0.864 | Acc=0.897 | P=0.903 | R=0.859
urgency    | F1=0.666 | Acc=0.897 | P=0.709 | R=0.669
topic      | F1=0.797 | Acc=0.806 | P=0.833 | R=0.782
action     | F1=0.413 | Acc=0.787 | P=0.460 | R=0.440
------------------------------------------------------------
✅ Overall Avg | F1=0.685 | Acc=0.847 | P=0.726 | R=0.688

✅ Epoch 7 | Loss=0.5539 | F1(avg)=0.685 | Sent=0.864 | Urg=0.666 | Top=0.797 | Act=0.413
bert_base_lr2e-5_uf2 Epoch 8/50: 100%|██████████████████████████████████████████| 20/20 [00:02<00:00,  8.65it/s]

📊 Validation Results (Per Task)
------------------------------------------------------------
sentiment  | F1=0.884 | Acc=0.910 | P=0.913 | R=0.877
urgency    | F1=0.700 | Acc=0.897 | P=0.717 | R=0.697
topic      | F1=0.809 | Acc=0.813 | P=0.836 | R=0.796
action     | F1=0.454 | Acc=0.806 | P=0.489 | R=0.468
------------------------------------------------------------
✅ Overall Avg | F1=0.712 | Acc=0.856 | P=0.739 | R=0.710

✅ Epoch 8 | Loss=0.4888 | F1(avg)=0.712 | Sent=0.884 | Urg=0.700 | Top=0.809 | Act=0.454
bert_base_lr2e-5_uf2 Epoch 9/50: 100%|██████████████████████████████████████████| 20/20 [00:02<00:00,  8.66it/s]

📊 Validation Results (Per Task)
------------------------------------------------------------
sentiment  | F1=0.900 | Acc=0.923 | P=0.932 | R=0.894
urgency    | F1=0.685 | Acc=0.884 | P=0.688 | R=0.685
topic      | F1=0.820 | Acc=0.826 | P=0.848 | R=0.806
action     | F1=0.483 | Acc=0.819 | P=0.505 | R=0.489
------------------------------------------------------------
✅ Overall Avg | F1=0.722 | Acc=0.863 | P=0.743 | R=0.718

✅ Epoch 9 | Loss=0.4317 | F1(avg)=0.722 | Sent=0.900 | Urg=0.685 | Top=0.820 | Act=0.483
bert_base_lr2e-5_uf2 Epoch 10/50: 100%|█████████████████████████████████████████| 20/20 [00:02<00:00,  8.66it/s]

📊 Validation Results (Per Task)
------------------------------------------------------------
sentiment  | F1=0.900 | Acc=0.923 | P=0.932 | R=0.894
urgency    | F1=0.697 | Acc=0.897 | P=0.705 | R=0.697
topic      | F1=0.820 | Acc=0.826 | P=0.848 | R=0.806
action     | F1=0.494 | Acc=0.826 | P=0.513 | R=0.499
------------------------------------------------------------
✅ Overall Avg | F1=0.728 | Acc=0.868 | P=0.750 | R=0.724

✅ Epoch 10 | Loss=0.3946 | F1(avg)=0.728 | Sent=0.900 | Urg=0.697 | Top=0.820 | Act=0.494
bert_base_lr2e-5_uf2 Epoch 11/50: 100%|█████████████████████████████████████████| 20/20 [00:02<00:00,  8.66it/s]

📊 Validation Results (Per Task)
------------------------------------------------------------
sentiment  | F1=0.919 | Acc=0.935 | P=0.942 | R=0.912
urgency    | F1=0.697 | Acc=0.897 | P=0.705 | R=0.697
topic      | F1=0.814 | Acc=0.819 | P=0.842 | R=0.800
action     | F1=0.494 | Acc=0.826 | P=0.513 | R=0.499
------------------------------------------------------------
✅ Overall Avg | F1=0.731 | Acc=0.869 | P=0.751 | R=0.727

✅ Epoch 11 | Loss=0.3608 | F1(avg)=0.731 | Sent=0.919 | Urg=0.697 | Top=0.814 | Act=0.494
bert_base_lr2e-5_uf2 Epoch 12/50: 100%|█████████████████████████████████████████| 20/20 [00:02<00:00,  8.66it/s]

📊 Validation Results (Per Task)
------------------------------------------------------------
sentiment  | F1=0.910 | Acc=0.929 | P=0.937 | R=0.903
urgency    | F1=0.691 | Acc=0.890 | P=0.693 | R=0.693
topic      | F1=0.832 | Acc=0.839 | P=0.862 | R=0.817
action     | F1=0.507 | Acc=0.832 | P=0.526 | R=0.509
------------------------------------------------------------
✅ Overall Avg | F1=0.735 | Acc=0.873 | P=0.754 | R=0.731

✅ Epoch 12 | Loss=0.3336 | F1(avg)=0.735 | Sent=0.910 | Urg=0.691 | Top=0.832 | Act=0.507
bert_base_lr2e-5_uf2 Epoch 13/50: 100%|█████████████████████████████████████████| 20/20 [00:02<00:00,  8.65it/s]

📊 Validation Results (Per Task)
------------------------------------------------------------
sentiment  | F1=0.919 | Acc=0.935 | P=0.942 | R=0.912
urgency    | F1=0.697 | Acc=0.897 | P=0.705 | R=0.697
topic      | F1=0.833 | Acc=0.839 | P=0.859 | R=0.819
action     | F1=0.553 | Acc=0.839 | P=0.602 | R=0.543
------------------------------------------------------------
✅ Overall Avg | F1=0.750 | Acc=0.877 | P=0.777 | R=0.743

✅ Epoch 13 | Loss=0.3113 | F1(avg)=0.750 | Sent=0.919 | Urg=0.697 | Top=0.833 | Act=0.553
bert_base_lr2e-5_uf2 Epoch 14/50: 100%|█████████████████████████████████████████| 20/20 [00:02<00:00,  8.68it/s]

📊 Validation Results (Per Task)
------------------------------------------------------------
sentiment  | F1=0.919 | Acc=0.935 | P=0.942 | R=0.912
urgency    | F1=0.693 | Acc=0.890 | P=0.701 | R=0.693
topic      | F1=0.834 | Acc=0.839 | P=0.859 | R=0.820
action     | F1=0.551 | Acc=0.839 | P=0.595 | R=0.543
------------------------------------------------------------
✅ Overall Avg | F1=0.749 | Acc=0.876 | P=0.774 | R=0.742

✅ Epoch 14 | Loss=0.2985 | F1(avg)=0.749 | Sent=0.919 | Urg=0.693 | Top=0.834 | Act=0.551
bert_base_lr2e-5_uf2 Epoch 15/50: 100%|█████████████████████████████████████████| 20/20 [00:02<00:00,  8.69it/s]

📊 Validation Results (Per Task)
------------------------------------------------------------
sentiment  | F1=0.928 | Acc=0.942 | P=0.947 | R=0.921
urgency    | F1=0.749 | Acc=0.897 | P=0.747 | R=0.754
topic      | F1=0.834 | Acc=0.839 | P=0.859 | R=0.820
action     | F1=0.540 | Acc=0.832 | P=0.566 | R=0.536
------------------------------------------------------------
✅ Overall Avg | F1=0.763 | Acc=0.877 | P=0.780 | R=0.758

✅ Epoch 15 | Loss=0.2751 | F1(avg)=0.763 | Sent=0.928 | Urg=0.749 | Top=0.834 | Act=0.540
bert_base_lr2e-5_uf2 Epoch 16/50: 100%|█████████████████████████████████████████| 20/20 [00:02<00:00,  8.66it/s]

📊 Validation Results (Per Task)
------------------------------------------------------------
sentiment  | F1=0.928 | Acc=0.942 | P=0.947 | R=0.921
urgency    | F1=0.751 | Acc=0.897 | P=0.748 | R=0.756
topic      | F1=0.839 | Acc=0.845 | P=0.867 | R=0.824
action     | F1=0.565 | Acc=0.845 | P=0.585 | R=0.561
------------------------------------------------------------
✅ Overall Avg | F1=0.770 | Acc=0.882 | P=0.787 | R=0.766

✅ Epoch 16 | Loss=0.2669 | F1(avg)=0.770 | Sent=0.928 | Urg=0.751 | Top=0.839 | Act=0.565
bert_base_lr2e-5_uf2 Epoch 17/50: 100%|█████████████████████████████████████████| 20/20 [00:02<00:00,  8.65it/s]

📊 Validation Results (Per Task)
------------------------------------------------------------
sentiment  | F1=0.928 | Acc=0.942 | P=0.947 | R=0.921
urgency    | F1=0.758 | Acc=0.890 | P=0.746 | R=0.777
topic      | F1=0.845 | Acc=0.845 | P=0.863 | R=0.835
action     | F1=0.555 | Acc=0.839 | P=0.578 | R=0.551
------------------------------------------------------------
✅ Overall Avg | F1=0.772 | Acc=0.879 | P=0.783 | R=0.771

✅ Epoch 17 | Loss=0.2444 | F1(avg)=0.772 | Sent=0.928 | Urg=0.758 | Top=0.845 | Act=0.555
bert_base_lr2e-5_uf2 Epoch 18/50: 100%|█████████████████████████████████████████| 20/20 [00:02<00:00,  8.65it/s]

📊 Validation Results (Per Task)
------------------------------------------------------------
sentiment  | F1=0.936 | Acc=0.948 | P=0.952 | R=0.931
urgency    | F1=0.771 | Acc=0.910 | P=0.782 | R=0.766
topic      | F1=0.850 | Acc=0.852 | P=0.870 | R=0.838
action     | F1=0.565 | Acc=0.845 | P=0.585 | R=0.561
------------------------------------------------------------
✅ Overall Avg | F1=0.780 | Acc=0.889 | P=0.797 | R=0.774

✅ Epoch 18 | Loss=0.2386 | F1(avg)=0.780 | Sent=0.936 | Urg=0.771 | Top=0.850 | Act=0.565
bert_base_lr2e-5_uf2 Epoch 19/50: 100%|█████████████████████████████████████████| 20/20 [00:02<00:00,  8.65it/s]

📊 Validation Results (Per Task)
------------------------------------------------------------
sentiment  | F1=0.936 | Acc=0.948 | P=0.952 | R=0.931
urgency    | F1=0.773 | Acc=0.903 | P=0.762 | R=0.787
topic      | F1=0.850 | Acc=0.852 | P=0.870 | R=0.838
action     | F1=0.574 | Acc=0.852 | P=0.592 | R=0.572
------------------------------------------------------------
✅ Overall Avg | F1=0.783 | Acc=0.889 | P=0.794 | R=0.782

✅ Epoch 19 | Loss=0.2260 | F1(avg)=0.783 | Sent=0.936 | Urg=0.773 | Top=0.850 | Act=0.574
bert_base_lr2e-5_uf2 Epoch 20/50: 100%|█████████████████████████████████████████| 20/20 [00:02<00:00,  8.65it/s]

📊 Validation Results (Per Task)
------------------------------------------------------------
sentiment  | F1=0.936 | Acc=0.948 | P=0.952 | R=0.931
urgency    | F1=0.761 | Acc=0.903 | P=0.763 | R=0.762
topic      | F1=0.856 | Acc=0.858 | P=0.878 | R=0.845
action     | F1=0.584 | Acc=0.858 | P=0.621 | R=0.579
------------------------------------------------------------
✅ Overall Avg | F1=0.784 | Acc=0.892 | P=0.804 | R=0.779

✅ Epoch 20 | Loss=0.2207 | F1(avg)=0.784 | Sent=0.936 | Urg=0.761 | Top=0.856 | Act=0.584
bert_base_lr2e-5_uf2 Epoch 21/50: 100%|█████████████████████████████████████████| 20/20 [00:02<00:00,  8.68it/s]

📊 Validation Results (Per Task)
------------------------------------------------------------
sentiment  | F1=0.936 | Acc=0.948 | P=0.952 | R=0.931
urgency    | F1=0.758 | Acc=0.890 | P=0.746 | R=0.777
topic      | F1=0.850 | Acc=0.852 | P=0.870 | R=0.838
action     | F1=0.610 | Acc=0.858 | P=0.627 | R=0.605
------------------------------------------------------------
✅ Overall Avg | F1=0.789 | Acc=0.887 | P=0.799 | R=0.788

✅ Epoch 21 | Loss=0.2134 | F1(avg)=0.789 | Sent=0.936 | Urg=0.758 | Top=0.850 | Act=0.610
bert_base_lr2e-5_uf2 Epoch 22/50: 100%|█████████████████████████████████████████| 20/20 [00:02<00:00,  8.71it/s]

📊 Validation Results (Per Task)
------------------------------------------------------------
sentiment  | F1=0.936 | Acc=0.948 | P=0.952 | R=0.931
urgency    | F1=0.758 | Acc=0.890 | P=0.746 | R=0.777
topic      | F1=0.852 | Acc=0.852 | P=0.874 | R=0.838
action     | F1=0.610 | Acc=0.858 | P=0.627 | R=0.605
------------------------------------------------------------
✅ Overall Avg | F1=0.789 | Acc=0.887 | P=0.800 | R=0.788

✅ Epoch 22 | Loss=0.1997 | F1(avg)=0.789 | Sent=0.936 | Urg=0.758 | Top=0.852 | Act=0.610
bert_base_lr2e-5_uf2 Epoch 23/50: 100%|█████████████████████████████████████████| 20/20 [00:02<00:00,  8.67it/s]

📊 Validation Results (Per Task)
------------------------------------------------------------
sentiment  | F1=0.936 | Acc=0.948 | P=0.952 | R=0.931
urgency    | F1=0.749 | Acc=0.884 | P=0.736 | R=0.771
topic      | F1=0.850 | Acc=0.852 | P=0.870 | R=0.838
action     | F1=0.604 | Acc=0.852 | P=0.618 | R=0.599
------------------------------------------------------------
✅ Overall Avg | F1=0.785 | Acc=0.884 | P=0.794 | R=0.785

✅ Epoch 23 | Loss=0.1896 | F1(avg)=0.785 | Sent=0.936 | Urg=0.749 | Top=0.850 | Act=0.604
bert_base_lr2e-5_uf2 Epoch 24/50: 100%|█████████████████████████████████████████| 20/20 [00:02<00:00,  8.66it/s]

📊 Validation Results (Per Task)
------------------------------------------------------------
sentiment  | F1=0.953 | Acc=0.961 | P=0.962 | R=0.949
urgency    | F1=0.773 | Acc=0.903 | P=0.762 | R=0.787
topic      | F1=0.852 | Acc=0.852 | P=0.874 | R=0.838
action     | F1=0.618 | Acc=0.858 | P=0.647 | R=0.606
------------------------------------------------------------
✅ Overall Avg | F1=0.799 | Acc=0.894 | P=0.811 | R=0.795

✅ Epoch 24 | Loss=0.1909 | F1(avg)=0.799 | Sent=0.953 | Urg=0.773 | Top=0.852 | Act=0.618
bert_base_lr2e-5_uf2 Epoch 25/50: 100%|█████████████████████████████████████████| 20/20 [00:02<00:00,  8.67it/s]

📊 Validation Results (Per Task)
------------------------------------------------------------
sentiment  | F1=0.944 | Acc=0.955 | P=0.957 | R=0.940
urgency    | F1=0.754 | Acc=0.890 | P=0.741 | R=0.775
topic      | F1=0.850 | Acc=0.852 | P=0.870 | R=0.838
action     | F1=0.618 | Acc=0.858 | P=0.647 | R=0.606
------------------------------------------------------------
✅ Overall Avg | F1=0.791 | Acc=0.889 | P=0.804 | R=0.790

✅ Epoch 25 | Loss=0.1774 | F1(avg)=0.791 | Sent=0.944 | Urg=0.754 | Top=0.850 | Act=0.618
bert_base_lr2e-5_uf2 Epoch 26/50: 100%|█████████████████████████████████████████| 20/20 [00:02<00:00,  8.66it/s]

📊 Validation Results (Per Task)
------------------------------------------------------------
sentiment  | F1=0.945 | Acc=0.955 | P=0.958 | R=0.940
urgency    | F1=0.763 | Acc=0.897 | P=0.751 | R=0.781
topic      | F1=0.852 | Acc=0.852 | P=0.874 | R=0.838
action     | F1=0.604 | Acc=0.852 | P=0.618 | R=0.599
------------------------------------------------------------
✅ Overall Avg | F1=0.791 | Acc=0.889 | P=0.800 | R=0.790

✅ Epoch 26 | Loss=0.1759 | F1(avg)=0.791 | Sent=0.945 | Urg=0.763 | Top=0.852 | Act=0.604
bert_base_lr2e-5_uf2 Epoch 27/50: 100%|█████████████████████████████████████████| 20/20 [00:02<00:00,  8.66it/s]

📊 Validation Results (Per Task)
------------------------------------------------------------
sentiment  | F1=0.945 | Acc=0.955 | P=0.958 | R=0.940
urgency    | F1=0.763 | Acc=0.897 | P=0.751 | R=0.781
topic      | F1=0.850 | Acc=0.852 | P=0.870 | R=0.838
action     | F1=0.604 | Acc=0.852 | P=0.618 | R=0.599
------------------------------------------------------------
✅ Overall Avg | F1=0.790 | Acc=0.889 | P=0.799 | R=0.790

✅ Epoch 27 | Loss=0.1695 | F1(avg)=0.790 | Sent=0.945 | Urg=0.763 | Top=0.850 | Act=0.604
bert_base_lr2e-5_uf2 Epoch 28/50: 100%|█████████████████████████████████████████| 20/20 [00:02<00:00,  8.66it/s]

📊 Validation Results (Per Task)
------------------------------------------------------------
sentiment  | F1=0.945 | Acc=0.955 | P=0.958 | R=0.940
urgency    | F1=0.763 | Acc=0.897 | P=0.751 | R=0.781
topic      | F1=0.850 | Acc=0.852 | P=0.870 | R=0.838
action     | F1=0.604 | Acc=0.852 | P=0.618 | R=0.599
------------------------------------------------------------
✅ Overall Avg | F1=0.790 | Acc=0.889 | P=0.799 | R=0.790

✅ Epoch 28 | Loss=0.1639 | F1(avg)=0.790 | Sent=0.945 | Urg=0.763 | Top=0.850 | Act=0.604
bert_base_lr2e-5_uf2 Epoch 29/50: 100%|█████████████████████████████████████████| 20/20 [00:02<00:00,  8.71it/s]

📊 Validation Results (Per Task)
------------------------------------------------------------
sentiment  | F1=0.945 | Acc=0.955 | P=0.958 | R=0.940
urgency    | F1=0.763 | Acc=0.897 | P=0.751 | R=0.781
topic      | F1=0.852 | Acc=0.852 | P=0.874 | R=0.838
action     | F1=0.604 | Acc=0.852 | P=0.618 | R=0.599
------------------------------------------------------------
✅ Overall Avg | F1=0.791 | Acc=0.889 | P=0.800 | R=0.790

✅ Epoch 29 | Loss=0.1654 | F1(avg)=0.791 | Sent=0.945 | Urg=0.763 | Top=0.852 | Act=0.604
bert_base_lr2e-5_uf2 Epoch 30/50: 100%|█████████████████████████████████████████| 20/20 [00:02<00:00,  8.67it/s]

📊 Validation Results (Per Task)
------------------------------------------------------------
sentiment  | F1=0.945 | Acc=0.955 | P=0.958 | R=0.940
urgency    | F1=0.754 | Acc=0.890 | P=0.741 | R=0.775
topic      | F1=0.850 | Acc=0.852 | P=0.870 | R=0.838
action     | F1=0.621 | Acc=0.865 | P=0.631 | R=0.620
------------------------------------------------------------
✅ Overall Avg | F1=0.792 | Acc=0.890 | P=0.800 | R=0.793

✅ Epoch 30 | Loss=0.1538 | F1(avg)=0.792 | Sent=0.945 | Urg=0.754 | Top=0.850 | Act=0.621
bert_base_lr2e-5_uf2 Epoch 31/50: 100%|█████████████████████████████████████████| 20/20 [00:02<00:00,  8.67it/s]

📊 Validation Results (Per Task)
------------------------------------------------------------
sentiment  | F1=0.944 | Acc=0.955 | P=0.953 | R=0.940
urgency    | F1=0.763 | Acc=0.897 | P=0.751 | R=0.781
topic      | F1=0.850 | Acc=0.852 | P=0.870 | R=0.838
action     | F1=0.648 | Acc=0.871 | P=0.649 | R=0.653
------------------------------------------------------------
✅ Overall Avg | F1=0.801 | Acc=0.894 | P=0.806 | R=0.803

✅ Epoch 31 | Loss=0.1525 | F1(avg)=0.801 | Sent=0.944 | Urg=0.763 | Top=0.850 | Act=0.648
bert_base_lr2e-5_uf2 Epoch 32/50: 100%|█████████████████████████████████████████| 20/20 [00:02<00:00,  8.68it/s]

📊 Validation Results (Per Task)
------------------------------------------------------------
sentiment  | F1=0.953 | Acc=0.961 | P=0.962 | R=0.949
urgency    | F1=0.763 | Acc=0.897 | P=0.751 | R=0.781
topic      | F1=0.850 | Acc=0.852 | P=0.870 | R=0.838
action     | F1=0.656 | Acc=0.877 | P=0.658 | R=0.660
------------------------------------------------------------
✅ Overall Avg | F1=0.806 | Acc=0.897 | P=0.810 | R=0.807

✅ Epoch 32 | Loss=0.1480 | F1(avg)=0.806 | Sent=0.953 | Urg=0.763 | Top=0.850 | Act=0.656
bert_base_lr2e-5_uf2 Epoch 33/50: 100%|█████████████████████████████████████████| 20/20 [00:02<00:00,  8.67it/s]

📊 Validation Results (Per Task)
------------------------------------------------------------
sentiment  | F1=0.953 | Acc=0.961 | P=0.962 | R=0.949
urgency    | F1=0.763 | Acc=0.897 | P=0.751 | R=0.781
topic      | F1=0.850 | Acc=0.852 | P=0.870 | R=0.838
action     | F1=0.656 | Acc=0.877 | P=0.658 | R=0.660
------------------------------------------------------------
✅ Overall Avg | F1=0.806 | Acc=0.897 | P=0.810 | R=0.807

✅ Epoch 33 | Loss=0.1446 | F1(avg)=0.806 | Sent=0.953 | Urg=0.763 | Top=0.850 | Act=0.656
bert_base_lr2e-5_uf2 Epoch 34/50: 100%|█████████████████████████████████████████| 20/20 [00:02<00:00,  8.67it/s]

📊 Validation Results (Per Task)
------------------------------------------------------------
sentiment  | F1=0.953 | Acc=0.961 | P=0.962 | R=0.949
urgency    | F1=0.794 | Acc=0.916 | P=0.791 | R=0.799
topic      | F1=0.856 | Acc=0.858 | P=0.878 | R=0.845
action     | F1=0.656 | Acc=0.877 | P=0.658 | R=0.660
------------------------------------------------------------
✅ Overall Avg | F1=0.815 | Acc=0.903 | P=0.822 | R=0.813

✅ Epoch 34 | Loss=0.1424 | F1(avg)=0.815 | Sent=0.953 | Urg=0.794 | Top=0.856 | Act=0.656
bert_base_lr2e-5_uf2 Epoch 35/50: 100%|█████████████████████████████████████████| 20/20 [00:02<00:00,  8.67it/s]

📊 Validation Results (Per Task)
------------------------------------------------------------
sentiment  | F1=0.953 | Acc=0.961 | P=0.962 | R=0.949
urgency    | F1=0.754 | Acc=0.890 | P=0.741 | R=0.775
topic      | F1=0.856 | Acc=0.858 | P=0.878 | R=0.845
action     | F1=0.656 | Acc=0.877 | P=0.658 | R=0.660
------------------------------------------------------------
✅ Overall Avg | F1=0.805 | Acc=0.897 | P=0.810 | R=0.807

✅ Epoch 35 | Loss=0.1411 | F1(avg)=0.805 | Sent=0.953 | Urg=0.754 | Top=0.856 | Act=0.656
bert_base_lr2e-5_uf2 Epoch 36/50: 100%|█████████████████████████████████████████| 20/20 [00:02<00:00,  8.70it/s]

📊 Validation Results (Per Task)
------------------------------------------------------------
sentiment  | F1=0.953 | Acc=0.961 | P=0.962 | R=0.949
urgency    | F1=0.754 | Acc=0.890 | P=0.741 | R=0.775
topic      | F1=0.850 | Acc=0.852 | P=0.870 | R=0.838
action     | F1=0.656 | Acc=0.877 | P=0.658 | R=0.660
------------------------------------------------------------
✅ Overall Avg | F1=0.803 | Acc=0.895 | P=0.808 | R=0.806

✅ Epoch 36 | Loss=0.1367 | F1(avg)=0.803 | Sent=0.953 | Urg=0.754 | Top=0.850 | Act=0.656
bert_base_lr2e-5_uf2 Epoch 37/50: 100%|█████████████████████████████████████████| 20/20 [00:02<00:00,  8.70it/s]

📊 Validation Results (Per Task)
------------------------------------------------------------
sentiment  | F1=0.953 | Acc=0.961 | P=0.962 | R=0.949
urgency    | F1=0.763 | Acc=0.897 | P=0.751 | R=0.781
topic      | F1=0.850 | Acc=0.852 | P=0.870 | R=0.838
action     | F1=0.656 | Acc=0.877 | P=0.658 | R=0.660
------------------------------------------------------------
✅ Overall Avg | F1=0.806 | Acc=0.897 | P=0.810 | R=0.807

✅ Epoch 37 | Loss=0.1390 | F1(avg)=0.806 | Sent=0.953 | Urg=0.763 | Top=0.850 | Act=0.656
bert_base_lr2e-5_uf2 Epoch 38/50: 100%|█████████████████████████████████████████| 20/20 [00:02<00:00,  8.66it/s]

📊 Validation Results (Per Task)
------------------------------------------------------------
sentiment  | F1=0.953 | Acc=0.961 | P=0.962 | R=0.949
urgency    | F1=0.782 | Acc=0.910 | P=0.775 | R=0.791
topic      | F1=0.856 | Acc=0.858 | P=0.878 | R=0.845
action     | F1=0.656 | Acc=0.877 | P=0.658 | R=0.660
------------------------------------------------------------
✅ Overall Avg | F1=0.812 | Acc=0.902 | P=0.818 | R=0.811

✅ Epoch 38 | Loss=0.1364 | F1(avg)=0.812 | Sent=0.953 | Urg=0.782 | Top=0.856 | Act=0.656
bert_base_lr2e-5_uf2 Epoch 39/50: 100%|█████████████████████████████████████████| 20/20 [00:02<00:00,  8.66it/s]

📊 Validation Results (Per Task)
------------------------------------------------------------
sentiment  | F1=0.953 | Acc=0.961 | P=0.962 | R=0.949
urgency    | F1=0.762 | Acc=0.897 | P=0.750 | R=0.779
topic      | F1=0.850 | Acc=0.852 | P=0.870 | R=0.838
action     | F1=0.656 | Acc=0.877 | P=0.658 | R=0.660
------------------------------------------------------------
✅ Overall Avg | F1=0.805 | Acc=0.897 | P=0.810 | R=0.807

✅ Epoch 39 | Loss=0.1345 | F1(avg)=0.805 | Sent=0.953 | Urg=0.762 | Top=0.850 | Act=0.656
bert_base_lr2e-5_uf2 Epoch 40/50: 100%|█████████████████████████████████████████| 20/20 [00:02<00:00,  8.65it/s]

📊 Validation Results (Per Task)
------------------------------------------------------------
sentiment  | F1=0.953 | Acc=0.961 | P=0.962 | R=0.949
urgency    | F1=0.772 | Acc=0.903 | P=0.761 | R=0.785
topic      | F1=0.856 | Acc=0.858 | P=0.878 | R=0.845
action     | F1=0.656 | Acc=0.877 | P=0.658 | R=0.660
------------------------------------------------------------
✅ Overall Avg | F1=0.809 | Acc=0.900 | P=0.815 | R=0.810

✅ Epoch 40 | Loss=0.1345 | F1(avg)=0.809 | Sent=0.953 | Urg=0.772 | Top=0.856 | Act=0.656
bert_base_lr2e-5_uf2 Epoch 41/50: 100%|█████████████████████████████████████████| 20/20 [00:02<00:00,  8.66it/s]

📊 Validation Results (Per Task)
------------------------------------------------------------
sentiment  | F1=0.953 | Acc=0.961 | P=0.962 | R=0.949
urgency    | F1=0.754 | Acc=0.890 | P=0.741 | R=0.775
topic      | F1=0.856 | Acc=0.858 | P=0.878 | R=0.845
action     | F1=0.656 | Acc=0.877 | P=0.658 | R=0.660
------------------------------------------------------------
✅ Overall Avg | F1=0.805 | Acc=0.897 | P=0.810 | R=0.807

✅ Epoch 41 | Loss=0.1273 | F1(avg)=0.805 | Sent=0.953 | Urg=0.754 | Top=0.856 | Act=0.656
bert_base_lr2e-5_uf2 Epoch 42/50: 100%|█████████████████████████████████████████| 20/20 [00:02<00:00,  8.66it/s]

📊 Validation Results (Per Task)
------------------------------------------------------------
sentiment  | F1=0.953 | Acc=0.961 | P=0.962 | R=0.949
urgency    | F1=0.754 | Acc=0.890 | P=0.741 | R=0.775
topic      | F1=0.856 | Acc=0.858 | P=0.878 | R=0.845
action     | F1=0.656 | Acc=0.877 | P=0.658 | R=0.660
------------------------------------------------------------
✅ Overall Avg | F1=0.805 | Acc=0.897 | P=0.810 | R=0.807

✅ Epoch 42 | Loss=0.1225 | F1(avg)=0.805 | Sent=0.953 | Urg=0.754 | Top=0.856 | Act=0.656
bert_base_lr2e-5_uf2 Epoch 43/50: 100%|█████████████████████████████████████████| 20/20 [00:02<00:00,  8.67it/s]

📊 Validation Results (Per Task)
------------------------------------------------------------
sentiment  | F1=0.953 | Acc=0.961 | P=0.962 | R=0.949
urgency    | F1=0.763 | Acc=0.897 | P=0.751 | R=0.781
topic      | F1=0.856 | Acc=0.858 | P=0.878 | R=0.845
action     | F1=0.656 | Acc=0.877 | P=0.658 | R=0.660
------------------------------------------------------------
✅ Overall Avg | F1=0.807 | Acc=0.898 | P=0.812 | R=0.809

✅ Epoch 43 | Loss=0.1211 | F1(avg)=0.807 | Sent=0.953 | Urg=0.763 | Top=0.856 | Act=0.656
bert_base_lr2e-5_uf2 Epoch 44/50: 100%|█████████████████████████████████████████| 20/20 [00:02<00:00,  8.69it/s]

📊 Validation Results (Per Task)
------------------------------------------------------------
sentiment  | F1=0.953 | Acc=0.961 | P=0.962 | R=0.949
urgency    | F1=0.754 | Acc=0.890 | P=0.741 | R=0.775
topic      | F1=0.856 | Acc=0.858 | P=0.878 | R=0.845
action     | F1=0.656 | Acc=0.877 | P=0.658 | R=0.660
------------------------------------------------------------
✅ Overall Avg | F1=0.805 | Acc=0.897 | P=0.810 | R=0.807

✅ Epoch 44 | Loss=0.1209 | F1(avg)=0.805 | Sent=0.953 | Urg=0.754 | Top=0.856 | Act=0.656
bert_base_lr2e-5_uf2 Epoch 45/50: 100%|█████████████████████████████████████████| 20/20 [00:02<00:00,  8.66it/s]

📊 Validation Results (Per Task)
------------------------------------------------------------
sentiment  | F1=0.953 | Acc=0.961 | P=0.962 | R=0.949
urgency    | F1=0.763 | Acc=0.897 | P=0.751 | R=0.781
topic      | F1=0.856 | Acc=0.858 | P=0.878 | R=0.845
action     | F1=0.660 | Acc=0.884 | P=0.662 | R=0.662
------------------------------------------------------------
✅ Overall Avg | F1=0.808 | Acc=0.900 | P=0.813 | R=0.809

✅ Epoch 45 | Loss=0.1268 | F1(avg)=0.808 | Sent=0.953 | Urg=0.763 | Top=0.856 | Act=0.660
bert_base_lr2e-5_uf2 Epoch 46/50: 100%|█████████████████████████████████████████| 20/20 [00:02<00:00,  8.65it/s]

📊 Validation Results (Per Task)
------------------------------------------------------------
sentiment  | F1=0.953 | Acc=0.961 | P=0.962 | R=0.949
urgency    | F1=0.772 | Acc=0.903 | P=0.761 | R=0.785
topic      | F1=0.856 | Acc=0.858 | P=0.878 | R=0.845
action     | F1=0.660 | Acc=0.884 | P=0.662 | R=0.662
------------------------------------------------------------
✅ Overall Avg | F1=0.810 | Acc=0.902 | P=0.816 | R=0.810

✅ Epoch 46 | Loss=0.1205 | F1(avg)=0.810 | Sent=0.953 | Urg=0.772 | Top=0.856 | Act=0.660
bert_base_lr2e-5_uf2 Epoch 47/50: 100%|█████████████████████████████████████████| 20/20 [00:02<00:00,  8.64it/s]

📊 Validation Results (Per Task)
------------------------------------------------------------
sentiment  | F1=0.953 | Acc=0.961 | P=0.962 | R=0.949
urgency    | F1=0.772 | Acc=0.903 | P=0.761 | R=0.785
topic      | F1=0.856 | Acc=0.858 | P=0.878 | R=0.845
action     | F1=0.656 | Acc=0.877 | P=0.658 | R=0.660
------------------------------------------------------------
✅ Overall Avg | F1=0.809 | Acc=0.900 | P=0.815 | R=0.810

✅ Epoch 47 | Loss=0.1182 | F1(avg)=0.809 | Sent=0.953 | Urg=0.772 | Top=0.856 | Act=0.656
bert_base_lr2e-5_uf2 Epoch 48/50: 100%|█████████████████████████████████████████| 20/20 [00:02<00:00,  8.63it/s]

📊 Validation Results (Per Task)
------------------------------------------------------------
sentiment  | F1=0.951 | Acc=0.961 | P=0.958 | R=0.949
urgency    | F1=0.763 | Acc=0.897 | P=0.751 | R=0.781
topic      | F1=0.856 | Acc=0.858 | P=0.878 | R=0.845
action     | F1=0.660 | Acc=0.884 | P=0.662 | R=0.662
------------------------------------------------------------
✅ Overall Avg | F1=0.808 | Acc=0.900 | P=0.812 | R=0.809

✅ Epoch 48 | Loss=0.1203 | F1(avg)=0.808 | Sent=0.951 | Urg=0.763 | Top=0.856 | Act=0.660
bert_base_lr2e-5_uf2 Epoch 49/50: 100%|█████████████████████████████████████████| 20/20 [00:02<00:00,  8.64it/s]

📊 Validation Results (Per Task)
------------------------------------------------------------
sentiment  | F1=0.953 | Acc=0.961 | P=0.962 | R=0.949
urgency    | F1=0.763 | Acc=0.897 | P=0.751 | R=0.781
topic      | F1=0.856 | Acc=0.858 | P=0.878 | R=0.845
action     | F1=0.656 | Acc=0.877 | P=0.658 | R=0.660
------------------------------------------------------------
✅ Overall Avg | F1=0.807 | Acc=0.898 | P=0.812 | R=0.809

✅ Epoch 49 | Loss=0.1240 | F1(avg)=0.807 | Sent=0.953 | Urg=0.763 | Top=0.856 | Act=0.656
bert_base_lr2e-5_uf2 Epoch 50/50: 100%|█████████████████████████████████████████| 20/20 [00:02<00:00,  8.45it/s]

📊 Validation Results (Per Task)
------------------------------------------------------------
sentiment  | F1=0.953 | Acc=0.961 | P=0.962 | R=0.949
urgency    | F1=0.763 | Acc=0.897 | P=0.751 | R=0.781
topic      | F1=0.856 | Acc=0.858 | P=0.878 | R=0.845
action     | F1=0.656 | Acc=0.877 | P=0.658 | R=0.660
------------------------------------------------------------
✅ Overall Avg | F1=0.807 | Acc=0.898 | P=0.812 | R=0.809

✅ Epoch 50 | Loss=0.1190 | F1(avg)=0.807 | Sent=0.953 | Urg=0.763 | Top=0.856 | Act=0.656
