Use device:cuda
bert_base_unfreeze0 Epoch 1/50: 100%|███████████████████████████████████████████| 20/20 [00:02<00:00,  9.14it/s]

📊 Validation Results (Per Task)
------------------------------------------------------------
sentiment  | F1=0.340 | Acc=0.452 | P=0.307 | R=0.395
urgency    | F1=0.311 | Acc=0.484 | P=0.307 | R=0.318
topic      | F1=0.114 | Acc=0.174 | P=0.102 | R=0.165
action     | F1=0.105 | Acc=0.161 | P=0.070 | R=0.336
------------------------------------------------------------
✅ Overall Avg | F1=0.217 | Acc=0.318 | P=0.196 | R=0.304

✅ Epoch 1 | Loss=1.5111 | F1(avg)=0.217 | Sent=0.340 | Urg=0.311 | Top=0.114 | Act=0.105
bert_base_unfreeze0 Epoch 2/50: 100%|███████████████████████████████████████████| 20/20 [00:02<00:00,  9.13it/s]

📊 Validation Results (Per Task)
------------------------------------------------------------
sentiment  | F1=0.347 | Acc=0.484 | P=0.310 | R=0.399
urgency    | F1=0.337 | Acc=0.555 | P=0.343 | R=0.355
topic      | F1=0.132 | Acc=0.213 | P=0.113 | R=0.176
action     | F1=0.113 | Acc=0.181 | P=0.071 | R=0.350
------------------------------------------------------------
✅ Overall Avg | F1=0.232 | Acc=0.358 | P=0.209 | R=0.320

✅ Epoch 2 | Loss=1.4924 | F1(avg)=0.232 | Sent=0.347 | Urg=0.337 | Top=0.132 | Act=0.113
bert_base_unfreeze0 Epoch 3/50: 100%|███████████████████████████████████████████| 20/20 [00:02<00:00,  9.10it/s]

📊 Validation Results (Per Task)
------------------------------------------------------------
sentiment  | F1=0.335 | Acc=0.510 | P=0.365 | R=0.395
urgency    | F1=0.356 | Acc=0.600 | P=0.389 | R=0.379
topic      | F1=0.123 | Acc=0.200 | P=0.113 | R=0.153
action     | F1=0.103 | Acc=0.187 | P=0.228 | R=0.334
------------------------------------------------------------
✅ Overall Avg | F1=0.229 | Acc=0.374 | P=0.274 | R=0.315

✅ Epoch 3 | Loss=1.4761 | F1(avg)=0.229 | Sent=0.335 | Urg=0.356 | Top=0.123 | Act=0.103
bert_base_unfreeze0 Epoch 4/50: 100%|███████████████████████████████████████████| 20/20 [00:02<00:00,  9.11it/s]

📊 Validation Results (Per Task)
------------------------------------------------------------
sentiment  | F1=0.259 | Acc=0.471 | P=0.306 | R=0.348
urgency    | F1=0.375 | Acc=0.645 | P=0.479 | R=0.403
topic      | F1=0.112 | Acc=0.213 | P=0.108 | R=0.147
action     | F1=0.096 | Acc=0.226 | P=0.196 | R=0.182
------------------------------------------------------------
✅ Overall Avg | F1=0.210 | Acc=0.389 | P=0.272 | R=0.270

✅ Epoch 4 | Loss=1.4577 | F1(avg)=0.210 | Sent=0.259 | Urg=0.375 | Top=0.112 | Act=0.096
bert_base_unfreeze0 Epoch 5/50: 100%|███████████████████████████████████████████| 20/20 [00:02<00:00,  9.12it/s]

📊 Validation Results (Per Task)
------------------------------------------------------------
sentiment  | F1=0.225 | Acc=0.465 | P=0.267 | R=0.336
urgency    | F1=0.338 | Acc=0.619 | P=0.453 | R=0.379
topic      | F1=0.114 | Acc=0.239 | P=0.112 | R=0.159
action     | F1=0.092 | Acc=0.239 | P=0.184 | R=0.178
------------------------------------------------------------
✅ Overall Avg | F1=0.192 | Acc=0.390 | P=0.254 | R=0.263

✅ Epoch 5 | Loss=1.4400 | F1(avg)=0.192 | Sent=0.225 | Urg=0.338 | Top=0.114 | Act=0.092
bert_base_unfreeze0 Epoch 6/50: 100%|███████████████████████████████████████████| 20/20 [00:02<00:00,  9.17it/s]

📊 Validation Results (Per Task)
------------------------------------------------------------
sentiment  | F1=0.212 | Acc=0.465 | P=0.156 | R=0.333
urgency    | F1=0.344 | Acc=0.632 | P=0.505 | R=0.387
topic      | F1=0.112 | Acc=0.252 | P=0.117 | R=0.162
action     | F1=0.118 | Acc=0.297 | P=0.192 | R=0.204
------------------------------------------------------------
✅ Overall Avg | F1=0.197 | Acc=0.411 | P=0.242 | R=0.272

✅ Epoch 6 | Loss=1.4300 | F1(avg)=0.197 | Sent=0.212 | Urg=0.344 | Top=0.112 | Act=0.118
bert_base_unfreeze0 Epoch 7/50: 100%|███████████████████████████████████████████| 20/20 [00:02<00:00,  9.12it/s]

📊 Validation Results (Per Task)
------------------------------------------------------------
sentiment  | F1=0.211 | Acc=0.465 | P=0.155 | R=0.333
urgency    | F1=0.324 | Acc=0.619 | P=0.493 | R=0.375
topic      | F1=0.106 | Acc=0.258 | P=0.111 | R=0.161
action     | F1=0.140 | Acc=0.348 | P=0.177 | R=0.217
------------------------------------------------------------
✅ Overall Avg | F1=0.195 | Acc=0.423 | P=0.234 | R=0.272

✅ Epoch 7 | Loss=1.4105 | F1(avg)=0.195 | Sent=0.211 | Urg=0.324 | Top=0.106 | Act=0.140
bert_base_unfreeze0 Epoch 8/50: 100%|███████████████████████████████████████████| 20/20 [00:02<00:00,  9.14it/s]

📊 Validation Results (Per Task)
------------------------------------------------------------
sentiment  | F1=0.211 | Acc=0.465 | P=0.155 | R=0.333
urgency    | F1=0.314 | Acc=0.613 | P=0.486 | R=0.369
topic      | F1=0.122 | Acc=0.271 | P=0.144 | R=0.175
action     | F1=0.162 | Acc=0.413 | P=0.164 | R=0.234
------------------------------------------------------------
✅ Overall Avg | F1=0.202 | Acc=0.440 | P=0.237 | R=0.278

✅ Epoch 8 | Loss=1.3945 | F1(avg)=0.202 | Sent=0.211 | Urg=0.314 | Top=0.122 | Act=0.162
bert_base_unfreeze0 Epoch 9/50: 100%|███████████████████████████████████████████| 20/20 [00:02<00:00,  9.13it/s]

📊 Validation Results (Per Task)
------------------------------------------------------------
sentiment  | F1=0.211 | Acc=0.465 | P=0.155 | R=0.333
urgency    | F1=0.314 | Acc=0.613 | P=0.486 | R=0.369
topic      | F1=0.112 | Acc=0.265 | P=0.132 | R=0.167
action     | F1=0.190 | Acc=0.497 | P=0.174 | R=0.261
------------------------------------------------------------
✅ Overall Avg | F1=0.207 | Acc=0.460 | P=0.237 | R=0.283

✅ Epoch 9 | Loss=1.3808 | F1(avg)=0.207 | Sent=0.211 | Urg=0.314 | Top=0.112 | Act=0.190
bert_base_unfreeze0 Epoch 10/50: 100%|██████████████████████████████████████████| 20/20 [00:02<00:00,  9.14it/s]

📊 Validation Results (Per Task)
------------------------------------------------------------
sentiment  | F1=0.211 | Acc=0.465 | P=0.155 | R=0.333
urgency    | F1=0.314 | Acc=0.613 | P=0.486 | R=0.369
topic      | F1=0.113 | Acc=0.271 | P=0.123 | R=0.170
action     | F1=0.195 | Acc=0.523 | P=0.170 | R=0.258
------------------------------------------------------------
✅ Overall Avg | F1=0.208 | Acc=0.468 | P=0.234 | R=0.282

✅ Epoch 10 | Loss=1.3765 | F1(avg)=0.208 | Sent=0.211 | Urg=0.314 | Top=0.113 | Act=0.195
bert_base_unfreeze0 Epoch 11/50: 100%|██████████████████████████████████████████| 20/20 [00:02<00:00,  9.14it/s]

📊 Validation Results (Per Task)
------------------------------------------------------------
sentiment  | F1=0.211 | Acc=0.465 | P=0.155 | R=0.333
urgency    | F1=0.314 | Acc=0.613 | P=0.486 | R=0.369
topic      | F1=0.115 | Acc=0.277 | P=0.125 | R=0.173
action     | F1=0.219 | Acc=0.594 | P=0.185 | R=0.281
------------------------------------------------------------
✅ Overall Avg | F1=0.215 | Acc=0.487 | P=0.238 | R=0.289

✅ Epoch 11 | Loss=1.3643 | F1(avg)=0.215 | Sent=0.211 | Urg=0.314 | Top=0.115 | Act=0.219
bert_base_unfreeze0 Epoch 12/50: 100%|██████████████████████████████████████████| 20/20 [00:02<00:00,  9.13it/s]

📊 Validation Results (Per Task)
------------------------------------------------------------
sentiment  | F1=0.211 | Acc=0.465 | P=0.155 | R=0.333
urgency    | F1=0.314 | Acc=0.613 | P=0.486 | R=0.369
topic      | F1=0.114 | Acc=0.277 | P=0.124 | R=0.173
action     | F1=0.216 | Acc=0.594 | P=0.182 | R=0.269
------------------------------------------------------------
✅ Overall Avg | F1=0.214 | Acc=0.487 | P=0.237 | R=0.286

✅ Epoch 12 | Loss=1.3521 | F1(avg)=0.214 | Sent=0.211 | Urg=0.314 | Top=0.114 | Act=0.216
bert_base_unfreeze0 Epoch 13/50: 100%|██████████████████████████████████████████| 20/20 [00:02<00:00,  9.16it/s]

📊 Validation Results (Per Task)
------------------------------------------------------------
sentiment  | F1=0.211 | Acc=0.465 | P=0.155 | R=0.333
urgency    | F1=0.354 | Acc=0.639 | P=0.509 | R=0.393
topic      | F1=0.115 | Acc=0.284 | P=0.124 | R=0.177
action     | F1=0.211 | Acc=0.587 | P=0.178 | R=0.259
------------------------------------------------------------
✅ Overall Avg | F1=0.223 | Acc=0.494 | P=0.242 | R=0.291

✅ Epoch 13 | Loss=1.3437 | F1(avg)=0.223 | Sent=0.211 | Urg=0.354 | Top=0.115 | Act=0.211
bert_base_unfreeze0 Epoch 14/50: 100%|██████████████████████████████████████████| 20/20 [00:02<00:00,  9.17it/s]

📊 Validation Results (Per Task)
------------------------------------------------------------
sentiment  | F1=0.211 | Acc=0.465 | P=0.155 | R=0.333
urgency    | F1=0.324 | Acc=0.619 | P=0.493 | R=0.375
topic      | F1=0.114 | Acc=0.284 | P=0.117 | R=0.177
action     | F1=0.213 | Acc=0.594 | P=0.183 | R=0.257
------------------------------------------------------------
✅ Overall Avg | F1=0.216 | Acc=0.490 | P=0.237 | R=0.286

✅ Epoch 14 | Loss=1.3334 | F1(avg)=0.216 | Sent=0.211 | Urg=0.324 | Top=0.114 | Act=0.213
bert_base_unfreeze0 Epoch 15/50: 100%|██████████████████████████████████████████| 20/20 [00:02<00:00,  9.15it/s]

📊 Validation Results (Per Task)
------------------------------------------------------------
sentiment  | F1=0.211 | Acc=0.465 | P=0.155 | R=0.333
urgency    | F1=0.373 | Acc=0.652 | P=0.517 | R=0.405
topic      | F1=0.120 | Acc=0.290 | P=0.124 | R=0.183
action     | F1=0.203 | Acc=0.581 | P=0.176 | R=0.242
------------------------------------------------------------
✅ Overall Avg | F1=0.227 | Acc=0.497 | P=0.243 | R=0.291

✅ Epoch 15 | Loss=1.3217 | F1(avg)=0.227 | Sent=0.211 | Urg=0.373 | Top=0.120 | Act=0.203
bert_base_unfreeze0 Epoch 16/50: 100%|██████████████████████████████████████████| 20/20 [00:02<00:00,  9.13it/s]

📊 Validation Results (Per Task)
------------------------------------------------------------
sentiment  | F1=0.226 | Acc=0.471 | P=0.489 | R=0.340
urgency    | F1=0.373 | Acc=0.652 | P=0.517 | R=0.405
topic      | F1=0.122 | Acc=0.297 | P=0.126 | R=0.186
action     | F1=0.196 | Acc=0.574 | P=0.174 | R=0.232
------------------------------------------------------------
✅ Overall Avg | F1=0.229 | Acc=0.498 | P=0.326 | R=0.291

✅ Epoch 16 | Loss=1.3153 | F1(avg)=0.229 | Sent=0.226 | Urg=0.373 | Top=0.122 | Act=0.196
bert_base_unfreeze0 Epoch 17/50: 100%|██████████████████████████████████████████| 20/20 [00:02<00:00,  9.12it/s]

📊 Validation Results (Per Task)
------------------------------------------------------------
sentiment  | F1=0.226 | Acc=0.471 | P=0.489 | R=0.340
urgency    | F1=0.372 | Acc=0.652 | P=0.496 | R=0.405
topic      | F1=0.122 | Acc=0.297 | P=0.126 | R=0.186
action     | F1=0.193 | Acc=0.574 | P=0.185 | R=0.224
------------------------------------------------------------
✅ Overall Avg | F1=0.228 | Acc=0.498 | P=0.324 | R=0.289

✅ Epoch 17 | Loss=1.3123 | F1(avg)=0.228 | Sent=0.226 | Urg=0.372 | Top=0.122 | Act=0.193
bert_base_unfreeze0 Epoch 18/50: 100%|██████████████████████████████████████████| 20/20 [00:02<00:00,  9.13it/s]

📊 Validation Results (Per Task)
------------------------------------------------------------
sentiment  | F1=0.241 | Acc=0.477 | P=0.490 | R=0.348
urgency    | F1=0.372 | Acc=0.652 | P=0.496 | R=0.405
topic      | F1=0.123 | Acc=0.297 | P=0.133 | R=0.186
action     | F1=0.188 | Acc=0.568 | P=0.188 | R=0.218
------------------------------------------------------------
✅ Overall Avg | F1=0.231 | Acc=0.498 | P=0.327 | R=0.289

✅ Epoch 18 | Loss=1.3051 | F1(avg)=0.231 | Sent=0.241 | Urg=0.372 | Top=0.123 | Act=0.188
bert_base_unfreeze0 Epoch 19/50: 100%|██████████████████████████████████████████| 20/20 [00:02<00:00,  9.13it/s]

📊 Validation Results (Per Task)
------------------------------------------------------------
sentiment  | F1=0.254 | Acc=0.484 | P=0.491 | R=0.355
urgency    | F1=0.381 | Acc=0.658 | P=0.501 | R=0.411
topic      | F1=0.129 | Acc=0.303 | P=0.140 | R=0.192
action     | F1=0.182 | Acc=0.561 | P=0.183 | R=0.212
------------------------------------------------------------
✅ Overall Avg | F1=0.237 | Acc=0.502 | P=0.329 | R=0.292

✅ Epoch 19 | Loss=1.2917 | F1(avg)=0.237 | Sent=0.254 | Urg=0.381 | Top=0.129 | Act=0.182
bert_base_unfreeze0 Epoch 20/50: 100%|██████████████████████████████████████████| 20/20 [00:02<00:00,  9.13it/s]

📊 Validation Results (Per Task)
------------------------------------------------------------
sentiment  | F1=0.254 | Acc=0.484 | P=0.491 | R=0.355
urgency    | F1=0.398 | Acc=0.671 | P=0.509 | R=0.423
topic      | F1=0.130 | Acc=0.303 | P=0.146 | R=0.192
action     | F1=0.185 | Acc=0.568 | P=0.196 | R=0.214
------------------------------------------------------------
✅ Overall Avg | F1=0.242 | Acc=0.506 | P=0.336 | R=0.296

✅ Epoch 20 | Loss=1.2852 | F1(avg)=0.242 | Sent=0.254 | Urg=0.398 | Top=0.130 | Act=0.185
bert_base_unfreeze0 Epoch 21/50: 100%|██████████████████████████████████████████| 20/20 [00:02<00:00,  9.19it/s]

📊 Validation Results (Per Task)
------------------------------------------------------------
sentiment  | F1=0.254 | Acc=0.484 | P=0.491 | R=0.355
urgency    | F1=0.407 | Acc=0.677 | P=0.513 | R=0.429
topic      | F1=0.146 | Acc=0.316 | P=0.159 | R=0.205
action     | F1=0.185 | Acc=0.568 | P=0.196 | R=0.214
------------------------------------------------------------
✅ Overall Avg | F1=0.248 | Acc=0.511 | P=0.340 | R=0.301

✅ Epoch 21 | Loss=1.2803 | F1(avg)=0.248 | Sent=0.254 | Urg=0.407 | Top=0.146 | Act=0.185
bert_base_unfreeze0 Epoch 22/50: 100%|██████████████████████████████████████████| 20/20 [00:02<00:00,  9.18it/s]

📊 Validation Results (Per Task)
------------------------------------------------------------
sentiment  | F1=0.254 | Acc=0.484 | P=0.491 | R=0.355
urgency    | F1=0.407 | Acc=0.677 | P=0.513 | R=0.429
topic      | F1=0.151 | Acc=0.323 | P=0.160 | R=0.211
action     | F1=0.178 | Acc=0.561 | P=0.190 | R=0.208
------------------------------------------------------------
✅ Overall Avg | F1=0.248 | Acc=0.511 | P=0.339 | R=0.301

✅ Epoch 22 | Loss=1.2705 | F1(avg)=0.248 | Sent=0.254 | Urg=0.407 | Top=0.151 | Act=0.178
bert_base_unfreeze0 Epoch 23/50: 100%|██████████████████████████████████████████| 20/20 [00:02<00:00,  9.15it/s]

📊 Validation Results (Per Task)
------------------------------------------------------------
sentiment  | F1=0.293 | Acc=0.503 | P=0.494 | R=0.376
urgency    | F1=0.407 | Acc=0.677 | P=0.513 | R=0.429
topic      | F1=0.161 | Acc=0.329 | P=0.171 | R=0.219
action     | F1=0.178 | Acc=0.561 | P=0.190 | R=0.208
------------------------------------------------------------
✅ Overall Avg | F1=0.260 | Acc=0.518 | P=0.342 | R=0.308

✅ Epoch 23 | Loss=1.2659 | F1(avg)=0.260 | Sent=0.293 | Urg=0.407 | Top=0.161 | Act=0.178
bert_base_unfreeze0 Epoch 24/50: 100%|██████████████████████████████████████████| 20/20 [00:02<00:00,  9.16it/s]

📊 Validation Results (Per Task)
------------------------------------------------------------
sentiment  | F1=0.305 | Acc=0.510 | P=0.495 | R=0.383
urgency    | F1=0.419 | Acc=0.684 | P=0.505 | R=0.437
topic      | F1=0.177 | Acc=0.348 | P=0.183 | R=0.235
action     | F1=0.170 | Acc=0.555 | P=0.184 | R=0.202
------------------------------------------------------------
✅ Overall Avg | F1=0.268 | Acc=0.524 | P=0.342 | R=0.314

✅ Epoch 24 | Loss=1.2649 | F1(avg)=0.268 | Sent=0.305 | Urg=0.419 | Top=0.177 | Act=0.170
bert_base_unfreeze0 Epoch 25/50: 100%|██████████████████████████████████████████| 20/20 [00:02<00:00,  9.14it/s]

📊 Validation Results (Per Task)
------------------------------------------------------------
sentiment  | F1=0.327 | Acc=0.523 | P=0.498 | R=0.397
urgency    | F1=0.441 | Acc=0.703 | P=0.506 | R=0.455
topic      | F1=0.186 | Acc=0.361 | P=0.187 | R=0.246
action     | F1=0.170 | Acc=0.555 | P=0.184 | R=0.202
------------------------------------------------------------
✅ Overall Avg | F1=0.281 | Acc=0.535 | P=0.343 | R=0.325

✅ Epoch 25 | Loss=1.2506 | F1(avg)=0.281 | Sent=0.327 | Urg=0.441 | Top=0.186 | Act=0.170
bert_base_unfreeze0 Epoch 26/50: 100%|██████████████████████████████████████████| 20/20 [00:02<00:00,  9.15it/s]

📊 Validation Results (Per Task)
------------------------------------------------------------
sentiment  | F1=0.326 | Acc=0.523 | P=0.466 | R=0.397
urgency    | F1=0.441 | Acc=0.703 | P=0.506 | R=0.455
topic      | F1=0.186 | Acc=0.361 | P=0.187 | R=0.246
action     | F1=0.170 | Acc=0.555 | P=0.184 | R=0.202
------------------------------------------------------------
✅ Overall Avg | F1=0.281 | Acc=0.535 | P=0.335 | R=0.325

✅ Epoch 26 | Loss=1.2426 | F1(avg)=0.281 | Sent=0.326 | Urg=0.441 | Top=0.186 | Act=0.170
bert_base_unfreeze0 Epoch 27/50: 100%|██████████████████████████████████████████| 20/20 [00:02<00:00,  9.15it/s]

📊 Validation Results (Per Task)
------------------------------------------------------------
sentiment  | F1=0.336 | Acc=0.529 | P=0.446 | R=0.404
urgency    | F1=0.441 | Acc=0.703 | P=0.506 | R=0.455
topic      | F1=0.185 | Acc=0.361 | P=0.184 | R=0.246
action     | F1=0.170 | Acc=0.555 | P=0.184 | R=0.202
------------------------------------------------------------
✅ Overall Avg | F1=0.283 | Acc=0.537 | P=0.330 | R=0.327

✅ Epoch 27 | Loss=1.2492 | F1(avg)=0.283 | Sent=0.336 | Urg=0.441 | Top=0.185 | Act=0.170
bert_base_unfreeze0 Epoch 28/50: 100%|██████████████████████████████████████████| 20/20 [00:02<00:00,  9.15it/s]

📊 Validation Results (Per Task)
------------------------------------------------------------
sentiment  | F1=0.346 | Acc=0.535 | P=0.432 | R=0.411
urgency    | F1=0.448 | Acc=0.710 | P=0.509 | R=0.461
topic      | F1=0.185 | Acc=0.361 | P=0.184 | R=0.246
action     | F1=0.170 | Acc=0.555 | P=0.184 | R=0.202
------------------------------------------------------------
✅ Overall Avg | F1=0.287 | Acc=0.540 | P=0.327 | R=0.330

✅ Epoch 28 | Loss=1.2385 | F1(avg)=0.287 | Sent=0.346 | Urg=0.448 | Top=0.185 | Act=0.170
bert_base_unfreeze0 Epoch 29/50: 100%|██████████████████████████████████████████| 20/20 [00:02<00:00,  9.21it/s]

📊 Validation Results (Per Task)
------------------------------------------------------------
sentiment  | F1=0.365 | Acc=0.548 | P=0.443 | R=0.426
urgency    | F1=0.455 | Acc=0.716 | P=0.513 | R=0.466
topic      | F1=0.189 | Acc=0.368 | P=0.187 | R=0.252
action     | F1=0.170 | Acc=0.555 | P=0.184 | R=0.202
------------------------------------------------------------
✅ Overall Avg | F1=0.295 | Acc=0.547 | P=0.332 | R=0.336

✅ Epoch 29 | Loss=1.2331 | F1(avg)=0.295 | Sent=0.365 | Urg=0.455 | Top=0.189 | Act=0.170
bert_base_unfreeze0 Epoch 30/50: 100%|██████████████████████████████████████████| 20/20 [00:02<00:00,  9.18it/s]

📊 Validation Results (Per Task)
------------------------------------------------------------
sentiment  | F1=0.372 | Acc=0.555 | P=0.422 | R=0.433
urgency    | F1=0.462 | Acc=0.723 | P=0.517 | R=0.472
topic      | F1=0.190 | Acc=0.368 | P=0.180 | R=0.253
action     | F1=0.170 | Acc=0.555 | P=0.184 | R=0.202
------------------------------------------------------------
✅ Overall Avg | F1=0.299 | Acc=0.550 | P=0.326 | R=0.340

✅ Epoch 30 | Loss=1.2237 | F1(avg)=0.299 | Sent=0.372 | Urg=0.462 | Top=0.190 | Act=0.170
bert_base_unfreeze0 Epoch 31/50: 100%|██████████████████████████████████████████| 20/20 [00:02<00:00,  9.17it/s]

📊 Validation Results (Per Task)
------------------------------------------------------------
sentiment  | F1=0.390 | Acc=0.568 | P=0.433 | R=0.447
urgency    | F1=0.476 | Acc=0.735 | P=0.524 | R=0.484
topic      | F1=0.189 | Acc=0.368 | P=0.175 | R=0.253
action     | F1=0.170 | Acc=0.555 | P=0.184 | R=0.202
------------------------------------------------------------
✅ Overall Avg | F1=0.306 | Acc=0.556 | P=0.329 | R=0.347

✅ Epoch 31 | Loss=1.2148 | F1(avg)=0.306 | Sent=0.390 | Urg=0.476 | Top=0.189 | Act=0.170
bert_base_unfreeze0 Epoch 32/50: 100%|██████████████████████████████████████████| 20/20 [00:02<00:00,  9.17it/s]

📊 Validation Results (Per Task)
------------------------------------------------------------
sentiment  | F1=0.398 | Acc=0.574 | P=0.438 | R=0.454
urgency    | F1=0.475 | Acc=0.735 | P=0.516 | R=0.484
topic      | F1=0.188 | Acc=0.368 | P=0.173 | R=0.253
action     | F1=0.170 | Acc=0.555 | P=0.177 | R=0.202
------------------------------------------------------------
✅ Overall Avg | F1=0.308 | Acc=0.558 | P=0.326 | R=0.348

✅ Epoch 32 | Loss=1.2124 | F1(avg)=0.308 | Sent=0.398 | Urg=0.475 | Top=0.188 | Act=0.170
bert_base_unfreeze0 Epoch 33/50: 100%|██████████████████████████████████████████| 20/20 [00:02<00:00,  9.16it/s]

📊 Validation Results (Per Task)
------------------------------------------------------------
sentiment  | F1=0.415 | Acc=0.587 | P=0.447 | R=0.468
urgency    | F1=0.475 | Acc=0.735 | P=0.516 | R=0.484
topic      | F1=0.188 | Acc=0.368 | P=0.173 | R=0.253
action     | F1=0.170 | Acc=0.555 | P=0.177 | R=0.202
------------------------------------------------------------
✅ Overall Avg | F1=0.312 | Acc=0.561 | P=0.328 | R=0.352

✅ Epoch 33 | Loss=1.2149 | F1(avg)=0.312 | Sent=0.415 | Urg=0.475 | Top=0.188 | Act=0.170
bert_base_unfreeze0 Epoch 34/50: 100%|██████████████████████████████████████████| 20/20 [00:02<00:00,  9.17it/s]

📊 Validation Results (Per Task)
------------------------------------------------------------
sentiment  | F1=0.420 | Acc=0.594 | P=0.434 | R=0.475
urgency    | F1=0.477 | Acc=0.735 | P=0.510 | R=0.487
topic      | F1=0.201 | Acc=0.374 | P=0.316 | R=0.260
action     | F1=0.170 | Acc=0.555 | P=0.177 | R=0.202
------------------------------------------------------------
✅ Overall Avg | F1=0.317 | Acc=0.565 | P=0.359 | R=0.356

✅ Epoch 34 | Loss=1.2131 | F1(avg)=0.317 | Sent=0.420 | Urg=0.477 | Top=0.201 | Act=0.170
bert_base_unfreeze0 Epoch 35/50: 100%|██████████████████████████████████████████| 20/20 [00:02<00:00,  9.17it/s]

📊 Validation Results (Per Task)
------------------------------------------------------------
sentiment  | F1=0.428 | Acc=0.600 | P=0.439 | R=0.482
urgency    | F1=0.479 | Acc=0.735 | P=0.500 | R=0.489
topic      | F1=0.201 | Acc=0.374 | P=0.316 | R=0.260
action     | F1=0.170 | Acc=0.555 | P=0.177 | R=0.202
------------------------------------------------------------
✅ Overall Avg | F1=0.319 | Acc=0.566 | P=0.358 | R=0.358

✅ Epoch 35 | Loss=1.2061 | F1(avg)=0.319 | Sent=0.428 | Urg=0.479 | Top=0.201 | Act=0.170
bert_base_unfreeze0 Epoch 36/50: 100%|██████████████████████████████████████████| 20/20 [00:02<00:00,  9.17it/s]

📊 Validation Results (Per Task)
------------------------------------------------------------
sentiment  | F1=0.435 | Acc=0.606 | P=0.443 | R=0.489
urgency    | F1=0.485 | Acc=0.742 | P=0.504 | R=0.495
topic      | F1=0.201 | Acc=0.374 | P=0.316 | R=0.260
action     | F1=0.170 | Acc=0.555 | P=0.177 | R=0.202
------------------------------------------------------------
✅ Overall Avg | F1=0.323 | Acc=0.569 | P=0.360 | R=0.362

✅ Epoch 36 | Loss=1.2108 | F1(avg)=0.323 | Sent=0.435 | Urg=0.485 | Top=0.201 | Act=0.170
bert_base_unfreeze0 Epoch 37/50: 100%|██████████████████████████████████████████| 20/20 [00:02<00:00,  9.16it/s]

📊 Validation Results (Per Task)
------------------------------------------------------------
sentiment  | F1=0.434 | Acc=0.606 | P=0.436 | R=0.489
urgency    | F1=0.491 | Acc=0.748 | P=0.508 | R=0.501
topic      | F1=0.201 | Acc=0.374 | P=0.319 | R=0.260
action     | F1=0.169 | Acc=0.555 | P=0.171 | R=0.202
------------------------------------------------------------
✅ Overall Avg | F1=0.324 | Acc=0.571 | P=0.359 | R=0.363

✅ Epoch 37 | Loss=1.1994 | F1(avg)=0.324 | Sent=0.434 | Urg=0.491 | Top=0.201 | Act=0.169
bert_base_unfreeze0 Epoch 38/50: 100%|██████████████████████████████████████████| 20/20 [00:02<00:00,  9.17it/s]

📊 Validation Results (Per Task)
------------------------------------------------------------
sentiment  | F1=0.434 | Acc=0.606 | P=0.436 | R=0.489
urgency    | F1=0.487 | Acc=0.742 | P=0.501 | R=0.497
topic      | F1=0.201 | Acc=0.374 | P=0.319 | R=0.260
action     | F1=0.169 | Acc=0.555 | P=0.171 | R=0.202
------------------------------------------------------------
✅ Overall Avg | F1=0.323 | Acc=0.569 | P=0.357 | R=0.362

✅ Epoch 38 | Loss=1.1945 | F1(avg)=0.323 | Sent=0.434 | Urg=0.487 | Top=0.201 | Act=0.169
bert_base_unfreeze0 Epoch 39/50: 100%|██████████████████████████████████████████| 20/20 [00:02<00:00,  9.17it/s]

📊 Validation Results (Per Task)
------------------------------------------------------------
sentiment  | F1=0.454 | Acc=0.626 | P=0.443 | R=0.511
urgency    | F1=0.487 | Acc=0.742 | P=0.501 | R=0.497
topic      | F1=0.206 | Acc=0.381 | P=0.326 | R=0.266
action     | F1=0.176 | Acc=0.561 | P=0.178 | R=0.208
------------------------------------------------------------
✅ Overall Avg | F1=0.331 | Acc=0.577 | P=0.362 | R=0.370

✅ Epoch 39 | Loss=1.1923 | F1(avg)=0.331 | Sent=0.454 | Urg=0.487 | Top=0.206 | Act=0.176
bert_base_unfreeze0 Epoch 40/50: 100%|██████████████████████████████████████████| 20/20 [00:02<00:00,  9.18it/s]

📊 Validation Results (Per Task)
------------------------------------------------------------
sentiment  | F1=0.461 | Acc=0.632 | P=0.448 | R=0.518
urgency    | F1=0.493 | Acc=0.748 | P=0.505 | R=0.503
topic      | F1=0.203 | Acc=0.381 | P=0.321 | R=0.266
action     | F1=0.176 | Acc=0.561 | P=0.178 | R=0.208
------------------------------------------------------------
✅ Overall Avg | F1=0.333 | Acc=0.581 | P=0.363 | R=0.374

✅ Epoch 40 | Loss=1.1908 | F1(avg)=0.333 | Sent=0.461 | Urg=0.493 | Top=0.203 | Act=0.176
bert_base_unfreeze0 Epoch 41/50: 100%|██████████████████████████████████████████| 20/20 [00:02<00:00,  9.18it/s]

📊 Validation Results (Per Task)
------------------------------------------------------------
sentiment  | F1=0.461 | Acc=0.632 | P=0.448 | R=0.518
urgency    | F1=0.493 | Acc=0.748 | P=0.505 | R=0.503
topic      | F1=0.203 | Acc=0.381 | P=0.321 | R=0.266
action     | F1=0.183 | Acc=0.568 | P=0.184 | R=0.214
------------------------------------------------------------
✅ Overall Avg | F1=0.335 | Acc=0.582 | P=0.364 | R=0.375

✅ Epoch 41 | Loss=1.1871 | F1(avg)=0.335 | Sent=0.461 | Urg=0.493 | Top=0.203 | Act=0.183
bert_base_unfreeze0 Epoch 42/50: 100%|██████████████████████████████████████████| 20/20 [00:02<00:00,  9.18it/s]

📊 Validation Results (Per Task)
------------------------------------------------------------
sentiment  | F1=0.461 | Acc=0.632 | P=0.448 | R=0.518
urgency    | F1=0.489 | Acc=0.742 | P=0.498 | R=0.499
topic      | F1=0.203 | Acc=0.381 | P=0.321 | R=0.266
action     | F1=0.183 | Acc=0.568 | P=0.184 | R=0.214
------------------------------------------------------------
✅ Overall Avg | F1=0.334 | Acc=0.581 | P=0.363 | R=0.374

✅ Epoch 42 | Loss=1.1843 | F1(avg)=0.334 | Sent=0.461 | Urg=0.489 | Top=0.203 | Act=0.183
bert_base_unfreeze0 Epoch 43/50: 100%|██████████████████████████████████████████| 20/20 [00:02<00:00,  9.17it/s]

📊 Validation Results (Per Task)
------------------------------------------------------------
sentiment  | F1=0.461 | Acc=0.632 | P=0.448 | R=0.518
urgency    | F1=0.488 | Acc=0.742 | P=0.494 | R=0.499
topic      | F1=0.204 | Acc=0.381 | P=0.321 | R=0.266
action     | F1=0.183 | Acc=0.568 | P=0.184 | R=0.214
------------------------------------------------------------
✅ Overall Avg | F1=0.334 | Acc=0.581 | P=0.362 | R=0.374

✅ Epoch 43 | Loss=1.1824 | F1(avg)=0.334 | Sent=0.461 | Urg=0.488 | Top=0.204 | Act=0.183
bert_base_unfreeze0 Epoch 44/50: 100%|██████████████████████████████████████████| 20/20 [00:02<00:00,  9.20it/s]

📊 Validation Results (Per Task)
------------------------------------------------------------
sentiment  | F1=0.461 | Acc=0.632 | P=0.448 | R=0.518
urgency    | F1=0.488 | Acc=0.742 | P=0.494 | R=0.499
topic      | F1=0.219 | Acc=0.387 | P=0.465 | R=0.274
action     | F1=0.183 | Acc=0.568 | P=0.184 | R=0.214
------------------------------------------------------------
✅ Overall Avg | F1=0.338 | Acc=0.582 | P=0.398 | R=0.376

✅ Epoch 44 | Loss=1.1830 | F1(avg)=0.338 | Sent=0.461 | Urg=0.488 | Top=0.219 | Act=0.183
bert_base_unfreeze0 Epoch 45/50: 100%|██████████████████████████████████████████| 20/20 [00:02<00:00,  9.22it/s]

📊 Validation Results (Per Task)
------------------------------------------------------------
sentiment  | F1=0.461 | Acc=0.632 | P=0.448 | R=0.518
urgency    | F1=0.488 | Acc=0.742 | P=0.494 | R=0.499
topic      | F1=0.219 | Acc=0.387 | P=0.465 | R=0.274
action     | F1=0.183 | Acc=0.568 | P=0.184 | R=0.214
------------------------------------------------------------
✅ Overall Avg | F1=0.338 | Acc=0.582 | P=0.398 | R=0.376

✅ Epoch 45 | Loss=1.1798 | F1(avg)=0.338 | Sent=0.461 | Urg=0.488 | Top=0.219 | Act=0.183
bert_base_unfreeze0 Epoch 46/50: 100%|██████████████████████████████████████████| 20/20 [00:02<00:00,  9.17it/s]

📊 Validation Results (Per Task)
------------------------------------------------------------
sentiment  | F1=0.461 | Acc=0.632 | P=0.448 | R=0.518
urgency    | F1=0.494 | Acc=0.748 | P=0.498 | R=0.505
topic      | F1=0.223 | Acc=0.394 | P=0.467 | R=0.279
action     | F1=0.183 | Acc=0.568 | P=0.184 | R=0.214
------------------------------------------------------------
✅ Overall Avg | F1=0.340 | Acc=0.585 | P=0.399 | R=0.379

✅ Epoch 46 | Loss=1.1698 | F1(avg)=0.340 | Sent=0.461 | Urg=0.494 | Top=0.223 | Act=0.183
bert_base_unfreeze0 Epoch 47/50: 100%|██████████████████████████████████████████| 20/20 [00:02<00:00,  9.16it/s]

📊 Validation Results (Per Task)
------------------------------------------------------------
sentiment  | F1=0.461 | Acc=0.632 | P=0.448 | R=0.518
urgency    | F1=0.494 | Acc=0.748 | P=0.498 | R=0.505
topic      | F1=0.223 | Acc=0.394 | P=0.467 | R=0.279
action     | F1=0.183 | Acc=0.568 | P=0.184 | R=0.214
------------------------------------------------------------
✅ Overall Avg | F1=0.340 | Acc=0.585 | P=0.399 | R=0.379

✅ Epoch 47 | Loss=1.1718 | F1(avg)=0.340 | Sent=0.461 | Urg=0.494 | Top=0.223 | Act=0.183
bert_base_unfreeze0 Epoch 48/50: 100%|██████████████████████████████████████████| 20/20 [00:02<00:00,  9.16it/s]

📊 Validation Results (Per Task)
------------------------------------------------------------
sentiment  | F1=0.461 | Acc=0.632 | P=0.448 | R=0.518
urgency    | F1=0.494 | Acc=0.748 | P=0.498 | R=0.505
topic      | F1=0.223 | Acc=0.394 | P=0.467 | R=0.279
action     | F1=0.183 | Acc=0.568 | P=0.184 | R=0.214
------------------------------------------------------------
✅ Overall Avg | F1=0.340 | Acc=0.585 | P=0.399 | R=0.379

✅ Epoch 48 | Loss=1.1677 | F1(avg)=0.340 | Sent=0.461 | Urg=0.494 | Top=0.223 | Act=0.183
bert_base_unfreeze0 Epoch 49/50: 100%|██████████████████████████████████████████| 20/20 [00:02<00:00,  9.15it/s]

📊 Validation Results (Per Task)
------------------------------------------------------------
sentiment  | F1=0.461 | Acc=0.632 | P=0.448 | R=0.518
urgency    | F1=0.494 | Acc=0.748 | P=0.498 | R=0.505
topic      | F1=0.223 | Acc=0.394 | P=0.467 | R=0.279
action     | F1=0.183 | Acc=0.568 | P=0.184 | R=0.214
------------------------------------------------------------
✅ Overall Avg | F1=0.340 | Acc=0.585 | P=0.399 | R=0.379

✅ Epoch 49 | Loss=1.1760 | F1(avg)=0.340 | Sent=0.461 | Urg=0.494 | Top=0.223 | Act=0.183
bert_base_unfreeze0 Epoch 50/50: 100%|██████████████████████████████████████████| 20/20 [00:02<00:00,  9.11it/s]

📊 Validation Results (Per Task)
------------------------------------------------------------
sentiment  | F1=0.461 | Acc=0.632 | P=0.448 | R=0.518
urgency    | F1=0.494 | Acc=0.748 | P=0.498 | R=0.505
topic      | F1=0.223 | Acc=0.394 | P=0.467 | R=0.279
action     | F1=0.183 | Acc=0.568 | P=0.184 | R=0.214
------------------------------------------------------------
✅ Overall Avg | F1=0.340 | Acc=0.585 | P=0.399 | R=0.379

✅ Epoch 50 | Loss=1.1804 | F1(avg)=0.340 | Sent=0.461 | Urg=0.494 | Top=0.223 | Act=0.183
