Use device:cuda
bert_base_rule_ON Epoch 1/50: 100%|█████████████████████████████████████████████| 20/20 [00:02<00:00,  8.03it/s]

📊 Validation Results (Per Task)
------------------------------------------------------------
sentiment  | F1=0.404 | Acc=0.581 | P=0.388 | R=0.463
urgency    | F1=0.413 | Acc=0.677 | P=0.529 | R=0.431
topic      | F1=0.126 | Acc=0.297 | P=0.142 | R=0.186
action     | F1=0.153 | Acc=0.542 | P=0.153 | R=0.190
------------------------------------------------------------
✅ Overall Avg | F1=0.274 | Acc=0.524 | P=0.303 | R=0.318

✅ Epoch 1 | Loss=1.3770 | F1(avg)=0.274 | Sent=0.404 | Urg=0.413 | Top=0.126 | Act=0.153
bert_base_rule_ON Epoch 2/50: 100%|█████████████████████████████████████████████| 20/20 [00:02<00:00,  8.02it/s]

📊 Validation Results (Per Task)
------------------------------------------------------------
sentiment  | F1=0.766 | Acc=0.832 | P=0.850 | R=0.768
urgency    | F1=0.600 | Acc=0.877 | P=0.579 | R=0.629
topic      | F1=0.527 | Acc=0.652 | P=0.596 | R=0.558
action     | F1=0.259 | Acc=0.677 | P=0.374 | R=0.316
------------------------------------------------------------
✅ Overall Avg | F1=0.538 | Acc=0.760 | P=0.600 | R=0.568

✅ Epoch 2 | Loss=1.1035 | F1(avg)=0.538 | Sent=0.766 | Urg=0.600 | Top=0.527 | Act=0.259
bert_base_rule_ON Epoch 3/50: 100%|█████████████████████████████████████████████| 20/20 [00:02<00:00,  8.06it/s]

📊 Validation Results (Per Task)
------------------------------------------------------------
sentiment  | F1=0.805 | Acc=0.858 | P=0.851 | R=0.808
urgency    | F1=0.660 | Acc=0.884 | P=0.752 | R=0.660
topic      | F1=0.639 | Acc=0.716 | P=0.797 | R=0.638
action     | F1=0.370 | Acc=0.761 | P=0.376 | R=0.401
------------------------------------------------------------
✅ Overall Avg | F1=0.618 | Acc=0.805 | P=0.694 | R=0.627

✅ Epoch 3 | Loss=0.8341 | F1(avg)=0.618 | Sent=0.805 | Urg=0.660 | Top=0.639 | Act=0.370
bert_base_rule_ON Epoch 4/50: 100%|█████████████████████████████████████████████| 20/20 [00:02<00:00,  7.98it/s]

📊 Validation Results (Per Task)
------------------------------------------------------------
sentiment  | F1=0.865 | Acc=0.897 | P=0.887 | R=0.858
urgency    | F1=0.597 | Acc=0.871 | P=0.579 | R=0.625
topic      | F1=0.712 | Acc=0.787 | P=0.818 | R=0.719
action     | F1=0.383 | Acc=0.774 | P=0.358 | R=0.424
------------------------------------------------------------
✅ Overall Avg | F1=0.639 | Acc=0.832 | P=0.661 | R=0.656

✅ Epoch 4 | Loss=0.6497 | F1(avg)=0.639 | Sent=0.865 | Urg=0.597 | Top=0.712 | Act=0.383
bert_base_rule_ON Epoch 5/50: 100%|█████████████████████████████████████████████| 20/20 [00:02<00:00,  8.00it/s]

📊 Validation Results (Per Task)
------------------------------------------------------------
sentiment  | F1=0.887 | Acc=0.916 | P=0.928 | R=0.880
urgency    | F1=0.709 | Acc=0.903 | P=0.740 | R=0.705
topic      | F1=0.788 | Acc=0.819 | P=0.850 | R=0.774
action     | F1=0.407 | Acc=0.781 | P=0.450 | R=0.434
------------------------------------------------------------
✅ Overall Avg | F1=0.698 | Acc=0.855 | P=0.742 | R=0.698

✅ Epoch 5 | Loss=0.5155 | F1(avg)=0.698 | Sent=0.887 | Urg=0.709 | Top=0.788 | Act=0.407
bert_base_rule_ON Epoch 6/50: 100%|█████████████████████████████████████████████| 20/20 [00:02<00:00,  8.01it/s]

📊 Validation Results (Per Task)
------------------------------------------------------------
sentiment  | F1=0.892 | Acc=0.916 | P=0.928 | R=0.884
urgency    | F1=0.729 | Acc=0.897 | P=0.735 | R=0.726
topic      | F1=0.858 | Acc=0.865 | P=0.882 | R=0.845
action     | F1=0.522 | Acc=0.813 | P=0.607 | R=0.509
------------------------------------------------------------
✅ Overall Avg | F1=0.750 | Acc=0.873 | P=0.788 | R=0.741

✅ Epoch 6 | Loss=0.4425 | F1(avg)=0.750 | Sent=0.892 | Urg=0.729 | Top=0.858 | Act=0.522
bert_base_rule_ON Epoch 7/50: 100%|█████████████████████████████████████████████| 20/20 [00:02<00:00,  8.00it/s]

📊 Validation Results (Per Task)
------------------------------------------------------------
sentiment  | F1=0.883 | Acc=0.910 | P=0.923 | R=0.875
urgency    | F1=0.733 | Acc=0.903 | P=0.740 | R=0.732
topic      | F1=0.857 | Acc=0.865 | P=0.884 | R=0.842
action     | F1=0.508 | Acc=0.806 | P=0.599 | R=0.499
------------------------------------------------------------
✅ Overall Avg | F1=0.745 | Acc=0.871 | P=0.787 | R=0.737

✅ Epoch 7 | Loss=0.3786 | F1(avg)=0.745 | Sent=0.883 | Urg=0.733 | Top=0.857 | Act=0.508
bert_base_rule_ON Epoch 8/50: 100%|█████████████████████████████████████████████| 20/20 [00:02<00:00,  8.01it/s]

📊 Validation Results (Per Task)
------------------------------------------------------------
sentiment  | F1=0.901 | Acc=0.923 | P=0.932 | R=0.894
urgency    | F1=0.698 | Acc=0.897 | P=0.706 | R=0.699
topic      | F1=0.857 | Acc=0.865 | P=0.885 | R=0.842
action     | F1=0.559 | Acc=0.839 | P=0.605 | R=0.547
------------------------------------------------------------
✅ Overall Avg | F1=0.754 | Acc=0.881 | P=0.782 | R=0.745

✅ Epoch 8 | Loss=0.3318 | F1(avg)=0.754 | Sent=0.901 | Urg=0.698 | Top=0.857 | Act=0.559
bert_base_rule_ON Epoch 9/50: 100%|█████████████████████████████████████████████| 20/20 [00:02<00:00,  8.00it/s]

📊 Validation Results (Per Task)
------------------------------------------------------------
sentiment  | F1=0.927 | Acc=0.942 | P=0.942 | R=0.921
urgency    | F1=0.698 | Acc=0.897 | P=0.706 | R=0.699
topic      | F1=0.851 | Acc=0.858 | P=0.877 | R=0.838
action     | F1=0.561 | Acc=0.839 | P=0.605 | R=0.551
------------------------------------------------------------
✅ Overall Avg | F1=0.759 | Acc=0.884 | P=0.782 | R=0.752

✅ Epoch 9 | Loss=0.2911 | F1(avg)=0.759 | Sent=0.927 | Urg=0.698 | Top=0.851 | Act=0.561
bert_base_rule_ON Epoch 10/50: 100%|████████████████████████████████████████████| 20/20 [00:02<00:00,  8.04it/s]

📊 Validation Results (Per Task)
------------------------------------------------------------
sentiment  | F1=0.909 | Acc=0.929 | P=0.930 | R=0.903
urgency    | F1=0.733 | Acc=0.903 | P=0.740 | R=0.732
topic      | F1=0.859 | Acc=0.865 | P=0.882 | R=0.849
action     | F1=0.563 | Acc=0.839 | P=0.611 | R=0.551
------------------------------------------------------------
✅ Overall Avg | F1=0.766 | Acc=0.884 | P=0.791 | R=0.759

✅ Epoch 10 | Loss=0.2669 | F1(avg)=0.766 | Sent=0.909 | Urg=0.733 | Top=0.859 | Act=0.563
bert_base_rule_ON Epoch 11/50: 100%|████████████████████████████████████████████| 20/20 [00:02<00:00,  8.00it/s]

📊 Validation Results (Per Task)
------------------------------------------------------------
sentiment  | F1=0.927 | Acc=0.942 | P=0.942 | R=0.921
urgency    | F1=0.698 | Acc=0.897 | P=0.706 | R=0.699
topic      | F1=0.851 | Acc=0.858 | P=0.877 | R=0.838
action     | F1=0.572 | Acc=0.852 | P=0.596 | R=0.564
------------------------------------------------------------
✅ Overall Avg | F1=0.762 | Acc=0.887 | P=0.780 | R=0.756

✅ Epoch 11 | Loss=0.2428 | F1(avg)=0.762 | Sent=0.927 | Urg=0.698 | Top=0.851 | Act=0.572
bert_base_rule_ON Epoch 12/50: 100%|████████████████████████████████████████████| 20/20 [00:02<00:00,  7.99it/s]

📊 Validation Results (Per Task)
------------------------------------------------------------
sentiment  | F1=0.928 | Acc=0.942 | P=0.948 | R=0.921
urgency    | F1=0.698 | Acc=0.897 | P=0.706 | R=0.699
topic      | F1=0.851 | Acc=0.858 | P=0.874 | R=0.841
action     | F1=0.610 | Acc=0.858 | P=0.631 | R=0.601
------------------------------------------------------------
✅ Overall Avg | F1=0.772 | Acc=0.889 | P=0.790 | R=0.766

✅ Epoch 12 | Loss=0.2187 | F1(avg)=0.772 | Sent=0.928 | Urg=0.698 | Top=0.851 | Act=0.610
bert_base_rule_ON Epoch 13/50: 100%|████████████████████████████████████████████| 20/20 [00:02<00:00,  8.00it/s]

📊 Validation Results (Per Task)
------------------------------------------------------------
sentiment  | F1=0.936 | Acc=0.948 | P=0.948 | R=0.931
urgency    | F1=0.716 | Acc=0.890 | P=0.714 | R=0.720
topic      | F1=0.859 | Acc=0.865 | P=0.890 | R=0.844
action     | F1=0.640 | Acc=0.877 | P=0.667 | R=0.629
------------------------------------------------------------
✅ Overall Avg | F1=0.788 | Acc=0.895 | P=0.804 | R=0.781

✅ Epoch 13 | Loss=0.2033 | F1(avg)=0.788 | Sent=0.936 | Urg=0.716 | Top=0.859 | Act=0.640
bert_base_rule_ON Epoch 14/50: 100%|████████████████████████████████████████████| 20/20 [00:02<00:00,  8.00it/s]

📊 Validation Results (Per Task)
------------------------------------------------------------
sentiment  | F1=0.943 | Acc=0.955 | P=0.952 | R=0.940
urgency    | F1=0.741 | Acc=0.890 | P=0.735 | R=0.748
topic      | F1=0.871 | Acc=0.871 | P=0.890 | R=0.860
action     | F1=0.635 | Acc=0.877 | P=0.647 | R=0.629
------------------------------------------------------------
✅ Overall Avg | F1=0.797 | Acc=0.898 | P=0.806 | R=0.794

✅ Epoch 14 | Loss=0.1880 | F1(avg)=0.797 | Sent=0.943 | Urg=0.741 | Top=0.871 | Act=0.635
bert_base_rule_ON Epoch 15/50: 100%|████████████████████████████████████████████| 20/20 [00:02<00:00,  8.00it/s]

📊 Validation Results (Per Task)
------------------------------------------------------------
sentiment  | F1=0.927 | Acc=0.942 | P=0.942 | R=0.921
urgency    | F1=0.746 | Acc=0.897 | P=0.739 | R=0.754
topic      | F1=0.858 | Acc=0.865 | P=0.881 | R=0.846
action     | F1=0.632 | Acc=0.871 | P=0.657 | R=0.622
------------------------------------------------------------
✅ Overall Avg | F1=0.790 | Acc=0.894 | P=0.805 | R=0.786

✅ Epoch 15 | Loss=0.1756 | F1(avg)=0.790 | Sent=0.927 | Urg=0.746 | Top=0.858 | Act=0.632
bert_base_rule_ON Epoch 16/50: 100%|████████████████████████████████████████████| 20/20 [00:02<00:00,  8.01it/s]

📊 Validation Results (Per Task)
------------------------------------------------------------
sentiment  | F1=0.961 | Acc=0.968 | P=0.968 | R=0.958
urgency    | F1=0.737 | Acc=0.890 | P=0.729 | R=0.748
topic      | F1=0.858 | Acc=0.865 | P=0.881 | R=0.846
action     | F1=0.637 | Acc=0.877 | P=0.648 | R=0.633
------------------------------------------------------------
✅ Overall Avg | F1=0.798 | Acc=0.900 | P=0.807 | R=0.796

✅ Epoch 16 | Loss=0.1579 | F1(avg)=0.798 | Sent=0.961 | Urg=0.737 | Top=0.858 | Act=0.637
bert_base_rule_ON Epoch 17/50: 100%|████████████████████████████████████████████| 20/20 [00:02<00:00,  8.02it/s]

📊 Validation Results (Per Task)
------------------------------------------------------------
sentiment  | F1=0.928 | Acc=0.942 | P=0.948 | R=0.921
urgency    | F1=0.746 | Acc=0.897 | P=0.739 | R=0.754
topic      | F1=0.851 | Acc=0.858 | P=0.877 | R=0.838
action     | F1=0.657 | Acc=0.890 | P=0.682 | R=0.646
------------------------------------------------------------
✅ Overall Avg | F1=0.796 | Acc=0.897 | P=0.811 | R=0.790

✅ Epoch 17 | Loss=0.1524 | F1(avg)=0.796 | Sent=0.928 | Urg=0.746 | Top=0.851 | Act=0.657
bert_base_rule_ON Epoch 18/50: 100%|████████████████████████████████████████████| 20/20 [00:02<00:00,  8.01it/s]

📊 Validation Results (Per Task)
------------------------------------------------------------
sentiment  | F1=0.937 | Acc=0.948 | P=0.953 | R=0.931
urgency    | F1=0.737 | Acc=0.890 | P=0.729 | R=0.748
topic      | F1=0.862 | Acc=0.865 | P=0.880 | R=0.852
action     | F1=0.650 | Acc=0.884 | P=0.677 | R=0.639
------------------------------------------------------------
✅ Overall Avg | F1=0.797 | Acc=0.897 | P=0.810 | R=0.793

✅ Epoch 18 | Loss=0.1439 | F1(avg)=0.797 | Sent=0.937 | Urg=0.737 | Top=0.862 | Act=0.650
bert_base_rule_ON Epoch 19/50: 100%|████████████████████████████████████████████| 20/20 [00:02<00:00,  8.00it/s]

📊 Validation Results (Per Task)
------------------------------------------------------------
sentiment  | F1=0.937 | Acc=0.948 | P=0.953 | R=0.931
urgency    | F1=0.737 | Acc=0.890 | P=0.729 | R=0.748
topic      | F1=0.851 | Acc=0.858 | P=0.877 | R=0.838
action     | F1=0.655 | Acc=0.890 | P=0.678 | R=0.646
------------------------------------------------------------
✅ Overall Avg | F1=0.795 | Acc=0.897 | P=0.809 | R=0.791

✅ Epoch 19 | Loss=0.1353 | F1(avg)=0.795 | Sent=0.937 | Urg=0.737 | Top=0.851 | Act=0.655
bert_base_rule_ON Epoch 20/50: 100%|████████████████████████████████████████████| 20/20 [00:02<00:00,  8.01it/s]

📊 Validation Results (Per Task)
------------------------------------------------------------
sentiment  | F1=0.945 | Acc=0.955 | P=0.958 | R=0.940
urgency    | F1=0.737 | Acc=0.890 | P=0.729 | R=0.748
topic      | F1=0.868 | Acc=0.871 | P=0.888 | R=0.859
action     | F1=0.650 | Acc=0.884 | P=0.677 | R=0.639
------------------------------------------------------------
✅ Overall Avg | F1=0.800 | Acc=0.900 | P=0.813 | R=0.796

✅ Epoch 20 | Loss=0.1307 | F1(avg)=0.800 | Sent=0.945 | Urg=0.737 | Top=0.868 | Act=0.650
bert_base_rule_ON Epoch 21/50: 100%|████████████████████████████████████████████| 20/20 [00:02<00:00,  8.01it/s]

📊 Validation Results (Per Task)
------------------------------------------------------------
sentiment  | F1=0.945 | Acc=0.955 | P=0.958 | R=0.940
urgency    | F1=0.746 | Acc=0.897 | P=0.739 | R=0.754
topic      | F1=0.868 | Acc=0.871 | P=0.888 | R=0.859
action     | F1=0.679 | Acc=0.890 | P=0.693 | R=0.673
------------------------------------------------------------
✅ Overall Avg | F1=0.810 | Acc=0.903 | P=0.820 | R=0.806

✅ Epoch 21 | Loss=0.1266 | F1(avg)=0.810 | Sent=0.945 | Urg=0.746 | Top=0.868 | Act=0.679
bert_base_rule_ON Epoch 22/50: 100%|████████████████████████████████████████████| 20/20 [00:02<00:00,  8.01it/s]

📊 Validation Results (Per Task)
------------------------------------------------------------
sentiment  | F1=0.945 | Acc=0.955 | P=0.958 | R=0.940
urgency    | F1=0.755 | Acc=0.903 | P=0.753 | R=0.757
topic      | F1=0.868 | Acc=0.871 | P=0.888 | R=0.859
action     | F1=0.679 | Acc=0.890 | P=0.693 | R=0.673
------------------------------------------------------------
✅ Overall Avg | F1=0.812 | Acc=0.905 | P=0.823 | R=0.807

✅ Epoch 22 | Loss=0.1132 | F1(avg)=0.812 | Sent=0.945 | Urg=0.755 | Top=0.868 | Act=0.679
bert_base_rule_ON Epoch 23/50: 100%|████████████████████████████████████████████| 20/20 [00:02<00:00,  8.02it/s]

📊 Validation Results (Per Task)
------------------------------------------------------------
sentiment  | F1=0.954 | Acc=0.961 | P=0.963 | R=0.949
urgency    | F1=0.746 | Acc=0.897 | P=0.739 | R=0.754
topic      | F1=0.868 | Acc=0.871 | P=0.888 | R=0.859
action     | F1=0.672 | Acc=0.884 | P=0.684 | R=0.667
------------------------------------------------------------
✅ Overall Avg | F1=0.810 | Acc=0.903 | P=0.819 | R=0.807

✅ Epoch 23 | Loss=0.1066 | F1(avg)=0.810 | Sent=0.954 | Urg=0.746 | Top=0.868 | Act=0.672
bert_base_rule_ON Epoch 24/50: 100%|████████████████████████████████████████████| 20/20 [00:02<00:00,  8.03it/s]

📊 Validation Results (Per Task)
------------------------------------------------------------
sentiment  | F1=0.946 | Acc=0.955 | P=0.959 | R=0.940
urgency    | F1=0.750 | Acc=0.897 | P=0.748 | R=0.754
topic      | F1=0.875 | Acc=0.877 | P=0.893 | R=0.867
action     | F1=0.672 | Acc=0.884 | P=0.684 | R=0.667
------------------------------------------------------------
✅ Overall Avg | F1=0.811 | Acc=0.903 | P=0.821 | R=0.807

✅ Epoch 24 | Loss=0.1044 | F1(avg)=0.811 | Sent=0.946 | Urg=0.750 | Top=0.875 | Act=0.672
bert_base_rule_ON Epoch 25/50: 100%|████████████████████████████████████████████| 20/20 [00:02<00:00,  8.00it/s]

📊 Validation Results (Per Task)
------------------------------------------------------------
sentiment  | F1=0.954 | Acc=0.961 | P=0.963 | R=0.949
urgency    | F1=0.733 | Acc=0.890 | P=0.724 | R=0.746
topic      | F1=0.868 | Acc=0.871 | P=0.888 | R=0.859
action     | F1=0.672 | Acc=0.884 | P=0.684 | R=0.667
------------------------------------------------------------
✅ Overall Avg | F1=0.807 | Acc=0.902 | P=0.815 | R=0.805

✅ Epoch 25 | Loss=0.0980 | F1(avg)=0.807 | Sent=0.954 | Urg=0.733 | Top=0.868 | Act=0.672
bert_base_rule_ON Epoch 26/50: 100%|████████████████████████████████████████████| 20/20 [00:02<00:00,  8.00it/s]

📊 Validation Results (Per Task)
------------------------------------------------------------
sentiment  | F1=0.946 | Acc=0.955 | P=0.959 | R=0.940
urgency    | F1=0.750 | Acc=0.897 | P=0.748 | R=0.754
topic      | F1=0.868 | Acc=0.871 | P=0.888 | R=0.859
action     | F1=0.665 | Acc=0.877 | P=0.676 | R=0.661
------------------------------------------------------------
✅ Overall Avg | F1=0.807 | Acc=0.900 | P=0.818 | R=0.803

✅ Epoch 26 | Loss=0.0988 | F1(avg)=0.807 | Sent=0.946 | Urg=0.750 | Top=0.868 | Act=0.665
bert_base_rule_ON Epoch 27/50: 100%|████████████████████████████████████████████| 20/20 [00:02<00:00,  8.01it/s]

📊 Validation Results (Per Task)
------------------------------------------------------------
sentiment  | F1=0.938 | Acc=0.948 | P=0.954 | R=0.931
urgency    | F1=0.750 | Acc=0.897 | P=0.748 | R=0.754
topic      | F1=0.876 | Acc=0.877 | P=0.898 | R=0.867
action     | F1=0.670 | Acc=0.884 | P=0.677 | R=0.667
------------------------------------------------------------
✅ Overall Avg | F1=0.809 | Acc=0.902 | P=0.819 | R=0.805

✅ Epoch 27 | Loss=0.0912 | F1(avg)=0.809 | Sent=0.938 | Urg=0.750 | Top=0.876 | Act=0.670
bert_base_rule_ON Epoch 28/50: 100%|████████████████████████████████████████████| 20/20 [00:02<00:00,  8.00it/s]

📊 Validation Results (Per Task)
------------------------------------------------------------
sentiment  | F1=0.954 | Acc=0.961 | P=0.963 | R=0.949
urgency    | F1=0.736 | Acc=0.890 | P=0.729 | R=0.746
topic      | F1=0.862 | Acc=0.865 | P=0.880 | R=0.852
action     | F1=0.672 | Acc=0.884 | P=0.684 | R=0.667
------------------------------------------------------------
✅ Overall Avg | F1=0.806 | Acc=0.900 | P=0.814 | R=0.803

✅ Epoch 28 | Loss=0.0878 | F1(avg)=0.806 | Sent=0.954 | Urg=0.736 | Top=0.862 | Act=0.672
bert_base_rule_ON Epoch 29/50: 100%|████████████████████████████████████████████| 20/20 [00:02<00:00,  7.99it/s]

📊 Validation Results (Per Task)
------------------------------------------------------------
sentiment  | F1=0.954 | Acc=0.961 | P=0.963 | R=0.949
urgency    | F1=0.718 | Acc=0.877 | P=0.710 | R=0.736
topic      | F1=0.869 | Acc=0.871 | P=0.885 | R=0.860
action     | F1=0.672 | Acc=0.884 | P=0.684 | R=0.667
------------------------------------------------------------
✅ Overall Avg | F1=0.803 | Acc=0.898 | P=0.810 | R=0.803

✅ Epoch 29 | Loss=0.0835 | F1(avg)=0.803 | Sent=0.954 | Urg=0.718 | Top=0.869 | Act=0.672
bert_base_rule_ON Epoch 30/50: 100%|████████████████████████████████████████████| 20/20 [00:02<00:00,  8.03it/s]

📊 Validation Results (Per Task)
------------------------------------------------------------
sentiment  | F1=0.961 | Acc=0.968 | P=0.968 | R=0.958
urgency    | F1=0.746 | Acc=0.897 | P=0.740 | R=0.754
topic      | F1=0.875 | Acc=0.877 | P=0.893 | R=0.867
action     | F1=0.665 | Acc=0.877 | P=0.676 | R=0.661
------------------------------------------------------------
✅ Overall Avg | F1=0.812 | Acc=0.905 | P=0.819 | R=0.810

✅ Epoch 30 | Loss=0.0781 | F1(avg)=0.812 | Sent=0.961 | Urg=0.746 | Top=0.875 | Act=0.665
bert_base_rule_ON Epoch 31/50: 100%|████████████████████████████████████████████| 20/20 [00:02<00:00,  8.01it/s]

📊 Validation Results (Per Task)
------------------------------------------------------------
sentiment  | F1=0.961 | Acc=0.968 | P=0.968 | R=0.958
urgency    | F1=0.744 | Acc=0.897 | P=0.739 | R=0.749
topic      | F1=0.868 | Acc=0.871 | P=0.888 | R=0.859
action     | F1=0.672 | Acc=0.884 | P=0.684 | R=0.667
------------------------------------------------------------
✅ Overall Avg | F1=0.811 | Acc=0.905 | P=0.820 | R=0.808

✅ Epoch 31 | Loss=0.0795 | F1(avg)=0.811 | Sent=0.961 | Urg=0.744 | Top=0.868 | Act=0.672
bert_base_rule_ON Epoch 32/50: 100%|████████████████████████████████████████████| 20/20 [00:02<00:00,  8.01it/s]

📊 Validation Results (Per Task)
------------------------------------------------------------
sentiment  | F1=0.961 | Acc=0.968 | P=0.968 | R=0.958
urgency    | F1=0.744 | Acc=0.897 | P=0.739 | R=0.749
topic      | F1=0.868 | Acc=0.871 | P=0.888 | R=0.859
action     | F1=0.672 | Acc=0.884 | P=0.684 | R=0.667
------------------------------------------------------------
✅ Overall Avg | F1=0.811 | Acc=0.905 | P=0.820 | R=0.808

✅ Epoch 32 | Loss=0.0763 | F1(avg)=0.811 | Sent=0.961 | Urg=0.744 | Top=0.868 | Act=0.672
bert_base_rule_ON Epoch 33/50: 100%|████████████████████████████████████████████| 20/20 [00:02<00:00,  8.01it/s]

📊 Validation Results (Per Task)
------------------------------------------------------------
sentiment  | F1=0.946 | Acc=0.955 | P=0.959 | R=0.940
urgency    | F1=0.726 | Acc=0.884 | P=0.717 | R=0.742
topic      | F1=0.868 | Acc=0.871 | P=0.888 | R=0.859
action     | F1=0.665 | Acc=0.877 | P=0.676 | R=0.661
------------------------------------------------------------
✅ Overall Avg | F1=0.801 | Acc=0.897 | P=0.810 | R=0.800

✅ Epoch 33 | Loss=0.0747 | F1(avg)=0.801 | Sent=0.946 | Urg=0.726 | Top=0.868 | Act=0.665
bert_base_rule_ON Epoch 34/50: 100%|████████████████████████████████████████████| 20/20 [00:02<00:00,  8.01it/s]

📊 Validation Results (Per Task)
------------------------------------------------------------
sentiment  | F1=0.961 | Acc=0.968 | P=0.968 | R=0.958
urgency    | F1=0.736 | Acc=0.890 | P=0.729 | R=0.746
topic      | F1=0.876 | Acc=0.877 | P=0.898 | R=0.867
action     | F1=0.672 | Acc=0.884 | P=0.684 | R=0.667
------------------------------------------------------------
✅ Overall Avg | F1=0.811 | Acc=0.905 | P=0.820 | R=0.809

✅ Epoch 34 | Loss=0.0710 | F1(avg)=0.811 | Sent=0.961 | Urg=0.736 | Top=0.876 | Act=0.672
bert_base_rule_ON Epoch 35/50: 100%|████████████████████████████████████████████| 20/20 [00:02<00:00,  8.02it/s]

📊 Validation Results (Per Task)
------------------------------------------------------------
sentiment  | F1=0.961 | Acc=0.968 | P=0.968 | R=0.958
urgency    | F1=0.744 | Acc=0.897 | P=0.739 | R=0.749
topic      | F1=0.870 | Acc=0.871 | P=0.886 | R=0.863
action     | F1=0.672 | Acc=0.884 | P=0.684 | R=0.667
------------------------------------------------------------
✅ Overall Avg | F1=0.812 | Acc=0.905 | P=0.819 | R=0.809

✅ Epoch 35 | Loss=0.0676 | F1(avg)=0.812 | Sent=0.961 | Urg=0.744 | Top=0.870 | Act=0.672
bert_base_rule_ON Epoch 36/50: 100%|████████████████████████████████████████████| 20/20 [00:02<00:00,  8.01it/s]

📊 Validation Results (Per Task)
------------------------------------------------------------
sentiment  | F1=0.946 | Acc=0.955 | P=0.959 | R=0.940
urgency    | F1=0.729 | Acc=0.884 | P=0.720 | R=0.742
topic      | F1=0.878 | Acc=0.877 | P=0.896 | R=0.871
action     | F1=0.672 | Acc=0.884 | P=0.684 | R=0.667
------------------------------------------------------------
✅ Overall Avg | F1=0.806 | Acc=0.900 | P=0.815 | R=0.805

✅ Epoch 36 | Loss=0.0679 | F1(avg)=0.806 | Sent=0.946 | Urg=0.729 | Top=0.878 | Act=0.672
bert_base_rule_ON Epoch 37/50: 100%|████████████████████████████████████████████| 20/20 [00:02<00:00,  8.05it/s]

📊 Validation Results (Per Task)
------------------------------------------------------------
sentiment  | F1=0.961 | Acc=0.968 | P=0.968 | R=0.958
urgency    | F1=0.744 | Acc=0.897 | P=0.739 | R=0.749
topic      | F1=0.876 | Acc=0.877 | P=0.898 | R=0.867
action     | F1=0.665 | Acc=0.877 | P=0.676 | R=0.661
------------------------------------------------------------
✅ Overall Avg | F1=0.812 | Acc=0.905 | P=0.820 | R=0.809

✅ Epoch 37 | Loss=0.0675 | F1(avg)=0.812 | Sent=0.961 | Urg=0.744 | Top=0.876 | Act=0.665
bert_base_rule_ON Epoch 38/50: 100%|████████████████████████████████████████████| 20/20 [00:02<00:00,  8.04it/s]

📊 Validation Results (Per Task)
------------------------------------------------------------
sentiment  | F1=0.960 | Acc=0.968 | P=0.964 | R=0.958
urgency    | F1=0.728 | Acc=0.884 | P=0.720 | R=0.740
topic      | F1=0.877 | Acc=0.877 | P=0.898 | R=0.867
action     | F1=0.672 | Acc=0.884 | P=0.684 | R=0.667
------------------------------------------------------------
✅ Overall Avg | F1=0.809 | Acc=0.903 | P=0.816 | R=0.808

✅ Epoch 38 | Loss=0.0656 | F1(avg)=0.809 | Sent=0.960 | Urg=0.728 | Top=0.877 | Act=0.672
bert_base_rule_ON Epoch 39/50: 100%|████████████████████████████████████████████| 20/20 [00:02<00:00,  8.02it/s]

📊 Validation Results (Per Task)
------------------------------------------------------------
sentiment  | F1=0.960 | Acc=0.968 | P=0.964 | R=0.958
urgency    | F1=0.729 | Acc=0.884 | P=0.720 | R=0.742
topic      | F1=0.876 | Acc=0.877 | P=0.898 | R=0.867
action     | F1=0.665 | Acc=0.877 | P=0.676 | R=0.661
------------------------------------------------------------
✅ Overall Avg | F1=0.808 | Acc=0.902 | P=0.814 | R=0.807

✅ Epoch 39 | Loss=0.0610 | F1(avg)=0.808 | Sent=0.960 | Urg=0.729 | Top=0.876 | Act=0.665
bert_base_rule_ON Epoch 40/50: 100%|████████████████████████████████████████████| 20/20 [00:02<00:00,  8.02it/s]

📊 Validation Results (Per Task)
------------------------------------------------------------
sentiment  | F1=0.961 | Acc=0.968 | P=0.968 | R=0.958
urgency    | F1=0.728 | Acc=0.884 | P=0.720 | R=0.740
topic      | F1=0.870 | Acc=0.871 | P=0.893 | R=0.859
action     | F1=0.672 | Acc=0.884 | P=0.684 | R=0.667
------------------------------------------------------------
✅ Overall Avg | F1=0.808 | Acc=0.902 | P=0.816 | R=0.806

✅ Epoch 40 | Loss=0.0653 | F1(avg)=0.808 | Sent=0.961 | Urg=0.728 | Top=0.870 | Act=0.672
bert_base_rule_ON Epoch 41/50: 100%|████████████████████████████████████████████| 20/20 [00:02<00:00,  8.05it/s]

📊 Validation Results (Per Task)
------------------------------------------------------------
sentiment  | F1=0.961 | Acc=0.968 | P=0.968 | R=0.958
urgency    | F1=0.744 | Acc=0.897 | P=0.739 | R=0.749
topic      | F1=0.876 | Acc=0.877 | P=0.898 | R=0.867
action     | F1=0.672 | Acc=0.884 | P=0.684 | R=0.667
------------------------------------------------------------
✅ Overall Avg | F1=0.813 | Acc=0.906 | P=0.822 | R=0.810

✅ Epoch 41 | Loss=0.0607 | F1(avg)=0.813 | Sent=0.961 | Urg=0.744 | Top=0.876 | Act=0.672
bert_base_rule_ON Epoch 42/50: 100%|████████████████████████████████████████████| 20/20 [00:02<00:00,  8.06it/s]

📊 Validation Results (Per Task)
------------------------------------------------------------
sentiment  | F1=0.954 | Acc=0.961 | P=0.963 | R=0.949
urgency    | F1=0.729 | Acc=0.884 | P=0.720 | R=0.742
topic      | F1=0.864 | Acc=0.865 | P=0.884 | R=0.852
action     | F1=0.665 | Acc=0.877 | P=0.676 | R=0.661
------------------------------------------------------------
✅ Overall Avg | F1=0.803 | Acc=0.897 | P=0.811 | R=0.801

✅ Epoch 42 | Loss=0.0618 | F1(avg)=0.803 | Sent=0.954 | Urg=0.729 | Top=0.864 | Act=0.665
bert_base_rule_ON Epoch 43/50: 100%|████████████████████████████████████████████| 20/20 [00:02<00:00,  8.05it/s]

📊 Validation Results (Per Task)
------------------------------------------------------------
sentiment  | F1=0.954 | Acc=0.961 | P=0.963 | R=0.949
urgency    | F1=0.736 | Acc=0.890 | P=0.729 | R=0.746
topic      | F1=0.875 | Acc=0.877 | P=0.893 | R=0.867
action     | F1=0.665 | Acc=0.877 | P=0.676 | R=0.661
------------------------------------------------------------
✅ Overall Avg | F1=0.807 | Acc=0.902 | P=0.815 | R=0.806

✅ Epoch 43 | Loss=0.0594 | F1(avg)=0.807 | Sent=0.954 | Urg=0.736 | Top=0.875 | Act=0.665
bert_base_rule_ON Epoch 44/50: 100%|████████████████████████████████████████████| 20/20 [00:02<00:00,  8.07it/s]

📊 Validation Results (Per Task)
------------------------------------------------------------
sentiment  | F1=0.954 | Acc=0.961 | P=0.963 | R=0.949
urgency    | F1=0.736 | Acc=0.890 | P=0.729 | R=0.746
topic      | F1=0.876 | Acc=0.877 | P=0.898 | R=0.867
action     | F1=0.665 | Acc=0.877 | P=0.676 | R=0.661
------------------------------------------------------------
✅ Overall Avg | F1=0.808 | Acc=0.902 | P=0.816 | R=0.806

✅ Epoch 44 | Loss=0.0587 | F1(avg)=0.808 | Sent=0.954 | Urg=0.736 | Top=0.876 | Act=0.665
bert_base_rule_ON Epoch 45/50: 100%|████████████████████████████████████████████| 20/20 [00:02<00:00,  8.04it/s]

📊 Validation Results (Per Task)
------------------------------------------------------------
sentiment  | F1=0.954 | Acc=0.961 | P=0.963 | R=0.949
urgency    | F1=0.728 | Acc=0.884 | P=0.720 | R=0.740
topic      | F1=0.876 | Acc=0.877 | P=0.898 | R=0.867
action     | F1=0.665 | Acc=0.877 | P=0.676 | R=0.661
------------------------------------------------------------
✅ Overall Avg | F1=0.806 | Acc=0.900 | P=0.814 | R=0.804

✅ Epoch 45 | Loss=0.0603 | F1(avg)=0.806 | Sent=0.954 | Urg=0.728 | Top=0.876 | Act=0.665
bert_base_rule_ON Epoch 46/50: 100%|████████████████████████████████████████████| 20/20 [00:02<00:00,  8.05it/s]

📊 Validation Results (Per Task)
------------------------------------------------------------
sentiment  | F1=0.954 | Acc=0.961 | P=0.963 | R=0.949
urgency    | F1=0.744 | Acc=0.897 | P=0.739 | R=0.749
topic      | F1=0.868 | Acc=0.871 | P=0.888 | R=0.859
action     | F1=0.665 | Acc=0.877 | P=0.676 | R=0.661
------------------------------------------------------------
✅ Overall Avg | F1=0.808 | Acc=0.902 | P=0.817 | R=0.804

✅ Epoch 46 | Loss=0.0583 | F1(avg)=0.808 | Sent=0.954 | Urg=0.744 | Top=0.868 | Act=0.665
bert_base_rule_ON Epoch 47/50: 100%|████████████████████████████████████████████| 20/20 [00:02<00:00,  8.05it/s]

📊 Validation Results (Per Task)
------------------------------------------------------------
sentiment  | F1=0.961 | Acc=0.968 | P=0.968 | R=0.958
urgency    | F1=0.719 | Acc=0.877 | P=0.712 | R=0.734
topic      | F1=0.868 | Acc=0.871 | P=0.888 | R=0.859
action     | F1=0.665 | Acc=0.877 | P=0.676 | R=0.661
------------------------------------------------------------
✅ Overall Avg | F1=0.803 | Acc=0.898 | P=0.811 | R=0.803

✅ Epoch 47 | Loss=0.0593 | F1(avg)=0.803 | Sent=0.961 | Urg=0.719 | Top=0.868 | Act=0.665
bert_base_rule_ON Epoch 48/50: 100%|████████████████████████████████████████████| 20/20 [00:02<00:00,  8.04it/s]

📊 Validation Results (Per Task)
------------------------------------------------------------
sentiment  | F1=0.961 | Acc=0.968 | P=0.968 | R=0.958
urgency    | F1=0.726 | Acc=0.884 | P=0.719 | R=0.737
topic      | F1=0.868 | Acc=0.871 | P=0.888 | R=0.859
action     | F1=0.665 | Acc=0.877 | P=0.676 | R=0.661
------------------------------------------------------------
✅ Overall Avg | F1=0.805 | Acc=0.900 | P=0.813 | R=0.804

✅ Epoch 48 | Loss=0.0604 | F1(avg)=0.805 | Sent=0.961 | Urg=0.726 | Top=0.868 | Act=0.665
bert_base_rule_ON Epoch 49/50: 100%|████████████████████████████████████████████| 20/20 [00:02<00:00,  8.05it/s]

📊 Validation Results (Per Task)
------------------------------------------------------------
sentiment  | F1=0.954 | Acc=0.961 | P=0.963 | R=0.949
urgency    | F1=0.744 | Acc=0.897 | P=0.739 | R=0.749
topic      | F1=0.868 | Acc=0.871 | P=0.888 | R=0.859
action     | F1=0.665 | Acc=0.877 | P=0.676 | R=0.661
------------------------------------------------------------
✅ Overall Avg | F1=0.808 | Acc=0.902 | P=0.817 | R=0.804

✅ Epoch 49 | Loss=0.0574 | F1(avg)=0.808 | Sent=0.954 | Urg=0.744 | Top=0.868 | Act=0.665
bert_base_rule_ON Epoch 50/50: 100%|████████████████████████████████████████████| 20/20 [00:02<00:00,  7.89it/s]

📊 Validation Results (Per Task)
------------------------------------------------------------
sentiment  | F1=0.954 | Acc=0.961 | P=0.963 | R=0.949
urgency    | F1=0.744 | Acc=0.897 | P=0.739 | R=0.749
topic      | F1=0.868 | Acc=0.871 | P=0.888 | R=0.859
action     | F1=0.665 | Acc=0.877 | P=0.676 | R=0.661
------------------------------------------------------------
✅ Overall Avg | F1=0.808 | Acc=0.902 | P=0.817 | R=0.804

✅ Epoch 50 | Loss=0.0588 | F1(avg)=0.808 | Sent=0.954 | Urg=0.744 | Top=0.868 | Act=0.665
