Use device:cuda
bert_base_unfreeze0 Epoch 1/50: 100%|███████████████████████████████████████████| 20/20 [00:02<00:00,  9.21it/s]

📊 Validation Results (Per Task)
------------------------------------------------------------
sentiment  | F1=0.238 | Acc=0.394 | P=0.216 | R=0.297
urgency    | F1=0.238 | Acc=0.374 | P=0.230 | R=0.246
topic      | F1=0.048 | Acc=0.148 | P=0.062 | R=0.138
action     | F1=0.031 | Acc=0.103 | P=0.017 | R=0.167
------------------------------------------------------------
✅ Overall Avg | F1=0.139 | Acc=0.255 | P=0.131 | R=0.212

✅ Epoch 1 | Loss=1.5093 | F1(avg)=0.139 | Sent=0.238 | Urg=0.238 | Top=0.048 | Act=0.031
bert_base_unfreeze0 Epoch 2/50: 100%|███████████████████████████████████████████| 20/20 [00:02<00:00,  9.20it/s]

📊 Validation Results (Per Task)
------------------------------------------------------------
sentiment  | F1=0.249 | Acc=0.471 | P=0.323 | R=0.345
urgency    | F1=0.266 | Acc=0.452 | P=0.257 | R=0.284
topic      | F1=0.076 | Acc=0.174 | P=0.076 | R=0.145
action     | F1=0.031 | Acc=0.103 | P=0.017 | R=0.167
------------------------------------------------------------
✅ Overall Avg | F1=0.155 | Acc=0.300 | P=0.168 | R=0.235

✅ Epoch 2 | Loss=1.4911 | F1(avg)=0.155 | Sent=0.249 | Urg=0.266 | Top=0.076 | Act=0.031
bert_base_unfreeze0 Epoch 3/50: 100%|███████████████████████████████████████████| 20/20 [00:02<00:00,  9.20it/s]

📊 Validation Results (Per Task)
------------------------------------------------------------
sentiment  | F1=0.212 | Acc=0.465 | P=0.156 | R=0.333
urgency    | F1=0.271 | Acc=0.497 | P=0.269 | R=0.304
topic      | F1=0.109 | Acc=0.226 | P=0.108 | R=0.178
action     | F1=0.048 | Acc=0.129 | P=0.129 | R=0.175
------------------------------------------------------------
✅ Overall Avg | F1=0.160 | Acc=0.329 | P=0.165 | R=0.248

✅ Epoch 3 | Loss=1.4759 | F1(avg)=0.160 | Sent=0.212 | Urg=0.271 | Top=0.109 | Act=0.048
bert_base_unfreeze0 Epoch 4/50: 100%|███████████████████████████████████████████| 20/20 [00:02<00:00,  9.21it/s]

📊 Validation Results (Per Task)
------------------------------------------------------------
sentiment  | F1=0.211 | Acc=0.465 | P=0.155 | R=0.333
urgency    | F1=0.268 | Acc=0.535 | P=0.277 | R=0.320
topic      | F1=0.133 | Acc=0.271 | P=0.255 | R=0.206
action     | F1=0.064 | Acc=0.155 | P=0.142 | R=0.175
------------------------------------------------------------
✅ Overall Avg | F1=0.169 | Acc=0.356 | P=0.207 | R=0.258

✅ Epoch 4 | Loss=1.4560 | F1(avg)=0.169 | Sent=0.211 | Urg=0.268 | Top=0.133 | Act=0.064
bert_base_unfreeze0 Epoch 5/50: 100%|███████████████████████████████████████████| 20/20 [00:02<00:00,  9.20it/s]

📊 Validation Results (Per Task)
------------------------------------------------------------
sentiment  | F1=0.211 | Acc=0.465 | P=0.155 | R=0.333
urgency    | F1=0.256 | Acc=0.548 | P=0.264 | R=0.323
topic      | F1=0.141 | Acc=0.297 | P=0.176 | R=0.215
action     | F1=0.099 | Acc=0.232 | P=0.130 | R=0.192
------------------------------------------------------------
✅ Overall Avg | F1=0.177 | Acc=0.385 | P=0.181 | R=0.266

✅ Epoch 5 | Loss=1.4412 | F1(avg)=0.177 | Sent=0.211 | Urg=0.256 | Top=0.141 | Act=0.099
bert_base_unfreeze0 Epoch 6/50: 100%|███████████████████████████████████████████| 20/20 [00:02<00:00,  9.19it/s]

📊 Validation Results (Per Task)
------------------------------------------------------------
sentiment  | F1=0.211 | Acc=0.465 | P=0.155 | R=0.333
urgency    | F1=0.262 | Acc=0.568 | P=0.304 | R=0.334
topic      | F1=0.154 | Acc=0.323 | P=0.174 | R=0.224
action     | F1=0.119 | Acc=0.290 | P=0.131 | R=0.202
------------------------------------------------------------
✅ Overall Avg | F1=0.187 | Acc=0.411 | P=0.191 | R=0.273

✅ Epoch 6 | Loss=1.4253 | F1(avg)=0.187 | Sent=0.211 | Urg=0.262 | Top=0.154 | Act=0.119
bert_base_unfreeze0 Epoch 7/50: 100%|███████████████████████████████████████████| 20/20 [00:02<00:00,  9.18it/s]

📊 Validation Results (Per Task)
------------------------------------------------------------
sentiment  | F1=0.211 | Acc=0.465 | P=0.155 | R=0.333
urgency    | F1=0.253 | Acc=0.568 | P=0.275 | R=0.332
topic      | F1=0.175 | Acc=0.335 | P=0.202 | R=0.233
action     | F1=0.155 | Acc=0.419 | P=0.139 | R=0.235
------------------------------------------------------------
✅ Overall Avg | F1=0.198 | Acc=0.447 | P=0.193 | R=0.283

✅ Epoch 7 | Loss=1.4129 | F1(avg)=0.198 | Sent=0.211 | Urg=0.253 | Top=0.175 | Act=0.155
bert_base_unfreeze0 Epoch 8/50: 100%|███████████████████████████████████████████| 20/20 [00:02<00:00,  9.25it/s]

📊 Validation Results (Per Task)
------------------------------------------------------------
sentiment  | F1=0.211 | Acc=0.465 | P=0.155 | R=0.333
urgency    | F1=0.255 | Acc=0.574 | P=0.304 | R=0.336
topic      | F1=0.164 | Acc=0.323 | P=0.177 | R=0.218
action     | F1=0.153 | Acc=0.452 | P=0.126 | R=0.212
------------------------------------------------------------
✅ Overall Avg | F1=0.196 | Acc=0.453 | P=0.190 | R=0.275

✅ Epoch 8 | Loss=1.4009 | F1(avg)=0.196 | Sent=0.211 | Urg=0.255 | Top=0.164 | Act=0.153
bert_base_unfreeze0 Epoch 9/50: 100%|███████████████████████████████████████████| 20/20 [00:02<00:00,  9.20it/s]

📊 Validation Results (Per Task)
------------------------------------------------------------
sentiment  | F1=0.211 | Acc=0.465 | P=0.155 | R=0.333
urgency    | F1=0.255 | Acc=0.574 | P=0.304 | R=0.336
topic      | F1=0.162 | Acc=0.323 | P=0.181 | R=0.215
action     | F1=0.183 | Acc=0.523 | P=0.195 | R=0.231
------------------------------------------------------------
✅ Overall Avg | F1=0.203 | Acc=0.471 | P=0.209 | R=0.279

✅ Epoch 9 | Loss=1.3899 | F1(avg)=0.203 | Sent=0.211 | Urg=0.255 | Top=0.162 | Act=0.183
bert_base_unfreeze0 Epoch 10/50: 100%|██████████████████████████████████████████| 20/20 [00:02<00:00,  9.17it/s]

📊 Validation Results (Per Task)
------------------------------------------------------------
sentiment  | F1=0.211 | Acc=0.465 | P=0.155 | R=0.333
urgency    | F1=0.255 | Acc=0.574 | P=0.304 | R=0.336
topic      | F1=0.153 | Acc=0.316 | P=0.178 | R=0.206
action     | F1=0.171 | Acc=0.523 | P=0.187 | R=0.201
------------------------------------------------------------
✅ Overall Avg | F1=0.198 | Acc=0.469 | P=0.206 | R=0.269

✅ Epoch 10 | Loss=1.3794 | F1(avg)=0.198 | Sent=0.211 | Urg=0.255 | Top=0.153 | Act=0.171
bert_base_unfreeze0 Epoch 11/50: 100%|██████████████████████████████████████████| 20/20 [00:02<00:00,  9.19it/s]

📊 Validation Results (Per Task)
------------------------------------------------------------
sentiment  | F1=0.211 | Acc=0.465 | P=0.155 | R=0.333
urgency    | F1=0.254 | Acc=0.574 | P=0.358 | R=0.336
topic      | F1=0.144 | Acc=0.303 | P=0.173 | R=0.196
action     | F1=0.191 | Acc=0.542 | P=0.258 | R=0.212
------------------------------------------------------------
✅ Overall Avg | F1=0.200 | Acc=0.471 | P=0.236 | R=0.269

✅ Epoch 11 | Loss=1.3609 | F1(avg)=0.200 | Sent=0.211 | Urg=0.254 | Top=0.144 | Act=0.191
bert_base_unfreeze0 Epoch 12/50: 100%|██████████████████████████████████████████| 20/20 [00:02<00:00,  9.19it/s]

📊 Validation Results (Per Task)
------------------------------------------------------------
sentiment  | F1=0.211 | Acc=0.465 | P=0.155 | R=0.333
urgency    | F1=0.254 | Acc=0.574 | P=0.358 | R=0.336
topic      | F1=0.154 | Acc=0.310 | P=0.187 | R=0.204
action     | F1=0.146 | Acc=0.535 | P=0.173 | R=0.185
------------------------------------------------------------
✅ Overall Avg | F1=0.191 | Acc=0.471 | P=0.219 | R=0.264

✅ Epoch 12 | Loss=1.3632 | F1(avg)=0.191 | Sent=0.211 | Urg=0.254 | Top=0.154 | Act=0.146
bert_base_unfreeze0 Epoch 13/50: 100%|██████████████████████████████████████████| 20/20 [00:02<00:00,  9.17it/s]

📊 Validation Results (Per Task)
------------------------------------------------------------
sentiment  | F1=0.211 | Acc=0.465 | P=0.155 | R=0.333
urgency    | F1=0.256 | Acc=0.581 | P=0.526 | R=0.339
topic      | F1=0.161 | Acc=0.316 | P=0.188 | R=0.212
action     | F1=0.136 | Acc=0.529 | P=0.156 | R=0.179
------------------------------------------------------------
✅ Overall Avg | F1=0.191 | Acc=0.473 | P=0.256 | R=0.266

✅ Epoch 13 | Loss=1.3472 | F1(avg)=0.191 | Sent=0.211 | Urg=0.256 | Top=0.161 | Act=0.136
bert_base_unfreeze0 Epoch 14/50: 100%|██████████████████████████████████████████| 20/20 [00:02<00:00,  9.17it/s]

📊 Validation Results (Per Task)
------------------------------------------------------------
sentiment  | F1=0.211 | Acc=0.465 | P=0.155 | R=0.333
urgency    | F1=0.256 | Acc=0.581 | P=0.526 | R=0.339
topic      | F1=0.172 | Acc=0.329 | P=0.212 | R=0.221
action     | F1=0.136 | Acc=0.529 | P=0.156 | R=0.179
------------------------------------------------------------
✅ Overall Avg | F1=0.194 | Acc=0.476 | P=0.262 | R=0.268

✅ Epoch 14 | Loss=1.3370 | F1(avg)=0.194 | Sent=0.211 | Urg=0.256 | Top=0.172 | Act=0.136
bert_base_unfreeze0 Epoch 15/50: 100%|██████████████████████████████████████████| 20/20 [00:02<00:00,  9.17it/s]

📊 Validation Results (Per Task)
------------------------------------------------------------
sentiment  | F1=0.211 | Acc=0.465 | P=0.155 | R=0.333
urgency    | F1=0.256 | Acc=0.581 | P=0.526 | R=0.339
topic      | F1=0.176 | Acc=0.329 | P=0.216 | R=0.223
action     | F1=0.136 | Acc=0.529 | P=0.156 | R=0.179
------------------------------------------------------------
✅ Overall Avg | F1=0.195 | Acc=0.476 | P=0.263 | R=0.268

✅ Epoch 15 | Loss=1.3316 | F1(avg)=0.195 | Sent=0.211 | Urg=0.256 | Top=0.176 | Act=0.136
bert_base_unfreeze0 Epoch 16/50: 100%|██████████████████████████████████████████| 20/20 [00:02<00:00,  9.22it/s]

📊 Validation Results (Per Task)
------------------------------------------------------------
sentiment  | F1=0.211 | Acc=0.465 | P=0.155 | R=0.333
urgency    | F1=0.268 | Acc=0.587 | P=0.527 | R=0.345
topic      | F1=0.170 | Acc=0.329 | P=0.208 | R=0.220
action     | F1=0.136 | Acc=0.529 | P=0.156 | R=0.179
------------------------------------------------------------
✅ Overall Avg | F1=0.196 | Acc=0.477 | P=0.261 | R=0.269

✅ Epoch 16 | Loss=1.3266 | F1(avg)=0.196 | Sent=0.211 | Urg=0.268 | Top=0.170 | Act=0.136
bert_base_unfreeze0 Epoch 17/50: 100%|██████████████████████████████████████████| 20/20 [00:02<00:00,  9.16it/s]

📊 Validation Results (Per Task)
------------------------------------------------------------
sentiment  | F1=0.211 | Acc=0.465 | P=0.155 | R=0.333
urgency    | F1=0.268 | Acc=0.587 | P=0.527 | R=0.345
topic      | F1=0.157 | Acc=0.316 | P=0.186 | R=0.210
action     | F1=0.136 | Acc=0.529 | P=0.156 | R=0.179
------------------------------------------------------------
✅ Overall Avg | F1=0.193 | Acc=0.474 | P=0.256 | R=0.267

✅ Epoch 17 | Loss=1.3177 | F1(avg)=0.193 | Sent=0.211 | Urg=0.268 | Top=0.157 | Act=0.136
bert_base_unfreeze0 Epoch 18/50: 100%|██████████████████████████████████████████| 20/20 [00:02<00:00,  9.15it/s]

📊 Validation Results (Per Task)
------------------------------------------------------------
sentiment  | F1=0.211 | Acc=0.465 | P=0.155 | R=0.333
urgency    | F1=0.268 | Acc=0.587 | P=0.527 | R=0.345
topic      | F1=0.163 | Acc=0.323 | P=0.190 | R=0.216
action     | F1=0.136 | Acc=0.529 | P=0.156 | R=0.179
------------------------------------------------------------
✅ Overall Avg | F1=0.195 | Acc=0.476 | P=0.257 | R=0.268

✅ Epoch 18 | Loss=1.3109 | F1(avg)=0.195 | Sent=0.211 | Urg=0.268 | Top=0.163 | Act=0.136
bert_base_unfreeze0 Epoch 19/50: 100%|██████████████████████████████████████████| 20/20 [00:02<00:00,  9.14it/s]

📊 Validation Results (Per Task)
------------------------------------------------------------
sentiment  | F1=0.211 | Acc=0.465 | P=0.155 | R=0.333
urgency    | F1=0.280 | Acc=0.594 | P=0.529 | R=0.351
topic      | F1=0.160 | Acc=0.316 | P=0.184 | R=0.212
action     | F1=0.136 | Acc=0.529 | P=0.156 | R=0.179
------------------------------------------------------------
✅ Overall Avg | F1=0.197 | Acc=0.476 | P=0.256 | R=0.269

✅ Epoch 19 | Loss=1.3012 | F1(avg)=0.197 | Sent=0.211 | Urg=0.280 | Top=0.160 | Act=0.136
bert_base_unfreeze0 Epoch 20/50: 100%|██████████████████████████████████████████| 20/20 [00:02<00:00,  9.14it/s]

📊 Validation Results (Per Task)
------------------------------------------------------------
sentiment  | F1=0.211 | Acc=0.465 | P=0.155 | R=0.333
urgency    | F1=0.280 | Acc=0.594 | P=0.529 | R=0.351
topic      | F1=0.165 | Acc=0.323 | P=0.185 | R=0.217
action     | F1=0.136 | Acc=0.529 | P=0.156 | R=0.179
------------------------------------------------------------
✅ Overall Avg | F1=0.198 | Acc=0.477 | P=0.256 | R=0.270

✅ Epoch 20 | Loss=1.3059 | F1(avg)=0.198 | Sent=0.211 | Urg=0.280 | Top=0.165 | Act=0.136
bert_base_unfreeze0 Epoch 21/50: 100%|██████████████████████████████████████████| 20/20 [00:02<00:00,  9.14it/s]

📊 Validation Results (Per Task)
------------------------------------------------------------
sentiment  | F1=0.211 | Acc=0.465 | P=0.155 | R=0.333
urgency    | F1=0.280 | Acc=0.594 | P=0.529 | R=0.351
topic      | F1=0.181 | Acc=0.342 | P=0.197 | R=0.234
action     | F1=0.136 | Acc=0.529 | P=0.156 | R=0.179
------------------------------------------------------------
✅ Overall Avg | F1=0.202 | Acc=0.482 | P=0.259 | R=0.274

✅ Epoch 21 | Loss=1.2936 | F1(avg)=0.202 | Sent=0.211 | Urg=0.280 | Top=0.181 | Act=0.136
bert_base_unfreeze0 Epoch 22/50: 100%|██████████████████████████████████████████| 20/20 [00:02<00:00,  9.15it/s]

📊 Validation Results (Per Task)
------------------------------------------------------------
sentiment  | F1=0.211 | Acc=0.465 | P=0.155 | R=0.333
urgency    | F1=0.292 | Acc=0.600 | P=0.530 | R=0.357
topic      | F1=0.181 | Acc=0.342 | P=0.197 | R=0.234
action     | F1=0.136 | Acc=0.529 | P=0.156 | R=0.179
------------------------------------------------------------
✅ Overall Avg | F1=0.205 | Acc=0.484 | P=0.259 | R=0.276

✅ Epoch 22 | Loss=1.2776 | F1(avg)=0.205 | Sent=0.211 | Urg=0.292 | Top=0.181 | Act=0.136
bert_base_unfreeze0 Epoch 23/50: 100%|██████████████████████████████████████████| 20/20 [00:02<00:00,  9.17it/s]

📊 Validation Results (Per Task)
------------------------------------------------------------
sentiment  | F1=0.211 | Acc=0.465 | P=0.155 | R=0.333
urgency    | F1=0.303 | Acc=0.606 | P=0.531 | R=0.363
topic      | F1=0.200 | Acc=0.361 | P=0.223 | R=0.251
action     | F1=0.136 | Acc=0.529 | P=0.156 | R=0.179
------------------------------------------------------------
✅ Overall Avg | F1=0.213 | Acc=0.490 | P=0.266 | R=0.282

✅ Epoch 23 | Loss=1.2745 | F1(avg)=0.213 | Sent=0.211 | Urg=0.303 | Top=0.200 | Act=0.136
bert_base_unfreeze0 Epoch 24/50: 100%|██████████████████████████████████████████| 20/20 [00:02<00:00,  9.19it/s]

📊 Validation Results (Per Task)
------------------------------------------------------------
sentiment  | F1=0.211 | Acc=0.465 | P=0.155 | R=0.333
urgency    | F1=0.303 | Acc=0.606 | P=0.531 | R=0.363
topic      | F1=0.206 | Acc=0.368 | P=0.242 | R=0.257
action     | F1=0.136 | Acc=0.529 | P=0.156 | R=0.179
------------------------------------------------------------
✅ Overall Avg | F1=0.214 | Acc=0.492 | P=0.271 | R=0.283

✅ Epoch 24 | Loss=1.2719 | F1(avg)=0.214 | Sent=0.211 | Urg=0.303 | Top=0.206 | Act=0.136
bert_base_unfreeze0 Epoch 25/50: 100%|██████████████████████████████████████████| 20/20 [00:02<00:00,  9.16it/s]

📊 Validation Results (Per Task)
------------------------------------------------------------
sentiment  | F1=0.241 | Acc=0.477 | P=0.490 | R=0.348
urgency    | F1=0.303 | Acc=0.606 | P=0.531 | R=0.363
topic      | F1=0.206 | Acc=0.368 | P=0.242 | R=0.257
action     | F1=0.136 | Acc=0.529 | P=0.145 | R=0.179
------------------------------------------------------------
✅ Overall Avg | F1=0.221 | Acc=0.495 | P=0.352 | R=0.286

✅ Epoch 25 | Loss=1.2571 | F1(avg)=0.221 | Sent=0.241 | Urg=0.303 | Top=0.206 | Act=0.136
bert_base_unfreeze0 Epoch 26/50: 100%|██████████████████████████████████████████| 20/20 [00:02<00:00,  9.15it/s]

📊 Validation Results (Per Task)
------------------------------------------------------------
sentiment  | F1=0.241 | Acc=0.477 | P=0.490 | R=0.348
urgency    | F1=0.314 | Acc=0.613 | P=0.532 | R=0.369
topic      | F1=0.205 | Acc=0.368 | P=0.239 | R=0.257
action     | F1=0.136 | Acc=0.529 | P=0.145 | R=0.179
------------------------------------------------------------
✅ Overall Avg | F1=0.224 | Acc=0.497 | P=0.352 | R=0.288

✅ Epoch 26 | Loss=1.2548 | F1(avg)=0.224 | Sent=0.241 | Urg=0.314 | Top=0.205 | Act=0.136
bert_base_unfreeze0 Epoch 27/50: 100%|██████████████████████████████████████████| 20/20 [00:02<00:00,  9.14it/s]

📊 Validation Results (Per Task)
------------------------------------------------------------
sentiment  | F1=0.241 | Acc=0.477 | P=0.490 | R=0.348
urgency    | F1=0.324 | Acc=0.619 | P=0.534 | R=0.375
topic      | F1=0.210 | Acc=0.374 | P=0.242 | R=0.262
action     | F1=0.136 | Acc=0.529 | P=0.145 | R=0.179
------------------------------------------------------------
✅ Overall Avg | F1=0.228 | Acc=0.500 | P=0.353 | R=0.291

✅ Epoch 27 | Loss=1.2506 | F1(avg)=0.228 | Sent=0.241 | Urg=0.324 | Top=0.210 | Act=0.136
bert_base_unfreeze0 Epoch 28/50: 100%|██████████████████████████████████████████| 20/20 [00:02<00:00,  9.16it/s]

📊 Validation Results (Per Task)
------------------------------------------------------------
sentiment  | F1=0.241 | Acc=0.477 | P=0.490 | R=0.348
urgency    | F1=0.324 | Acc=0.619 | P=0.534 | R=0.375
topic      | F1=0.209 | Acc=0.374 | P=0.263 | R=0.262
action     | F1=0.136 | Acc=0.529 | P=0.145 | R=0.179
------------------------------------------------------------
✅ Overall Avg | F1=0.228 | Acc=0.500 | P=0.358 | R=0.291

✅ Epoch 28 | Loss=1.2464 | F1(avg)=0.228 | Sent=0.241 | Urg=0.324 | Top=0.209 | Act=0.136
bert_base_unfreeze0 Epoch 29/50: 100%|██████████████████████████████████████████| 20/20 [00:02<00:00,  9.15it/s]

📊 Validation Results (Per Task)
------------------------------------------------------------
sentiment  | F1=0.241 | Acc=0.477 | P=0.490 | R=0.348
urgency    | F1=0.324 | Acc=0.619 | P=0.534 | R=0.375
topic      | F1=0.207 | Acc=0.374 | P=0.258 | R=0.262
action     | F1=0.136 | Acc=0.529 | P=0.145 | R=0.179
------------------------------------------------------------
✅ Overall Avg | F1=0.227 | Acc=0.500 | P=0.357 | R=0.291

✅ Epoch 29 | Loss=1.2434 | F1(avg)=0.227 | Sent=0.241 | Urg=0.324 | Top=0.207 | Act=0.136
bert_base_unfreeze0 Epoch 30/50: 100%|██████████████████████████████████████████| 20/20 [00:02<00:00,  9.16it/s]

📊 Validation Results (Per Task)
------------------------------------------------------------
sentiment  | F1=0.254 | Acc=0.484 | P=0.491 | R=0.355
urgency    | F1=0.335 | Acc=0.626 | P=0.535 | R=0.381
topic      | F1=0.211 | Acc=0.381 | P=0.261 | R=0.268
action     | F1=0.136 | Acc=0.529 | P=0.145 | R=0.179
------------------------------------------------------------
✅ Overall Avg | F1=0.234 | Acc=0.505 | P=0.358 | R=0.295

✅ Epoch 30 | Loss=1.2372 | F1(avg)=0.234 | Sent=0.254 | Urg=0.335 | Top=0.211 | Act=0.136
bert_base_unfreeze0 Epoch 31/50: 100%|██████████████████████████████████████████| 20/20 [00:02<00:00,  9.20it/s]

📊 Validation Results (Per Task)
------------------------------------------------------------
sentiment  | F1=0.254 | Acc=0.484 | P=0.491 | R=0.355
urgency    | F1=0.355 | Acc=0.639 | P=0.538 | R=0.393
topic      | F1=0.211 | Acc=0.381 | P=0.261 | R=0.268
action     | F1=0.146 | Acc=0.535 | P=0.162 | R=0.185
------------------------------------------------------------
✅ Overall Avg | F1=0.241 | Acc=0.510 | P=0.363 | R=0.300

✅ Epoch 31 | Loss=1.2334 | F1(avg)=0.241 | Sent=0.254 | Urg=0.355 | Top=0.211 | Act=0.146
bert_base_unfreeze0 Epoch 32/50: 100%|██████████████████████████████████████████| 20/20 [00:02<00:00,  9.19it/s]

📊 Validation Results (Per Task)
------------------------------------------------------------
sentiment  | F1=0.254 | Acc=0.484 | P=0.491 | R=0.355
urgency    | F1=0.355 | Acc=0.639 | P=0.538 | R=0.393
topic      | F1=0.211 | Acc=0.381 | P=0.261 | R=0.268
action     | F1=0.146 | Acc=0.535 | P=0.162 | R=0.185
------------------------------------------------------------
✅ Overall Avg | F1=0.241 | Acc=0.510 | P=0.363 | R=0.300

✅ Epoch 32 | Loss=1.2293 | F1(avg)=0.241 | Sent=0.254 | Urg=0.355 | Top=0.211 | Act=0.146
bert_base_unfreeze0 Epoch 33/50: 100%|██████████████████████████████████████████| 20/20 [00:02<00:00,  9.18it/s]

📊 Validation Results (Per Task)
------------------------------------------------------------
sentiment  | F1=0.254 | Acc=0.484 | P=0.491 | R=0.355
urgency    | F1=0.354 | Acc=0.639 | P=0.509 | R=0.393
topic      | F1=0.211 | Acc=0.381 | P=0.261 | R=0.268
action     | F1=0.155 | Acc=0.542 | P=0.174 | R=0.190
------------------------------------------------------------
✅ Overall Avg | F1=0.244 | Acc=0.511 | P=0.359 | R=0.301

✅ Epoch 33 | Loss=1.2330 | F1(avg)=0.244 | Sent=0.254 | Urg=0.354 | Top=0.211 | Act=0.155
bert_base_unfreeze0 Epoch 34/50: 100%|██████████████████████████████████████████| 20/20 [00:02<00:00,  9.17it/s]

📊 Validation Results (Per Task)
------------------------------------------------------------
sentiment  | F1=0.268 | Acc=0.490 | P=0.492 | R=0.362
urgency    | F1=0.354 | Acc=0.639 | P=0.509 | R=0.393
topic      | F1=0.214 | Acc=0.387 | P=0.262 | R=0.273
action     | F1=0.155 | Acc=0.542 | P=0.174 | R=0.190
------------------------------------------------------------
✅ Overall Avg | F1=0.248 | Acc=0.515 | P=0.359 | R=0.305

✅ Epoch 34 | Loss=1.2101 | F1(avg)=0.248 | Sent=0.268 | Urg=0.354 | Top=0.214 | Act=0.155
bert_base_unfreeze0 Epoch 35/50: 100%|██████████████████████████████████████████| 20/20 [00:02<00:00,  9.18it/s]

📊 Validation Results (Per Task)
------------------------------------------------------------
sentiment  | F1=0.268 | Acc=0.490 | P=0.492 | R=0.362
urgency    | F1=0.354 | Acc=0.639 | P=0.509 | R=0.393
topic      | F1=0.210 | Acc=0.381 | P=0.254 | R=0.269
action     | F1=0.155 | Acc=0.542 | P=0.174 | R=0.190
------------------------------------------------------------
✅ Overall Avg | F1=0.247 | Acc=0.513 | P=0.357 | R=0.304

✅ Epoch 35 | Loss=1.2163 | F1(avg)=0.247 | Sent=0.268 | Urg=0.354 | Top=0.210 | Act=0.155
bert_base_unfreeze0 Epoch 36/50: 100%|██████████████████████████████████████████| 20/20 [00:02<00:00,  9.17it/s]

📊 Validation Results (Per Task)
------------------------------------------------------------
sentiment  | F1=0.293 | Acc=0.503 | P=0.494 | R=0.376
urgency    | F1=0.354 | Acc=0.639 | P=0.509 | R=0.393
topic      | F1=0.214 | Acc=0.387 | P=0.259 | R=0.275
action     | F1=0.155 | Acc=0.542 | P=0.174 | R=0.190
------------------------------------------------------------
✅ Overall Avg | F1=0.254 | Acc=0.518 | P=0.359 | R=0.309

✅ Epoch 36 | Loss=1.2108 | F1(avg)=0.254 | Sent=0.293 | Urg=0.354 | Top=0.214 | Act=0.155
bert_base_unfreeze0 Epoch 37/50: 100%|██████████████████████████████████████████| 20/20 [00:02<00:00,  9.15it/s]

📊 Validation Results (Per Task)
------------------------------------------------------------
sentiment  | F1=0.293 | Acc=0.503 | P=0.494 | R=0.376
urgency    | F1=0.373 | Acc=0.652 | P=0.517 | R=0.405
topic      | F1=0.214 | Acc=0.387 | P=0.258 | R=0.275
action     | F1=0.155 | Acc=0.542 | P=0.174 | R=0.190
------------------------------------------------------------
✅ Overall Avg | F1=0.258 | Acc=0.521 | P=0.361 | R=0.312

✅ Epoch 37 | Loss=1.2160 | F1(avg)=0.258 | Sent=0.293 | Urg=0.373 | Top=0.214 | Act=0.155
bert_base_unfreeze0 Epoch 38/50: 100%|██████████████████████████████████████████| 20/20 [00:02<00:00,  9.17it/s]

📊 Validation Results (Per Task)
------------------------------------------------------------
sentiment  | F1=0.305 | Acc=0.510 | P=0.495 | R=0.383
urgency    | F1=0.382 | Acc=0.658 | P=0.520 | R=0.411
topic      | F1=0.214 | Acc=0.387 | P=0.258 | R=0.275
action     | F1=0.155 | Acc=0.542 | P=0.174 | R=0.190
------------------------------------------------------------
✅ Overall Avg | F1=0.264 | Acc=0.524 | P=0.362 | R=0.315

✅ Epoch 38 | Loss=1.2100 | F1(avg)=0.264 | Sent=0.305 | Urg=0.382 | Top=0.214 | Act=0.155
bert_base_unfreeze0 Epoch 39/50: 100%|██████████████████████████████████████████| 20/20 [00:02<00:00,  9.22it/s]

📊 Validation Results (Per Task)
------------------------------------------------------------
sentiment  | F1=0.316 | Acc=0.516 | P=0.497 | R=0.390
urgency    | F1=0.391 | Acc=0.665 | P=0.523 | R=0.417
topic      | F1=0.214 | Acc=0.387 | P=0.258 | R=0.275
action     | F1=0.154 | Acc=0.542 | P=0.159 | R=0.190
------------------------------------------------------------
✅ Overall Avg | F1=0.268 | Acc=0.527 | P=0.359 | R=0.318

✅ Epoch 39 | Loss=1.2114 | F1(avg)=0.268 | Sent=0.316 | Urg=0.391 | Top=0.214 | Act=0.154
bert_base_unfreeze0 Epoch 40/50: 100%|██████████████████████████████████████████| 20/20 [00:02<00:00,  9.17it/s]

📊 Validation Results (Per Task)
------------------------------------------------------------
sentiment  | F1=0.316 | Acc=0.516 | P=0.497 | R=0.390
urgency    | F1=0.399 | Acc=0.671 | P=0.526 | R=0.423
topic      | F1=0.202 | Acc=0.381 | P=0.232 | R=0.269
action     | F1=0.153 | Acc=0.542 | P=0.149 | R=0.190
------------------------------------------------------------
✅ Overall Avg | F1=0.267 | Acc=0.527 | P=0.351 | R=0.318

✅ Epoch 40 | Loss=1.1930 | F1(avg)=0.267 | Sent=0.316 | Urg=0.399 | Top=0.202 | Act=0.153
bert_base_unfreeze0 Epoch 41/50: 100%|██████████████████████████████████████████| 20/20 [00:02<00:00,  9.19it/s]

📊 Validation Results (Per Task)
------------------------------------------------------------
sentiment  | F1=0.315 | Acc=0.516 | P=0.461 | R=0.390
urgency    | F1=0.407 | Acc=0.677 | P=0.529 | R=0.429
topic      | F1=0.202 | Acc=0.381 | P=0.232 | R=0.269
action     | F1=0.153 | Acc=0.542 | P=0.149 | R=0.190
------------------------------------------------------------
✅ Overall Avg | F1=0.269 | Acc=0.529 | P=0.343 | R=0.319

✅ Epoch 41 | Loss=1.2032 | F1(avg)=0.269 | Sent=0.315 | Urg=0.407 | Top=0.202 | Act=0.153
bert_base_unfreeze0 Epoch 42/50: 100%|██████████████████████████████████████████| 20/20 [00:02<00:00,  9.19it/s]

📊 Validation Results (Per Task)
------------------------------------------------------------
sentiment  | F1=0.315 | Acc=0.516 | P=0.461 | R=0.390
urgency    | F1=0.424 | Acc=0.690 | P=0.534 | R=0.440
topic      | F1=0.202 | Acc=0.381 | P=0.232 | R=0.269
action     | F1=0.161 | Acc=0.548 | P=0.158 | R=0.196
------------------------------------------------------------
✅ Overall Avg | F1=0.275 | Acc=0.534 | P=0.346 | R=0.324

✅ Epoch 42 | Loss=1.1944 | F1(avg)=0.275 | Sent=0.315 | Urg=0.424 | Top=0.202 | Act=0.161
bert_base_unfreeze0 Epoch 43/50: 100%|██████████████████████████████████████████| 20/20 [00:02<00:00,  9.20it/s]

📊 Validation Results (Per Task)
------------------------------------------------------------
sentiment  | F1=0.326 | Acc=0.523 | P=0.466 | R=0.397
urgency    | F1=0.424 | Acc=0.690 | P=0.534 | R=0.440
topic      | F1=0.202 | Acc=0.381 | P=0.232 | R=0.269
action     | F1=0.161 | Acc=0.548 | P=0.158 | R=0.196
------------------------------------------------------------
✅ Overall Avg | F1=0.278 | Acc=0.535 | P=0.347 | R=0.326

✅ Epoch 43 | Loss=1.2030 | F1(avg)=0.278 | Sent=0.326 | Urg=0.424 | Top=0.202 | Act=0.161
bert_base_unfreeze0 Epoch 44/50: 100%|██████████████████████████████████████████| 20/20 [00:02<00:00,  9.19it/s]

📊 Validation Results (Per Task)
------------------------------------------------------------
sentiment  | F1=0.326 | Acc=0.523 | P=0.466 | R=0.397
urgency    | F1=0.432 | Acc=0.697 | P=0.536 | R=0.446
topic      | F1=0.202 | Acc=0.381 | P=0.232 | R=0.269
action     | F1=0.168 | Acc=0.555 | P=0.166 | R=0.202
------------------------------------------------------------
✅ Overall Avg | F1=0.282 | Acc=0.539 | P=0.350 | R=0.329

✅ Epoch 44 | Loss=1.2010 | F1(avg)=0.282 | Sent=0.326 | Urg=0.432 | Top=0.202 | Act=0.168
bert_base_unfreeze0 Epoch 45/50: 100%|██████████████████████████████████████████| 20/20 [00:02<00:00,  9.20it/s]

📊 Validation Results (Per Task)
------------------------------------------------------------
sentiment  | F1=0.337 | Acc=0.529 | P=0.470 | R=0.404
urgency    | F1=0.432 | Acc=0.697 | P=0.536 | R=0.446
topic      | F1=0.205 | Acc=0.387 | P=0.235 | R=0.274
action     | F1=0.168 | Acc=0.555 | P=0.166 | R=0.202
------------------------------------------------------------
✅ Overall Avg | F1=0.286 | Acc=0.542 | P=0.352 | R=0.332

✅ Epoch 45 | Loss=1.1932 | F1(avg)=0.286 | Sent=0.337 | Urg=0.432 | Top=0.205 | Act=0.168
bert_base_unfreeze0 Epoch 46/50: 100%|██████████████████████████████████████████| 20/20 [00:02<00:00,  9.22it/s]

📊 Validation Results (Per Task)
------------------------------------------------------------
sentiment  | F1=0.337 | Acc=0.529 | P=0.470 | R=0.404
urgency    | F1=0.432 | Acc=0.697 | P=0.536 | R=0.446
topic      | F1=0.205 | Acc=0.387 | P=0.235 | R=0.274
action     | F1=0.175 | Acc=0.561 | P=0.173 | R=0.208
------------------------------------------------------------
✅ Overall Avg | F1=0.287 | Acc=0.544 | P=0.353 | R=0.333

✅ Epoch 46 | Loss=1.1922 | F1(avg)=0.287 | Sent=0.337 | Urg=0.432 | Top=0.205 | Act=0.175
bert_base_unfreeze0 Epoch 47/50: 100%|██████████████████████████████████████████| 20/20 [00:02<00:00,  9.22it/s]

📊 Validation Results (Per Task)
------------------------------------------------------------
sentiment  | F1=0.337 | Acc=0.529 | P=0.470 | R=0.404
urgency    | F1=0.439 | Acc=0.703 | P=0.539 | R=0.452
topic      | F1=0.205 | Acc=0.387 | P=0.233 | R=0.274
action     | F1=0.175 | Acc=0.561 | P=0.173 | R=0.208
------------------------------------------------------------
✅ Overall Avg | F1=0.289 | Acc=0.545 | P=0.354 | R=0.335

✅ Epoch 47 | Loss=1.1934 | F1(avg)=0.289 | Sent=0.337 | Urg=0.439 | Top=0.205 | Act=0.175
bert_base_unfreeze0 Epoch 48/50: 100%|██████████████████████████████████████████| 20/20 [00:02<00:00,  9.19it/s]

📊 Validation Results (Per Task)
------------------------------------------------------------
sentiment  | F1=0.337 | Acc=0.529 | P=0.470 | R=0.404
urgency    | F1=0.439 | Acc=0.703 | P=0.539 | R=0.452
topic      | F1=0.205 | Acc=0.387 | P=0.233 | R=0.274
action     | F1=0.175 | Acc=0.561 | P=0.173 | R=0.208
------------------------------------------------------------
✅ Overall Avg | F1=0.289 | Acc=0.545 | P=0.354 | R=0.335

✅ Epoch 48 | Loss=1.1927 | F1(avg)=0.289 | Sent=0.337 | Urg=0.439 | Top=0.205 | Act=0.175
bert_base_unfreeze0 Epoch 49/50: 100%|██████████████████████████████████████████| 20/20 [00:02<00:00,  9.19it/s]

📊 Validation Results (Per Task)
------------------------------------------------------------
sentiment  | F1=0.337 | Acc=0.529 | P=0.470 | R=0.404
urgency    | F1=0.439 | Acc=0.703 | P=0.539 | R=0.452
topic      | F1=0.205 | Acc=0.387 | P=0.210 | R=0.274
action     | F1=0.175 | Acc=0.561 | P=0.173 | R=0.208
------------------------------------------------------------
✅ Overall Avg | F1=0.289 | Acc=0.545 | P=0.348 | R=0.335

✅ Epoch 49 | Loss=1.1916 | F1(avg)=0.289 | Sent=0.337 | Urg=0.439 | Top=0.205 | Act=0.175
bert_base_unfreeze0 Epoch 50/50: 100%|██████████████████████████████████████████| 20/20 [00:02<00:00,  9.14it/s]

📊 Validation Results (Per Task)
------------------------------------------------------------
sentiment  | F1=0.348 | Acc=0.535 | P=0.473 | R=0.411
urgency    | F1=0.439 | Acc=0.703 | P=0.539 | R=0.452
topic      | F1=0.205 | Acc=0.387 | P=0.210 | R=0.274
action     | F1=0.175 | Acc=0.561 | P=0.173 | R=0.208
------------------------------------------------------------
✅ Overall Avg | F1=0.292 | Acc=0.547 | P=0.349 | R=0.337

✅ Epoch 50 | Loss=1.1927 | F1(avg)=0.292 | Sent=0.348 | Urg=0.439 | Top=0.205 | Act=0.175
