Use device:cuda
Some weights of RobertaModel were not initialized from the model checkpoint at roberta-base and are newly initialized: ['pooler.dense.bias', 'pooler.dense.weight']
You should probably TRAIN this model on a down-stream task to be able to use it for predictions and inference.
roberta_base_lr2e-5_uf2 Epoch 1/50: 100%|███████████████████████████████████████| 20/20 [00:02<00:00,  8.60it/s]

📊 Validation Results (Per Task)
------------------------------------------------------------
sentiment  | F1=0.211 | Acc=0.465 | P=0.155 | R=0.333
urgency    | F1=0.243 | Acc=0.574 | P=0.191 | R=0.333
topic      | F1=0.057 | Acc=0.252 | P=0.036 | R=0.143
action     | F1=0.113 | Acc=0.516 | P=0.086 | R=0.167
------------------------------------------------------------
✅ Overall Avg | F1=0.156 | Acc=0.452 | P=0.117 | R=0.244

✅ Epoch 1 | Loss=1.4677 | F1(avg)=0.156 | Sent=0.211 | Urg=0.243 | Top=0.057 | Act=0.113
roberta_base_lr2e-5_uf2 Epoch 2/50: 100%|███████████████████████████████████████| 20/20 [00:02<00:00,  8.80it/s]

📊 Validation Results (Per Task)
------------------------------------------------------------
sentiment  | F1=0.211 | Acc=0.465 | P=0.155 | R=0.333
urgency    | F1=0.243 | Acc=0.574 | P=0.191 | R=0.333
topic      | F1=0.057 | Acc=0.252 | P=0.036 | R=0.143
action     | F1=0.113 | Acc=0.516 | P=0.086 | R=0.167
------------------------------------------------------------
✅ Overall Avg | F1=0.156 | Acc=0.452 | P=0.117 | R=0.244

✅ Epoch 2 | Loss=1.4054 | F1(avg)=0.156 | Sent=0.211 | Urg=0.243 | Top=0.057 | Act=0.113
roberta_base_lr2e-5_uf2 Epoch 3/50: 100%|███████████████████████████████████████| 20/20 [00:02<00:00,  8.78it/s]

📊 Validation Results (Per Task)
------------------------------------------------------------
sentiment  | F1=0.211 | Acc=0.465 | P=0.155 | R=0.333
urgency    | F1=0.243 | Acc=0.574 | P=0.191 | R=0.333
topic      | F1=0.144 | Acc=0.310 | P=0.277 | R=0.197
action     | F1=0.113 | Acc=0.516 | P=0.086 | R=0.167
------------------------------------------------------------
✅ Overall Avg | F1=0.178 | Acc=0.466 | P=0.177 | R=0.257

✅ Epoch 3 | Loss=1.3574 | F1(avg)=0.178 | Sent=0.211 | Urg=0.243 | Top=0.144 | Act=0.113
roberta_base_lr2e-5_uf2 Epoch 4/50: 100%|███████████████████████████████████████| 20/20 [00:02<00:00,  8.78it/s]

📊 Validation Results (Per Task)
------------------------------------------------------------
sentiment  | F1=0.396 | Acc=0.574 | P=0.419 | R=0.454
urgency    | F1=0.362 | Acc=0.645 | P=0.456 | R=0.399
topic      | F1=0.466 | Acc=0.594 | P=0.494 | R=0.504
action     | F1=0.198 | Acc=0.561 | P=0.189 | R=0.228
------------------------------------------------------------
✅ Overall Avg | F1=0.356 | Acc=0.594 | P=0.390 | R=0.396

✅ Epoch 4 | Loss=1.2540 | F1(avg)=0.356 | Sent=0.396 | Urg=0.362 | Top=0.466 | Act=0.198
roberta_base_lr2e-5_uf2 Epoch 5/50: 100%|███████████████████████████████████████| 20/20 [00:02<00:00,  8.79it/s]

📊 Validation Results (Per Task)
------------------------------------------------------------
sentiment  | F1=0.644 | Acc=0.742 | P=0.816 | R=0.666
urgency    | F1=0.473 | Acc=0.729 | P=0.502 | R=0.483
topic      | F1=0.604 | Acc=0.710 | P=0.664 | R=0.627
action     | F1=0.245 | Acc=0.613 | P=0.370 | R=0.280
------------------------------------------------------------
✅ Overall Avg | F1=0.491 | Acc=0.698 | P=0.588 | R=0.514

✅ Epoch 5 | Loss=1.0698 | F1(avg)=0.491 | Sent=0.644 | Urg=0.473 | Top=0.604 | Act=0.245
roberta_base_lr2e-5_uf2 Epoch 6/50: 100%|███████████████████████████████████████| 20/20 [00:02<00:00,  8.85it/s]

📊 Validation Results (Per Task)
------------------------------------------------------------
sentiment  | F1=0.784 | Acc=0.826 | P=0.864 | R=0.775
urgency    | F1=0.538 | Acc=0.787 | P=0.530 | R=0.547
topic      | F1=0.785 | Acc=0.806 | P=0.833 | R=0.767
action     | F1=0.344 | Acc=0.703 | P=0.368 | R=0.370
------------------------------------------------------------
✅ Overall Avg | F1=0.613 | Acc=0.781 | P=0.649 | R=0.615

✅ Epoch 6 | Loss=0.8050 | F1(avg)=0.613 | Sent=0.784 | Urg=0.538 | Top=0.785 | Act=0.344
roberta_base_lr2e-5_uf2 Epoch 7/50: 100%|███████████████████████████████████████| 20/20 [00:02<00:00,  8.81it/s]

📊 Validation Results (Per Task)
------------------------------------------------------------
sentiment  | F1=0.848 | Acc=0.877 | P=0.887 | R=0.840
urgency    | F1=0.583 | Acc=0.852 | P=0.564 | R=0.603
topic      | F1=0.819 | Acc=0.832 | P=0.848 | R=0.813
action     | F1=0.363 | Acc=0.735 | P=0.356 | R=0.390
------------------------------------------------------------
✅ Overall Avg | F1=0.653 | Acc=0.824 | P=0.664 | R=0.661

✅ Epoch 7 | Loss=0.6432 | F1(avg)=0.653 | Sent=0.848 | Urg=0.583 | Top=0.819 | Act=0.363
roberta_base_lr2e-5_uf2 Epoch 8/50: 100%|███████████████████████████████████████| 20/20 [00:02<00:00,  8.79it/s]

📊 Validation Results (Per Task)
------------------------------------------------------------
sentiment  | F1=0.879 | Acc=0.903 | P=0.910 | R=0.868
urgency    | F1=0.671 | Acc=0.897 | P=0.925 | R=0.672
topic      | F1=0.858 | Acc=0.871 | P=0.871 | R=0.852
action     | F1=0.467 | Acc=0.806 | P=0.512 | R=0.481
------------------------------------------------------------
✅ Overall Avg | F1=0.719 | Acc=0.869 | P=0.804 | R=0.718

✅ Epoch 8 | Loss=0.5369 | F1(avg)=0.719 | Sent=0.879 | Urg=0.671 | Top=0.858 | Act=0.467
roberta_base_lr2e-5_uf2 Epoch 9/50: 100%|███████████████████████████████████████| 20/20 [00:02<00:00,  8.78it/s]

📊 Validation Results (Per Task)
------------------------------------------------------------
sentiment  | F1=0.877 | Acc=0.903 | P=0.901 | R=0.868
urgency    | F1=0.686 | Acc=0.884 | P=0.689 | R=0.689
topic      | F1=0.861 | Acc=0.871 | P=0.882 | R=0.850
action     | F1=0.636 | Acc=0.813 | P=0.683 | R=0.648
------------------------------------------------------------
✅ Overall Avg | F1=0.765 | Acc=0.868 | P=0.789 | R=0.764

✅ Epoch 9 | Loss=0.4627 | F1(avg)=0.765 | Sent=0.877 | Urg=0.686 | Top=0.861 | Act=0.636
roberta_base_lr2e-5_uf2 Epoch 10/50: 100%|██████████████████████████████████████| 20/20 [00:02<00:00,  8.78it/s]

📊 Validation Results (Per Task)
------------------------------------------------------------
sentiment  | F1=0.868 | Acc=0.897 | P=0.896 | R=0.858
urgency    | F1=0.710 | Acc=0.890 | P=0.815 | R=0.700
topic      | F1=0.851 | Acc=0.865 | P=0.864 | R=0.847
action     | F1=0.661 | Acc=0.826 | P=0.682 | R=0.670
------------------------------------------------------------
✅ Overall Avg | F1=0.772 | Acc=0.869 | P=0.814 | R=0.769

✅ Epoch 10 | Loss=0.4292 | F1(avg)=0.772 | Sent=0.868 | Urg=0.710 | Top=0.851 | Act=0.661
roberta_base_lr2e-5_uf2 Epoch 11/50: 100%|██████████████████████████████████████| 20/20 [00:02<00:00,  8.79it/s]

📊 Validation Results (Per Task)
------------------------------------------------------------
sentiment  | F1=0.908 | Acc=0.929 | P=0.929 | R=0.900
urgency    | F1=0.694 | Acc=0.865 | P=0.690 | R=0.699
topic      | F1=0.874 | Acc=0.884 | P=0.877 | R=0.878
action     | F1=0.648 | Acc=0.813 | P=0.657 | R=0.656
------------------------------------------------------------
✅ Overall Avg | F1=0.781 | Acc=0.873 | P=0.788 | R=0.783

✅ Epoch 11 | Loss=0.3871 | F1(avg)=0.781 | Sent=0.908 | Urg=0.694 | Top=0.874 | Act=0.648
roberta_base_lr2e-5_uf2 Epoch 12/50: 100%|██████████████████████████████████████| 20/20 [00:02<00:00,  8.79it/s]

📊 Validation Results (Per Task)
------------------------------------------------------------
sentiment  | F1=0.884 | Acc=0.910 | P=0.915 | R=0.875
urgency    | F1=0.710 | Acc=0.890 | P=0.815 | R=0.700
topic      | F1=0.858 | Acc=0.871 | P=0.865 | R=0.858
action     | F1=0.674 | Acc=0.845 | P=0.682 | R=0.689
------------------------------------------------------------
✅ Overall Avg | F1=0.782 | Acc=0.879 | P=0.819 | R=0.780

✅ Epoch 12 | Loss=0.3521 | F1(avg)=0.782 | Sent=0.884 | Urg=0.710 | Top=0.858 | Act=0.674
roberta_base_lr2e-5_uf2 Epoch 13/50: 100%|██████████████████████████████████████| 20/20 [00:02<00:00,  8.81it/s]

📊 Validation Results (Per Task)
------------------------------------------------------------
sentiment  | F1=0.908 | Acc=0.929 | P=0.930 | R=0.900
urgency    | F1=0.690 | Acc=0.890 | P=0.689 | R=0.695
topic      | F1=0.858 | Acc=0.871 | P=0.869 | R=0.855
action     | F1=0.668 | Acc=0.839 | P=0.678 | R=0.682
------------------------------------------------------------
✅ Overall Avg | F1=0.781 | Acc=0.882 | P=0.791 | R=0.783

✅ Epoch 13 | Loss=0.3522 | F1(avg)=0.781 | Sent=0.908 | Urg=0.690 | Top=0.858 | Act=0.668
roberta_base_lr2e-5_uf2 Epoch 14/50: 100%|██████████████████████████████████████| 20/20 [00:02<00:00,  8.85it/s]

📊 Validation Results (Per Task)
------------------------------------------------------------
sentiment  | F1=0.918 | Acc=0.935 | P=0.930 | R=0.912
urgency    | F1=0.676 | Acc=0.871 | P=0.679 | R=0.677
topic      | F1=0.863 | Acc=0.871 | P=0.866 | R=0.869
action     | F1=0.730 | Acc=0.845 | P=0.840 | R=0.715
------------------------------------------------------------
✅ Overall Avg | F1=0.797 | Acc=0.881 | P=0.829 | R=0.793

✅ Epoch 14 | Loss=0.3218 | F1(avg)=0.797 | Sent=0.918 | Urg=0.676 | Top=0.863 | Act=0.730
roberta_base_lr2e-5_uf2 Epoch 15/50: 100%|██████████████████████████████████████| 20/20 [00:02<00:00,  8.79it/s]

📊 Validation Results (Per Task)
------------------------------------------------------------
sentiment  | F1=0.912 | Acc=0.929 | P=0.931 | R=0.902
urgency    | F1=0.717 | Acc=0.890 | P=0.714 | R=0.723
topic      | F1=0.874 | Acc=0.884 | P=0.880 | R=0.876
action     | F1=0.772 | Acc=0.852 | P=0.848 | R=0.753
------------------------------------------------------------
✅ Overall Avg | F1=0.819 | Acc=0.889 | P=0.843 | R=0.813

✅ Epoch 15 | Loss=0.3024 | F1(avg)=0.819 | Sent=0.912 | Urg=0.717 | Top=0.874 | Act=0.772
roberta_base_lr2e-5_uf2 Epoch 16/50: 100%|██████████████████████████████████████| 20/20 [00:02<00:00,  8.79it/s]

📊 Validation Results (Per Task)
------------------------------------------------------------
sentiment  | F1=0.920 | Acc=0.935 | P=0.936 | R=0.912
urgency    | F1=0.717 | Acc=0.890 | P=0.714 | R=0.723
topic      | F1=0.874 | Acc=0.884 | P=0.880 | R=0.876
action     | F1=0.786 | Acc=0.865 | P=0.854 | R=0.766
------------------------------------------------------------
✅ Overall Avg | F1=0.824 | Acc=0.894 | P=0.846 | R=0.819

✅ Epoch 16 | Loss=0.2861 | F1(avg)=0.824 | Sent=0.920 | Urg=0.717 | Top=0.874 | Act=0.786
roberta_base_lr2e-5_uf2 Epoch 17/50: 100%|██████████████████████████████████████| 20/20 [00:02<00:00,  8.77it/s]

📊 Validation Results (Per Task)
------------------------------------------------------------
sentiment  | F1=0.935 | Acc=0.948 | P=0.947 | R=0.928
urgency    | F1=0.717 | Acc=0.890 | P=0.714 | R=0.723
topic      | F1=0.874 | Acc=0.884 | P=0.880 | R=0.876
action     | F1=0.806 | Acc=0.877 | P=0.872 | R=0.787
------------------------------------------------------------
✅ Overall Avg | F1=0.833 | Acc=0.900 | P=0.853 | R=0.828

✅ Epoch 17 | Loss=0.2801 | F1(avg)=0.833 | Sent=0.935 | Urg=0.717 | Top=0.874 | Act=0.806
roberta_base_lr2e-5_uf2 Epoch 18/50: 100%|██████████████████████████████████████| 20/20 [00:02<00:00,  8.76it/s]

📊 Validation Results (Per Task)
------------------------------------------------------------
sentiment  | F1=0.927 | Acc=0.942 | P=0.942 | R=0.919
urgency    | F1=0.717 | Acc=0.890 | P=0.714 | R=0.723
topic      | F1=0.862 | Acc=0.871 | P=0.872 | R=0.862
action     | F1=0.822 | Acc=0.877 | P=0.837 | R=0.813
------------------------------------------------------------
✅ Overall Avg | F1=0.832 | Acc=0.895 | P=0.841 | R=0.829

✅ Epoch 18 | Loss=0.2594 | F1(avg)=0.832 | Sent=0.927 | Urg=0.717 | Top=0.862 | Act=0.822
roberta_base_lr2e-5_uf2 Epoch 19/50: 100%|██████████████████████████████████████| 20/20 [00:02<00:00,  8.77it/s]

📊 Validation Results (Per Task)
------------------------------------------------------------
sentiment  | F1=0.927 | Acc=0.942 | P=0.942 | R=0.919
urgency    | F1=0.717 | Acc=0.890 | P=0.714 | R=0.723
topic      | F1=0.869 | Acc=0.877 | P=0.872 | R=0.872
action     | F1=0.837 | Acc=0.884 | P=0.883 | R=0.816
------------------------------------------------------------
✅ Overall Avg | F1=0.837 | Acc=0.898 | P=0.853 | R=0.832

✅ Epoch 19 | Loss=0.2414 | F1(avg)=0.837 | Sent=0.927 | Urg=0.717 | Top=0.869 | Act=0.837
roberta_base_lr2e-5_uf2 Epoch 20/50: 100%|██████████████████████████████████████| 20/20 [00:02<00:00,  8.74it/s]

📊 Validation Results (Per Task)
------------------------------------------------------------
sentiment  | F1=0.929 | Acc=0.942 | P=0.941 | R=0.923
urgency    | F1=0.717 | Acc=0.890 | P=0.714 | R=0.723
topic      | F1=0.864 | Acc=0.871 | P=0.877 | R=0.862
action     | F1=0.845 | Acc=0.890 | P=0.882 | R=0.827
------------------------------------------------------------
✅ Overall Avg | F1=0.839 | Acc=0.898 | P=0.853 | R=0.834

✅ Epoch 20 | Loss=0.2310 | F1(avg)=0.839 | Sent=0.929 | Urg=0.717 | Top=0.864 | Act=0.845
roberta_base_lr2e-5_uf2 Epoch 21/50: 100%|██████████████████████████████████████| 20/20 [00:02<00:00,  8.76it/s]

📊 Validation Results (Per Task)
------------------------------------------------------------
sentiment  | F1=0.929 | Acc=0.942 | P=0.941 | R=0.923
urgency    | F1=0.724 | Acc=0.897 | P=0.725 | R=0.726
topic      | F1=0.877 | Acc=0.884 | P=0.885 | R=0.876
action     | F1=0.828 | Acc=0.884 | P=0.839 | R=0.820
------------------------------------------------------------
✅ Overall Avg | F1=0.839 | Acc=0.902 | P=0.847 | R=0.836

✅ Epoch 21 | Loss=0.2236 | F1(avg)=0.839 | Sent=0.929 | Urg=0.724 | Top=0.877 | Act=0.828
roberta_base_lr2e-5_uf2 Epoch 22/50: 100%|██████████████████████████████████████| 20/20 [00:02<00:00,  8.79it/s]

📊 Validation Results (Per Task)
------------------------------------------------------------
sentiment  | F1=0.927 | Acc=0.942 | P=0.942 | R=0.919
urgency    | F1=0.724 | Acc=0.897 | P=0.725 | R=0.726
topic      | F1=0.864 | Acc=0.871 | P=0.877 | R=0.862
action     | F1=0.832 | Acc=0.877 | P=0.869 | R=0.814
------------------------------------------------------------
✅ Overall Avg | F1=0.837 | Acc=0.897 | P=0.853 | R=0.830

✅ Epoch 22 | Loss=0.2236 | F1(avg)=0.837 | Sent=0.927 | Urg=0.724 | Top=0.864 | Act=0.832
roberta_base_lr2e-5_uf2 Epoch 23/50: 100%|██████████████████████████████████████| 20/20 [00:02<00:00,  8.73it/s]

📊 Validation Results (Per Task)
------------------------------------------------------------
sentiment  | F1=0.929 | Acc=0.942 | P=0.941 | R=0.923
urgency    | F1=0.724 | Acc=0.897 | P=0.725 | R=0.726
topic      | F1=0.871 | Acc=0.877 | P=0.881 | R=0.869
action     | F1=0.836 | Acc=0.884 | P=0.873 | R=0.816
------------------------------------------------------------
✅ Overall Avg | F1=0.840 | Acc=0.900 | P=0.855 | R=0.834

✅ Epoch 23 | Loss=0.2042 | F1(avg)=0.840 | Sent=0.929 | Urg=0.724 | Top=0.871 | Act=0.836
roberta_base_lr2e-5_uf2 Epoch 24/50: 100%|██████████████████████████████████████| 20/20 [00:02<00:00,  8.73it/s]

📊 Validation Results (Per Task)
------------------------------------------------------------
sentiment  | F1=0.929 | Acc=0.942 | P=0.941 | R=0.923
urgency    | F1=0.746 | Acc=0.897 | P=0.739 | R=0.756
topic      | F1=0.864 | Acc=0.871 | P=0.877 | R=0.862
action     | F1=0.836 | Acc=0.884 | P=0.873 | R=0.816
------------------------------------------------------------
✅ Overall Avg | F1=0.844 | Acc=0.898 | P=0.858 | R=0.839

✅ Epoch 24 | Loss=0.2048 | F1(avg)=0.844 | Sent=0.929 | Urg=0.746 | Top=0.864 | Act=0.836
roberta_base_lr2e-5_uf2 Epoch 25/50: 100%|██████████████████████████████████████| 20/20 [00:02<00:00,  8.72it/s]

📊 Validation Results (Per Task)
------------------------------------------------------------
sentiment  | F1=0.921 | Acc=0.935 | P=0.930 | R=0.916
urgency    | F1=0.754 | Acc=0.903 | P=0.752 | R=0.760
topic      | F1=0.864 | Acc=0.871 | P=0.882 | R=0.861
action     | F1=0.836 | Acc=0.884 | P=0.873 | R=0.816
------------------------------------------------------------
✅ Overall Avg | F1=0.844 | Acc=0.898 | P=0.859 | R=0.838

✅ Epoch 25 | Loss=0.1960 | F1(avg)=0.844 | Sent=0.921 | Urg=0.754 | Top=0.864 | Act=0.836
roberta_base_lr2e-5_uf2 Epoch 26/50: 100%|██████████████████████████████████████| 20/20 [00:02<00:00,  8.71it/s]

📊 Validation Results (Per Task)
------------------------------------------------------------
sentiment  | F1=0.937 | Acc=0.948 | P=0.953 | R=0.931
urgency    | F1=0.724 | Acc=0.897 | P=0.725 | R=0.726
topic      | F1=0.884 | Acc=0.890 | P=0.893 | R=0.881
action     | F1=0.818 | Acc=0.877 | P=0.830 | R=0.810
------------------------------------------------------------
✅ Overall Avg | F1=0.841 | Acc=0.903 | P=0.850 | R=0.837

✅ Epoch 26 | Loss=0.1964 | F1(avg)=0.841 | Sent=0.937 | Urg=0.724 | Top=0.884 | Act=0.818
roberta_base_lr2e-5_uf2 Epoch 27/50: 100%|██████████████████████████████████████| 20/20 [00:02<00:00,  8.72it/s]

📊 Validation Results (Per Task)
------------------------------------------------------------
sentiment  | F1=0.929 | Acc=0.942 | P=0.949 | R=0.921
urgency    | F1=0.746 | Acc=0.897 | P=0.739 | R=0.754
topic      | F1=0.862 | Acc=0.871 | P=0.872 | R=0.862
action     | F1=0.811 | Acc=0.871 | P=0.824 | R=0.803
------------------------------------------------------------
✅ Overall Avg | F1=0.837 | Acc=0.895 | P=0.846 | R=0.835

✅ Epoch 27 | Loss=0.1815 | F1(avg)=0.837 | Sent=0.929 | Urg=0.746 | Top=0.862 | Act=0.811
roberta_base_lr2e-5_uf2 Epoch 28/50: 100%|██████████████████████████████████████| 20/20 [00:02<00:00,  8.74it/s]

📊 Validation Results (Per Task)
------------------------------------------------------------
sentiment  | F1=0.938 | Acc=0.948 | P=0.947 | R=0.933
urgency    | F1=0.724 | Acc=0.897 | P=0.725 | R=0.726
topic      | F1=0.865 | Acc=0.871 | P=0.874 | R=0.865
action     | F1=0.818 | Acc=0.877 | P=0.830 | R=0.810
------------------------------------------------------------
✅ Overall Avg | F1=0.836 | Acc=0.898 | P=0.844 | R=0.833

✅ Epoch 28 | Loss=0.1832 | F1(avg)=0.836 | Sent=0.938 | Urg=0.724 | Top=0.865 | Act=0.818
roberta_base_lr2e-5_uf2 Epoch 29/50: 100%|██████████████████████████████████████| 20/20 [00:02<00:00,  8.76it/s]

📊 Validation Results (Per Task)
------------------------------------------------------------
sentiment  | F1=0.929 | Acc=0.942 | P=0.941 | R=0.923
urgency    | F1=0.772 | Acc=0.897 | P=0.765 | R=0.781
topic      | F1=0.859 | Acc=0.865 | P=0.870 | R=0.859
action     | F1=0.811 | Acc=0.871 | P=0.824 | R=0.803
------------------------------------------------------------
✅ Overall Avg | F1=0.843 | Acc=0.894 | P=0.850 | R=0.841

✅ Epoch 29 | Loss=0.1750 | F1(avg)=0.843 | Sent=0.929 | Urg=0.772 | Top=0.859 | Act=0.811
roberta_base_lr2e-5_uf2 Epoch 30/50: 100%|██████████████████████████████████████| 20/20 [00:02<00:00,  8.75it/s]

📊 Validation Results (Per Task)
------------------------------------------------------------
sentiment  | F1=0.929 | Acc=0.942 | P=0.949 | R=0.921
urgency    | F1=0.733 | Acc=0.903 | P=0.740 | R=0.732
topic      | F1=0.864 | Acc=0.871 | P=0.877 | R=0.862
action     | F1=0.818 | Acc=0.877 | P=0.830 | R=0.810
------------------------------------------------------------
✅ Overall Avg | F1=0.836 | Acc=0.898 | P=0.849 | R=0.831

✅ Epoch 30 | Loss=0.1758 | F1(avg)=0.836 | Sent=0.929 | Urg=0.733 | Top=0.864 | Act=0.818
roberta_base_lr2e-5_uf2 Epoch 31/50: 100%|██████████████████████████████████████| 20/20 [00:02<00:00,  8.73it/s]

📊 Validation Results (Per Task)
------------------------------------------------------------
sentiment  | F1=0.936 | Acc=0.948 | P=0.949 | R=0.928
urgency    | F1=0.774 | Acc=0.910 | P=0.761 | R=0.793
topic      | F1=0.877 | Acc=0.877 | P=0.885 | R=0.880
action     | F1=0.818 | Acc=0.877 | P=0.833 | R=0.809
------------------------------------------------------------
✅ Overall Avg | F1=0.851 | Acc=0.903 | P=0.857 | R=0.852

✅ Epoch 31 | Loss=0.1709 | F1(avg)=0.851 | Sent=0.936 | Urg=0.774 | Top=0.877 | Act=0.818
roberta_base_lr2e-5_uf2 Epoch 32/50: 100%|██████████████████████████████████████| 20/20 [00:02<00:00,  8.74it/s]

📊 Validation Results (Per Task)
------------------------------------------------------------
sentiment  | F1=0.936 | Acc=0.948 | P=0.949 | R=0.928
urgency    | F1=0.754 | Acc=0.903 | P=0.752 | R=0.760
topic      | F1=0.870 | Acc=0.871 | P=0.881 | R=0.873
action     | F1=0.811 | Acc=0.871 | P=0.824 | R=0.803
------------------------------------------------------------
✅ Overall Avg | F1=0.843 | Acc=0.898 | P=0.852 | R=0.841

✅ Epoch 32 | Loss=0.1641 | F1(avg)=0.843 | Sent=0.936 | Urg=0.754 | Top=0.870 | Act=0.811
roberta_base_lr2e-5_uf2 Epoch 33/50: 100%|██████████████████████████████████████| 20/20 [00:02<00:00,  8.73it/s]

📊 Validation Results (Per Task)
------------------------------------------------------------
sentiment  | F1=0.930 | Acc=0.942 | P=0.943 | R=0.923
urgency    | F1=0.754 | Acc=0.903 | P=0.752 | R=0.760
topic      | F1=0.865 | Acc=0.871 | P=0.874 | R=0.865
action     | F1=0.819 | Acc=0.877 | P=0.834 | R=0.810
------------------------------------------------------------
✅ Overall Avg | F1=0.842 | Acc=0.898 | P=0.850 | R=0.840

✅ Epoch 33 | Loss=0.1696 | F1(avg)=0.842 | Sent=0.930 | Urg=0.754 | Top=0.865 | Act=0.819
roberta_base_lr2e-5_uf2 Epoch 34/50: 100%|██████████████████████████████████████| 20/20 [00:02<00:00,  8.73it/s]

📊 Validation Results (Per Task)
------------------------------------------------------------
sentiment  | F1=0.938 | Acc=0.948 | P=0.947 | R=0.933
urgency    | F1=0.754 | Acc=0.903 | P=0.752 | R=0.760
topic      | F1=0.865 | Acc=0.871 | P=0.874 | R=0.865
action     | F1=0.819 | Acc=0.877 | P=0.834 | R=0.810
------------------------------------------------------------
✅ Overall Avg | F1=0.844 | Acc=0.900 | P=0.852 | R=0.842

✅ Epoch 34 | Loss=0.1659 | F1(avg)=0.844 | Sent=0.938 | Urg=0.754 | Top=0.865 | Act=0.819
roberta_base_lr2e-5_uf2 Epoch 35/50: 100%|██████████████████████████████████████| 20/20 [00:02<00:00,  8.74it/s]

📊 Validation Results (Per Task)
------------------------------------------------------------
sentiment  | F1=0.930 | Acc=0.942 | P=0.943 | R=0.923
urgency    | F1=0.715 | Acc=0.890 | P=0.713 | R=0.720
topic      | F1=0.883 | Acc=0.884 | P=0.892 | R=0.885
action     | F1=0.819 | Acc=0.877 | P=0.834 | R=0.810
------------------------------------------------------------
✅ Overall Avg | F1=0.837 | Acc=0.898 | P=0.845 | R=0.835

✅ Epoch 35 | Loss=0.1557 | F1(avg)=0.837 | Sent=0.930 | Urg=0.715 | Top=0.883 | Act=0.819
roberta_base_lr2e-5_uf2 Epoch 36/50: 100%|██████████████████████████████████████| 20/20 [00:02<00:00,  8.74it/s]

📊 Validation Results (Per Task)
------------------------------------------------------------
sentiment  | F1=0.938 | Acc=0.948 | P=0.954 | R=0.931
urgency    | F1=0.745 | Acc=0.897 | P=0.739 | R=0.754
topic      | F1=0.883 | Acc=0.884 | P=0.890 | R=0.888
action     | F1=0.796 | Acc=0.858 | P=0.808 | R=0.790
------------------------------------------------------------
✅ Overall Avg | F1=0.841 | Acc=0.897 | P=0.848 | R=0.840

✅ Epoch 36 | Loss=0.1549 | F1(avg)=0.841 | Sent=0.938 | Urg=0.745 | Top=0.883 | Act=0.796
roberta_base_lr2e-5_uf2 Epoch 37/50: 100%|██████████████████████████████████████| 20/20 [00:02<00:00,  8.78it/s]

📊 Validation Results (Per Task)
------------------------------------------------------------
sentiment  | F1=0.938 | Acc=0.948 | P=0.954 | R=0.931
urgency    | F1=0.698 | Acc=0.897 | P=0.705 | R=0.699
topic      | F1=0.883 | Acc=0.884 | P=0.892 | R=0.885
action     | F1=0.804 | Acc=0.865 | P=0.816 | R=0.796
------------------------------------------------------------
✅ Overall Avg | F1=0.831 | Acc=0.898 | P=0.842 | R=0.828

✅ Epoch 37 | Loss=0.1545 | F1(avg)=0.831 | Sent=0.938 | Urg=0.698 | Top=0.883 | Act=0.804
roberta_base_lr2e-5_uf2 Epoch 38/50: 100%|██████████████████████████████████████| 20/20 [00:02<00:00,  8.75it/s]

📊 Validation Results (Per Task)
------------------------------------------------------------
sentiment  | F1=0.947 | Acc=0.955 | P=0.954 | R=0.942
urgency    | F1=0.759 | Acc=0.897 | P=0.745 | R=0.781
topic      | F1=0.895 | Acc=0.897 | P=0.900 | R=0.897
action     | F1=0.789 | Acc=0.852 | P=0.801 | R=0.783
------------------------------------------------------------
✅ Overall Avg | F1=0.847 | Acc=0.900 | P=0.850 | R=0.851

✅ Epoch 38 | Loss=0.1484 | F1(avg)=0.847 | Sent=0.947 | Urg=0.759 | Top=0.895 | Act=0.789
roberta_base_lr2e-5_uf2 Epoch 39/50: 100%|██████████████████████████████████████| 20/20 [00:02<00:00,  8.71it/s]

📊 Validation Results (Per Task)
------------------------------------------------------------
sentiment  | F1=0.939 | Acc=0.948 | P=0.949 | R=0.933
urgency    | F1=0.724 | Acc=0.897 | P=0.725 | R=0.726
topic      | F1=0.883 | Acc=0.884 | P=0.892 | R=0.885
action     | F1=0.804 | Acc=0.865 | P=0.816 | R=0.796
------------------------------------------------------------
✅ Overall Avg | F1=0.837 | Acc=0.898 | P=0.846 | R=0.835

✅ Epoch 39 | Loss=0.1479 | F1(avg)=0.837 | Sent=0.939 | Urg=0.724 | Top=0.883 | Act=0.804
roberta_base_lr2e-5_uf2 Epoch 40/50: 100%|██████████████████████████████████████| 20/20 [00:02<00:00,  8.73it/s]

📊 Validation Results (Per Task)
------------------------------------------------------------
sentiment  | F1=0.938 | Acc=0.948 | P=0.954 | R=0.931
urgency    | F1=0.733 | Acc=0.903 | P=0.740 | R=0.732
topic      | F1=0.883 | Acc=0.884 | P=0.895 | R=0.886
action     | F1=0.804 | Acc=0.865 | P=0.816 | R=0.796
------------------------------------------------------------
✅ Overall Avg | F1=0.839 | Acc=0.900 | P=0.851 | R=0.836

✅ Epoch 40 | Loss=0.1410 | F1(avg)=0.839 | Sent=0.938 | Urg=0.733 | Top=0.883 | Act=0.804
roberta_base_lr2e-5_uf2 Epoch 41/50: 100%|██████████████████████████████████████| 20/20 [00:02<00:00,  8.73it/s]

📊 Validation Results (Per Task)
------------------------------------------------------------
sentiment  | F1=0.938 | Acc=0.948 | P=0.954 | R=0.931
urgency    | F1=0.778 | Acc=0.910 | P=0.767 | R=0.793
topic      | F1=0.889 | Acc=0.890 | P=0.898 | R=0.893
action     | F1=0.804 | Acc=0.865 | P=0.816 | R=0.796
------------------------------------------------------------
✅ Overall Avg | F1=0.852 | Acc=0.903 | P=0.859 | R=0.853

✅ Epoch 41 | Loss=0.1556 | F1(avg)=0.852 | Sent=0.938 | Urg=0.778 | Top=0.889 | Act=0.804
roberta_base_lr2e-5_uf2 Epoch 42/50: 100%|██████████████████████████████████████| 20/20 [00:02<00:00,  8.73it/s]

📊 Validation Results (Per Task)
------------------------------------------------------------
sentiment  | F1=0.938 | Acc=0.948 | P=0.954 | R=0.931
urgency    | F1=0.778 | Acc=0.910 | P=0.767 | R=0.793
topic      | F1=0.883 | Acc=0.884 | P=0.895 | R=0.886
action     | F1=0.804 | Acc=0.865 | P=0.816 | R=0.796
------------------------------------------------------------
✅ Overall Avg | F1=0.851 | Acc=0.902 | P=0.858 | R=0.852

✅ Epoch 42 | Loss=0.1422 | F1(avg)=0.851 | Sent=0.938 | Urg=0.778 | Top=0.883 | Act=0.804
roberta_base_lr2e-5_uf2 Epoch 43/50: 100%|██████████████████████████████████████| 20/20 [00:02<00:00,  8.74it/s]

📊 Validation Results (Per Task)
------------------------------------------------------------
sentiment  | F1=0.938 | Acc=0.948 | P=0.954 | R=0.931
urgency    | F1=0.698 | Acc=0.897 | P=0.705 | R=0.699
topic      | F1=0.871 | Acc=0.877 | P=0.883 | R=0.872
action     | F1=0.822 | Acc=0.871 | P=0.859 | R=0.803
------------------------------------------------------------
✅ Overall Avg | F1=0.832 | Acc=0.898 | P=0.850 | R=0.826

✅ Epoch 43 | Loss=0.1390 | F1(avg)=0.832 | Sent=0.938 | Urg=0.698 | Top=0.871 | Act=0.822
roberta_base_lr2e-5_uf2 Epoch 44/50: 100%|██████████████████████████████████████| 20/20 [00:02<00:00,  8.76it/s]

📊 Validation Results (Per Task)
------------------------------------------------------------
sentiment  | F1=0.955 | Acc=0.961 | P=0.965 | R=0.949
urgency    | F1=0.760 | Acc=0.910 | P=0.757 | R=0.766
topic      | F1=0.878 | Acc=0.884 | P=0.887 | R=0.879
action     | F1=0.804 | Acc=0.865 | P=0.816 | R=0.796
------------------------------------------------------------
✅ Overall Avg | F1=0.849 | Acc=0.905 | P=0.856 | R=0.847

✅ Epoch 44 | Loss=0.1457 | F1(avg)=0.849 | Sent=0.955 | Urg=0.760 | Top=0.878 | Act=0.804
roberta_base_lr2e-5_uf2 Epoch 45/50: 100%|██████████████████████████████████████| 20/20 [00:02<00:00,  8.77it/s]

📊 Validation Results (Per Task)
------------------------------------------------------------
sentiment  | F1=0.955 | Acc=0.961 | P=0.965 | R=0.949
urgency    | F1=0.773 | Acc=0.903 | P=0.762 | R=0.787
topic      | F1=0.889 | Acc=0.890 | P=0.898 | R=0.893
action     | F1=0.796 | Acc=0.858 | P=0.808 | R=0.790
------------------------------------------------------------
✅ Overall Avg | F1=0.853 | Acc=0.903 | P=0.858 | R=0.855

✅ Epoch 45 | Loss=0.1394 | F1(avg)=0.853 | Sent=0.955 | Urg=0.773 | Top=0.889 | Act=0.796
roberta_base_lr2e-5_uf2 Epoch 46/50: 100%|██████████████████████████████████████| 20/20 [00:02<00:00,  8.73it/s]

📊 Validation Results (Per Task)
------------------------------------------------------------
sentiment  | F1=0.955 | Acc=0.961 | P=0.965 | R=0.949
urgency    | F1=0.751 | Acc=0.903 | P=0.744 | R=0.760
topic      | F1=0.871 | Acc=0.877 | P=0.882 | R=0.871
action     | F1=0.796 | Acc=0.858 | P=0.808 | R=0.790
------------------------------------------------------------
✅ Overall Avg | F1=0.843 | Acc=0.900 | P=0.850 | R=0.842

✅ Epoch 46 | Loss=0.1387 | F1(avg)=0.843 | Sent=0.955 | Urg=0.751 | Top=0.871 | Act=0.796
roberta_base_lr2e-5_uf2 Epoch 47/50: 100%|██████████████████████████████████████| 20/20 [00:02<00:00,  8.71it/s]

📊 Validation Results (Per Task)
------------------------------------------------------------
sentiment  | F1=0.955 | Acc=0.961 | P=0.965 | R=0.949
urgency    | F1=0.751 | Acc=0.903 | P=0.744 | R=0.760
topic      | F1=0.878 | Acc=0.884 | P=0.887 | R=0.879
action     | F1=0.796 | Acc=0.858 | P=0.808 | R=0.790
------------------------------------------------------------
✅ Overall Avg | F1=0.845 | Acc=0.902 | P=0.851 | R=0.844

✅ Epoch 47 | Loss=0.1458 | F1(avg)=0.845 | Sent=0.955 | Urg=0.751 | Top=0.878 | Act=0.796
roberta_base_lr2e-5_uf2 Epoch 48/50: 100%|██████████████████████████████████████| 20/20 [00:02<00:00,  8.72it/s]

📊 Validation Results (Per Task)
------------------------------------------------------------
sentiment  | F1=0.955 | Acc=0.961 | P=0.965 | R=0.949
urgency    | F1=0.751 | Acc=0.903 | P=0.744 | R=0.760
topic      | F1=0.878 | Acc=0.884 | P=0.887 | R=0.879
action     | F1=0.796 | Acc=0.858 | P=0.808 | R=0.790
------------------------------------------------------------
✅ Overall Avg | F1=0.845 | Acc=0.902 | P=0.851 | R=0.844

✅ Epoch 48 | Loss=0.1328 | F1(avg)=0.845 | Sent=0.955 | Urg=0.751 | Top=0.878 | Act=0.796
roberta_base_lr2e-5_uf2 Epoch 49/50: 100%|██████████████████████████████████████| 20/20 [00:02<00:00,  8.70it/s]

📊 Validation Results (Per Task)
------------------------------------------------------------
sentiment  | F1=0.955 | Acc=0.961 | P=0.965 | R=0.949
urgency    | F1=0.751 | Acc=0.903 | P=0.744 | R=0.760
topic      | F1=0.878 | Acc=0.884 | P=0.887 | R=0.879
action     | F1=0.796 | Acc=0.858 | P=0.808 | R=0.790
------------------------------------------------------------
✅ Overall Avg | F1=0.845 | Acc=0.902 | P=0.851 | R=0.844

✅ Epoch 49 | Loss=0.1379 | F1(avg)=0.845 | Sent=0.955 | Urg=0.751 | Top=0.878 | Act=0.796
roberta_base_lr2e-5_uf2 Epoch 50/50: 100%|██████████████████████████████████████| 20/20 [00:02<00:00,  8.57it/s]

📊 Validation Results (Per Task)
------------------------------------------------------------
sentiment  | F1=0.955 | Acc=0.961 | P=0.965 | R=0.949
urgency    | F1=0.751 | Acc=0.903 | P=0.744 | R=0.760
topic      | F1=0.878 | Acc=0.884 | P=0.887 | R=0.879
action     | F1=0.796 | Acc=0.858 | P=0.808 | R=0.790
------------------------------------------------------------
✅ Overall Avg | F1=0.845 | Acc=0.902 | P=0.851 | R=0.844

✅ Epoch 50 | Loss=0.1337 | F1(avg)=0.845 | Sent=0.955 | Urg=0.751 | Top=0.878 | Act=0.796
