Use device:cuda
bert_small_lr3e-5_uf2 Epoch 1/50: 100%|███████████████████████████████████████████| 5/5 [00:00<00:00,  8.05it/s]

📊 Validation Results (Per Task)
------------------------------------------------------------
sentiment  | F1=0.326 | Acc=0.484 | P=0.433 | R=0.376
urgency    | F1=0.272 | Acc=0.548 | P=0.293 | R=0.327
topic      | F1=0.137 | Acc=0.213 | P=0.190 | R=0.154
action     | F1=0.110 | Acc=0.277 | P=0.173 | R=0.125
------------------------------------------------------------
✅ Overall Avg | F1=0.211 | Acc=0.381 | P=0.272 | R=0.245

✅ Epoch 1 | Loss=1.4941 | F1(avg)=0.211 | Sent=0.326 | Urg=0.272 | Top=0.137 | Act=0.110
bert_small_lr3e-5_uf2 Epoch 2/50: 100%|███████████████████████████████████████████| 5/5 [00:00<00:00,  8.09it/s]

📊 Validation Results (Per Task)
------------------------------------------------------------
sentiment  | F1=0.256 | Acc=0.465 | P=0.571 | R=0.345
urgency    | F1=0.317 | Acc=0.587 | P=0.375 | R=0.358
topic      | F1=0.156 | Acc=0.310 | P=0.205 | R=0.203
action     | F1=0.120 | Acc=0.471 | P=0.251 | R=0.157
------------------------------------------------------------
✅ Overall Avg | F1=0.212 | Acc=0.458 | P=0.350 | R=0.266

✅ Epoch 2 | Loss=1.3650 | F1(avg)=0.212 | Sent=0.256 | Urg=0.317 | Top=0.156 | Act=0.120
bert_small_lr3e-5_uf2 Epoch 3/50: 100%|███████████████████████████████████████████| 5/5 [00:00<00:00,  8.09it/s]

📊 Validation Results (Per Task)
------------------------------------------------------------
sentiment  | F1=0.317 | Acc=0.510 | P=0.829 | R=0.387
urgency    | F1=0.409 | Acc=0.658 | P=0.431 | R=0.426
topic      | F1=0.224 | Acc=0.368 | P=0.401 | R=0.257
action     | F1=0.126 | Acc=0.516 | P=0.253 | R=0.171
------------------------------------------------------------
✅ Overall Avg | F1=0.269 | Acc=0.513 | P=0.478 | R=0.310

✅ Epoch 3 | Loss=1.2947 | F1(avg)=0.269 | Sent=0.317 | Urg=0.409 | Top=0.224 | Act=0.126
bert_small_lr3e-5_uf2 Epoch 4/50: 100%|███████████████████████████████████████████| 5/5 [00:00<00:00,  8.05it/s]

📊 Validation Results (Per Task)
------------------------------------------------------------
sentiment  | F1=0.418 | Acc=0.561 | P=0.795 | R=0.449
urgency    | F1=0.439 | Acc=0.684 | P=0.450 | R=0.452
topic      | F1=0.254 | Acc=0.406 | P=0.389 | R=0.296
action     | F1=0.126 | Acc=0.516 | P=0.253 | R=0.171
------------------------------------------------------------
✅ Overall Avg | F1=0.309 | Acc=0.542 | P=0.472 | R=0.342

✅ Epoch 4 | Loss=1.2340 | F1(avg)=0.309 | Sent=0.418 | Urg=0.439 | Top=0.254 | Act=0.126
bert_small_lr3e-5_uf2 Epoch 5/50: 100%|███████████████████████████████████████████| 5/5 [00:00<00:00,  8.11it/s]

📊 Validation Results (Per Task)
------------------------------------------------------------
sentiment  | F1=0.489 | Acc=0.600 | P=0.708 | R=0.500
urgency    | F1=0.461 | Acc=0.703 | P=0.463 | R=0.472
topic      | F1=0.346 | Acc=0.490 | P=0.435 | R=0.388
action     | F1=0.126 | Acc=0.516 | P=0.253 | R=0.171
------------------------------------------------------------
✅ Overall Avg | F1=0.355 | Acc=0.577 | P=0.465 | R=0.383

✅ Epoch 5 | Loss=1.1809 | F1(avg)=0.355 | Sent=0.489 | Urg=0.461 | Top=0.346 | Act=0.126
bert_small_lr3e-5_uf2 Epoch 6/50: 100%|███████████████████████████████████████████| 5/5 [00:00<00:00,  8.14it/s]

📊 Validation Results (Per Task)
------------------------------------------------------------
sentiment  | F1=0.531 | Acc=0.619 | P=0.724 | R=0.528
urgency    | F1=0.474 | Acc=0.723 | P=0.477 | R=0.486
topic      | F1=0.419 | Acc=0.542 | P=0.510 | R=0.442
action     | F1=0.183 | Acc=0.555 | P=0.358 | R=0.207
------------------------------------------------------------
✅ Overall Avg | F1=0.402 | Acc=0.610 | P=0.517 | R=0.416

✅ Epoch 6 | Loss=1.1232 | F1(avg)=0.402 | Sent=0.531 | Urg=0.474 | Top=0.419 | Act=0.183
bert_small_lr3e-5_uf2 Epoch 7/50: 100%|███████████████████████████████████████████| 5/5 [00:00<00:00,  8.11it/s]

📊 Validation Results (Per Task)
------------------------------------------------------------
sentiment  | F1=0.592 | Acc=0.658 | P=0.715 | R=0.579
urgency    | F1=0.492 | Acc=0.742 | P=0.490 | R=0.504
topic      | F1=0.434 | Acc=0.555 | P=0.536 | R=0.458
action     | F1=0.249 | Acc=0.626 | P=0.379 | R=0.280
------------------------------------------------------------
✅ Overall Avg | F1=0.442 | Acc=0.645 | P=0.530 | R=0.455

✅ Epoch 7 | Loss=1.0784 | F1(avg)=0.442 | Sent=0.592 | Urg=0.492 | Top=0.434 | Act=0.249
bert_small_lr3e-5_uf2 Epoch 8/50: 100%|███████████████████████████████████████████| 5/5 [00:00<00:00,  8.13it/s]

📊 Validation Results (Per Task)
------------------------------------------------------------
sentiment  | F1=0.660 | Acc=0.703 | P=0.732 | R=0.642
urgency    | F1=0.509 | Acc=0.761 | P=0.503 | R=0.521
topic      | F1=0.539 | Acc=0.632 | P=0.594 | R=0.542
action     | F1=0.275 | Acc=0.645 | P=0.375 | R=0.303
------------------------------------------------------------
✅ Overall Avg | F1=0.496 | Acc=0.685 | P=0.551 | R=0.502

✅ Epoch 8 | Loss=1.0303 | F1(avg)=0.496 | Sent=0.660 | Urg=0.509 | Top=0.539 | Act=0.275
bert_small_lr3e-5_uf2 Epoch 9/50: 100%|███████████████████████████████████████████| 5/5 [00:00<00:00,  8.12it/s]

📊 Validation Results (Per Task)
------------------------------------------------------------
sentiment  | F1=0.706 | Acc=0.742 | P=0.766 | R=0.687
urgency    | F1=0.506 | Acc=0.755 | P=0.500 | R=0.518
topic      | F1=0.557 | Acc=0.645 | P=0.595 | R=0.562
action     | F1=0.280 | Acc=0.652 | P=0.378 | R=0.309
------------------------------------------------------------
✅ Overall Avg | F1=0.512 | Acc=0.698 | P=0.559 | R=0.519

✅ Epoch 9 | Loss=0.9727 | F1(avg)=0.512 | Sent=0.706 | Urg=0.506 | Top=0.557 | Act=0.280
bert_small_lr3e-5_uf2 Epoch 10/50: 100%|██████████████████████████████████████████| 5/5 [00:00<00:00,  8.13it/s]

📊 Validation Results (Per Task)
------------------------------------------------------------
sentiment  | F1=0.765 | Acc=0.787 | P=0.804 | R=0.748
urgency    | F1=0.506 | Acc=0.755 | P=0.497 | R=0.518
topic      | F1=0.572 | Acc=0.658 | P=0.610 | R=0.578
action     | F1=0.294 | Acc=0.665 | P=0.330 | R=0.322
------------------------------------------------------------
✅ Overall Avg | F1=0.534 | Acc=0.716 | P=0.560 | R=0.541

✅ Epoch 10 | Loss=0.9207 | F1(avg)=0.534 | Sent=0.765 | Urg=0.506 | Top=0.572 | Act=0.294
bert_small_lr3e-5_uf2 Epoch 11/50: 100%|██████████████████████████████████████████| 5/5 [00:00<00:00,  8.12it/s]

📊 Validation Results (Per Task)
------------------------------------------------------------
sentiment  | F1=0.774 | Acc=0.794 | P=0.802 | R=0.759
urgency    | F1=0.516 | Acc=0.768 | P=0.505 | R=0.530
topic      | F1=0.584 | Acc=0.671 | P=0.613 | R=0.591
action     | F1=0.306 | Acc=0.677 | P=0.338 | R=0.335
------------------------------------------------------------
✅ Overall Avg | F1=0.545 | Acc=0.727 | P=0.564 | R=0.554

✅ Epoch 11 | Loss=0.8743 | F1(avg)=0.545 | Sent=0.774 | Urg=0.516 | Top=0.584 | Act=0.306
bert_small_lr3e-5_uf2 Epoch 12/50: 100%|██████████████████████████████████████████| 5/5 [00:00<00:00,  8.15it/s]

📊 Validation Results (Per Task)
------------------------------------------------------------
sentiment  | F1=0.796 | Acc=0.813 | P=0.826 | R=0.780
urgency    | F1=0.521 | Acc=0.774 | P=0.509 | R=0.536
topic      | F1=0.594 | Acc=0.677 | P=0.605 | R=0.600
action     | F1=0.324 | Acc=0.690 | P=0.351 | R=0.348
------------------------------------------------------------
✅ Overall Avg | F1=0.559 | Acc=0.739 | P=0.573 | R=0.566

✅ Epoch 12 | Loss=0.8166 | F1(avg)=0.559 | Sent=0.796 | Urg=0.521 | Top=0.594 | Act=0.324
bert_small_lr3e-5_uf2 Epoch 13/50: 100%|██████████████████████████████████████████| 5/5 [00:00<00:00,  8.17it/s]

📊 Validation Results (Per Task)
------------------------------------------------------------
sentiment  | F1=0.803 | Acc=0.819 | P=0.815 | R=0.795
urgency    | F1=0.522 | Acc=0.774 | P=0.512 | R=0.533
topic      | F1=0.621 | Acc=0.684 | P=0.679 | R=0.615
action     | F1=0.326 | Acc=0.697 | P=0.352 | R=0.354
------------------------------------------------------------
✅ Overall Avg | F1=0.568 | Acc=0.744 | P=0.590 | R=0.574

✅ Epoch 13 | Loss=0.7792 | F1(avg)=0.568 | Sent=0.803 | Urg=0.522 | Top=0.621 | Act=0.326
bert_small_lr3e-5_uf2 Epoch 14/50: 100%|██████████████████████████████████████████| 5/5 [00:00<00:00,  8.16it/s]

📊 Validation Results (Per Task)
------------------------------------------------------------
sentiment  | F1=0.813 | Acc=0.826 | P=0.826 | R=0.804
urgency    | F1=0.575 | Acc=0.781 | P=0.628 | R=0.567
topic      | F1=0.635 | Acc=0.697 | P=0.693 | R=0.629
action     | F1=0.335 | Acc=0.703 | P=0.357 | R=0.360
------------------------------------------------------------
✅ Overall Avg | F1=0.589 | Acc=0.752 | P=0.626 | R=0.590

✅ Epoch 14 | Loss=0.7376 | F1(avg)=0.589 | Sent=0.813 | Urg=0.575 | Top=0.635 | Act=0.335
bert_small_lr3e-5_uf2 Epoch 15/50: 100%|██████████████████████████████████████████| 5/5 [00:00<00:00,  8.16it/s]

📊 Validation Results (Per Task)
------------------------------------------------------------
sentiment  | F1=0.837 | Acc=0.852 | P=0.858 | R=0.825
urgency    | F1=0.591 | Acc=0.800 | P=0.641 | R=0.584
topic      | F1=0.655 | Acc=0.723 | P=0.709 | R=0.652
action     | F1=0.334 | Acc=0.703 | P=0.355 | R=0.364
------------------------------------------------------------
✅ Overall Avg | F1=0.604 | Acc=0.769 | P=0.641 | R=0.606

✅ Epoch 15 | Loss=0.7007 | F1(avg)=0.604 | Sent=0.837 | Urg=0.591 | Top=0.655 | Act=0.334
bert_small_lr3e-5_uf2 Epoch 16/50: 100%|██████████████████████████████████████████| 5/5 [00:00<00:00,  8.11it/s]

📊 Validation Results (Per Task)
------------------------------------------------------------
sentiment  | F1=0.868 | Acc=0.877 | P=0.879 | R=0.860
urgency    | F1=0.591 | Acc=0.800 | P=0.641 | R=0.584
topic      | F1=0.686 | Acc=0.735 | P=0.748 | R=0.674
action     | F1=0.342 | Acc=0.710 | P=0.359 | R=0.371
------------------------------------------------------------
✅ Overall Avg | F1=0.622 | Acc=0.781 | P=0.657 | R=0.622

✅ Epoch 16 | Loss=0.6739 | F1(avg)=0.622 | Sent=0.868 | Urg=0.591 | Top=0.686 | Act=0.342
bert_small_lr3e-5_uf2 Epoch 17/50: 100%|██████████████████████████████████████████| 5/5 [00:00<00:00,  8.13it/s]

📊 Validation Results (Per Task)
------------------------------------------------------------
sentiment  | F1=0.865 | Acc=0.871 | P=0.870 | R=0.860
urgency    | F1=0.591 | Acc=0.800 | P=0.641 | R=0.584
topic      | F1=0.703 | Acc=0.755 | P=0.767 | R=0.695
action     | F1=0.340 | Acc=0.710 | P=0.341 | R=0.371
------------------------------------------------------------
✅ Overall Avg | F1=0.625 | Acc=0.784 | P=0.655 | R=0.628

✅ Epoch 17 | Loss=0.6480 | F1(avg)=0.625 | Sent=0.865 | Urg=0.591 | Top=0.703 | Act=0.340
bert_small_lr3e-5_uf2 Epoch 18/50: 100%|██████████████████████████████████████████| 5/5 [00:00<00:00,  8.17it/s]

📊 Validation Results (Per Task)
------------------------------------------------------------
sentiment  | F1=0.859 | Acc=0.865 | P=0.858 | R=0.860
urgency    | F1=0.591 | Acc=0.800 | P=0.641 | R=0.584
topic      | F1=0.716 | Acc=0.768 | P=0.775 | R=0.708
action     | F1=0.347 | Acc=0.716 | P=0.346 | R=0.378
------------------------------------------------------------
✅ Overall Avg | F1=0.628 | Acc=0.787 | P=0.655 | R=0.633

✅ Epoch 18 | Loss=0.6178 | F1(avg)=0.628 | Sent=0.859 | Urg=0.591 | Top=0.716 | Act=0.347
bert_small_lr3e-5_uf2 Epoch 19/50: 100%|██████████████████████████████████████████| 5/5 [00:00<00:00,  8.13it/s]

📊 Validation Results (Per Task)
------------------------------------------------------------
sentiment  | F1=0.870 | Acc=0.877 | P=0.872 | R=0.869
urgency    | F1=0.591 | Acc=0.800 | P=0.640 | R=0.584
topic      | F1=0.717 | Acc=0.768 | P=0.777 | R=0.708
action     | F1=0.347 | Acc=0.716 | P=0.346 | R=0.378
------------------------------------------------------------
✅ Overall Avg | F1=0.631 | Acc=0.790 | P=0.659 | R=0.635

✅ Epoch 19 | Loss=0.6027 | F1(avg)=0.631 | Sent=0.870 | Urg=0.591 | Top=0.717 | Act=0.347
bert_small_lr3e-5_uf2 Epoch 20/50: 100%|██████████████████████████████████████████| 5/5 [00:00<00:00,  8.14it/s]

📊 Validation Results (Per Task)
------------------------------------------------------------
sentiment  | F1=0.865 | Acc=0.871 | P=0.865 | R=0.865
urgency    | F1=0.591 | Acc=0.800 | P=0.640 | R=0.584
topic      | F1=0.738 | Acc=0.774 | P=0.783 | R=0.728
action     | F1=0.347 | Acc=0.716 | P=0.346 | R=0.378
------------------------------------------------------------
✅ Overall Avg | F1=0.635 | Acc=0.790 | P=0.659 | R=0.639

✅ Epoch 20 | Loss=0.5677 | F1(avg)=0.635 | Sent=0.865 | Urg=0.591 | Top=0.738 | Act=0.347
bert_small_lr3e-5_uf2 Epoch 21/50: 100%|██████████████████████████████████████████| 5/5 [00:00<00:00,  8.13it/s]

📊 Validation Results (Per Task)
------------------------------------------------------------
sentiment  | F1=0.870 | Acc=0.877 | P=0.872 | R=0.869
urgency    | F1=0.589 | Acc=0.800 | P=0.615 | R=0.584
topic      | F1=0.729 | Acc=0.768 | P=0.759 | R=0.721
action     | F1=0.367 | Acc=0.723 | P=0.514 | R=0.388
------------------------------------------------------------
✅ Overall Avg | F1=0.639 | Acc=0.792 | P=0.690 | R=0.641

✅ Epoch 21 | Loss=0.5419 | F1(avg)=0.639 | Sent=0.870 | Urg=0.589 | Top=0.729 | Act=0.367
bert_small_lr3e-5_uf2 Epoch 22/50: 100%|██████████████████████████████████████████| 5/5 [00:00<00:00,  8.20it/s]

📊 Validation Results (Per Task)
------------------------------------------------------------
sentiment  | F1=0.879 | Acc=0.884 | P=0.880 | R=0.878
urgency    | F1=0.589 | Acc=0.800 | P=0.615 | R=0.584
topic      | F1=0.722 | Acc=0.761 | P=0.754 | R=0.713
action     | F1=0.367 | Acc=0.723 | P=0.514 | R=0.388
------------------------------------------------------------
✅ Overall Avg | F1=0.639 | Acc=0.792 | P=0.691 | R=0.641

✅ Epoch 22 | Loss=0.5222 | F1(avg)=0.639 | Sent=0.879 | Urg=0.589 | Top=0.722 | Act=0.367
bert_small_lr3e-5_uf2 Epoch 23/50: 100%|██████████████████████████████████████████| 5/5 [00:00<00:00,  8.22it/s]

📊 Validation Results (Per Task)
------------------------------------------------------------
sentiment  | F1=0.886 | Acc=0.890 | P=0.886 | R=0.888
urgency    | F1=0.587 | Acc=0.800 | P=0.601 | R=0.584
topic      | F1=0.722 | Acc=0.761 | P=0.754 | R=0.713
action     | F1=0.367 | Acc=0.723 | P=0.514 | R=0.388
------------------------------------------------------------
✅ Overall Avg | F1=0.641 | Acc=0.794 | P=0.689 | R=0.643

✅ Epoch 23 | Loss=0.5092 | F1(avg)=0.641 | Sent=0.886 | Urg=0.587 | Top=0.722 | Act=0.367
bert_small_lr3e-5_uf2 Epoch 24/50: 100%|██████████████████████████████████████████| 5/5 [00:00<00:00,  8.22it/s]

📊 Validation Results (Per Task)
------------------------------------------------------------
sentiment  | F1=0.900 | Acc=0.903 | P=0.901 | R=0.899
urgency    | F1=0.587 | Acc=0.800 | P=0.600 | R=0.584
topic      | F1=0.730 | Acc=0.768 | P=0.769 | R=0.719
action     | F1=0.380 | Acc=0.735 | P=0.522 | R=0.401
------------------------------------------------------------
✅ Overall Avg | F1=0.649 | Acc=0.802 | P=0.698 | R=0.651

✅ Epoch 24 | Loss=0.4880 | F1(avg)=0.649 | Sent=0.900 | Urg=0.587 | Top=0.730 | Act=0.380
bert_small_lr3e-5_uf2 Epoch 25/50: 100%|██████████████████████████████████████████| 5/5 [00:00<00:00,  8.25it/s]

📊 Validation Results (Per Task)
------------------------------------------------------------
sentiment  | F1=0.883 | Acc=0.890 | P=0.885 | R=0.881
urgency    | F1=0.597 | Acc=0.813 | P=0.610 | R=0.596
topic      | F1=0.745 | Acc=0.774 | P=0.781 | R=0.733
action     | F1=0.399 | Acc=0.742 | P=0.524 | R=0.412
------------------------------------------------------------
✅ Overall Avg | F1=0.656 | Acc=0.805 | P=0.700 | R=0.656

✅ Epoch 25 | Loss=0.4696 | F1(avg)=0.656 | Sent=0.883 | Urg=0.597 | Top=0.745 | Act=0.399
bert_small_lr3e-5_uf2 Epoch 26/50: 100%|██████████████████████████████████████████| 5/5 [00:00<00:00,  8.23it/s]

📊 Validation Results (Per Task)
------------------------------------------------------------
sentiment  | F1=0.883 | Acc=0.890 | P=0.885 | R=0.881
urgency    | F1=0.592 | Acc=0.806 | P=0.599 | R=0.590
topic      | F1=0.772 | Acc=0.794 | P=0.794 | R=0.762
action     | F1=0.399 | Acc=0.742 | P=0.524 | R=0.412
------------------------------------------------------------
✅ Overall Avg | F1=0.661 | Acc=0.808 | P=0.701 | R=0.661

✅ Epoch 26 | Loss=0.4633 | F1(avg)=0.661 | Sent=0.883 | Urg=0.592 | Top=0.772 | Act=0.399
bert_small_lr3e-5_uf2 Epoch 27/50: 100%|██████████████████████████████████████████| 5/5 [00:00<00:00,  8.16it/s]

📊 Validation Results (Per Task)
------------------------------------------------------------
sentiment  | F1=0.897 | Acc=0.903 | P=0.898 | R=0.897
urgency    | F1=0.593 | Acc=0.806 | P=0.601 | R=0.590
topic      | F1=0.769 | Acc=0.794 | P=0.784 | R=0.762
action     | F1=0.416 | Acc=0.748 | P=0.526 | R=0.422
------------------------------------------------------------
✅ Overall Avg | F1=0.669 | Acc=0.813 | P=0.702 | R=0.668

✅ Epoch 27 | Loss=0.4506 | F1(avg)=0.669 | Sent=0.897 | Urg=0.593 | Top=0.769 | Act=0.416
bert_small_lr3e-5_uf2 Epoch 28/50: 100%|██████████████████████████████████████████| 5/5 [00:00<00:00,  8.13it/s]

📊 Validation Results (Per Task)
------------------------------------------------------------
sentiment  | F1=0.897 | Acc=0.903 | P=0.898 | R=0.897
urgency    | F1=0.603 | Acc=0.819 | P=0.609 | R=0.602
topic      | F1=0.772 | Acc=0.794 | P=0.794 | R=0.762
action     | F1=0.416 | Acc=0.748 | P=0.526 | R=0.422
------------------------------------------------------------
✅ Overall Avg | F1=0.672 | Acc=0.816 | P=0.707 | R=0.671

✅ Epoch 28 | Loss=0.4340 | F1(avg)=0.672 | Sent=0.897 | Urg=0.603 | Top=0.772 | Act=0.416
bert_small_lr3e-5_uf2 Epoch 29/50: 100%|██████████████████████████████████████████| 5/5 [00:00<00:00,  8.15it/s]

📊 Validation Results (Per Task)
------------------------------------------------------------
sentiment  | F1=0.897 | Acc=0.903 | P=0.898 | R=0.897
urgency    | F1=0.603 | Acc=0.819 | P=0.609 | R=0.602
topic      | F1=0.766 | Acc=0.787 | P=0.788 | R=0.755
action     | F1=0.416 | Acc=0.748 | P=0.526 | R=0.422
------------------------------------------------------------
✅ Overall Avg | F1=0.671 | Acc=0.815 | P=0.705 | R=0.669

✅ Epoch 29 | Loss=0.4228 | F1(avg)=0.671 | Sent=0.897 | Urg=0.603 | Top=0.766 | Act=0.416
bert_small_lr3e-5_uf2 Epoch 30/50: 100%|██████████████████████████████████████████| 5/5 [00:00<00:00,  8.14it/s]

📊 Validation Results (Per Task)
------------------------------------------------------------
sentiment  | F1=0.897 | Acc=0.903 | P=0.898 | R=0.897
urgency    | F1=0.607 | Acc=0.826 | P=0.613 | R=0.608
topic      | F1=0.771 | Acc=0.794 | P=0.795 | R=0.759
action     | F1=0.413 | Acc=0.748 | P=0.485 | R=0.422
------------------------------------------------------------
✅ Overall Avg | F1=0.672 | Acc=0.818 | P=0.698 | R=0.672

✅ Epoch 30 | Loss=0.4099 | F1(avg)=0.672 | Sent=0.897 | Urg=0.607 | Top=0.771 | Act=0.413
bert_small_lr3e-5_uf2 Epoch 31/50: 100%|██████████████████████████████████████████| 5/5 [00:00<00:00,  8.16it/s]

📊 Validation Results (Per Task)
------------------------------------------------------------
sentiment  | F1=0.897 | Acc=0.903 | P=0.898 | R=0.897
urgency    | F1=0.647 | Acc=0.832 | P=0.658 | R=0.642
topic      | F1=0.784 | Acc=0.800 | P=0.809 | R=0.772
action     | F1=0.415 | Acc=0.748 | P=0.487 | R=0.422
------------------------------------------------------------
✅ Overall Avg | F1=0.686 | Acc=0.821 | P=0.713 | R=0.683

✅ Epoch 31 | Loss=0.4084 | F1(avg)=0.686 | Sent=0.897 | Urg=0.647 | Top=0.784 | Act=0.415
bert_small_lr3e-5_uf2 Epoch 32/50: 100%|██████████████████████████████████████████| 5/5 [00:00<00:00,  8.16it/s]

📊 Validation Results (Per Task)
------------------------------------------------------------
sentiment  | F1=0.897 | Acc=0.903 | P=0.898 | R=0.897
urgency    | F1=0.608 | Acc=0.826 | P=0.613 | R=0.608
topic      | F1=0.792 | Acc=0.806 | P=0.810 | R=0.785
action     | F1=0.425 | Acc=0.761 | P=0.495 | R=0.431
------------------------------------------------------------
✅ Overall Avg | F1=0.681 | Acc=0.824 | P=0.704 | R=0.680

✅ Epoch 32 | Loss=0.3955 | F1(avg)=0.681 | Sent=0.897 | Urg=0.608 | Top=0.792 | Act=0.425
bert_small_lr3e-5_uf2 Epoch 33/50: 100%|██████████████████████████████████████████| 5/5 [00:00<00:00,  8.16it/s]

📊 Validation Results (Per Task)
------------------------------------------------------------
sentiment  | F1=0.897 | Acc=0.903 | P=0.898 | R=0.897
urgency    | F1=0.615 | Acc=0.832 | P=0.627 | R=0.614
topic      | F1=0.800 | Acc=0.813 | P=0.830 | R=0.788
action     | F1=0.428 | Acc=0.768 | P=0.498 | R=0.433
------------------------------------------------------------
✅ Overall Avg | F1=0.685 | Acc=0.829 | P=0.713 | R=0.683

✅ Epoch 33 | Loss=0.3835 | F1(avg)=0.685 | Sent=0.897 | Urg=0.615 | Top=0.800 | Act=0.428
bert_small_lr3e-5_uf2 Epoch 34/50: 100%|██████████████████████████████████████████| 5/5 [00:00<00:00,  8.16it/s]

📊 Validation Results (Per Task)
------------------------------------------------------------
sentiment  | F1=0.897 | Acc=0.903 | P=0.898 | R=0.897
urgency    | F1=0.656 | Acc=0.839 | P=0.676 | R=0.648
topic      | F1=0.797 | Acc=0.813 | P=0.818 | R=0.788
action     | F1=0.428 | Acc=0.768 | P=0.498 | R=0.433
------------------------------------------------------------
✅ Overall Avg | F1=0.695 | Acc=0.831 | P=0.722 | R=0.692

✅ Epoch 34 | Loss=0.3796 | F1(avg)=0.695 | Sent=0.897 | Urg=0.656 | Top=0.797 | Act=0.428
bert_small_lr3e-5_uf2 Epoch 35/50: 100%|██████████████████████████████████████████| 5/5 [00:00<00:00,  8.17it/s]

📊 Validation Results (Per Task)
------------------------------------------------------------
sentiment  | F1=0.897 | Acc=0.903 | P=0.898 | R=0.897
urgency    | F1=0.648 | Acc=0.832 | P=0.659 | R=0.642
topic      | F1=0.796 | Acc=0.813 | P=0.813 | R=0.787
action     | F1=0.428 | Acc=0.768 | P=0.498 | R=0.433
------------------------------------------------------------
✅ Overall Avg | F1=0.692 | Acc=0.829 | P=0.717 | R=0.690

✅ Epoch 35 | Loss=0.3743 | F1(avg)=0.692 | Sent=0.897 | Urg=0.648 | Top=0.796 | Act=0.428
bert_small_lr3e-5_uf2 Epoch 36/50: 100%|██████████████████████████████████████████| 5/5 [00:00<00:00,  8.15it/s]

📊 Validation Results (Per Task)
------------------------------------------------------------
sentiment  | F1=0.897 | Acc=0.903 | P=0.898 | R=0.897
urgency    | F1=0.648 | Acc=0.832 | P=0.659 | R=0.642
topic      | F1=0.791 | Acc=0.806 | P=0.809 | R=0.782
action     | F1=0.421 | Acc=0.761 | P=0.493 | R=0.426
------------------------------------------------------------
✅ Overall Avg | F1=0.689 | Acc=0.826 | P=0.715 | R=0.687

✅ Epoch 36 | Loss=0.3650 | F1(avg)=0.689 | Sent=0.897 | Urg=0.648 | Top=0.791 | Act=0.421
bert_small_lr3e-5_uf2 Epoch 37/50: 100%|██████████████████████████████████████████| 5/5 [00:00<00:00,  8.16it/s]

📊 Validation Results (Per Task)
------------------------------------------------------------
sentiment  | F1=0.897 | Acc=0.903 | P=0.898 | R=0.897
urgency    | F1=0.648 | Acc=0.832 | P=0.659 | R=0.642
topic      | F1=0.791 | Acc=0.806 | P=0.809 | R=0.782
action     | F1=0.421 | Acc=0.761 | P=0.493 | R=0.426
------------------------------------------------------------
✅ Overall Avg | F1=0.689 | Acc=0.826 | P=0.715 | R=0.687

✅ Epoch 37 | Loss=0.3683 | F1(avg)=0.689 | Sent=0.897 | Urg=0.648 | Top=0.791 | Act=0.421
bert_small_lr3e-5_uf2 Epoch 38/50: 100%|██████████████████████████████████████████| 5/5 [00:00<00:00,  8.18it/s]

📊 Validation Results (Per Task)
------------------------------------------------------------
sentiment  | F1=0.897 | Acc=0.903 | P=0.898 | R=0.897
urgency    | F1=0.647 | Acc=0.832 | P=0.658 | R=0.642
topic      | F1=0.797 | Acc=0.813 | P=0.817 | R=0.787
action     | F1=0.427 | Acc=0.768 | P=0.497 | R=0.433
------------------------------------------------------------
✅ Overall Avg | F1=0.692 | Acc=0.829 | P=0.717 | R=0.690

✅ Epoch 38 | Loss=0.3511 | F1(avg)=0.692 | Sent=0.897 | Urg=0.647 | Top=0.797 | Act=0.427
bert_small_lr3e-5_uf2 Epoch 39/50: 100%|██████████████████████████████████████████| 5/5 [00:00<00:00,  8.15it/s]

📊 Validation Results (Per Task)
------------------------------------------------------------
sentiment  | F1=0.897 | Acc=0.903 | P=0.898 | R=0.897
urgency    | F1=0.655 | Acc=0.839 | P=0.674 | R=0.648
topic      | F1=0.817 | Acc=0.826 | P=0.839 | R=0.807
action     | F1=0.424 | Acc=0.761 | P=0.471 | R=0.431
------------------------------------------------------------
✅ Overall Avg | F1=0.698 | Acc=0.832 | P=0.720 | R=0.696

✅ Epoch 39 | Loss=0.3470 | F1(avg)=0.698 | Sent=0.897 | Urg=0.655 | Top=0.817 | Act=0.424
bert_small_lr3e-5_uf2 Epoch 40/50: 100%|██████████████████████████████████████████| 5/5 [00:00<00:00,  8.14it/s]

📊 Validation Results (Per Task)
------------------------------------------------------------
sentiment  | F1=0.897 | Acc=0.903 | P=0.898 | R=0.897
urgency    | F1=0.655 | Acc=0.839 | P=0.674 | R=0.648
topic      | F1=0.817 | Acc=0.826 | P=0.840 | R=0.808
action     | F1=0.424 | Acc=0.761 | P=0.471 | R=0.431
------------------------------------------------------------
✅ Overall Avg | F1=0.698 | Acc=0.832 | P=0.721 | R=0.696

✅ Epoch 40 | Loss=0.3482 | F1(avg)=0.698 | Sent=0.897 | Urg=0.655 | Top=0.817 | Act=0.424
bert_small_lr3e-5_uf2 Epoch 41/50: 100%|██████████████████████████████████████████| 5/5 [00:00<00:00,  8.15it/s]

📊 Validation Results (Per Task)
------------------------------------------------------------
sentiment  | F1=0.897 | Acc=0.903 | P=0.898 | R=0.897
urgency    | F1=0.655 | Acc=0.839 | P=0.675 | R=0.648
topic      | F1=0.817 | Acc=0.826 | P=0.840 | R=0.808
action     | F1=0.424 | Acc=0.761 | P=0.471 | R=0.431
------------------------------------------------------------
✅ Overall Avg | F1=0.698 | Acc=0.832 | P=0.721 | R=0.696

✅ Epoch 41 | Loss=0.3457 | F1(avg)=0.698 | Sent=0.897 | Urg=0.655 | Top=0.817 | Act=0.424
bert_small_lr3e-5_uf2 Epoch 42/50: 100%|██████████████████████████████████████████| 5/5 [00:00<00:00,  8.17it/s]

📊 Validation Results (Per Task)
------------------------------------------------------------
sentiment  | F1=0.897 | Acc=0.903 | P=0.898 | R=0.897
urgency    | F1=0.647 | Acc=0.832 | P=0.658 | R=0.642
topic      | F1=0.824 | Acc=0.832 | P=0.843 | R=0.815
action     | F1=0.425 | Acc=0.761 | P=0.472 | R=0.431
------------------------------------------------------------
✅ Overall Avg | F1=0.698 | Acc=0.832 | P=0.718 | R=0.696

✅ Epoch 42 | Loss=0.3401 | F1(avg)=0.698 | Sent=0.897 | Urg=0.647 | Top=0.824 | Act=0.425
bert_small_lr3e-5_uf2 Epoch 43/50: 100%|██████████████████████████████████████████| 5/5 [00:00<00:00,  8.16it/s]

📊 Validation Results (Per Task)
------------------------------------------------------------
sentiment  | F1=0.897 | Acc=0.903 | P=0.898 | R=0.897
urgency    | F1=0.647 | Acc=0.832 | P=0.658 | R=0.642
topic      | F1=0.817 | Acc=0.826 | P=0.839 | R=0.807
action     | F1=0.425 | Acc=0.761 | P=0.472 | R=0.431
------------------------------------------------------------
✅ Overall Avg | F1=0.696 | Acc=0.831 | P=0.717 | R=0.694

✅ Epoch 43 | Loss=0.3402 | F1(avg)=0.696 | Sent=0.897 | Urg=0.647 | Top=0.817 | Act=0.425
bert_small_lr3e-5_uf2 Epoch 44/50: 100%|██████████████████████████████████████████| 5/5 [00:00<00:00,  8.17it/s]

📊 Validation Results (Per Task)
------------------------------------------------------------
sentiment  | F1=0.897 | Acc=0.903 | P=0.898 | R=0.897
urgency    | F1=0.647 | Acc=0.832 | P=0.658 | R=0.642
topic      | F1=0.812 | Acc=0.819 | P=0.833 | R=0.801
action     | F1=0.424 | Acc=0.761 | P=0.471 | R=0.431
------------------------------------------------------------
✅ Overall Avg | F1=0.695 | Acc=0.829 | P=0.715 | R=0.693

✅ Epoch 44 | Loss=0.3389 | F1(avg)=0.695 | Sent=0.897 | Urg=0.647 | Top=0.812 | Act=0.424
bert_small_lr3e-5_uf2 Epoch 45/50: 100%|██████████████████████████████████████████| 5/5 [00:00<00:00,  8.14it/s]

📊 Validation Results (Per Task)
------------------------------------------------------------
sentiment  | F1=0.897 | Acc=0.903 | P=0.898 | R=0.897
urgency    | F1=0.647 | Acc=0.832 | P=0.658 | R=0.642
topic      | F1=0.812 | Acc=0.819 | P=0.833 | R=0.801
action     | F1=0.443 | Acc=0.774 | P=0.474 | R=0.448
------------------------------------------------------------
✅ Overall Avg | F1=0.700 | Acc=0.832 | P=0.716 | R=0.697

✅ Epoch 45 | Loss=0.3443 | F1(avg)=0.700 | Sent=0.897 | Urg=0.647 | Top=0.812 | Act=0.443
bert_small_lr3e-5_uf2 Epoch 46/50: 100%|██████████████████████████████████████████| 5/5 [00:00<00:00,  8.19it/s]

📊 Validation Results (Per Task)
------------------------------------------------------------
sentiment  | F1=0.897 | Acc=0.903 | P=0.898 | R=0.897
urgency    | F1=0.647 | Acc=0.832 | P=0.658 | R=0.642
topic      | F1=0.812 | Acc=0.819 | P=0.833 | R=0.801
action     | F1=0.443 | Acc=0.774 | P=0.474 | R=0.448
------------------------------------------------------------
✅ Overall Avg | F1=0.700 | Acc=0.832 | P=0.716 | R=0.697

✅ Epoch 46 | Loss=0.3338 | F1(avg)=0.700 | Sent=0.897 | Urg=0.647 | Top=0.812 | Act=0.443
bert_small_lr3e-5_uf2 Epoch 47/50: 100%|██████████████████████████████████████████| 5/5 [00:00<00:00,  8.20it/s]

📊 Validation Results (Per Task)
------------------------------------------------------------
sentiment  | F1=0.897 | Acc=0.903 | P=0.898 | R=0.897
urgency    | F1=0.647 | Acc=0.832 | P=0.658 | R=0.642
topic      | F1=0.812 | Acc=0.819 | P=0.833 | R=0.801
action     | F1=0.443 | Acc=0.774 | P=0.474 | R=0.448
------------------------------------------------------------
✅ Overall Avg | F1=0.700 | Acc=0.832 | P=0.716 | R=0.697

✅ Epoch 47 | Loss=0.3324 | F1(avg)=0.700 | Sent=0.897 | Urg=0.647 | Top=0.812 | Act=0.443
bert_small_lr3e-5_uf2 Epoch 48/50: 100%|██████████████████████████████████████████| 5/5 [00:00<00:00,  8.15it/s]

📊 Validation Results (Per Task)
------------------------------------------------------------
sentiment  | F1=0.897 | Acc=0.903 | P=0.898 | R=0.897
urgency    | F1=0.647 | Acc=0.832 | P=0.658 | R=0.642
topic      | F1=0.812 | Acc=0.819 | P=0.833 | R=0.801
action     | F1=0.441 | Acc=0.774 | P=0.464 | R=0.448
------------------------------------------------------------
✅ Overall Avg | F1=0.699 | Acc=0.832 | P=0.713 | R=0.697

✅ Epoch 48 | Loss=0.3302 | F1(avg)=0.699 | Sent=0.897 | Urg=0.647 | Top=0.812 | Act=0.441
bert_small_lr3e-5_uf2 Epoch 49/50: 100%|██████████████████████████████████████████| 5/5 [00:00<00:00,  8.17it/s]

📊 Validation Results (Per Task)
------------------------------------------------------------
sentiment  | F1=0.897 | Acc=0.903 | P=0.898 | R=0.897
urgency    | F1=0.647 | Acc=0.832 | P=0.658 | R=0.642
topic      | F1=0.812 | Acc=0.819 | P=0.833 | R=0.801
action     | F1=0.441 | Acc=0.774 | P=0.464 | R=0.448
------------------------------------------------------------
✅ Overall Avg | F1=0.699 | Acc=0.832 | P=0.713 | R=0.697

✅ Epoch 49 | Loss=0.3381 | F1(avg)=0.699 | Sent=0.897 | Urg=0.647 | Top=0.812 | Act=0.441
bert_small_lr3e-5_uf2 Epoch 50/50: 100%|██████████████████████████████████████████| 5/5 [00:00<00:00,  8.20it/s]

📊 Validation Results (Per Task)
------------------------------------------------------------
sentiment  | F1=0.897 | Acc=0.903 | P=0.898 | R=0.897
urgency    | F1=0.647 | Acc=0.832 | P=0.658 | R=0.642
topic      | F1=0.812 | Acc=0.819 | P=0.833 | R=0.801
action     | F1=0.441 | Acc=0.774 | P=0.464 | R=0.448
------------------------------------------------------------
✅ Overall Avg | F1=0.699 | Acc=0.832 | P=0.713 | R=0.697

✅ Epoch 50 | Loss=0.3321 | F1(avg)=0.699 | Sent=0.897 | Urg=0.647 | Top=0.812 | Act=0.441
