2025-11-10 22:41:41,108 INFO    MainThread:1832281 [wandb_setup.py:_flush():81] Current SDK version is 0.22.1
2025-11-10 22:41:41,108 INFO    MainThread:1832281 [wandb_setup.py:_flush():81] Configure stats pid to 1832281
2025-11-10 22:41:41,108 INFO    MainThread:1832281 [wandb_setup.py:_flush():81] Loading settings from /home/700050058/.config/wandb/settings
2025-11-10 22:41:41,108 INFO    MainThread:1832281 [wandb_setup.py:_flush():81] Loading settings from /home/700050058/project_feedback_analyzer/wandb/settings
2025-11-10 22:41:41,108 INFO    MainThread:1832281 [wandb_setup.py:_flush():81] Loading settings from environment variables
2025-11-10 22:41:41,108 INFO    MainThread:1832281 [wandb_init.py:setup_run_log_directory():705] Logging user logs to /home/700050058/project_feedback_analyzer/wandb/run-20251110_224141-0uqj15n2/logs/debug.log
2025-11-10 22:41:41,109 INFO    MainThread:1832281 [wandb_init.py:setup_run_log_directory():706] Logging internal logs to /home/700050058/project_feedback_analyzer/wandb/run-20251110_224141-0uqj15n2/logs/debug-internal.log
2025-11-10 22:41:41,109 INFO    MainThread:1832281 [wandb_init.py:init():832] calling init triggers
2025-11-10 22:41:41,109 INFO    MainThread:1832281 [wandb_init.py:init():837] wandb.init called with sweep_config: {}
config: {'model_name': 'bert-base-uncased', 'exp_name': 'bert_base_lr2e-5_uf2', 'lr': 2e-05, 'epochs': 40, 'unfreeze_layers': 2, 'use_rule': True, '_wandb': {}}
2025-11-10 22:41:41,109 INFO    MainThread:1832281 [wandb_init.py:init():880] starting backend
2025-11-10 22:41:41,318 INFO    MainThread:1832281 [wandb_init.py:init():883] sending inform_init request
2025-11-10 22:41:41,326 INFO    MainThread:1832281 [wandb_init.py:init():891] backend started and connected
2025-11-10 22:41:41,328 INFO    MainThread:1832281 [wandb_init.py:init():961] updated telemetry
2025-11-10 22:41:41,328 INFO    MainThread:1832281 [wandb_init.py:init():985] communicating run to backend with 90.0 second timeout
2025-11-10 22:41:42,081 INFO    MainThread:1832281 [wandb_init.py:init():1036] starting run threads in backend
2025-11-10 22:41:42,240 INFO    MainThread:1832281 [wandb_run.py:_console_start():2506] atexit reg
2025-11-10 22:41:42,240 INFO    MainThread:1832281 [wandb_run.py:_redirect():2354] redirect: wrap_raw
2025-11-10 22:41:42,241 INFO    MainThread:1832281 [wandb_run.py:_redirect():2423] Wrapping output streams.
2025-11-10 22:41:42,241 INFO    MainThread:1832281 [wandb_run.py:_redirect():2446] Redirects installed.
2025-11-10 22:41:42,246 INFO    MainThread:1832281 [wandb_init.py:init():1076] run started, returning control to user process
2025-11-10 22:41:43,832 INFO    MainThread:1832281 [wandb_watch.py:_watch():68] Watching
2025-11-10 22:43:37,594 INFO    MainThread:1832281 [wandb_run.py:_finish():2272] finishing run mjc030225-npu/FeedbackAnalyzer/0uqj15n2
2025-11-10 22:43:37,595 INFO    MainThread:1832281 [wandb_run.py:_atexit_cleanup():2471] got exitcode: 0
2025-11-10 22:43:37,595 INFO    MainThread:1832281 [wandb_run.py:_restore():2453] restore
2025-11-10 22:43:37,595 INFO    MainThread:1832281 [wandb_run.py:_restore():2459] restore done
2025-11-10 22:43:40,779 INFO    MainThread:1832281 [wandb_run.py:_footer_sync_info():3869] logging synced files
