Use device:cuda
bert_base_lr2e-5_uf2 Epoch 1/50: 100%|████████████████████████████████████████████| 5/5 [00:02<00:00,  2.18it/s]

📊 Validation Results (Per Task)
------------------------------------------------------------
sentiment  | F1=0.274 | Acc=0.490 | P=0.660 | R=0.364
urgency    | F1=0.333 | Acc=0.568 | P=0.355 | R=0.356
topic      | F1=0.074 | Acc=0.252 | P=0.181 | R=0.147
action     | F1=0.030 | Acc=0.090 | P=0.017 | R=0.146
------------------------------------------------------------
✅ Overall Avg | F1=0.178 | Acc=0.350 | P=0.303 | R=0.253

✅ Epoch 1 | Loss=1.5002 | F1(avg)=0.178 | Sent=0.274 | Urg=0.333 | Top=0.074 | Act=0.030
bert_base_lr2e-5_uf2 Epoch 2/50: 100%|████████████████████████████████████████████| 5/5 [00:02<00:00,  2.38it/s]

📊 Validation Results (Per Task)
------------------------------------------------------------
sentiment  | F1=0.254 | Acc=0.484 | P=0.409 | R=0.355
urgency    | F1=0.317 | Acc=0.600 | P=0.457 | R=0.364
topic      | F1=0.070 | Acc=0.258 | P=0.181 | R=0.148
action     | F1=0.132 | Acc=0.290 | P=0.196 | R=0.223
------------------------------------------------------------
✅ Overall Avg | F1=0.193 | Acc=0.408 | P=0.311 | R=0.273

✅ Epoch 2 | Loss=1.4380 | F1(avg)=0.193 | Sent=0.254 | Urg=0.317 | Top=0.070 | Act=0.132
bert_base_lr2e-5_uf2 Epoch 3/50: 100%|████████████████████████████████████████████| 5/5 [00:02<00:00,  2.38it/s]

📊 Validation Results (Per Task)
------------------------------------------------------------
sentiment  | F1=0.315 | Acc=0.516 | P=0.461 | R=0.390
urgency    | F1=0.322 | Acc=0.613 | P=0.491 | R=0.371
topic      | F1=0.124 | Acc=0.290 | P=0.288 | R=0.181
action     | F1=0.213 | Acc=0.542 | P=0.396 | R=0.246
------------------------------------------------------------
✅ Overall Avg | F1=0.244 | Acc=0.490 | P=0.409 | R=0.297

✅ Epoch 3 | Loss=1.3863 | F1(avg)=0.244 | Sent=0.315 | Urg=0.322 | Top=0.124 | Act=0.213
bert_base_lr2e-5_uf2 Epoch 4/50: 100%|████████████████████████████████████████████| 5/5 [00:02<00:00,  2.10it/s]

📊 Validation Results (Per Task)
------------------------------------------------------------
sentiment  | F1=0.426 | Acc=0.594 | P=0.472 | R=0.475
urgency    | F1=0.357 | Acc=0.632 | P=0.486 | R=0.391
topic      | F1=0.188 | Acc=0.368 | P=0.282 | R=0.251
action     | F1=0.125 | Acc=0.516 | P=0.129 | R=0.171
------------------------------------------------------------
✅ Overall Avg | F1=0.274 | Acc=0.527 | P=0.342 | R=0.322

✅ Epoch 4 | Loss=1.3334 | F1(avg)=0.274 | Sent=0.426 | Urg=0.357 | Top=0.188 | Act=0.125
bert_base_lr2e-5_uf2 Epoch 5/50: 100%|████████████████████████████████████████████| 5/5 [00:02<00:00,  2.38it/s]

📊 Validation Results (Per Task)
------------------------------------------------------------
sentiment  | F1=0.497 | Acc=0.652 | P=0.802 | R=0.541
urgency    | F1=0.399 | Acc=0.665 | P=0.481 | R=0.421
topic      | F1=0.204 | Acc=0.394 | P=0.290 | R=0.281
action     | F1=0.126 | Acc=0.523 | P=0.130 | R=0.173
------------------------------------------------------------
✅ Overall Avg | F1=0.307 | Acc=0.558 | P=0.426 | R=0.354

✅ Epoch 5 | Loss=1.2502 | F1(avg)=0.307 | Sent=0.497 | Urg=0.399 | Top=0.204 | Act=0.126
bert_base_lr2e-5_uf2 Epoch 6/50: 100%|████████████████████████████████████████████| 5/5 [00:02<00:00,  2.38it/s]

📊 Validation Results (Per Task)
------------------------------------------------------------
sentiment  | F1=0.573 | Acc=0.710 | P=0.817 | R=0.609
urgency    | F1=0.506 | Acc=0.761 | P=0.531 | R=0.513
topic      | F1=0.269 | Acc=0.426 | P=0.509 | R=0.322
action     | F1=0.146 | Acc=0.535 | P=0.173 | R=0.185
------------------------------------------------------------
✅ Overall Avg | F1=0.373 | Acc=0.608 | P=0.507 | R=0.407

✅ Epoch 6 | Loss=1.1831 | F1(avg)=0.373 | Sent=0.573 | Urg=0.506 | Top=0.269 | Act=0.146
bert_base_lr2e-5_uf2 Epoch 7/50: 100%|████████████████████████████████████████████| 5/5 [00:02<00:00,  2.38it/s]

📊 Validation Results (Per Task)
------------------------------------------------------------
sentiment  | F1=0.665 | Acc=0.761 | P=0.800 | R=0.677
urgency    | F1=0.575 | Acc=0.845 | P=0.564 | R=0.590
topic      | F1=0.377 | Acc=0.503 | P=0.494 | R=0.410
action     | F1=0.217 | Acc=0.600 | P=0.218 | R=0.244
------------------------------------------------------------
✅ Overall Avg | F1=0.459 | Acc=0.677 | P=0.519 | R=0.480

✅ Epoch 7 | Loss=1.1280 | F1(avg)=0.459 | Sent=0.665 | Urg=0.575 | Top=0.377 | Act=0.217
bert_base_lr2e-5_uf2 Epoch 8/50: 100%|████████████████████████████████████████████| 5/5 [00:02<00:00,  2.38it/s]

📊 Validation Results (Per Task)
------------------------------------------------------------
sentiment  | F1=0.765 | Acc=0.826 | P=0.851 | R=0.761
urgency    | F1=0.591 | Acc=0.865 | P=0.571 | R=0.612
topic      | F1=0.435 | Acc=0.568 | P=0.461 | R=0.474
action     | F1=0.234 | Acc=0.632 | P=0.207 | R=0.274
------------------------------------------------------------
✅ Overall Avg | F1=0.506 | Acc=0.723 | P=0.522 | R=0.530

✅ Epoch 8 | Loss=1.0694 | F1(avg)=0.506 | Sent=0.765 | Urg=0.591 | Top=0.435 | Act=0.234
bert_base_lr2e-5_uf2 Epoch 9/50: 100%|████████████████████████████████████████████| 5/5 [00:02<00:00,  2.38it/s]

📊 Validation Results (Per Task)
------------------------------------------------------------
sentiment  | F1=0.815 | Acc=0.858 | P=0.875 | R=0.805
urgency    | F1=0.596 | Acc=0.871 | P=0.574 | R=0.620
topic      | F1=0.505 | Acc=0.626 | P=0.615 | R=0.541
action     | F1=0.255 | Acc=0.658 | P=0.372 | R=0.302
------------------------------------------------------------
✅ Overall Avg | F1=0.543 | Acc=0.753 | P=0.609 | R=0.567

✅ Epoch 9 | Loss=0.9948 | F1(avg)=0.543 | Sent=0.815 | Urg=0.596 | Top=0.505 | Act=0.255
bert_base_lr2e-5_uf2 Epoch 10/50: 100%|███████████████████████████████████████████| 5/5 [00:02<00:00,  2.38it/s]

📊 Validation Results (Per Task)
------------------------------------------------------------
sentiment  | F1=0.870 | Acc=0.897 | P=0.905 | R=0.858
urgency    | F1=0.591 | Acc=0.865 | P=0.570 | R=0.617
topic      | F1=0.576 | Acc=0.677 | P=0.618 | R=0.597
action     | F1=0.313 | Acc=0.710 | P=0.385 | R=0.353
------------------------------------------------------------
✅ Overall Avg | F1=0.588 | Acc=0.787 | P=0.619 | R=0.606

✅ Epoch 10 | Loss=0.9345 | F1(avg)=0.588 | Sent=0.870 | Urg=0.591 | Top=0.576 | Act=0.313
bert_base_lr2e-5_uf2 Epoch 11/50: 100%|███████████████████████████████████████████| 5/5 [00:02<00:00,  2.37it/s]

📊 Validation Results (Per Task)
------------------------------------------------------------
sentiment  | F1=0.870 | Acc=0.897 | P=0.905 | R=0.858
urgency    | F1=0.591 | Acc=0.865 | P=0.570 | R=0.617
topic      | F1=0.593 | Acc=0.690 | P=0.610 | R=0.611
action     | F1=0.335 | Acc=0.729 | P=0.390 | R=0.372
------------------------------------------------------------
✅ Overall Avg | F1=0.597 | Acc=0.795 | P=0.619 | R=0.615

✅ Epoch 11 | Loss=0.8813 | F1(avg)=0.597 | Sent=0.870 | Urg=0.591 | Top=0.593 | Act=0.335
bert_base_lr2e-5_uf2 Epoch 12/50: 100%|███████████████████████████████████████████| 5/5 [00:02<00:00,  2.38it/s]

📊 Validation Results (Per Task)
------------------------------------------------------------
sentiment  | F1=0.864 | Acc=0.897 | P=0.895 | R=0.859
urgency    | F1=0.595 | Acc=0.865 | P=0.577 | R=0.617
topic      | F1=0.645 | Acc=0.735 | P=0.650 | R=0.657
action     | F1=0.371 | Acc=0.755 | P=0.385 | R=0.399
------------------------------------------------------------
✅ Overall Avg | F1=0.619 | Acc=0.813 | P=0.627 | R=0.633

✅ Epoch 12 | Loss=0.8227 | F1(avg)=0.619 | Sent=0.864 | Urg=0.595 | Top=0.645 | Act=0.371
bert_base_lr2e-5_uf2 Epoch 13/50: 100%|███████████████████████████████████████████| 5/5 [00:02<00:00,  2.37it/s]

📊 Validation Results (Per Task)
------------------------------------------------------------
sentiment  | F1=0.873 | Acc=0.903 | P=0.900 | R=0.868
urgency    | F1=0.600 | Acc=0.871 | P=0.582 | R=0.623
topic      | F1=0.687 | Acc=0.755 | P=0.803 | R=0.689
action     | F1=0.371 | Acc=0.755 | P=0.384 | R=0.399
------------------------------------------------------------
✅ Overall Avg | F1=0.633 | Acc=0.821 | P=0.667 | R=0.645

✅ Epoch 13 | Loss=0.7614 | F1(avg)=0.633 | Sent=0.873 | Urg=0.600 | Top=0.687 | Act=0.371
bert_base_lr2e-5_uf2 Epoch 14/50: 100%|███████████████████████████████████████████| 5/5 [00:02<00:00,  2.37it/s]

📊 Validation Results (Per Task)
------------------------------------------------------------
sentiment  | F1=0.892 | Acc=0.916 | P=0.912 | R=0.886
urgency    | F1=0.600 | Acc=0.871 | P=0.582 | R=0.623
topic      | F1=0.690 | Acc=0.755 | P=0.809 | R=0.689
action     | F1=0.397 | Acc=0.781 | P=0.394 | R=0.426
------------------------------------------------------------
✅ Overall Avg | F1=0.645 | Acc=0.831 | P=0.674 | R=0.656

✅ Epoch 14 | Loss=0.7136 | F1(avg)=0.645 | Sent=0.892 | Urg=0.600 | Top=0.690 | Act=0.397
bert_base_lr2e-5_uf2 Epoch 15/50: 100%|███████████████████████████████████████████| 5/5 [00:02<00:00,  2.38it/s]

📊 Validation Results (Per Task)
------------------------------------------------------------
sentiment  | F1=0.892 | Acc=0.916 | P=0.912 | R=0.886
urgency    | F1=0.600 | Acc=0.871 | P=0.582 | R=0.623
topic      | F1=0.690 | Acc=0.755 | P=0.809 | R=0.689
action     | F1=0.397 | Acc=0.781 | P=0.394 | R=0.426
------------------------------------------------------------
✅ Overall Avg | F1=0.645 | Acc=0.831 | P=0.674 | R=0.656

✅ Epoch 15 | Loss=0.6850 | F1(avg)=0.645 | Sent=0.892 | Urg=0.600 | Top=0.690 | Act=0.397
bert_base_lr2e-5_uf2 Epoch 16/50: 100%|███████████████████████████████████████████| 5/5 [00:02<00:00,  2.38it/s]

📊 Validation Results (Per Task)
------------------------------------------------------------
sentiment  | F1=0.892 | Acc=0.916 | P=0.912 | R=0.886
urgency    | F1=0.604 | Acc=0.877 | P=0.586 | R=0.629
topic      | F1=0.683 | Acc=0.748 | P=0.800 | R=0.684
action     | F1=0.394 | Acc=0.774 | P=0.382 | R=0.424
------------------------------------------------------------
✅ Overall Avg | F1=0.643 | Acc=0.829 | P=0.670 | R=0.656

✅ Epoch 16 | Loss=0.6402 | F1(avg)=0.643 | Sent=0.892 | Urg=0.604 | Top=0.683 | Act=0.394
bert_base_lr2e-5_uf2 Epoch 17/50: 100%|███████████████████████████████████████████| 5/5 [00:02<00:00,  2.37it/s]

📊 Validation Results (Per Task)
------------------------------------------------------------
sentiment  | F1=0.899 | Acc=0.923 | P=0.924 | R=0.891
urgency    | F1=0.604 | Acc=0.877 | P=0.586 | R=0.629
topic      | F1=0.705 | Acc=0.755 | P=0.798 | R=0.698
action     | F1=0.398 | Acc=0.781 | P=0.380 | R=0.431
------------------------------------------------------------
✅ Overall Avg | F1=0.652 | Acc=0.834 | P=0.672 | R=0.662

✅ Epoch 17 | Loss=0.6045 | F1(avg)=0.652 | Sent=0.899 | Urg=0.604 | Top=0.705 | Act=0.398
bert_base_lr2e-5_uf2 Epoch 18/50: 100%|███████████████████████████████████████████| 5/5 [00:02<00:00,  2.37it/s]

📊 Validation Results (Per Task)
------------------------------------------------------------
sentiment  | F1=0.901 | Acc=0.923 | P=0.918 | R=0.896
urgency    | F1=0.608 | Acc=0.884 | P=0.590 | R=0.632
topic      | F1=0.725 | Acc=0.761 | P=0.801 | R=0.712
action     | F1=0.396 | Acc=0.781 | P=0.372 | R=0.431
------------------------------------------------------------
✅ Overall Avg | F1=0.658 | Acc=0.837 | P=0.670 | R=0.668

✅ Epoch 18 | Loss=0.5752 | F1(avg)=0.658 | Sent=0.901 | Urg=0.608 | Top=0.725 | Act=0.396
bert_base_lr2e-5_uf2 Epoch 19/50: 100%|███████████████████████████████████████████| 5/5 [00:02<00:00,  2.37it/s]

📊 Validation Results (Per Task)
------------------------------------------------------------
sentiment  | F1=0.901 | Acc=0.923 | P=0.918 | R=0.896
urgency    | F1=0.608 | Acc=0.884 | P=0.590 | R=0.632
topic      | F1=0.750 | Acc=0.774 | P=0.809 | R=0.733
action     | F1=0.415 | Acc=0.787 | P=0.455 | R=0.441
------------------------------------------------------------
✅ Overall Avg | F1=0.668 | Acc=0.842 | P=0.693 | R=0.676

✅ Epoch 19 | Loss=0.5453 | F1(avg)=0.668 | Sent=0.901 | Urg=0.608 | Top=0.750 | Act=0.415
bert_base_lr2e-5_uf2 Epoch 20/50: 100%|███████████████████████████████████████████| 5/5 [00:02<00:00,  2.36it/s]

📊 Validation Results (Per Task)
------------------------------------------------------------
sentiment  | F1=0.892 | Acc=0.916 | P=0.912 | R=0.886
urgency    | F1=0.662 | Acc=0.890 | P=0.705 | R=0.666
topic      | F1=0.767 | Acc=0.794 | P=0.830 | R=0.751
action     | F1=0.433 | Acc=0.794 | P=0.485 | R=0.451
------------------------------------------------------------
✅ Overall Avg | F1=0.688 | Acc=0.848 | P=0.733 | R=0.689

✅ Epoch 20 | Loss=0.5311 | F1(avg)=0.688 | Sent=0.892 | Urg=0.662 | Top=0.767 | Act=0.433
bert_base_lr2e-5_uf2 Epoch 21/50: 100%|███████████████████████████████████████████| 5/5 [00:02<00:00,  2.37it/s]

📊 Validation Results (Per Task)
------------------------------------------------------------
sentiment  | F1=0.898 | Acc=0.923 | P=0.924 | R=0.891
urgency    | F1=0.662 | Acc=0.890 | P=0.705 | R=0.666
topic      | F1=0.774 | Acc=0.800 | P=0.836 | R=0.758
action     | F1=0.454 | Acc=0.806 | P=0.504 | R=0.469
------------------------------------------------------------
✅ Overall Avg | F1=0.697 | Acc=0.855 | P=0.742 | R=0.696

✅ Epoch 21 | Loss=0.5042 | F1(avg)=0.697 | Sent=0.898 | Urg=0.662 | Top=0.774 | Act=0.454
bert_base_lr2e-5_uf2 Epoch 22/50: 100%|███████████████████████████████████████████| 5/5 [00:02<00:00,  2.37it/s]

📊 Validation Results (Per Task)
------------------------------------------------------------
sentiment  | F1=0.908 | Acc=0.929 | P=0.929 | R=0.900
urgency    | F1=0.661 | Acc=0.890 | P=0.682 | R=0.666
topic      | F1=0.818 | Acc=0.826 | P=0.856 | R=0.801
action     | F1=0.627 | Acc=0.819 | P=0.677 | R=0.642
------------------------------------------------------------
✅ Overall Avg | F1=0.753 | Acc=0.866 | P=0.786 | R=0.752

✅ Epoch 22 | Loss=0.4915 | F1(avg)=0.753 | Sent=0.908 | Urg=0.661 | Top=0.818 | Act=0.627
bert_base_lr2e-5_uf2 Epoch 23/50: 100%|███████████████████████████████████████████| 5/5 [00:02<00:00,  2.37it/s]

📊 Validation Results (Per Task)
------------------------------------------------------------
sentiment  | F1=0.908 | Acc=0.929 | P=0.929 | R=0.900
urgency    | F1=0.656 | Acc=0.884 | P=0.677 | R=0.662
topic      | F1=0.816 | Acc=0.826 | P=0.858 | R=0.797
action     | F1=0.625 | Acc=0.819 | P=0.653 | R=0.642
------------------------------------------------------------
✅ Overall Avg | F1=0.751 | Acc=0.865 | P=0.779 | R=0.750

✅ Epoch 23 | Loss=0.4741 | F1(avg)=0.751 | Sent=0.908 | Urg=0.656 | Top=0.816 | Act=0.625
bert_base_lr2e-5_uf2 Epoch 24/50: 100%|███████████████████████████████████████████| 5/5 [00:02<00:00,  2.36it/s]

📊 Validation Results (Per Task)
------------------------------------------------------------
sentiment  | F1=0.908 | Acc=0.929 | P=0.929 | R=0.900
urgency    | F1=0.656 | Acc=0.884 | P=0.677 | R=0.662
topic      | F1=0.834 | Acc=0.839 | P=0.865 | R=0.819
action     | F1=0.625 | Acc=0.819 | P=0.652 | R=0.642
------------------------------------------------------------
✅ Overall Avg | F1=0.756 | Acc=0.868 | P=0.781 | R=0.756

✅ Epoch 24 | Loss=0.4475 | F1(avg)=0.756 | Sent=0.908 | Urg=0.656 | Top=0.834 | Act=0.625
bert_base_lr2e-5_uf2 Epoch 25/50: 100%|███████████████████████████████████████████| 5/5 [00:02<00:00,  2.37it/s]

📊 Validation Results (Per Task)
------------------------------------------------------------
sentiment  | F1=0.908 | Acc=0.929 | P=0.929 | R=0.900
urgency    | F1=0.700 | Acc=0.890 | P=0.731 | R=0.695
topic      | F1=0.833 | Acc=0.839 | P=0.863 | R=0.819
action     | F1=0.625 | Acc=0.819 | P=0.652 | R=0.642
------------------------------------------------------------
✅ Overall Avg | F1=0.766 | Acc=0.869 | P=0.794 | R=0.764

✅ Epoch 25 | Loss=0.4393 | F1(avg)=0.766 | Sent=0.908 | Urg=0.700 | Top=0.833 | Act=0.625
bert_base_lr2e-5_uf2 Epoch 26/50: 100%|███████████████████████████████████████████| 5/5 [00:02<00:00,  2.36it/s]

📊 Validation Results (Per Task)
------------------------------------------------------------
sentiment  | F1=0.884 | Acc=0.910 | P=0.913 | R=0.877
urgency    | F1=0.696 | Acc=0.890 | P=0.713 | R=0.695
topic      | F1=0.833 | Acc=0.839 | P=0.863 | R=0.819
action     | F1=0.624 | Acc=0.819 | P=0.637 | R=0.642
------------------------------------------------------------
✅ Overall Avg | F1=0.759 | Acc=0.865 | P=0.781 | R=0.758

✅ Epoch 26 | Loss=0.4269 | F1(avg)=0.759 | Sent=0.884 | Urg=0.696 | Top=0.833 | Act=0.624
bert_base_lr2e-5_uf2 Epoch 27/50: 100%|███████████████████████████████████████████| 5/5 [00:02<00:00,  2.36it/s]

📊 Validation Results (Per Task)
------------------------------------------------------------
sentiment  | F1=0.917 | Acc=0.935 | P=0.935 | R=0.910
urgency    | F1=0.696 | Acc=0.890 | P=0.713 | R=0.695
topic      | F1=0.833 | Acc=0.839 | P=0.863 | R=0.819
action     | F1=0.622 | Acc=0.819 | P=0.635 | R=0.642
------------------------------------------------------------
✅ Overall Avg | F1=0.767 | Acc=0.871 | P=0.786 | R=0.766

✅ Epoch 27 | Loss=0.4117 | F1(avg)=0.767 | Sent=0.917 | Urg=0.696 | Top=0.833 | Act=0.622
bert_base_lr2e-5_uf2 Epoch 28/50: 100%|███████████████████████████████████████████| 5/5 [00:02<00:00,  2.36it/s]

📊 Validation Results (Per Task)
------------------------------------------------------------
sentiment  | F1=0.917 | Acc=0.935 | P=0.935 | R=0.910
urgency    | F1=0.696 | Acc=0.890 | P=0.713 | R=0.695
topic      | F1=0.840 | Acc=0.845 | P=0.869 | R=0.827
action     | F1=0.695 | Acc=0.832 | P=0.832 | R=0.686
------------------------------------------------------------
✅ Overall Avg | F1=0.787 | Acc=0.876 | P=0.837 | R=0.779

✅ Epoch 28 | Loss=0.4057 | F1(avg)=0.787 | Sent=0.917 | Urg=0.696 | Top=0.840 | Act=0.695
bert_base_lr2e-5_uf2 Epoch 29/50: 100%|███████████████████████████████████████████| 5/5 [00:02<00:00,  2.36it/s]

📊 Validation Results (Per Task)
------------------------------------------------------------
sentiment  | F1=0.917 | Acc=0.935 | P=0.935 | R=0.910
urgency    | F1=0.696 | Acc=0.890 | P=0.713 | R=0.695
topic      | F1=0.840 | Acc=0.845 | P=0.869 | R=0.827
action     | F1=0.709 | Acc=0.839 | P=0.844 | R=0.696
------------------------------------------------------------
✅ Overall Avg | F1=0.791 | Acc=0.877 | P=0.840 | R=0.782

✅ Epoch 29 | Loss=0.3977 | F1(avg)=0.791 | Sent=0.917 | Urg=0.696 | Top=0.840 | Act=0.709
bert_base_lr2e-5_uf2 Epoch 30/50: 100%|███████████████████████████████████████████| 5/5 [00:02<00:00,  2.36it/s]

📊 Validation Results (Per Task)
------------------------------------------------------------
sentiment  | F1=0.910 | Acc=0.929 | P=0.924 | R=0.905
urgency    | F1=0.696 | Acc=0.890 | P=0.713 | R=0.695
topic      | F1=0.840 | Acc=0.845 | P=0.869 | R=0.827
action     | F1=0.702 | Acc=0.832 | P=0.827 | R=0.689
------------------------------------------------------------
✅ Overall Avg | F1=0.787 | Acc=0.874 | P=0.833 | R=0.779

✅ Epoch 30 | Loss=0.3853 | F1(avg)=0.787 | Sent=0.910 | Urg=0.696 | Top=0.840 | Act=0.702
bert_base_lr2e-5_uf2 Epoch 31/50: 100%|███████████████████████████████████████████| 5/5 [00:02<00:00,  2.36it/s]

📊 Validation Results (Per Task)
------------------------------------------------------------
sentiment  | F1=0.910 | Acc=0.929 | P=0.924 | R=0.905
urgency    | F1=0.696 | Acc=0.890 | P=0.713 | R=0.695
topic      | F1=0.840 | Acc=0.845 | P=0.869 | R=0.827
action     | F1=0.721 | Acc=0.845 | P=0.844 | R=0.706
------------------------------------------------------------
✅ Overall Avg | F1=0.792 | Acc=0.877 | P=0.837 | R=0.783

✅ Epoch 31 | Loss=0.3862 | F1(avg)=0.792 | Sent=0.910 | Urg=0.696 | Top=0.840 | Act=0.721
bert_base_lr2e-5_uf2 Epoch 32/50: 100%|███████████████████████████████████████████| 5/5 [00:02<00:00,  2.36it/s]

📊 Validation Results (Per Task)
------------------------------------------------------------
sentiment  | F1=0.902 | Acc=0.923 | P=0.924 | R=0.896
urgency    | F1=0.696 | Acc=0.890 | P=0.713 | R=0.695
topic      | F1=0.840 | Acc=0.845 | P=0.869 | R=0.827
action     | F1=0.721 | Acc=0.845 | P=0.844 | R=0.706
------------------------------------------------------------
✅ Overall Avg | F1=0.790 | Acc=0.876 | P=0.837 | R=0.781

✅ Epoch 32 | Loss=0.3693 | F1(avg)=0.790 | Sent=0.902 | Urg=0.696 | Top=0.840 | Act=0.721
bert_base_lr2e-5_uf2 Epoch 33/50: 100%|███████████████████████████████████████████| 5/5 [00:02<00:00,  2.36it/s]

📊 Validation Results (Per Task)
------------------------------------------------------------
sentiment  | F1=0.902 | Acc=0.923 | P=0.924 | R=0.896
urgency    | F1=0.696 | Acc=0.890 | P=0.713 | R=0.695
topic      | F1=0.840 | Acc=0.845 | P=0.869 | R=0.827
action     | F1=0.721 | Acc=0.845 | P=0.844 | R=0.706
------------------------------------------------------------
✅ Overall Avg | F1=0.790 | Acc=0.876 | P=0.837 | R=0.781

✅ Epoch 33 | Loss=0.3662 | F1(avg)=0.790 | Sent=0.902 | Urg=0.696 | Top=0.840 | Act=0.721
bert_base_lr2e-5_uf2 Epoch 34/50: 100%|███████████████████████████████████████████| 5/5 [00:02<00:00,  2.37it/s]

📊 Validation Results (Per Task)
------------------------------------------------------------
sentiment  | F1=0.910 | Acc=0.929 | P=0.937 | R=0.903
urgency    | F1=0.696 | Acc=0.890 | P=0.713 | R=0.695
topic      | F1=0.845 | Acc=0.852 | P=0.875 | R=0.831
action     | F1=0.721 | Acc=0.845 | P=0.844 | R=0.706
------------------------------------------------------------
✅ Overall Avg | F1=0.793 | Acc=0.879 | P=0.842 | R=0.784

✅ Epoch 34 | Loss=0.3543 | F1(avg)=0.793 | Sent=0.910 | Urg=0.696 | Top=0.845 | Act=0.721
bert_base_lr2e-5_uf2 Epoch 35/50: 100%|███████████████████████████████████████████| 5/5 [00:02<00:00,  2.36it/s]

📊 Validation Results (Per Task)
------------------------------------------------------------
sentiment  | F1=0.910 | Acc=0.929 | P=0.937 | R=0.903
urgency    | F1=0.696 | Acc=0.890 | P=0.713 | R=0.695
topic      | F1=0.839 | Acc=0.845 | P=0.867 | R=0.825
action     | F1=0.733 | Acc=0.852 | P=0.854 | R=0.717
------------------------------------------------------------
✅ Overall Avg | F1=0.795 | Acc=0.879 | P=0.843 | R=0.785

✅ Epoch 35 | Loss=0.3623 | F1(avg)=0.795 | Sent=0.910 | Urg=0.696 | Top=0.839 | Act=0.733
bert_base_lr2e-5_uf2 Epoch 36/50: 100%|███████████████████████████████████████████| 5/5 [00:02<00:00,  2.36it/s]

📊 Validation Results (Per Task)
------------------------------------------------------------
sentiment  | F1=0.910 | Acc=0.929 | P=0.937 | R=0.903
urgency    | F1=0.705 | Acc=0.897 | P=0.736 | R=0.701
topic      | F1=0.839 | Acc=0.845 | P=0.867 | R=0.825
action     | F1=0.733 | Acc=0.852 | P=0.854 | R=0.717
------------------------------------------------------------
✅ Overall Avg | F1=0.797 | Acc=0.881 | P=0.849 | R=0.786

✅ Epoch 36 | Loss=0.3455 | F1(avg)=0.797 | Sent=0.910 | Urg=0.705 | Top=0.839 | Act=0.733
bert_base_lr2e-5_uf2 Epoch 37/50: 100%|███████████████████████████████████████████| 5/5 [00:02<00:00,  2.35it/s]

📊 Validation Results (Per Task)
------------------------------------------------------------
sentiment  | F1=0.910 | Acc=0.929 | P=0.937 | R=0.903
urgency    | F1=0.705 | Acc=0.897 | P=0.736 | R=0.701
topic      | F1=0.839 | Acc=0.845 | P=0.867 | R=0.825
action     | F1=0.733 | Acc=0.852 | P=0.854 | R=0.717
------------------------------------------------------------
✅ Overall Avg | F1=0.797 | Acc=0.881 | P=0.849 | R=0.786

✅ Epoch 37 | Loss=0.3476 | F1(avg)=0.797 | Sent=0.910 | Urg=0.705 | Top=0.839 | Act=0.733
bert_base_lr2e-5_uf2 Epoch 38/50: 100%|███████████████████████████████████████████| 5/5 [00:02<00:00,  2.36it/s]

📊 Validation Results (Per Task)
------------------------------------------------------------
sentiment  | F1=0.910 | Acc=0.929 | P=0.937 | R=0.903
urgency    | F1=0.705 | Acc=0.897 | P=0.736 | R=0.701
topic      | F1=0.834 | Acc=0.845 | P=0.852 | R=0.825
action     | F1=0.733 | Acc=0.852 | P=0.854 | R=0.717
------------------------------------------------------------
✅ Overall Avg | F1=0.796 | Acc=0.881 | P=0.845 | R=0.786

✅ Epoch 38 | Loss=0.3391 | F1(avg)=0.796 | Sent=0.910 | Urg=0.705 | Top=0.834 | Act=0.733
bert_base_lr2e-5_uf2 Epoch 39/50: 100%|███████████████████████████████████████████| 5/5 [00:02<00:00,  2.36it/s]

📊 Validation Results (Per Task)
------------------------------------------------------------
sentiment  | F1=0.910 | Acc=0.929 | P=0.937 | R=0.903
urgency    | F1=0.705 | Acc=0.897 | P=0.736 | R=0.701
topic      | F1=0.834 | Acc=0.845 | P=0.852 | R=0.825
action     | F1=0.733 | Acc=0.852 | P=0.854 | R=0.717
------------------------------------------------------------
✅ Overall Avg | F1=0.796 | Acc=0.881 | P=0.845 | R=0.786

✅ Epoch 39 | Loss=0.3431 | F1(avg)=0.796 | Sent=0.910 | Urg=0.705 | Top=0.834 | Act=0.733
bert_base_lr2e-5_uf2 Epoch 40/50: 100%|███████████████████████████████████████████| 5/5 [00:02<00:00,  2.36it/s]

📊 Validation Results (Per Task)
------------------------------------------------------------
sentiment  | F1=0.910 | Acc=0.929 | P=0.937 | R=0.903
urgency    | F1=0.702 | Acc=0.897 | P=0.718 | R=0.701
topic      | F1=0.834 | Acc=0.845 | P=0.852 | R=0.825
action     | F1=0.733 | Acc=0.852 | P=0.854 | R=0.717
------------------------------------------------------------
✅ Overall Avg | F1=0.795 | Acc=0.881 | P=0.840 | R=0.786

✅ Epoch 40 | Loss=0.3294 | F1(avg)=0.795 | Sent=0.910 | Urg=0.702 | Top=0.834 | Act=0.733
bert_base_lr2e-5_uf2 Epoch 41/50: 100%|███████████████████████████████████████████| 5/5 [00:02<00:00,  2.36it/s]

📊 Validation Results (Per Task)
------------------------------------------------------------
sentiment  | F1=0.910 | Acc=0.929 | P=0.937 | R=0.903
urgency    | F1=0.702 | Acc=0.897 | P=0.718 | R=0.701
topic      | F1=0.834 | Acc=0.845 | P=0.852 | R=0.825
action     | F1=0.733 | Acc=0.852 | P=0.854 | R=0.717
------------------------------------------------------------
✅ Overall Avg | F1=0.795 | Acc=0.881 | P=0.840 | R=0.786

✅ Epoch 41 | Loss=0.3310 | F1(avg)=0.795 | Sent=0.910 | Urg=0.702 | Top=0.834 | Act=0.733
bert_base_lr2e-5_uf2 Epoch 42/50: 100%|███████████████████████████████████████████| 5/5 [00:02<00:00,  2.36it/s]

📊 Validation Results (Per Task)
------------------------------------------------------------
sentiment  | F1=0.910 | Acc=0.929 | P=0.937 | R=0.903
urgency    | F1=0.702 | Acc=0.897 | P=0.718 | R=0.701
topic      | F1=0.834 | Acc=0.845 | P=0.852 | R=0.825
action     | F1=0.733 | Acc=0.852 | P=0.854 | R=0.717
------------------------------------------------------------
✅ Overall Avg | F1=0.795 | Acc=0.881 | P=0.840 | R=0.786

✅ Epoch 42 | Loss=0.3269 | F1(avg)=0.795 | Sent=0.910 | Urg=0.702 | Top=0.834 | Act=0.733
bert_base_lr2e-5_uf2 Epoch 43/50: 100%|███████████████████████████████████████████| 5/5 [00:02<00:00,  2.37it/s]

📊 Validation Results (Per Task)
------------------------------------------------------------
sentiment  | F1=0.910 | Acc=0.929 | P=0.937 | R=0.903
urgency    | F1=0.702 | Acc=0.897 | P=0.718 | R=0.701
topic      | F1=0.839 | Acc=0.845 | P=0.867 | R=0.825
action     | F1=0.733 | Acc=0.852 | P=0.854 | R=0.717
------------------------------------------------------------
✅ Overall Avg | F1=0.796 | Acc=0.881 | P=0.844 | R=0.786

✅ Epoch 43 | Loss=0.3233 | F1(avg)=0.796 | Sent=0.910 | Urg=0.702 | Top=0.839 | Act=0.733
bert_base_lr2e-5_uf2 Epoch 44/50: 100%|███████████████████████████████████████████| 5/5 [00:02<00:00,  2.36it/s]

📊 Validation Results (Per Task)
------------------------------------------------------------
sentiment  | F1=0.910 | Acc=0.929 | P=0.937 | R=0.903
urgency    | F1=0.702 | Acc=0.897 | P=0.718 | R=0.701
topic      | F1=0.839 | Acc=0.845 | P=0.867 | R=0.825
action     | F1=0.733 | Acc=0.852 | P=0.854 | R=0.717
------------------------------------------------------------
✅ Overall Avg | F1=0.796 | Acc=0.881 | P=0.844 | R=0.786

✅ Epoch 44 | Loss=0.3289 | F1(avg)=0.796 | Sent=0.910 | Urg=0.702 | Top=0.839 | Act=0.733
bert_base_lr2e-5_uf2 Epoch 45/50: 100%|███████████████████████████████████████████| 5/5 [00:02<00:00,  2.36it/s]

📊 Validation Results (Per Task)
------------------------------------------------------------
sentiment  | F1=0.910 | Acc=0.929 | P=0.937 | R=0.903
urgency    | F1=0.702 | Acc=0.897 | P=0.718 | R=0.701
topic      | F1=0.839 | Acc=0.845 | P=0.867 | R=0.825
action     | F1=0.733 | Acc=0.852 | P=0.854 | R=0.717
------------------------------------------------------------
✅ Overall Avg | F1=0.796 | Acc=0.881 | P=0.844 | R=0.786

✅ Epoch 45 | Loss=0.3230 | F1(avg)=0.796 | Sent=0.910 | Urg=0.702 | Top=0.839 | Act=0.733
bert_base_lr2e-5_uf2 Epoch 46/50: 100%|███████████████████████████████████████████| 5/5 [00:02<00:00,  2.37it/s]

📊 Validation Results (Per Task)
------------------------------------------------------------
sentiment  | F1=0.910 | Acc=0.929 | P=0.937 | R=0.903
urgency    | F1=0.702 | Acc=0.897 | P=0.718 | R=0.701
topic      | F1=0.839 | Acc=0.845 | P=0.867 | R=0.825
action     | F1=0.733 | Acc=0.852 | P=0.854 | R=0.717
------------------------------------------------------------
✅ Overall Avg | F1=0.796 | Acc=0.881 | P=0.844 | R=0.786

✅ Epoch 46 | Loss=0.3228 | F1(avg)=0.796 | Sent=0.910 | Urg=0.702 | Top=0.839 | Act=0.733
bert_base_lr2e-5_uf2 Epoch 47/50: 100%|███████████████████████████████████████████| 5/5 [00:02<00:00,  2.36it/s]

📊 Validation Results (Per Task)
------------------------------------------------------------
sentiment  | F1=0.910 | Acc=0.929 | P=0.937 | R=0.903
urgency    | F1=0.702 | Acc=0.897 | P=0.718 | R=0.701
topic      | F1=0.839 | Acc=0.845 | P=0.867 | R=0.825
action     | F1=0.733 | Acc=0.852 | P=0.854 | R=0.717
------------------------------------------------------------
✅ Overall Avg | F1=0.796 | Acc=0.881 | P=0.844 | R=0.786

✅ Epoch 47 | Loss=0.3183 | F1(avg)=0.796 | Sent=0.910 | Urg=0.702 | Top=0.839 | Act=0.733
bert_base_lr2e-5_uf2 Epoch 48/50: 100%|███████████████████████████████████████████| 5/5 [00:02<00:00,  2.36it/s]

📊 Validation Results (Per Task)
------------------------------------------------------------
sentiment  | F1=0.910 | Acc=0.929 | P=0.937 | R=0.903
urgency    | F1=0.702 | Acc=0.897 | P=0.718 | R=0.701
topic      | F1=0.839 | Acc=0.845 | P=0.867 | R=0.825
action     | F1=0.733 | Acc=0.852 | P=0.854 | R=0.717
------------------------------------------------------------
✅ Overall Avg | F1=0.796 | Acc=0.881 | P=0.844 | R=0.786

✅ Epoch 48 | Loss=0.3197 | F1(avg)=0.796 | Sent=0.910 | Urg=0.702 | Top=0.839 | Act=0.733
bert_base_lr2e-5_uf2 Epoch 49/50: 100%|███████████████████████████████████████████| 5/5 [00:02<00:00,  2.36it/s]

📊 Validation Results (Per Task)
------------------------------------------------------------
sentiment  | F1=0.910 | Acc=0.929 | P=0.937 | R=0.903
urgency    | F1=0.702 | Acc=0.897 | P=0.718 | R=0.701
topic      | F1=0.839 | Acc=0.845 | P=0.867 | R=0.825
action     | F1=0.733 | Acc=0.852 | P=0.854 | R=0.717
------------------------------------------------------------
✅ Overall Avg | F1=0.796 | Acc=0.881 | P=0.844 | R=0.786

✅ Epoch 49 | Loss=0.3162 | F1(avg)=0.796 | Sent=0.910 | Urg=0.702 | Top=0.839 | Act=0.733
bert_base_lr2e-5_uf2 Epoch 50/50: 100%|███████████████████████████████████████████| 5/5 [00:02<00:00,  2.36it/s]

📊 Validation Results (Per Task)
------------------------------------------------------------
sentiment  | F1=0.910 | Acc=0.929 | P=0.937 | R=0.903
urgency    | F1=0.702 | Acc=0.897 | P=0.718 | R=0.701
topic      | F1=0.839 | Acc=0.845 | P=0.867 | R=0.825
action     | F1=0.733 | Acc=0.852 | P=0.854 | R=0.717
------------------------------------------------------------
✅ Overall Avg | F1=0.796 | Acc=0.881 | P=0.844 | R=0.786

✅ Epoch 50 | Loss=0.3173 | F1(avg)=0.796 | Sent=0.910 | Urg=0.702 | Top=0.839 | Act=0.733
