Use device:cuda
bert_base_unfreeze0 Epoch 1/50: 100%|███████████████████████████████████████████| 20/20 [00:02<00:00,  8.50it/s]

📊 Validation Results (Per Task)
------------------------------------------------------------
sentiment  | F1=0.253 | Acc=0.277 | P=0.291 | R=0.315
urgency    | F1=0.275 | Acc=0.368 | P=0.390 | R=0.374
topic      | F1=0.059 | Acc=0.252 | P=0.037 | R=0.143
action     | F1=0.053 | Acc=0.174 | P=0.112 | R=0.157
------------------------------------------------------------
✅ Overall Avg | F1=0.160 | Acc=0.268 | P=0.208 | R=0.247

✅ Epoch 1 | Loss=1.5278 | F1(avg)=0.160 | Sent=0.253 | Urg=0.275 | Top=0.059 | Act=0.053
bert_base_unfreeze0 Epoch 2/50: 100%|███████████████████████████████████████████| 20/20 [00:02<00:00,  9.33it/s]

📊 Validation Results (Per Task)
------------------------------------------------------------
sentiment  | F1=0.208 | Acc=0.232 | P=0.232 | R=0.230
urgency    | F1=0.274 | Acc=0.400 | P=0.341 | R=0.332
topic      | F1=0.059 | Acc=0.252 | P=0.037 | R=0.143
action     | F1=0.056 | Acc=0.187 | P=0.114 | R=0.169
------------------------------------------------------------
✅ Overall Avg | F1=0.149 | Acc=0.268 | P=0.181 | R=0.218

✅ Epoch 2 | Loss=1.5002 | F1(avg)=0.149 | Sent=0.208 | Urg=0.274 | Top=0.059 | Act=0.056
bert_base_unfreeze0 Epoch 3/50: 100%|███████████████████████████████████████████| 20/20 [00:02<00:00,  9.28it/s]

📊 Validation Results (Per Task)
------------------------------------------------------------
sentiment  | F1=0.205 | Acc=0.290 | P=0.183 | R=0.233
urgency    | F1=0.342 | Acc=0.490 | P=0.363 | R=0.380
topic      | F1=0.059 | Acc=0.252 | P=0.037 | R=0.143
action     | F1=0.076 | Acc=0.219 | P=0.143 | R=0.179
------------------------------------------------------------
✅ Overall Avg | F1=0.170 | Acc=0.313 | P=0.182 | R=0.234

✅ Epoch 3 | Loss=1.4795 | F1(avg)=0.170 | Sent=0.205 | Urg=0.342 | Top=0.059 | Act=0.076
bert_base_unfreeze0 Epoch 4/50: 100%|███████████████████████████████████████████| 20/20 [00:02<00:00,  9.27it/s]

📊 Validation Results (Per Task)
------------------------------------------------------------
sentiment  | F1=0.222 | Acc=0.374 | P=0.202 | R=0.281
urgency    | F1=0.389 | Acc=0.561 | P=0.384 | R=0.410
topic      | F1=0.059 | Acc=0.252 | P=0.037 | R=0.143
action     | F1=0.091 | Acc=0.245 | P=0.152 | R=0.188
------------------------------------------------------------
✅ Overall Avg | F1=0.190 | Acc=0.358 | P=0.194 | R=0.255

✅ Epoch 4 | Loss=1.4623 | F1(avg)=0.190 | Sent=0.222 | Urg=0.389 | Top=0.059 | Act=0.091
bert_base_unfreeze0 Epoch 5/50: 100%|███████████████████████████████████████████| 20/20 [00:02<00:00,  9.28it/s]

📊 Validation Results (Per Task)
------------------------------------------------------------
sentiment  | F1=0.223 | Acc=0.432 | P=0.216 | R=0.315
urgency    | F1=0.428 | Acc=0.639 | P=0.416 | R=0.441
topic      | F1=0.070 | Acc=0.258 | P=0.179 | R=0.149
action     | F1=0.099 | Acc=0.258 | P=0.134 | R=0.184
------------------------------------------------------------
✅ Overall Avg | F1=0.205 | Acc=0.397 | P=0.236 | R=0.272

✅ Epoch 5 | Loss=1.4482 | F1(avg)=0.205 | Sent=0.223 | Urg=0.428 | Top=0.070 | Act=0.099
bert_base_unfreeze0 Epoch 6/50: 100%|███████████████████████████████████████████| 20/20 [00:02<00:00,  9.29it/s]

📊 Validation Results (Per Task)
------------------------------------------------------------
sentiment  | F1=0.212 | Acc=0.432 | P=0.196 | R=0.313
urgency    | F1=0.457 | Acc=0.697 | P=0.474 | R=0.466
topic      | F1=0.069 | Acc=0.258 | P=0.108 | R=0.149
action     | F1=0.136 | Acc=0.342 | P=0.148 | R=0.203
------------------------------------------------------------
✅ Overall Avg | F1=0.219 | Acc=0.432 | P=0.231 | R=0.283

✅ Epoch 6 | Loss=1.4280 | F1(avg)=0.219 | Sent=0.212 | Urg=0.457 | Top=0.069 | Act=0.136
bert_base_unfreeze0 Epoch 7/50: 100%|███████████████████████████████████████████| 20/20 [00:02<00:00,  9.28it/s]

📊 Validation Results (Per Task)
------------------------------------------------------------
sentiment  | F1=0.209 | Acc=0.458 | P=0.154 | R=0.329
urgency    | F1=0.448 | Acc=0.697 | P=0.491 | R=0.457
topic      | F1=0.069 | Acc=0.258 | P=0.108 | R=0.149
action     | F1=0.142 | Acc=0.374 | P=0.133 | R=0.187
------------------------------------------------------------
✅ Overall Avg | F1=0.217 | Acc=0.447 | P=0.221 | R=0.280

✅ Epoch 7 | Loss=1.4078 | F1(avg)=0.217 | Sent=0.209 | Urg=0.448 | Top=0.069 | Act=0.142
bert_base_unfreeze0 Epoch 8/50: 100%|███████████████████████████████████████████| 20/20 [00:02<00:00,  9.28it/s]

📊 Validation Results (Per Task)
------------------------------------------------------------
sentiment  | F1=0.211 | Acc=0.465 | P=0.155 | R=0.333
urgency    | F1=0.451 | Acc=0.710 | P=0.541 | R=0.461
topic      | F1=0.070 | Acc=0.258 | P=0.108 | R=0.149
action     | F1=0.145 | Acc=0.406 | P=0.129 | R=0.182
------------------------------------------------------------
✅ Overall Avg | F1=0.219 | Acc=0.460 | P=0.233 | R=0.281

✅ Epoch 8 | Loss=1.3937 | F1(avg)=0.219 | Sent=0.211 | Urg=0.451 | Top=0.070 | Act=0.145
bert_base_unfreeze0 Epoch 9/50: 100%|███████████████████████████████████████████| 20/20 [00:02<00:00,  9.29it/s]

📊 Validation Results (Per Task)
------------------------------------------------------------
sentiment  | F1=0.211 | Acc=0.465 | P=0.155 | R=0.333
urgency    | F1=0.421 | Acc=0.684 | P=0.531 | R=0.437
topic      | F1=0.070 | Acc=0.258 | P=0.108 | R=0.149
action     | F1=0.153 | Acc=0.458 | P=0.130 | R=0.187
------------------------------------------------------------
✅ Overall Avg | F1=0.214 | Acc=0.466 | P=0.231 | R=0.276

✅ Epoch 9 | Loss=1.3789 | F1(avg)=0.214 | Sent=0.211 | Urg=0.421 | Top=0.070 | Act=0.153
bert_base_unfreeze0 Epoch 10/50: 100%|██████████████████████████████████████████| 20/20 [00:02<00:00,  9.34it/s]

📊 Validation Results (Per Task)
------------------------------------------------------------
sentiment  | F1=0.211 | Acc=0.465 | P=0.155 | R=0.333
urgency    | F1=0.417 | Acc=0.684 | P=0.548 | R=0.435
topic      | F1=0.070 | Acc=0.258 | P=0.108 | R=0.149
action     | F1=0.150 | Acc=0.484 | P=0.128 | R=0.183
------------------------------------------------------------
✅ Overall Avg | F1=0.212 | Acc=0.473 | P=0.235 | R=0.275

✅ Epoch 10 | Loss=1.3731 | F1(avg)=0.212 | Sent=0.211 | Urg=0.417 | Top=0.070 | Act=0.150
bert_base_unfreeze0 Epoch 11/50: 100%|██████████████████████████████████████████| 20/20 [00:02<00:00,  9.30it/s]

📊 Validation Results (Per Task)
------------------------------------------------------------
sentiment  | F1=0.211 | Acc=0.465 | P=0.155 | R=0.333
urgency    | F1=0.400 | Acc=0.671 | P=0.545 | R=0.423
topic      | F1=0.070 | Acc=0.258 | P=0.108 | R=0.149
action     | F1=0.139 | Acc=0.490 | P=0.119 | R=0.174
------------------------------------------------------------
✅ Overall Avg | F1=0.205 | Acc=0.471 | P=0.232 | R=0.270

✅ Epoch 11 | Loss=1.3538 | F1(avg)=0.205 | Sent=0.211 | Urg=0.400 | Top=0.070 | Act=0.139
bert_base_unfreeze0 Epoch 12/50: 100%|██████████████████████████████████████████| 20/20 [00:02<00:00,  9.29it/s]

📊 Validation Results (Per Task)
------------------------------------------------------------
sentiment  | F1=0.211 | Acc=0.465 | P=0.155 | R=0.333
urgency    | F1=0.373 | Acc=0.652 | P=0.541 | R=0.405
topic      | F1=0.070 | Acc=0.258 | P=0.108 | R=0.149
action     | F1=0.131 | Acc=0.503 | P=0.112 | R=0.170
------------------------------------------------------------
✅ Overall Avg | F1=0.196 | Acc=0.469 | P=0.229 | R=0.264

✅ Epoch 12 | Loss=1.3441 | F1(avg)=0.196 | Sent=0.211 | Urg=0.373 | Top=0.070 | Act=0.131
bert_base_unfreeze0 Epoch 13/50: 100%|██████████████████████████████████████████| 20/20 [00:02<00:00,  9.29it/s]

📊 Validation Results (Per Task)
------------------------------------------------------------
sentiment  | F1=0.211 | Acc=0.465 | P=0.155 | R=0.333
urgency    | F1=0.355 | Acc=0.639 | P=0.538 | R=0.393
topic      | F1=0.070 | Acc=0.258 | P=0.108 | R=0.149
action     | F1=0.136 | Acc=0.529 | P=0.128 | R=0.179
------------------------------------------------------------
✅ Overall Avg | F1=0.193 | Acc=0.473 | P=0.232 | R=0.263

✅ Epoch 13 | Loss=1.3345 | F1(avg)=0.193 | Sent=0.211 | Urg=0.355 | Top=0.070 | Act=0.136
bert_base_unfreeze0 Epoch 14/50: 100%|██████████████████████████████████████████| 20/20 [00:02<00:00,  9.29it/s]

📊 Validation Results (Per Task)
------------------------------------------------------------
sentiment  | F1=0.211 | Acc=0.465 | P=0.155 | R=0.333
urgency    | F1=0.364 | Acc=0.645 | P=0.539 | R=0.399
topic      | F1=0.070 | Acc=0.258 | P=0.108 | R=0.149
action     | F1=0.136 | Acc=0.529 | P=0.132 | R=0.179
------------------------------------------------------------
✅ Overall Avg | F1=0.195 | Acc=0.474 | P=0.234 | R=0.265

✅ Epoch 14 | Loss=1.3359 | F1(avg)=0.195 | Sent=0.211 | Urg=0.364 | Top=0.070 | Act=0.136
bert_base_unfreeze0 Epoch 15/50: 100%|██████████████████████████████████████████| 20/20 [00:02<00:00,  9.30it/s]

📊 Validation Results (Per Task)
------------------------------------------------------------
sentiment  | F1=0.211 | Acc=0.465 | P=0.155 | R=0.333
urgency    | F1=0.364 | Acc=0.645 | P=0.539 | R=0.399
topic      | F1=0.070 | Acc=0.258 | P=0.108 | R=0.149
action     | F1=0.136 | Acc=0.529 | P=0.138 | R=0.179
------------------------------------------------------------
✅ Overall Avg | F1=0.195 | Acc=0.474 | P=0.235 | R=0.265

✅ Epoch 15 | Loss=1.3237 | F1(avg)=0.195 | Sent=0.211 | Urg=0.364 | Top=0.070 | Act=0.136
bert_base_unfreeze0 Epoch 16/50:  65%|███████████████████████████▎              | 13/20 [00:01<00:00,  8.38it/s]
Traceback (most recent call last):
  File "/home/700050058/project_feedback_analyzer/training_multitask.py", line 514, in <module>
    result = run_experiment(cfg)
             ^^^^^^^^^^^^^^^^^^^
  File "/home/700050058/project_feedback_analyzer/training_multitask.py", line 301, in run_experiment
    train_loss, val_f1 = train_model(model, train_loader, val_loader, optimizer, scheduler, loss_fn, cfg)
                         ^^^^^^^^^^^^^^^^^^^^^^^^^^^^^^^^^^^^^^^^^^^^^^^^^^^^^^^^^^^^^^^^^^^^^^^^^^^^^^^^
  File "/home/700050058/project_feedback_analyzer/training_multitask.py", line 231, in train_model
    total_loss += loss.item()
                  ^^^^^^^^^^^
KeyboardInterrupt
