Use device:cuda
bert_base_unfreeze2 Epoch 1/50: 100%|███████████████████████████████████████████| 20/20 [00:02<00:00,  8.60it/s]

📊 Validation Results (Per Task)
------------------------------------------------------------
sentiment  | F1=0.211 | Acc=0.465 | P=0.155 | R=0.333
urgency    | F1=0.437 | Acc=0.690 | P=0.485 | R=0.449
topic      | F1=0.198 | Acc=0.368 | P=0.245 | R=0.254
action     | F1=0.113 | Acc=0.503 | P=0.087 | R=0.163
------------------------------------------------------------
✅ Overall Avg | F1=0.240 | Acc=0.506 | P=0.243 | R=0.300

✅ Epoch 1 | Loss=1.4274 | F1(avg)=0.240 | Sent=0.211 | Urg=0.437 | Top=0.198 | Act=0.113
bert_base_unfreeze2 Epoch 2/50: 100%|███████████████████████████████████████████| 20/20 [00:02<00:00,  8.65it/s]

📊 Validation Results (Per Task)
------------------------------------------------------------
sentiment  | F1=0.503 | Acc=0.639 | P=0.696 | R=0.531
urgency    | F1=0.561 | Acc=0.826 | P=0.547 | R=0.577
topic      | F1=0.364 | Acc=0.477 | P=0.455 | R=0.376
action     | F1=0.195 | Acc=0.574 | P=0.178 | R=0.228
------------------------------------------------------------
✅ Overall Avg | F1=0.405 | Acc=0.629 | P=0.469 | R=0.428

✅ Epoch 2 | Loss=1.2397 | F1(avg)=0.405 | Sent=0.503 | Urg=0.561 | Top=0.364 | Act=0.195
bert_base_unfreeze2 Epoch 3/50: 100%|███████████████████████████████████████████| 20/20 [00:02<00:00,  8.59it/s]

📊 Validation Results (Per Task)
------------------------------------------------------------
sentiment  | F1=0.762 | Acc=0.819 | P=0.841 | R=0.758
urgency    | F1=0.590 | Acc=0.865 | P=0.570 | R=0.612
topic      | F1=0.545 | Acc=0.658 | P=0.608 | R=0.570
action     | F1=0.253 | Acc=0.652 | P=0.288 | R=0.300
------------------------------------------------------------
✅ Overall Avg | F1=0.538 | Acc=0.748 | P=0.577 | R=0.560

✅ Epoch 3 | Loss=1.0466 | F1(avg)=0.538 | Sent=0.762 | Urg=0.590 | Top=0.545 | Act=0.253
bert_base_unfreeze2 Epoch 4/50: 100%|███████████████████████████████████████████| 20/20 [00:02<00:00,  8.59it/s]

📊 Validation Results (Per Task)
------------------------------------------------------------
sentiment  | F1=0.799 | Acc=0.845 | P=0.849 | R=0.793
urgency    | F1=0.596 | Acc=0.871 | P=0.574 | R=0.623
topic      | F1=0.684 | Acc=0.755 | P=0.836 | R=0.680
action     | F1=0.373 | Acc=0.755 | P=0.386 | R=0.403
------------------------------------------------------------
✅ Overall Avg | F1=0.613 | Acc=0.806 | P=0.661 | R=0.625

✅ Epoch 4 | Loss=0.8572 | F1(avg)=0.613 | Sent=0.799 | Urg=0.596 | Top=0.684 | Act=0.373
bert_base_unfreeze2 Epoch 5/50: 100%|███████████████████████████████████████████| 20/20 [00:02<00:00,  8.60it/s]

📊 Validation Results (Per Task)
------------------------------------------------------------
sentiment  | F1=0.798 | Acc=0.852 | P=0.883 | R=0.796
urgency    | F1=0.663 | Acc=0.884 | P=0.916 | R=0.662
topic      | F1=0.686 | Acc=0.755 | P=0.822 | R=0.685
action     | F1=0.422 | Acc=0.781 | P=0.467 | R=0.437
------------------------------------------------------------
✅ Overall Avg | F1=0.642 | Acc=0.818 | P=0.772 | R=0.645

✅ Epoch 5 | Loss=0.7062 | F1(avg)=0.642 | Sent=0.798 | Urg=0.663 | Top=0.686 | Act=0.422
bert_base_unfreeze2 Epoch 6/50: 100%|███████████████████████████████████████████| 20/20 [00:02<00:00,  8.58it/s]

📊 Validation Results (Per Task)
------------------------------------------------------------
sentiment  | F1=0.855 | Acc=0.890 | P=0.898 | R=0.849
urgency    | F1=0.704 | Acc=0.890 | P=0.761 | R=0.695
topic      | F1=0.751 | Acc=0.787 | P=0.839 | R=0.734
action     | F1=0.499 | Acc=0.800 | P=0.652 | R=0.488
------------------------------------------------------------
✅ Overall Avg | F1=0.702 | Acc=0.842 | P=0.788 | R=0.692

✅ Epoch 6 | Loss=0.5920 | F1(avg)=0.702 | Sent=0.855 | Urg=0.704 | Top=0.751 | Act=0.499
bert_base_unfreeze2 Epoch 7/50: 100%|███████████████████████████████████████████| 20/20 [00:02<00:00,  8.58it/s]

📊 Validation Results (Per Task)
------------------------------------------------------------
sentiment  | F1=0.867 | Acc=0.897 | P=0.894 | R=0.861
urgency    | F1=0.714 | Acc=0.897 | P=0.817 | R=0.701
topic      | F1=0.791 | Acc=0.806 | P=0.854 | R=0.769
action     | F1=0.505 | Acc=0.806 | P=0.580 | R=0.498
------------------------------------------------------------
✅ Overall Avg | F1=0.719 | Acc=0.852 | P=0.786 | R=0.707

✅ Epoch 7 | Loss=0.5163 | F1(avg)=0.719 | Sent=0.867 | Urg=0.714 | Top=0.791 | Act=0.505
bert_base_unfreeze2 Epoch 8/50: 100%|███████████████████████████████████████████| 20/20 [00:02<00:00,  8.58it/s]

📊 Validation Results (Per Task)
------------------------------------------------------------
sentiment  | F1=0.875 | Acc=0.903 | P=0.908 | R=0.868
urgency    | F1=0.704 | Acc=0.897 | P=0.736 | R=0.699
topic      | F1=0.799 | Acc=0.806 | P=0.856 | R=0.777
action     | F1=0.527 | Acc=0.813 | P=0.592 | R=0.513
------------------------------------------------------------
✅ Overall Avg | F1=0.726 | Acc=0.855 | P=0.773 | R=0.714

✅ Epoch 8 | Loss=0.4564 | F1(avg)=0.726 | Sent=0.875 | Urg=0.704 | Top=0.799 | Act=0.527
bert_base_unfreeze2 Epoch 9/50: 100%|███████████████████████████████████████████| 20/20 [00:02<00:00,  8.63it/s]

📊 Validation Results (Per Task)
------------------------------------------------------------
sentiment  | F1=0.875 | Acc=0.903 | P=0.908 | R=0.868
urgency    | F1=0.706 | Acc=0.903 | P=0.723 | R=0.705
topic      | F1=0.813 | Acc=0.819 | P=0.851 | R=0.795
action     | F1=0.515 | Acc=0.819 | P=0.585 | R=0.512
------------------------------------------------------------
✅ Overall Avg | F1=0.727 | Acc=0.861 | P=0.767 | R=0.720

✅ Epoch 9 | Loss=0.4206 | F1(avg)=0.727 | Sent=0.875 | Urg=0.706 | Top=0.813 | Act=0.515
bert_base_unfreeze2 Epoch 10/50: 100%|██████████████████████████████████████████| 20/20 [00:02<00:00,  8.58it/s]

📊 Validation Results (Per Task)
------------------------------------------------------------
sentiment  | F1=0.875 | Acc=0.903 | P=0.908 | R=0.868
urgency    | F1=0.706 | Acc=0.903 | P=0.723 | R=0.705
topic      | F1=0.832 | Acc=0.832 | P=0.869 | R=0.814
action     | F1=0.726 | Acc=0.839 | P=0.847 | R=0.707
------------------------------------------------------------
✅ Overall Avg | F1=0.785 | Acc=0.869 | P=0.837 | R=0.774

✅ Epoch 10 | Loss=0.3782 | F1(avg)=0.785 | Sent=0.875 | Urg=0.706 | Top=0.832 | Act=0.726
bert_base_unfreeze2 Epoch 11/50: 100%|██████████████████████████████████████████| 20/20 [00:02<00:00,  8.58it/s]

📊 Validation Results (Per Task)
------------------------------------------------------------
sentiment  | F1=0.911 | Acc=0.929 | P=0.930 | R=0.905
urgency    | F1=0.706 | Acc=0.903 | P=0.723 | R=0.705
topic      | F1=0.831 | Acc=0.832 | P=0.861 | R=0.815
action     | F1=0.574 | Acc=0.852 | P=0.612 | R=0.564
------------------------------------------------------------
✅ Overall Avg | F1=0.756 | Acc=0.879 | P=0.781 | R=0.747

✅ Epoch 11 | Loss=0.3510 | F1(avg)=0.756 | Sent=0.911 | Urg=0.706 | Top=0.831 | Act=0.574
bert_base_unfreeze2 Epoch 12/50: 100%|██████████████████████████████████████████| 20/20 [00:02<00:00,  8.58it/s]

📊 Validation Results (Per Task)
------------------------------------------------------------
sentiment  | F1=0.893 | Acc=0.916 | P=0.919 | R=0.886
urgency    | F1=0.706 | Acc=0.903 | P=0.723 | R=0.705
topic      | F1=0.834 | Acc=0.839 | P=0.864 | R=0.819
action     | F1=0.756 | Acc=0.865 | P=0.872 | R=0.738
------------------------------------------------------------
✅ Overall Avg | F1=0.797 | Acc=0.881 | P=0.844 | R=0.787

✅ Epoch 12 | Loss=0.3208 | F1(avg)=0.797 | Sent=0.893 | Urg=0.706 | Top=0.834 | Act=0.756
bert_base_unfreeze2 Epoch 13/50: 100%|██████████████████████████████████████████| 20/20 [00:02<00:00,  8.56it/s]

📊 Validation Results (Per Task)
------------------------------------------------------------
sentiment  | F1=0.910 | Acc=0.929 | P=0.937 | R=0.903
urgency    | F1=0.706 | Acc=0.903 | P=0.723 | R=0.705
topic      | F1=0.853 | Acc=0.852 | P=0.870 | R=0.845
action     | F1=0.748 | Acc=0.858 | P=0.862 | R=0.731
------------------------------------------------------------
✅ Overall Avg | F1=0.805 | Acc=0.885 | P=0.848 | R=0.796

✅ Epoch 13 | Loss=0.3077 | F1(avg)=0.805 | Sent=0.910 | Urg=0.706 | Top=0.853 | Act=0.748
bert_base_unfreeze2 Epoch 14/50: 100%|██████████████████████████████████████████| 20/20 [00:02<00:00,  8.55it/s]

📊 Validation Results (Per Task)
------------------------------------------------------------
sentiment  | F1=0.902 | Acc=0.923 | P=0.924 | R=0.896
urgency    | F1=0.684 | Acc=0.884 | P=0.683 | R=0.687
topic      | F1=0.859 | Acc=0.858 | P=0.888 | R=0.845
action     | F1=0.733 | Acc=0.845 | P=0.849 | R=0.718
------------------------------------------------------------
✅ Overall Avg | F1=0.795 | Acc=0.877 | P=0.836 | R=0.786

✅ Epoch 14 | Loss=0.2872 | F1(avg)=0.795 | Sent=0.902 | Urg=0.684 | Top=0.859 | Act=0.733
bert_base_unfreeze2 Epoch 15/50: 100%|██████████████████████████████████████████| 20/20 [00:02<00:00,  8.56it/s]

📊 Validation Results (Per Task)
------------------------------------------------------------
sentiment  | F1=0.911 | Acc=0.929 | P=0.919 | R=0.907
urgency    | F1=0.698 | Acc=0.897 | P=0.706 | R=0.699
topic      | F1=0.862 | Acc=0.858 | P=0.879 | R=0.853
action     | F1=0.752 | Acc=0.858 | P=0.869 | R=0.739
------------------------------------------------------------
✅ Overall Avg | F1=0.806 | Acc=0.885 | P=0.843 | R=0.799

✅ Epoch 15 | Loss=0.2705 | F1(avg)=0.806 | Sent=0.911 | Urg=0.698 | Top=0.862 | Act=0.752
bert_base_unfreeze2 Epoch 16/50: 100%|██████████████████████████████████████████| 20/20 [00:02<00:00,  8.57it/s]

📊 Validation Results (Per Task)
------------------------------------------------------------
sentiment  | F1=0.928 | Acc=0.942 | P=0.940 | R=0.923
urgency    | F1=0.684 | Acc=0.884 | P=0.683 | R=0.687
topic      | F1=0.857 | Acc=0.852 | P=0.873 | R=0.847
action     | F1=0.793 | Acc=0.865 | P=0.869 | R=0.768
------------------------------------------------------------
✅ Overall Avg | F1=0.815 | Acc=0.885 | P=0.841 | R=0.806

✅ Epoch 16 | Loss=0.2475 | F1(avg)=0.815 | Sent=0.928 | Urg=0.684 | Top=0.857 | Act=0.793
bert_base_unfreeze2 Epoch 17/50: 100%|██████████████████████████████████████████| 20/20 [00:02<00:00,  8.58it/s]

📊 Validation Results (Per Task)
------------------------------------------------------------
sentiment  | F1=0.919 | Acc=0.935 | P=0.942 | R=0.912
urgency    | F1=0.725 | Acc=0.897 | P=0.725 | R=0.726
topic      | F1=0.877 | Acc=0.871 | P=0.893 | R=0.868
action     | F1=0.795 | Acc=0.865 | P=0.874 | R=0.772
------------------------------------------------------------
✅ Overall Avg | F1=0.829 | Acc=0.892 | P=0.859 | R=0.820

✅ Epoch 17 | Loss=0.2443 | F1(avg)=0.829 | Sent=0.919 | Urg=0.725 | Top=0.877 | Act=0.795
bert_base_unfreeze2 Epoch 18/50: 100%|██████████████████████████████████████████| 20/20 [00:02<00:00,  8.55it/s]

📊 Validation Results (Per Task)
------------------------------------------------------------
sentiment  | F1=0.928 | Acc=0.942 | P=0.940 | R=0.923
urgency    | F1=0.733 | Acc=0.903 | P=0.740 | R=0.732
topic      | F1=0.877 | Acc=0.871 | P=0.893 | R=0.868
action     | F1=0.616 | Acc=0.858 | P=0.652 | R=0.605
------------------------------------------------------------
✅ Overall Avg | F1=0.789 | Acc=0.894 | P=0.806 | R=0.782

✅ Epoch 18 | Loss=0.2253 | F1(avg)=0.789 | Sent=0.928 | Urg=0.733 | Top=0.877 | Act=0.616
bert_base_unfreeze2 Epoch 19/50: 100%|██████████████████████████████████████████| 20/20 [00:02<00:00,  8.55it/s]

📊 Validation Results (Per Task)
------------------------------------------------------------
sentiment  | F1=0.920 | Acc=0.935 | P=0.935 | R=0.914
urgency    | F1=0.755 | Acc=0.903 | P=0.752 | R=0.760
topic      | F1=0.870 | Acc=0.865 | P=0.885 | R=0.861
action     | F1=0.803 | Acc=0.871 | P=0.881 | R=0.779
------------------------------------------------------------
✅ Overall Avg | F1=0.837 | Acc=0.894 | P=0.863 | R=0.828

✅ Epoch 19 | Loss=0.2215 | F1(avg)=0.837 | Sent=0.920 | Urg=0.755 | Top=0.870 | Act=0.803
bert_base_unfreeze2 Epoch 20/50: 100%|██████████████████████████████████████████| 20/20 [00:02<00:00,  8.55it/s]

📊 Validation Results (Per Task)
------------------------------------------------------------
sentiment  | F1=0.920 | Acc=0.935 | P=0.935 | R=0.914
urgency    | F1=0.755 | Acc=0.903 | P=0.752 | R=0.760
topic      | F1=0.870 | Acc=0.865 | P=0.885 | R=0.861
action     | F1=0.624 | Acc=0.865 | P=0.659 | R=0.612
------------------------------------------------------------
✅ Overall Avg | F1=0.792 | Acc=0.892 | P=0.808 | R=0.787

✅ Epoch 20 | Loss=0.2178 | F1(avg)=0.792 | Sent=0.920 | Urg=0.755 | Top=0.870 | Act=0.624
bert_base_unfreeze2 Epoch 21/50: 100%|██████████████████████████████████████████| 20/20 [00:02<00:00,  8.55it/s]

📊 Validation Results (Per Task)
------------------------------------------------------------
sentiment  | F1=0.920 | Acc=0.935 | P=0.934 | R=0.914
urgency    | F1=0.746 | Acc=0.897 | P=0.739 | R=0.754
topic      | F1=0.856 | Acc=0.852 | P=0.876 | R=0.845
action     | F1=0.616 | Acc=0.858 | P=0.652 | R=0.605
------------------------------------------------------------
✅ Overall Avg | F1=0.784 | Acc=0.885 | P=0.800 | R=0.779

✅ Epoch 21 | Loss=0.2069 | F1(avg)=0.784 | Sent=0.920 | Urg=0.746 | Top=0.856 | Act=0.616
bert_base_unfreeze2 Epoch 22/50: 100%|██████████████████████████████████████████| 20/20 [00:02<00:00,  8.56it/s]

📊 Validation Results (Per Task)
------------------------------------------------------------
sentiment  | F1=0.911 | Acc=0.929 | P=0.930 | R=0.905
urgency    | F1=0.755 | Acc=0.903 | P=0.752 | R=0.760
topic      | F1=0.857 | Acc=0.852 | P=0.873 | R=0.847
action     | F1=0.624 | Acc=0.865 | P=0.659 | R=0.612
------------------------------------------------------------
✅ Overall Avg | F1=0.787 | Acc=0.887 | P=0.803 | R=0.781

✅ Epoch 22 | Loss=0.1948 | F1(avg)=0.787 | Sent=0.911 | Urg=0.755 | Top=0.857 | Act=0.624
bert_base_unfreeze2 Epoch 23/50: 100%|██████████████████████████████████████████| 20/20 [00:02<00:00,  8.56it/s]

📊 Validation Results (Per Task)
------------------------------------------------------------
sentiment  | F1=0.928 | Acc=0.942 | P=0.932 | R=0.926
urgency    | F1=0.765 | Acc=0.910 | P=0.768 | R=0.766
topic      | F1=0.857 | Acc=0.852 | P=0.873 | R=0.847
action     | F1=0.616 | Acc=0.858 | P=0.652 | R=0.605
------------------------------------------------------------
✅ Overall Avg | F1=0.792 | Acc=0.890 | P=0.806 | R=0.786

✅ Epoch 23 | Loss=0.1842 | F1(avg)=0.792 | Sent=0.928 | Urg=0.765 | Top=0.857 | Act=0.616
bert_base_unfreeze2 Epoch 24/50: 100%|██████████████████████████████████████████| 20/20 [00:02<00:00,  8.57it/s]

📊 Validation Results (Per Task)
------------------------------------------------------------
sentiment  | F1=0.928 | Acc=0.942 | P=0.947 | R=0.921
urgency    | F1=0.746 | Acc=0.897 | P=0.739 | R=0.754
topic      | F1=0.863 | Acc=0.858 | P=0.881 | R=0.853
action     | F1=0.616 | Acc=0.858 | P=0.652 | R=0.605
------------------------------------------------------------
✅ Overall Avg | F1=0.788 | Acc=0.889 | P=0.805 | R=0.783

✅ Epoch 24 | Loss=0.1842 | F1(avg)=0.788 | Sent=0.928 | Urg=0.746 | Top=0.863 | Act=0.616
bert_base_unfreeze2 Epoch 25/50: 100%|██████████████████████████████████████████| 20/20 [00:02<00:00,  8.56it/s]

📊 Validation Results (Per Task)
------------------------------------------------------------
sentiment  | F1=0.943 | Acc=0.955 | P=0.952 | R=0.940
urgency    | F1=0.755 | Acc=0.903 | P=0.752 | R=0.760
topic      | F1=0.869 | Acc=0.865 | P=0.889 | R=0.859
action     | F1=0.616 | Acc=0.858 | P=0.652 | R=0.605
------------------------------------------------------------
✅ Overall Avg | F1=0.796 | Acc=0.895 | P=0.811 | R=0.791

✅ Epoch 25 | Loss=0.1768 | F1(avg)=0.796 | Sent=0.943 | Urg=0.755 | Top=0.869 | Act=0.616
bert_base_unfreeze2 Epoch 26/50: 100%|██████████████████████████████████████████| 20/20 [00:02<00:00,  8.54it/s]

📊 Validation Results (Per Task)
------------------------------------------------------------
sentiment  | F1=0.927 | Acc=0.942 | P=0.935 | R=0.923
urgency    | F1=0.755 | Acc=0.903 | P=0.752 | R=0.760
topic      | F1=0.863 | Acc=0.858 | P=0.881 | R=0.853
action     | F1=0.624 | Acc=0.865 | P=0.659 | R=0.612
------------------------------------------------------------
✅ Overall Avg | F1=0.792 | Acc=0.892 | P=0.807 | R=0.787

✅ Epoch 26 | Loss=0.1726 | F1(avg)=0.792 | Sent=0.927 | Urg=0.755 | Top=0.863 | Act=0.624
bert_base_unfreeze2 Epoch 27/50: 100%|██████████████████████████████████████████| 20/20 [00:02<00:00,  8.56it/s]

📊 Validation Results (Per Task)
------------------------------------------------------------
sentiment  | F1=0.935 | Acc=0.948 | P=0.941 | R=0.933
urgency    | F1=0.729 | Acc=0.884 | P=0.720 | R=0.742
topic      | F1=0.863 | Acc=0.858 | P=0.881 | R=0.853
action     | F1=0.641 | Acc=0.877 | P=0.672 | R=0.633
------------------------------------------------------------
✅ Overall Avg | F1=0.792 | Acc=0.892 | P=0.804 | R=0.790

✅ Epoch 27 | Loss=0.1686 | F1(avg)=0.792 | Sent=0.935 | Urg=0.729 | Top=0.863 | Act=0.641
bert_base_unfreeze2 Epoch 28/50: 100%|██████████████████████████████████████████| 20/20 [00:02<00:00,  8.55it/s]

📊 Validation Results (Per Task)
------------------------------------------------------------
sentiment  | F1=0.935 | Acc=0.948 | P=0.941 | R=0.933
urgency    | F1=0.741 | Acc=0.890 | P=0.735 | R=0.748
topic      | F1=0.876 | Acc=0.871 | P=0.894 | R=0.867
action     | F1=0.632 | Acc=0.871 | P=0.666 | R=0.619
------------------------------------------------------------
✅ Overall Avg | F1=0.796 | Acc=0.895 | P=0.809 | R=0.791

✅ Epoch 28 | Loss=0.1663 | F1(avg)=0.796 | Sent=0.935 | Urg=0.741 | Top=0.876 | Act=0.632
bert_base_unfreeze2 Epoch 29/50: 100%|██████████████████████████████████████████| 20/20 [00:02<00:00,  8.55it/s]

📊 Validation Results (Per Task)
------------------------------------------------------------
sentiment  | F1=0.936 | Acc=0.948 | P=0.942 | R=0.933
urgency    | F1=0.746 | Acc=0.897 | P=0.739 | R=0.754
topic      | F1=0.875 | Acc=0.871 | P=0.894 | R=0.867
action     | F1=0.802 | Acc=0.871 | P=0.881 | R=0.775
------------------------------------------------------------
✅ Overall Avg | F1=0.840 | Acc=0.897 | P=0.864 | R=0.832

✅ Epoch 29 | Loss=0.1539 | F1(avg)=0.840 | Sent=0.936 | Urg=0.746 | Top=0.875 | Act=0.802
bert_base_unfreeze2 Epoch 30/50: 100%|██████████████████████████████████████████| 20/20 [00:02<00:00,  8.56it/s]

📊 Validation Results (Per Task)
------------------------------------------------------------
sentiment  | F1=0.943 | Acc=0.955 | P=0.947 | R=0.942
urgency    | F1=0.755 | Acc=0.903 | P=0.752 | R=0.760
topic      | F1=0.869 | Acc=0.865 | P=0.889 | R=0.859
action     | F1=0.821 | Acc=0.884 | P=0.894 | R=0.800
------------------------------------------------------------
✅ Overall Avg | F1=0.847 | Acc=0.902 | P=0.871 | R=0.840

✅ Epoch 30 | Loss=0.1529 | F1(avg)=0.847 | Sent=0.943 | Urg=0.755 | Top=0.869 | Act=0.821
bert_base_unfreeze2 Epoch 31/50: 100%|██████████████████████████████████████████| 20/20 [00:02<00:00,  8.60it/s]

📊 Validation Results (Per Task)
------------------------------------------------------------
sentiment  | F1=0.935 | Acc=0.948 | P=0.941 | R=0.933
urgency    | F1=0.734 | Acc=0.890 | P=0.725 | R=0.748
topic      | F1=0.869 | Acc=0.865 | P=0.889 | R=0.859
action     | F1=0.811 | Acc=0.877 | P=0.888 | R=0.785
------------------------------------------------------------
✅ Overall Avg | F1=0.837 | Acc=0.895 | P=0.861 | R=0.831

✅ Epoch 31 | Loss=0.1454 | F1(avg)=0.837 | Sent=0.935 | Urg=0.734 | Top=0.869 | Act=0.811
bert_base_unfreeze2 Epoch 32/50: 100%|██████████████████████████████████████████| 20/20 [00:02<00:00,  8.56it/s]

📊 Validation Results (Per Task)
------------------------------------------------------------
sentiment  | F1=0.935 | Acc=0.948 | P=0.941 | R=0.933
urgency    | F1=0.755 | Acc=0.890 | P=0.742 | R=0.775
topic      | F1=0.869 | Acc=0.865 | P=0.889 | R=0.859
action     | F1=0.828 | Acc=0.890 | P=0.901 | R=0.806
------------------------------------------------------------
✅ Overall Avg | F1=0.847 | Acc=0.898 | P=0.868 | R=0.843

✅ Epoch 32 | Loss=0.1427 | F1(avg)=0.847 | Sent=0.935 | Urg=0.755 | Top=0.869 | Act=0.828
bert_base_unfreeze2 Epoch 33/50: 100%|██████████████████████████████████████████| 20/20 [00:02<00:00,  8.55it/s]

📊 Validation Results (Per Task)
------------------------------------------------------------
sentiment  | F1=0.927 | Acc=0.942 | P=0.935 | R=0.923
urgency    | F1=0.760 | Acc=0.897 | P=0.747 | R=0.781
topic      | F1=0.869 | Acc=0.865 | P=0.889 | R=0.859
action     | F1=0.851 | Acc=0.890 | P=0.897 | R=0.833
------------------------------------------------------------
✅ Overall Avg | F1=0.852 | Acc=0.898 | P=0.867 | R=0.849

✅ Epoch 33 | Loss=0.1412 | F1(avg)=0.852 | Sent=0.927 | Urg=0.760 | Top=0.869 | Act=0.851
bert_base_unfreeze2 Epoch 34/50: 100%|██████████████████████████████████████████| 20/20 [00:02<00:00,  8.55it/s]

📊 Validation Results (Per Task)
------------------------------------------------------------
sentiment  | F1=0.927 | Acc=0.942 | P=0.935 | R=0.923
urgency    | F1=0.755 | Acc=0.890 | P=0.742 | R=0.775
topic      | F1=0.869 | Acc=0.865 | P=0.889 | R=0.859
action     | F1=0.641 | Acc=0.877 | P=0.672 | R=0.633
------------------------------------------------------------
✅ Overall Avg | F1=0.798 | Acc=0.894 | P=0.810 | R=0.798

✅ Epoch 34 | Loss=0.1360 | F1(avg)=0.798 | Sent=0.927 | Urg=0.755 | Top=0.869 | Act=0.641
bert_base_unfreeze2 Epoch 35/50: 100%|██████████████████████████████████████████| 20/20 [00:02<00:00,  8.56it/s]

📊 Validation Results (Per Task)
------------------------------------------------------------
sentiment  | F1=0.936 | Acc=0.948 | P=0.942 | R=0.933
urgency    | F1=0.755 | Acc=0.890 | P=0.742 | R=0.775
topic      | F1=0.869 | Acc=0.865 | P=0.889 | R=0.859
action     | F1=0.820 | Acc=0.884 | P=0.895 | R=0.799
------------------------------------------------------------
✅ Overall Avg | F1=0.845 | Acc=0.897 | P=0.867 | R=0.842

✅ Epoch 35 | Loss=0.1342 | F1(avg)=0.845 | Sent=0.936 | Urg=0.755 | Top=0.869 | Act=0.820
bert_base_unfreeze2 Epoch 36/50: 100%|██████████████████████████████████████████| 20/20 [00:02<00:00,  8.56it/s]

📊 Validation Results (Per Task)
------------------------------------------------------------
sentiment  | F1=0.936 | Acc=0.948 | P=0.942 | R=0.933
urgency    | F1=0.765 | Acc=0.910 | P=0.768 | R=0.766
topic      | F1=0.869 | Acc=0.865 | P=0.889 | R=0.859
action     | F1=0.838 | Acc=0.877 | P=0.883 | R=0.821
------------------------------------------------------------
✅ Overall Avg | F1=0.852 | Acc=0.900 | P=0.871 | R=0.844

✅ Epoch 36 | Loss=0.1361 | F1(avg)=0.852 | Sent=0.936 | Urg=0.765 | Top=0.869 | Act=0.838
bert_base_unfreeze2 Epoch 37/50: 100%|██████████████████████████████████████████| 20/20 [00:02<00:00,  8.56it/s]

📊 Validation Results (Per Task)
------------------------------------------------------------
sentiment  | F1=0.935 | Acc=0.948 | P=0.941 | R=0.933
urgency    | F1=0.755 | Acc=0.890 | P=0.742 | R=0.775
topic      | F1=0.869 | Acc=0.865 | P=0.889 | R=0.859
action     | F1=0.838 | Acc=0.877 | P=0.883 | R=0.821
------------------------------------------------------------
✅ Overall Avg | F1=0.849 | Acc=0.895 | P=0.864 | R=0.847

✅ Epoch 37 | Loss=0.1342 | F1(avg)=0.849 | Sent=0.935 | Urg=0.755 | Top=0.869 | Act=0.838
bert_base_unfreeze2 Epoch 38/50: 100%|██████████████████████████████████████████| 20/20 [00:02<00:00,  8.62it/s]

📊 Validation Results (Per Task)
------------------------------------------------------------
sentiment  | F1=0.927 | Acc=0.942 | P=0.935 | R=0.923
urgency    | F1=0.760 | Acc=0.897 | P=0.747 | R=0.781
topic      | F1=0.869 | Acc=0.865 | P=0.889 | R=0.859
action     | F1=0.844 | Acc=0.884 | P=0.890 | R=0.827
------------------------------------------------------------
✅ Overall Avg | F1=0.850 | Acc=0.897 | P=0.865 | R=0.848

✅ Epoch 38 | Loss=0.1315 | F1(avg)=0.850 | Sent=0.927 | Urg=0.760 | Top=0.869 | Act=0.844
bert_base_unfreeze2 Epoch 39/50: 100%|██████████████████████████████████████████| 20/20 [00:02<00:00,  8.58it/s]

📊 Validation Results (Per Task)
------------------------------------------------------------
sentiment  | F1=0.927 | Acc=0.942 | P=0.935 | R=0.923
urgency    | F1=0.755 | Acc=0.890 | P=0.742 | R=0.775
topic      | F1=0.869 | Acc=0.865 | P=0.889 | R=0.859
action     | F1=0.851 | Acc=0.890 | P=0.897 | R=0.833
------------------------------------------------------------
✅ Overall Avg | F1=0.850 | Acc=0.897 | P=0.866 | R=0.848

✅ Epoch 39 | Loss=0.1255 | F1(avg)=0.850 | Sent=0.927 | Urg=0.755 | Top=0.869 | Act=0.851
bert_base_unfreeze2 Epoch 40/50: 100%|██████████████████████████████████████████| 20/20 [00:02<00:00,  8.55it/s]

📊 Validation Results (Per Task)
------------------------------------------------------------
sentiment  | F1=0.935 | Acc=0.948 | P=0.941 | R=0.933
urgency    | F1=0.755 | Acc=0.890 | P=0.742 | R=0.775
topic      | F1=0.869 | Acc=0.865 | P=0.889 | R=0.859
action     | F1=0.838 | Acc=0.877 | P=0.883 | R=0.821
------------------------------------------------------------
✅ Overall Avg | F1=0.849 | Acc=0.895 | P=0.864 | R=0.847

✅ Epoch 40 | Loss=0.1314 | F1(avg)=0.849 | Sent=0.935 | Urg=0.755 | Top=0.869 | Act=0.838
bert_base_unfreeze2 Epoch 41/50: 100%|██████████████████████████████████████████| 20/20 [00:02<00:00,  8.59it/s]

📊 Validation Results (Per Task)
------------------------------------------------------------
sentiment  | F1=0.935 | Acc=0.948 | P=0.941 | R=0.933
urgency    | F1=0.755 | Acc=0.890 | P=0.742 | R=0.775
topic      | F1=0.869 | Acc=0.865 | P=0.889 | R=0.859
action     | F1=0.852 | Acc=0.890 | P=0.896 | R=0.833
------------------------------------------------------------
✅ Overall Avg | F1=0.853 | Acc=0.898 | P=0.867 | R=0.850

✅ Epoch 41 | Loss=0.1230 | F1(avg)=0.853 | Sent=0.935 | Urg=0.755 | Top=0.869 | Act=0.852
bert_base_unfreeze2 Epoch 42/50: 100%|██████████████████████████████████████████| 20/20 [00:02<00:00,  8.59it/s]

📊 Validation Results (Per Task)
------------------------------------------------------------
sentiment  | F1=0.935 | Acc=0.948 | P=0.941 | R=0.933
urgency    | F1=0.755 | Acc=0.890 | P=0.742 | R=0.775
topic      | F1=0.869 | Acc=0.865 | P=0.889 | R=0.859
action     | F1=0.852 | Acc=0.890 | P=0.896 | R=0.833
------------------------------------------------------------
✅ Overall Avg | F1=0.853 | Acc=0.898 | P=0.867 | R=0.850

✅ Epoch 42 | Loss=0.1207 | F1(avg)=0.853 | Sent=0.935 | Urg=0.755 | Top=0.869 | Act=0.852
bert_base_unfreeze2 Epoch 43/50: 100%|██████████████████████████████████████████| 20/20 [00:02<00:00,  8.56it/s]

📊 Validation Results (Per Task)
------------------------------------------------------------
sentiment  | F1=0.935 | Acc=0.948 | P=0.941 | R=0.933
urgency    | F1=0.755 | Acc=0.890 | P=0.742 | R=0.775
topic      | F1=0.869 | Acc=0.865 | P=0.889 | R=0.859
action     | F1=0.852 | Acc=0.890 | P=0.896 | R=0.833
------------------------------------------------------------
✅ Overall Avg | F1=0.853 | Acc=0.898 | P=0.867 | R=0.850

✅ Epoch 43 | Loss=0.1233 | F1(avg)=0.853 | Sent=0.935 | Urg=0.755 | Top=0.869 | Act=0.852
bert_base_unfreeze2 Epoch 44/50: 100%|██████████████████████████████████████████| 20/20 [00:02<00:00,  8.56it/s]

📊 Validation Results (Per Task)
------------------------------------------------------------
sentiment  | F1=0.918 | Acc=0.935 | P=0.929 | R=0.914
urgency    | F1=0.755 | Acc=0.890 | P=0.742 | R=0.775
topic      | F1=0.869 | Acc=0.865 | P=0.889 | R=0.859
action     | F1=0.852 | Acc=0.890 | P=0.896 | R=0.833
------------------------------------------------------------
✅ Overall Avg | F1=0.849 | Acc=0.895 | P=0.864 | R=0.845

✅ Epoch 44 | Loss=0.1199 | F1(avg)=0.849 | Sent=0.918 | Urg=0.755 | Top=0.869 | Act=0.852
bert_base_unfreeze2 Epoch 45/50: 100%|██████████████████████████████████████████| 20/20 [00:02<00:00,  8.60it/s]

📊 Validation Results (Per Task)
------------------------------------------------------------
sentiment  | F1=0.935 | Acc=0.948 | P=0.941 | R=0.933
urgency    | F1=0.755 | Acc=0.890 | P=0.742 | R=0.775
topic      | F1=0.869 | Acc=0.865 | P=0.889 | R=0.859
action     | F1=0.845 | Acc=0.884 | P=0.889 | R=0.827
------------------------------------------------------------
✅ Overall Avg | F1=0.851 | Acc=0.897 | P=0.865 | R=0.849

✅ Epoch 45 | Loss=0.1180 | F1(avg)=0.851 | Sent=0.935 | Urg=0.755 | Top=0.869 | Act=0.845
bert_base_unfreeze2 Epoch 46/50: 100%|██████████████████████████████████████████| 20/20 [00:02<00:00,  8.57it/s]

📊 Validation Results (Per Task)
------------------------------------------------------------
sentiment  | F1=0.935 | Acc=0.948 | P=0.941 | R=0.933
urgency    | F1=0.755 | Acc=0.890 | P=0.742 | R=0.775
topic      | F1=0.869 | Acc=0.865 | P=0.889 | R=0.859
action     | F1=0.852 | Acc=0.890 | P=0.896 | R=0.833
------------------------------------------------------------
✅ Overall Avg | F1=0.853 | Acc=0.898 | P=0.867 | R=0.850

✅ Epoch 46 | Loss=0.1182 | F1(avg)=0.853 | Sent=0.935 | Urg=0.755 | Top=0.869 | Act=0.852
bert_base_unfreeze2 Epoch 47/50: 100%|██████████████████████████████████████████| 20/20 [00:02<00:00,  8.55it/s]

📊 Validation Results (Per Task)
------------------------------------------------------------
sentiment  | F1=0.943 | Acc=0.955 | P=0.947 | R=0.942
urgency    | F1=0.755 | Acc=0.890 | P=0.742 | R=0.775
topic      | F1=0.869 | Acc=0.865 | P=0.889 | R=0.859
action     | F1=0.852 | Acc=0.890 | P=0.896 | R=0.833
------------------------------------------------------------
✅ Overall Avg | F1=0.855 | Acc=0.900 | P=0.869 | R=0.852

✅ Epoch 47 | Loss=0.1170 | F1(avg)=0.855 | Sent=0.943 | Urg=0.755 | Top=0.869 | Act=0.852
bert_base_unfreeze2 Epoch 48/50: 100%|██████████████████████████████████████████| 20/20 [00:02<00:00,  8.55it/s]

📊 Validation Results (Per Task)
------------------------------------------------------------
sentiment  | F1=0.943 | Acc=0.955 | P=0.947 | R=0.942
urgency    | F1=0.755 | Acc=0.890 | P=0.742 | R=0.775
topic      | F1=0.869 | Acc=0.865 | P=0.889 | R=0.859
action     | F1=0.852 | Acc=0.890 | P=0.896 | R=0.833
------------------------------------------------------------
✅ Overall Avg | F1=0.855 | Acc=0.900 | P=0.869 | R=0.852

✅ Epoch 48 | Loss=0.1164 | F1(avg)=0.855 | Sent=0.943 | Urg=0.755 | Top=0.869 | Act=0.852
bert_base_unfreeze2 Epoch 49/50: 100%|██████████████████████████████████████████| 20/20 [00:02<00:00,  8.55it/s]

📊 Validation Results (Per Task)
------------------------------------------------------------
sentiment  | F1=0.943 | Acc=0.955 | P=0.947 | R=0.942
urgency    | F1=0.755 | Acc=0.890 | P=0.742 | R=0.775
topic      | F1=0.869 | Acc=0.865 | P=0.889 | R=0.859
action     | F1=0.852 | Acc=0.890 | P=0.896 | R=0.833
------------------------------------------------------------
✅ Overall Avg | F1=0.855 | Acc=0.900 | P=0.869 | R=0.852

✅ Epoch 49 | Loss=0.1181 | F1(avg)=0.855 | Sent=0.943 | Urg=0.755 | Top=0.869 | Act=0.852
bert_base_unfreeze2 Epoch 50/50: 100%|██████████████████████████████████████████| 20/20 [00:02<00:00,  8.44it/s]

📊 Validation Results (Per Task)
------------------------------------------------------------
sentiment  | F1=0.943 | Acc=0.955 | P=0.947 | R=0.942
urgency    | F1=0.755 | Acc=0.890 | P=0.742 | R=0.775
topic      | F1=0.869 | Acc=0.865 | P=0.889 | R=0.859
action     | F1=0.852 | Acc=0.890 | P=0.896 | R=0.833
------------------------------------------------------------
✅ Overall Avg | F1=0.855 | Acc=0.900 | P=0.869 | R=0.852

✅ Epoch 50 | Loss=0.1168 | F1(avg)=0.855 | Sent=0.943 | Urg=0.755 | Top=0.869 | Act=0.852
