Use device:cuda
distilbase_lr2e-5_uf2 Epoch 1/50: 100%|█████████████████████████████████████████| 20/20 [00:01<00:00, 14.64it/s]

📊 Validation Results (Per Task)
------------------------------------------------------------
sentiment  | F1=0.242 | Acc=0.477 | P=0.293 | R=0.348
urgency    | F1=0.300 | Acc=0.600 | P=0.475 | R=0.359
topic      | F1=0.092 | Acc=0.271 | P=0.157 | R=0.162
action     | F1=0.124 | Acc=0.516 | P=0.142 | R=0.171
------------------------------------------------------------
✅ Overall Avg | F1=0.190 | Acc=0.466 | P=0.267 | R=0.260

✅ Epoch 1 | Loss=1.4030 | F1(avg)=0.190 | Sent=0.242 | Urg=0.300 | Top=0.092 | Act=0.124
distilbase_lr2e-5_uf2 Epoch 2/50: 100%|█████████████████████████████████████████| 20/20 [00:01<00:00, 14.70it/s]

📊 Validation Results (Per Task)
------------------------------------------------------------
sentiment  | F1=0.559 | Acc=0.684 | P=0.793 | R=0.586
urgency    | F1=0.595 | Acc=0.871 | P=0.576 | R=0.616
topic      | F1=0.502 | Acc=0.613 | P=0.640 | R=0.519
action     | F1=0.113 | Acc=0.516 | P=0.086 | R=0.167
------------------------------------------------------------
✅ Overall Avg | F1=0.442 | Acc=0.671 | P=0.524 | R=0.472

✅ Epoch 2 | Loss=1.2095 | F1(avg)=0.442 | Sent=0.559 | Urg=0.595 | Top=0.502 | Act=0.113
distilbase_lr2e-5_uf2 Epoch 3/50: 100%|█████████████████████████████████████████| 20/20 [00:01<00:00, 14.66it/s]

📊 Validation Results (Per Task)
------------------------------------------------------------
sentiment  | F1=0.758 | Acc=0.826 | P=0.847 | R=0.764
urgency    | F1=0.584 | Acc=0.858 | P=0.567 | R=0.602
topic      | F1=0.635 | Acc=0.723 | P=0.650 | R=0.645
action     | F1=0.300 | Acc=0.690 | P=0.382 | R=0.338
------------------------------------------------------------
✅ Overall Avg | F1=0.569 | Acc=0.774 | P=0.612 | R=0.587

✅ Epoch 3 | Loss=0.9705 | F1(avg)=0.569 | Sent=0.758 | Urg=0.584 | Top=0.635 | Act=0.300
distilbase_lr2e-5_uf2 Epoch 4/50: 100%|█████████████████████████████████████████| 20/20 [00:01<00:00, 14.67it/s]

📊 Validation Results (Per Task)
------------------------------------------------------------
sentiment  | F1=0.854 | Acc=0.884 | P=0.883 | R=0.847
urgency    | F1=0.652 | Acc=0.877 | P=0.673 | R=0.654
topic      | F1=0.718 | Acc=0.781 | P=0.840 | R=0.713
action     | F1=0.391 | Acc=0.755 | P=0.552 | R=0.408
------------------------------------------------------------
✅ Overall Avg | F1=0.654 | Acc=0.824 | P=0.737 | R=0.655

✅ Epoch 4 | Loss=0.7611 | F1(avg)=0.654 | Sent=0.854 | Urg=0.652 | Top=0.718 | Act=0.391
distilbase_lr2e-5_uf2 Epoch 5/50: 100%|█████████████████████████████████████████| 20/20 [00:01<00:00, 14.68it/s]

📊 Validation Results (Per Task)
------------------------------------------------------------
sentiment  | F1=0.839 | Acc=0.877 | P=0.887 | R=0.831
urgency    | F1=0.660 | Acc=0.890 | P=0.681 | R=0.666
topic      | F1=0.763 | Acc=0.800 | P=0.839 | R=0.751
action     | F1=0.460 | Acc=0.813 | P=0.514 | R=0.474
------------------------------------------------------------
✅ Overall Avg | F1=0.681 | Acc=0.845 | P=0.730 | R=0.680

✅ Epoch 5 | Loss=0.6142 | F1(avg)=0.681 | Sent=0.839 | Urg=0.660 | Top=0.763 | Act=0.460
distilbase_lr2e-5_uf2 Epoch 6/50: 100%|█████████████████████████████████████████| 20/20 [00:01<00:00, 14.63it/s]

📊 Validation Results (Per Task)
------------------------------------------------------------
sentiment  | F1=0.884 | Acc=0.910 | P=0.914 | R=0.875
urgency    | F1=0.650 | Acc=0.877 | P=0.660 | R=0.656
topic      | F1=0.781 | Acc=0.819 | P=0.850 | R=0.772
action     | F1=0.479 | Acc=0.826 | P=0.508 | R=0.492
------------------------------------------------------------
✅ Overall Avg | F1=0.698 | Acc=0.858 | P=0.733 | R=0.699

✅ Epoch 6 | Loss=0.5188 | F1(avg)=0.698 | Sent=0.884 | Urg=0.650 | Top=0.781 | Act=0.479
distilbase_lr2e-5_uf2 Epoch 7/50: 100%|█████████████████████████████████████████| 20/20 [00:01<00:00, 14.67it/s]

📊 Validation Results (Per Task)
------------------------------------------------------------
sentiment  | F1=0.925 | Acc=0.942 | P=0.940 | R=0.919
urgency    | F1=0.661 | Acc=0.890 | P=0.682 | R=0.668
topic      | F1=0.834 | Acc=0.839 | P=0.862 | R=0.822
action     | F1=0.506 | Acc=0.839 | P=0.530 | R=0.512
------------------------------------------------------------
✅ Overall Avg | F1=0.732 | Acc=0.877 | P=0.754 | R=0.730

✅ Epoch 7 | Loss=0.4547 | F1(avg)=0.732 | Sent=0.925 | Urg=0.661 | Top=0.834 | Act=0.506
distilbase_lr2e-5_uf2 Epoch 8/50: 100%|█████████████████████████████████████████| 20/20 [00:01<00:00, 14.61it/s]

📊 Validation Results (Per Task)
------------------------------------------------------------
sentiment  | F1=0.917 | Acc=0.935 | P=0.935 | R=0.910
urgency    | F1=0.694 | Acc=0.890 | P=0.701 | R=0.695
topic      | F1=0.843 | Acc=0.845 | P=0.865 | R=0.831
action     | F1=0.502 | Acc=0.839 | P=0.513 | R=0.512
------------------------------------------------------------
✅ Overall Avg | F1=0.739 | Acc=0.877 | P=0.754 | R=0.737

✅ Epoch 8 | Loss=0.4040 | F1(avg)=0.739 | Sent=0.917 | Urg=0.694 | Top=0.843 | Act=0.502
distilbase_lr2e-5_uf2 Epoch 9/50: 100%|█████████████████████████████████████████| 20/20 [00:01<00:00, 14.62it/s]

📊 Validation Results (Per Task)
------------------------------------------------------------
sentiment  | F1=0.908 | Acc=0.929 | P=0.930 | R=0.900
urgency    | F1=0.694 | Acc=0.890 | P=0.701 | R=0.695
topic      | F1=0.852 | Acc=0.852 | P=0.875 | R=0.839
action     | F1=0.731 | Acc=0.852 | P=0.848 | R=0.716
------------------------------------------------------------
✅ Overall Avg | F1=0.796 | Acc=0.881 | P=0.839 | R=0.788

✅ Epoch 9 | Loss=0.3650 | F1(avg)=0.796 | Sent=0.908 | Urg=0.694 | Top=0.852 | Act=0.731
distilbase_lr2e-5_uf2 Epoch 10/50: 100%|████████████████████████████████████████| 20/20 [00:01<00:00, 14.62it/s]

📊 Validation Results (Per Task)
------------------------------------------------------------
sentiment  | F1=0.917 | Acc=0.935 | P=0.935 | R=0.910
urgency    | F1=0.685 | Acc=0.884 | P=0.684 | R=0.689
topic      | F1=0.855 | Acc=0.852 | P=0.875 | R=0.845
action     | F1=0.713 | Acc=0.839 | P=0.828 | R=0.700
------------------------------------------------------------
✅ Overall Avg | F1=0.792 | Acc=0.877 | P=0.830 | R=0.786

✅ Epoch 10 | Loss=0.3323 | F1(avg)=0.792 | Sent=0.917 | Urg=0.685 | Top=0.855 | Act=0.713
distilbase_lr2e-5_uf2 Epoch 11/50: 100%|████████████████████████████████████████| 20/20 [00:01<00:00, 14.56it/s]

📊 Validation Results (Per Task)
------------------------------------------------------------
sentiment  | F1=0.908 | Acc=0.929 | P=0.930 | R=0.900
urgency    | F1=0.692 | Acc=0.890 | P=0.694 | R=0.695
topic      | F1=0.859 | Acc=0.858 | P=0.882 | R=0.847
action     | F1=0.735 | Acc=0.852 | P=0.848 | R=0.721
------------------------------------------------------------
✅ Overall Avg | F1=0.799 | Acc=0.882 | P=0.839 | R=0.791

✅ Epoch 11 | Loss=0.3018 | F1(avg)=0.799 | Sent=0.908 | Urg=0.692 | Top=0.859 | Act=0.735
distilbase_lr2e-5_uf2 Epoch 12/50: 100%|████████████████████████████████████████| 20/20 [00:01<00:00, 14.65it/s]

📊 Validation Results (Per Task)
------------------------------------------------------------
sentiment  | F1=0.925 | Acc=0.942 | P=0.940 | R=0.919
urgency    | F1=0.685 | Acc=0.884 | P=0.684 | R=0.689
topic      | F1=0.855 | Acc=0.852 | P=0.875 | R=0.845
action     | F1=0.736 | Acc=0.852 | P=0.849 | R=0.721
------------------------------------------------------------
✅ Overall Avg | F1=0.800 | Acc=0.882 | P=0.837 | R=0.793

✅ Epoch 12 | Loss=0.2840 | F1(avg)=0.800 | Sent=0.925 | Urg=0.685 | Top=0.855 | Act=0.736
distilbase_lr2e-5_uf2 Epoch 13/50: 100%|████████████████████████████████████████| 20/20 [00:01<00:00, 14.62it/s]

📊 Validation Results (Per Task)
------------------------------------------------------------
sentiment  | F1=0.925 | Acc=0.942 | P=0.940 | R=0.919
urgency    | F1=0.684 | Acc=0.884 | P=0.683 | R=0.689
topic      | F1=0.846 | Acc=0.845 | P=0.870 | R=0.833
action     | F1=0.729 | Acc=0.845 | P=0.840 | R=0.715
------------------------------------------------------------
✅ Overall Avg | F1=0.796 | Acc=0.879 | P=0.833 | R=0.789

✅ Epoch 13 | Loss=0.2545 | F1(avg)=0.796 | Sent=0.925 | Urg=0.684 | Top=0.846 | Act=0.729
distilbase_lr2e-5_uf2 Epoch 14/50: 100%|████████████████████████████████████████| 20/20 [00:01<00:00, 14.60it/s]

📊 Validation Results (Per Task)
------------------------------------------------------------
sentiment  | F1=0.925 | Acc=0.942 | P=0.940 | R=0.919
urgency    | F1=0.684 | Acc=0.884 | P=0.683 | R=0.689
topic      | F1=0.866 | Acc=0.865 | P=0.887 | R=0.855
action     | F1=0.736 | Acc=0.852 | P=0.849 | R=0.721
------------------------------------------------------------
✅ Overall Avg | F1=0.803 | Acc=0.885 | P=0.840 | R=0.796

✅ Epoch 14 | Loss=0.2414 | F1(avg)=0.803 | Sent=0.925 | Urg=0.684 | Top=0.866 | Act=0.736
distilbase_lr2e-5_uf2 Epoch 15/50: 100%|████████████████████████████████████████| 20/20 [00:01<00:00, 14.56it/s]

📊 Validation Results (Per Task)
------------------------------------------------------------
sentiment  | F1=0.925 | Acc=0.942 | P=0.940 | R=0.919
urgency    | F1=0.685 | Acc=0.884 | P=0.684 | R=0.689
topic      | F1=0.854 | Acc=0.852 | P=0.877 | R=0.841
action     | F1=0.736 | Acc=0.852 | P=0.844 | R=0.721
------------------------------------------------------------
✅ Overall Avg | F1=0.800 | Acc=0.882 | P=0.836 | R=0.793

✅ Epoch 15 | Loss=0.2265 | F1(avg)=0.800 | Sent=0.925 | Urg=0.685 | Top=0.854 | Act=0.736
distilbase_lr2e-5_uf2 Epoch 16/50: 100%|████████████████████████████████████████| 20/20 [00:01<00:00, 14.58it/s]

📊 Validation Results (Per Task)
------------------------------------------------------------
sentiment  | F1=0.925 | Acc=0.942 | P=0.940 | R=0.919
urgency    | F1=0.685 | Acc=0.884 | P=0.684 | R=0.689
topic      | F1=0.854 | Acc=0.852 | P=0.877 | R=0.841
action     | F1=0.736 | Acc=0.852 | P=0.844 | R=0.721
------------------------------------------------------------
✅ Overall Avg | F1=0.800 | Acc=0.882 | P=0.836 | R=0.793

✅ Epoch 16 | Loss=0.2171 | F1(avg)=0.800 | Sent=0.925 | Urg=0.685 | Top=0.854 | Act=0.736
distilbase_lr2e-5_uf2 Epoch 17/50: 100%|████████████████████████████████████████| 20/20 [00:01<00:00, 14.60it/s]

📊 Validation Results (Per Task)
------------------------------------------------------------
sentiment  | F1=0.951 | Acc=0.961 | P=0.958 | R=0.947
urgency    | F1=0.666 | Acc=0.865 | P=0.663 | R=0.671
topic      | F1=0.860 | Acc=0.858 | P=0.882 | R=0.849
action     | F1=0.736 | Acc=0.852 | P=0.844 | R=0.721
------------------------------------------------------------
✅ Overall Avg | F1=0.803 | Acc=0.884 | P=0.837 | R=0.797

✅ Epoch 17 | Loss=0.2031 | F1(avg)=0.803 | Sent=0.951 | Urg=0.666 | Top=0.860 | Act=0.736
distilbase_lr2e-5_uf2 Epoch 18/50: 100%|████████████████████████████████████████| 20/20 [00:01<00:00, 14.57it/s]

📊 Validation Results (Per Task)
------------------------------------------------------------
sentiment  | F1=0.942 | Acc=0.955 | P=0.952 | R=0.937
urgency    | F1=0.709 | Acc=0.884 | P=0.704 | R=0.717
topic      | F1=0.854 | Acc=0.852 | P=0.877 | R=0.841
action     | F1=0.748 | Acc=0.858 | P=0.853 | R=0.735
------------------------------------------------------------
✅ Overall Avg | F1=0.813 | Acc=0.887 | P=0.846 | R=0.808

✅ Epoch 18 | Loss=0.1996 | F1(avg)=0.813 | Sent=0.942 | Urg=0.709 | Top=0.854 | Act=0.748
distilbase_lr2e-5_uf2 Epoch 19/50: 100%|████████████████████████████████████████| 20/20 [00:01<00:00, 14.58it/s]

📊 Validation Results (Per Task)
------------------------------------------------------------
sentiment  | F1=0.942 | Acc=0.955 | P=0.952 | R=0.937
urgency    | F1=0.678 | Acc=0.877 | P=0.676 | R=0.683
topic      | F1=0.864 | Acc=0.865 | P=0.887 | R=0.853
action     | F1=0.755 | Acc=0.865 | P=0.860 | R=0.742
------------------------------------------------------------
✅ Overall Avg | F1=0.810 | Acc=0.890 | P=0.844 | R=0.804

✅ Epoch 19 | Loss=0.1856 | F1(avg)=0.810 | Sent=0.942 | Urg=0.678 | Top=0.864 | Act=0.755
distilbase_lr2e-5_uf2 Epoch 20/50: 100%|████████████████████████████████████████| 20/20 [00:01<00:00, 14.62it/s]

📊 Validation Results (Per Task)
------------------------------------------------------------
sentiment  | F1=0.925 | Acc=0.942 | P=0.940 | R=0.919
urgency    | F1=0.678 | Acc=0.877 | P=0.675 | R=0.683
topic      | F1=0.859 | Acc=0.858 | P=0.882 | R=0.847
action     | F1=0.758 | Acc=0.865 | P=0.861 | R=0.747
------------------------------------------------------------
✅ Overall Avg | F1=0.805 | Acc=0.885 | P=0.839 | R=0.799

✅ Epoch 20 | Loss=0.1768 | F1(avg)=0.805 | Sent=0.925 | Urg=0.678 | Top=0.859 | Act=0.758
distilbase_lr2e-5_uf2 Epoch 21/50: 100%|████████████████████████████████████████| 20/20 [00:01<00:00, 14.61it/s]

📊 Validation Results (Per Task)
------------------------------------------------------------
sentiment  | F1=0.934 | Acc=0.948 | P=0.941 | R=0.930
urgency    | F1=0.721 | Acc=0.877 | P=0.711 | R=0.738
topic      | F1=0.864 | Acc=0.865 | P=0.887 | R=0.853
action     | F1=0.789 | Acc=0.865 | P=0.855 | R=0.769
------------------------------------------------------------
✅ Overall Avg | F1=0.827 | Acc=0.889 | P=0.849 | R=0.823

✅ Epoch 21 | Loss=0.1673 | F1(avg)=0.827 | Sent=0.934 | Urg=0.721 | Top=0.864 | Act=0.789
distilbase_lr2e-5_uf2 Epoch 22/50: 100%|████████████████████████████████████████| 20/20 [00:01<00:00, 14.61it/s]

📊 Validation Results (Per Task)
------------------------------------------------------------
sentiment  | F1=0.942 | Acc=0.955 | P=0.952 | R=0.937
urgency    | F1=0.678 | Acc=0.877 | P=0.676 | R=0.683
topic      | F1=0.859 | Acc=0.858 | P=0.886 | R=0.846
action     | F1=0.798 | Acc=0.877 | P=0.820 | R=0.790
------------------------------------------------------------
✅ Overall Avg | F1=0.819 | Acc=0.892 | P=0.833 | R=0.814

✅ Epoch 22 | Loss=0.1588 | F1(avg)=0.819 | Sent=0.942 | Urg=0.678 | Top=0.859 | Act=0.798
distilbase_lr2e-5_uf2 Epoch 23/50: 100%|████████████████████████████████████████| 20/20 [00:01<00:00, 14.65it/s]

📊 Validation Results (Per Task)
------------------------------------------------------------
sentiment  | F1=0.943 | Acc=0.955 | P=0.948 | R=0.940
urgency    | F1=0.724 | Acc=0.877 | P=0.714 | R=0.738
topic      | F1=0.864 | Acc=0.865 | P=0.887 | R=0.853
action     | F1=0.798 | Acc=0.877 | P=0.820 | R=0.790
------------------------------------------------------------
✅ Overall Avg | F1=0.832 | Acc=0.894 | P=0.842 | R=0.830

✅ Epoch 23 | Loss=0.1563 | F1(avg)=0.832 | Sent=0.943 | Urg=0.724 | Top=0.864 | Act=0.798
distilbase_lr2e-5_uf2 Epoch 24/50: 100%|████████████████████████████████████████| 20/20 [00:01<00:00, 14.68it/s]

📊 Validation Results (Per Task)
------------------------------------------------------------
sentiment  | F1=0.934 | Acc=0.948 | P=0.941 | R=0.930
urgency    | F1=0.701 | Acc=0.877 | P=0.695 | R=0.711
topic      | F1=0.881 | Acc=0.877 | P=0.901 | R=0.873
action     | F1=0.800 | Acc=0.871 | P=0.863 | R=0.784
------------------------------------------------------------
✅ Overall Avg | F1=0.829 | Acc=0.894 | P=0.850 | R=0.824

✅ Epoch 24 | Loss=0.1441 | F1(avg)=0.829 | Sent=0.934 | Urg=0.701 | Top=0.881 | Act=0.800
distilbase_lr2e-5_uf2 Epoch 25/50: 100%|████████████████████████████████████████| 20/20 [00:01<00:00, 14.74it/s]

📊 Validation Results (Per Task)
------------------------------------------------------------
sentiment  | F1=0.934 | Acc=0.948 | P=0.941 | R=0.930
urgency    | F1=0.729 | Acc=0.884 | P=0.719 | R=0.744
topic      | F1=0.881 | Acc=0.877 | P=0.901 | R=0.873
action     | F1=0.798 | Acc=0.877 | P=0.820 | R=0.790
------------------------------------------------------------
✅ Overall Avg | F1=0.836 | Acc=0.897 | P=0.845 | R=0.834

✅ Epoch 25 | Loss=0.1398 | F1(avg)=0.836 | Sent=0.934 | Urg=0.729 | Top=0.881 | Act=0.798
distilbase_lr2e-5_uf2 Epoch 26/50: 100%|████████████████████████████████████████| 20/20 [00:01<00:00, 14.57it/s]

📊 Validation Results (Per Task)
------------------------------------------------------------
sentiment  | F1=0.943 | Acc=0.955 | P=0.948 | R=0.940
urgency    | F1=0.740 | Acc=0.877 | P=0.727 | R=0.765
topic      | F1=0.865 | Acc=0.865 | P=0.891 | R=0.852
action     | F1=0.789 | Acc=0.871 | P=0.813 | R=0.779
------------------------------------------------------------
✅ Overall Avg | F1=0.834 | Acc=0.892 | P=0.845 | R=0.834

✅ Epoch 26 | Loss=0.1394 | F1(avg)=0.834 | Sent=0.943 | Urg=0.740 | Top=0.865 | Act=0.789
distilbase_lr2e-5_uf2 Epoch 27/50: 100%|████████████████████████████████████████| 20/20 [00:01<00:00, 14.65it/s]

📊 Validation Results (Per Task)
------------------------------------------------------------
sentiment  | F1=0.926 | Acc=0.942 | P=0.935 | R=0.921
urgency    | F1=0.709 | Acc=0.884 | P=0.704 | R=0.717
topic      | F1=0.881 | Acc=0.877 | P=0.901 | R=0.873
action     | F1=0.834 | Acc=0.890 | P=0.844 | R=0.830
------------------------------------------------------------
✅ Overall Avg | F1=0.837 | Acc=0.898 | P=0.846 | R=0.835

✅ Epoch 27 | Loss=0.1265 | F1(avg)=0.837 | Sent=0.926 | Urg=0.709 | Top=0.881 | Act=0.834
distilbase_lr2e-5_uf2 Epoch 28/50: 100%|████████████████████████████████████████| 20/20 [00:01<00:00, 14.63it/s]

📊 Validation Results (Per Task)
------------------------------------------------------------
sentiment  | F1=0.943 | Acc=0.955 | P=0.948 | R=0.940
urgency    | F1=0.704 | Acc=0.877 | P=0.699 | R=0.711
topic      | F1=0.875 | Acc=0.871 | P=0.895 | R=0.867
action     | F1=0.834 | Acc=0.890 | P=0.844 | R=0.830
------------------------------------------------------------
✅ Overall Avg | F1=0.839 | Acc=0.898 | P=0.846 | R=0.837

✅ Epoch 28 | Loss=0.1286 | F1(avg)=0.839 | Sent=0.943 | Urg=0.704 | Top=0.875 | Act=0.834
distilbase_lr2e-5_uf2 Epoch 29/50: 100%|████████████████████████████████████████| 20/20 [00:01<00:00, 14.60it/s]

📊 Validation Results (Per Task)
------------------------------------------------------------
sentiment  | F1=0.943 | Acc=0.955 | P=0.948 | R=0.940
urgency    | F1=0.715 | Acc=0.871 | P=0.706 | R=0.732
topic      | F1=0.876 | Acc=0.871 | P=0.895 | R=0.867
action     | F1=0.827 | Acc=0.884 | P=0.836 | R=0.823
------------------------------------------------------------
✅ Overall Avg | F1=0.840 | Acc=0.895 | P=0.846 | R=0.840

✅ Epoch 29 | Loss=0.1217 | F1(avg)=0.840 | Sent=0.943 | Urg=0.715 | Top=0.876 | Act=0.827
distilbase_lr2e-5_uf2 Epoch 30/50: 100%|████████████████████████████████████████| 20/20 [00:01<00:00, 14.66it/s]

📊 Validation Results (Per Task)
------------------------------------------------------------
sentiment  | F1=0.943 | Acc=0.955 | P=0.948 | R=0.940
urgency    | F1=0.709 | Acc=0.884 | P=0.704 | R=0.717
topic      | F1=0.881 | Acc=0.877 | P=0.901 | R=0.873
action     | F1=0.834 | Acc=0.890 | P=0.844 | R=0.830
------------------------------------------------------------
✅ Overall Avg | F1=0.842 | Acc=0.902 | P=0.849 | R=0.840

✅ Epoch 30 | Loss=0.1163 | F1(avg)=0.842 | Sent=0.943 | Urg=0.709 | Top=0.881 | Act=0.834
distilbase_lr2e-5_uf2 Epoch 31/50: 100%|████████████████████████████████████████| 20/20 [00:01<00:00, 14.64it/s]

📊 Validation Results (Per Task)
------------------------------------------------------------
sentiment  | F1=0.943 | Acc=0.955 | P=0.948 | R=0.940
urgency    | F1=0.700 | Acc=0.858 | P=0.692 | R=0.720
topic      | F1=0.881 | Acc=0.877 | P=0.901 | R=0.873
action     | F1=0.834 | Acc=0.890 | P=0.844 | R=0.830
------------------------------------------------------------
✅ Overall Avg | F1=0.840 | Acc=0.895 | P=0.846 | R=0.841

✅ Epoch 31 | Loss=0.1149 | F1(avg)=0.840 | Sent=0.943 | Urg=0.700 | Top=0.881 | Act=0.834
distilbase_lr2e-5_uf2 Epoch 32/50: 100%|████████████████████████████████████████| 20/20 [00:01<00:00, 14.67it/s]

📊 Validation Results (Per Task)
------------------------------------------------------------
sentiment  | F1=0.926 | Acc=0.942 | P=0.935 | R=0.921
urgency    | F1=0.715 | Acc=0.871 | P=0.706 | R=0.732
topic      | F1=0.875 | Acc=0.871 | P=0.895 | R=0.867
action     | F1=0.834 | Acc=0.890 | P=0.844 | R=0.830
------------------------------------------------------------
✅ Overall Avg | F1=0.838 | Acc=0.894 | P=0.845 | R=0.837

✅ Epoch 32 | Loss=0.1143 | F1(avg)=0.838 | Sent=0.926 | Urg=0.715 | Top=0.875 | Act=0.834
distilbase_lr2e-5_uf2 Epoch 33/50: 100%|████████████████████████████████████████| 20/20 [00:01<00:00, 14.57it/s]

📊 Validation Results (Per Task)
------------------------------------------------------------
sentiment  | F1=0.943 | Acc=0.955 | P=0.948 | R=0.940
urgency    | F1=0.715 | Acc=0.871 | P=0.706 | R=0.732
topic      | F1=0.881 | Acc=0.877 | P=0.901 | R=0.873
action     | F1=0.834 | Acc=0.890 | P=0.842 | R=0.830
------------------------------------------------------------
✅ Overall Avg | F1=0.843 | Acc=0.898 | P=0.849 | R=0.844

✅ Epoch 33 | Loss=0.1107 | F1(avg)=0.843 | Sent=0.943 | Urg=0.715 | Top=0.881 | Act=0.834
distilbase_lr2e-5_uf2 Epoch 34/50: 100%|████████████████████████████████████████| 20/20 [00:01<00:00, 14.63it/s]

📊 Validation Results (Per Task)
------------------------------------------------------------
sentiment  | F1=0.943 | Acc=0.955 | P=0.948 | R=0.940
urgency    | F1=0.700 | Acc=0.858 | P=0.692 | R=0.720
topic      | F1=0.881 | Acc=0.877 | P=0.901 | R=0.873
action     | F1=0.834 | Acc=0.890 | P=0.844 | R=0.830
------------------------------------------------------------
✅ Overall Avg | F1=0.840 | Acc=0.895 | P=0.846 | R=0.841

✅ Epoch 34 | Loss=0.1065 | F1(avg)=0.840 | Sent=0.943 | Urg=0.700 | Top=0.881 | Act=0.834
distilbase_lr2e-5_uf2 Epoch 35/50: 100%|████████████████████████████████████████| 20/20 [00:01<00:00, 14.63it/s]

📊 Validation Results (Per Task)
------------------------------------------------------------
sentiment  | F1=0.943 | Acc=0.955 | P=0.948 | R=0.940
urgency    | F1=0.700 | Acc=0.858 | P=0.692 | R=0.720
topic      | F1=0.875 | Acc=0.871 | P=0.895 | R=0.867
action     | F1=0.834 | Acc=0.890 | P=0.842 | R=0.830
------------------------------------------------------------
✅ Overall Avg | F1=0.838 | Acc=0.894 | P=0.844 | R=0.839

✅ Epoch 35 | Loss=0.1039 | F1(avg)=0.838 | Sent=0.943 | Urg=0.700 | Top=0.875 | Act=0.834
distilbase_lr2e-5_uf2 Epoch 36/50: 100%|████████████████████████████████████████| 20/20 [00:01<00:00, 14.67it/s]

📊 Validation Results (Per Task)
------------------------------------------------------------
sentiment  | F1=0.943 | Acc=0.955 | P=0.948 | R=0.940
urgency    | F1=0.700 | Acc=0.858 | P=0.692 | R=0.720
topic      | F1=0.881 | Acc=0.877 | P=0.901 | R=0.873
action     | F1=0.841 | Acc=0.897 | P=0.849 | R=0.836
------------------------------------------------------------
✅ Overall Avg | F1=0.841 | Acc=0.897 | P=0.848 | R=0.842

✅ Epoch 36 | Loss=0.1016 | F1(avg)=0.841 | Sent=0.943 | Urg=0.700 | Top=0.881 | Act=0.841
distilbase_lr2e-5_uf2 Epoch 37/50: 100%|████████████████████████████████████████| 20/20 [00:01<00:00, 14.70it/s]

📊 Validation Results (Per Task)
------------------------------------------------------------
sentiment  | F1=0.943 | Acc=0.955 | P=0.948 | R=0.940
urgency    | F1=0.700 | Acc=0.858 | P=0.692 | R=0.720
topic      | F1=0.875 | Acc=0.871 | P=0.895 | R=0.867
action     | F1=0.841 | Acc=0.897 | P=0.849 | R=0.836
------------------------------------------------------------
✅ Overall Avg | F1=0.840 | Acc=0.895 | P=0.846 | R=0.841

✅ Epoch 37 | Loss=0.0990 | F1(avg)=0.840 | Sent=0.943 | Urg=0.700 | Top=0.875 | Act=0.841
distilbase_lr2e-5_uf2 Epoch 38/50: 100%|████████████████████████████████████████| 20/20 [00:01<00:00, 14.72it/s]

📊 Validation Results (Per Task)
------------------------------------------------------------
sentiment  | F1=0.943 | Acc=0.955 | P=0.948 | R=0.940
urgency    | F1=0.700 | Acc=0.858 | P=0.692 | R=0.720
topic      | F1=0.881 | Acc=0.877 | P=0.901 | R=0.873
action     | F1=0.834 | Acc=0.890 | P=0.842 | R=0.830
------------------------------------------------------------
✅ Overall Avg | F1=0.839 | Acc=0.895 | P=0.846 | R=0.841

✅ Epoch 38 | Loss=0.0990 | F1(avg)=0.839 | Sent=0.943 | Urg=0.700 | Top=0.881 | Act=0.834
distilbase_lr2e-5_uf2 Epoch 39/50: 100%|████████████████████████████████████████| 20/20 [00:01<00:00, 14.67it/s]

📊 Validation Results (Per Task)
------------------------------------------------------------
sentiment  | F1=0.943 | Acc=0.955 | P=0.948 | R=0.940
urgency    | F1=0.702 | Acc=0.858 | P=0.694 | R=0.720
topic      | F1=0.881 | Acc=0.877 | P=0.901 | R=0.873
action     | F1=0.841 | Acc=0.897 | P=0.849 | R=0.836
------------------------------------------------------------
✅ Overall Avg | F1=0.842 | Acc=0.897 | P=0.848 | R=0.842

✅ Epoch 39 | Loss=0.0967 | F1(avg)=0.842 | Sent=0.943 | Urg=0.702 | Top=0.881 | Act=0.841
distilbase_lr2e-5_uf2 Epoch 40/50: 100%|████████████████████████████████████████| 20/20 [00:01<00:00, 14.60it/s]

📊 Validation Results (Per Task)
------------------------------------------------------------
sentiment  | F1=0.943 | Acc=0.955 | P=0.948 | R=0.940
urgency    | F1=0.700 | Acc=0.858 | P=0.692 | R=0.720
topic      | F1=0.881 | Acc=0.877 | P=0.901 | R=0.873
action     | F1=0.842 | Acc=0.897 | P=0.851 | R=0.836
------------------------------------------------------------
✅ Overall Avg | F1=0.841 | Acc=0.897 | P=0.848 | R=0.842

✅ Epoch 40 | Loss=0.0951 | F1(avg)=0.841 | Sent=0.943 | Urg=0.700 | Top=0.881 | Act=0.842
distilbase_lr2e-5_uf2 Epoch 41/50: 100%|████████████████████████████████████████| 20/20 [00:01<00:00, 14.69it/s]

📊 Validation Results (Per Task)
------------------------------------------------------------
sentiment  | F1=0.943 | Acc=0.955 | P=0.948 | R=0.940
urgency    | F1=0.702 | Acc=0.858 | P=0.694 | R=0.720
topic      | F1=0.875 | Acc=0.871 | P=0.895 | R=0.867
action     | F1=0.842 | Acc=0.897 | P=0.851 | R=0.836
------------------------------------------------------------
✅ Overall Avg | F1=0.841 | Acc=0.895 | P=0.847 | R=0.841

✅ Epoch 41 | Loss=0.0918 | F1(avg)=0.841 | Sent=0.943 | Urg=0.702 | Top=0.875 | Act=0.842
distilbase_lr2e-5_uf2 Epoch 42/50: 100%|████████████████████████████████████████| 20/20 [00:01<00:00, 14.70it/s]

📊 Validation Results (Per Task)
------------------------------------------------------------
sentiment  | F1=0.943 | Acc=0.955 | P=0.948 | R=0.940
urgency    | F1=0.700 | Acc=0.858 | P=0.692 | R=0.720
topic      | F1=0.881 | Acc=0.877 | P=0.901 | R=0.873
action     | F1=0.842 | Acc=0.897 | P=0.851 | R=0.836
------------------------------------------------------------
✅ Overall Avg | F1=0.841 | Acc=0.897 | P=0.848 | R=0.842

✅ Epoch 42 | Loss=0.0923 | F1(avg)=0.841 | Sent=0.943 | Urg=0.700 | Top=0.881 | Act=0.842
distilbase_lr2e-5_uf2 Epoch 43/50: 100%|████████████████████████████████████████| 20/20 [00:01<00:00, 14.70it/s]

📊 Validation Results (Per Task)
------------------------------------------------------------
sentiment  | F1=0.934 | Acc=0.948 | P=0.941 | R=0.930
urgency    | F1=0.700 | Acc=0.858 | P=0.692 | R=0.720
topic      | F1=0.881 | Acc=0.877 | P=0.901 | R=0.873
action     | F1=0.842 | Acc=0.897 | P=0.851 | R=0.836
------------------------------------------------------------
✅ Overall Avg | F1=0.839 | Acc=0.895 | P=0.846 | R=0.840

✅ Epoch 43 | Loss=0.0916 | F1(avg)=0.839 | Sent=0.934 | Urg=0.700 | Top=0.881 | Act=0.842
distilbase_lr2e-5_uf2 Epoch 44/50: 100%|████████████████████████████████████████| 20/20 [00:01<00:00, 14.70it/s]

📊 Validation Results (Per Task)
------------------------------------------------------------
sentiment  | F1=0.934 | Acc=0.948 | P=0.941 | R=0.930
urgency    | F1=0.702 | Acc=0.858 | P=0.694 | R=0.720
topic      | F1=0.881 | Acc=0.877 | P=0.901 | R=0.873
action     | F1=0.835 | Acc=0.890 | P=0.843 | R=0.830
------------------------------------------------------------
✅ Overall Avg | F1=0.838 | Acc=0.894 | P=0.845 | R=0.838

✅ Epoch 44 | Loss=0.0914 | F1(avg)=0.838 | Sent=0.934 | Urg=0.702 | Top=0.881 | Act=0.835
distilbase_lr2e-5_uf2 Epoch 45/50: 100%|████████████████████████████████████████| 20/20 [00:01<00:00, 14.70it/s]

📊 Validation Results (Per Task)
------------------------------------------------------------
sentiment  | F1=0.943 | Acc=0.955 | P=0.948 | R=0.940
urgency    | F1=0.702 | Acc=0.858 | P=0.694 | R=0.720
topic      | F1=0.881 | Acc=0.877 | P=0.901 | R=0.873
action     | F1=0.835 | Acc=0.890 | P=0.843 | R=0.830
------------------------------------------------------------
✅ Overall Avg | F1=0.840 | Acc=0.895 | P=0.846 | R=0.841

✅ Epoch 45 | Loss=0.0907 | F1(avg)=0.840 | Sent=0.943 | Urg=0.702 | Top=0.881 | Act=0.835
distilbase_lr2e-5_uf2 Epoch 46/50: 100%|████████████████████████████████████████| 20/20 [00:01<00:00, 14.70it/s]

📊 Validation Results (Per Task)
------------------------------------------------------------
sentiment  | F1=0.943 | Acc=0.955 | P=0.948 | R=0.940
urgency    | F1=0.702 | Acc=0.858 | P=0.694 | R=0.720
topic      | F1=0.881 | Acc=0.877 | P=0.901 | R=0.873
action     | F1=0.835 | Acc=0.890 | P=0.843 | R=0.830
------------------------------------------------------------
✅ Overall Avg | F1=0.840 | Acc=0.895 | P=0.846 | R=0.841

✅ Epoch 46 | Loss=0.0882 | F1(avg)=0.840 | Sent=0.943 | Urg=0.702 | Top=0.881 | Act=0.835
distilbase_lr2e-5_uf2 Epoch 47/50: 100%|████████████████████████████████████████| 20/20 [00:01<00:00, 14.66it/s]

📊 Validation Results (Per Task)
------------------------------------------------------------
sentiment  | F1=0.943 | Acc=0.955 | P=0.948 | R=0.940
urgency    | F1=0.702 | Acc=0.858 | P=0.694 | R=0.720
topic      | F1=0.881 | Acc=0.877 | P=0.901 | R=0.873
action     | F1=0.835 | Acc=0.890 | P=0.843 | R=0.830
------------------------------------------------------------
✅ Overall Avg | F1=0.840 | Acc=0.895 | P=0.846 | R=0.841

✅ Epoch 47 | Loss=0.0859 | F1(avg)=0.840 | Sent=0.943 | Urg=0.702 | Top=0.881 | Act=0.835
distilbase_lr2e-5_uf2 Epoch 48/50: 100%|████████████████████████████████████████| 20/20 [00:01<00:00, 14.60it/s]

📊 Validation Results (Per Task)
------------------------------------------------------------
sentiment  | F1=0.943 | Acc=0.955 | P=0.948 | R=0.940
urgency    | F1=0.702 | Acc=0.858 | P=0.694 | R=0.720
topic      | F1=0.881 | Acc=0.877 | P=0.901 | R=0.873
action     | F1=0.835 | Acc=0.890 | P=0.843 | R=0.830
------------------------------------------------------------
✅ Overall Avg | F1=0.840 | Acc=0.895 | P=0.846 | R=0.841

✅ Epoch 48 | Loss=0.0872 | F1(avg)=0.840 | Sent=0.943 | Urg=0.702 | Top=0.881 | Act=0.835
distilbase_lr2e-5_uf2 Epoch 49/50: 100%|████████████████████████████████████████| 20/20 [00:01<00:00, 14.62it/s]

📊 Validation Results (Per Task)
------------------------------------------------------------
sentiment  | F1=0.943 | Acc=0.955 | P=0.948 | R=0.940
urgency    | F1=0.702 | Acc=0.858 | P=0.694 | R=0.720
topic      | F1=0.881 | Acc=0.877 | P=0.901 | R=0.873
action     | F1=0.835 | Acc=0.890 | P=0.843 | R=0.830
------------------------------------------------------------
✅ Overall Avg | F1=0.840 | Acc=0.895 | P=0.846 | R=0.841

✅ Epoch 49 | Loss=0.0872 | F1(avg)=0.840 | Sent=0.943 | Urg=0.702 | Top=0.881 | Act=0.835
distilbase_lr2e-5_uf2 Epoch 50/50: 100%|████████████████████████████████████████| 20/20 [00:01<00:00, 14.37it/s]

📊 Validation Results (Per Task)
------------------------------------------------------------
sentiment  | F1=0.943 | Acc=0.955 | P=0.948 | R=0.940
urgency    | F1=0.702 | Acc=0.858 | P=0.694 | R=0.720
topic      | F1=0.881 | Acc=0.877 | P=0.901 | R=0.873
action     | F1=0.835 | Acc=0.890 | P=0.843 | R=0.830
------------------------------------------------------------
✅ Overall Avg | F1=0.840 | Acc=0.895 | P=0.846 | R=0.841

✅ Epoch 50 | Loss=0.0874 | F1(avg)=0.840 | Sent=0.943 | Urg=0.702 | Top=0.881 | Act=0.835
