Use device:cuda
bert_base_rule_ON Epoch 1/50: 100%|█████████████████████████████████████████████| 20/20 [00:02<00:00,  8.06it/s]

📊 Validation Results (Per Task)
------------------------------------------------------------
sentiment  | F1=0.227 | Acc=0.471 | P=0.324 | R=0.340
urgency    | F1=0.256 | Acc=0.581 | P=0.526 | R=0.339
topic      | F1=0.148 | Acc=0.310 | P=0.347 | R=0.197
action     | F1=0.154 | Acc=0.542 | P=0.165 | R=0.190
------------------------------------------------------------
✅ Overall Avg | F1=0.196 | Acc=0.476 | P=0.340 | R=0.267

✅ Epoch 1 | Loss=1.4135 | F1(avg)=0.196 | Sent=0.227 | Urg=0.256 | Top=0.148 | Act=0.154
bert_base_rule_ON Epoch 2/50: 100%|█████████████████████████████████████████████| 20/20 [00:02<00:00,  8.08it/s]

📊 Validation Results (Per Task)
------------------------------------------------------------
sentiment  | F1=0.802 | Acc=0.845 | P=0.862 | R=0.796
urgency    | F1=0.585 | Acc=0.858 | P=0.564 | R=0.608
topic      | F1=0.446 | Acc=0.581 | P=0.431 | R=0.489
action     | F1=0.241 | Acc=0.632 | P=0.369 | R=0.275
------------------------------------------------------------
✅ Overall Avg | F1=0.519 | Acc=0.729 | P=0.556 | R=0.542

✅ Epoch 2 | Loss=1.1421 | F1(avg)=0.519 | Sent=0.802 | Urg=0.585 | Top=0.446 | Act=0.241
bert_base_rule_ON Epoch 3/50: 100%|█████████████████████████████████████████████| 20/20 [00:02<00:00,  8.06it/s]

📊 Validation Results (Per Task)
------------------------------------------------------------
sentiment  | F1=0.845 | Acc=0.884 | P=0.894 | R=0.843
urgency    | F1=0.600 | Acc=0.877 | P=0.579 | R=0.629
topic      | F1=0.659 | Acc=0.703 | P=0.804 | R=0.636
action     | F1=0.361 | Acc=0.755 | P=0.397 | R=0.394
------------------------------------------------------------
✅ Overall Avg | F1=0.616 | Acc=0.805 | P=0.668 | R=0.625

✅ Epoch 3 | Loss=0.8726 | F1(avg)=0.616 | Sent=0.845 | Urg=0.600 | Top=0.659 | Act=0.361
bert_base_rule_ON Epoch 4/50: 100%|█████████████████████████████████████████████| 20/20 [00:02<00:00,  8.04it/s]

📊 Validation Results (Per Task)
------------------------------------------------------------
sentiment  | F1=0.885 | Acc=0.910 | P=0.895 | R=0.882
urgency    | F1=0.668 | Acc=0.890 | P=0.921 | R=0.668
topic      | F1=0.734 | Acc=0.768 | P=0.820 | R=0.716
action     | F1=0.393 | Acc=0.781 | P=0.378 | R=0.430
------------------------------------------------------------
✅ Overall Avg | F1=0.670 | Acc=0.837 | P=0.754 | R=0.674

✅ Epoch 4 | Loss=0.6726 | F1(avg)=0.670 | Sent=0.885 | Urg=0.668 | Top=0.734 | Act=0.393
bert_base_rule_ON Epoch 5/50: 100%|█████████████████████████████████████████████| 20/20 [00:02<00:00,  8.02it/s]

📊 Validation Results (Per Task)
------------------------------------------------------------
sentiment  | F1=0.884 | Acc=0.910 | P=0.914 | R=0.877
urgency    | F1=0.672 | Acc=0.897 | P=0.926 | R=0.674
topic      | F1=0.787 | Acc=0.806 | P=0.839 | R=0.769
action     | F1=0.408 | Acc=0.800 | P=0.381 | R=0.450
------------------------------------------------------------
✅ Overall Avg | F1=0.688 | Acc=0.853 | P=0.765 | R=0.692

✅ Epoch 5 | Loss=0.5297 | F1(avg)=0.688 | Sent=0.884 | Urg=0.672 | Top=0.787 | Act=0.408
bert_base_rule_ON Epoch 6/50: 100%|█████████████████████████████████████████████| 20/20 [00:02<00:00,  8.01it/s]

📊 Validation Results (Per Task)
------------------------------------------------------------
sentiment  | F1=0.902 | Acc=0.923 | P=0.919 | R=0.896
urgency    | F1=0.662 | Acc=0.890 | P=0.706 | R=0.668
topic      | F1=0.804 | Acc=0.813 | P=0.839 | R=0.789
action     | F1=0.475 | Acc=0.813 | P=0.529 | R=0.494
------------------------------------------------------------
✅ Overall Avg | F1=0.711 | Acc=0.860 | P=0.748 | R=0.712

✅ Epoch 6 | Loss=0.4424 | F1(avg)=0.711 | Sent=0.902 | Urg=0.662 | Top=0.804 | Act=0.475
bert_base_rule_ON Epoch 7/50: 100%|█████████████████████████████████████████████| 20/20 [00:02<00:00,  8.01it/s]

📊 Validation Results (Per Task)
------------------------------------------------------------
sentiment  | F1=0.911 | Acc=0.929 | P=0.929 | R=0.905
urgency    | F1=0.689 | Acc=0.865 | P=0.684 | R=0.697
topic      | F1=0.821 | Acc=0.826 | P=0.846 | R=0.808
action     | F1=0.667 | Acc=0.826 | P=0.754 | R=0.701
------------------------------------------------------------
✅ Overall Avg | F1=0.772 | Acc=0.861 | P=0.803 | R=0.778

✅ Epoch 7 | Loss=0.3751 | F1(avg)=0.772 | Sent=0.911 | Urg=0.689 | Top=0.821 | Act=0.667
bert_base_rule_ON Epoch 8/50: 100%|█████████████████████████████████████████████| 20/20 [00:02<00:00,  8.03it/s]

📊 Validation Results (Per Task)
------------------------------------------------------------
sentiment  | F1=0.927 | Acc=0.942 | P=0.935 | R=0.923
urgency    | F1=0.709 | Acc=0.897 | P=0.766 | R=0.701
topic      | F1=0.840 | Acc=0.845 | P=0.876 | R=0.823
action     | F1=0.526 | Acc=0.832 | P=0.588 | R=0.525
------------------------------------------------------------
✅ Overall Avg | F1=0.750 | Acc=0.879 | P=0.791 | R=0.743

✅ Epoch 8 | Loss=0.3303 | F1(avg)=0.750 | Sent=0.927 | Urg=0.709 | Top=0.840 | Act=0.526
bert_base_rule_ON Epoch 9/50: 100%|█████████████████████████████████████████████| 20/20 [00:02<00:00,  8.05it/s]

📊 Validation Results (Per Task)
------------------------------------------------------------
sentiment  | F1=0.920 | Acc=0.935 | P=0.934 | R=0.914
urgency    | F1=0.716 | Acc=0.890 | P=0.714 | R=0.718
topic      | F1=0.840 | Acc=0.845 | P=0.869 | R=0.824
action     | F1=0.570 | Acc=0.839 | P=0.596 | R=0.566
------------------------------------------------------------
✅ Overall Avg | F1=0.761 | Acc=0.877 | P=0.778 | R=0.756

✅ Epoch 9 | Loss=0.2970 | F1(avg)=0.761 | Sent=0.920 | Urg=0.716 | Top=0.840 | Act=0.570
bert_base_rule_ON Epoch 10/50: 100%|████████████████████████████████████████████| 20/20 [00:02<00:00,  8.01it/s]

📊 Validation Results (Per Task)
------------------------------------------------------------
sentiment  | F1=0.928 | Acc=0.942 | P=0.947 | R=0.921
urgency    | F1=0.702 | Acc=0.897 | P=0.718 | R=0.701
topic      | F1=0.858 | Acc=0.858 | P=0.875 | R=0.849
action     | F1=0.577 | Acc=0.839 | P=0.599 | R=0.569
------------------------------------------------------------
✅ Overall Avg | F1=0.766 | Acc=0.884 | P=0.785 | R=0.760

✅ Epoch 10 | Loss=0.2645 | F1(avg)=0.766 | Sent=0.928 | Urg=0.702 | Top=0.858 | Act=0.577
bert_base_rule_ON Epoch 11/50: 100%|████████████████████████████████████████████| 20/20 [00:02<00:00,  8.00it/s]

📊 Validation Results (Per Task)
------------------------------------------------------------
sentiment  | F1=0.936 | Acc=0.948 | P=0.952 | R=0.931
urgency    | F1=0.690 | Acc=0.890 | P=0.693 | R=0.691
topic      | F1=0.868 | Acc=0.865 | P=0.887 | R=0.859
action     | F1=0.577 | Acc=0.839 | P=0.604 | R=0.569
------------------------------------------------------------
✅ Overall Avg | F1=0.768 | Acc=0.885 | P=0.784 | R=0.762

✅ Epoch 11 | Loss=0.2401 | F1(avg)=0.768 | Sent=0.936 | Urg=0.690 | Top=0.868 | Act=0.577
bert_base_rule_ON Epoch 12/50: 100%|████████████████████████████████████████████| 20/20 [00:02<00:00,  8.00it/s]

📊 Validation Results (Per Task)
------------------------------------------------------------
sentiment  | F1=0.944 | Acc=0.955 | P=0.953 | R=0.940
urgency    | F1=0.725 | Acc=0.897 | P=0.725 | R=0.726
topic      | F1=0.882 | Acc=0.877 | P=0.895 | R=0.877
action     | F1=0.596 | Acc=0.852 | P=0.614 | R=0.590
------------------------------------------------------------
✅ Overall Avg | F1=0.787 | Acc=0.895 | P=0.797 | R=0.783

✅ Epoch 12 | Loss=0.2175 | F1(avg)=0.787 | Sent=0.944 | Urg=0.725 | Top=0.882 | Act=0.596
bert_base_rule_ON Epoch 13/50: 100%|████████████████████████████████████████████| 20/20 [00:02<00:00,  7.99it/s]

📊 Validation Results (Per Task)
------------------------------------------------------------
sentiment  | F1=0.935 | Acc=0.948 | P=0.947 | R=0.931
urgency    | F1=0.698 | Acc=0.897 | P=0.706 | R=0.699
topic      | F1=0.877 | Acc=0.877 | P=0.896 | R=0.868
action     | F1=0.643 | Acc=0.884 | P=0.659 | R=0.639
------------------------------------------------------------
✅ Overall Avg | F1=0.788 | Acc=0.902 | P=0.802 | R=0.784

✅ Epoch 13 | Loss=0.2013 | F1(avg)=0.788 | Sent=0.935 | Urg=0.698 | Top=0.877 | Act=0.643
bert_base_rule_ON Epoch 14/50: 100%|████████████████████████████████████████████| 20/20 [00:02<00:00,  8.00it/s]

📊 Validation Results (Per Task)
------------------------------------------------------------
sentiment  | F1=0.944 | Acc=0.955 | P=0.953 | R=0.940
urgency    | F1=0.738 | Acc=0.910 | P=0.745 | R=0.736
topic      | F1=0.868 | Acc=0.865 | P=0.885 | R=0.860
action     | F1=0.646 | Acc=0.884 | P=0.665 | R=0.639
------------------------------------------------------------
✅ Overall Avg | F1=0.799 | Acc=0.903 | P=0.812 | R=0.794

✅ Epoch 14 | Loss=0.1849 | F1(avg)=0.799 | Sent=0.944 | Urg=0.738 | Top=0.868 | Act=0.646
bert_base_rule_ON Epoch 15/50: 100%|████████████████████████████████████████████| 20/20 [00:02<00:00,  8.04it/s]

📊 Validation Results (Per Task)
------------------------------------------------------------
sentiment  | F1=0.936 | Acc=0.948 | P=0.948 | R=0.931
urgency    | F1=0.783 | Acc=0.910 | P=0.776 | R=0.791
topic      | F1=0.879 | Acc=0.877 | P=0.890 | R=0.875
action     | F1=0.629 | Acc=0.877 | P=0.639 | R=0.632
------------------------------------------------------------
✅ Overall Avg | F1=0.807 | Acc=0.903 | P=0.813 | R=0.807

✅ Epoch 15 | Loss=0.1740 | F1(avg)=0.807 | Sent=0.936 | Urg=0.783 | Top=0.879 | Act=0.629
bert_base_rule_ON Epoch 16/50: 100%|████████████████████████████████████████████| 20/20 [00:02<00:00,  8.03it/s]

📊 Validation Results (Per Task)
------------------------------------------------------------
sentiment  | F1=0.945 | Acc=0.955 | P=0.954 | R=0.940
urgency    | F1=0.772 | Acc=0.903 | P=0.763 | R=0.785
topic      | F1=0.879 | Acc=0.877 | P=0.890 | R=0.875
action     | F1=0.673 | Acc=0.890 | P=0.670 | R=0.699
------------------------------------------------------------
✅ Overall Avg | F1=0.817 | Acc=0.906 | P=0.819 | R=0.824

✅ Epoch 16 | Loss=0.1621 | F1(avg)=0.817 | Sent=0.945 | Urg=0.772 | Top=0.879 | Act=0.673
bert_base_rule_ON Epoch 17/50: 100%|████████████████████████████████████████████| 20/20 [00:02<00:00,  8.00it/s]

📊 Validation Results (Per Task)
------------------------------------------------------------
sentiment  | F1=0.961 | Acc=0.968 | P=0.965 | R=0.958
urgency    | F1=0.743 | Acc=0.910 | P=0.759 | R=0.736
topic      | F1=0.881 | Acc=0.877 | P=0.894 | R=0.875
action     | F1=0.672 | Acc=0.890 | P=0.677 | R=0.673
------------------------------------------------------------
✅ Overall Avg | F1=0.814 | Acc=0.911 | P=0.824 | R=0.810

✅ Epoch 17 | Loss=0.1466 | F1(avg)=0.814 | Sent=0.961 | Urg=0.743 | Top=0.881 | Act=0.672
bert_base_rule_ON Epoch 18/50: 100%|████████████████████████████████████████████| 20/20 [00:02<00:00,  8.00it/s]

📊 Validation Results (Per Task)
------------------------------------------------------------
sentiment  | F1=0.961 | Acc=0.968 | P=0.965 | R=0.958
urgency    | F1=0.765 | Acc=0.910 | P=0.768 | R=0.763
topic      | F1=0.881 | Acc=0.877 | P=0.894 | R=0.875
action     | F1=0.678 | Acc=0.897 | P=0.686 | R=0.679
------------------------------------------------------------
✅ Overall Avg | F1=0.821 | Acc=0.913 | P=0.829 | R=0.819

✅ Epoch 18 | Loss=0.1348 | F1(avg)=0.821 | Sent=0.961 | Urg=0.765 | Top=0.881 | Act=0.678
bert_base_rule_ON Epoch 19/50: 100%|████████████████████████████████████████████| 20/20 [00:02<00:00,  8.00it/s]

📊 Validation Results (Per Task)
------------------------------------------------------------
sentiment  | F1=0.935 | Acc=0.948 | P=0.947 | R=0.931
urgency    | F1=0.783 | Acc=0.910 | P=0.776 | R=0.791
topic      | F1=0.888 | Acc=0.884 | P=0.902 | R=0.883
action     | F1=0.693 | Acc=0.897 | P=0.690 | R=0.706
------------------------------------------------------------
✅ Overall Avg | F1=0.825 | Acc=0.910 | P=0.829 | R=0.827

✅ Epoch 19 | Loss=0.1331 | F1(avg)=0.825 | Sent=0.935 | Urg=0.783 | Top=0.888 | Act=0.693
bert_base_rule_ON Epoch 20/50: 100%|████████████████████████████████████████████| 20/20 [00:02<00:00,  8.00it/s]

📊 Validation Results (Per Task)
------------------------------------------------------------
sentiment  | F1=0.944 | Acc=0.955 | P=0.953 | R=0.940
urgency    | F1=0.783 | Acc=0.910 | P=0.776 | R=0.791
topic      | F1=0.887 | Acc=0.884 | P=0.898 | R=0.883
action     | F1=0.701 | Acc=0.903 | P=0.699 | R=0.712
------------------------------------------------------------
✅ Overall Avg | F1=0.828 | Acc=0.913 | P=0.831 | R=0.831

✅ Epoch 20 | Loss=0.1258 | F1(avg)=0.828 | Sent=0.944 | Urg=0.783 | Top=0.887 | Act=0.701
bert_base_rule_ON Epoch 21/50: 100%|████████████████████████████████████████████| 20/20 [00:02<00:00,  8.01it/s]

📊 Validation Results (Per Task)
------------------------------------------------------------
sentiment  | F1=0.944 | Acc=0.955 | P=0.953 | R=0.940
urgency    | F1=0.755 | Acc=0.903 | P=0.753 | R=0.757
topic      | F1=0.888 | Acc=0.884 | P=0.902 | R=0.883
action     | F1=0.693 | Acc=0.897 | P=0.690 | R=0.706
------------------------------------------------------------
✅ Overall Avg | F1=0.820 | Acc=0.910 | P=0.824 | R=0.821

✅ Epoch 21 | Loss=0.1177 | F1(avg)=0.820 | Sent=0.944 | Urg=0.755 | Top=0.888 | Act=0.693
bert_base_rule_ON Epoch 22/50: 100%|████████████████████████████████████████████| 20/20 [00:02<00:00,  8.04it/s]

📊 Validation Results (Per Task)
------------------------------------------------------------
sentiment  | F1=0.952 | Acc=0.961 | P=0.959 | R=0.949
urgency    | F1=0.765 | Acc=0.910 | P=0.768 | R=0.763
topic      | F1=0.885 | Acc=0.884 | P=0.894 | R=0.881
action     | F1=0.687 | Acc=0.890 | P=0.681 | R=0.700
------------------------------------------------------------
✅ Overall Avg | F1=0.822 | Acc=0.911 | P=0.826 | R=0.824

✅ Epoch 22 | Loss=0.1103 | F1(avg)=0.822 | Sent=0.952 | Urg=0.765 | Top=0.885 | Act=0.687
bert_base_rule_ON Epoch 23/50: 100%|████████████████████████████████████████████| 20/20 [00:02<00:00,  8.03it/s]

📊 Validation Results (Per Task)
------------------------------------------------------------
sentiment  | F1=0.944 | Acc=0.955 | P=0.953 | R=0.940
urgency    | F1=0.772 | Acc=0.903 | P=0.763 | R=0.785
topic      | F1=0.879 | Acc=0.877 | P=0.890 | R=0.875
action     | F1=0.687 | Acc=0.890 | P=0.681 | R=0.700
------------------------------------------------------------
✅ Overall Avg | F1=0.821 | Acc=0.906 | P=0.822 | R=0.825

✅ Epoch 23 | Loss=0.1038 | F1(avg)=0.821 | Sent=0.944 | Urg=0.772 | Top=0.879 | Act=0.687
bert_base_rule_ON Epoch 24/50: 100%|████████████████████████████████████████████| 20/20 [00:02<00:00,  8.00it/s]

📊 Validation Results (Per Task)
------------------------------------------------------------
sentiment  | F1=0.968 | Acc=0.974 | P=0.970 | R=0.968
urgency    | F1=0.765 | Acc=0.910 | P=0.768 | R=0.763
topic      | F1=0.887 | Acc=0.884 | P=0.898 | R=0.883
action     | F1=0.687 | Acc=0.890 | P=0.681 | R=0.700
------------------------------------------------------------
✅ Overall Avg | F1=0.827 | Acc=0.915 | P=0.829 | R=0.828

✅ Epoch 24 | Loss=0.1009 | F1(avg)=0.827 | Sent=0.968 | Urg=0.765 | Top=0.887 | Act=0.687
bert_base_rule_ON Epoch 25/50: 100%|████████████████████████████████████████████| 20/20 [00:02<00:00,  8.01it/s]

📊 Validation Results (Per Task)
------------------------------------------------------------
sentiment  | F1=0.944 | Acc=0.955 | P=0.949 | R=0.942
urgency    | F1=0.783 | Acc=0.910 | P=0.776 | R=0.791
topic      | F1=0.888 | Acc=0.884 | P=0.902 | R=0.883
action     | F1=0.687 | Acc=0.890 | P=0.681 | R=0.700
------------------------------------------------------------
✅ Overall Avg | F1=0.826 | Acc=0.910 | P=0.827 | R=0.829

✅ Epoch 25 | Loss=0.0979 | F1(avg)=0.826 | Sent=0.944 | Urg=0.783 | Top=0.888 | Act=0.687
bert_base_rule_ON Epoch 26/50: 100%|████████████████████████████████████████████| 20/20 [00:02<00:00,  8.01it/s]

📊 Validation Results (Per Task)
------------------------------------------------------------
sentiment  | F1=0.952 | Acc=0.961 | P=0.954 | R=0.951
urgency    | F1=0.753 | Acc=0.890 | P=0.742 | R=0.773
topic      | F1=0.885 | Acc=0.884 | P=0.894 | R=0.881
action     | F1=0.666 | Acc=0.877 | P=0.660 | R=0.687
------------------------------------------------------------
✅ Overall Avg | F1=0.814 | Acc=0.903 | P=0.812 | R=0.823

✅ Epoch 26 | Loss=0.0922 | F1(avg)=0.814 | Sent=0.952 | Urg=0.753 | Top=0.885 | Act=0.666
bert_base_rule_ON Epoch 27/50: 100%|████████████████████████████████████████████| 20/20 [00:02<00:00,  8.01it/s]

📊 Validation Results (Per Task)
------------------------------------------------------------
sentiment  | F1=0.944 | Acc=0.955 | P=0.949 | R=0.942
urgency    | F1=0.765 | Acc=0.910 | P=0.768 | R=0.763
topic      | F1=0.885 | Acc=0.884 | P=0.894 | R=0.881
action     | F1=0.680 | Acc=0.890 | P=0.674 | R=0.699
------------------------------------------------------------
✅ Overall Avg | F1=0.819 | Acc=0.910 | P=0.821 | R=0.822

✅ Epoch 27 | Loss=0.0884 | F1(avg)=0.819 | Sent=0.944 | Urg=0.765 | Top=0.885 | Act=0.680
bert_base_rule_ON Epoch 28/50: 100%|████████████████████████████████████████████| 20/20 [00:02<00:00,  8.02it/s]

📊 Validation Results (Per Task)
------------------------------------------------------------
sentiment  | F1=0.944 | Acc=0.955 | P=0.949 | R=0.942
urgency    | F1=0.736 | Acc=0.890 | P=0.729 | R=0.746
topic      | F1=0.887 | Acc=0.884 | P=0.898 | R=0.883
action     | F1=0.673 | Acc=0.884 | P=0.665 | R=0.693
------------------------------------------------------------
✅ Overall Avg | F1=0.810 | Acc=0.903 | P=0.810 | R=0.816

✅ Epoch 28 | Loss=0.0825 | F1(avg)=0.810 | Sent=0.944 | Urg=0.736 | Top=0.887 | Act=0.673
bert_base_rule_ON Epoch 29/50: 100%|████████████████████████████████████████████| 20/20 [00:02<00:00,  8.06it/s]

📊 Validation Results (Per Task)
------------------------------------------------------------
sentiment  | F1=0.952 | Acc=0.961 | P=0.954 | R=0.951
urgency    | F1=0.763 | Acc=0.897 | P=0.751 | R=0.779
topic      | F1=0.894 | Acc=0.890 | P=0.906 | R=0.889
action     | F1=0.673 | Acc=0.884 | P=0.665 | R=0.693
------------------------------------------------------------
✅ Overall Avg | F1=0.820 | Acc=0.908 | P=0.819 | R=0.828

✅ Epoch 29 | Loss=0.0833 | F1(avg)=0.820 | Sent=0.952 | Urg=0.763 | Top=0.894 | Act=0.673
bert_base_rule_ON Epoch 30/50: 100%|████████████████████████████████████████████| 20/20 [00:02<00:00,  8.03it/s]

📊 Validation Results (Per Task)
------------------------------------------------------------
sentiment  | F1=0.952 | Acc=0.961 | P=0.959 | R=0.949
urgency    | F1=0.772 | Acc=0.903 | P=0.763 | R=0.785
topic      | F1=0.885 | Acc=0.884 | P=0.894 | R=0.881
action     | F1=0.671 | Acc=0.884 | P=0.659 | R=0.693
------------------------------------------------------------
✅ Overall Avg | F1=0.820 | Acc=0.908 | P=0.819 | R=0.827

✅ Epoch 30 | Loss=0.0772 | F1(avg)=0.820 | Sent=0.952 | Urg=0.772 | Top=0.885 | Act=0.671
bert_base_rule_ON Epoch 31/50: 100%|████████████████████████████████████████████| 20/20 [00:02<00:00,  8.02it/s]

📊 Validation Results (Per Task)
------------------------------------------------------------
sentiment  | F1=0.952 | Acc=0.961 | P=0.954 | R=0.951
urgency    | F1=0.745 | Acc=0.897 | P=0.740 | R=0.752
topic      | F1=0.893 | Acc=0.890 | P=0.902 | R=0.889
action     | F1=0.673 | Acc=0.884 | P=0.665 | R=0.693
------------------------------------------------------------
✅ Overall Avg | F1=0.816 | Acc=0.908 | P=0.815 | R=0.821

✅ Epoch 31 | Loss=0.0763 | F1(avg)=0.816 | Sent=0.952 | Urg=0.745 | Top=0.893 | Act=0.673
bert_base_rule_ON Epoch 32/50: 100%|████████████████████████████████████████████| 20/20 [00:02<00:00,  8.02it/s]

📊 Validation Results (Per Task)
------------------------------------------------------------
sentiment  | F1=0.944 | Acc=0.955 | P=0.949 | R=0.942
urgency    | F1=0.755 | Acc=0.890 | P=0.742 | R=0.775
topic      | F1=0.893 | Acc=0.890 | P=0.902 | R=0.889
action     | F1=0.664 | Acc=0.877 | P=0.654 | R=0.687
------------------------------------------------------------
✅ Overall Avg | F1=0.814 | Acc=0.903 | P=0.812 | R=0.823

✅ Epoch 32 | Loss=0.0758 | F1(avg)=0.814 | Sent=0.944 | Urg=0.755 | Top=0.893 | Act=0.664
bert_base_rule_ON Epoch 33/50: 100%|████████████████████████████████████████████| 20/20 [00:02<00:00,  8.01it/s]

📊 Validation Results (Per Task)
------------------------------------------------------------
sentiment  | F1=0.952 | Acc=0.961 | P=0.959 | R=0.949
urgency    | F1=0.736 | Acc=0.890 | P=0.729 | R=0.746
topic      | F1=0.893 | Acc=0.890 | P=0.902 | R=0.889
action     | F1=0.664 | Acc=0.877 | P=0.654 | R=0.687
------------------------------------------------------------
✅ Overall Avg | F1=0.811 | Acc=0.905 | P=0.811 | R=0.818

✅ Epoch 33 | Loss=0.0741 | F1(avg)=0.811 | Sent=0.952 | Urg=0.736 | Top=0.893 | Act=0.664
bert_base_rule_ON Epoch 34/50: 100%|████████████████████████████████████████████| 20/20 [00:02<00:00,  8.02it/s]

📊 Validation Results (Per Task)
------------------------------------------------------------
sentiment  | F1=0.944 | Acc=0.955 | P=0.949 | R=0.942
urgency    | F1=0.736 | Acc=0.890 | P=0.729 | R=0.746
topic      | F1=0.893 | Acc=0.890 | P=0.902 | R=0.889
action     | F1=0.672 | Acc=0.884 | P=0.660 | R=0.697
------------------------------------------------------------
✅ Overall Avg | F1=0.811 | Acc=0.905 | P=0.810 | R=0.819

✅ Epoch 34 | Loss=0.0699 | F1(avg)=0.811 | Sent=0.944 | Urg=0.736 | Top=0.893 | Act=0.672
bert_base_rule_ON Epoch 35/50: 100%|████████████████████████████████████████████| 20/20 [00:02<00:00,  8.02it/s]

📊 Validation Results (Per Task)
------------------------------------------------------------
sentiment  | F1=0.952 | Acc=0.961 | P=0.959 | R=0.949
urgency    | F1=0.763 | Acc=0.897 | P=0.751 | R=0.779
topic      | F1=0.893 | Acc=0.890 | P=0.902 | R=0.889
action     | F1=0.674 | Acc=0.884 | P=0.666 | R=0.697
------------------------------------------------------------
✅ Overall Avg | F1=0.820 | Acc=0.908 | P=0.819 | R=0.829

✅ Epoch 35 | Loss=0.0680 | F1(avg)=0.820 | Sent=0.952 | Urg=0.763 | Top=0.893 | Act=0.674
bert_base_rule_ON Epoch 36/50: 100%|████████████████████████████████████████████| 20/20 [00:02<00:00,  8.07it/s]

📊 Validation Results (Per Task)
------------------------------------------------------------
sentiment  | F1=0.952 | Acc=0.961 | P=0.959 | R=0.949
urgency    | F1=0.736 | Acc=0.890 | P=0.729 | R=0.746
topic      | F1=0.893 | Acc=0.890 | P=0.902 | R=0.889
action     | F1=0.674 | Acc=0.884 | P=0.666 | R=0.697
------------------------------------------------------------
✅ Overall Avg | F1=0.814 | Acc=0.906 | P=0.814 | R=0.820

✅ Epoch 36 | Loss=0.0667 | F1(avg)=0.814 | Sent=0.952 | Urg=0.736 | Top=0.893 | Act=0.674
bert_base_rule_ON Epoch 37/50: 100%|████████████████████████████████████████████| 20/20 [00:02<00:00,  8.04it/s]

📊 Validation Results (Per Task)
------------------------------------------------------------
sentiment  | F1=0.952 | Acc=0.961 | P=0.959 | R=0.949
urgency    | F1=0.763 | Acc=0.897 | P=0.751 | R=0.779
topic      | F1=0.893 | Acc=0.890 | P=0.902 | R=0.889
action     | F1=0.666 | Acc=0.877 | P=0.660 | R=0.687
------------------------------------------------------------
✅ Overall Avg | F1=0.818 | Acc=0.906 | P=0.818 | R=0.826

✅ Epoch 37 | Loss=0.0650 | F1(avg)=0.818 | Sent=0.952 | Urg=0.763 | Top=0.893 | Act=0.666
bert_base_rule_ON Epoch 38/50: 100%|████████████████████████████████████████████| 20/20 [00:02<00:00,  8.01it/s]

📊 Validation Results (Per Task)
------------------------------------------------------------
sentiment  | F1=0.944 | Acc=0.955 | P=0.949 | R=0.942
urgency    | F1=0.763 | Acc=0.897 | P=0.751 | R=0.779
topic      | F1=0.893 | Acc=0.890 | P=0.902 | R=0.889
action     | F1=0.674 | Acc=0.884 | P=0.666 | R=0.697
------------------------------------------------------------
✅ Overall Avg | F1=0.818 | Acc=0.906 | P=0.817 | R=0.827

✅ Epoch 38 | Loss=0.0619 | F1(avg)=0.818 | Sent=0.944 | Urg=0.763 | Top=0.893 | Act=0.674
bert_base_rule_ON Epoch 39/50: 100%|████████████████████████████████████████████| 20/20 [00:02<00:00,  8.01it/s]

📊 Validation Results (Per Task)
------------------------------------------------------------
sentiment  | F1=0.952 | Acc=0.961 | P=0.959 | R=0.949
urgency    | F1=0.736 | Acc=0.890 | P=0.729 | R=0.746
topic      | F1=0.893 | Acc=0.890 | P=0.902 | R=0.889
action     | F1=0.674 | Acc=0.884 | P=0.666 | R=0.697
------------------------------------------------------------
✅ Overall Avg | F1=0.814 | Acc=0.906 | P=0.814 | R=0.820

✅ Epoch 39 | Loss=0.0597 | F1(avg)=0.814 | Sent=0.952 | Urg=0.736 | Top=0.893 | Act=0.674
bert_base_rule_ON Epoch 40/50: 100%|████████████████████████████████████████████| 20/20 [00:02<00:00,  8.02it/s]

📊 Validation Results (Per Task)
------------------------------------------------------------
sentiment  | F1=0.952 | Acc=0.961 | P=0.959 | R=0.949
urgency    | F1=0.763 | Acc=0.897 | P=0.751 | R=0.779
topic      | F1=0.893 | Acc=0.890 | P=0.902 | R=0.889
action     | F1=0.674 | Acc=0.884 | P=0.666 | R=0.697
------------------------------------------------------------
✅ Overall Avg | F1=0.820 | Acc=0.908 | P=0.819 | R=0.829

✅ Epoch 40 | Loss=0.0581 | F1(avg)=0.820 | Sent=0.952 | Urg=0.763 | Top=0.893 | Act=0.674
bert_base_rule_ON Epoch 41/50: 100%|████████████████████████████████████████████| 20/20 [00:02<00:00,  8.03it/s]

📊 Validation Results (Per Task)
------------------------------------------------------------
sentiment  | F1=0.952 | Acc=0.961 | P=0.959 | R=0.949
urgency    | F1=0.736 | Acc=0.890 | P=0.729 | R=0.746
topic      | F1=0.893 | Acc=0.890 | P=0.902 | R=0.889
action     | F1=0.710 | Acc=0.903 | P=0.706 | R=0.717
------------------------------------------------------------
✅ Overall Avg | F1=0.823 | Acc=0.911 | P=0.824 | R=0.825

✅ Epoch 41 | Loss=0.0583 | F1(avg)=0.823 | Sent=0.952 | Urg=0.736 | Top=0.893 | Act=0.710
bert_base_rule_ON Epoch 42/50: 100%|████████████████████████████████████████████| 20/20 [00:02<00:00,  8.03it/s]

📊 Validation Results (Per Task)
------------------------------------------------------------
sentiment  | F1=0.952 | Acc=0.961 | P=0.959 | R=0.949
urgency    | F1=0.763 | Acc=0.897 | P=0.751 | R=0.779
topic      | F1=0.893 | Acc=0.890 | P=0.902 | R=0.889
action     | F1=0.674 | Acc=0.884 | P=0.666 | R=0.697
------------------------------------------------------------
✅ Overall Avg | F1=0.820 | Acc=0.908 | P=0.819 | R=0.829

✅ Epoch 42 | Loss=0.0595 | F1(avg)=0.820 | Sent=0.952 | Urg=0.763 | Top=0.893 | Act=0.674
bert_base_rule_ON Epoch 43/50: 100%|████████████████████████████████████████████| 20/20 [00:02<00:00,  8.07it/s]

📊 Validation Results (Per Task)
------------------------------------------------------------
sentiment  | F1=0.952 | Acc=0.961 | P=0.959 | R=0.949
urgency    | F1=0.763 | Acc=0.897 | P=0.751 | R=0.779
topic      | F1=0.893 | Acc=0.890 | P=0.902 | R=0.889
action     | F1=0.672 | Acc=0.884 | P=0.660 | R=0.697
------------------------------------------------------------
✅ Overall Avg | F1=0.820 | Acc=0.908 | P=0.818 | R=0.829

✅ Epoch 43 | Loss=0.0578 | F1(avg)=0.820 | Sent=0.952 | Urg=0.763 | Top=0.893 | Act=0.672
bert_base_rule_ON Epoch 44/50: 100%|████████████████████████████████████████████| 20/20 [00:02<00:00,  8.01it/s]

📊 Validation Results (Per Task)
------------------------------------------------------------
sentiment  | F1=0.952 | Acc=0.961 | P=0.959 | R=0.949
urgency    | F1=0.736 | Acc=0.890 | P=0.729 | R=0.746
topic      | F1=0.893 | Acc=0.890 | P=0.902 | R=0.889
action     | F1=0.674 | Acc=0.884 | P=0.666 | R=0.697
------------------------------------------------------------
✅ Overall Avg | F1=0.814 | Acc=0.906 | P=0.814 | R=0.820

✅ Epoch 44 | Loss=0.0565 | F1(avg)=0.814 | Sent=0.952 | Urg=0.736 | Top=0.893 | Act=0.674
bert_base_rule_ON Epoch 45/50: 100%|████████████████████████████████████████████| 20/20 [00:02<00:00,  7.99it/s]

📊 Validation Results (Per Task)
------------------------------------------------------------
sentiment  | F1=0.952 | Acc=0.961 | P=0.959 | R=0.949
urgency    | F1=0.736 | Acc=0.890 | P=0.729 | R=0.746
topic      | F1=0.893 | Acc=0.890 | P=0.902 | R=0.889
action     | F1=0.674 | Acc=0.884 | P=0.666 | R=0.697
------------------------------------------------------------
✅ Overall Avg | F1=0.814 | Acc=0.906 | P=0.814 | R=0.820

✅ Epoch 45 | Loss=0.0570 | F1(avg)=0.814 | Sent=0.952 | Urg=0.736 | Top=0.893 | Act=0.674
bert_base_rule_ON Epoch 46/50: 100%|████████████████████████████████████████████| 20/20 [00:02<00:00,  8.00it/s]

📊 Validation Results (Per Task)
------------------------------------------------------------
sentiment  | F1=0.952 | Acc=0.961 | P=0.959 | R=0.949
urgency    | F1=0.763 | Acc=0.897 | P=0.751 | R=0.779
topic      | F1=0.893 | Acc=0.890 | P=0.902 | R=0.889
action     | F1=0.674 | Acc=0.884 | P=0.666 | R=0.697
------------------------------------------------------------
✅ Overall Avg | F1=0.820 | Acc=0.908 | P=0.819 | R=0.829

✅ Epoch 46 | Loss=0.0550 | F1(avg)=0.820 | Sent=0.952 | Urg=0.763 | Top=0.893 | Act=0.674
bert_base_rule_ON Epoch 47/50: 100%|████████████████████████████████████████████| 20/20 [00:02<00:00,  8.01it/s]

📊 Validation Results (Per Task)
------------------------------------------------------------
sentiment  | F1=0.952 | Acc=0.961 | P=0.959 | R=0.949
urgency    | F1=0.763 | Acc=0.897 | P=0.751 | R=0.779
topic      | F1=0.893 | Acc=0.890 | P=0.902 | R=0.889
action     | F1=0.674 | Acc=0.884 | P=0.666 | R=0.697
------------------------------------------------------------
✅ Overall Avg | F1=0.820 | Acc=0.908 | P=0.819 | R=0.829

✅ Epoch 47 | Loss=0.0555 | F1(avg)=0.820 | Sent=0.952 | Urg=0.763 | Top=0.893 | Act=0.674
bert_base_rule_ON Epoch 48/50: 100%|████████████████████████████████████████████| 20/20 [00:02<00:00,  8.00it/s]

📊 Validation Results (Per Task)
------------------------------------------------------------
sentiment  | F1=0.952 | Acc=0.961 | P=0.959 | R=0.949
urgency    | F1=0.763 | Acc=0.897 | P=0.751 | R=0.779
topic      | F1=0.893 | Acc=0.890 | P=0.902 | R=0.889
action     | F1=0.674 | Acc=0.884 | P=0.666 | R=0.697
------------------------------------------------------------
✅ Overall Avg | F1=0.820 | Acc=0.908 | P=0.819 | R=0.829

✅ Epoch 48 | Loss=0.0543 | F1(avg)=0.820 | Sent=0.952 | Urg=0.763 | Top=0.893 | Act=0.674
bert_base_rule_ON Epoch 49/50: 100%|████████████████████████████████████████████| 20/20 [00:02<00:00,  8.02it/s]

📊 Validation Results (Per Task)
------------------------------------------------------------
sentiment  | F1=0.952 | Acc=0.961 | P=0.959 | R=0.949
urgency    | F1=0.736 | Acc=0.890 | P=0.729 | R=0.746
topic      | F1=0.893 | Acc=0.890 | P=0.902 | R=0.889
action     | F1=0.674 | Acc=0.884 | P=0.666 | R=0.697
------------------------------------------------------------
✅ Overall Avg | F1=0.814 | Acc=0.906 | P=0.814 | R=0.820

✅ Epoch 49 | Loss=0.0556 | F1(avg)=0.814 | Sent=0.952 | Urg=0.736 | Top=0.893 | Act=0.674
bert_base_rule_ON Epoch 50/50: 100%|████████████████████████████████████████████| 20/20 [00:02<00:00,  7.91it/s]

📊 Validation Results (Per Task)
------------------------------------------------------------
sentiment  | F1=0.952 | Acc=0.961 | P=0.959 | R=0.949
urgency    | F1=0.736 | Acc=0.890 | P=0.729 | R=0.746
topic      | F1=0.893 | Acc=0.890 | P=0.902 | R=0.889
action     | F1=0.674 | Acc=0.884 | P=0.666 | R=0.697
------------------------------------------------------------
✅ Overall Avg | F1=0.814 | Acc=0.906 | P=0.814 | R=0.820

✅ Epoch 50 | Loss=0.0518 | F1(avg)=0.814 | Sent=0.952 | Urg=0.736 | Top=0.893 | Act=0.674
