bert_base_rule_OFF Epoch 1/50: 100%|█| 39/39 [00:02<00:

📊 Validation Results (Per Task)
------------------------------------------------------------
sentiment  | F1=0.650 | Acc=0.735 | P=0.806 | R=0.656
urgency    | F1=0.545 | Acc=0.806 | P=0.539 | R=0.556
topic      | F1=0.313 | Acc=0.490 | P=0.269 | R=0.381
action     | F1=0.180 | Acc=0.561 | P=0.209 | R=0.208
------------------------------------------------------------
✅ Overall Avg | F1=0.422 | Acc=0.648 | P=0.456 | R=0.450

✅ Epoch 1 | Loss=1.3423 | F1(avg)=0.422 | Sent=0.650 | Urg=0.545 | Top=0.313 | Act=0.180
bert_base_rule_OFF Epoch 2/50: 100%|█| 39/39 [00:02<00:

📊 Validation Results (Per Task)
------------------------------------------------------------
sentiment  | F1=0.832 | Acc=0.877 | P=0.902 | R=0.829
urgency    | F1=0.604 | Acc=0.884 | P=0.583 | R=0.632
topic      | F1=0.593 | Acc=0.677 | P=0.620 | R=0.598
action     | F1=0.369 | Acc=0.761 | P=0.386 | R=0.401
------------------------------------------------------------
✅ Overall Avg | F1=0.599 | Acc=0.800 | P=0.623 | R=0.615

✅ Epoch 2 | Loss=0.9170 | F1(avg)=0.599 | Sent=0.832 | Urg=0.604 | Top=0.593 | Act=0.369
bert_base_rule_OFF Epoch 3/50: 100%|█| 39/39 [00:02<00:

📊 Validation Results (Per Task)
------------------------------------------------------------
sentiment  | F1=0.882 | Acc=0.910 | P=0.923 | R=0.875
urgency    | F1=0.667 | Acc=0.890 | P=0.920 | R=0.666
topic      | F1=0.770 | Acc=0.806 | P=0.843 | R=0.758
action     | F1=0.429 | Acc=0.794 | P=0.538 | R=0.447
------------------------------------------------------------
✅ Overall Avg | F1=0.687 | Acc=0.850 | P=0.806 | R=0.686

✅ Epoch 3 | Loss=0.6271 | F1(avg)=0.687 | Sent=0.882 | Urg=0.667 | Top=0.770 | Act=0.429
bert_base_rule_OFF Epoch 4/50: 100%|█| 39/39 [00:02<00:

📊 Validation Results (Per Task)
------------------------------------------------------------
sentiment  | F1=0.892 | Acc=0.916 | P=0.928 | R=0.884
urgency    | F1=0.663 | Acc=0.890 | P=0.756 | R=0.663
topic      | F1=0.787 | Acc=0.813 | P=0.855 | R=0.770
action     | F1=0.486 | Acc=0.819 | P=0.512 | R=0.489
------------------------------------------------------------
✅ Overall Avg | F1=0.707 | Acc=0.860 | P=0.763 | R=0.702

✅ Epoch 4 | Loss=0.4672 | F1(avg)=0.707 | Sent=0.892 | Urg=0.663 | Top=0.787 | Act=0.486
bert_base_rule_OFF Epoch 5/50: 100%|█| 39/39 [00:02<00:

📊 Validation Results (Per Task)
------------------------------------------------------------
sentiment  | F1=0.900 | Acc=0.923 | P=0.932 | R=0.894
urgency    | F1=0.610 | Acc=0.890 | P=0.590 | R=0.636
topic      | F1=0.846 | Acc=0.852 | P=0.874 | R=0.836
action     | F1=0.518 | Acc=0.845 | P=0.529 | R=0.518
------------------------------------------------------------
✅ Overall Avg | F1=0.719 | Acc=0.877 | P=0.731 | R=0.721

✅ Epoch 5 | Loss=0.3707 | F1(avg)=0.719 | Sent=0.900 | Urg=0.610 | Top=0.846 | Act=0.518
bert_base_rule_OFF Epoch 6/50: 100%|█| 39/39 [00:02<00:

📊 Validation Results (Per Task)
------------------------------------------------------------
sentiment  | F1=0.934 | Acc=0.948 | P=0.946 | R=0.928
urgency    | F1=0.708 | Acc=0.897 | P=0.765 | R=0.699
topic      | F1=0.847 | Acc=0.852 | P=0.873 | R=0.831
action     | F1=0.560 | Acc=0.839 | P=0.599 | R=0.551
------------------------------------------------------------
✅ Overall Avg | F1=0.762 | Acc=0.884 | P=0.796 | R=0.752

✅ Epoch 6 | Loss=0.3131 | F1(avg)=0.762 | Sent=0.934 | Urg=0.708 | Top=0.847 | Act=0.560
bert_base_rule_OFF Epoch 7/50: 100%|█| 39/39 [00:02<00:

📊 Validation Results (Per Task)
------------------------------------------------------------
sentiment  | F1=0.902 | Acc=0.923 | P=0.933 | R=0.894
urgency    | F1=0.693 | Acc=0.890 | P=0.701 | R=0.693
topic      | F1=0.849 | Acc=0.852 | P=0.870 | R=0.838
action     | F1=0.599 | Acc=0.845 | P=0.635 | R=0.584
------------------------------------------------------------
✅ Overall Avg | F1=0.761 | Acc=0.877 | P=0.785 | R=0.752

✅ Epoch 7 | Loss=0.2634 | F1(avg)=0.761 | Sent=0.902 | Urg=0.693 | Top=0.849 | Act=0.599
bert_base_rule_OFF Epoch 8/50: 100%|█| 39/39 [00:02<00:

📊 Validation Results (Per Task)
------------------------------------------------------------
sentiment  | F1=0.936 | Acc=0.948 | P=0.952 | R=0.931
urgency    | F1=0.746 | Acc=0.884 | P=0.734 | R=0.769
topic      | F1=0.860 | Acc=0.865 | P=0.889 | R=0.845
action     | F1=0.601 | Acc=0.845 | P=0.641 | R=0.584
------------------------------------------------------------
✅ Overall Avg | F1=0.786 | Acc=0.885 | P=0.804 | R=0.782

✅ Epoch 8 | Loss=0.2317 | F1(avg)=0.786 | Sent=0.936 | Urg=0.746 | Top=0.860 | Act=0.601
bert_base_rule_OFF Epoch 9/50: 100%|█| 39/39 [00:02<00:

📊 Validation Results (Per Task)
------------------------------------------------------------
sentiment  | F1=0.936 | Acc=0.948 | P=0.952 | R=0.931
urgency    | F1=0.750 | Acc=0.897 | P=0.748 | R=0.754
topic      | F1=0.876 | Acc=0.877 | P=0.891 | R=0.868
action     | F1=0.628 | Acc=0.858 | P=0.644 | R=0.624
------------------------------------------------------------
✅ Overall Avg | F1=0.797 | Acc=0.895 | P=0.809 | R=0.794

✅ Epoch 9 | Loss=0.2036 | F1(avg)=0.797 | Sent=0.936 | Urg=0.750 | Top=0.876 | Act=0.628
bert_base_rule_OFF Epoch 10/50: 100%|█| 39/39 [00:02<00

📊 Validation Results (Per Task)
------------------------------------------------------------
sentiment  | F1=0.935 | Acc=0.948 | P=0.947 | R=0.931
urgency    | F1=0.733 | Acc=0.903 | P=0.740 | R=0.732
topic      | F1=0.863 | Acc=0.865 | P=0.877 | R=0.854
action     | F1=0.638 | Acc=0.865 | P=0.651 | R=0.635
------------------------------------------------------------
✅ Overall Avg | F1=0.792 | Acc=0.895 | P=0.804 | R=0.788

✅ Epoch 10 | Loss=0.1844 | F1(avg)=0.792 | Sent=0.935 | Urg=0.733 | Top=0.863 | Act=0.638
bert_base_rule_OFF Epoch 11/50: 100%|█| 39/39 [00:02<00

📊 Validation Results (Per Task)
------------------------------------------------------------
sentiment  | F1=0.943 | Acc=0.955 | P=0.952 | R=0.940
urgency    | F1=0.751 | Acc=0.877 | P=0.738 | R=0.791
topic      | F1=0.880 | Acc=0.877 | P=0.890 | R=0.874
action     | F1=0.638 | Acc=0.865 | P=0.651 | R=0.635
------------------------------------------------------------
✅ Overall Avg | F1=0.803 | Acc=0.894 | P=0.807 | R=0.810

✅ Epoch 11 | Loss=0.1647 | F1(avg)=0.803 | Sent=0.943 | Urg=0.751 | Top=0.880 | Act=0.638
bert_base_rule_OFF Epoch 12/50: 100%|█| 39/39 [00:02<00

📊 Validation Results (Per Task)
------------------------------------------------------------
sentiment  | F1=0.944 | Acc=0.955 | P=0.953 | R=0.940
urgency    | F1=0.733 | Acc=0.903 | P=0.740 | R=0.732
topic      | F1=0.875 | Acc=0.877 | P=0.893 | R=0.865
action     | F1=0.672 | Acc=0.884 | P=0.689 | R=0.662
------------------------------------------------------------
✅ Overall Avg | F1=0.806 | Acc=0.905 | P=0.819 | R=0.800

✅ Epoch 12 | Loss=0.1477 | F1(avg)=0.806 | Sent=0.944 | Urg=0.733 | Top=0.875 | Act=0.672
bert_base_rule_OFF Epoch 13/50: 100%|█| 39/39 [00:02<00

📊 Validation Results (Per Task)
------------------------------------------------------------
sentiment  | F1=0.935 | Acc=0.948 | P=0.947 | R=0.931
urgency    | F1=0.769 | Acc=0.903 | P=0.756 | R=0.787
topic      | F1=0.894 | Acc=0.890 | P=0.907 | R=0.888
action     | F1=0.658 | Acc=0.871 | P=0.671 | R=0.650
------------------------------------------------------------
✅ Overall Avg | F1=0.814 | Acc=0.903 | P=0.820 | R=0.814

✅ Epoch 13 | Loss=0.1365 | F1(avg)=0.814 | Sent=0.935 | Urg=0.769 | Top=0.894 | Act=0.658
bert_base_rule_OFF Epoch 14/50: 100%|█| 39/39 [00:02<00

📊 Validation Results (Per Task)
------------------------------------------------------------
sentiment  | F1=0.944 | Acc=0.955 | P=0.953 | R=0.940
urgency    | F1=0.793 | Acc=0.916 | P=0.791 | R=0.797
topic      | F1=0.882 | Acc=0.877 | P=0.892 | R=0.876
action     | F1=0.677 | Acc=0.884 | P=0.671 | R=0.689
------------------------------------------------------------
✅ Overall Avg | F1=0.824 | Acc=0.908 | P=0.827 | R=0.825

✅ Epoch 14 | Loss=0.1215 | F1(avg)=0.824 | Sent=0.944 | Urg=0.793 | Top=0.882 | Act=0.677
bert_base_rule_OFF Epoch 15/50: 100%|█| 39/39 [00:02<00

📊 Validation Results (Per Task)
------------------------------------------------------------
sentiment  | F1=0.944 | Acc=0.955 | P=0.953 | R=0.940
urgency    | F1=0.760 | Acc=0.910 | P=0.757 | R=0.763
topic      | F1=0.894 | Acc=0.890 | P=0.907 | R=0.888
action     | F1=0.695 | Acc=0.890 | P=0.699 | R=0.696
------------------------------------------------------------
✅ Overall Avg | F1=0.823 | Acc=0.911 | P=0.829 | R=0.822

✅ Epoch 15 | Loss=0.1126 | F1(avg)=0.823 | Sent=0.944 | Urg=0.760 | Top=0.894 | Act=0.695
bert_base_rule_OFF Epoch 16/50: 100%|█| 39/39 [00:02<00

📊 Validation Results (Per Task)
------------------------------------------------------------
sentiment  | F1=0.951 | Acc=0.961 | P=0.958 | R=0.949
urgency    | F1=0.750 | Acc=0.897 | P=0.748 | R=0.754
topic      | F1=0.889 | Acc=0.884 | P=0.905 | R=0.881
action     | F1=0.688 | Acc=0.884 | P=0.690 | R=0.690
------------------------------------------------------------
✅ Overall Avg | F1=0.820 | Acc=0.906 | P=0.825 | R=0.818

✅ Epoch 16 | Loss=0.1007 | F1(avg)=0.820 | Sent=0.951 | Urg=0.750 | Top=0.889 | Act=0.688
bert_base_rule_OFF Epoch 17/50: 100%|█| 39/39 [00:02<00

📊 Validation Results (Per Task)
------------------------------------------------------------
sentiment  | F1=0.951 | Acc=0.961 | P=0.958 | R=0.949
urgency    | F1=0.755 | Acc=0.903 | P=0.753 | R=0.757
topic      | F1=0.888 | Acc=0.884 | P=0.902 | R=0.881
action     | F1=0.695 | Acc=0.890 | P=0.699 | R=0.696
------------------------------------------------------------
✅ Overall Avg | F1=0.822 | Acc=0.910 | P=0.828 | R=0.821

✅ Epoch 17 | Loss=0.0910 | F1(avg)=0.822 | Sent=0.951 | Urg=0.755 | Top=0.888 | Act=0.695
bert_base_rule_OFF Epoch 18/50: 100%|█| 39/39 [00:02<00

📊 Validation Results (Per Task)
------------------------------------------------------------
sentiment  | F1=0.952 | Acc=0.961 | P=0.959 | R=0.949
urgency    | F1=0.771 | Acc=0.903 | P=0.762 | R=0.783
topic      | F1=0.895 | Acc=0.890 | P=0.911 | R=0.889
action     | F1=0.688 | Acc=0.884 | P=0.690 | R=0.690
------------------------------------------------------------
✅ Overall Avg | F1=0.827 | Acc=0.910 | P=0.830 | R=0.828

✅ Epoch 18 | Loss=0.0853 | F1(avg)=0.827 | Sent=0.952 | Urg=0.771 | Top=0.895 | Act=0.688
bert_base_rule_OFF Epoch 19/50: 100%|█| 39/39 [00:02<00

📊 Validation Results (Per Task)
------------------------------------------------------------
sentiment  | F1=0.944 | Acc=0.955 | P=0.953 | R=0.940
urgency    | F1=0.736 | Acc=0.890 | P=0.729 | R=0.746
topic      | F1=0.888 | Acc=0.884 | P=0.902 | R=0.881
action     | F1=0.685 | Acc=0.884 | P=0.685 | R=0.690
------------------------------------------------------------
✅ Overall Avg | F1=0.813 | Acc=0.903 | P=0.817 | R=0.814

✅ Epoch 19 | Loss=0.0860 | F1(avg)=0.813 | Sent=0.944 | Urg=0.736 | Top=0.888 | Act=0.685
bert_base_rule_OFF Epoch 20/50: 100%|█| 39/39 [00:02<00

📊 Validation Results (Per Task)
------------------------------------------------------------
sentiment  | F1=0.944 | Acc=0.955 | P=0.953 | R=0.940
urgency    | F1=0.736 | Acc=0.890 | P=0.729 | R=0.746
topic      | F1=0.887 | Acc=0.884 | P=0.903 | R=0.881
action     | F1=0.694 | Acc=0.890 | P=0.691 | R=0.700
------------------------------------------------------------
✅ Overall Avg | F1=0.815 | Acc=0.905 | P=0.819 | R=0.817

✅ Epoch 20 | Loss=0.0739 | F1(avg)=0.815 | Sent=0.944 | Urg=0.736 | Top=0.887 | Act=0.694
bert_base_rule_OFF Epoch 21/50: 100%|█| 39/39 [00:02<00

📊 Validation Results (Per Task)
------------------------------------------------------------
sentiment  | F1=0.960 | Acc=0.968 | P=0.964 | R=0.958
urgency    | F1=0.761 | Acc=0.897 | P=0.751 | R=0.777
topic      | F1=0.894 | Acc=0.890 | P=0.907 | R=0.888
action     | F1=0.695 | Acc=0.890 | P=0.699 | R=0.696
------------------------------------------------------------
✅ Overall Avg | F1=0.828 | Acc=0.911 | P=0.830 | R=0.830

✅ Epoch 21 | Loss=0.0689 | F1(avg)=0.828 | Sent=0.960 | Urg=0.761 | Top=0.894 | Act=0.695
bert_base_rule_OFF Epoch 22/50: 100%|█| 39/39 [00:02<00

📊 Validation Results (Per Task)
------------------------------------------------------------
sentiment  | F1=0.952 | Acc=0.961 | P=0.959 | R=0.949
urgency    | F1=0.744 | Acc=0.897 | P=0.739 | R=0.749
topic      | F1=0.888 | Acc=0.884 | P=0.902 | R=0.881
action     | F1=0.696 | Acc=0.890 | P=0.696 | R=0.700
------------------------------------------------------------
✅ Overall Avg | F1=0.820 | Acc=0.908 | P=0.824 | R=0.820

✅ Epoch 22 | Loss=0.0667 | F1(avg)=0.820 | Sent=0.952 | Urg=0.744 | Top=0.888 | Act=0.696
bert_base_rule_OFF Epoch 23/50: 100%|█| 39/39 [00:02<00

📊 Validation Results (Per Task)
------------------------------------------------------------
sentiment  | F1=0.951 | Acc=0.961 | P=0.958 | R=0.949
urgency    | F1=0.736 | Acc=0.890 | P=0.729 | R=0.746
topic      | F1=0.895 | Acc=0.890 | P=0.908 | R=0.888
action     | F1=0.689 | Acc=0.884 | P=0.688 | R=0.694
------------------------------------------------------------
✅ Overall Avg | F1=0.818 | Acc=0.906 | P=0.821 | R=0.819

✅ Epoch 23 | Loss=0.0636 | F1(avg)=0.818 | Sent=0.951 | Urg=0.736 | Top=0.895 | Act=0.689
bert_base_rule_OFF Epoch 24/50: 100%|█| 39/39 [00:02<00

📊 Validation Results (Per Task)
------------------------------------------------------------
sentiment  | F1=0.952 | Acc=0.961 | P=0.959 | R=0.949
urgency    | F1=0.744 | Acc=0.897 | P=0.739 | R=0.749
topic      | F1=0.886 | Acc=0.884 | P=0.897 | R=0.881
action     | F1=0.696 | Acc=0.890 | P=0.696 | R=0.700
------------------------------------------------------------
✅ Overall Avg | F1=0.820 | Acc=0.908 | P=0.823 | R=0.820

✅ Epoch 24 | Loss=0.0595 | F1(avg)=0.820 | Sent=0.952 | Urg=0.744 | Top=0.886 | Act=0.696
bert_base_rule_OFF Epoch 25/50: 100%|█| 39/39 [00:02<00

📊 Validation Results (Per Task)
------------------------------------------------------------
sentiment  | F1=0.960 | Acc=0.968 | P=0.964 | R=0.958
urgency    | F1=0.761 | Acc=0.897 | P=0.751 | R=0.777
topic      | F1=0.894 | Acc=0.890 | P=0.907 | R=0.888
action     | F1=0.696 | Acc=0.890 | P=0.696 | R=0.700
------------------------------------------------------------
✅ Overall Avg | F1=0.828 | Acc=0.911 | P=0.829 | R=0.831

✅ Epoch 25 | Loss=0.0544 | F1(avg)=0.828 | Sent=0.960 | Urg=0.761 | Top=0.894 | Act=0.696
bert_base_rule_OFF Epoch 26/50: 100%|█| 39/39 [00:02<00

📊 Validation Results (Per Task)
------------------------------------------------------------
sentiment  | F1=0.945 | Acc=0.955 | P=0.954 | R=0.940
urgency    | F1=0.763 | Acc=0.897 | P=0.751 | R=0.779
topic      | F1=0.895 | Acc=0.890 | P=0.908 | R=0.889
action     | F1=0.689 | Acc=0.884 | P=0.688 | R=0.694
------------------------------------------------------------
✅ Overall Avg | F1=0.823 | Acc=0.906 | P=0.825 | R=0.825

✅ Epoch 26 | Loss=0.0525 | F1(avg)=0.823 | Sent=0.945 | Urg=0.763 | Top=0.895 | Act=0.689
bert_base_rule_OFF Epoch 27/50: 100%|█| 39/39 [00:02<00

📊 Validation Results (Per Task)
------------------------------------------------------------
sentiment  | F1=0.945 | Acc=0.955 | P=0.954 | R=0.940
urgency    | F1=0.753 | Acc=0.890 | P=0.742 | R=0.773
topic      | F1=0.895 | Acc=0.890 | P=0.908 | R=0.888
action     | F1=0.680 | Acc=0.884 | P=0.673 | R=0.693
------------------------------------------------------------
✅ Overall Avg | F1=0.818 | Acc=0.905 | P=0.819 | R=0.823

✅ Epoch 27 | Loss=0.0497 | F1(avg)=0.818 | Sent=0.945 | Urg=0.753 | Top=0.895 | Act=0.680
bert_base_rule_OFF Epoch 28/50: 100%|█| 39/39 [00:02<00

📊 Validation Results (Per Task)
------------------------------------------------------------
sentiment  | F1=0.960 | Acc=0.968 | P=0.964 | R=0.958
urgency    | F1=0.761 | Acc=0.897 | P=0.751 | R=0.777
topic      | F1=0.892 | Acc=0.890 | P=0.902 | R=0.888
action     | F1=0.694 | Acc=0.890 | P=0.691 | R=0.700
------------------------------------------------------------
✅ Overall Avg | F1=0.827 | Acc=0.911 | P=0.827 | R=0.831

✅ Epoch 28 | Loss=0.0485 | F1(avg)=0.827 | Sent=0.960 | Urg=0.761 | Top=0.892 | Act=0.694
bert_base_rule_OFF Epoch 29/50: 100%|█| 39/39 [00:02<00

📊 Validation Results (Per Task)
------------------------------------------------------------
sentiment  | F1=0.945 | Acc=0.955 | P=0.954 | R=0.940
urgency    | F1=0.742 | Acc=0.884 | P=0.732 | R=0.767
topic      | F1=0.881 | Acc=0.884 | P=0.888 | R=0.880
action     | F1=0.694 | Acc=0.890 | P=0.691 | R=0.700
------------------------------------------------------------
✅ Overall Avg | F1=0.815 | Acc=0.903 | P=0.816 | R=0.822

✅ Epoch 29 | Loss=0.0490 | F1(avg)=0.815 | Sent=0.945 | Urg=0.742 | Top=0.881 | Act=0.694
bert_base_rule_OFF Epoch 30/50: 100%|█| 39/39 [00:02<00

📊 Validation Results (Per Task)
------------------------------------------------------------
sentiment  | F1=0.960 | Acc=0.968 | P=0.964 | R=0.958
urgency    | F1=0.735 | Acc=0.890 | P=0.728 | R=0.743
topic      | F1=0.892 | Acc=0.890 | P=0.902 | R=0.888
action     | F1=0.694 | Acc=0.890 | P=0.691 | R=0.700
------------------------------------------------------------
✅ Overall Avg | F1=0.820 | Acc=0.910 | P=0.821 | R=0.822

✅ Epoch 30 | Loss=0.0454 | F1(avg)=0.820 | Sent=0.960 | Urg=0.735 | Top=0.892 | Act=0.694
bert_base_rule_OFF Epoch 31/50: 100%|█| 39/39 [00:02<00

📊 Validation Results (Per Task)
------------------------------------------------------------
sentiment  | F1=0.952 | Acc=0.961 | P=0.959 | R=0.949
urgency    | F1=0.776 | Acc=0.897 | P=0.761 | R=0.804
topic      | F1=0.890 | Acc=0.890 | P=0.897 | R=0.888
action     | F1=0.680 | Acc=0.884 | P=0.673 | R=0.693
------------------------------------------------------------
✅ Overall Avg | F1=0.824 | Acc=0.908 | P=0.822 | R=0.834

✅ Epoch 31 | Loss=0.0454 | F1(avg)=0.824 | Sent=0.952 | Urg=0.776 | Top=0.890 | Act=0.680
bert_base_rule_OFF Epoch 32/50: 100%|█| 39/39 [00:02<00

📊 Validation Results (Per Task)
------------------------------------------------------------
sentiment  | F1=0.945 | Acc=0.955 | P=0.954 | R=0.940
urgency    | F1=0.735 | Acc=0.890 | P=0.728 | R=0.743
topic      | F1=0.890 | Acc=0.890 | P=0.897 | R=0.888
action     | F1=0.696 | Acc=0.890 | P=0.696 | R=0.700
------------------------------------------------------------
✅ Overall Avg | F1=0.817 | Acc=0.906 | P=0.819 | R=0.818

✅ Epoch 32 | Loss=0.0413 | F1(avg)=0.817 | Sent=0.945 | Urg=0.735 | Top=0.890 | Act=0.696
bert_base_rule_OFF Epoch 33/50: 100%|█| 39/39 [00:02<00

📊 Validation Results (Per Task)
------------------------------------------------------------
sentiment  | F1=0.945 | Acc=0.955 | P=0.954 | R=0.940
urgency    | F1=0.753 | Acc=0.890 | P=0.742 | R=0.773
topic      | F1=0.901 | Acc=0.897 | P=0.912 | R=0.896
action     | F1=0.694 | Acc=0.890 | P=0.691 | R=0.700
------------------------------------------------------------
✅ Overall Avg | F1=0.823 | Acc=0.908 | P=0.825 | R=0.827

✅ Epoch 33 | Loss=0.0392 | F1(avg)=0.823 | Sent=0.945 | Urg=0.753 | Top=0.901 | Act=0.694
bert_base_rule_OFF Epoch 34/50: 100%|█| 39/39 [00:02<00

📊 Validation Results (Per Task)
------------------------------------------------------------
sentiment  | F1=0.945 | Acc=0.955 | P=0.954 | R=0.940
urgency    | F1=0.735 | Acc=0.890 | P=0.728 | R=0.743
topic      | F1=0.894 | Acc=0.890 | P=0.907 | R=0.888
action     | F1=0.694 | Acc=0.890 | P=0.691 | R=0.700
------------------------------------------------------------
✅ Overall Avg | F1=0.817 | Acc=0.906 | P=0.820 | R=0.818

✅ Epoch 34 | Loss=0.0391 | F1(avg)=0.817 | Sent=0.945 | Urg=0.735 | Top=0.894 | Act=0.694
bert_base_rule_OFF Epoch 35/50: 100%|█| 39/39 [00:02<00

📊 Validation Results (Per Task)
------------------------------------------------------------
sentiment  | F1=0.945 | Acc=0.955 | P=0.954 | R=0.940
urgency    | F1=0.754 | Acc=0.903 | P=0.752 | R=0.755
topic      | F1=0.894 | Acc=0.890 | P=0.907 | R=0.888
action     | F1=0.694 | Acc=0.890 | P=0.691 | R=0.700
------------------------------------------------------------
✅ Overall Avg | F1=0.822 | Acc=0.910 | P=0.826 | R=0.821

✅ Epoch 35 | Loss=0.0380 | F1(avg)=0.822 | Sent=0.945 | Urg=0.754 | Top=0.894 | Act=0.694
bert_base_rule_OFF Epoch 36/50: 100%|█| 39/39 [00:02<00

📊 Validation Results (Per Task)
------------------------------------------------------------
sentiment  | F1=0.945 | Acc=0.955 | P=0.954 | R=0.940
urgency    | F1=0.754 | Acc=0.903 | P=0.752 | R=0.755
topic      | F1=0.894 | Acc=0.890 | P=0.907 | R=0.888
action     | F1=0.696 | Acc=0.890 | P=0.696 | R=0.700
------------------------------------------------------------
✅ Overall Avg | F1=0.822 | Acc=0.910 | P=0.827 | R=0.821

✅ Epoch 36 | Loss=0.0366 | F1(avg)=0.822 | Sent=0.945 | Urg=0.754 | Top=0.894 | Act=0.696
bert_base_rule_OFF Epoch 37/50: 100%|█| 39/39 [00:02<00

📊 Validation Results (Per Task)
------------------------------------------------------------
sentiment  | F1=0.945 | Acc=0.955 | P=0.954 | R=0.940
urgency    | F1=0.728 | Acc=0.884 | P=0.720 | R=0.740
topic      | F1=0.890 | Acc=0.890 | P=0.897 | R=0.888
action     | F1=0.680 | Acc=0.884 | P=0.673 | R=0.693
------------------------------------------------------------
✅ Overall Avg | F1=0.811 | Acc=0.903 | P=0.811 | R=0.815

✅ Epoch 37 | Loss=0.0374 | F1(avg)=0.811 | Sent=0.945 | Urg=0.728 | Top=0.890 | Act=0.680
bert_base_rule_OFF Epoch 38/50: 100%|█| 39/39 [00:02<00

📊 Validation Results (Per Task)
------------------------------------------------------------
sentiment  | F1=0.945 | Acc=0.955 | P=0.954 | R=0.940
urgency    | F1=0.744 | Acc=0.897 | P=0.739 | R=0.749
topic      | F1=0.888 | Acc=0.884 | P=0.903 | R=0.880
action     | F1=0.696 | Acc=0.890 | P=0.696 | R=0.700
------------------------------------------------------------
✅ Overall Avg | F1=0.818 | Acc=0.906 | P=0.823 | R=0.817

✅ Epoch 38 | Loss=0.0371 | F1(avg)=0.818 | Sent=0.945 | Urg=0.744 | Top=0.888 | Act=0.696
bert_base_rule_OFF Epoch 39/50: 100%|█| 39/39 [00:02<00

📊 Validation Results (Per Task)
------------------------------------------------------------
sentiment  | F1=0.945 | Acc=0.955 | P=0.954 | R=0.940
urgency    | F1=0.761 | Acc=0.897 | P=0.751 | R=0.777
topic      | F1=0.890 | Acc=0.890 | P=0.897 | R=0.888
action     | F1=0.696 | Acc=0.890 | P=0.696 | R=0.700
------------------------------------------------------------
✅ Overall Avg | F1=0.823 | Acc=0.908 | P=0.825 | R=0.826

✅ Epoch 39 | Loss=0.0355 | F1(avg)=0.823 | Sent=0.945 | Urg=0.761 | Top=0.890 | Act=0.696
bert_base_rule_OFF Epoch 40/50: 100%|█| 39/39 [00:02<00

📊 Validation Results (Per Task)
------------------------------------------------------------
sentiment  | F1=0.945 | Acc=0.955 | P=0.954 | R=0.940
urgency    | F1=0.744 | Acc=0.897 | P=0.739 | R=0.749
topic      | F1=0.890 | Acc=0.890 | P=0.897 | R=0.888
action     | F1=0.696 | Acc=0.890 | P=0.696 | R=0.700
------------------------------------------------------------
✅ Overall Avg | F1=0.819 | Acc=0.908 | P=0.822 | R=0.819

✅ Epoch 40 | Loss=0.0338 | F1(avg)=0.819 | Sent=0.945 | Urg=0.744 | Top=0.890 | Act=0.696
bert_base_rule_OFF Epoch 41/50: 100%|█| 39/39 [00:02<00

📊 Validation Results (Per Task)
------------------------------------------------------------
sentiment  | F1=0.945 | Acc=0.955 | P=0.954 | R=0.940
urgency    | F1=0.744 | Acc=0.897 | P=0.739 | R=0.749
topic      | F1=0.890 | Acc=0.890 | P=0.897 | R=0.888
action     | F1=0.694 | Acc=0.890 | P=0.691 | R=0.700
------------------------------------------------------------
✅ Overall Avg | F1=0.818 | Acc=0.908 | P=0.820 | R=0.819

✅ Epoch 41 | Loss=0.0324 | F1(avg)=0.818 | Sent=0.945 | Urg=0.744 | Top=0.890 | Act=0.694
bert_base_rule_OFF Epoch 42/50: 100%|█| 39/39 [00:02<00

📊 Validation Results (Per Task)
------------------------------------------------------------
sentiment  | F1=0.945 | Acc=0.955 | P=0.954 | R=0.940
urgency    | F1=0.771 | Acc=0.903 | P=0.762 | R=0.783
topic      | F1=0.890 | Acc=0.890 | P=0.897 | R=0.888
action     | F1=0.696 | Acc=0.890 | P=0.696 | R=0.700
------------------------------------------------------------
✅ Overall Avg | F1=0.826 | Acc=0.910 | P=0.827 | R=0.828

✅ Epoch 42 | Loss=0.0343 | F1(avg)=0.826 | Sent=0.945 | Urg=0.771 | Top=0.890 | Act=0.696
bert_base_rule_OFF Epoch 43/50: 100%|█| 39/39 [00:02<00

📊 Validation Results (Per Task)
------------------------------------------------------------
sentiment  | F1=0.945 | Acc=0.955 | P=0.954 | R=0.940
urgency    | F1=0.761 | Acc=0.897 | P=0.751 | R=0.777
topic      | F1=0.890 | Acc=0.890 | P=0.897 | R=0.888
action     | F1=0.696 | Acc=0.890 | P=0.696 | R=0.700
------------------------------------------------------------
✅ Overall Avg | F1=0.823 | Acc=0.908 | P=0.825 | R=0.826

✅ Epoch 43 | Loss=0.0333 | F1(avg)=0.823 | Sent=0.945 | Urg=0.761 | Top=0.890 | Act=0.696
bert_base_rule_OFF Epoch 44/50: 100%|█| 39/39 [00:02<00

📊 Validation Results (Per Task)
------------------------------------------------------------
sentiment  | F1=0.945 | Acc=0.955 | P=0.954 | R=0.940
urgency    | F1=0.744 | Acc=0.897 | P=0.739 | R=0.749
topic      | F1=0.894 | Acc=0.890 | P=0.907 | R=0.888
action     | F1=0.687 | Acc=0.884 | P=0.684 | R=0.694
------------------------------------------------------------
✅ Overall Avg | F1=0.817 | Acc=0.906 | P=0.821 | R=0.818

✅ Epoch 44 | Loss=0.0333 | F1(avg)=0.817 | Sent=0.945 | Urg=0.744 | Top=0.894 | Act=0.687
bert_base_rule_OFF Epoch 45/50: 100%|█| 39/39 [00:02<00

📊 Validation Results (Per Task)
------------------------------------------------------------
sentiment  | F1=0.945 | Acc=0.955 | P=0.954 | R=0.940
urgency    | F1=0.761 | Acc=0.897 | P=0.751 | R=0.777
topic      | F1=0.894 | Acc=0.890 | P=0.907 | R=0.888
action     | F1=0.670 | Acc=0.877 | P=0.660 | R=0.687
------------------------------------------------------------
✅ Overall Avg | F1=0.818 | Acc=0.905 | P=0.818 | R=0.823

✅ Epoch 45 | Loss=0.0354 | F1(avg)=0.818 | Sent=0.945 | Urg=0.761 | Top=0.894 | Act=0.670
bert_base_rule_OFF Epoch 46/50: 100%|█| 39/39 [00:02<00

📊 Validation Results (Per Task)
------------------------------------------------------------
sentiment  | F1=0.945 | Acc=0.955 | P=0.954 | R=0.940
urgency    | F1=0.744 | Acc=0.897 | P=0.739 | R=0.749
topic      | F1=0.894 | Acc=0.890 | P=0.907 | R=0.888
action     | F1=0.687 | Acc=0.884 | P=0.684 | R=0.694
------------------------------------------------------------
✅ Overall Avg | F1=0.817 | Acc=0.906 | P=0.821 | R=0.818

✅ Epoch 46 | Loss=0.0330 | F1(avg)=0.817 | Sent=0.945 | Urg=0.744 | Top=0.894 | Act=0.687
bert_base_rule_OFF Epoch 47/50: 100%|█| 39/39 [00:02<00

📊 Validation Results (Per Task)
------------------------------------------------------------
sentiment  | F1=0.945 | Acc=0.955 | P=0.954 | R=0.940
urgency    | F1=0.771 | Acc=0.903 | P=0.762 | R=0.783
topic      | F1=0.894 | Acc=0.890 | P=0.907 | R=0.888
action     | F1=0.694 | Acc=0.890 | P=0.691 | R=0.700
------------------------------------------------------------
✅ Overall Avg | F1=0.826 | Acc=0.910 | P=0.829 | R=0.828

✅ Epoch 47 | Loss=0.0326 | F1(avg)=0.826 | Sent=0.945 | Urg=0.771 | Top=0.894 | Act=0.694
bert_base_rule_OFF Epoch 48/50: 100%|█| 39/39 [00:02<00

📊 Validation Results (Per Task)
------------------------------------------------------------
sentiment  | F1=0.945 | Acc=0.955 | P=0.954 | R=0.940
urgency    | F1=0.761 | Acc=0.897 | P=0.751 | R=0.777
topic      | F1=0.890 | Acc=0.890 | P=0.897 | R=0.888
action     | F1=0.687 | Acc=0.884 | P=0.684 | R=0.694
------------------------------------------------------------
✅ Overall Avg | F1=0.821 | Acc=0.906 | P=0.821 | R=0.825

✅ Epoch 48 | Loss=0.0338 | F1(avg)=0.821 | Sent=0.945 | Urg=0.761 | Top=0.890 | Act=0.687
bert_base_rule_OFF Epoch 49/50: 100%|█| 39/39 [00:02<00

📊 Validation Results (Per Task)
------------------------------------------------------------
sentiment  | F1=0.945 | Acc=0.955 | P=0.954 | R=0.940
urgency    | F1=0.761 | Acc=0.897 | P=0.751 | R=0.777
topic      | F1=0.890 | Acc=0.890 | P=0.897 | R=0.888
action     | F1=0.670 | Acc=0.877 | P=0.660 | R=0.687
------------------------------------------------------------
✅ Overall Avg | F1=0.816 | Acc=0.905 | P=0.816 | R=0.823

✅ Epoch 49 | Loss=0.0321 | F1(avg)=0.816 | Sent=0.945 | Urg=0.761 | Top=0.890 | Act=0.670
bert_base_rule_OFF Epoch 50/50: 100%|█| 39/39 [00:02<00

📊 Validation Results (Per Task)
------------------------------------------------------------
sentiment  | F1=0.945 | Acc=0.955 | P=0.954 | R=0.940
urgency    | F1=0.761 | Acc=0.897 | P=0.751 | R=0.777
topic      | F1=0.890 | Acc=0.890 | P=0.897 | R=0.888
action     | F1=0.670 | Acc=0.877 | P=0.660 | R=0.687
------------------------------------------------------------
✅ Overall Avg | F1=0.816 | Acc=0.905 | P=0.816 | R=0.823

✅ Epoch 50 | Loss=0.0312 | F1(avg)=0.816 | Sent=0.945 | Urg=0.761 | Top=0.890 | Act=0.670
