Use device:cuda
bert_base_rule_OFF Epoch 1/50: 100%|████████████████████████████████████████████| 20/20 [00:02<00:00,  8.03it/s]

📊 Validation Results (Per Task)
------------------------------------------------------------
sentiment  | F1=0.292 | Acc=0.503 | P=0.448 | R=0.376
urgency    | F1=0.495 | Acc=0.748 | P=0.514 | R=0.503
topic      | F1=0.219 | Acc=0.368 | P=0.288 | R=0.259
action     | F1=0.145 | Acc=0.535 | P=0.153 | R=0.185
------------------------------------------------------------
✅ Overall Avg | F1=0.288 | Acc=0.539 | P=0.351 | R=0.331

✅ Epoch 1 | Loss=1.3753 | F1(avg)=0.288 | Sent=0.292 | Urg=0.495 | Top=0.219 | Act=0.145
bert_base_rule_OFF Epoch 2/50: 100%|████████████████████████████████████████████| 20/20 [00:02<00:00,  8.02it/s]

📊 Validation Results (Per Task)
------------------------------------------------------------
sentiment  | F1=0.784 | Acc=0.839 | P=0.844 | R=0.784
urgency    | F1=0.590 | Acc=0.865 | P=0.569 | R=0.612
topic      | F1=0.574 | Acc=0.665 | P=0.606 | R=0.580
action     | F1=0.249 | Acc=0.671 | P=0.209 | R=0.310
------------------------------------------------------------
✅ Overall Avg | F1=0.549 | Acc=0.760 | P=0.557 | R=0.571

✅ Epoch 2 | Loss=1.0837 | F1(avg)=0.549 | Sent=0.784 | Urg=0.590 | Top=0.574 | Act=0.249
bert_base_rule_OFF Epoch 3/50: 100%|████████████████████████████████████████████| 20/20 [00:02<00:00,  7.99it/s]

📊 Validation Results (Per Task)
------------------------------------------------------------
sentiment  | F1=0.805 | Acc=0.858 | P=0.860 | R=0.805
urgency    | F1=0.605 | Acc=0.884 | P=0.584 | R=0.634
topic      | F1=0.645 | Acc=0.716 | P=0.768 | R=0.644
action     | F1=0.254 | Acc=0.684 | P=0.215 | R=0.325
------------------------------------------------------------
✅ Overall Avg | F1=0.577 | Acc=0.785 | P=0.607 | R=0.602

✅ Epoch 3 | Loss=0.8444 | F1(avg)=0.577 | Sent=0.805 | Urg=0.605 | Top=0.645 | Act=0.254
bert_base_rule_OFF Epoch 4/50: 100%|████████████████████████████████████████████| 20/20 [00:02<00:00,  8.02it/s]

📊 Validation Results (Per Task)
------------------------------------------------------------
sentiment  | F1=0.867 | Acc=0.897 | P=0.894 | R=0.861
urgency    | F1=0.652 | Acc=0.877 | P=0.696 | R=0.656
topic      | F1=0.763 | Acc=0.781 | P=0.826 | R=0.741
action     | F1=0.373 | Acc=0.761 | P=0.358 | R=0.410
------------------------------------------------------------
✅ Overall Avg | F1=0.664 | Acc=0.829 | P=0.694 | R=0.667

✅ Epoch 4 | Loss=0.6487 | F1(avg)=0.664 | Sent=0.867 | Urg=0.652 | Top=0.763 | Act=0.373
bert_base_rule_OFF Epoch 5/50: 100%|████████████████████████████████████████████| 20/20 [00:02<00:00,  8.02it/s]

📊 Validation Results (Per Task)
------------------------------------------------------------
sentiment  | F1=0.860 | Acc=0.890 | P=0.882 | R=0.854
urgency    | F1=0.706 | Acc=0.877 | P=0.704 | R=0.711
topic      | F1=0.803 | Acc=0.819 | P=0.859 | R=0.781
action     | F1=0.443 | Acc=0.794 | P=0.455 | R=0.458
------------------------------------------------------------
✅ Overall Avg | F1=0.703 | Acc=0.845 | P=0.725 | R=0.701

✅ Epoch 5 | Loss=0.5327 | F1(avg)=0.703 | Sent=0.860 | Urg=0.706 | Top=0.803 | Act=0.443
bert_base_rule_OFF Epoch 6/50: 100%|████████████████████████████████████████████| 20/20 [00:02<00:00,  7.99it/s]

📊 Validation Results (Per Task)
------------------------------------------------------------
sentiment  | F1=0.876 | Acc=0.903 | P=0.900 | R=0.870
urgency    | F1=0.662 | Acc=0.890 | P=0.706 | R=0.668
topic      | F1=0.830 | Acc=0.839 | P=0.871 | R=0.812
action     | F1=0.531 | Acc=0.806 | P=0.537 | R=0.628
------------------------------------------------------------
✅ Overall Avg | F1=0.725 | Acc=0.860 | P=0.753 | R=0.744

✅ Epoch 6 | Loss=0.4467 | F1(avg)=0.725 | Sent=0.876 | Urg=0.662 | Top=0.830 | Act=0.531
bert_base_rule_OFF Epoch 7/50: 100%|████████████████████████████████████████████| 20/20 [00:02<00:00,  7.98it/s]

📊 Validation Results (Per Task)
------------------------------------------------------------
sentiment  | F1=0.892 | Acc=0.916 | P=0.918 | R=0.886
urgency    | F1=0.723 | Acc=0.890 | P=0.730 | R=0.720
topic      | F1=0.873 | Acc=0.877 | P=0.897 | R=0.861
action     | F1=0.529 | Acc=0.845 | P=0.551 | R=0.527
------------------------------------------------------------
✅ Overall Avg | F1=0.754 | Acc=0.882 | P=0.774 | R=0.749

✅ Epoch 7 | Loss=0.3830 | F1(avg)=0.754 | Sent=0.892 | Urg=0.723 | Top=0.873 | Act=0.529
bert_base_rule_OFF Epoch 8/50: 100%|████████████████████████████████████████████| 20/20 [00:02<00:00,  7.99it/s]

📊 Validation Results (Per Task)
------------------------------------------------------------
sentiment  | F1=0.903 | Acc=0.923 | P=0.917 | R=0.898
urgency    | F1=0.723 | Acc=0.890 | P=0.730 | R=0.720
topic      | F1=0.884 | Acc=0.884 | P=0.902 | R=0.875
action     | F1=0.542 | Acc=0.826 | P=0.592 | R=0.530
------------------------------------------------------------
✅ Overall Avg | F1=0.763 | Acc=0.881 | P=0.785 | R=0.756

✅ Epoch 8 | Loss=0.3397 | F1(avg)=0.763 | Sent=0.903 | Urg=0.723 | Top=0.884 | Act=0.542
bert_base_rule_OFF Epoch 9/50: 100%|████████████████████████████████████████████| 20/20 [00:02<00:00,  7.98it/s]

📊 Validation Results (Per Task)
------------------------------------------------------------
sentiment  | F1=0.919 | Acc=0.935 | P=0.942 | R=0.912
urgency    | F1=0.701 | Acc=0.897 | P=0.717 | R=0.699
topic      | F1=0.873 | Acc=0.871 | P=0.889 | R=0.866
action     | F1=0.528 | Acc=0.845 | P=0.533 | R=0.531
------------------------------------------------------------
✅ Overall Avg | F1=0.755 | Acc=0.887 | P=0.770 | R=0.752

✅ Epoch 9 | Loss=0.2937 | F1(avg)=0.755 | Sent=0.919 | Urg=0.701 | Top=0.873 | Act=0.528
bert_base_rule_OFF Epoch 10/50: 100%|███████████████████████████████████████████| 20/20 [00:02<00:00,  7.98it/s]

📊 Validation Results (Per Task)
------------------------------------------------------------
sentiment  | F1=0.902 | Acc=0.923 | P=0.933 | R=0.894
urgency    | F1=0.729 | Acc=0.897 | P=0.735 | R=0.726
topic      | F1=0.883 | Acc=0.884 | P=0.905 | R=0.871
action     | F1=0.551 | Acc=0.832 | P=0.594 | R=0.541
------------------------------------------------------------
✅ Overall Avg | F1=0.766 | Acc=0.884 | P=0.792 | R=0.758

✅ Epoch 10 | Loss=0.2644 | F1(avg)=0.766 | Sent=0.902 | Urg=0.729 | Top=0.883 | Act=0.551
bert_base_rule_OFF Epoch 11/50: 100%|███████████████████████████████████████████| 20/20 [00:02<00:00,  8.01it/s]

📊 Validation Results (Per Task)
------------------------------------------------------------
sentiment  | F1=0.920 | Acc=0.935 | P=0.935 | R=0.914
urgency    | F1=0.733 | Acc=0.903 | P=0.740 | R=0.732
topic      | F1=0.878 | Acc=0.877 | P=0.895 | R=0.870
action     | F1=0.572 | Acc=0.852 | P=0.608 | R=0.564
------------------------------------------------------------
✅ Overall Avg | F1=0.776 | Acc=0.892 | P=0.794 | R=0.770

✅ Epoch 11 | Loss=0.2486 | F1(avg)=0.776 | Sent=0.920 | Urg=0.733 | Top=0.878 | Act=0.572
bert_base_rule_OFF Epoch 12/50: 100%|███████████████████████████████████████████| 20/20 [00:02<00:00,  8.01it/s]

📊 Validation Results (Per Task)
------------------------------------------------------------
sentiment  | F1=0.920 | Acc=0.935 | P=0.943 | R=0.912
urgency    | F1=0.733 | Acc=0.897 | P=0.749 | R=0.729
topic      | F1=0.884 | Acc=0.884 | P=0.900 | R=0.878
action     | F1=0.594 | Acc=0.845 | P=0.624 | R=0.584
------------------------------------------------------------
✅ Overall Avg | F1=0.783 | Acc=0.890 | P=0.804 | R=0.776

✅ Epoch 12 | Loss=0.2161 | F1(avg)=0.783 | Sent=0.920 | Urg=0.733 | Top=0.884 | Act=0.594
bert_base_rule_OFF Epoch 13/50: 100%|███████████████████████████████████████████| 20/20 [00:02<00:00,  8.00it/s]

📊 Validation Results (Per Task)
------------------------------------------------------------
sentiment  | F1=0.944 | Acc=0.955 | P=0.957 | R=0.940
urgency    | F1=0.733 | Acc=0.903 | P=0.740 | R=0.732
topic      | F1=0.877 | Acc=0.877 | P=0.896 | R=0.868
action     | F1=0.572 | Acc=0.852 | P=0.608 | R=0.564
------------------------------------------------------------
✅ Overall Avg | F1=0.782 | Acc=0.897 | P=0.800 | R=0.776

✅ Epoch 13 | Loss=0.2012 | F1(avg)=0.782 | Sent=0.944 | Urg=0.733 | Top=0.877 | Act=0.572
bert_base_rule_OFF Epoch 14/50: 100%|███████████████████████████████████████████| 20/20 [00:02<00:00,  8.01it/s]

📊 Validation Results (Per Task)
------------------------------------------------------------
sentiment  | F1=0.936 | Acc=0.948 | P=0.952 | R=0.931
urgency    | F1=0.728 | Acc=0.884 | P=0.719 | R=0.742
topic      | F1=0.887 | Acc=0.884 | P=0.899 | R=0.882
action     | F1=0.622 | Acc=0.865 | P=0.649 | R=0.616
------------------------------------------------------------
✅ Overall Avg | F1=0.793 | Acc=0.895 | P=0.805 | R=0.793

✅ Epoch 14 | Loss=0.1887 | F1(avg)=0.793 | Sent=0.936 | Urg=0.728 | Top=0.887 | Act=0.622
bert_base_rule_OFF Epoch 15/50: 100%|███████████████████████████████████████████| 20/20 [00:02<00:00,  8.01it/s]

📊 Validation Results (Per Task)
------------------------------------------------------------
sentiment  | F1=0.944 | Acc=0.955 | P=0.957 | R=0.940
urgency    | F1=0.765 | Acc=0.910 | P=0.768 | R=0.766
topic      | F1=0.886 | Acc=0.884 | P=0.900 | R=0.880
action     | F1=0.610 | Acc=0.858 | P=0.620 | R=0.610
------------------------------------------------------------
✅ Overall Avg | F1=0.801 | Acc=0.902 | P=0.811 | R=0.799

✅ Epoch 15 | Loss=0.1738 | F1(avg)=0.801 | Sent=0.944 | Urg=0.765 | Top=0.886 | Act=0.610
bert_base_rule_OFF Epoch 16/50: 100%|███████████████████████████████████████████| 20/20 [00:02<00:00,  8.00it/s]

📊 Validation Results (Per Task)
------------------------------------------------------------
sentiment  | F1=0.953 | Acc=0.961 | P=0.962 | R=0.949
urgency    | F1=0.765 | Acc=0.910 | P=0.768 | R=0.766
topic      | F1=0.870 | Acc=0.871 | P=0.892 | R=0.861
action     | F1=0.602 | Acc=0.871 | P=0.635 | R=0.596
------------------------------------------------------------
✅ Overall Avg | F1=0.798 | Acc=0.903 | P=0.814 | R=0.793

✅ Epoch 16 | Loss=0.1637 | F1(avg)=0.798 | Sent=0.953 | Urg=0.765 | Top=0.870 | Act=0.602
bert_base_rule_OFF Epoch 17/50: 100%|███████████████████████████████████████████| 20/20 [00:02<00:00,  8.00it/s]

📊 Validation Results (Per Task)
------------------------------------------------------------
sentiment  | F1=0.919 | Acc=0.935 | P=0.942 | R=0.912
urgency    | F1=0.717 | Acc=0.877 | P=0.709 | R=0.734
topic      | F1=0.893 | Acc=0.890 | P=0.906 | R=0.888
action     | F1=0.669 | Acc=0.884 | P=0.679 | R=0.667
------------------------------------------------------------
✅ Overall Avg | F1=0.800 | Acc=0.897 | P=0.809 | R=0.800

✅ Epoch 17 | Loss=0.1506 | F1(avg)=0.800 | Sent=0.919 | Urg=0.717 | Top=0.893 | Act=0.669
bert_base_rule_OFF Epoch 18/50: 100%|███████████████████████████████████████████| 20/20 [00:02<00:00,  8.04it/s]

📊 Validation Results (Per Task)
------------------------------------------------------------
sentiment  | F1=0.954 | Acc=0.961 | P=0.963 | R=0.949
urgency    | F1=0.772 | Acc=0.910 | P=0.782 | R=0.768
topic      | F1=0.887 | Acc=0.884 | P=0.900 | R=0.883
action     | F1=0.668 | Acc=0.884 | P=0.681 | R=0.662
------------------------------------------------------------
✅ Overall Avg | F1=0.820 | Acc=0.910 | P=0.832 | R=0.816

✅ Epoch 18 | Loss=0.1392 | F1(avg)=0.820 | Sent=0.954 | Urg=0.772 | Top=0.887 | Act=0.668
bert_base_rule_OFF Epoch 19/50: 100%|███████████████████████████████████████████| 20/20 [00:02<00:00,  8.01it/s]

📊 Validation Results (Per Task)
------------------------------------------------------------
sentiment  | F1=0.945 | Acc=0.955 | P=0.958 | R=0.940
urgency    | F1=0.697 | Acc=0.858 | P=0.692 | R=0.716
topic      | F1=0.900 | Acc=0.897 | P=0.911 | R=0.896
action     | F1=0.670 | Acc=0.877 | P=0.665 | R=0.683
------------------------------------------------------------
✅ Overall Avg | F1=0.803 | Acc=0.897 | P=0.806 | R=0.809

✅ Epoch 19 | Loss=0.1319 | F1(avg)=0.803 | Sent=0.945 | Urg=0.697 | Top=0.900 | Act=0.670
bert_base_rule_OFF Epoch 20/50: 100%|███████████████████████████████████████████| 20/20 [00:02<00:00,  8.01it/s]

📊 Validation Results (Per Task)
------------------------------------------------------------
sentiment  | F1=0.954 | Acc=0.961 | P=0.963 | R=0.949
urgency    | F1=0.770 | Acc=0.916 | P=0.773 | R=0.769
topic      | F1=0.887 | Acc=0.884 | P=0.900 | R=0.883
action     | F1=0.662 | Acc=0.877 | P=0.673 | R=0.656
------------------------------------------------------------
✅ Overall Avg | F1=0.818 | Acc=0.910 | P=0.827 | R=0.815

✅ Epoch 20 | Loss=0.1246 | F1(avg)=0.818 | Sent=0.954 | Urg=0.770 | Top=0.887 | Act=0.662
bert_base_rule_OFF Epoch 21/50: 100%|███████████████████████████████████████████| 20/20 [00:02<00:00,  8.01it/s]

📊 Validation Results (Per Task)
------------------------------------------------------------
sentiment  | F1=0.961 | Acc=0.968 | P=0.968 | R=0.958
urgency    | F1=0.728 | Acc=0.884 | P=0.720 | R=0.740
topic      | F1=0.887 | Acc=0.884 | P=0.900 | R=0.883
action     | F1=0.662 | Acc=0.877 | P=0.673 | R=0.656
------------------------------------------------------------
✅ Overall Avg | F1=0.809 | Acc=0.903 | P=0.815 | R=0.809

✅ Epoch 21 | Loss=0.1221 | F1(avg)=0.809 | Sent=0.961 | Urg=0.728 | Top=0.887 | Act=0.662
bert_base_rule_OFF Epoch 22/50: 100%|███████████████████████████████████████████| 20/20 [00:02<00:00,  8.03it/s]

📊 Validation Results (Per Task)
------------------------------------------------------------
sentiment  | F1=0.946 | Acc=0.955 | P=0.959 | R=0.940
urgency    | F1=0.770 | Acc=0.916 | P=0.773 | R=0.769
topic      | F1=0.886 | Acc=0.884 | P=0.898 | R=0.881
action     | F1=0.662 | Acc=0.877 | P=0.673 | R=0.656
------------------------------------------------------------
✅ Overall Avg | F1=0.816 | Acc=0.908 | P=0.826 | R=0.812

✅ Epoch 22 | Loss=0.1129 | F1(avg)=0.816 | Sent=0.946 | Urg=0.770 | Top=0.886 | Act=0.662
bert_base_rule_OFF Epoch 23/50: 100%|███████████████████████████████████████████| 20/20 [00:02<00:00,  8.01it/s]

📊 Validation Results (Per Task)
------------------------------------------------------------
sentiment  | F1=0.961 | Acc=0.968 | P=0.968 | R=0.958
urgency    | F1=0.717 | Acc=0.877 | P=0.709 | R=0.734
topic      | F1=0.878 | Acc=0.877 | P=0.892 | R=0.873
action     | F1=0.662 | Acc=0.877 | P=0.673 | R=0.656
------------------------------------------------------------
✅ Overall Avg | F1=0.805 | Acc=0.900 | P=0.811 | R=0.805

✅ Epoch 23 | Loss=0.1049 | F1(avg)=0.805 | Sent=0.961 | Urg=0.717 | Top=0.878 | Act=0.662
bert_base_rule_OFF Epoch 24/50: 100%|███████████████████████████████████████████| 20/20 [00:02<00:00,  8.02it/s]

📊 Validation Results (Per Task)
------------------------------------------------------------
sentiment  | F1=0.954 | Acc=0.961 | P=0.963 | R=0.949
urgency    | F1=0.709 | Acc=0.871 | P=0.703 | R=0.728
topic      | F1=0.872 | Acc=0.871 | P=0.887 | R=0.865
action     | F1=0.662 | Acc=0.877 | P=0.673 | R=0.656
------------------------------------------------------------
✅ Overall Avg | F1=0.799 | Acc=0.895 | P=0.807 | R=0.800

✅ Epoch 24 | Loss=0.1045 | F1(avg)=0.799 | Sent=0.954 | Urg=0.709 | Top=0.872 | Act=0.662
bert_base_rule_OFF Epoch 25/50: 100%|███████████████████████████████████████████| 20/20 [00:02<00:00,  8.06it/s]

📊 Validation Results (Per Task)
------------------------------------------------------------
sentiment  | F1=0.961 | Acc=0.968 | P=0.965 | R=0.958
urgency    | F1=0.725 | Acc=0.884 | P=0.716 | R=0.740
topic      | F1=0.879 | Acc=0.877 | P=0.891 | R=0.875
action     | F1=0.694 | Acc=0.890 | P=0.698 | R=0.696
------------------------------------------------------------
✅ Overall Avg | F1=0.815 | Acc=0.905 | P=0.818 | R=0.817

✅ Epoch 25 | Loss=0.0925 | F1(avg)=0.815 | Sent=0.961 | Urg=0.725 | Top=0.879 | Act=0.694
bert_base_rule_OFF Epoch 26/50: 100%|███████████████████████████████████████████| 20/20 [00:02<00:00,  8.02it/s]

📊 Validation Results (Per Task)
------------------------------------------------------------
sentiment  | F1=0.945 | Acc=0.955 | P=0.958 | R=0.940
urgency    | F1=0.725 | Acc=0.884 | P=0.716 | R=0.740
topic      | F1=0.886 | Acc=0.884 | P=0.898 | R=0.881
action     | F1=0.662 | Acc=0.877 | P=0.673 | R=0.656
------------------------------------------------------------
✅ Overall Avg | F1=0.804 | Acc=0.900 | P=0.811 | R=0.804

✅ Epoch 26 | Loss=0.0924 | F1(avg)=0.804 | Sent=0.945 | Urg=0.725 | Top=0.886 | Act=0.662
bert_base_rule_OFF Epoch 27/50: 100%|███████████████████████████████████████████| 20/20 [00:02<00:00,  8.04it/s]

📊 Validation Results (Per Task)
------------------------------------------------------------
sentiment  | F1=0.946 | Acc=0.955 | P=0.959 | R=0.940
urgency    | F1=0.733 | Acc=0.890 | P=0.724 | R=0.746
topic      | F1=0.886 | Acc=0.884 | P=0.898 | R=0.881
action     | F1=0.662 | Acc=0.877 | P=0.673 | R=0.656
------------------------------------------------------------
✅ Overall Avg | F1=0.806 | Acc=0.902 | P=0.814 | R=0.806

✅ Epoch 27 | Loss=0.0879 | F1(avg)=0.806 | Sent=0.946 | Urg=0.733 | Top=0.886 | Act=0.662
bert_base_rule_OFF Epoch 28/50: 100%|███████████████████████████████████████████| 20/20 [00:02<00:00,  8.02it/s]

📊 Validation Results (Per Task)
------------------------------------------------------------
sentiment  | F1=0.945 | Acc=0.955 | P=0.958 | R=0.940
urgency    | F1=0.728 | Acc=0.884 | P=0.720 | R=0.740
topic      | F1=0.893 | Acc=0.890 | P=0.907 | R=0.889
action     | F1=0.665 | Acc=0.877 | P=0.683 | R=0.656
------------------------------------------------------------
✅ Overall Avg | F1=0.808 | Acc=0.902 | P=0.817 | R=0.806

✅ Epoch 28 | Loss=0.0843 | F1(avg)=0.808 | Sent=0.945 | Urg=0.728 | Top=0.893 | Act=0.665
bert_base_rule_OFF Epoch 29/50: 100%|███████████████████████████████████████████| 20/20 [00:02<00:00,  8.04it/s]

📊 Validation Results (Per Task)
------------------------------------------------------------
sentiment  | F1=0.945 | Acc=0.955 | P=0.958 | R=0.940
urgency    | F1=0.741 | Acc=0.897 | P=0.734 | R=0.752
topic      | F1=0.886 | Acc=0.884 | P=0.898 | R=0.881
action     | F1=0.662 | Acc=0.877 | P=0.673 | R=0.656
------------------------------------------------------------
✅ Overall Avg | F1=0.808 | Acc=0.903 | P=0.816 | R=0.807

✅ Epoch 29 | Loss=0.0819 | F1(avg)=0.808 | Sent=0.945 | Urg=0.741 | Top=0.886 | Act=0.662
bert_base_rule_OFF Epoch 30/50: 100%|███████████████████████████████████████████| 20/20 [00:02<00:00,  8.03it/s]

📊 Validation Results (Per Task)
------------------------------------------------------------
sentiment  | F1=0.962 | Acc=0.968 | P=0.969 | R=0.958
urgency    | F1=0.725 | Acc=0.884 | P=0.716 | R=0.740
topic      | F1=0.878 | Acc=0.877 | P=0.892 | R=0.873
action     | F1=0.687 | Acc=0.884 | P=0.688 | R=0.690
------------------------------------------------------------
✅ Overall Avg | F1=0.813 | Acc=0.903 | P=0.817 | R=0.815

✅ Epoch 30 | Loss=0.0804 | F1(avg)=0.813 | Sent=0.962 | Urg=0.725 | Top=0.878 | Act=0.687
bert_base_rule_OFF Epoch 31/50: 100%|███████████████████████████████████████████| 20/20 [00:02<00:00,  8.01it/s]

📊 Validation Results (Per Task)
------------------------------------------------------------
sentiment  | F1=0.962 | Acc=0.968 | P=0.969 | R=0.958
urgency    | F1=0.725 | Acc=0.884 | P=0.716 | R=0.740
topic      | F1=0.878 | Acc=0.877 | P=0.892 | R=0.873
action     | F1=0.680 | Acc=0.877 | P=0.680 | R=0.684
------------------------------------------------------------
✅ Overall Avg | F1=0.811 | Acc=0.902 | P=0.814 | R=0.814

✅ Epoch 31 | Loss=0.0739 | F1(avg)=0.811 | Sent=0.962 | Urg=0.725 | Top=0.878 | Act=0.680
bert_base_rule_OFF Epoch 32/50: 100%|███████████████████████████████████████████| 20/20 [00:02<00:00,  8.07it/s]

📊 Validation Results (Per Task)
------------------------------------------------------------
sentiment  | F1=0.945 | Acc=0.955 | P=0.958 | R=0.940
urgency    | F1=0.725 | Acc=0.884 | P=0.716 | R=0.740
topic      | F1=0.886 | Acc=0.884 | P=0.898 | R=0.881
action     | F1=0.687 | Acc=0.884 | P=0.688 | R=0.690
------------------------------------------------------------
✅ Overall Avg | F1=0.810 | Acc=0.902 | P=0.815 | R=0.812

✅ Epoch 32 | Loss=0.0736 | F1(avg)=0.810 | Sent=0.945 | Urg=0.725 | Top=0.886 | Act=0.687
bert_base_rule_OFF Epoch 33/50: 100%|███████████████████████████████████████████| 20/20 [00:02<00:00,  8.04it/s]

📊 Validation Results (Per Task)
------------------------------------------------------------
sentiment  | F1=0.947 | Acc=0.955 | P=0.960 | R=0.940
urgency    | F1=0.733 | Acc=0.890 | P=0.724 | R=0.746
topic      | F1=0.886 | Acc=0.884 | P=0.898 | R=0.881
action     | F1=0.687 | Acc=0.884 | P=0.688 | R=0.690
------------------------------------------------------------
✅ Overall Avg | F1=0.813 | Acc=0.903 | P=0.818 | R=0.814

✅ Epoch 33 | Loss=0.0713 | F1(avg)=0.813 | Sent=0.947 | Urg=0.733 | Top=0.886 | Act=0.687
bert_base_rule_OFF Epoch 34/50: 100%|███████████████████████████████████████████| 20/20 [00:02<00:00,  8.03it/s]

📊 Validation Results (Per Task)
------------------------------------------------------------
sentiment  | F1=0.962 | Acc=0.968 | P=0.969 | R=0.958
urgency    | F1=0.725 | Acc=0.884 | P=0.716 | R=0.740
topic      | F1=0.893 | Acc=0.890 | P=0.907 | R=0.889
action     | F1=0.687 | Acc=0.884 | P=0.688 | R=0.690
------------------------------------------------------------
✅ Overall Avg | F1=0.817 | Acc=0.906 | P=0.820 | R=0.819

✅ Epoch 34 | Loss=0.0705 | F1(avg)=0.817 | Sent=0.962 | Urg=0.725 | Top=0.893 | Act=0.687
bert_base_rule_OFF Epoch 35/50: 100%|███████████████████████████████████████████| 20/20 [00:02<00:00,  8.02it/s]

📊 Validation Results (Per Task)
------------------------------------------------------------
sentiment  | F1=0.945 | Acc=0.955 | P=0.958 | R=0.940
urgency    | F1=0.725 | Acc=0.884 | P=0.716 | R=0.740
topic      | F1=0.893 | Acc=0.890 | P=0.907 | R=0.889
action     | F1=0.662 | Acc=0.877 | P=0.673 | R=0.656
------------------------------------------------------------
✅ Overall Avg | F1=0.806 | Acc=0.902 | P=0.814 | R=0.806

✅ Epoch 35 | Loss=0.0659 | F1(avg)=0.806 | Sent=0.945 | Urg=0.725 | Top=0.893 | Act=0.662
bert_base_rule_OFF Epoch 36/50: 100%|███████████████████████████████████████████| 20/20 [00:02<00:00,  8.03it/s]

📊 Validation Results (Per Task)
------------------------------------------------------------
sentiment  | F1=0.955 | Acc=0.961 | P=0.965 | R=0.949
urgency    | F1=0.725 | Acc=0.884 | P=0.716 | R=0.740
topic      | F1=0.886 | Acc=0.884 | P=0.898 | R=0.881
action     | F1=0.662 | Acc=0.877 | P=0.673 | R=0.656
------------------------------------------------------------
✅ Overall Avg | F1=0.807 | Acc=0.902 | P=0.813 | R=0.806

✅ Epoch 36 | Loss=0.0639 | F1(avg)=0.807 | Sent=0.955 | Urg=0.725 | Top=0.886 | Act=0.662
bert_base_rule_OFF Epoch 37/50: 100%|███████████████████████████████████████████| 20/20 [00:02<00:00,  8.02it/s]

📊 Validation Results (Per Task)
------------------------------------------------------------
sentiment  | F1=0.955 | Acc=0.961 | P=0.965 | R=0.949
urgency    | F1=0.725 | Acc=0.884 | P=0.716 | R=0.740
topic      | F1=0.886 | Acc=0.884 | P=0.898 | R=0.881
action     | F1=0.662 | Acc=0.877 | P=0.673 | R=0.656
------------------------------------------------------------
✅ Overall Avg | F1=0.807 | Acc=0.902 | P=0.813 | R=0.806

✅ Epoch 37 | Loss=0.0652 | F1(avg)=0.807 | Sent=0.955 | Urg=0.725 | Top=0.886 | Act=0.662
bert_base_rule_OFF Epoch 38/50: 100%|███████████████████████████████████████████| 20/20 [00:02<00:00,  8.02it/s]

📊 Validation Results (Per Task)
------------------------------------------------------------
sentiment  | F1=0.955 | Acc=0.961 | P=0.965 | R=0.949
urgency    | F1=0.728 | Acc=0.884 | P=0.720 | R=0.740
topic      | F1=0.886 | Acc=0.884 | P=0.898 | R=0.881
action     | F1=0.662 | Acc=0.877 | P=0.673 | R=0.656
------------------------------------------------------------
✅ Overall Avg | F1=0.807 | Acc=0.902 | P=0.814 | R=0.806

✅ Epoch 38 | Loss=0.0620 | F1(avg)=0.807 | Sent=0.955 | Urg=0.728 | Top=0.886 | Act=0.662
bert_base_rule_OFF Epoch 39/50: 100%|███████████████████████████████████████████| 20/20 [00:02<00:00,  8.04it/s]

📊 Validation Results (Per Task)
------------------------------------------------------------
sentiment  | F1=0.962 | Acc=0.968 | P=0.969 | R=0.958
urgency    | F1=0.725 | Acc=0.884 | P=0.716 | R=0.740
topic      | F1=0.878 | Acc=0.877 | P=0.892 | R=0.873
action     | F1=0.662 | Acc=0.877 | P=0.673 | R=0.656
------------------------------------------------------------
✅ Overall Avg | F1=0.807 | Acc=0.902 | P=0.813 | R=0.807

✅ Epoch 39 | Loss=0.0618 | F1(avg)=0.807 | Sent=0.962 | Urg=0.725 | Top=0.878 | Act=0.662
bert_base_rule_OFF Epoch 40/50: 100%|███████████████████████████████████████████| 20/20 [00:02<00:00,  8.01it/s]

📊 Validation Results (Per Task)
------------------------------------------------------------
sentiment  | F1=0.955 | Acc=0.961 | P=0.965 | R=0.949
urgency    | F1=0.725 | Acc=0.884 | P=0.716 | R=0.740
topic      | F1=0.878 | Acc=0.877 | P=0.892 | R=0.873
action     | F1=0.662 | Acc=0.877 | P=0.673 | R=0.656
------------------------------------------------------------
✅ Overall Avg | F1=0.805 | Acc=0.900 | P=0.812 | R=0.804

✅ Epoch 40 | Loss=0.0645 | F1(avg)=0.805 | Sent=0.955 | Urg=0.725 | Top=0.878 | Act=0.662
bert_base_rule_OFF Epoch 41/50: 100%|███████████████████████████████████████████| 20/20 [00:02<00:00,  8.01it/s]

📊 Validation Results (Per Task)
------------------------------------------------------------
sentiment  | F1=0.962 | Acc=0.968 | P=0.969 | R=0.958
urgency    | F1=0.725 | Acc=0.884 | P=0.716 | R=0.740
topic      | F1=0.886 | Acc=0.884 | P=0.898 | R=0.881
action     | F1=0.662 | Acc=0.877 | P=0.673 | R=0.656
------------------------------------------------------------
✅ Overall Avg | F1=0.809 | Acc=0.903 | P=0.814 | R=0.809

✅ Epoch 41 | Loss=0.0604 | F1(avg)=0.809 | Sent=0.962 | Urg=0.725 | Top=0.886 | Act=0.662
bert_base_rule_OFF Epoch 42/50: 100%|███████████████████████████████████████████| 20/20 [00:02<00:00,  8.00it/s]

📊 Validation Results (Per Task)
------------------------------------------------------------
sentiment  | F1=0.954 | Acc=0.961 | P=0.963 | R=0.949
urgency    | F1=0.728 | Acc=0.884 | P=0.720 | R=0.740
topic      | F1=0.886 | Acc=0.884 | P=0.898 | R=0.881
action     | F1=0.662 | Acc=0.877 | P=0.673 | R=0.656
------------------------------------------------------------
✅ Overall Avg | F1=0.807 | Acc=0.902 | P=0.814 | R=0.806

✅ Epoch 42 | Loss=0.0586 | F1(avg)=0.807 | Sent=0.954 | Urg=0.728 | Top=0.886 | Act=0.662
bert_base_rule_OFF Epoch 43/50: 100%|███████████████████████████████████████████| 20/20 [00:02<00:00,  8.00it/s]

📊 Validation Results (Per Task)
------------------------------------------------------------
sentiment  | F1=0.962 | Acc=0.968 | P=0.969 | R=0.958
urgency    | F1=0.725 | Acc=0.884 | P=0.716 | R=0.740
topic      | F1=0.878 | Acc=0.877 | P=0.892 | R=0.873
action     | F1=0.662 | Acc=0.877 | P=0.673 | R=0.656
------------------------------------------------------------
✅ Overall Avg | F1=0.807 | Acc=0.902 | P=0.813 | R=0.807

✅ Epoch 43 | Loss=0.0587 | F1(avg)=0.807 | Sent=0.962 | Urg=0.725 | Top=0.878 | Act=0.662
bert_base_rule_OFF Epoch 44/50: 100%|███████████████████████████████████████████| 20/20 [00:02<00:00,  8.00it/s]

📊 Validation Results (Per Task)
------------------------------------------------------------
sentiment  | F1=0.962 | Acc=0.968 | P=0.969 | R=0.958
urgency    | F1=0.728 | Acc=0.884 | P=0.720 | R=0.740
topic      | F1=0.886 | Acc=0.884 | P=0.898 | R=0.881
action     | F1=0.662 | Acc=0.877 | P=0.673 | R=0.656
------------------------------------------------------------
✅ Overall Avg | F1=0.809 | Acc=0.903 | P=0.815 | R=0.809

✅ Epoch 44 | Loss=0.0591 | F1(avg)=0.809 | Sent=0.962 | Urg=0.728 | Top=0.886 | Act=0.662
bert_base_rule_OFF Epoch 45/50: 100%|███████████████████████████████████████████| 20/20 [00:02<00:00,  8.01it/s]

📊 Validation Results (Per Task)
------------------------------------------------------------
sentiment  | F1=0.954 | Acc=0.961 | P=0.963 | R=0.949
urgency    | F1=0.725 | Acc=0.884 | P=0.716 | R=0.740
topic      | F1=0.886 | Acc=0.884 | P=0.898 | R=0.881
action     | F1=0.662 | Acc=0.877 | P=0.673 | R=0.656
------------------------------------------------------------
✅ Overall Avg | F1=0.806 | Acc=0.902 | P=0.813 | R=0.806

✅ Epoch 45 | Loss=0.0566 | F1(avg)=0.806 | Sent=0.954 | Urg=0.725 | Top=0.886 | Act=0.662
bert_base_rule_OFF Epoch 46/50: 100%|███████████████████████████████████████████| 20/20 [00:02<00:00,  8.00it/s]

📊 Validation Results (Per Task)
------------------------------------------------------------
sentiment  | F1=0.955 | Acc=0.961 | P=0.965 | R=0.949
urgency    | F1=0.725 | Acc=0.884 | P=0.716 | R=0.740
topic      | F1=0.886 | Acc=0.884 | P=0.898 | R=0.881
action     | F1=0.662 | Acc=0.877 | P=0.673 | R=0.656
------------------------------------------------------------
✅ Overall Avg | F1=0.807 | Acc=0.902 | P=0.813 | R=0.806

✅ Epoch 46 | Loss=0.0547 | F1(avg)=0.807 | Sent=0.955 | Urg=0.725 | Top=0.886 | Act=0.662
bert_base_rule_OFF Epoch 47/50: 100%|███████████████████████████████████████████| 20/20 [00:02<00:00,  7.97it/s]

📊 Validation Results (Per Task)
------------------------------------------------------------
sentiment  | F1=0.955 | Acc=0.961 | P=0.965 | R=0.949
urgency    | F1=0.725 | Acc=0.884 | P=0.716 | R=0.740
topic      | F1=0.886 | Acc=0.884 | P=0.898 | R=0.881
action     | F1=0.662 | Acc=0.877 | P=0.673 | R=0.656
------------------------------------------------------------
✅ Overall Avg | F1=0.807 | Acc=0.902 | P=0.813 | R=0.806

✅ Epoch 47 | Loss=0.0558 | F1(avg)=0.807 | Sent=0.955 | Urg=0.725 | Top=0.886 | Act=0.662
bert_base_rule_OFF Epoch 48/50: 100%|███████████████████████████████████████████| 20/20 [00:02<00:00,  8.00it/s]

📊 Validation Results (Per Task)
------------------------------------------------------------
sentiment  | F1=0.955 | Acc=0.961 | P=0.965 | R=0.949
urgency    | F1=0.725 | Acc=0.884 | P=0.716 | R=0.740
topic      | F1=0.886 | Acc=0.884 | P=0.898 | R=0.881
action     | F1=0.662 | Acc=0.877 | P=0.673 | R=0.656
------------------------------------------------------------
✅ Overall Avg | F1=0.807 | Acc=0.902 | P=0.813 | R=0.806

✅ Epoch 48 | Loss=0.0570 | F1(avg)=0.807 | Sent=0.955 | Urg=0.725 | Top=0.886 | Act=0.662
bert_base_rule_OFF Epoch 49/50: 100%|███████████████████████████████████████████| 20/20 [00:02<00:00,  8.00it/s]

📊 Validation Results (Per Task)
------------------------------------------------------------
sentiment  | F1=0.955 | Acc=0.961 | P=0.965 | R=0.949
urgency    | F1=0.725 | Acc=0.884 | P=0.716 | R=0.740
topic      | F1=0.886 | Acc=0.884 | P=0.898 | R=0.881
action     | F1=0.662 | Acc=0.877 | P=0.673 | R=0.656
------------------------------------------------------------
✅ Overall Avg | F1=0.807 | Acc=0.902 | P=0.813 | R=0.806

✅ Epoch 49 | Loss=0.0590 | F1(avg)=0.807 | Sent=0.955 | Urg=0.725 | Top=0.886 | Act=0.662
bert_base_rule_OFF Epoch 50/50: 100%|███████████████████████████████████████████| 20/20 [00:02<00:00,  7.86it/s]

📊 Validation Results (Per Task)
------------------------------------------------------------
sentiment  | F1=0.955 | Acc=0.961 | P=0.965 | R=0.949
urgency    | F1=0.725 | Acc=0.884 | P=0.716 | R=0.740
topic      | F1=0.886 | Acc=0.884 | P=0.898 | R=0.881
action     | F1=0.662 | Acc=0.877 | P=0.673 | R=0.656
------------------------------------------------------------
✅ Overall Avg | F1=0.807 | Acc=0.902 | P=0.813 | R=0.806

✅ Epoch 50 | Loss=0.0545 | F1(avg)=0.807 | Sent=0.955 | Urg=0.725 | Top=0.886 | Act=0.662
