2025-11-10 23:31:09,475 INFO    MainThread:2153239 [wandb_init.py:setup_run_log_directory():705] Logging user logs to /home/700050058/project_feedback_analyzer/wandb/run-20251110_233109-2dhro4j7/logs/debug.log
2025-11-10 23:31:09,475 INFO    MainThread:2153239 [wandb_init.py:setup_run_log_directory():706] Logging internal logs to /home/700050058/project_feedback_analyzer/wandb/run-20251110_233109-2dhro4j7/logs/debug-internal.log
2025-11-10 23:31:09,475 INFO    MainThread:2153239 [wandb_init.py:init():832] calling init triggers
2025-11-10 23:31:09,475 INFO    MainThread:2153239 [wandb_init.py:init():837] wandb.init called with sweep_config: {}
config: {'model_name': 'prajjwal1/bert-small', 'exp_name': 'bert_small_lr3e-5_uf2', 'lr': 3e-05, 'epochs': 50, 'unfreeze_layers': 2, 'use_rule': True, '_wandb': {}}
2025-11-10 23:31:09,475 INFO    MainThread:2153239 [wandb_init.py:init():880] starting backend
2025-11-10 23:31:09,475 INFO    MainThread:2153239 [wandb_init.py:init():883] sending inform_init request
2025-11-10 23:31:09,479 INFO    MainThread:2153239 [wandb_init.py:init():891] backend started and connected
2025-11-10 23:31:09,483 INFO    MainThread:2153239 [wandb_init.py:init():961] updated telemetry
2025-11-10 23:31:09,483 INFO    MainThread:2153239 [wandb_init.py:init():985] communicating run to backend with 90.0 second timeout
2025-11-10 23:31:10,482 INFO    MainThread:2153239 [wandb_init.py:init():1036] starting run threads in backend
2025-11-10 23:31:10,722 INFO    MainThread:2153239 [wandb_run.py:_console_start():2506] atexit reg
2025-11-10 23:31:10,722 INFO    MainThread:2153239 [wandb_run.py:_redirect():2354] redirect: wrap_raw
2025-11-10 23:31:10,722 INFO    MainThread:2153239 [wandb_run.py:_redirect():2423] Wrapping output streams.
2025-11-10 23:31:10,722 INFO    MainThread:2153239 [wandb_run.py:_redirect():2446] Redirects installed.
2025-11-10 23:31:10,724 INFO    MainThread:2153239 [wandb_init.py:init():1076] run started, returning control to user process
2025-11-10 23:31:12,658 INFO    MainThread:2153239 [wandb_watch.py:_watch():68] Watching
2025-11-10 23:31:58,422 INFO    MainThread:2153239 [wandb_run.py:_finish():2272] finishing run mjc030225-npu/FeedbackAnalyzer/2dhro4j7
2025-11-10 23:31:58,423 INFO    MainThread:2153239 [wandb_run.py:_atexit_cleanup():2471] got exitcode: 0
2025-11-10 23:31:58,423 INFO    MainThread:2153239 [wandb_run.py:_restore():2453] restore
2025-11-10 23:31:58,424 INFO    MainThread:2153239 [wandb_run.py:_restore():2459] restore done
2025-11-10 23:32:00,612 INFO    MainThread:2153239 [wandb_run.py:_footer_sync_info():3869] logging synced files
