bert_base_lr2e-5_uf2 Epoch 1/50: 100%|█| 39/39 [00:02<0

📊 Validation Results (Per Task)
------------------------------------------------------------
sentiment  | F1=0.344 | Acc=0.535 | P=0.402 | R=0.411
urgency    | F1=0.410 | Acc=0.677 | P=0.489 | R=0.431
topic      | F1=0.190 | Acc=0.323 | P=0.331 | R=0.248
action     | F1=0.165 | Acc=0.548 | P=0.228 | R=0.196
------------------------------------------------------------
✅ Overall Avg | F1=0.277 | Acc=0.521 | P=0.362 | R=0.322

✅ Epoch 1 | Loss=1.3851 | F1(avg)=0.277 | Sent=0.344 | Urg=0.410 | Top=0.190 | Act=0.165
bert_base_lr2e-5_uf2 Epoch 2/50: 100%|█| 39/39 [00:02<0

📊 Validation Results (Per Task)
------------------------------------------------------------
sentiment  | F1=0.797 | Acc=0.858 | P=0.888 | R=0.798
urgency    | F1=0.595 | Acc=0.871 | P=0.575 | R=0.616
topic      | F1=0.565 | Acc=0.671 | P=0.580 | R=0.595
action     | F1=0.258 | Acc=0.652 | P=0.377 | R=0.300
------------------------------------------------------------
✅ Overall Avg | F1=0.554 | Acc=0.763 | P=0.605 | R=0.577

✅ Epoch 2 | Loss=1.0766 | F1(avg)=0.554 | Sent=0.797 | Urg=0.595 | Top=0.565 | Act=0.258
bert_base_lr2e-5_uf2 Epoch 3/50: 100%|█| 39/39 [00:02<0

📊 Validation Results (Per Task)
------------------------------------------------------------
sentiment  | F1=0.869 | Acc=0.897 | P=0.903 | R=0.861
urgency    | F1=0.605 | Acc=0.884 | P=0.583 | R=0.630
topic      | F1=0.662 | Acc=0.748 | P=0.642 | R=0.685
action     | F1=0.356 | Acc=0.735 | P=0.391 | R=0.384
------------------------------------------------------------
✅ Overall Avg | F1=0.623 | Acc=0.816 | P=0.630 | R=0.640

✅ Epoch 3 | Loss=0.8034 | F1(avg)=0.623 | Sent=0.869 | Urg=0.605 | Top=0.662 | Act=0.356
bert_base_lr2e-5_uf2 Epoch 4/50: 100%|█| 39/39 [00:02<0

📊 Validation Results (Per Task)
------------------------------------------------------------
sentiment  | F1=0.888 | Acc=0.910 | P=0.914 | R=0.879
urgency    | F1=0.691 | Acc=0.884 | P=0.708 | R=0.689
topic      | F1=0.734 | Acc=0.787 | P=0.826 | R=0.724
action     | F1=0.389 | Acc=0.774 | P=0.380 | R=0.423
------------------------------------------------------------
✅ Overall Avg | F1=0.676 | Acc=0.839 | P=0.707 | R=0.679

✅ Epoch 4 | Loss=0.6147 | F1(avg)=0.676 | Sent=0.888 | Urg=0.691 | Top=0.734 | Act=0.389
bert_base_lr2e-5_uf2 Epoch 5/50: 100%|█| 39/39 [00:02<0

📊 Validation Results (Per Task)
------------------------------------------------------------
sentiment  | F1=0.901 | Acc=0.923 | P=0.932 | R=0.894
urgency    | F1=0.705 | Acc=0.877 | P=0.700 | R=0.713
topic      | F1=0.850 | Acc=0.852 | P=0.881 | R=0.833
action     | F1=0.481 | Acc=0.800 | P=0.547 | R=0.485
------------------------------------------------------------
✅ Overall Avg | F1=0.734 | Acc=0.863 | P=0.765 | R=0.731

✅ Epoch 5 | Loss=0.4999 | F1(avg)=0.734 | Sent=0.901 | Urg=0.705 | Top=0.850 | Act=0.481
bert_base_lr2e-5_uf2 Epoch 6/50: 100%|█| 39/39 [00:02<0

📊 Validation Results (Per Task)
------------------------------------------------------------
sentiment  | F1=0.901 | Acc=0.923 | P=0.932 | R=0.894
urgency    | F1=0.712 | Acc=0.884 | P=0.710 | R=0.717
topic      | F1=0.843 | Acc=0.845 | P=0.870 | R=0.827
action     | F1=0.538 | Acc=0.826 | P=0.594 | R=0.526
------------------------------------------------------------
✅ Overall Avg | F1=0.748 | Acc=0.869 | P=0.777 | R=0.741

✅ Epoch 6 | Loss=0.4209 | F1(avg)=0.748 | Sent=0.901 | Urg=0.712 | Top=0.843 | Act=0.538
bert_base_lr2e-5_uf2 Epoch 7/50: 100%|█| 39/39 [00:02<0

📊 Validation Results (Per Task)
------------------------------------------------------------
sentiment  | F1=0.892 | Acc=0.916 | P=0.928 | R=0.884
urgency    | F1=0.609 | Acc=0.884 | P=0.591 | R=0.634
topic      | F1=0.841 | Acc=0.845 | P=0.865 | R=0.827
action     | F1=0.540 | Acc=0.832 | P=0.585 | R=0.533
------------------------------------------------------------
✅ Overall Avg | F1=0.721 | Acc=0.869 | P=0.742 | R=0.720

✅ Epoch 7 | Loss=0.3744 | F1(avg)=0.721 | Sent=0.892 | Urg=0.609 | Top=0.841 | Act=0.540
bert_base_lr2e-5_uf2 Epoch 8/50: 100%|█| 39/39 [00:02<0

📊 Validation Results (Per Task)
------------------------------------------------------------
sentiment  | F1=0.901 | Acc=0.923 | P=0.932 | R=0.894
urgency    | F1=0.718 | Acc=0.877 | P=0.710 | R=0.736
topic      | F1=0.848 | Acc=0.852 | P=0.877 | R=0.832
action     | F1=0.542 | Acc=0.832 | P=0.589 | R=0.533
------------------------------------------------------------
✅ Overall Avg | F1=0.752 | Acc=0.871 | P=0.777 | R=0.749

✅ Epoch 8 | Loss=0.3333 | F1(avg)=0.752 | Sent=0.901 | Urg=0.718 | Top=0.848 | Act=0.542
bert_base_lr2e-5_uf2 Epoch 9/50: 100%|█| 39/39 [00:02<0

📊 Validation Results (Per Task)
------------------------------------------------------------
sentiment  | F1=0.910 | Acc=0.929 | P=0.937 | R=0.903
urgency    | F1=0.716 | Acc=0.890 | P=0.714 | R=0.720
topic      | F1=0.868 | Acc=0.865 | P=0.878 | R=0.862
action     | F1=0.597 | Acc=0.845 | P=0.635 | R=0.581
------------------------------------------------------------
✅ Overall Avg | F1=0.773 | Acc=0.882 | P=0.791 | R=0.767

✅ Epoch 9 | Loss=0.3018 | F1(avg)=0.773 | Sent=0.910 | Urg=0.716 | Top=0.868 | Act=0.597
bert_base_lr2e-5_uf2 Epoch 10/50: 100%|█| 39/39 [00:02<

📊 Validation Results (Per Task)
------------------------------------------------------------
sentiment  | F1=0.902 | Acc=0.923 | P=0.933 | R=0.894
urgency    | F1=0.713 | Acc=0.884 | P=0.710 | R=0.719
topic      | F1=0.853 | Acc=0.858 | P=0.884 | R=0.837
action     | F1=0.549 | Acc=0.832 | P=0.587 | R=0.541
------------------------------------------------------------
✅ Overall Avg | F1=0.754 | Acc=0.874 | P=0.778 | R=0.748

✅ Epoch 10 | Loss=0.2742 | F1(avg)=0.754 | Sent=0.902 | Urg=0.713 | Top=0.853 | Act=0.549
bert_base_lr2e-5_uf2 Epoch 11/50: 100%|█| 39/39 [00:02<

📊 Validation Results (Per Task)
------------------------------------------------------------
sentiment  | F1=0.902 | Acc=0.923 | P=0.933 | R=0.894
urgency    | F1=0.732 | Acc=0.884 | P=0.724 | R=0.744
topic      | F1=0.881 | Acc=0.877 | P=0.890 | R=0.875
action     | F1=0.588 | Acc=0.839 | P=0.621 | R=0.575
------------------------------------------------------------
✅ Overall Avg | F1=0.776 | Acc=0.881 | P=0.792 | R=0.772

✅ Epoch 11 | Loss=0.2533 | F1(avg)=0.776 | Sent=0.902 | Urg=0.732 | Top=0.881 | Act=0.588
bert_base_lr2e-5_uf2 Epoch 12/50: 100%|█| 39/39 [00:02<

📊 Validation Results (Per Task)
------------------------------------------------------------
sentiment  | F1=0.928 | Acc=0.942 | P=0.948 | R=0.921
urgency    | F1=0.733 | Acc=0.897 | P=0.749 | R=0.729
topic      | F1=0.857 | Acc=0.858 | P=0.875 | R=0.845
action     | F1=0.592 | Acc=0.845 | P=0.608 | R=0.585
------------------------------------------------------------
✅ Overall Avg | F1=0.777 | Acc=0.885 | P=0.795 | R=0.770

✅ Epoch 12 | Loss=0.2335 | F1(avg)=0.777 | Sent=0.928 | Urg=0.733 | Top=0.857 | Act=0.592
bert_base_lr2e-5_uf2 Epoch 13/50: 100%|█| 39/39 [00:02<

📊 Validation Results (Per Task)
------------------------------------------------------------
sentiment  | F1=0.919 | Acc=0.935 | P=0.942 | R=0.912
urgency    | F1=0.705 | Acc=0.877 | P=0.700 | R=0.713
topic      | F1=0.867 | Acc=0.865 | P=0.888 | R=0.860
action     | F1=0.559 | Acc=0.839 | P=0.594 | R=0.552
------------------------------------------------------------
✅ Overall Avg | F1=0.763 | Acc=0.879 | P=0.781 | R=0.759

✅ Epoch 13 | Loss=0.2190 | F1(avg)=0.763 | Sent=0.919 | Urg=0.705 | Top=0.867 | Act=0.559
bert_base_lr2e-5_uf2 Epoch 14/50: 100%|█| 39/39 [00:02<

📊 Validation Results (Per Task)
------------------------------------------------------------
sentiment  | F1=0.928 | Acc=0.942 | P=0.947 | R=0.921
urgency    | F1=0.727 | Acc=0.877 | P=0.719 | R=0.738
topic      | F1=0.880 | Acc=0.877 | P=0.891 | R=0.874
action     | F1=0.592 | Acc=0.845 | P=0.608 | R=0.585
------------------------------------------------------------
✅ Overall Avg | F1=0.781 | Acc=0.885 | P=0.791 | R=0.779

✅ Epoch 14 | Loss=0.2020 | F1(avg)=0.781 | Sent=0.928 | Urg=0.727 | Top=0.880 | Act=0.592
bert_base_lr2e-5_uf2 Epoch 15/50: 100%|█| 39/39 [00:02<

📊 Validation Results (Per Task)
------------------------------------------------------------
sentiment  | F1=0.928 | Acc=0.942 | P=0.947 | R=0.921
urgency    | F1=0.751 | Acc=0.897 | P=0.748 | R=0.756
topic      | F1=0.873 | Acc=0.871 | P=0.883 | R=0.867
action     | F1=0.602 | Acc=0.852 | P=0.620 | R=0.595
------------------------------------------------------------
✅ Overall Avg | F1=0.788 | Acc=0.890 | P=0.799 | R=0.785

✅ Epoch 15 | Loss=0.1868 | F1(avg)=0.788 | Sent=0.928 | Urg=0.751 | Top=0.873 | Act=0.602
bert_base_lr2e-5_uf2 Epoch 16/50: 100%|█| 39/39 [00:02<

📊 Validation Results (Per Task)
------------------------------------------------------------
sentiment  | F1=0.945 | Acc=0.955 | P=0.958 | R=0.940
urgency    | F1=0.762 | Acc=0.897 | P=0.750 | R=0.779
topic      | F1=0.880 | Acc=0.877 | P=0.888 | R=0.875
action     | F1=0.602 | Acc=0.852 | P=0.620 | R=0.595
------------------------------------------------------------
✅ Overall Avg | F1=0.797 | Acc=0.895 | P=0.804 | R=0.797

✅ Epoch 16 | Loss=0.1785 | F1(avg)=0.797 | Sent=0.945 | Urg=0.762 | Top=0.880 | Act=0.602
bert_base_lr2e-5_uf2 Epoch 17/50: 100%|█| 39/39 [00:02<

📊 Validation Results (Per Task)
------------------------------------------------------------
sentiment  | F1=0.937 | Acc=0.948 | P=0.946 | R=0.933
urgency    | F1=0.757 | Acc=0.890 | P=0.745 | R=0.773
topic      | F1=0.867 | Acc=0.865 | P=0.878 | R=0.859
action     | F1=0.646 | Acc=0.865 | P=0.664 | R=0.639
------------------------------------------------------------
✅ Overall Avg | F1=0.801 | Acc=0.892 | P=0.808 | R=0.801

✅ Epoch 17 | Loss=0.1612 | F1(avg)=0.801 | Sent=0.937 | Urg=0.757 | Top=0.867 | Act=0.646
bert_base_lr2e-5_uf2 Epoch 18/50: 100%|█| 39/39 [00:02<

📊 Validation Results (Per Task)
------------------------------------------------------------
sentiment  | F1=0.953 | Acc=0.961 | P=0.962 | R=0.949
urgency    | F1=0.763 | Acc=0.890 | P=0.752 | R=0.777
topic      | F1=0.873 | Acc=0.871 | P=0.886 | R=0.866
action     | F1=0.639 | Acc=0.858 | P=0.656 | R=0.630
------------------------------------------------------------
✅ Overall Avg | F1=0.807 | Acc=0.895 | P=0.814 | R=0.805

✅ Epoch 18 | Loss=0.1561 | F1(avg)=0.807 | Sent=0.953 | Urg=0.763 | Top=0.873 | Act=0.639
bert_base_lr2e-5_uf2 Epoch 19/50: 100%|█| 39/39 [00:02<

📊 Validation Results (Per Task)
------------------------------------------------------------
sentiment  | F1=0.945 | Acc=0.955 | P=0.958 | R=0.940
urgency    | F1=0.777 | Acc=0.903 | P=0.770 | R=0.787
topic      | F1=0.880 | Acc=0.877 | P=0.891 | R=0.874
action     | F1=0.648 | Acc=0.865 | P=0.663 | R=0.640
------------------------------------------------------------
✅ Overall Avg | F1=0.812 | Acc=0.900 | P=0.820 | R=0.810

✅ Epoch 19 | Loss=0.1476 | F1(avg)=0.812 | Sent=0.945 | Urg=0.777 | Top=0.880 | Act=0.648
bert_base_lr2e-5_uf2 Epoch 20/50: 100%|█| 39/39 [00:02<

📊 Validation Results (Per Task)
------------------------------------------------------------
sentiment  | F1=0.953 | Acc=0.961 | P=0.962 | R=0.949
urgency    | F1=0.761 | Acc=0.897 | P=0.751 | R=0.777
topic      | F1=0.873 | Acc=0.871 | P=0.883 | R=0.867
action     | F1=0.658 | Acc=0.871 | P=0.674 | R=0.650
------------------------------------------------------------
✅ Overall Avg | F1=0.811 | Acc=0.900 | P=0.818 | R=0.811

✅ Epoch 20 | Loss=0.1372 | F1(avg)=0.811 | Sent=0.953 | Urg=0.761 | Top=0.873 | Act=0.658
bert_base_lr2e-5_uf2 Epoch 21/50: 100%|█| 39/39 [00:02<

📊 Validation Results (Per Task)
------------------------------------------------------------
sentiment  | F1=0.953 | Acc=0.961 | P=0.962 | R=0.949
urgency    | F1=0.758 | Acc=0.890 | P=0.746 | R=0.775
topic      | F1=0.880 | Acc=0.877 | P=0.891 | R=0.874
action     | F1=0.639 | Acc=0.858 | P=0.656 | R=0.630
------------------------------------------------------------
✅ Overall Avg | F1=0.807 | Acc=0.897 | P=0.814 | R=0.807

✅ Epoch 21 | Loss=0.1319 | F1(avg)=0.807 | Sent=0.953 | Urg=0.758 | Top=0.880 | Act=0.639
bert_base_lr2e-5_uf2 Epoch 22/50: 100%|█| 39/39 [00:02<

📊 Validation Results (Per Task)
------------------------------------------------------------
sentiment  | F1=0.953 | Acc=0.961 | P=0.957 | R=0.951
urgency    | F1=0.788 | Acc=0.910 | P=0.786 | R=0.791
topic      | F1=0.873 | Acc=0.871 | P=0.886 | R=0.866
action     | F1=0.665 | Acc=0.877 | P=0.676 | R=0.661
------------------------------------------------------------
✅ Overall Avg | F1=0.820 | Acc=0.905 | P=0.826 | R=0.817

✅ Epoch 22 | Loss=0.1282 | F1(avg)=0.820 | Sent=0.953 | Urg=0.788 | Top=0.873 | Act=0.665
bert_base_lr2e-5_uf2 Epoch 23/50: 100%|█| 39/39 [00:02<

📊 Validation Results (Per Task)
------------------------------------------------------------
sentiment  | F1=0.937 | Acc=0.948 | P=0.946 | R=0.933
urgency    | F1=0.793 | Acc=0.916 | P=0.791 | R=0.797
topic      | F1=0.867 | Acc=0.865 | P=0.878 | R=0.859
action     | F1=0.656 | Acc=0.871 | P=0.669 | R=0.650
------------------------------------------------------------
✅ Overall Avg | F1=0.813 | Acc=0.900 | P=0.821 | R=0.810

✅ Epoch 23 | Loss=0.1204 | F1(avg)=0.813 | Sent=0.937 | Urg=0.793 | Top=0.867 | Act=0.656
bert_base_lr2e-5_uf2 Epoch 24/50: 100%|█| 39/39 [00:02<

📊 Validation Results (Per Task)
------------------------------------------------------------
sentiment  | F1=0.937 | Acc=0.948 | P=0.946 | R=0.933
urgency    | F1=0.758 | Acc=0.890 | P=0.746 | R=0.775
topic      | F1=0.873 | Acc=0.871 | P=0.886 | R=0.866
action     | F1=0.656 | Acc=0.871 | P=0.669 | R=0.650
------------------------------------------------------------
✅ Overall Avg | F1=0.806 | Acc=0.895 | P=0.812 | R=0.806

✅ Epoch 24 | Loss=0.1157 | F1(avg)=0.806 | Sent=0.937 | Urg=0.758 | Top=0.873 | Act=0.656
bert_base_lr2e-5_uf2 Epoch 25/50: 100%|█| 39/39 [00:02<

📊 Validation Results (Per Task)
------------------------------------------------------------
sentiment  | F1=0.945 | Acc=0.955 | P=0.958 | R=0.940
urgency    | F1=0.783 | Acc=0.910 | P=0.775 | R=0.793
topic      | F1=0.873 | Acc=0.871 | P=0.886 | R=0.866
action     | F1=0.665 | Acc=0.877 | P=0.676 | R=0.661
------------------------------------------------------------
✅ Overall Avg | F1=0.816 | Acc=0.903 | P=0.824 | R=0.815

✅ Epoch 25 | Loss=0.1102 | F1(avg)=0.816 | Sent=0.945 | Urg=0.783 | Top=0.873 | Act=0.665
bert_base_lr2e-5_uf2 Epoch 26/50: 100%|█| 39/39 [00:02<

📊 Validation Results (Per Task)
------------------------------------------------------------
sentiment  | F1=0.945 | Acc=0.955 | P=0.951 | R=0.942
urgency    | F1=0.771 | Acc=0.903 | P=0.762 | R=0.783
topic      | F1=0.873 | Acc=0.871 | P=0.886 | R=0.866
action     | F1=0.656 | Acc=0.871 | P=0.669 | R=0.650
------------------------------------------------------------
✅ Overall Avg | F1=0.811 | Acc=0.900 | P=0.817 | R=0.810

✅ Epoch 26 | Loss=0.1052 | F1(avg)=0.811 | Sent=0.945 | Urg=0.771 | Top=0.873 | Act=0.656
bert_base_lr2e-5_uf2 Epoch 27/50: 100%|█| 39/39 [00:02<

📊 Validation Results (Per Task)
------------------------------------------------------------
sentiment  | F1=0.945 | Acc=0.955 | P=0.951 | R=0.942
urgency    | F1=0.803 | Acc=0.923 | P=0.810 | R=0.798
topic      | F1=0.868 | Acc=0.865 | P=0.876 | R=0.864
action     | F1=0.665 | Acc=0.877 | P=0.676 | R=0.661
------------------------------------------------------------
✅ Overall Avg | F1=0.820 | Acc=0.905 | P=0.828 | R=0.816

✅ Epoch 27 | Loss=0.1020 | F1(avg)=0.820 | Sent=0.945 | Urg=0.803 | Top=0.868 | Act=0.665
bert_base_lr2e-5_uf2 Epoch 28/50: 100%|█| 39/39 [00:02<

📊 Validation Results (Per Task)
------------------------------------------------------------
sentiment  | F1=0.937 | Acc=0.948 | P=0.946 | R=0.933
urgency    | F1=0.782 | Acc=0.910 | P=0.775 | R=0.789
topic      | F1=0.873 | Acc=0.871 | P=0.886 | R=0.866
action     | F1=0.641 | Acc=0.865 | P=0.643 | R=0.644
------------------------------------------------------------
✅ Overall Avg | F1=0.808 | Acc=0.898 | P=0.813 | R=0.808

✅ Epoch 28 | Loss=0.0976 | F1(avg)=0.808 | Sent=0.937 | Urg=0.782 | Top=0.873 | Act=0.641
bert_base_lr2e-5_uf2 Epoch 29/50: 100%|█| 39/39 [00:02<

📊 Validation Results (Per Task)
------------------------------------------------------------
sentiment  | F1=0.937 | Acc=0.948 | P=0.946 | R=0.933
urgency    | F1=0.788 | Acc=0.910 | P=0.786 | R=0.791
topic      | F1=0.880 | Acc=0.877 | P=0.896 | R=0.872
action     | F1=0.665 | Acc=0.877 | P=0.676 | R=0.661
------------------------------------------------------------
✅ Overall Avg | F1=0.817 | Acc=0.903 | P=0.826 | R=0.814

✅ Epoch 29 | Loss=0.0928 | F1(avg)=0.817 | Sent=0.937 | Urg=0.788 | Top=0.880 | Act=0.665
bert_base_lr2e-5_uf2 Epoch 30/50: 100%|█| 39/39 [00:02<

📊 Validation Results (Per Task)
------------------------------------------------------------
sentiment  | F1=0.937 | Acc=0.948 | P=0.946 | R=0.933
urgency    | F1=0.787 | Acc=0.916 | P=0.780 | R=0.795
topic      | F1=0.873 | Acc=0.871 | P=0.886 | R=0.866
action     | F1=0.656 | Acc=0.871 | P=0.669 | R=0.650
------------------------------------------------------------
✅ Overall Avg | F1=0.813 | Acc=0.902 | P=0.820 | R=0.811

✅ Epoch 30 | Loss=0.0903 | F1(avg)=0.813 | Sent=0.937 | Urg=0.787 | Top=0.873 | Act=0.656
bert_base_lr2e-5_uf2 Epoch 31/50: 100%|█| 39/39 [00:02<

📊 Validation Results (Per Task)
------------------------------------------------------------
sentiment  | F1=0.937 | Acc=0.948 | P=0.946 | R=0.933
urgency    | F1=0.771 | Acc=0.903 | P=0.762 | R=0.783
topic      | F1=0.873 | Acc=0.871 | P=0.886 | R=0.866
action     | F1=0.654 | Acc=0.877 | P=0.660 | R=0.656
------------------------------------------------------------
✅ Overall Avg | F1=0.809 | Acc=0.900 | P=0.814 | R=0.809

✅ Epoch 31 | Loss=0.0916 | F1(avg)=0.809 | Sent=0.937 | Urg=0.771 | Top=0.873 | Act=0.654
bert_base_lr2e-5_uf2 Epoch 32/50: 100%|█| 39/39 [00:02<

📊 Validation Results (Per Task)
------------------------------------------------------------
sentiment  | F1=0.937 | Acc=0.948 | P=0.946 | R=0.933
urgency    | F1=0.786 | Acc=0.910 | P=0.786 | R=0.786
topic      | F1=0.868 | Acc=0.865 | P=0.879 | R=0.862
action     | F1=0.656 | Acc=0.871 | P=0.669 | R=0.650
------------------------------------------------------------
✅ Overall Avg | F1=0.812 | Acc=0.898 | P=0.820 | R=0.808

✅ Epoch 32 | Loss=0.0851 | F1(avg)=0.812 | Sent=0.937 | Urg=0.786 | Top=0.868 | Act=0.656
bert_base_lr2e-5_uf2 Epoch 33/50: 100%|█| 39/39 [00:02<

📊 Validation Results (Per Task)
------------------------------------------------------------
sentiment  | F1=0.937 | Acc=0.948 | P=0.946 | R=0.933
urgency    | F1=0.788 | Acc=0.910 | P=0.786 | R=0.791
topic      | F1=0.868 | Acc=0.865 | P=0.879 | R=0.862
action     | F1=0.680 | Acc=0.877 | P=0.680 | R=0.684
------------------------------------------------------------
✅ Overall Avg | F1=0.818 | Acc=0.900 | P=0.823 | R=0.817

✅ Epoch 33 | Loss=0.0914 | F1(avg)=0.818 | Sent=0.937 | Urg=0.788 | Top=0.868 | Act=0.680
bert_base_lr2e-5_uf2 Epoch 34/50: 100%|█| 39/39 [00:02<

📊 Validation Results (Per Task)
------------------------------------------------------------
sentiment  | F1=0.945 | Acc=0.955 | P=0.951 | R=0.942
urgency    | F1=0.775 | Acc=0.903 | P=0.771 | R=0.780
topic      | F1=0.874 | Acc=0.871 | P=0.884 | R=0.870
action     | F1=0.641 | Acc=0.865 | P=0.643 | R=0.644
------------------------------------------------------------
✅ Overall Avg | F1=0.809 | Acc=0.898 | P=0.812 | R=0.809

✅ Epoch 34 | Loss=0.0816 | F1(avg)=0.809 | Sent=0.945 | Urg=0.775 | Top=0.874 | Act=0.641
bert_base_lr2e-5_uf2 Epoch 35/50: 100%|█| 39/39 [00:02<

📊 Validation Results (Per Task)
------------------------------------------------------------
sentiment  | F1=0.937 | Acc=0.948 | P=0.946 | R=0.933
urgency    | F1=0.771 | Acc=0.903 | P=0.762 | R=0.783
topic      | F1=0.868 | Acc=0.865 | P=0.879 | R=0.862
action     | F1=0.641 | Acc=0.865 | P=0.643 | R=0.644
------------------------------------------------------------
✅ Overall Avg | F1=0.804 | Acc=0.895 | P=0.808 | R=0.805

✅ Epoch 35 | Loss=0.0836 | F1(avg)=0.804 | Sent=0.937 | Urg=0.771 | Top=0.868 | Act=0.641
bert_base_lr2e-5_uf2 Epoch 36/50: 100%|█| 39/39 [00:02<

📊 Validation Results (Per Task)
------------------------------------------------------------
sentiment  | F1=0.937 | Acc=0.948 | P=0.946 | R=0.933
urgency    | F1=0.756 | Acc=0.890 | P=0.746 | R=0.771
topic      | F1=0.868 | Acc=0.865 | P=0.879 | R=0.862
action     | F1=0.649 | Acc=0.871 | P=0.650 | R=0.654
------------------------------------------------------------
✅ Overall Avg | F1=0.802 | Acc=0.894 | P=0.805 | R=0.805

✅ Epoch 36 | Loss=0.0777 | F1(avg)=0.802 | Sent=0.937 | Urg=0.756 | Top=0.868 | Act=0.649
bert_base_lr2e-5_uf2 Epoch 37/50: 100%|█| 39/39 [00:02<

📊 Validation Results (Per Task)
------------------------------------------------------------
sentiment  | F1=0.937 | Acc=0.948 | P=0.946 | R=0.933
urgency    | F1=0.771 | Acc=0.903 | P=0.762 | R=0.783
topic      | F1=0.873 | Acc=0.871 | P=0.884 | R=0.868
action     | F1=0.656 | Acc=0.871 | P=0.669 | R=0.650
------------------------------------------------------------
✅ Overall Avg | F1=0.809 | Acc=0.898 | P=0.815 | R=0.808

✅ Epoch 37 | Loss=0.0750 | F1(avg)=0.809 | Sent=0.937 | Urg=0.771 | Top=0.873 | Act=0.656
bert_base_lr2e-5_uf2 Epoch 38/50: 100%|█| 39/39 [00:02<

📊 Validation Results (Per Task)
------------------------------------------------------------
sentiment  | F1=0.937 | Acc=0.948 | P=0.946 | R=0.933
urgency    | F1=0.776 | Acc=0.910 | P=0.767 | R=0.789
topic      | F1=0.868 | Acc=0.865 | P=0.879 | R=0.862
action     | F1=0.656 | Acc=0.871 | P=0.669 | R=0.650
------------------------------------------------------------
✅ Overall Avg | F1=0.809 | Acc=0.898 | P=0.815 | R=0.808

✅ Epoch 38 | Loss=0.0762 | F1(avg)=0.809 | Sent=0.937 | Urg=0.776 | Top=0.868 | Act=0.656
bert_base_lr2e-5_uf2 Epoch 39/50: 100%|█| 39/39 [00:02<

📊 Validation Results (Per Task)
------------------------------------------------------------
sentiment  | F1=0.937 | Acc=0.948 | P=0.946 | R=0.933
urgency    | F1=0.756 | Acc=0.890 | P=0.746 | R=0.771
topic      | F1=0.868 | Acc=0.865 | P=0.879 | R=0.862
action     | F1=0.641 | Acc=0.865 | P=0.643 | R=0.644
------------------------------------------------------------
✅ Overall Avg | F1=0.800 | Acc=0.892 | P=0.804 | R=0.802

✅ Epoch 39 | Loss=0.0772 | F1(avg)=0.800 | Sent=0.937 | Urg=0.756 | Top=0.868 | Act=0.641
bert_base_lr2e-5_uf2 Epoch 40/50: 100%|█| 39/39 [00:02<

📊 Validation Results (Per Task)
------------------------------------------------------------
sentiment  | F1=0.937 | Acc=0.948 | P=0.946 | R=0.933
urgency    | F1=0.766 | Acc=0.903 | P=0.755 | R=0.783
topic      | F1=0.868 | Acc=0.865 | P=0.879 | R=0.862
action     | F1=0.641 | Acc=0.865 | P=0.643 | R=0.644
------------------------------------------------------------
✅ Overall Avg | F1=0.803 | Acc=0.895 | P=0.806 | R=0.805

✅ Epoch 40 | Loss=0.0736 | F1(avg)=0.803 | Sent=0.937 | Urg=0.766 | Top=0.868 | Act=0.641
bert_base_lr2e-5_uf2 Epoch 41/50: 100%|█| 39/39 [00:02<

📊 Validation Results (Per Task)
------------------------------------------------------------
sentiment  | F1=0.937 | Acc=0.948 | P=0.946 | R=0.933
urgency    | F1=0.756 | Acc=0.890 | P=0.746 | R=0.771
topic      | F1=0.868 | Acc=0.865 | P=0.879 | R=0.862
action     | F1=0.656 | Acc=0.871 | P=0.669 | R=0.650
------------------------------------------------------------
✅ Overall Avg | F1=0.804 | Acc=0.894 | P=0.810 | R=0.804

✅ Epoch 41 | Loss=0.0712 | F1(avg)=0.804 | Sent=0.937 | Urg=0.756 | Top=0.868 | Act=0.656
bert_base_lr2e-5_uf2 Epoch 42/50: 100%|█| 39/39 [00:02<

📊 Validation Results (Per Task)
------------------------------------------------------------
sentiment  | F1=0.937 | Acc=0.948 | P=0.946 | R=0.933
urgency    | F1=0.756 | Acc=0.890 | P=0.746 | R=0.771
topic      | F1=0.868 | Acc=0.865 | P=0.879 | R=0.862
action     | F1=0.656 | Acc=0.871 | P=0.669 | R=0.650
------------------------------------------------------------
✅ Overall Avg | F1=0.804 | Acc=0.894 | P=0.810 | R=0.804

✅ Epoch 42 | Loss=0.0697 | F1(avg)=0.804 | Sent=0.937 | Urg=0.756 | Top=0.868 | Act=0.656
bert_base_lr2e-5_uf2 Epoch 43/50: 100%|█| 39/39 [00:02<

📊 Validation Results (Per Task)
------------------------------------------------------------
sentiment  | F1=0.937 | Acc=0.948 | P=0.946 | R=0.933
urgency    | F1=0.756 | Acc=0.890 | P=0.746 | R=0.771
topic      | F1=0.868 | Acc=0.865 | P=0.879 | R=0.862
action     | F1=0.656 | Acc=0.871 | P=0.669 | R=0.650
------------------------------------------------------------
✅ Overall Avg | F1=0.804 | Acc=0.894 | P=0.810 | R=0.804

✅ Epoch 43 | Loss=0.0720 | F1(avg)=0.804 | Sent=0.937 | Urg=0.756 | Top=0.868 | Act=0.656
bert_base_lr2e-5_uf2 Epoch 44/50: 100%|█| 39/39 [00:02<

📊 Validation Results (Per Task)
------------------------------------------------------------
sentiment  | F1=0.937 | Acc=0.948 | P=0.946 | R=0.933
urgency    | F1=0.756 | Acc=0.890 | P=0.746 | R=0.771
topic      | F1=0.868 | Acc=0.865 | P=0.879 | R=0.862
action     | F1=0.649 | Acc=0.871 | P=0.650 | R=0.654
------------------------------------------------------------
✅ Overall Avg | F1=0.802 | Acc=0.894 | P=0.805 | R=0.805

✅ Epoch 44 | Loss=0.0677 | F1(avg)=0.802 | Sent=0.937 | Urg=0.756 | Top=0.868 | Act=0.649
bert_base_lr2e-5_uf2 Epoch 45/50: 100%|█| 39/39 [00:02<

📊 Validation Results (Per Task)
------------------------------------------------------------
sentiment  | F1=0.937 | Acc=0.948 | P=0.946 | R=0.933
urgency    | F1=0.756 | Acc=0.890 | P=0.746 | R=0.771
topic      | F1=0.868 | Acc=0.865 | P=0.879 | R=0.862
action     | F1=0.641 | Acc=0.865 | P=0.643 | R=0.644
------------------------------------------------------------
✅ Overall Avg | F1=0.800 | Acc=0.892 | P=0.804 | R=0.802

✅ Epoch 45 | Loss=0.0686 | F1(avg)=0.800 | Sent=0.937 | Urg=0.756 | Top=0.868 | Act=0.641
bert_base_lr2e-5_uf2 Epoch 46/50: 100%|█| 39/39 [00:02<

📊 Validation Results (Per Task)
------------------------------------------------------------
sentiment  | F1=0.937 | Acc=0.948 | P=0.946 | R=0.933
urgency    | F1=0.756 | Acc=0.890 | P=0.746 | R=0.771
topic      | F1=0.873 | Acc=0.871 | P=0.884 | R=0.868
action     | F1=0.641 | Acc=0.865 | P=0.643 | R=0.644
------------------------------------------------------------
✅ Overall Avg | F1=0.802 | Acc=0.894 | P=0.805 | R=0.804

✅ Epoch 46 | Loss=0.0655 | F1(avg)=0.802 | Sent=0.937 | Urg=0.756 | Top=0.873 | Act=0.641
bert_base_lr2e-5_uf2 Epoch 47/50: 100%|█| 39/39 [00:02<

📊 Validation Results (Per Task)
------------------------------------------------------------
sentiment  | F1=0.937 | Acc=0.948 | P=0.946 | R=0.933
urgency    | F1=0.756 | Acc=0.890 | P=0.746 | R=0.771
topic      | F1=0.873 | Acc=0.871 | P=0.884 | R=0.868
action     | F1=0.641 | Acc=0.865 | P=0.643 | R=0.644
------------------------------------------------------------
✅ Overall Avg | F1=0.802 | Acc=0.894 | P=0.805 | R=0.804

✅ Epoch 47 | Loss=0.0665 | F1(avg)=0.802 | Sent=0.937 | Urg=0.756 | Top=0.873 | Act=0.641
bert_base_lr2e-5_uf2 Epoch 48/50: 100%|█| 39/39 [00:02<

📊 Validation Results (Per Task)
------------------------------------------------------------
sentiment  | F1=0.937 | Acc=0.948 | P=0.946 | R=0.933
urgency    | F1=0.756 | Acc=0.890 | P=0.746 | R=0.771
topic      | F1=0.873 | Acc=0.871 | P=0.884 | R=0.868
action     | F1=0.641 | Acc=0.865 | P=0.643 | R=0.644
------------------------------------------------------------
✅ Overall Avg | F1=0.802 | Acc=0.894 | P=0.805 | R=0.804

✅ Epoch 48 | Loss=0.0665 | F1(avg)=0.802 | Sent=0.937 | Urg=0.756 | Top=0.873 | Act=0.641
bert_base_lr2e-5_uf2 Epoch 49/50: 100%|█| 39/39 [00:02<

📊 Validation Results (Per Task)
------------------------------------------------------------
sentiment  | F1=0.937 | Acc=0.948 | P=0.946 | R=0.933
urgency    | F1=0.756 | Acc=0.890 | P=0.746 | R=0.771
topic      | F1=0.873 | Acc=0.871 | P=0.884 | R=0.868
action     | F1=0.649 | Acc=0.871 | P=0.650 | R=0.654
------------------------------------------------------------
✅ Overall Avg | F1=0.804 | Acc=0.895 | P=0.807 | R=0.806

✅ Epoch 49 | Loss=0.0666 | F1(avg)=0.804 | Sent=0.937 | Urg=0.756 | Top=0.873 | Act=0.649
bert_base_lr2e-5_uf2 Epoch 50/50: 100%|█| 39/39 [00:02<

📊 Validation Results (Per Task)
------------------------------------------------------------
sentiment  | F1=0.937 | Acc=0.948 | P=0.946 | R=0.933
urgency    | F1=0.756 | Acc=0.890 | P=0.746 | R=0.771
topic      | F1=0.873 | Acc=0.871 | P=0.884 | R=0.868
action     | F1=0.649 | Acc=0.871 | P=0.650 | R=0.654
------------------------------------------------------------
✅ Overall Avg | F1=0.804 | Acc=0.895 | P=0.807 | R=0.806

✅ Epoch 50 | Loss=0.0656 | F1(avg)=0.804 | Sent=0.937 | Urg=0.756 | Top=0.873 | Act=0.649
