Use device:cuda
bert_small_lr3e-5_uf2 Epoch 1/50: 100%|█████████████████████████████████████████| 20/20 [00:00<00:00, 29.20it/s]

📊 Validation Results (Per Task)
------------------------------------------------------------
sentiment  | F1=0.343 | Acc=0.529 | P=0.415 | R=0.407
urgency    | F1=0.480 | Acc=0.729 | P=0.491 | R=0.489
topic      | F1=0.245 | Acc=0.400 | P=0.255 | R=0.290
action     | F1=0.181 | Acc=0.548 | P=0.172 | R=0.212
------------------------------------------------------------
✅ Overall Avg | F1=0.312 | Acc=0.552 | P=0.333 | R=0.350

✅ Epoch 1 | Loss=1.4117 | F1(avg)=0.312 | Sent=0.343 | Urg=0.480 | Top=0.245 | Act=0.181
bert_small_lr3e-5_uf2 Epoch 2/50: 100%|█████████████████████████████████████████| 20/20 [00:00<00:00, 29.27it/s]

📊 Validation Results (Per Task)
------------------------------------------------------------
sentiment  | F1=0.495 | Acc=0.619 | P=0.688 | R=0.517
urgency    | F1=0.533 | Acc=0.787 | P=0.520 | R=0.547
topic      | F1=0.431 | Acc=0.555 | P=0.651 | R=0.459
action     | F1=0.259 | Acc=0.645 | P=0.379 | R=0.302
------------------------------------------------------------
✅ Overall Avg | F1=0.430 | Acc=0.652 | P=0.560 | R=0.456

✅ Epoch 2 | Loss=1.1725 | F1(avg)=0.430 | Sent=0.495 | Urg=0.533 | Top=0.431 | Act=0.259
bert_small_lr3e-5_uf2 Epoch 3/50: 100%|█████████████████████████████████████████| 20/20 [00:00<00:00, 29.29it/s]

📊 Validation Results (Per Task)
------------------------------------------------------------
sentiment  | F1=0.758 | Acc=0.787 | P=0.799 | R=0.744
urgency    | F1=0.541 | Acc=0.800 | P=0.526 | R=0.557
topic      | F1=0.560 | Acc=0.652 | P=0.759 | R=0.562
action     | F1=0.289 | Acc=0.677 | P=0.317 | R=0.333
------------------------------------------------------------
✅ Overall Avg | F1=0.537 | Acc=0.729 | P=0.600 | R=0.549

✅ Epoch 3 | Loss=1.0205 | F1(avg)=0.537 | Sent=0.758 | Urg=0.541 | Top=0.560 | Act=0.289
bert_small_lr3e-5_uf2 Epoch 4/50: 100%|█████████████████████████████████████████| 20/20 [00:00<00:00, 29.29it/s]

📊 Validation Results (Per Task)
------------------------------------------------------------
sentiment  | F1=0.827 | Acc=0.845 | P=0.851 | R=0.813
urgency    | F1=0.616 | Acc=0.819 | P=0.871 | R=0.609
topic      | F1=0.670 | Acc=0.729 | P=0.816 | R=0.649
action     | F1=0.335 | Acc=0.697 | P=0.473 | R=0.362
------------------------------------------------------------
✅ Overall Avg | F1=0.612 | Acc=0.773 | P=0.753 | R=0.608

✅ Epoch 4 | Loss=0.8661 | F1(avg)=0.612 | Sent=0.827 | Urg=0.616 | Top=0.670 | Act=0.335
bert_small_lr3e-5_uf2 Epoch 5/50: 100%|█████████████████████████████████████████| 20/20 [00:00<00:00, 29.10it/s]

📊 Validation Results (Per Task)
------------------------------------------------------------
sentiment  | F1=0.834 | Acc=0.852 | P=0.849 | R=0.825
urgency    | F1=0.666 | Acc=0.832 | P=0.771 | R=0.646
topic      | F1=0.667 | Acc=0.723 | P=0.723 | R=0.658
action     | F1=0.341 | Acc=0.710 | P=0.483 | R=0.366
------------------------------------------------------------
✅ Overall Avg | F1=0.627 | Acc=0.779 | P=0.707 | R=0.624

✅ Epoch 5 | Loss=0.7521 | F1(avg)=0.627 | Sent=0.834 | Urg=0.666 | Top=0.667 | Act=0.341
bert_small_lr3e-5_uf2 Epoch 6/50: 100%|█████████████████████████████████████████| 20/20 [00:00<00:00, 29.17it/s]

📊 Validation Results (Per Task)
------------------------------------------------------------
sentiment  | F1=0.858 | Acc=0.871 | P=0.863 | R=0.855
urgency    | F1=0.726 | Acc=0.852 | P=0.892 | R=0.687
topic      | F1=0.716 | Acc=0.748 | P=0.772 | R=0.698
action     | F1=0.357 | Acc=0.710 | P=0.414 | R=0.380
------------------------------------------------------------
✅ Overall Avg | F1=0.664 | Acc=0.795 | P=0.735 | R=0.655

✅ Epoch 6 | Loss=0.6442 | F1(avg)=0.664 | Sent=0.858 | Urg=0.726 | Top=0.716 | Act=0.357
bert_small_lr3e-5_uf2 Epoch 7/50: 100%|█████████████████████████████████████████| 20/20 [00:00<00:00, 29.02it/s]

📊 Validation Results (Per Task)
------------------------------------------------------------
sentiment  | F1=0.881 | Acc=0.890 | P=0.886 | R=0.876
urgency    | F1=0.687 | Acc=0.852 | P=0.892 | R=0.664
topic      | F1=0.766 | Acc=0.787 | P=0.819 | R=0.748
action     | F1=0.391 | Acc=0.729 | P=0.430 | R=0.405
------------------------------------------------------------
✅ Overall Avg | F1=0.681 | Acc=0.815 | P=0.757 | R=0.673

✅ Epoch 7 | Loss=0.5723 | F1(avg)=0.681 | Sent=0.881 | Urg=0.687 | Top=0.766 | Act=0.391
bert_small_lr3e-5_uf2 Epoch 8/50: 100%|█████████████████████████████████████████| 20/20 [00:00<00:00, 29.10it/s]

📊 Validation Results (Per Task)
------------------------------------------------------------
sentiment  | F1=0.881 | Acc=0.890 | P=0.885 | R=0.878
urgency    | F1=0.690 | Acc=0.832 | P=0.722 | R=0.676
topic      | F1=0.785 | Acc=0.806 | P=0.819 | R=0.769
action     | F1=0.393 | Acc=0.735 | P=0.417 | R=0.410
------------------------------------------------------------
✅ Overall Avg | F1=0.687 | Acc=0.816 | P=0.711 | R=0.683

✅ Epoch 8 | Loss=0.5125 | F1(avg)=0.687 | Sent=0.881 | Urg=0.690 | Top=0.785 | Act=0.393
bert_small_lr3e-5_uf2 Epoch 9/50: 100%|█████████████████████████████████████████| 20/20 [00:00<00:00, 29.15it/s]

📊 Validation Results (Per Task)
------------------------------------------------------------
sentiment  | F1=0.873 | Acc=0.884 | P=0.877 | R=0.869
urgency    | F1=0.732 | Acc=0.858 | P=0.896 | R=0.697
topic      | F1=0.805 | Acc=0.813 | P=0.833 | R=0.793
action     | F1=0.401 | Acc=0.742 | P=0.423 | R=0.417
------------------------------------------------------------
✅ Overall Avg | F1=0.703 | Acc=0.824 | P=0.757 | R=0.694

✅ Epoch 9 | Loss=0.4528 | F1(avg)=0.703 | Sent=0.873 | Urg=0.732 | Top=0.805 | Act=0.401
bert_small_lr3e-5_uf2 Epoch 10/50: 100%|████████████████████████████████████████| 20/20 [00:00<00:00, 29.14it/s]

📊 Validation Results (Per Task)
------------------------------------------------------------
sentiment  | F1=0.890 | Acc=0.897 | P=0.893 | R=0.888
urgency    | F1=0.699 | Acc=0.845 | P=0.731 | R=0.685
topic      | F1=0.800 | Acc=0.813 | P=0.834 | R=0.783
action     | F1=0.425 | Acc=0.761 | P=0.461 | R=0.439
------------------------------------------------------------
✅ Overall Avg | F1=0.704 | Acc=0.829 | P=0.730 | R=0.699

✅ Epoch 10 | Loss=0.4017 | F1(avg)=0.704 | Sent=0.890 | Urg=0.699 | Top=0.800 | Act=0.425
bert_small_lr3e-5_uf2 Epoch 11/50: 100%|████████████████████████████████████████| 20/20 [00:00<00:00, 29.27it/s]

📊 Validation Results (Per Task)
------------------------------------------------------------
sentiment  | F1=0.903 | Acc=0.910 | P=0.903 | R=0.904
urgency    | F1=0.722 | Acc=0.858 | P=0.816 | R=0.695
topic      | F1=0.831 | Acc=0.839 | P=0.844 | R=0.827
action     | F1=0.448 | Acc=0.768 | P=0.463 | R=0.455
------------------------------------------------------------
✅ Overall Avg | F1=0.726 | Acc=0.844 | P=0.756 | R=0.720

✅ Epoch 11 | Loss=0.3675 | F1(avg)=0.726 | Sent=0.903 | Urg=0.722 | Top=0.831 | Act=0.448
bert_small_lr3e-5_uf2 Epoch 12/50: 100%|████████████████████████████████████████| 20/20 [00:00<00:00, 29.26it/s]

📊 Validation Results (Per Task)
------------------------------------------------------------
sentiment  | F1=0.886 | Acc=0.897 | P=0.889 | R=0.883
urgency    | F1=0.719 | Acc=0.865 | P=0.774 | R=0.699
topic      | F1=0.830 | Acc=0.839 | P=0.839 | R=0.827
action     | F1=0.447 | Acc=0.761 | P=0.461 | R=0.452
------------------------------------------------------------
✅ Overall Avg | F1=0.721 | Acc=0.840 | P=0.741 | R=0.715

✅ Epoch 12 | Loss=0.3384 | F1(avg)=0.721 | Sent=0.886 | Urg=0.719 | Top=0.830 | Act=0.447
bert_small_lr3e-5_uf2 Epoch 13/50: 100%|████████████████████████████████████████| 20/20 [00:00<00:00, 29.22it/s]

📊 Validation Results (Per Task)
------------------------------------------------------------
sentiment  | F1=0.896 | Acc=0.903 | P=0.898 | R=0.895
urgency    | F1=0.722 | Acc=0.845 | P=0.735 | R=0.715
topic      | F1=0.804 | Acc=0.813 | P=0.823 | R=0.793
action     | F1=0.464 | Acc=0.781 | P=0.476 | R=0.471
------------------------------------------------------------
✅ Overall Avg | F1=0.721 | Acc=0.835 | P=0.733 | R=0.718

✅ Epoch 13 | Loss=0.3216 | F1(avg)=0.721 | Sent=0.896 | Urg=0.722 | Top=0.804 | Act=0.464
bert_small_lr3e-5_uf2 Epoch 14/50: 100%|████████████████████████████████████████| 20/20 [00:00<00:00, 29.25it/s]

📊 Validation Results (Per Task)
------------------------------------------------------------
sentiment  | F1=0.894 | Acc=0.903 | P=0.898 | R=0.890
urgency    | F1=0.706 | Acc=0.839 | P=0.704 | R=0.709
topic      | F1=0.844 | Acc=0.845 | P=0.851 | R=0.844
action     | F1=0.489 | Acc=0.794 | P=0.489 | R=0.497
------------------------------------------------------------
✅ Overall Avg | F1=0.733 | Acc=0.845 | P=0.736 | R=0.735

✅ Epoch 14 | Loss=0.2928 | F1(avg)=0.733 | Sent=0.894 | Urg=0.706 | Top=0.844 | Act=0.489
bert_small_lr3e-5_uf2 Epoch 15/50: 100%|████████████████████████████████████████| 20/20 [00:00<00:00, 29.26it/s]

📊 Validation Results (Per Task)
------------------------------------------------------------
sentiment  | F1=0.904 | Acc=0.910 | P=0.906 | R=0.904
urgency    | F1=0.697 | Acc=0.839 | P=0.690 | R=0.707
topic      | F1=0.821 | Acc=0.826 | P=0.832 | R=0.816
action     | F1=0.508 | Acc=0.806 | P=0.514 | R=0.517
------------------------------------------------------------
✅ Overall Avg | F1=0.733 | Acc=0.845 | P=0.736 | R=0.736

✅ Epoch 15 | Loss=0.2829 | F1(avg)=0.733 | Sent=0.904 | Urg=0.697 | Top=0.821 | Act=0.508
bert_small_lr3e-5_uf2 Epoch 16/50: 100%|████████████████████████████████████████| 20/20 [00:00<00:00, 29.26it/s]

📊 Validation Results (Per Task)
------------------------------------------------------------
sentiment  | F1=0.896 | Acc=0.903 | P=0.898 | R=0.895
urgency    | F1=0.701 | Acc=0.839 | P=0.696 | R=0.707
topic      | F1=0.839 | Acc=0.839 | P=0.846 | R=0.838
action     | F1=0.542 | Acc=0.800 | P=0.580 | R=0.534
------------------------------------------------------------
✅ Overall Avg | F1=0.744 | Acc=0.845 | P=0.755 | R=0.743

✅ Epoch 16 | Loss=0.2619 | F1(avg)=0.744 | Sent=0.896 | Urg=0.701 | Top=0.839 | Act=0.542
bert_small_lr3e-5_uf2 Epoch 17/50: 100%|████████████████████████████████████████| 20/20 [00:00<00:00, 29.13it/s]

📊 Validation Results (Per Task)
------------------------------------------------------------
sentiment  | F1=0.911 | Acc=0.916 | P=0.911 | R=0.913
urgency    | F1=0.696 | Acc=0.845 | P=0.690 | R=0.706
topic      | F1=0.820 | Acc=0.826 | P=0.832 | R=0.813
action     | F1=0.508 | Acc=0.806 | P=0.514 | R=0.517
------------------------------------------------------------
✅ Overall Avg | F1=0.734 | Acc=0.848 | P=0.737 | R=0.737

✅ Epoch 17 | Loss=0.2428 | F1(avg)=0.734 | Sent=0.911 | Urg=0.696 | Top=0.820 | Act=0.508
bert_small_lr3e-5_uf2 Epoch 18/50: 100%|████████████████████████████████████████| 20/20 [00:00<00:00, 29.18it/s]

📊 Validation Results (Per Task)
------------------------------------------------------------
sentiment  | F1=0.895 | Acc=0.903 | P=0.895 | R=0.895
urgency    | F1=0.689 | Acc=0.832 | P=0.680 | R=0.701
topic      | F1=0.847 | Acc=0.845 | P=0.851 | R=0.846
action     | F1=0.564 | Acc=0.819 | P=0.596 | R=0.558
------------------------------------------------------------
✅ Overall Avg | F1=0.748 | Acc=0.850 | P=0.756 | R=0.750

✅ Epoch 18 | Loss=0.2329 | F1(avg)=0.748 | Sent=0.895 | Urg=0.689 | Top=0.847 | Act=0.564
bert_small_lr3e-5_uf2 Epoch 19/50: 100%|████████████████████████████████████████| 20/20 [00:00<00:00, 29.22it/s]

📊 Validation Results (Per Task)
------------------------------------------------------------
sentiment  | F1=0.911 | Acc=0.916 | P=0.911 | R=0.913
urgency    | F1=0.714 | Acc=0.852 | P=0.713 | R=0.714
topic      | F1=0.831 | Acc=0.832 | P=0.834 | R=0.832
action     | F1=0.573 | Acc=0.826 | P=0.606 | R=0.568
------------------------------------------------------------
✅ Overall Avg | F1=0.757 | Acc=0.856 | P=0.766 | R=0.757

✅ Epoch 19 | Loss=0.2290 | F1(avg)=0.757 | Sent=0.911 | Urg=0.714 | Top=0.831 | Act=0.573
bert_small_lr3e-5_uf2 Epoch 20/50: 100%|████████████████████████████████████████| 20/20 [00:00<00:00, 29.32it/s]

📊 Validation Results (Per Task)
------------------------------------------------------------
sentiment  | F1=0.894 | Acc=0.903 | P=0.898 | R=0.890
urgency    | F1=0.686 | Acc=0.832 | P=0.677 | R=0.703
topic      | F1=0.830 | Acc=0.832 | P=0.838 | R=0.825
action     | F1=0.603 | Acc=0.826 | P=0.631 | R=0.599
------------------------------------------------------------
✅ Overall Avg | F1=0.753 | Acc=0.848 | P=0.761 | R=0.754

✅ Epoch 20 | Loss=0.2139 | F1(avg)=0.753 | Sent=0.894 | Urg=0.686 | Top=0.830 | Act=0.603
bert_small_lr3e-5_uf2 Epoch 21/50: 100%|████████████████████████████████████████| 20/20 [00:00<00:00, 29.26it/s]

📊 Validation Results (Per Task)
------------------------------------------------------------
sentiment  | F1=0.911 | Acc=0.916 | P=0.911 | R=0.913
urgency    | F1=0.704 | Acc=0.845 | P=0.700 | R=0.708
topic      | F1=0.839 | Acc=0.839 | P=0.846 | R=0.838
action     | F1=0.565 | Acc=0.819 | P=0.601 | R=0.558
------------------------------------------------------------
✅ Overall Avg | F1=0.755 | Acc=0.855 | P=0.764 | R=0.754

✅ Epoch 21 | Loss=0.2043 | F1(avg)=0.755 | Sent=0.911 | Urg=0.704 | Top=0.839 | Act=0.565
bert_small_lr3e-5_uf2 Epoch 22/50: 100%|████████████████████████████████████████| 20/20 [00:00<00:00, 29.25it/s]

📊 Validation Results (Per Task)
------------------------------------------------------------
sentiment  | F1=0.911 | Acc=0.916 | P=0.911 | R=0.913
urgency    | F1=0.704 | Acc=0.845 | P=0.700 | R=0.708
topic      | F1=0.829 | Acc=0.832 | P=0.829 | R=0.832
action     | F1=0.573 | Acc=0.826 | P=0.606 | R=0.568
------------------------------------------------------------
✅ Overall Avg | F1=0.754 | Acc=0.855 | P=0.761 | R=0.755

✅ Epoch 22 | Loss=0.1983 | F1(avg)=0.754 | Sent=0.911 | Urg=0.704 | Top=0.829 | Act=0.573
bert_small_lr3e-5_uf2 Epoch 23/50: 100%|████████████████████████████████████████| 20/20 [00:00<00:00, 29.16it/s]

📊 Validation Results (Per Task)
------------------------------------------------------------
sentiment  | F1=0.903 | Acc=0.910 | P=0.903 | R=0.904
urgency    | F1=0.704 | Acc=0.845 | P=0.700 | R=0.708
topic      | F1=0.835 | Acc=0.839 | P=0.839 | R=0.832
action     | F1=0.564 | Acc=0.819 | P=0.597 | R=0.561
------------------------------------------------------------
✅ Overall Avg | F1=0.751 | Acc=0.853 | P=0.760 | R=0.751

✅ Epoch 23 | Loss=0.1889 | F1(avg)=0.751 | Sent=0.903 | Urg=0.704 | Top=0.835 | Act=0.564
bert_small_lr3e-5_uf2 Epoch 24/50: 100%|████████████████████████████████████████| 20/20 [00:00<00:00, 29.12it/s]

📊 Validation Results (Per Task)
------------------------------------------------------------
sentiment  | F1=0.895 | Acc=0.903 | P=0.899 | R=0.893
urgency    | F1=0.689 | Acc=0.832 | P=0.680 | R=0.701
topic      | F1=0.837 | Acc=0.839 | P=0.838 | R=0.840
action     | F1=0.599 | Acc=0.826 | P=0.623 | R=0.595
------------------------------------------------------------
✅ Overall Avg | F1=0.755 | Acc=0.850 | P=0.760 | R=0.757

✅ Epoch 24 | Loss=0.1775 | F1(avg)=0.755 | Sent=0.895 | Urg=0.689 | Top=0.837 | Act=0.599
bert_small_lr3e-5_uf2 Epoch 25/50: 100%|████████████████████████████████████████| 20/20 [00:00<00:00, 29.41it/s]

📊 Validation Results (Per Task)
------------------------------------------------------------
sentiment  | F1=0.897 | Acc=0.903 | P=0.895 | R=0.899
urgency    | F1=0.668 | Acc=0.819 | P=0.664 | R=0.684
topic      | F1=0.844 | Acc=0.845 | P=0.843 | R=0.846
action     | F1=0.559 | Acc=0.813 | P=0.602 | R=0.550
------------------------------------------------------------
✅ Overall Avg | F1=0.742 | Acc=0.845 | P=0.751 | R=0.745

✅ Epoch 25 | Loss=0.1723 | F1(avg)=0.742 | Sent=0.897 | Urg=0.668 | Top=0.844 | Act=0.559
bert_small_lr3e-5_uf2 Epoch 26/50: 100%|████████████████████████████████████████| 20/20 [00:00<00:00, 29.41it/s]

📊 Validation Results (Per Task)
------------------------------------------------------------
sentiment  | F1=0.910 | Acc=0.916 | P=0.915 | R=0.907
urgency    | F1=0.716 | Acc=0.858 | P=0.710 | R=0.722
topic      | F1=0.843 | Acc=0.845 | P=0.851 | R=0.838
action     | F1=0.613 | Acc=0.839 | P=0.634 | R=0.608
------------------------------------------------------------
✅ Overall Avg | F1=0.771 | Acc=0.865 | P=0.778 | R=0.769

✅ Epoch 26 | Loss=0.1691 | F1(avg)=0.771 | Sent=0.910 | Urg=0.716 | Top=0.843 | Act=0.613
bert_small_lr3e-5_uf2 Epoch 27/50: 100%|████████████████████████████████████████| 20/20 [00:00<00:00, 29.52it/s]

📊 Validation Results (Per Task)
------------------------------------------------------------
sentiment  | F1=0.905 | Acc=0.910 | P=0.903 | R=0.907
urgency    | F1=0.660 | Acc=0.813 | P=0.658 | R=0.679
topic      | F1=0.828 | Acc=0.832 | P=0.836 | R=0.825
action     | F1=0.590 | Acc=0.813 | P=0.623 | R=0.578
------------------------------------------------------------
✅ Overall Avg | F1=0.746 | Acc=0.842 | P=0.755 | R=0.747

✅ Epoch 27 | Loss=0.1631 | F1(avg)=0.746 | Sent=0.905 | Urg=0.660 | Top=0.828 | Act=0.590
bert_small_lr3e-5_uf2 Epoch 28/50: 100%|████████████████████████████████████████| 20/20 [00:00<00:00, 29.40it/s]

📊 Validation Results (Per Task)
------------------------------------------------------------
sentiment  | F1=0.911 | Acc=0.916 | P=0.914 | R=0.909
urgency    | F1=0.684 | Acc=0.832 | P=0.676 | R=0.699
topic      | F1=0.837 | Acc=0.839 | P=0.838 | R=0.840
action     | F1=0.596 | Acc=0.826 | P=0.620 | R=0.595
------------------------------------------------------------
✅ Overall Avg | F1=0.757 | Acc=0.853 | P=0.762 | R=0.760

✅ Epoch 28 | Loss=0.1577 | F1(avg)=0.757 | Sent=0.911 | Urg=0.684 | Top=0.837 | Act=0.596
bert_small_lr3e-5_uf2 Epoch 29/50: 100%|████████████████████████████████████████| 20/20 [00:00<00:00, 29.35it/s]

📊 Validation Results (Per Task)
------------------------------------------------------------
sentiment  | F1=0.906 | Acc=0.910 | P=0.906 | R=0.907
urgency    | F1=0.675 | Acc=0.826 | P=0.669 | R=0.690
topic      | F1=0.837 | Acc=0.839 | P=0.838 | R=0.840
action     | F1=0.599 | Acc=0.826 | P=0.623 | R=0.595
------------------------------------------------------------
✅ Overall Avg | F1=0.754 | Acc=0.850 | P=0.759 | R=0.758

✅ Epoch 29 | Loss=0.1547 | F1(avg)=0.754 | Sent=0.906 | Urg=0.675 | Top=0.837 | Act=0.599
bert_small_lr3e-5_uf2 Epoch 30/50: 100%|████████████████████████████████████████| 20/20 [00:00<00:00, 29.26it/s]

📊 Validation Results (Per Task)
------------------------------------------------------------
sentiment  | F1=0.912 | Acc=0.916 | P=0.914 | R=0.911
urgency    | F1=0.676 | Acc=0.826 | P=0.670 | R=0.693
topic      | F1=0.838 | Acc=0.839 | P=0.842 | R=0.840
action     | F1=0.596 | Acc=0.826 | P=0.620 | R=0.595
------------------------------------------------------------
✅ Overall Avg | F1=0.756 | Acc=0.852 | P=0.761 | R=0.760

✅ Epoch 30 | Loss=0.1480 | F1(avg)=0.756 | Sent=0.912 | Urg=0.676 | Top=0.838 | Act=0.596
bert_small_lr3e-5_uf2 Epoch 31/50: 100%|████████████████████████████████████████| 20/20 [00:00<00:00, 29.31it/s]

📊 Validation Results (Per Task)
------------------------------------------------------------
sentiment  | F1=0.906 | Acc=0.910 | P=0.906 | R=0.907
urgency    | F1=0.679 | Acc=0.826 | P=0.671 | R=0.693
topic      | F1=0.827 | Acc=0.832 | P=0.833 | R=0.825
action     | F1=0.607 | Acc=0.832 | P=0.630 | R=0.605
------------------------------------------------------------
✅ Overall Avg | F1=0.755 | Acc=0.850 | P=0.760 | R=0.757

✅ Epoch 31 | Loss=0.1446 | F1(avg)=0.755 | Sent=0.906 | Urg=0.679 | Top=0.827 | Act=0.607
bert_small_lr3e-5_uf2 Epoch 32/50: 100%|████████████████████████████████████████| 20/20 [00:00<00:00, 29.19it/s]

📊 Validation Results (Per Task)
------------------------------------------------------------
sentiment  | F1=0.912 | Acc=0.916 | P=0.914 | R=0.911
urgency    | F1=0.670 | Acc=0.819 | P=0.663 | R=0.687
topic      | F1=0.837 | Acc=0.839 | P=0.838 | R=0.840
action     | F1=0.599 | Acc=0.826 | P=0.623 | R=0.598
------------------------------------------------------------
✅ Overall Avg | F1=0.755 | Acc=0.850 | P=0.760 | R=0.759

✅ Epoch 32 | Loss=0.1401 | F1(avg)=0.755 | Sent=0.912 | Urg=0.670 | Top=0.837 | Act=0.599
bert_small_lr3e-5_uf2 Epoch 33/50: 100%|████████████████████████████████████████| 20/20 [00:00<00:00, 29.33it/s]

📊 Validation Results (Per Task)
------------------------------------------------------------
sentiment  | F1=0.912 | Acc=0.916 | P=0.914 | R=0.911
urgency    | F1=0.670 | Acc=0.819 | P=0.663 | R=0.687
topic      | F1=0.838 | Acc=0.839 | P=0.840 | R=0.840
action     | F1=0.601 | Acc=0.826 | P=0.626 | R=0.598
------------------------------------------------------------
✅ Overall Avg | F1=0.755 | Acc=0.850 | P=0.761 | R=0.759

✅ Epoch 33 | Loss=0.1405 | F1(avg)=0.755 | Sent=0.912 | Urg=0.670 | Top=0.838 | Act=0.601
bert_small_lr3e-5_uf2 Epoch 34/50: 100%|████████████████████████████████████████| 20/20 [00:00<00:00, 29.24it/s]

📊 Validation Results (Per Task)
------------------------------------------------------------
sentiment  | F1=0.912 | Acc=0.916 | P=0.914 | R=0.911
urgency    | F1=0.655 | Acc=0.806 | P=0.650 | R=0.675
topic      | F1=0.829 | Acc=0.832 | P=0.829 | R=0.832
action     | F1=0.599 | Acc=0.826 | P=0.623 | R=0.598
------------------------------------------------------------
✅ Overall Avg | F1=0.749 | Acc=0.845 | P=0.754 | R=0.754

✅ Epoch 34 | Loss=0.1394 | F1(avg)=0.749 | Sent=0.912 | Urg=0.655 | Top=0.829 | Act=0.599
bert_small_lr3e-5_uf2 Epoch 35/50: 100%|████████████████████████████████████████| 20/20 [00:00<00:00, 29.28it/s]

📊 Validation Results (Per Task)
------------------------------------------------------------
sentiment  | F1=0.906 | Acc=0.910 | P=0.906 | R=0.907
urgency    | F1=0.654 | Acc=0.806 | P=0.651 | R=0.675
topic      | F1=0.837 | Acc=0.839 | P=0.840 | R=0.840
action     | F1=0.599 | Acc=0.826 | P=0.623 | R=0.598
------------------------------------------------------------
✅ Overall Avg | F1=0.749 | Acc=0.845 | P=0.755 | R=0.755

✅ Epoch 35 | Loss=0.1324 | F1(avg)=0.749 | Sent=0.906 | Urg=0.654 | Top=0.837 | Act=0.599
bert_small_lr3e-5_uf2 Epoch 36/50: 100%|████████████████████████████████████████| 20/20 [00:00<00:00, 29.33it/s]

📊 Validation Results (Per Task)
------------------------------------------------------------
sentiment  | F1=0.919 | Acc=0.923 | P=0.923 | R=0.916
urgency    | F1=0.655 | Acc=0.806 | P=0.650 | R=0.675
topic      | F1=0.837 | Acc=0.839 | P=0.840 | R=0.840
action     | F1=0.605 | Acc=0.832 | P=0.627 | R=0.605
------------------------------------------------------------
✅ Overall Avg | F1=0.754 | Acc=0.850 | P=0.760 | R=0.759

✅ Epoch 36 | Loss=0.1300 | F1(avg)=0.754 | Sent=0.919 | Urg=0.655 | Top=0.837 | Act=0.605
bert_small_lr3e-5_uf2 Epoch 37/50: 100%|████████████████████████████████████████| 20/20 [00:00<00:00, 29.32it/s]

📊 Validation Results (Per Task)
------------------------------------------------------------
sentiment  | F1=0.919 | Acc=0.923 | P=0.923 | R=0.916
urgency    | F1=0.655 | Acc=0.806 | P=0.650 | R=0.675
topic      | F1=0.838 | Acc=0.839 | P=0.841 | R=0.840
action     | F1=0.605 | Acc=0.832 | P=0.627 | R=0.605
------------------------------------------------------------
✅ Overall Avg | F1=0.754 | Acc=0.850 | P=0.760 | R=0.759

✅ Epoch 37 | Loss=0.1245 | F1(avg)=0.754 | Sent=0.919 | Urg=0.655 | Top=0.838 | Act=0.605
bert_small_lr3e-5_uf2 Epoch 38/50: 100%|████████████████████████████████████████| 20/20 [00:00<00:00, 29.25it/s]

📊 Validation Results (Per Task)
------------------------------------------------------------
sentiment  | F1=0.904 | Acc=0.910 | P=0.906 | R=0.902
urgency    | F1=0.653 | Acc=0.806 | P=0.653 | R=0.675
topic      | F1=0.838 | Acc=0.839 | P=0.841 | R=0.840
action     | F1=0.605 | Acc=0.832 | P=0.627 | R=0.605
------------------------------------------------------------
✅ Overall Avg | F1=0.750 | Acc=0.847 | P=0.757 | R=0.755

✅ Epoch 38 | Loss=0.1256 | F1(avg)=0.750 | Sent=0.904 | Urg=0.653 | Top=0.838 | Act=0.605
bert_small_lr3e-5_uf2 Epoch 39/50: 100%|████████████████████████████████████████| 20/20 [00:00<00:00, 29.21it/s]

📊 Validation Results (Per Task)
------------------------------------------------------------
sentiment  | F1=0.919 | Acc=0.923 | P=0.919 | R=0.920
urgency    | F1=0.655 | Acc=0.806 | P=0.650 | R=0.675
topic      | F1=0.828 | Acc=0.832 | P=0.836 | R=0.825
action     | F1=0.605 | Acc=0.832 | P=0.627 | R=0.605
------------------------------------------------------------
✅ Overall Avg | F1=0.752 | Acc=0.848 | P=0.758 | R=0.756

✅ Epoch 39 | Loss=0.1231 | F1(avg)=0.752 | Sent=0.919 | Urg=0.655 | Top=0.828 | Act=0.605
bert_small_lr3e-5_uf2 Epoch 40/50: 100%|████████████████████████████████████████| 20/20 [00:00<00:00, 29.21it/s]

📊 Validation Results (Per Task)
------------------------------------------------------------
sentiment  | F1=0.906 | Acc=0.910 | P=0.906 | R=0.907
urgency    | F1=0.646 | Acc=0.800 | P=0.646 | R=0.669
topic      | F1=0.837 | Acc=0.839 | P=0.838 | R=0.840
action     | F1=0.607 | Acc=0.832 | P=0.630 | R=0.605
------------------------------------------------------------
✅ Overall Avg | F1=0.749 | Acc=0.845 | P=0.755 | R=0.755

✅ Epoch 40 | Loss=0.1279 | F1(avg)=0.749 | Sent=0.906 | Urg=0.646 | Top=0.837 | Act=0.607
bert_small_lr3e-5_uf2 Epoch 41/50: 100%|████████████████████████████████████████| 20/20 [00:00<00:00, 29.25it/s]

📊 Validation Results (Per Task)
------------------------------------------------------------
sentiment  | F1=0.912 | Acc=0.916 | P=0.914 | R=0.911
urgency    | F1=0.659 | Acc=0.813 | P=0.656 | R=0.681
topic      | F1=0.837 | Acc=0.839 | P=0.840 | R=0.840
action     | F1=0.605 | Acc=0.832 | P=0.627 | R=0.605
------------------------------------------------------------
✅ Overall Avg | F1=0.753 | Acc=0.850 | P=0.759 | R=0.759

✅ Epoch 41 | Loss=0.1192 | F1(avg)=0.753 | Sent=0.912 | Urg=0.659 | Top=0.837 | Act=0.605
bert_small_lr3e-5_uf2 Epoch 42/50: 100%|████████████████████████████████████████| 20/20 [00:00<00:00, 29.27it/s]

📊 Validation Results (Per Task)
------------------------------------------------------------
sentiment  | F1=0.906 | Acc=0.910 | P=0.906 | R=0.907
urgency    | F1=0.646 | Acc=0.800 | P=0.646 | R=0.669
topic      | F1=0.837 | Acc=0.839 | P=0.840 | R=0.840
action     | F1=0.605 | Acc=0.832 | P=0.627 | R=0.605
------------------------------------------------------------
✅ Overall Avg | F1=0.749 | Acc=0.845 | P=0.755 | R=0.755

✅ Epoch 42 | Loss=0.1171 | F1(avg)=0.749 | Sent=0.906 | Urg=0.646 | Top=0.837 | Act=0.605
bert_small_lr3e-5_uf2 Epoch 43/50: 100%|████████████████████████████████████████| 20/20 [00:00<00:00, 29.26it/s]

📊 Validation Results (Per Task)
------------------------------------------------------------
sentiment  | F1=0.912 | Acc=0.916 | P=0.914 | R=0.911
urgency    | F1=0.646 | Acc=0.800 | P=0.646 | R=0.669
topic      | F1=0.828 | Acc=0.832 | P=0.834 | R=0.825
action     | F1=0.605 | Acc=0.832 | P=0.627 | R=0.605
------------------------------------------------------------
✅ Overall Avg | F1=0.748 | Acc=0.845 | P=0.755 | R=0.753

✅ Epoch 43 | Loss=0.1133 | F1(avg)=0.748 | Sent=0.912 | Urg=0.646 | Top=0.828 | Act=0.605
bert_small_lr3e-5_uf2 Epoch 44/50: 100%|████████████████████████████████████████| 20/20 [00:00<00:00, 29.23it/s]

📊 Validation Results (Per Task)
------------------------------------------------------------
sentiment  | F1=0.912 | Acc=0.916 | P=0.914 | R=0.911
urgency    | F1=0.654 | Acc=0.806 | P=0.651 | R=0.675
topic      | F1=0.837 | Acc=0.839 | P=0.840 | R=0.840
action     | F1=0.605 | Acc=0.832 | P=0.627 | R=0.605
------------------------------------------------------------
✅ Overall Avg | F1=0.752 | Acc=0.848 | P=0.758 | R=0.758

✅ Epoch 44 | Loss=0.1179 | F1(avg)=0.752 | Sent=0.912 | Urg=0.654 | Top=0.837 | Act=0.605
bert_small_lr3e-5_uf2 Epoch 45/50: 100%|████████████████████████████████████████| 20/20 [00:00<00:00, 29.32it/s]

📊 Validation Results (Per Task)
------------------------------------------------------------
sentiment  | F1=0.912 | Acc=0.916 | P=0.914 | R=0.911
urgency    | F1=0.662 | Acc=0.813 | P=0.656 | R=0.681
topic      | F1=0.837 | Acc=0.839 | P=0.840 | R=0.840
action     | F1=0.607 | Acc=0.832 | P=0.630 | R=0.605
------------------------------------------------------------
✅ Overall Avg | F1=0.755 | Acc=0.850 | P=0.760 | R=0.759

✅ Epoch 45 | Loss=0.1146 | F1(avg)=0.755 | Sent=0.912 | Urg=0.662 | Top=0.837 | Act=0.607
bert_small_lr3e-5_uf2 Epoch 46/50: 100%|████████████████████████████████████████| 20/20 [00:00<00:00, 29.22it/s]

📊 Validation Results (Per Task)
------------------------------------------------------------
sentiment  | F1=0.897 | Acc=0.903 | P=0.898 | R=0.897
urgency    | F1=0.646 | Acc=0.800 | P=0.646 | R=0.669
topic      | F1=0.837 | Acc=0.839 | P=0.840 | R=0.840
action     | F1=0.607 | Acc=0.832 | P=0.630 | R=0.605
------------------------------------------------------------
✅ Overall Avg | F1=0.747 | Acc=0.844 | P=0.753 | R=0.753

✅ Epoch 46 | Loss=0.1150 | F1(avg)=0.747 | Sent=0.897 | Urg=0.646 | Top=0.837 | Act=0.607
bert_small_lr3e-5_uf2 Epoch 47/50: 100%|████████████████████████████████████████| 20/20 [00:00<00:00, 29.26it/s]

📊 Validation Results (Per Task)
------------------------------------------------------------
sentiment  | F1=0.912 | Acc=0.916 | P=0.914 | R=0.911
urgency    | F1=0.646 | Acc=0.800 | P=0.646 | R=0.669
topic      | F1=0.837 | Acc=0.839 | P=0.840 | R=0.840
action     | F1=0.607 | Acc=0.832 | P=0.630 | R=0.605
------------------------------------------------------------
✅ Overall Avg | F1=0.751 | Acc=0.847 | P=0.757 | R=0.756

✅ Epoch 47 | Loss=0.1148 | F1(avg)=0.751 | Sent=0.912 | Urg=0.646 | Top=0.837 | Act=0.607
bert_small_lr3e-5_uf2 Epoch 48/50: 100%|████████████████████████████████████████| 20/20 [00:00<00:00, 29.21it/s]

📊 Validation Results (Per Task)
------------------------------------------------------------
sentiment  | F1=0.912 | Acc=0.916 | P=0.914 | R=0.911
urgency    | F1=0.646 | Acc=0.800 | P=0.646 | R=0.669
topic      | F1=0.837 | Acc=0.839 | P=0.840 | R=0.840
action     | F1=0.605 | Acc=0.832 | P=0.627 | R=0.605
------------------------------------------------------------
✅ Overall Avg | F1=0.750 | Acc=0.847 | P=0.757 | R=0.756

✅ Epoch 48 | Loss=0.1183 | F1(avg)=0.750 | Sent=0.912 | Urg=0.646 | Top=0.837 | Act=0.605
bert_small_lr3e-5_uf2 Epoch 49/50: 100%|████████████████████████████████████████| 20/20 [00:00<00:00, 29.48it/s]

📊 Validation Results (Per Task)
------------------------------------------------------------
sentiment  | F1=0.912 | Acc=0.916 | P=0.914 | R=0.911
urgency    | F1=0.652 | Acc=0.806 | P=0.651 | R=0.675
topic      | F1=0.837 | Acc=0.839 | P=0.840 | R=0.840
action     | F1=0.605 | Acc=0.832 | P=0.627 | R=0.605
------------------------------------------------------------
✅ Overall Avg | F1=0.752 | Acc=0.848 | P=0.758 | R=0.758

✅ Epoch 49 | Loss=0.1116 | F1(avg)=0.752 | Sent=0.912 | Urg=0.652 | Top=0.837 | Act=0.605
bert_small_lr3e-5_uf2 Epoch 50/50: 100%|████████████████████████████████████████| 20/20 [00:00<00:00, 28.42it/s]

📊 Validation Results (Per Task)
------------------------------------------------------------
sentiment  | F1=0.912 | Acc=0.916 | P=0.914 | R=0.911
urgency    | F1=0.652 | Acc=0.806 | P=0.651 | R=0.675
topic      | F1=0.837 | Acc=0.839 | P=0.840 | R=0.840
action     | F1=0.605 | Acc=0.832 | P=0.627 | R=0.605
------------------------------------------------------------
✅ Overall Avg | F1=0.752 | Acc=0.848 | P=0.758 | R=0.758

✅ Epoch 50 | Loss=0.1073 | F1(avg)=0.752 | Sent=0.912 | Urg=0.652 | Top=0.837 | Act=0.605
