Use device:cuda
bert_small_lr3e-5_uf2 Epoch 1/50: 100%|█████████████████████████████████████████| 20/20 [00:00<00:00, 28.87it/s]

📊 Validation Results (Per Task)
------------------------------------------------------------
sentiment  | F1=0.296 | Acc=0.484 | P=0.628 | R=0.366
urgency    | F1=0.396 | Acc=0.639 | P=0.415 | R=0.413
topic      | F1=0.203 | Acc=0.342 | P=0.206 | R=0.248
action     | F1=0.113 | Acc=0.516 | P=0.086 | R=0.167
------------------------------------------------------------
✅ Overall Avg | F1=0.252 | Acc=0.495 | P=0.334 | R=0.298

✅ Epoch 1 | Loss=1.4152 | F1(avg)=0.252 | Sent=0.296 | Urg=0.396 | Top=0.203 | Act=0.113
bert_small_lr3e-5_uf2 Epoch 2/50: 100%|█████████████████████████████████████████| 20/20 [00:00<00:00, 29.15it/s]

📊 Validation Results (Per Task)
------------------------------------------------------------
sentiment  | F1=0.520 | Acc=0.600 | P=0.701 | R=0.518
urgency    | F1=0.489 | Acc=0.742 | P=0.498 | R=0.499
topic      | F1=0.364 | Acc=0.490 | P=0.500 | R=0.389
action     | F1=0.207 | Acc=0.581 | P=0.185 | R=0.242
------------------------------------------------------------
✅ Overall Avg | F1=0.395 | Acc=0.603 | P=0.471 | R=0.412

✅ Epoch 2 | Loss=1.2248 | F1(avg)=0.395 | Sent=0.520 | Urg=0.489 | Top=0.364 | Act=0.207
bert_small_lr3e-5_uf2 Epoch 3/50: 100%|█████████████████████████████████████████| 20/20 [00:00<00:00, 29.15it/s]

📊 Validation Results (Per Task)
------------------------------------------------------------
sentiment  | F1=0.673 | Acc=0.710 | P=0.736 | R=0.656
urgency    | F1=0.580 | Acc=0.774 | P=0.839 | R=0.567
topic      | F1=0.486 | Acc=0.587 | P=0.555 | R=0.497
action     | F1=0.267 | Acc=0.645 | P=0.295 | R=0.303
------------------------------------------------------------
✅ Overall Avg | F1=0.502 | Acc=0.679 | P=0.606 | R=0.506

✅ Epoch 3 | Loss=1.0750 | F1(avg)=0.502 | Sent=0.673 | Urg=0.580 | Top=0.486 | Act=0.267
bert_small_lr3e-5_uf2 Epoch 4/50: 100%|█████████████████████████████████████████| 20/20 [00:00<00:00, 29.02it/s]

📊 Validation Results (Per Task)
------------------------------------------------------------
sentiment  | F1=0.811 | Acc=0.819 | P=0.833 | R=0.799
urgency    | F1=0.654 | Acc=0.813 | P=0.869 | R=0.619
topic      | F1=0.578 | Acc=0.671 | P=0.595 | R=0.587
action     | F1=0.301 | Acc=0.684 | P=0.318 | R=0.336
------------------------------------------------------------
✅ Overall Avg | F1=0.586 | Acc=0.747 | P=0.654 | R=0.585

✅ Epoch 4 | Loss=0.9264 | F1(avg)=0.586 | Sent=0.811 | Urg=0.654 | Top=0.578 | Act=0.301
bert_small_lr3e-5_uf2 Epoch 5/50: 100%|█████████████████████████████████████████| 20/20 [00:00<00:00, 29.14it/s]

📊 Validation Results (Per Task)
------------------------------------------------------------
sentiment  | F1=0.858 | Acc=0.865 | P=0.866 | R=0.855
urgency    | F1=0.659 | Acc=0.826 | P=0.770 | R=0.633
topic      | F1=0.604 | Acc=0.690 | P=0.610 | R=0.612
action     | F1=0.336 | Acc=0.697 | P=0.401 | R=0.361
------------------------------------------------------------
✅ Overall Avg | F1=0.614 | Acc=0.769 | P=0.662 | R=0.616

✅ Epoch 5 | Loss=0.7915 | F1(avg)=0.614 | Sent=0.858 | Urg=0.659 | Top=0.604 | Act=0.336
bert_small_lr3e-5_uf2 Epoch 6/50: 100%|█████████████████████████████████████████| 20/20 [00:00<00:00, 29.06it/s]

📊 Validation Results (Per Task)
------------------------------------------------------------
sentiment  | F1=0.843 | Acc=0.852 | P=0.852 | R=0.839
urgency    | F1=0.670 | Acc=0.839 | P=0.776 | R=0.648
topic      | F1=0.645 | Acc=0.710 | P=0.763 | R=0.644
action     | F1=0.403 | Acc=0.742 | P=0.469 | R=0.416
------------------------------------------------------------
✅ Overall Avg | F1=0.640 | Acc=0.785 | P=0.715 | R=0.637

✅ Epoch 6 | Loss=0.6843 | F1(avg)=0.640 | Sent=0.843 | Urg=0.670 | Top=0.645 | Act=0.403
bert_small_lr3e-5_uf2 Epoch 7/50: 100%|█████████████████████████████████████████| 20/20 [00:00<00:00, 29.03it/s]

📊 Validation Results (Per Task)
------------------------------------------------------------
sentiment  | F1=0.879 | Acc=0.884 | P=0.876 | R=0.885
urgency    | F1=0.659 | Acc=0.832 | P=0.722 | R=0.639
topic      | F1=0.735 | Acc=0.774 | P=0.787 | R=0.720
action     | F1=0.409 | Acc=0.742 | P=0.483 | R=0.416
------------------------------------------------------------
✅ Overall Avg | F1=0.670 | Acc=0.808 | P=0.717 | R=0.665

✅ Epoch 7 | Loss=0.5954 | F1(avg)=0.670 | Sent=0.879 | Urg=0.659 | Top=0.735 | Act=0.409
bert_small_lr3e-5_uf2 Epoch 8/50: 100%|█████████████████████████████████████████| 20/20 [00:00<00:00, 29.03it/s]

📊 Validation Results (Per Task)
------------------------------------------------------------
sentiment  | F1=0.883 | Acc=0.890 | P=0.885 | R=0.883
urgency    | F1=0.664 | Acc=0.839 | P=0.724 | R=0.648
topic      | F1=0.751 | Acc=0.787 | P=0.801 | R=0.736
action     | F1=0.426 | Acc=0.755 | P=0.492 | R=0.434
------------------------------------------------------------
✅ Overall Avg | F1=0.681 | Acc=0.818 | P=0.726 | R=0.675

✅ Epoch 8 | Loss=0.5220 | F1(avg)=0.681 | Sent=0.883 | Urg=0.664 | Top=0.751 | Act=0.426
bert_small_lr3e-5_uf2 Epoch 9/50: 100%|█████████████████████████████████████████| 20/20 [00:00<00:00, 28.98it/s]

📊 Validation Results (Per Task)
------------------------------------------------------------
sentiment  | F1=0.900 | Acc=0.903 | P=0.906 | R=0.895
urgency    | F1=0.675 | Acc=0.845 | P=0.780 | R=0.656
topic      | F1=0.793 | Acc=0.819 | P=0.839 | R=0.779
action     | F1=0.454 | Acc=0.768 | P=0.492 | R=0.459
------------------------------------------------------------
✅ Overall Avg | F1=0.706 | Acc=0.834 | P=0.754 | R=0.697

✅ Epoch 9 | Loss=0.4829 | F1(avg)=0.706 | Sent=0.900 | Urg=0.675 | Top=0.793 | Act=0.454
bert_small_lr3e-5_uf2 Epoch 10/50: 100%|████████████████████████████████████████| 20/20 [00:00<00:00, 29.23it/s]

📊 Validation Results (Per Task)
------------------------------------------------------------
sentiment  | F1=0.890 | Acc=0.897 | P=0.897 | R=0.886
urgency    | F1=0.693 | Acc=0.839 | P=0.727 | R=0.677
topic      | F1=0.807 | Acc=0.819 | P=0.836 | R=0.796
action     | F1=0.461 | Acc=0.768 | P=0.498 | R=0.463
------------------------------------------------------------
✅ Overall Avg | F1=0.713 | Acc=0.831 | P=0.739 | R=0.705

✅ Epoch 10 | Loss=0.4417 | F1(avg)=0.713 | Sent=0.890 | Urg=0.693 | Top=0.807 | Act=0.461
bert_small_lr3e-5_uf2 Epoch 11/50: 100%|████████████████████████████████████████| 20/20 [00:00<00:00, 29.17it/s]

📊 Validation Results (Per Task)
------------------------------------------------------------
sentiment  | F1=0.891 | Acc=0.897 | P=0.891 | R=0.895
urgency    | F1=0.671 | Acc=0.832 | P=0.674 | R=0.669
topic      | F1=0.807 | Acc=0.819 | P=0.843 | R=0.789
action     | F1=0.463 | Acc=0.774 | P=0.491 | R=0.464
------------------------------------------------------------
✅ Overall Avg | F1=0.708 | Acc=0.831 | P=0.725 | R=0.704

✅ Epoch 11 | Loss=0.3927 | F1(avg)=0.708 | Sent=0.891 | Urg=0.671 | Top=0.807 | Act=0.463
bert_small_lr3e-5_uf2 Epoch 12/50: 100%|████████████████████████████████████████| 20/20 [00:00<00:00, 29.23it/s]

📊 Validation Results (Per Task)
------------------------------------------------------------
sentiment  | F1=0.899 | Acc=0.903 | P=0.900 | R=0.899
urgency    | F1=0.710 | Acc=0.852 | P=0.766 | R=0.689
topic      | F1=0.841 | Acc=0.852 | P=0.863 | R=0.831
action     | F1=0.482 | Acc=0.794 | P=0.504 | R=0.484
------------------------------------------------------------
✅ Overall Avg | F1=0.733 | Acc=0.850 | P=0.758 | R=0.726

✅ Epoch 12 | Loss=0.3576 | F1(avg)=0.733 | Sent=0.899 | Urg=0.710 | Top=0.841 | Act=0.482
bert_small_lr3e-5_uf2 Epoch 13/50: 100%|████████████████████████████████████████| 20/20 [00:00<00:00, 29.16it/s]

📊 Validation Results (Per Task)
------------------------------------------------------------
sentiment  | F1=0.888 | Acc=0.897 | P=0.890 | R=0.890
urgency    | F1=0.689 | Acc=0.845 | P=0.698 | R=0.683
topic      | F1=0.862 | Acc=0.865 | P=0.874 | R=0.860
action     | F1=0.488 | Acc=0.800 | P=0.507 | R=0.491
------------------------------------------------------------
✅ Overall Avg | F1=0.732 | Acc=0.852 | P=0.742 | R=0.731

✅ Epoch 13 | Loss=0.3343 | F1(avg)=0.732 | Sent=0.888 | Urg=0.689 | Top=0.862 | Act=0.488
bert_small_lr3e-5_uf2 Epoch 14/50: 100%|████████████████████████████████████████| 20/20 [00:00<00:00, 29.16it/s]

📊 Validation Results (Per Task)
------------------------------------------------------------
sentiment  | F1=0.905 | Acc=0.910 | P=0.905 | R=0.907
urgency    | F1=0.693 | Acc=0.845 | P=0.711 | R=0.683
topic      | F1=0.861 | Acc=0.858 | P=0.872 | R=0.856
action     | F1=0.526 | Acc=0.826 | P=0.532 | R=0.529
------------------------------------------------------------
✅ Overall Avg | F1=0.746 | Acc=0.860 | P=0.755 | R=0.744

✅ Epoch 14 | Loss=0.3176 | F1(avg)=0.746 | Sent=0.905 | Urg=0.693 | Top=0.861 | Act=0.526
bert_small_lr3e-5_uf2 Epoch 15/50: 100%|████████████████████████████████████████| 20/20 [00:00<00:00, 29.24it/s]

📊 Validation Results (Per Task)
------------------------------------------------------------
sentiment  | F1=0.900 | Acc=0.903 | P=0.898 | R=0.902
urgency    | F1=0.676 | Acc=0.839 | P=0.676 | R=0.675
topic      | F1=0.857 | Acc=0.858 | P=0.866 | R=0.856
action     | F1=0.515 | Acc=0.813 | P=0.524 | R=0.516
------------------------------------------------------------
✅ Overall Avg | F1=0.737 | Acc=0.853 | P=0.741 | R=0.737

✅ Epoch 15 | Loss=0.2932 | F1(avg)=0.737 | Sent=0.900 | Urg=0.676 | Top=0.857 | Act=0.515
bert_small_lr3e-5_uf2 Epoch 16/50: 100%|████████████████████████████████████████| 20/20 [00:00<00:00, 29.18it/s]

📊 Validation Results (Per Task)
------------------------------------------------------------
sentiment  | F1=0.919 | Acc=0.923 | P=0.919 | R=0.920
urgency    | F1=0.670 | Acc=0.832 | P=0.666 | R=0.673
topic      | F1=0.843 | Acc=0.845 | P=0.858 | R=0.835
action     | F1=0.509 | Acc=0.813 | P=0.515 | R=0.515
------------------------------------------------------------
✅ Overall Avg | F1=0.735 | Acc=0.853 | P=0.740 | R=0.736

✅ Epoch 16 | Loss=0.2849 | F1(avg)=0.735 | Sent=0.919 | Urg=0.670 | Top=0.843 | Act=0.509
bert_small_lr3e-5_uf2 Epoch 17/50: 100%|████████████████████████████████████████| 20/20 [00:00<00:00, 29.44it/s]

📊 Validation Results (Per Task)
------------------------------------------------------------
sentiment  | F1=0.911 | Acc=0.916 | P=0.913 | R=0.909
urgency    | F1=0.693 | Acc=0.845 | P=0.712 | R=0.683
topic      | F1=0.861 | Acc=0.858 | P=0.872 | R=0.856
action     | F1=0.573 | Acc=0.832 | P=0.612 | R=0.562
------------------------------------------------------------
✅ Overall Avg | F1=0.759 | Acc=0.863 | P=0.777 | R=0.752

✅ Epoch 17 | Loss=0.2701 | F1(avg)=0.759 | Sent=0.911 | Urg=0.693 | Top=0.861 | Act=0.573
bert_small_lr3e-5_uf2 Epoch 18/50: 100%|████████████████████████████████████████| 20/20 [00:00<00:00, 29.43it/s]

📊 Validation Results (Per Task)
------------------------------------------------------------
sentiment  | F1=0.904 | Acc=0.910 | P=0.906 | R=0.902
urgency    | F1=0.673 | Acc=0.832 | P=0.672 | R=0.673
topic      | F1=0.861 | Acc=0.858 | P=0.869 | R=0.860
action     | F1=0.581 | Acc=0.839 | P=0.617 | R=0.572
------------------------------------------------------------
✅ Overall Avg | F1=0.755 | Acc=0.860 | P=0.766 | R=0.752

✅ Epoch 18 | Loss=0.2496 | F1(avg)=0.755 | Sent=0.904 | Urg=0.673 | Top=0.861 | Act=0.581
bert_small_lr3e-5_uf2 Epoch 19/50: 100%|████████████████████████████████████████| 20/20 [00:00<00:00, 29.44it/s]

📊 Validation Results (Per Task)
------------------------------------------------------------
sentiment  | F1=0.893 | Acc=0.897 | P=0.893 | R=0.893
urgency    | F1=0.661 | Acc=0.826 | P=0.658 | R=0.665
topic      | F1=0.866 | Acc=0.865 | P=0.876 | R=0.864
action     | F1=0.560 | Acc=0.819 | P=0.599 | R=0.552
------------------------------------------------------------
✅ Overall Avg | F1=0.745 | Acc=0.852 | P=0.756 | R=0.743

✅ Epoch 19 | Loss=0.2368 | F1(avg)=0.745 | Sent=0.893 | Urg=0.661 | Top=0.866 | Act=0.560
bert_small_lr3e-5_uf2 Epoch 20/50: 100%|████████████████████████████████████████| 20/20 [00:00<00:00, 29.17it/s]

📊 Validation Results (Per Task)
------------------------------------------------------------
sentiment  | F1=0.912 | Acc=0.916 | P=0.918 | R=0.907
urgency    | F1=0.661 | Acc=0.826 | P=0.655 | R=0.672
topic      | F1=0.861 | Acc=0.858 | P=0.865 | R=0.861
action     | F1=0.607 | Acc=0.839 | P=0.632 | R=0.599
------------------------------------------------------------
✅ Overall Avg | F1=0.760 | Acc=0.860 | P=0.768 | R=0.760

✅ Epoch 20 | Loss=0.2279 | F1(avg)=0.760 | Sent=0.912 | Urg=0.661 | Top=0.861 | Act=0.607
bert_small_lr3e-5_uf2 Epoch 21/50: 100%|████████████████████████████████████████| 20/20 [00:00<00:00, 29.38it/s]

📊 Validation Results (Per Task)
------------------------------------------------------------
sentiment  | F1=0.894 | Acc=0.897 | P=0.894 | R=0.895
urgency    | F1=0.672 | Acc=0.839 | P=0.672 | R=0.673
topic      | F1=0.866 | Acc=0.865 | P=0.876 | R=0.864
action     | F1=0.560 | Acc=0.819 | P=0.599 | R=0.552
------------------------------------------------------------
✅ Overall Avg | F1=0.748 | Acc=0.855 | P=0.760 | R=0.746

✅ Epoch 21 | Loss=0.2135 | F1(avg)=0.748 | Sent=0.894 | Urg=0.672 | Top=0.866 | Act=0.560
bert_small_lr3e-5_uf2 Epoch 22/50: 100%|████████████████████████████████████████| 20/20 [00:00<00:00, 29.21it/s]

📊 Validation Results (Per Task)
------------------------------------------------------------
sentiment  | F1=0.905 | Acc=0.910 | P=0.909 | R=0.902
urgency    | F1=0.670 | Acc=0.832 | P=0.666 | R=0.673
topic      | F1=0.859 | Acc=0.858 | P=0.866 | R=0.858
action     | F1=0.587 | Acc=0.819 | P=0.619 | R=0.579
------------------------------------------------------------
✅ Overall Avg | F1=0.755 | Acc=0.855 | P=0.765 | R=0.753

✅ Epoch 22 | Loss=0.2113 | F1(avg)=0.755 | Sent=0.905 | Urg=0.670 | Top=0.859 | Act=0.587
bert_small_lr3e-5_uf2 Epoch 23/50: 100%|████████████████████████████████████████| 20/20 [00:00<00:00, 29.01it/s]

📊 Validation Results (Per Task)
------------------------------------------------------------
sentiment  | F1=0.914 | Acc=0.916 | P=0.912 | R=0.916
urgency    | F1=0.676 | Acc=0.839 | P=0.676 | R=0.677
topic      | F1=0.860 | Acc=0.858 | P=0.869 | R=0.860
action     | F1=0.574 | Acc=0.832 | P=0.609 | R=0.566
------------------------------------------------------------
✅ Overall Avg | F1=0.756 | Acc=0.861 | P=0.767 | R=0.755

✅ Epoch 23 | Loss=0.1993 | F1(avg)=0.756 | Sent=0.914 | Urg=0.676 | Top=0.860 | Act=0.574
bert_small_lr3e-5_uf2 Epoch 24/50: 100%|████████████████████████████████████████| 20/20 [00:00<00:00, 29.24it/s]

📊 Validation Results (Per Task)
------------------------------------------------------------
sentiment  | F1=0.903 | Acc=0.910 | P=0.910 | R=0.897
urgency    | F1=0.645 | Acc=0.813 | P=0.642 | R=0.656
topic      | F1=0.866 | Acc=0.865 | P=0.871 | R=0.864
action     | F1=0.586 | Acc=0.819 | P=0.618 | R=0.579
------------------------------------------------------------
✅ Overall Avg | F1=0.750 | Acc=0.852 | P=0.760 | R=0.749

✅ Epoch 24 | Loss=0.1909 | F1(avg)=0.750 | Sent=0.903 | Urg=0.645 | Top=0.866 | Act=0.586
bert_small_lr3e-5_uf2 Epoch 25/50: 100%|████████████████████████████████████████| 20/20 [00:00<00:00, 29.20it/s]

📊 Validation Results (Per Task)
------------------------------------------------------------
sentiment  | F1=0.914 | Acc=0.916 | P=0.912 | R=0.916
urgency    | F1=0.660 | Acc=0.826 | P=0.657 | R=0.665
topic      | F1=0.861 | Acc=0.858 | P=0.865 | R=0.861
action     | F1=0.558 | Acc=0.819 | P=0.597 | R=0.552
------------------------------------------------------------
✅ Overall Avg | F1=0.748 | Acc=0.855 | P=0.758 | R=0.749

✅ Epoch 25 | Loss=0.1840 | F1(avg)=0.748 | Sent=0.914 | Urg=0.660 | Top=0.861 | Act=0.558
bert_small_lr3e-5_uf2 Epoch 26/50: 100%|████████████████████████████████████████| 20/20 [00:00<00:00, 29.29it/s]

📊 Validation Results (Per Task)
------------------------------------------------------------
sentiment  | F1=0.914 | Acc=0.916 | P=0.912 | R=0.916
urgency    | F1=0.640 | Acc=0.806 | P=0.637 | R=0.650
topic      | F1=0.861 | Acc=0.858 | P=0.867 | R=0.858
action     | F1=0.595 | Acc=0.826 | P=0.627 | R=0.586
------------------------------------------------------------
✅ Overall Avg | F1=0.752 | Acc=0.852 | P=0.761 | R=0.752

✅ Epoch 26 | Loss=0.1799 | F1(avg)=0.752 | Sent=0.914 | Urg=0.640 | Top=0.861 | Act=0.595
bert_small_lr3e-5_uf2 Epoch 27/50: 100%|████████████████████████████████████████| 20/20 [00:00<00:00, 29.26it/s]

📊 Validation Results (Per Task)
------------------------------------------------------------
sentiment  | F1=0.914 | Acc=0.916 | P=0.912 | R=0.916
urgency    | F1=0.652 | Acc=0.819 | P=0.648 | R=0.659
topic      | F1=0.866 | Acc=0.865 | P=0.871 | R=0.864
action     | F1=0.591 | Acc=0.819 | P=0.620 | R=0.584
------------------------------------------------------------
✅ Overall Avg | F1=0.756 | Acc=0.855 | P=0.763 | R=0.756

✅ Epoch 27 | Loss=0.1745 | F1(avg)=0.756 | Sent=0.914 | Urg=0.652 | Top=0.866 | Act=0.591
bert_small_lr3e-5_uf2 Epoch 28/50: 100%|████████████████████████████████████████| 20/20 [00:00<00:00, 29.28it/s]

📊 Validation Results (Per Task)
------------------------------------------------------------
sentiment  | F1=0.914 | Acc=0.916 | P=0.912 | R=0.916
urgency    | F1=0.642 | Acc=0.794 | P=0.641 | R=0.663
topic      | F1=0.866 | Acc=0.865 | P=0.871 | R=0.864
action     | F1=0.595 | Acc=0.826 | P=0.627 | R=0.586
------------------------------------------------------------
✅ Overall Avg | F1=0.754 | Acc=0.850 | P=0.763 | R=0.757

✅ Epoch 28 | Loss=0.1663 | F1(avg)=0.754 | Sent=0.914 | Urg=0.642 | Top=0.866 | Act=0.595
bert_small_lr3e-5_uf2 Epoch 29/50: 100%|████████████████████████████████████████| 20/20 [00:00<00:00, 29.18it/s]

📊 Validation Results (Per Task)
------------------------------------------------------------
sentiment  | F1=0.914 | Acc=0.916 | P=0.920 | R=0.909
urgency    | F1=0.639 | Acc=0.806 | P=0.636 | R=0.650
topic      | F1=0.862 | Acc=0.858 | P=0.868 | R=0.863
action     | F1=0.591 | Acc=0.819 | P=0.620 | R=0.584
------------------------------------------------------------
✅ Overall Avg | F1=0.752 | Acc=0.850 | P=0.761 | R=0.751

✅ Epoch 29 | Loss=0.1587 | F1(avg)=0.752 | Sent=0.914 | Urg=0.639 | Top=0.862 | Act=0.591
bert_small_lr3e-5_uf2 Epoch 30/50: 100%|████████████████████████████████████████| 20/20 [00:00<00:00, 29.27it/s]

📊 Validation Results (Per Task)
------------------------------------------------------------
sentiment  | F1=0.919 | Acc=0.923 | P=0.923 | R=0.916
urgency    | F1=0.645 | Acc=0.813 | P=0.642 | R=0.656
topic      | F1=0.866 | Acc=0.865 | P=0.871 | R=0.864
action     | F1=0.595 | Acc=0.826 | P=0.627 | R=0.586
------------------------------------------------------------
✅ Overall Avg | F1=0.756 | Acc=0.856 | P=0.766 | R=0.755

✅ Epoch 30 | Loss=0.1555 | F1(avg)=0.756 | Sent=0.919 | Urg=0.645 | Top=0.866 | Act=0.595
bert_small_lr3e-5_uf2 Epoch 31/50: 100%|████████████████████████████████████████| 20/20 [00:00<00:00, 29.28it/s]

📊 Validation Results (Per Task)
------------------------------------------------------------
sentiment  | F1=0.914 | Acc=0.916 | P=0.912 | R=0.916
urgency    | F1=0.620 | Acc=0.787 | P=0.622 | R=0.632
topic      | F1=0.861 | Acc=0.858 | P=0.865 | R=0.861
action     | F1=0.596 | Acc=0.826 | P=0.628 | R=0.586
------------------------------------------------------------
✅ Overall Avg | F1=0.748 | Acc=0.847 | P=0.757 | R=0.748

✅ Epoch 31 | Loss=0.1521 | F1(avg)=0.748 | Sent=0.914 | Urg=0.620 | Top=0.861 | Act=0.596
bert_small_lr3e-5_uf2 Epoch 32/50: 100%|████████████████████████████████████████| 20/20 [00:00<00:00, 29.19it/s]

📊 Validation Results (Per Task)
------------------------------------------------------------
sentiment  | F1=0.919 | Acc=0.923 | P=0.923 | R=0.916
urgency    | F1=0.639 | Acc=0.806 | P=0.636 | R=0.650
topic      | F1=0.861 | Acc=0.858 | P=0.865 | R=0.861
action     | F1=0.591 | Acc=0.819 | P=0.620 | R=0.584
------------------------------------------------------------
✅ Overall Avg | F1=0.753 | Acc=0.852 | P=0.761 | R=0.752

✅ Epoch 32 | Loss=0.1508 | F1(avg)=0.753 | Sent=0.919 | Urg=0.639 | Top=0.861 | Act=0.591
bert_small_lr3e-5_uf2 Epoch 33/50: 100%|████████████████████████████████████████| 20/20 [00:00<00:00, 29.30it/s]

📊 Validation Results (Per Task)
------------------------------------------------------------
sentiment  | F1=0.912 | Acc=0.916 | P=0.914 | R=0.911
urgency    | F1=0.626 | Acc=0.794 | P=0.627 | R=0.638
topic      | F1=0.865 | Acc=0.865 | P=0.870 | R=0.864
action     | F1=0.591 | Acc=0.819 | P=0.620 | R=0.584
------------------------------------------------------------
✅ Overall Avg | F1=0.749 | Acc=0.848 | P=0.758 | R=0.749

✅ Epoch 33 | Loss=0.1449 | F1(avg)=0.749 | Sent=0.912 | Urg=0.626 | Top=0.865 | Act=0.591
bert_small_lr3e-5_uf2 Epoch 34/50: 100%|████████████████████████████████████████| 20/20 [00:00<00:00, 29.34it/s]

📊 Validation Results (Per Task)
------------------------------------------------------------
sentiment  | F1=0.919 | Acc=0.923 | P=0.923 | R=0.916
urgency    | F1=0.643 | Acc=0.813 | P=0.641 | R=0.656
topic      | F1=0.866 | Acc=0.865 | P=0.871 | R=0.864
action     | F1=0.588 | Acc=0.819 | P=0.611 | R=0.584
------------------------------------------------------------
✅ Overall Avg | F1=0.754 | Acc=0.855 | P=0.761 | R=0.755

✅ Epoch 34 | Loss=0.1442 | F1(avg)=0.754 | Sent=0.919 | Urg=0.643 | Top=0.866 | Act=0.588
bert_small_lr3e-5_uf2 Epoch 35/50: 100%|████████████████████████████████████████| 20/20 [00:00<00:00, 29.20it/s]

📊 Validation Results (Per Task)
------------------------------------------------------------
sentiment  | F1=0.914 | Acc=0.916 | P=0.912 | R=0.916
urgency    | F1=0.643 | Acc=0.794 | P=0.642 | R=0.665
topic      | F1=0.861 | Acc=0.858 | P=0.865 | R=0.861
action     | F1=0.595 | Acc=0.826 | P=0.627 | R=0.586
------------------------------------------------------------
✅ Overall Avg | F1=0.753 | Acc=0.848 | P=0.761 | R=0.757

✅ Epoch 35 | Loss=0.1384 | F1(avg)=0.753 | Sent=0.914 | Urg=0.643 | Top=0.861 | Act=0.595
bert_small_lr3e-5_uf2 Epoch 36/50: 100%|████████████████████████████████████████| 20/20 [00:00<00:00, 29.31it/s]

📊 Validation Results (Per Task)
------------------------------------------------------------
sentiment  | F1=0.913 | Acc=0.916 | P=0.916 | R=0.911
urgency    | F1=0.643 | Acc=0.794 | P=0.642 | R=0.665
topic      | F1=0.866 | Acc=0.865 | P=0.871 | R=0.864
action     | F1=0.598 | Acc=0.826 | P=0.622 | R=0.594
------------------------------------------------------------
✅ Overall Avg | F1=0.755 | Acc=0.850 | P=0.762 | R=0.759

✅ Epoch 36 | Loss=0.1377 | F1(avg)=0.755 | Sent=0.913 | Urg=0.643 | Top=0.866 | Act=0.598
bert_small_lr3e-5_uf2 Epoch 37/50: 100%|████████████████████████████████████████| 20/20 [00:00<00:00, 29.27it/s]

📊 Validation Results (Per Task)
------------------------------------------------------------
sentiment  | F1=0.913 | Acc=0.916 | P=0.916 | R=0.911
urgency    | F1=0.631 | Acc=0.800 | P=0.630 | R=0.644
topic      | F1=0.865 | Acc=0.865 | P=0.870 | R=0.864
action     | F1=0.598 | Acc=0.826 | P=0.622 | R=0.594
------------------------------------------------------------
✅ Overall Avg | F1=0.752 | Acc=0.852 | P=0.759 | R=0.753

✅ Epoch 37 | Loss=0.1403 | F1(avg)=0.752 | Sent=0.913 | Urg=0.631 | Top=0.865 | Act=0.598
bert_small_lr3e-5_uf2 Epoch 38/50: 100%|████████████████████████████████████████| 20/20 [00:00<00:00, 29.32it/s]

📊 Validation Results (Per Task)
------------------------------------------------------------
sentiment  | F1=0.921 | Acc=0.923 | P=0.925 | R=0.918
urgency    | F1=0.643 | Acc=0.794 | P=0.642 | R=0.665
topic      | F1=0.865 | Acc=0.865 | P=0.870 | R=0.864
action     | F1=0.598 | Acc=0.826 | P=0.622 | R=0.594
------------------------------------------------------------
✅ Overall Avg | F1=0.757 | Acc=0.852 | P=0.765 | R=0.760

✅ Epoch 38 | Loss=0.1333 | F1(avg)=0.757 | Sent=0.921 | Urg=0.643 | Top=0.865 | Act=0.598
bert_small_lr3e-5_uf2 Epoch 39/50: 100%|████████████████████████████████████████| 20/20 [00:00<00:00, 29.32it/s]

📊 Validation Results (Per Task)
------------------------------------------------------------
sentiment  | F1=0.921 | Acc=0.923 | P=0.925 | R=0.918
urgency    | F1=0.642 | Acc=0.794 | P=0.640 | R=0.665
topic      | F1=0.865 | Acc=0.865 | P=0.870 | R=0.864
action     | F1=0.598 | Acc=0.826 | P=0.622 | R=0.594
------------------------------------------------------------
✅ Overall Avg | F1=0.757 | Acc=0.852 | P=0.764 | R=0.760

✅ Epoch 39 | Loss=0.1319 | F1(avg)=0.757 | Sent=0.921 | Urg=0.642 | Top=0.865 | Act=0.598
bert_small_lr3e-5_uf2 Epoch 40/50: 100%|████████████████████████████████████████| 20/20 [00:00<00:00, 29.35it/s]

📊 Validation Results (Per Task)
------------------------------------------------------------
sentiment  | F1=0.913 | Acc=0.916 | P=0.916 | R=0.911
urgency    | F1=0.647 | Acc=0.800 | P=0.648 | R=0.669
topic      | F1=0.865 | Acc=0.865 | P=0.870 | R=0.864
action     | F1=0.598 | Acc=0.826 | P=0.622 | R=0.594
------------------------------------------------------------
✅ Overall Avg | F1=0.756 | Acc=0.852 | P=0.764 | R=0.760

✅ Epoch 40 | Loss=0.1245 | F1(avg)=0.756 | Sent=0.913 | Urg=0.647 | Top=0.865 | Act=0.598
bert_small_lr3e-5_uf2 Epoch 41/50: 100%|████████████████████████████████████████| 20/20 [00:00<00:00, 29.49it/s]

📊 Validation Results (Per Task)
------------------------------------------------------------
sentiment  | F1=0.913 | Acc=0.916 | P=0.916 | R=0.911
urgency    | F1=0.642 | Acc=0.794 | P=0.640 | R=0.665
topic      | F1=0.866 | Acc=0.865 | P=0.871 | R=0.864
action     | F1=0.598 | Acc=0.826 | P=0.622 | R=0.594
------------------------------------------------------------
✅ Overall Avg | F1=0.755 | Acc=0.850 | P=0.762 | R=0.759

✅ Epoch 41 | Loss=0.1232 | F1(avg)=0.755 | Sent=0.913 | Urg=0.642 | Top=0.866 | Act=0.598
bert_small_lr3e-5_uf2 Epoch 42/50: 100%|████████████████████████████████████████| 20/20 [00:00<00:00, 29.55it/s]

📊 Validation Results (Per Task)
------------------------------------------------------------
sentiment  | F1=0.921 | Acc=0.923 | P=0.925 | R=0.918
urgency    | F1=0.626 | Acc=0.794 | P=0.625 | R=0.638
topic      | F1=0.860 | Acc=0.858 | P=0.864 | R=0.861
action     | F1=0.598 | Acc=0.826 | P=0.622 | R=0.594
------------------------------------------------------------
✅ Overall Avg | F1=0.751 | Acc=0.850 | P=0.759 | R=0.753

✅ Epoch 42 | Loss=0.1277 | F1(avg)=0.751 | Sent=0.921 | Urg=0.626 | Top=0.860 | Act=0.598
bert_small_lr3e-5_uf2 Epoch 43/50: 100%|████████████████████████████████████████| 20/20 [00:00<00:00, 29.50it/s]

📊 Validation Results (Per Task)
------------------------------------------------------------
sentiment  | F1=0.913 | Acc=0.916 | P=0.916 | R=0.911
urgency    | F1=0.649 | Acc=0.800 | P=0.646 | R=0.671
topic      | F1=0.860 | Acc=0.858 | P=0.864 | R=0.861
action     | F1=0.589 | Acc=0.819 | P=0.615 | R=0.584
------------------------------------------------------------
✅ Overall Avg | F1=0.753 | Acc=0.848 | P=0.760 | R=0.757

✅ Epoch 43 | Loss=0.1261 | F1(avg)=0.753 | Sent=0.913 | Urg=0.649 | Top=0.860 | Act=0.589
bert_small_lr3e-5_uf2 Epoch 44/50: 100%|████████████████████████████████████████| 20/20 [00:00<00:00, 29.39it/s]

📊 Validation Results (Per Task)
------------------------------------------------------------
sentiment  | F1=0.920 | Acc=0.923 | P=0.921 | R=0.920
urgency    | F1=0.643 | Acc=0.794 | P=0.642 | R=0.665
topic      | F1=0.860 | Acc=0.858 | P=0.864 | R=0.861
action     | F1=0.598 | Acc=0.826 | P=0.622 | R=0.594
------------------------------------------------------------
✅ Overall Avg | F1=0.755 | Acc=0.850 | P=0.762 | R=0.760

✅ Epoch 44 | Loss=0.1257 | F1(avg)=0.755 | Sent=0.920 | Urg=0.643 | Top=0.860 | Act=0.598
bert_small_lr3e-5_uf2 Epoch 45/50: 100%|████████████████████████████████████████| 20/20 [00:00<00:00, 29.39it/s]

📊 Validation Results (Per Task)
------------------------------------------------------------
sentiment  | F1=0.920 | Acc=0.923 | P=0.921 | R=0.920
urgency    | F1=0.652 | Acc=0.806 | P=0.652 | R=0.673
topic      | F1=0.860 | Acc=0.858 | P=0.864 | R=0.861
action     | F1=0.599 | Acc=0.826 | P=0.623 | R=0.594
------------------------------------------------------------
✅ Overall Avg | F1=0.758 | Acc=0.853 | P=0.765 | R=0.762

✅ Epoch 45 | Loss=0.1249 | F1(avg)=0.758 | Sent=0.920 | Urg=0.652 | Top=0.860 | Act=0.599
bert_small_lr3e-5_uf2 Epoch 46/50: 100%|████████████████████████████████████████| 20/20 [00:00<00:00, 29.41it/s]

📊 Validation Results (Per Task)
------------------------------------------------------------
sentiment  | F1=0.920 | Acc=0.923 | P=0.921 | R=0.920
urgency    | F1=0.649 | Acc=0.800 | P=0.646 | R=0.671
topic      | F1=0.860 | Acc=0.858 | P=0.864 | R=0.861
action     | F1=0.591 | Acc=0.819 | P=0.614 | R=0.588
------------------------------------------------------------
✅ Overall Avg | F1=0.755 | Acc=0.850 | P=0.761 | R=0.760

✅ Epoch 46 | Loss=0.1237 | F1(avg)=0.755 | Sent=0.920 | Urg=0.649 | Top=0.860 | Act=0.591
bert_small_lr3e-5_uf2 Epoch 47/50: 100%|████████████████████████████████████████| 20/20 [00:00<00:00, 29.32it/s]

📊 Validation Results (Per Task)
------------------------------------------------------------
sentiment  | F1=0.913 | Acc=0.916 | P=0.916 | R=0.911
urgency    | F1=0.642 | Acc=0.794 | P=0.640 | R=0.665
topic      | F1=0.865 | Acc=0.865 | P=0.870 | R=0.864
action     | F1=0.591 | Acc=0.819 | P=0.614 | R=0.588
------------------------------------------------------------
✅ Overall Avg | F1=0.753 | Acc=0.848 | P=0.760 | R=0.757

✅ Epoch 47 | Loss=0.1176 | F1(avg)=0.753 | Sent=0.913 | Urg=0.642 | Top=0.865 | Act=0.591
bert_small_lr3e-5_uf2 Epoch 48/50: 100%|████████████████████████████████████████| 20/20 [00:00<00:00, 29.22it/s]

📊 Validation Results (Per Task)
------------------------------------------------------------
sentiment  | F1=0.919 | Acc=0.923 | P=0.923 | R=0.916
urgency    | F1=0.642 | Acc=0.794 | P=0.640 | R=0.665
topic      | F1=0.860 | Acc=0.858 | P=0.864 | R=0.861
action     | F1=0.591 | Acc=0.819 | P=0.614 | R=0.588
------------------------------------------------------------
✅ Overall Avg | F1=0.753 | Acc=0.848 | P=0.760 | R=0.757

✅ Epoch 48 | Loss=0.1171 | F1(avg)=0.753 | Sent=0.919 | Urg=0.642 | Top=0.860 | Act=0.591
bert_small_lr3e-5_uf2 Epoch 49/50: 100%|████████████████████████████████████████| 20/20 [00:00<00:00, 29.25it/s]

📊 Validation Results (Per Task)
------------------------------------------------------------
sentiment  | F1=0.913 | Acc=0.916 | P=0.916 | R=0.911
urgency    | F1=0.642 | Acc=0.794 | P=0.640 | R=0.665
topic      | F1=0.860 | Acc=0.858 | P=0.864 | R=0.861
action     | F1=0.598 | Acc=0.826 | P=0.622 | R=0.594
------------------------------------------------------------
✅ Overall Avg | F1=0.753 | Acc=0.848 | P=0.760 | R=0.758

✅ Epoch 49 | Loss=0.1186 | F1(avg)=0.753 | Sent=0.913 | Urg=0.642 | Top=0.860 | Act=0.598
bert_small_lr3e-5_uf2 Epoch 50/50: 100%|████████████████████████████████████████| 20/20 [00:00<00:00, 28.02it/s]

📊 Validation Results (Per Task)
------------------------------------------------------------
sentiment  | F1=0.913 | Acc=0.916 | P=0.916 | R=0.911
urgency    | F1=0.642 | Acc=0.794 | P=0.640 | R=0.665
topic      | F1=0.860 | Acc=0.858 | P=0.864 | R=0.861
action     | F1=0.598 | Acc=0.826 | P=0.622 | R=0.594
------------------------------------------------------------
✅ Overall Avg | F1=0.753 | Acc=0.848 | P=0.760 | R=0.758

✅ Epoch 50 | Loss=0.1188 | F1(avg)=0.753 | Sent=0.913 | Urg=0.642 | Top=0.860 | Act=0.598
