Use device:cuda
bert_base_unfreeze4 Epoch 1/50: 100%|███████████████████████████████████████████| 20/20 [00:02<00:00,  8.02it/s]

📊 Validation Results (Per Task)
------------------------------------------------------------
sentiment  | F1=0.212 | Acc=0.465 | P=0.156 | R=0.333
urgency    | F1=0.423 | Acc=0.677 | P=0.485 | R=0.437
topic      | F1=0.125 | Acc=0.290 | P=0.199 | R=0.179
action     | F1=0.212 | Acc=0.600 | P=0.180 | R=0.260
------------------------------------------------------------
✅ Overall Avg | F1=0.243 | Acc=0.508 | P=0.255 | R=0.302

✅ Epoch 1 | Loss=1.3796 | F1(avg)=0.243 | Sent=0.212 | Urg=0.423 | Top=0.125 | Act=0.212
bert_base_unfreeze4 Epoch 2/50: 100%|███████████████████████████████████████████| 20/20 [00:02<00:00,  8.04it/s]

📊 Validation Results (Per Task)
------------------------------------------------------------
sentiment  | F1=0.749 | Acc=0.819 | P=0.839 | R=0.752
urgency    | F1=0.600 | Acc=0.877 | P=0.580 | R=0.631
topic      | F1=0.495 | Acc=0.613 | P=0.561 | R=0.507
action     | F1=0.272 | Acc=0.677 | P=0.375 | R=0.321
------------------------------------------------------------
✅ Overall Avg | F1=0.529 | Acc=0.747 | P=0.589 | R=0.552

✅ Epoch 2 | Loss=1.1033 | F1(avg)=0.529 | Sent=0.749 | Urg=0.600 | Top=0.495 | Act=0.272
bert_base_unfreeze4 Epoch 3/50: 100%|███████████████████████████████████████████| 20/20 [00:02<00:00,  8.03it/s]

📊 Validation Results (Per Task)
------------------------------------------------------------
sentiment  | F1=0.838 | Acc=0.871 | P=0.858 | R=0.830
urgency    | F1=0.604 | Acc=0.884 | P=0.583 | R=0.632
topic      | F1=0.707 | Acc=0.742 | P=0.811 | R=0.684
action     | F1=0.375 | Acc=0.761 | P=0.366 | R=0.411
------------------------------------------------------------
✅ Overall Avg | F1=0.631 | Acc=0.815 | P=0.654 | R=0.639

✅ Epoch 3 | Loss=0.8157 | F1(avg)=0.631 | Sent=0.838 | Urg=0.604 | Top=0.707 | Act=0.375
bert_base_unfreeze4 Epoch 4/50: 100%|███████████████████████████████████████████| 20/20 [00:02<00:00,  8.00it/s]

📊 Validation Results (Per Task)
------------------------------------------------------------
sentiment  | F1=0.857 | Acc=0.890 | P=0.889 | R=0.852
urgency    | F1=0.756 | Acc=0.903 | P=0.848 | R=0.732
topic      | F1=0.782 | Acc=0.826 | P=0.868 | R=0.765
action     | F1=0.427 | Acc=0.787 | P=0.490 | R=0.445
------------------------------------------------------------
✅ Overall Avg | F1=0.706 | Acc=0.852 | P=0.774 | R=0.698

✅ Epoch 4 | Loss=0.6325 | F1(avg)=0.706 | Sent=0.857 | Urg=0.756 | Top=0.782 | Act=0.427
bert_base_unfreeze4 Epoch 5/50: 100%|███████████████████████████████████████████| 20/20 [00:02<00:00,  8.01it/s]

📊 Validation Results (Per Task)
------------------------------------------------------------
sentiment  | F1=0.902 | Acc=0.923 | P=0.913 | R=0.895
urgency    | F1=0.713 | Acc=0.903 | P=0.770 | R=0.705
topic      | F1=0.792 | Acc=0.819 | P=0.856 | R=0.774
action     | F1=0.414 | Acc=0.787 | P=0.418 | R=0.441
------------------------------------------------------------
✅ Overall Avg | F1=0.705 | Acc=0.858 | P=0.739 | R=0.704

✅ Epoch 5 | Loss=0.5025 | F1(avg)=0.705 | Sent=0.902 | Urg=0.713 | Top=0.792 | Act=0.414
bert_base_unfreeze4 Epoch 6/50: 100%|███████████████████████████████████████████| 20/20 [00:02<00:00,  8.03it/s]

📊 Validation Results (Per Task)
------------------------------------------------------------
sentiment  | F1=0.912 | Acc=0.929 | P=0.931 | R=0.905
urgency    | F1=0.698 | Acc=0.871 | P=0.694 | R=0.703
topic      | F1=0.830 | Acc=0.852 | P=0.874 | R=0.815
action     | F1=0.702 | Acc=0.826 | P=0.858 | R=0.682
------------------------------------------------------------
✅ Overall Avg | F1=0.786 | Acc=0.869 | P=0.839 | R=0.776

✅ Epoch 6 | Loss=0.4252 | F1(avg)=0.786 | Sent=0.912 | Urg=0.698 | Top=0.830 | Act=0.702
bert_base_unfreeze4 Epoch 7/50: 100%|███████████████████████████████████████████| 20/20 [00:02<00:00,  7.99it/s]

📊 Validation Results (Per Task)
------------------------------------------------------------
sentiment  | F1=0.912 | Acc=0.929 | P=0.931 | R=0.905
urgency    | F1=0.696 | Acc=0.890 | P=0.713 | R=0.695
topic      | F1=0.871 | Acc=0.877 | P=0.893 | R=0.860
action     | F1=0.717 | Acc=0.839 | P=0.839 | R=0.700
------------------------------------------------------------
✅ Overall Avg | F1=0.799 | Acc=0.884 | P=0.844 | R=0.790

✅ Epoch 7 | Loss=0.3649 | F1(avg)=0.799 | Sent=0.912 | Urg=0.696 | Top=0.871 | Act=0.717
bert_base_unfreeze4 Epoch 8/50: 100%|███████████████████████████████████████████| 20/20 [00:02<00:00,  7.99it/s]

📊 Validation Results (Per Task)
------------------------------------------------------------
sentiment  | F1=0.927 | Acc=0.942 | P=0.942 | R=0.919
urgency    | F1=0.696 | Acc=0.890 | P=0.713 | R=0.695
topic      | F1=0.864 | Acc=0.871 | P=0.893 | R=0.851
action     | F1=0.732 | Acc=0.845 | P=0.850 | R=0.714
------------------------------------------------------------
✅ Overall Avg | F1=0.805 | Acc=0.887 | P=0.850 | R=0.795

✅ Epoch 8 | Loss=0.3230 | F1(avg)=0.805 | Sent=0.927 | Urg=0.696 | Top=0.864 | Act=0.732
bert_base_unfreeze4 Epoch 9/50: 100%|███████████████████████████████████████████| 20/20 [00:02<00:00,  7.98it/s]

📊 Validation Results (Per Task)
------------------------------------------------------------
sentiment  | F1=0.912 | Acc=0.929 | P=0.931 | R=0.905
urgency    | F1=0.719 | Acc=0.890 | P=0.720 | R=0.720
topic      | F1=0.871 | Acc=0.877 | P=0.895 | R=0.860
action     | F1=0.567 | Acc=0.845 | P=0.608 | R=0.558
------------------------------------------------------------
✅ Overall Avg | F1=0.767 | Acc=0.885 | P=0.788 | R=0.761

✅ Epoch 9 | Loss=0.2850 | F1(avg)=0.767 | Sent=0.912 | Urg=0.719 | Top=0.871 | Act=0.567
bert_base_unfreeze4 Epoch 10/50: 100%|██████████████████████████████████████████| 20/20 [00:02<00:00,  7.99it/s]

📊 Validation Results (Per Task)
------------------------------------------------------------
sentiment  | F1=0.921 | Acc=0.935 | P=0.930 | R=0.916
urgency    | F1=0.688 | Acc=0.884 | P=0.696 | R=0.689
topic      | F1=0.864 | Acc=0.871 | P=0.888 | R=0.852
action     | F1=0.572 | Acc=0.845 | P=0.607 | R=0.566
------------------------------------------------------------
✅ Overall Avg | F1=0.761 | Acc=0.884 | P=0.780 | R=0.756

✅ Epoch 10 | Loss=0.2636 | F1(avg)=0.761 | Sent=0.921 | Urg=0.688 | Top=0.864 | Act=0.572
bert_base_unfreeze4 Epoch 11/50: 100%|██████████████████████████████████████████| 20/20 [00:02<00:00,  8.00it/s]

📊 Validation Results (Per Task)
------------------------------------------------------------
sentiment  | F1=0.920 | Acc=0.935 | P=0.943 | R=0.912
urgency    | F1=0.688 | Acc=0.884 | P=0.696 | R=0.689
topic      | F1=0.877 | Acc=0.884 | P=0.901 | R=0.866
action     | F1=0.546 | Acc=0.832 | P=0.588 | R=0.537
------------------------------------------------------------
✅ Overall Avg | F1=0.758 | Acc=0.884 | P=0.782 | R=0.751

✅ Epoch 11 | Loss=0.2408 | F1(avg)=0.758 | Sent=0.920 | Urg=0.688 | Top=0.877 | Act=0.546
bert_base_unfreeze4 Epoch 12/50: 100%|██████████████████████████████████████████| 20/20 [00:02<00:00,  8.01it/s]

📊 Validation Results (Per Task)
------------------------------------------------------------
sentiment  | F1=0.913 | Acc=0.929 | P=0.920 | R=0.909
urgency    | F1=0.732 | Acc=0.884 | P=0.724 | R=0.742
topic      | F1=0.871 | Acc=0.877 | P=0.893 | R=0.860
action     | F1=0.589 | Acc=0.858 | P=0.625 | R=0.587
------------------------------------------------------------
✅ Overall Avg | F1=0.776 | Acc=0.887 | P=0.790 | R=0.774

✅ Epoch 12 | Loss=0.2138 | F1(avg)=0.776 | Sent=0.913 | Urg=0.732 | Top=0.871 | Act=0.589
bert_base_unfreeze4 Epoch 13/50: 100%|██████████████████████████████████████████| 20/20 [00:02<00:00,  8.04it/s]

📊 Validation Results (Per Task)
------------------------------------------------------------
sentiment  | F1=0.937 | Acc=0.948 | P=0.953 | R=0.931
urgency    | F1=0.727 | Acc=0.871 | P=0.719 | R=0.757
topic      | F1=0.876 | Acc=0.877 | P=0.897 | R=0.865
action     | F1=0.589 | Acc=0.858 | P=0.625 | R=0.587
------------------------------------------------------------
✅ Overall Avg | F1=0.782 | Acc=0.889 | P=0.798 | R=0.785

✅ Epoch 13 | Loss=0.2002 | F1(avg)=0.782 | Sent=0.937 | Urg=0.727 | Top=0.876 | Act=0.589
bert_base_unfreeze4 Epoch 14/50: 100%|██████████████████████████████████████████| 20/20 [00:02<00:00,  8.01it/s]

📊 Validation Results (Per Task)
------------------------------------------------------------
sentiment  | F1=0.921 | Acc=0.935 | P=0.937 | R=0.914
urgency    | F1=0.748 | Acc=0.910 | P=0.778 | R=0.738
topic      | F1=0.895 | Acc=0.897 | P=0.910 | R=0.888
action     | F1=0.588 | Acc=0.858 | P=0.621 | R=0.583
------------------------------------------------------------
✅ Overall Avg | F1=0.788 | Acc=0.900 | P=0.811 | R=0.781

✅ Epoch 14 | Loss=0.1865 | F1(avg)=0.788 | Sent=0.921 | Urg=0.748 | Top=0.895 | Act=0.588
bert_base_unfreeze4 Epoch 15/50: 100%|██████████████████████████████████████████| 20/20 [00:02<00:00,  8.00it/s]

📊 Validation Results (Per Task)
------------------------------------------------------------
sentiment  | F1=0.920 | Acc=0.935 | P=0.932 | R=0.914
urgency    | F1=0.711 | Acc=0.871 | P=0.705 | R=0.730
topic      | F1=0.864 | Acc=0.871 | P=0.888 | R=0.852
action     | F1=0.589 | Acc=0.858 | P=0.625 | R=0.587
------------------------------------------------------------
✅ Overall Avg | F1=0.771 | Acc=0.884 | P=0.787 | R=0.771

✅ Epoch 15 | Loss=0.1722 | F1(avg)=0.771 | Sent=0.920 | Urg=0.711 | Top=0.864 | Act=0.589
bert_base_unfreeze4 Epoch 16/50: 100%|██████████████████████████████████████████| 20/20 [00:02<00:00,  8.00it/s]

📊 Validation Results (Per Task)
------------------------------------------------------------
sentiment  | F1=0.929 | Acc=0.942 | P=0.949 | R=0.921
urgency    | F1=0.729 | Acc=0.884 | P=0.720 | R=0.742
topic      | F1=0.859 | Acc=0.865 | P=0.886 | R=0.846
action     | F1=0.641 | Acc=0.877 | P=0.669 | R=0.633
------------------------------------------------------------
✅ Overall Avg | F1=0.789 | Acc=0.892 | P=0.806 | R=0.785

✅ Epoch 16 | Loss=0.1642 | F1(avg)=0.789 | Sent=0.929 | Urg=0.729 | Top=0.859 | Act=0.641
bert_base_unfreeze4 Epoch 17/50: 100%|██████████████████████████████████████████| 20/20 [00:02<00:00,  8.00it/s]

📊 Validation Results (Per Task)
------------------------------------------------------------
sentiment  | F1=0.935 | Acc=0.948 | P=0.955 | R=0.926
urgency    | F1=0.743 | Acc=0.903 | P=0.774 | R=0.734
topic      | F1=0.899 | Acc=0.897 | P=0.910 | R=0.894
action     | F1=0.616 | Acc=0.858 | P=0.640 | R=0.610
------------------------------------------------------------
✅ Overall Avg | F1=0.798 | Acc=0.902 | P=0.820 | R=0.791

✅ Epoch 17 | Loss=0.1459 | F1(avg)=0.798 | Sent=0.935 | Urg=0.743 | Top=0.899 | Act=0.616
bert_base_unfreeze4 Epoch 18/50: 100%|██████████████████████████████████████████| 20/20 [00:02<00:00,  8.00it/s]

📊 Validation Results (Per Task)
------------------------------------------------------------
sentiment  | F1=0.929 | Acc=0.942 | P=0.949 | R=0.921
urgency    | F1=0.727 | Acc=0.871 | P=0.719 | R=0.757
topic      | F1=0.887 | Acc=0.884 | P=0.897 | R=0.881
action     | F1=0.620 | Acc=0.865 | P=0.632 | R=0.620
------------------------------------------------------------
✅ Overall Avg | F1=0.791 | Acc=0.890 | P=0.799 | R=0.795

✅ Epoch 18 | Loss=0.1394 | F1(avg)=0.791 | Sent=0.929 | Urg=0.727 | Top=0.887 | Act=0.620
bert_base_unfreeze4 Epoch 19/50: 100%|██████████████████████████████████████████| 20/20 [00:02<00:00,  8.02it/s]

📊 Validation Results (Per Task)
------------------------------------------------------------
sentiment  | F1=0.936 | Acc=0.948 | P=0.948 | R=0.931
urgency    | F1=0.755 | Acc=0.890 | P=0.742 | R=0.775
topic      | F1=0.893 | Acc=0.890 | P=0.901 | R=0.888
action     | F1=0.634 | Acc=0.871 | P=0.661 | R=0.627
------------------------------------------------------------
✅ Overall Avg | F1=0.804 | Acc=0.900 | P=0.813 | R=0.805

✅ Epoch 19 | Loss=0.1352 | F1(avg)=0.804 | Sent=0.936 | Urg=0.755 | Top=0.893 | Act=0.634
bert_base_unfreeze4 Epoch 20/50: 100%|██████████████████████████████████████████| 20/20 [00:02<00:00,  8.04it/s]

📊 Validation Results (Per Task)
------------------------------------------------------------
sentiment  | F1=0.928 | Acc=0.942 | P=0.943 | R=0.921
urgency    | F1=0.756 | Acc=0.903 | P=0.753 | R=0.760
topic      | F1=0.899 | Acc=0.897 | P=0.910 | R=0.894
action     | F1=0.627 | Acc=0.865 | P=0.654 | R=0.621
------------------------------------------------------------
✅ Overall Avg | F1=0.803 | Acc=0.902 | P=0.815 | R=0.799

✅ Epoch 20 | Loss=0.1252 | F1(avg)=0.803 | Sent=0.928 | Urg=0.756 | Top=0.899 | Act=0.627
bert_base_unfreeze4 Epoch 21/50: 100%|██████████████████████████████████████████| 20/20 [00:02<00:00,  8.01it/s]

📊 Validation Results (Per Task)
------------------------------------------------------------
sentiment  | F1=0.952 | Acc=0.961 | P=0.954 | R=0.951
urgency    | F1=0.742 | Acc=0.884 | P=0.732 | R=0.767
topic      | F1=0.893 | Acc=0.890 | P=0.900 | R=0.888
action     | F1=0.620 | Acc=0.865 | P=0.632 | R=0.620
------------------------------------------------------------
✅ Overall Avg | F1=0.802 | Acc=0.900 | P=0.805 | R=0.807

✅ Epoch 21 | Loss=0.1150 | F1(avg)=0.802 | Sent=0.952 | Urg=0.742 | Top=0.893 | Act=0.620
bert_base_unfreeze4 Epoch 22/50: 100%|██████████████████████████████████████████| 20/20 [00:02<00:00,  8.00it/s]

📊 Validation Results (Per Task)
------------------------------------------------------------
sentiment  | F1=0.951 | Acc=0.961 | P=0.958 | R=0.949
urgency    | F1=0.756 | Acc=0.903 | P=0.753 | R=0.760
topic      | F1=0.899 | Acc=0.897 | P=0.909 | R=0.894
action     | F1=0.626 | Acc=0.865 | P=0.651 | R=0.617
------------------------------------------------------------
✅ Overall Avg | F1=0.808 | Acc=0.906 | P=0.818 | R=0.805

✅ Epoch 22 | Loss=0.1118 | F1(avg)=0.808 | Sent=0.951 | Urg=0.756 | Top=0.899 | Act=0.626
bert_base_unfreeze4 Epoch 23/50: 100%|██████████████████████████████████████████| 20/20 [00:02<00:00,  8.01it/s]

📊 Validation Results (Per Task)
------------------------------------------------------------
sentiment  | F1=0.945 | Acc=0.955 | P=0.954 | R=0.940
urgency    | F1=0.756 | Acc=0.903 | P=0.753 | R=0.760
topic      | F1=0.893 | Acc=0.890 | P=0.906 | R=0.888
action     | F1=0.631 | Acc=0.871 | P=0.654 | R=0.623
------------------------------------------------------------
✅ Overall Avg | F1=0.806 | Acc=0.905 | P=0.817 | R=0.803

✅ Epoch 23 | Loss=0.1021 | F1(avg)=0.806 | Sent=0.945 | Urg=0.756 | Top=0.893 | Act=0.631
bert_base_unfreeze4 Epoch 24/50: 100%|██████████████████████████████████████████| 20/20 [00:02<00:00,  8.00it/s]

📊 Validation Results (Per Task)
------------------------------------------------------------
sentiment  | F1=0.945 | Acc=0.955 | P=0.958 | R=0.940
urgency    | F1=0.760 | Acc=0.903 | P=0.763 | R=0.760
topic      | F1=0.883 | Acc=0.884 | P=0.902 | R=0.873
action     | F1=0.633 | Acc=0.871 | P=0.658 | R=0.623
------------------------------------------------------------
✅ Overall Avg | F1=0.805 | Acc=0.903 | P=0.820 | R=0.799

✅ Epoch 24 | Loss=0.1030 | F1(avg)=0.805 | Sent=0.945 | Urg=0.760 | Top=0.883 | Act=0.633
bert_base_unfreeze4 Epoch 25/50: 100%|██████████████████████████████████████████| 20/20 [00:02<00:00,  7.99it/s]

📊 Validation Results (Per Task)
------------------------------------------------------------
sentiment  | F1=0.929 | Acc=0.942 | P=0.938 | R=0.923
urgency    | F1=0.784 | Acc=0.910 | P=0.776 | R=0.793
topic      | F1=0.893 | Acc=0.890 | P=0.906 | R=0.888
action     | F1=0.662 | Acc=0.877 | P=0.673 | R=0.661
------------------------------------------------------------
✅ Overall Avg | F1=0.817 | Acc=0.905 | P=0.823 | R=0.816

✅ Epoch 25 | Loss=0.0967 | F1(avg)=0.817 | Sent=0.929 | Urg=0.784 | Top=0.893 | Act=0.662
bert_base_unfreeze4 Epoch 26/50: 100%|██████████████████████████████████████████| 20/20 [00:02<00:00,  8.04it/s]

📊 Validation Results (Per Task)
------------------------------------------------------------
sentiment  | F1=0.953 | Acc=0.961 | P=0.957 | R=0.951
urgency    | F1=0.756 | Acc=0.903 | P=0.753 | R=0.760
topic      | F1=0.899 | Acc=0.897 | P=0.910 | R=0.894
action     | F1=0.626 | Acc=0.865 | P=0.651 | R=0.617
------------------------------------------------------------
✅ Overall Avg | F1=0.809 | Acc=0.906 | P=0.818 | R=0.806

✅ Epoch 26 | Loss=0.0918 | F1(avg)=0.809 | Sent=0.953 | Urg=0.756 | Top=0.899 | Act=0.626
bert_base_unfreeze4 Epoch 27/50: 100%|██████████████████████████████████████████| 20/20 [00:02<00:00,  8.02it/s]

📊 Validation Results (Per Task)
------------------------------------------------------------
sentiment  | F1=0.938 | Acc=0.948 | P=0.947 | R=0.933
urgency    | F1=0.734 | Acc=0.877 | P=0.725 | R=0.761
topic      | F1=0.893 | Acc=0.890 | P=0.906 | R=0.888
action     | F1=0.685 | Acc=0.884 | P=0.685 | R=0.690
------------------------------------------------------------
✅ Overall Avg | F1=0.812 | Acc=0.900 | P=0.816 | R=0.818

✅ Epoch 27 | Loss=0.0890 | F1(avg)=0.812 | Sent=0.938 | Urg=0.734 | Top=0.893 | Act=0.685
bert_base_unfreeze4 Epoch 28/50: 100%|██████████████████████████████████████████| 20/20 [00:02<00:00,  8.00it/s]

📊 Validation Results (Per Task)
------------------------------------------------------------
sentiment  | F1=0.946 | Acc=0.955 | P=0.959 | R=0.940
urgency    | F1=0.751 | Acc=0.897 | P=0.748 | R=0.756
topic      | F1=0.893 | Acc=0.890 | P=0.906 | R=0.888
action     | F1=0.654 | Acc=0.871 | P=0.663 | R=0.650
------------------------------------------------------------
✅ Overall Avg | F1=0.811 | Acc=0.903 | P=0.819 | R=0.808

✅ Epoch 28 | Loss=0.0859 | F1(avg)=0.811 | Sent=0.946 | Urg=0.751 | Top=0.893 | Act=0.654
bert_base_unfreeze4 Epoch 29/50: 100%|██████████████████████████████████████████| 20/20 [00:02<00:00,  8.01it/s]

📊 Validation Results (Per Task)
------------------------------------------------------------
sentiment  | F1=0.961 | Acc=0.968 | P=0.968 | R=0.958
urgency    | F1=0.737 | Acc=0.890 | P=0.730 | R=0.748
topic      | F1=0.893 | Acc=0.890 | P=0.906 | R=0.888
action     | F1=0.653 | Acc=0.871 | P=0.663 | R=0.650
------------------------------------------------------------
✅ Overall Avg | F1=0.811 | Acc=0.905 | P=0.816 | R=0.811

✅ Epoch 29 | Loss=0.0836 | F1(avg)=0.811 | Sent=0.961 | Urg=0.737 | Top=0.893 | Act=0.653
bert_base_unfreeze4 Epoch 30/50: 100%|██████████████████████████████████████████| 20/20 [00:02<00:00,  8.01it/s]

📊 Validation Results (Per Task)
------------------------------------------------------------
sentiment  | F1=0.961 | Acc=0.968 | P=0.968 | R=0.958
urgency    | F1=0.737 | Acc=0.890 | P=0.730 | R=0.748
topic      | F1=0.893 | Acc=0.890 | P=0.906 | R=0.888
action     | F1=0.687 | Acc=0.884 | P=0.684 | R=0.694
------------------------------------------------------------
✅ Overall Avg | F1=0.820 | Acc=0.908 | P=0.822 | R=0.822

✅ Epoch 30 | Loss=0.0786 | F1(avg)=0.820 | Sent=0.961 | Urg=0.737 | Top=0.893 | Act=0.687
bert_base_unfreeze4 Epoch 31/50: 100%|██████████████████████████████████████████| 20/20 [00:02<00:00,  8.00it/s]

📊 Validation Results (Per Task)
------------------------------------------------------------
sentiment  | F1=0.954 | Acc=0.961 | P=0.963 | R=0.949
urgency    | F1=0.734 | Acc=0.877 | P=0.725 | R=0.761
topic      | F1=0.899 | Acc=0.897 | P=0.909 | R=0.894
action     | F1=0.671 | Acc=0.877 | P=0.664 | R=0.687
------------------------------------------------------------
✅ Overall Avg | F1=0.814 | Acc=0.903 | P=0.815 | R=0.823

✅ Epoch 31 | Loss=0.0779 | F1(avg)=0.814 | Sent=0.954 | Urg=0.734 | Top=0.899 | Act=0.671
bert_base_unfreeze4 Epoch 32/50: 100%|██████████████████████████████████████████| 20/20 [00:02<00:00,  8.01it/s]

📊 Validation Results (Per Task)
------------------------------------------------------------
sentiment  | F1=0.938 | Acc=0.948 | P=0.954 | R=0.931
urgency    | F1=0.737 | Acc=0.890 | P=0.730 | R=0.748
topic      | F1=0.899 | Acc=0.897 | P=0.909 | R=0.894
action     | F1=0.662 | Acc=0.877 | P=0.669 | R=0.661
------------------------------------------------------------
✅ Overall Avg | F1=0.809 | Acc=0.903 | P=0.816 | R=0.808

✅ Epoch 32 | Loss=0.0753 | F1(avg)=0.809 | Sent=0.938 | Urg=0.737 | Top=0.899 | Act=0.662
bert_base_unfreeze4 Epoch 33/50: 100%|██████████████████████████████████████████| 20/20 [00:02<00:00,  8.06it/s]

📊 Validation Results (Per Task)
------------------------------------------------------------
sentiment  | F1=0.946 | Acc=0.955 | P=0.959 | R=0.940
urgency    | F1=0.742 | Acc=0.897 | P=0.735 | R=0.752
topic      | F1=0.893 | Acc=0.890 | P=0.906 | R=0.888
action     | F1=0.678 | Acc=0.877 | P=0.677 | R=0.684
------------------------------------------------------------
✅ Overall Avg | F1=0.815 | Acc=0.905 | P=0.819 | R=0.816

✅ Epoch 33 | Loss=0.0681 | F1(avg)=0.815 | Sent=0.946 | Urg=0.742 | Top=0.893 | Act=0.678
bert_base_unfreeze4 Epoch 34/50: 100%|██████████████████████████████████████████| 20/20 [00:02<00:00,  8.01it/s]

📊 Validation Results (Per Task)
------------------------------------------------------------
sentiment  | F1=0.961 | Acc=0.968 | P=0.968 | R=0.958
urgency    | F1=0.742 | Acc=0.897 | P=0.735 | R=0.752
topic      | F1=0.893 | Acc=0.890 | P=0.906 | R=0.888
action     | F1=0.689 | Acc=0.884 | P=0.688 | R=0.694
------------------------------------------------------------
✅ Overall Avg | F1=0.822 | Acc=0.910 | P=0.824 | R=0.823

✅ Epoch 34 | Loss=0.0689 | F1(avg)=0.822 | Sent=0.961 | Urg=0.742 | Top=0.893 | Act=0.689
bert_base_unfreeze4 Epoch 35/50: 100%|██████████████████████████████████████████| 20/20 [00:02<00:00,  8.02it/s]

📊 Validation Results (Per Task)
------------------------------------------------------------
sentiment  | F1=0.952 | Acc=0.961 | P=0.954 | R=0.951
urgency    | F1=0.750 | Acc=0.890 | P=0.739 | R=0.773
topic      | F1=0.899 | Acc=0.897 | P=0.909 | R=0.894
action     | F1=0.689 | Acc=0.884 | P=0.688 | R=0.694
------------------------------------------------------------
✅ Overall Avg | F1=0.823 | Acc=0.908 | P=0.822 | R=0.828

✅ Epoch 35 | Loss=0.0689 | F1(avg)=0.823 | Sent=0.952 | Urg=0.750 | Top=0.899 | Act=0.689
bert_base_unfreeze4 Epoch 36/50: 100%|██████████████████████████████████████████| 20/20 [00:02<00:00,  8.02it/s]

📊 Validation Results (Per Task)
------------------------------------------------------------
sentiment  | F1=0.952 | Acc=0.961 | P=0.954 | R=0.951
urgency    | F1=0.768 | Acc=0.903 | P=0.757 | R=0.785
topic      | F1=0.899 | Acc=0.897 | P=0.909 | R=0.894
action     | F1=0.678 | Acc=0.877 | P=0.677 | R=0.684
------------------------------------------------------------
✅ Overall Avg | F1=0.824 | Acc=0.910 | P=0.824 | R=0.829

✅ Epoch 36 | Loss=0.0690 | F1(avg)=0.824 | Sent=0.952 | Urg=0.768 | Top=0.899 | Act=0.678
bert_base_unfreeze4 Epoch 37/50: 100%|██████████████████████████████████████████| 20/20 [00:02<00:00,  8.03it/s]

📊 Validation Results (Per Task)
------------------------------------------------------------
sentiment  | F1=0.946 | Acc=0.955 | P=0.959 | R=0.940
urgency    | F1=0.768 | Acc=0.903 | P=0.757 | R=0.785
topic      | F1=0.899 | Acc=0.897 | P=0.909 | R=0.894
action     | F1=0.687 | Acc=0.884 | P=0.684 | R=0.694
------------------------------------------------------------
✅ Overall Avg | F1=0.825 | Acc=0.910 | P=0.827 | R=0.828

✅ Epoch 37 | Loss=0.0633 | F1(avg)=0.825 | Sent=0.946 | Urg=0.768 | Top=0.899 | Act=0.687
bert_base_unfreeze4 Epoch 38/50: 100%|██████████████████████████████████████████| 20/20 [00:02<00:00,  8.03it/s]

📊 Validation Results (Per Task)
------------------------------------------------------------
sentiment  | F1=0.938 | Acc=0.948 | P=0.954 | R=0.931
urgency    | F1=0.768 | Acc=0.903 | P=0.757 | R=0.785
topic      | F1=0.893 | Acc=0.890 | P=0.906 | R=0.888
action     | F1=0.678 | Acc=0.877 | P=0.677 | R=0.684
------------------------------------------------------------
✅ Overall Avg | F1=0.820 | Acc=0.905 | P=0.824 | R=0.822

✅ Epoch 38 | Loss=0.0625 | F1(avg)=0.820 | Sent=0.938 | Urg=0.768 | Top=0.893 | Act=0.678
bert_base_unfreeze4 Epoch 39/50: 100%|██████████████████████████████████████████| 20/20 [00:02<00:00,  8.03it/s]

📊 Validation Results (Per Task)
------------------------------------------------------------
sentiment  | F1=0.938 | Acc=0.948 | P=0.947 | R=0.933
urgency    | F1=0.759 | Acc=0.897 | P=0.748 | R=0.779
topic      | F1=0.899 | Acc=0.897 | P=0.909 | R=0.894
action     | F1=0.687 | Acc=0.884 | P=0.684 | R=0.694
------------------------------------------------------------
✅ Overall Avg | F1=0.821 | Acc=0.906 | P=0.822 | R=0.825

✅ Epoch 39 | Loss=0.0599 | F1(avg)=0.821 | Sent=0.938 | Urg=0.759 | Top=0.899 | Act=0.687
bert_base_unfreeze4 Epoch 40/50: 100%|██████████████████████████████████████████| 20/20 [00:02<00:00,  8.08it/s]

📊 Validation Results (Per Task)
------------------------------------------------------------
sentiment  | F1=0.938 | Acc=0.948 | P=0.954 | R=0.931
urgency    | F1=0.768 | Acc=0.903 | P=0.757 | R=0.785
topic      | F1=0.899 | Acc=0.897 | P=0.909 | R=0.894
action     | F1=0.678 | Acc=0.877 | P=0.677 | R=0.684
------------------------------------------------------------
✅ Overall Avg | F1=0.821 | Acc=0.906 | P=0.824 | R=0.823

✅ Epoch 40 | Loss=0.0606 | F1(avg)=0.821 | Sent=0.938 | Urg=0.768 | Top=0.899 | Act=0.678
bert_base_unfreeze4 Epoch 41/50: 100%|██████████████████████████████████████████| 20/20 [00:02<00:00,  8.06it/s]

📊 Validation Results (Per Task)
------------------------------------------------------------
sentiment  | F1=0.938 | Acc=0.948 | P=0.954 | R=0.931
urgency    | F1=0.759 | Acc=0.897 | P=0.748 | R=0.779
topic      | F1=0.899 | Acc=0.897 | P=0.909 | R=0.894
action     | F1=0.678 | Acc=0.877 | P=0.677 | R=0.684
------------------------------------------------------------
✅ Overall Avg | F1=0.819 | Acc=0.905 | P=0.822 | R=0.822

✅ Epoch 41 | Loss=0.0599 | F1(avg)=0.819 | Sent=0.938 | Urg=0.759 | Top=0.899 | Act=0.678
bert_base_unfreeze4 Epoch 42/50: 100%|██████████████████████████████████████████| 20/20 [00:02<00:00,  8.06it/s]

📊 Validation Results (Per Task)
------------------------------------------------------------
sentiment  | F1=0.946 | Acc=0.955 | P=0.959 | R=0.940
urgency    | F1=0.768 | Acc=0.903 | P=0.757 | R=0.785
topic      | F1=0.899 | Acc=0.897 | P=0.909 | R=0.894
action     | F1=0.687 | Acc=0.884 | P=0.684 | R=0.694
------------------------------------------------------------
✅ Overall Avg | F1=0.825 | Acc=0.910 | P=0.827 | R=0.828

✅ Epoch 42 | Loss=0.0601 | F1(avg)=0.825 | Sent=0.946 | Urg=0.768 | Top=0.899 | Act=0.687
bert_base_unfreeze4 Epoch 43/50: 100%|██████████████████████████████████████████| 20/20 [00:02<00:00,  8.04it/s]

📊 Validation Results (Per Task)
------------------------------------------------------------
sentiment  | F1=0.930 | Acc=0.942 | P=0.943 | R=0.923
urgency    | F1=0.759 | Acc=0.897 | P=0.748 | R=0.779
topic      | F1=0.899 | Acc=0.897 | P=0.909 | R=0.894
action     | F1=0.687 | Acc=0.884 | P=0.684 | R=0.694
------------------------------------------------------------
✅ Overall Avg | F1=0.819 | Acc=0.905 | P=0.821 | R=0.823

✅ Epoch 43 | Loss=0.0578 | F1(avg)=0.819 | Sent=0.930 | Urg=0.759 | Top=0.899 | Act=0.687
bert_base_unfreeze4 Epoch 44/50: 100%|██████████████████████████████████████████| 20/20 [00:02<00:00,  8.06it/s]

📊 Validation Results (Per Task)
------------------------------------------------------------
sentiment  | F1=0.946 | Acc=0.955 | P=0.952 | R=0.942
urgency    | F1=0.768 | Acc=0.903 | P=0.757 | R=0.785
topic      | F1=0.899 | Acc=0.897 | P=0.909 | R=0.894
action     | F1=0.687 | Acc=0.884 | P=0.684 | R=0.694
------------------------------------------------------------
✅ Overall Avg | F1=0.825 | Acc=0.910 | P=0.826 | R=0.829

✅ Epoch 44 | Loss=0.0583 | F1(avg)=0.825 | Sent=0.946 | Urg=0.768 | Top=0.899 | Act=0.687
bert_base_unfreeze4 Epoch 45/50: 100%|██████████████████████████████████████████| 20/20 [00:02<00:00,  8.05it/s]

📊 Validation Results (Per Task)
------------------------------------------------------------
sentiment  | F1=0.946 | Acc=0.955 | P=0.959 | R=0.940
urgency    | F1=0.768 | Acc=0.903 | P=0.757 | R=0.785
topic      | F1=0.899 | Acc=0.897 | P=0.909 | R=0.894
action     | F1=0.687 | Acc=0.884 | P=0.684 | R=0.694
------------------------------------------------------------
✅ Overall Avg | F1=0.825 | Acc=0.910 | P=0.827 | R=0.828

✅ Epoch 45 | Loss=0.0549 | F1(avg)=0.825 | Sent=0.946 | Urg=0.768 | Top=0.899 | Act=0.687
bert_base_unfreeze4 Epoch 46/50: 100%|██████████████████████████████████████████| 20/20 [00:02<00:00,  8.05it/s]

📊 Validation Results (Per Task)
------------------------------------------------------------
sentiment  | F1=0.946 | Acc=0.955 | P=0.959 | R=0.940
urgency    | F1=0.768 | Acc=0.903 | P=0.757 | R=0.785
topic      | F1=0.899 | Acc=0.897 | P=0.909 | R=0.894
action     | F1=0.687 | Acc=0.884 | P=0.684 | R=0.694
------------------------------------------------------------
✅ Overall Avg | F1=0.825 | Acc=0.910 | P=0.827 | R=0.828

✅ Epoch 46 | Loss=0.0568 | F1(avg)=0.825 | Sent=0.946 | Urg=0.768 | Top=0.899 | Act=0.687
bert_base_unfreeze4 Epoch 47/50: 100%|██████████████████████████████████████████| 20/20 [00:02<00:00,  8.09it/s]

📊 Validation Results (Per Task)
------------------------------------------------------------
sentiment  | F1=0.938 | Acc=0.948 | P=0.954 | R=0.931
urgency    | F1=0.768 | Acc=0.903 | P=0.757 | R=0.785
topic      | F1=0.899 | Acc=0.897 | P=0.909 | R=0.894
action     | F1=0.687 | Acc=0.884 | P=0.684 | R=0.694
------------------------------------------------------------
✅ Overall Avg | F1=0.823 | Acc=0.908 | P=0.826 | R=0.826

✅ Epoch 47 | Loss=0.0571 | F1(avg)=0.823 | Sent=0.938 | Urg=0.768 | Top=0.899 | Act=0.687
bert_base_unfreeze4 Epoch 48/50: 100%|██████████████████████████████████████████| 20/20 [00:02<00:00,  8.06it/s]

📊 Validation Results (Per Task)
------------------------------------------------------------
sentiment  | F1=0.938 | Acc=0.948 | P=0.954 | R=0.931
urgency    | F1=0.764 | Acc=0.897 | P=0.752 | R=0.781
topic      | F1=0.899 | Acc=0.897 | P=0.909 | R=0.894
action     | F1=0.687 | Acc=0.884 | P=0.684 | R=0.694
------------------------------------------------------------
✅ Overall Avg | F1=0.822 | Acc=0.906 | P=0.825 | R=0.825

✅ Epoch 48 | Loss=0.0536 | F1(avg)=0.822 | Sent=0.938 | Urg=0.764 | Top=0.899 | Act=0.687
bert_base_unfreeze4 Epoch 49/50: 100%|██████████████████████████████████████████| 20/20 [00:02<00:00,  8.06it/s]

📊 Validation Results (Per Task)
------------------------------------------------------------
sentiment  | F1=0.938 | Acc=0.948 | P=0.954 | R=0.931
urgency    | F1=0.768 | Acc=0.903 | P=0.757 | R=0.785
topic      | F1=0.899 | Acc=0.897 | P=0.909 | R=0.894
action     | F1=0.687 | Acc=0.884 | P=0.684 | R=0.694
------------------------------------------------------------
✅ Overall Avg | F1=0.823 | Acc=0.908 | P=0.826 | R=0.826

✅ Epoch 49 | Loss=0.0553 | F1(avg)=0.823 | Sent=0.938 | Urg=0.768 | Top=0.899 | Act=0.687
bert_base_unfreeze4 Epoch 50/50: 100%|██████████████████████████████████████████| 20/20 [00:02<00:00,  7.88it/s]

📊 Validation Results (Per Task)
------------------------------------------------------------
sentiment  | F1=0.938 | Acc=0.948 | P=0.954 | R=0.931
urgency    | F1=0.768 | Acc=0.903 | P=0.757 | R=0.785
topic      | F1=0.899 | Acc=0.897 | P=0.909 | R=0.894
action     | F1=0.687 | Acc=0.884 | P=0.684 | R=0.694
------------------------------------------------------------
✅ Overall Avg | F1=0.823 | Acc=0.908 | P=0.826 | R=0.826

✅ Epoch 50 | Loss=0.0553 | F1(avg)=0.823 | Sent=0.938 | Urg=0.768 | Top=0.899 | Act=0.687
