Use device:cuda
bert_small_lr3e-5_uf2 Epoch 1/50: 100%|█████████████████████████████████████████| 20/20 [00:00<00:00, 29.13it/s]

📊 Validation Results (Per Task)
------------------------------------------------------------
sentiment  | F1=0.313 | Acc=0.503 | P=0.336 | R=0.383
urgency    | F1=0.358 | Acc=0.626 | P=0.410 | R=0.390
topic      | F1=0.250 | Acc=0.387 | P=0.277 | R=0.291
action     | F1=0.181 | Acc=0.561 | P=0.178 | R=0.212
------------------------------------------------------------
✅ Overall Avg | F1=0.276 | Acc=0.519 | P=0.300 | R=0.319

✅ Epoch 1 | Loss=1.3644 | F1(avg)=0.276 | Sent=0.313 | Urg=0.358 | Top=0.250 | Act=0.181
bert_small_lr3e-5_uf2 Epoch 2/50: 100%|█████████████████████████████████████████| 20/20 [00:00<00:00, 29.19it/s]

📊 Validation Results (Per Task)
------------------------------------------------------------
sentiment  | F1=0.546 | Acc=0.645 | P=0.720 | R=0.555
urgency    | F1=0.485 | Acc=0.729 | P=0.475 | R=0.498
topic      | F1=0.421 | Acc=0.535 | P=0.443 | R=0.440
action     | F1=0.223 | Acc=0.606 | P=0.190 | R=0.269
------------------------------------------------------------
✅ Overall Avg | F1=0.419 | Acc=0.629 | P=0.457 | R=0.441

✅ Epoch 2 | Loss=1.1880 | F1(avg)=0.419 | Sent=0.546 | Urg=0.485 | Top=0.421 | Act=0.223
bert_small_lr3e-5_uf2 Epoch 3/50: 100%|█████████████████████████████████████████| 20/20 [00:00<00:00, 29.31it/s]

📊 Validation Results (Per Task)
------------------------------------------------------------
sentiment  | F1=0.704 | Acc=0.748 | P=0.772 | R=0.690
urgency    | F1=0.573 | Acc=0.781 | P=0.609 | R=0.564
topic      | F1=0.552 | Acc=0.645 | P=0.561 | R=0.561
action     | F1=0.249 | Acc=0.632 | P=0.365 | R=0.305
------------------------------------------------------------
✅ Overall Avg | F1=0.520 | Acc=0.702 | P=0.577 | R=0.530

✅ Epoch 3 | Loss=1.0332 | F1(avg)=0.520 | Sent=0.704 | Urg=0.573 | Top=0.552 | Act=0.249
bert_small_lr3e-5_uf2 Epoch 4/50: 100%|█████████████████████████████████████████| 20/20 [00:00<00:00, 29.22it/s]

📊 Validation Results (Per Task)
------------------------------------------------------------
sentiment  | F1=0.754 | Acc=0.787 | P=0.798 | R=0.739
urgency    | F1=0.541 | Acc=0.794 | P=0.525 | R=0.558
topic      | F1=0.625 | Acc=0.716 | P=0.635 | R=0.632
action     | F1=0.295 | Acc=0.671 | P=0.377 | R=0.343
------------------------------------------------------------
✅ Overall Avg | F1=0.554 | Acc=0.742 | P=0.584 | R=0.568

✅ Epoch 4 | Loss=0.8857 | F1(avg)=0.554 | Sent=0.754 | Urg=0.541 | Top=0.625 | Act=0.295
bert_small_lr3e-5_uf2 Epoch 5/50: 100%|█████████████████████████████████████████| 20/20 [00:00<00:00, 29.21it/s]

📊 Validation Results (Per Task)
------------------------------------------------------------
sentiment  | F1=0.798 | Acc=0.819 | P=0.815 | R=0.790
urgency    | F1=0.617 | Acc=0.826 | P=0.715 | R=0.608
topic      | F1=0.621 | Acc=0.710 | P=0.622 | R=0.632
action     | F1=0.301 | Acc=0.677 | P=0.318 | R=0.346
------------------------------------------------------------
✅ Overall Avg | F1=0.584 | Acc=0.758 | P=0.617 | R=0.594

✅ Epoch 5 | Loss=0.7674 | F1(avg)=0.584 | Sent=0.798 | Urg=0.617 | Top=0.621 | Act=0.301
bert_small_lr3e-5_uf2 Epoch 6/50: 100%|█████████████████████████████████████████| 20/20 [00:00<00:00, 29.34it/s]

📊 Validation Results (Per Task)
------------------------------------------------------------
sentiment  | F1=0.852 | Acc=0.865 | P=0.860 | R=0.846
urgency    | F1=0.610 | Acc=0.819 | P=0.712 | R=0.600
topic      | F1=0.642 | Acc=0.735 | P=0.641 | R=0.653
action     | F1=0.325 | Acc=0.703 | P=0.338 | R=0.364
------------------------------------------------------------
✅ Overall Avg | F1=0.607 | Acc=0.781 | P=0.638 | R=0.616

✅ Epoch 6 | Loss=0.6577 | F1(avg)=0.607 | Sent=0.852 | Urg=0.610 | Top=0.642 | Act=0.325
bert_small_lr3e-5_uf2 Epoch 7/50: 100%|█████████████████████████████████████████| 20/20 [00:00<00:00, 29.31it/s]

📊 Validation Results (Per Task)
------------------------------------------------------------
sentiment  | F1=0.857 | Acc=0.871 | P=0.865 | R=0.853
urgency    | F1=0.659 | Acc=0.832 | P=0.719 | R=0.642
topic      | F1=0.668 | Acc=0.735 | P=0.780 | R=0.668
action     | F1=0.337 | Acc=0.710 | P=0.339 | R=0.371
------------------------------------------------------------
✅ Overall Avg | F1=0.630 | Acc=0.787 | P=0.676 | R=0.633

✅ Epoch 7 | Loss=0.5821 | F1(avg)=0.630 | Sent=0.857 | Urg=0.659 | Top=0.668 | Act=0.337
bert_small_lr3e-5_uf2 Epoch 8/50: 100%|█████████████████████████████████████████| 20/20 [00:00<00:00, 29.24it/s]

📊 Validation Results (Per Task)
------------------------------------------------------------
sentiment  | F1=0.876 | Acc=0.884 | P=0.877 | R=0.876
urgency    | F1=0.649 | Acc=0.826 | P=0.685 | R=0.636
topic      | F1=0.722 | Acc=0.755 | P=0.763 | R=0.710
action     | F1=0.360 | Acc=0.716 | P=0.434 | R=0.381
------------------------------------------------------------
✅ Overall Avg | F1=0.652 | Acc=0.795 | P=0.690 | R=0.651

✅ Epoch 8 | Loss=0.5157 | F1(avg)=0.652 | Sent=0.876 | Urg=0.649 | Top=0.722 | Act=0.360
bert_small_lr3e-5_uf2 Epoch 9/50: 100%|█████████████████████████████████████████| 20/20 [00:00<00:00, 29.21it/s]

📊 Validation Results (Per Task)
------------------------------------------------------------
sentiment  | F1=0.866 | Acc=0.877 | P=0.874 | R=0.860
urgency    | F1=0.686 | Acc=0.845 | P=0.689 | R=0.683
topic      | F1=0.744 | Acc=0.768 | P=0.761 | R=0.735
action     | F1=0.405 | Acc=0.761 | P=0.466 | R=0.427
------------------------------------------------------------
✅ Overall Avg | F1=0.675 | Acc=0.813 | P=0.698 | R=0.676

✅ Epoch 9 | Loss=0.4642 | F1(avg)=0.675 | Sent=0.866 | Urg=0.686 | Top=0.744 | Act=0.405
bert_small_lr3e-5_uf2 Epoch 10/50: 100%|████████████████████████████████████████| 20/20 [00:00<00:00, 29.21it/s]

📊 Validation Results (Per Task)
------------------------------------------------------------
sentiment  | F1=0.880 | Acc=0.890 | P=0.888 | R=0.874
urgency    | F1=0.670 | Acc=0.852 | P=0.703 | R=0.659
topic      | F1=0.776 | Acc=0.794 | P=0.792 | R=0.769
action     | F1=0.452 | Acc=0.781 | P=0.516 | R=0.455
------------------------------------------------------------
✅ Overall Avg | F1=0.694 | Acc=0.829 | P=0.725 | R=0.689

✅ Epoch 10 | Loss=0.4175 | F1(avg)=0.694 | Sent=0.880 | Urg=0.670 | Top=0.776 | Act=0.452
bert_small_lr3e-5_uf2 Epoch 11/50: 100%|████████████████████████████████████████| 20/20 [00:00<00:00, 29.34it/s]

📊 Validation Results (Per Task)
------------------------------------------------------------
sentiment  | F1=0.864 | Acc=0.877 | P=0.875 | R=0.855
urgency    | F1=0.663 | Acc=0.852 | P=0.666 | R=0.664
topic      | F1=0.796 | Acc=0.806 | P=0.814 | R=0.789
action     | F1=0.438 | Acc=0.755 | P=0.473 | R=0.443
------------------------------------------------------------
✅ Overall Avg | F1=0.690 | Acc=0.823 | P=0.707 | R=0.688

✅ Epoch 11 | Loss=0.3808 | F1(avg)=0.690 | Sent=0.864 | Urg=0.663 | Top=0.796 | Act=0.438
bert_small_lr3e-5_uf2 Epoch 12/50: 100%|████████████████████████████████████████| 20/20 [00:00<00:00, 29.51it/s]

📊 Validation Results (Per Task)
------------------------------------------------------------
sentiment  | F1=0.878 | Acc=0.884 | P=0.879 | R=0.878
urgency    | F1=0.717 | Acc=0.858 | P=0.712 | R=0.722
topic      | F1=0.817 | Acc=0.826 | P=0.822 | R=0.821
action     | F1=0.441 | Acc=0.768 | P=0.484 | R=0.443
------------------------------------------------------------
✅ Overall Avg | F1=0.713 | Acc=0.834 | P=0.724 | R=0.716

✅ Epoch 12 | Loss=0.3555 | F1(avg)=0.713 | Sent=0.878 | Urg=0.717 | Top=0.817 | Act=0.441
bert_small_lr3e-5_uf2 Epoch 13/50: 100%|████████████████████████████████████████| 20/20 [00:00<00:00, 29.52it/s]

📊 Validation Results (Per Task)
------------------------------------------------------------
sentiment  | F1=0.866 | Acc=0.877 | P=0.868 | R=0.865
urgency    | F1=0.661 | Acc=0.852 | P=0.665 | R=0.659
topic      | F1=0.817 | Acc=0.826 | P=0.826 | R=0.814
action     | F1=0.473 | Acc=0.794 | P=0.518 | R=0.472
------------------------------------------------------------
✅ Overall Avg | F1=0.704 | Acc=0.837 | P=0.719 | R=0.703

✅ Epoch 13 | Loss=0.3239 | F1(avg)=0.704 | Sent=0.866 | Urg=0.661 | Top=0.817 | Act=0.473
bert_small_lr3e-5_uf2 Epoch 14/50: 100%|████████████████████████████████████████| 20/20 [00:00<00:00, 29.59it/s]

📊 Validation Results (Per Task)
------------------------------------------------------------
sentiment  | F1=0.870 | Acc=0.884 | P=0.880 | R=0.862
urgency    | F1=0.714 | Acc=0.858 | P=0.706 | R=0.725
topic      | F1=0.820 | Acc=0.826 | P=0.828 | R=0.821
action     | F1=0.463 | Acc=0.781 | P=0.493 | R=0.464
------------------------------------------------------------
✅ Overall Avg | F1=0.717 | Acc=0.837 | P=0.727 | R=0.718

✅ Epoch 14 | Loss=0.3028 | F1(avg)=0.717 | Sent=0.870 | Urg=0.714 | Top=0.820 | Act=0.463
bert_small_lr3e-5_uf2 Epoch 15/50: 100%|████████████████████████████████████████| 20/20 [00:00<00:00, 29.45it/s]

📊 Validation Results (Per Task)
------------------------------------------------------------
sentiment  | F1=0.863 | Acc=0.871 | P=0.861 | R=0.865
urgency    | F1=0.692 | Acc=0.839 | P=0.686 | R=0.702
topic      | F1=0.818 | Acc=0.819 | P=0.831 | R=0.814
action     | F1=0.481 | Acc=0.794 | P=0.518 | R=0.476
------------------------------------------------------------
✅ Overall Avg | F1=0.713 | Acc=0.831 | P=0.724 | R=0.714

✅ Epoch 15 | Loss=0.2805 | F1(avg)=0.713 | Sent=0.863 | Urg=0.692 | Top=0.818 | Act=0.481
bert_small_lr3e-5_uf2 Epoch 16/50: 100%|████████████████████████████████████████| 20/20 [00:00<00:00, 29.33it/s]

📊 Validation Results (Per Task)
------------------------------------------------------------
sentiment  | F1=0.877 | Acc=0.884 | P=0.882 | R=0.874
urgency    | F1=0.708 | Acc=0.852 | P=0.701 | R=0.716
topic      | F1=0.823 | Acc=0.826 | P=0.829 | R=0.823
action     | F1=0.472 | Acc=0.787 | P=0.502 | R=0.470
------------------------------------------------------------
✅ Overall Avg | F1=0.720 | Acc=0.837 | P=0.729 | R=0.721

✅ Epoch 16 | Loss=0.2670 | F1(avg)=0.720 | Sent=0.877 | Urg=0.708 | Top=0.823 | Act=0.472
bert_small_lr3e-5_uf2 Epoch 17/50: 100%|████████████████████████████████████████| 20/20 [00:00<00:00, 29.33it/s]

📊 Validation Results (Per Task)
------------------------------------------------------------
sentiment  | F1=0.877 | Acc=0.884 | P=0.882 | R=0.874
urgency    | F1=0.668 | Acc=0.819 | P=0.664 | R=0.684
topic      | F1=0.823 | Acc=0.826 | P=0.832 | R=0.821
action     | F1=0.480 | Acc=0.787 | P=0.503 | R=0.477
------------------------------------------------------------
✅ Overall Avg | F1=0.712 | Acc=0.829 | P=0.720 | R=0.714

✅ Epoch 17 | Loss=0.2518 | F1(avg)=0.712 | Sent=0.877 | Urg=0.668 | Top=0.823 | Act=0.480
bert_small_lr3e-5_uf2 Epoch 18/50: 100%|████████████████████████████████████████| 20/20 [00:00<00:00, 29.30it/s]

📊 Validation Results (Per Task)
------------------------------------------------------------
sentiment  | F1=0.878 | Acc=0.890 | P=0.891 | R=0.869
urgency    | F1=0.705 | Acc=0.845 | P=0.697 | R=0.715
topic      | F1=0.815 | Acc=0.819 | P=0.822 | R=0.813
action     | F1=0.525 | Acc=0.794 | P=0.545 | R=0.520
------------------------------------------------------------
✅ Overall Avg | F1=0.731 | Acc=0.837 | P=0.739 | R=0.729

✅ Epoch 18 | Loss=0.2442 | F1(avg)=0.731 | Sent=0.878 | Urg=0.705 | Top=0.815 | Act=0.525
bert_small_lr3e-5_uf2 Epoch 19/50: 100%|████████████████████████████████████████| 20/20 [00:00<00:00, 29.30it/s]

📊 Validation Results (Per Task)
------------------------------------------------------------
sentiment  | F1=0.886 | Acc=0.897 | P=0.895 | R=0.879
urgency    | F1=0.709 | Acc=0.852 | P=0.702 | R=0.719
topic      | F1=0.828 | Acc=0.832 | P=0.839 | R=0.828
action     | F1=0.548 | Acc=0.813 | P=0.565 | R=0.543
------------------------------------------------------------
✅ Overall Avg | F1=0.743 | Acc=0.848 | P=0.750 | R=0.742

✅ Epoch 19 | Loss=0.2282 | F1(avg)=0.743 | Sent=0.886 | Urg=0.709 | Top=0.828 | Act=0.548
bert_small_lr3e-5_uf2 Epoch 20/50: 100%|████████████████████████████████████████| 20/20 [00:00<00:00, 29.26it/s]

📊 Validation Results (Per Task)
------------------------------------------------------------
sentiment  | F1=0.864 | Acc=0.871 | P=0.871 | R=0.860
urgency    | F1=0.679 | Acc=0.826 | P=0.672 | R=0.695
topic      | F1=0.819 | Acc=0.819 | P=0.826 | R=0.816
action     | F1=0.542 | Acc=0.806 | P=0.575 | R=0.531
------------------------------------------------------------
✅ Overall Avg | F1=0.726 | Acc=0.831 | P=0.736 | R=0.726

✅ Epoch 20 | Loss=0.2192 | F1(avg)=0.726 | Sent=0.864 | Urg=0.679 | Top=0.819 | Act=0.542
bert_small_lr3e-5_uf2 Epoch 21/50: 100%|████████████████████████████████████████| 20/20 [00:00<00:00, 29.31it/s]

📊 Validation Results (Per Task)
------------------------------------------------------------
sentiment  | F1=0.880 | Acc=0.884 | P=0.882 | R=0.879
urgency    | F1=0.675 | Acc=0.826 | P=0.671 | R=0.690
topic      | F1=0.801 | Acc=0.806 | P=0.802 | R=0.804
action     | F1=0.540 | Acc=0.806 | P=0.568 | R=0.531
------------------------------------------------------------
✅ Overall Avg | F1=0.724 | Acc=0.831 | P=0.731 | R=0.726

✅ Epoch 21 | Loss=0.2105 | F1(avg)=0.724 | Sent=0.880 | Urg=0.675 | Top=0.801 | Act=0.540
bert_small_lr3e-5_uf2 Epoch 22/50: 100%|████████████████████████████████████████| 20/20 [00:00<00:00, 29.29it/s]

📊 Validation Results (Per Task)
------------------------------------------------------------
sentiment  | F1=0.878 | Acc=0.890 | P=0.891 | R=0.869
urgency    | F1=0.672 | Acc=0.819 | P=0.665 | R=0.691
topic      | F1=0.807 | Acc=0.813 | P=0.807 | R=0.809
action     | F1=0.548 | Acc=0.813 | P=0.565 | R=0.543
------------------------------------------------------------
✅ Overall Avg | F1=0.726 | Acc=0.834 | P=0.732 | R=0.728

✅ Epoch 22 | Loss=0.1994 | F1(avg)=0.726 | Sent=0.878 | Urg=0.672 | Top=0.807 | Act=0.548
bert_small_lr3e-5_uf2 Epoch 23/50: 100%|████████████████████████████████████████| 20/20 [00:00<00:00, 29.05it/s]

📊 Validation Results (Per Task)
------------------------------------------------------------
sentiment  | F1=0.898 | Acc=0.903 | P=0.900 | R=0.897
urgency    | F1=0.636 | Acc=0.787 | P=0.639 | R=0.659
topic      | F1=0.830 | Acc=0.826 | P=0.843 | R=0.823
action     | F1=0.542 | Acc=0.806 | P=0.570 | R=0.531
------------------------------------------------------------
✅ Overall Avg | F1=0.727 | Acc=0.831 | P=0.738 | R=0.728

✅ Epoch 23 | Loss=0.1873 | F1(avg)=0.727 | Sent=0.898 | Urg=0.636 | Top=0.830 | Act=0.542
bert_small_lr3e-5_uf2 Epoch 24/50: 100%|████████████████████████████████████████| 20/20 [00:00<00:00, 29.38it/s]

📊 Validation Results (Per Task)
------------------------------------------------------------
sentiment  | F1=0.886 | Acc=0.897 | P=0.895 | R=0.879
urgency    | F1=0.688 | Acc=0.832 | P=0.679 | R=0.703
topic      | F1=0.819 | Acc=0.826 | P=0.822 | R=0.822
action     | F1=0.548 | Acc=0.813 | P=0.565 | R=0.543
------------------------------------------------------------
✅ Overall Avg | F1=0.735 | Acc=0.842 | P=0.740 | R=0.737

✅ Epoch 24 | Loss=0.1829 | F1(avg)=0.735 | Sent=0.886 | Urg=0.688 | Top=0.819 | Act=0.548
bert_small_lr3e-5_uf2 Epoch 25/50: 100%|████████████████████████████████████████| 20/20 [00:00<00:00, 29.26it/s]

📊 Validation Results (Per Task)
------------------------------------------------------------
sentiment  | F1=0.884 | Acc=0.890 | P=0.890 | R=0.879
urgency    | F1=0.652 | Acc=0.800 | P=0.648 | R=0.673
topic      | F1=0.829 | Acc=0.826 | P=0.841 | R=0.823
action     | F1=0.547 | Acc=0.806 | P=0.587 | R=0.536
------------------------------------------------------------
✅ Overall Avg | F1=0.728 | Acc=0.831 | P=0.741 | R=0.728

✅ Epoch 25 | Loss=0.1761 | F1(avg)=0.728 | Sent=0.884 | Urg=0.652 | Top=0.829 | Act=0.547
bert_small_lr3e-5_uf2 Epoch 26/50: 100%|████████████████████████████████████████| 20/20 [00:00<00:00, 29.32it/s]

📊 Validation Results (Per Task)
------------------------------------------------------------
sentiment  | F1=0.884 | Acc=0.890 | P=0.890 | R=0.879
urgency    | F1=0.637 | Acc=0.787 | P=0.638 | R=0.661
topic      | F1=0.823 | Acc=0.826 | P=0.829 | R=0.822
action     | F1=0.569 | Acc=0.806 | P=0.582 | R=0.563
------------------------------------------------------------
✅ Overall Avg | F1=0.728 | Acc=0.827 | P=0.735 | R=0.731

✅ Epoch 26 | Loss=0.1706 | F1(avg)=0.728 | Sent=0.884 | Urg=0.637 | Top=0.823 | Act=0.569
bert_small_lr3e-5_uf2 Epoch 27/50: 100%|████████████████████████████████████████| 20/20 [00:00<00:00, 29.35it/s]

📊 Validation Results (Per Task)
------------------------------------------------------------
sentiment  | F1=0.887 | Acc=0.897 | P=0.898 | R=0.879
urgency    | F1=0.672 | Acc=0.819 | P=0.665 | R=0.691
topic      | F1=0.823 | Acc=0.826 | P=0.835 | R=0.823
action     | F1=0.579 | Acc=0.806 | P=0.606 | R=0.568
------------------------------------------------------------
✅ Overall Avg | F1=0.740 | Acc=0.837 | P=0.751 | R=0.740

✅ Epoch 27 | Loss=0.1638 | F1(avg)=0.740 | Sent=0.887 | Urg=0.672 | Top=0.823 | Act=0.579
bert_small_lr3e-5_uf2 Epoch 28/50: 100%|████████████████████████████████████████| 20/20 [00:00<00:00, 29.28it/s]

📊 Validation Results (Per Task)
------------------------------------------------------------
sentiment  | F1=0.887 | Acc=0.897 | P=0.898 | R=0.879
urgency    | F1=0.674 | Acc=0.819 | P=0.667 | R=0.691
topic      | F1=0.824 | Acc=0.826 | P=0.830 | R=0.823
action     | F1=0.583 | Acc=0.813 | P=0.612 | R=0.570
------------------------------------------------------------
✅ Overall Avg | F1=0.742 | Acc=0.839 | P=0.752 | R=0.741

✅ Epoch 28 | Loss=0.1622 | F1(avg)=0.742 | Sent=0.887 | Urg=0.674 | Top=0.824 | Act=0.583
bert_small_lr3e-5_uf2 Epoch 29/50: 100%|████████████████████████████████████████| 20/20 [00:00<00:00, 29.33it/s]

📊 Validation Results (Per Task)
------------------------------------------------------------
sentiment  | F1=0.887 | Acc=0.897 | P=0.898 | R=0.879
urgency    | F1=0.664 | Acc=0.813 | P=0.659 | R=0.685
topic      | F1=0.830 | Acc=0.832 | P=0.836 | R=0.829
action     | F1=0.757 | Acc=0.813 | P=0.828 | R=0.735
------------------------------------------------------------
✅ Overall Avg | F1=0.785 | Acc=0.839 | P=0.805 | R=0.782

✅ Epoch 29 | Loss=0.1532 | F1(avg)=0.785 | Sent=0.887 | Urg=0.664 | Top=0.830 | Act=0.757
bert_small_lr3e-5_uf2 Epoch 30/50: 100%|████████████████████████████████████████| 20/20 [00:00<00:00, 29.37it/s]

📊 Validation Results (Per Task)
------------------------------------------------------------
sentiment  | F1=0.887 | Acc=0.897 | P=0.898 | R=0.879
urgency    | F1=0.628 | Acc=0.781 | P=0.635 | R=0.653
topic      | F1=0.819 | Acc=0.826 | P=0.823 | R=0.822
action     | F1=0.757 | Acc=0.813 | P=0.828 | R=0.735
------------------------------------------------------------
✅ Overall Avg | F1=0.773 | Acc=0.829 | P=0.796 | R=0.772

✅ Epoch 30 | Loss=0.1472 | F1(avg)=0.773 | Sent=0.887 | Urg=0.628 | Top=0.819 | Act=0.757
bert_small_lr3e-5_uf2 Epoch 31/50: 100%|████████████████████████████████████████| 20/20 [00:00<00:00, 29.19it/s]

📊 Validation Results (Per Task)
------------------------------------------------------------
sentiment  | F1=0.887 | Acc=0.897 | P=0.898 | R=0.879
urgency    | F1=0.643 | Acc=0.794 | P=0.643 | R=0.667
topic      | F1=0.814 | Acc=0.819 | P=0.817 | R=0.818
action     | F1=0.757 | Acc=0.813 | P=0.828 | R=0.735
------------------------------------------------------------
✅ Overall Avg | F1=0.775 | Acc=0.831 | P=0.797 | R=0.775

✅ Epoch 31 | Loss=0.1424 | F1(avg)=0.775 | Sent=0.887 | Urg=0.643 | Top=0.814 | Act=0.757
bert_small_lr3e-5_uf2 Epoch 32/50: 100%|████████████████████████████████████████| 20/20 [00:00<00:00, 29.33it/s]

📊 Validation Results (Per Task)
------------------------------------------------------------
sentiment  | F1=0.895 | Acc=0.903 | P=0.903 | R=0.888
urgency    | F1=0.655 | Acc=0.806 | P=0.654 | R=0.677
topic      | F1=0.822 | Acc=0.826 | P=0.828 | R=0.821
action     | F1=0.762 | Acc=0.819 | P=0.834 | R=0.737
------------------------------------------------------------
✅ Overall Avg | F1=0.783 | Acc=0.839 | P=0.805 | R=0.781

✅ Epoch 32 | Loss=0.1427 | F1(avg)=0.783 | Sent=0.895 | Urg=0.655 | Top=0.822 | Act=0.762
bert_small_lr3e-5_uf2 Epoch 33/50: 100%|████████████████████████████████████████| 20/20 [00:00<00:00, 29.29it/s]

📊 Validation Results (Per Task)
------------------------------------------------------------
sentiment  | F1=0.887 | Acc=0.897 | P=0.898 | R=0.879
urgency    | F1=0.663 | Acc=0.813 | P=0.658 | R=0.685
topic      | F1=0.819 | Acc=0.826 | P=0.823 | R=0.822
action     | F1=0.757 | Acc=0.813 | P=0.828 | R=0.735
------------------------------------------------------------
✅ Overall Avg | F1=0.781 | Acc=0.837 | P=0.802 | R=0.780

✅ Epoch 33 | Loss=0.1408 | F1(avg)=0.781 | Sent=0.887 | Urg=0.663 | Top=0.819 | Act=0.757
bert_small_lr3e-5_uf2 Epoch 34/50: 100%|████████████████████████████████████████| 20/20 [00:00<00:00, 29.37it/s]

📊 Validation Results (Per Task)
------------------------------------------------------------
sentiment  | F1=0.911 | Acc=0.916 | P=0.912 | R=0.911
urgency    | F1=0.656 | Acc=0.806 | P=0.654 | R=0.677
topic      | F1=0.816 | Acc=0.819 | P=0.822 | R=0.815
action     | F1=0.762 | Acc=0.819 | P=0.834 | R=0.737
------------------------------------------------------------
✅ Overall Avg | F1=0.786 | Acc=0.840 | P=0.805 | R=0.785

✅ Epoch 34 | Loss=0.1343 | F1(avg)=0.786 | Sent=0.911 | Urg=0.656 | Top=0.816 | Act=0.762
bert_small_lr3e-5_uf2 Epoch 35/50: 100%|████████████████████████████████████████| 20/20 [00:00<00:00, 29.34it/s]

📊 Validation Results (Per Task)
------------------------------------------------------------
sentiment  | F1=0.904 | Acc=0.910 | P=0.906 | R=0.902
urgency    | F1=0.648 | Acc=0.800 | P=0.649 | R=0.671
topic      | F1=0.823 | Acc=0.826 | P=0.831 | R=0.822
action     | F1=0.762 | Acc=0.819 | P=0.834 | R=0.737
------------------------------------------------------------
✅ Overall Avg | F1=0.784 | Acc=0.839 | P=0.805 | R=0.783

✅ Epoch 35 | Loss=0.1324 | F1(avg)=0.784 | Sent=0.904 | Urg=0.648 | Top=0.823 | Act=0.762
bert_small_lr3e-5_uf2 Epoch 36/50: 100%|████████████████████████████████████████| 20/20 [00:00<00:00, 29.21it/s]

📊 Validation Results (Per Task)
------------------------------------------------------------
sentiment  | F1=0.911 | Acc=0.916 | P=0.912 | R=0.911
urgency    | F1=0.627 | Acc=0.781 | P=0.636 | R=0.653
topic      | F1=0.826 | Acc=0.826 | P=0.839 | R=0.821
action     | F1=0.762 | Acc=0.819 | P=0.834 | R=0.737
------------------------------------------------------------
✅ Overall Avg | F1=0.782 | Acc=0.835 | P=0.805 | R=0.780

✅ Epoch 36 | Loss=0.1339 | F1(avg)=0.782 | Sent=0.911 | Urg=0.627 | Top=0.826 | Act=0.762
bert_small_lr3e-5_uf2 Epoch 37/50: 100%|████████████████████████████████████████| 20/20 [00:00<00:00, 29.40it/s]

📊 Validation Results (Per Task)
------------------------------------------------------------
sentiment  | F1=0.895 | Acc=0.903 | P=0.903 | R=0.888
urgency    | F1=0.667 | Acc=0.819 | P=0.663 | R=0.689
topic      | F1=0.826 | Acc=0.826 | P=0.839 | R=0.821
action     | F1=0.763 | Acc=0.819 | P=0.832 | R=0.741
------------------------------------------------------------
✅ Overall Avg | F1=0.788 | Acc=0.842 | P=0.809 | R=0.785

✅ Epoch 37 | Loss=0.1301 | F1(avg)=0.788 | Sent=0.895 | Urg=0.667 | Top=0.826 | Act=0.763
bert_small_lr3e-5_uf2 Epoch 38/50: 100%|████████████████████████████████████████| 20/20 [00:00<00:00, 29.59it/s]

📊 Validation Results (Per Task)
------------------------------------------------------------
sentiment  | F1=0.903 | Acc=0.910 | P=0.910 | R=0.897
urgency    | F1=0.655 | Acc=0.806 | P=0.654 | R=0.677
topic      | F1=0.815 | Acc=0.819 | P=0.823 | R=0.814
action     | F1=0.757 | Acc=0.813 | P=0.828 | R=0.735
------------------------------------------------------------
✅ Overall Avg | F1=0.783 | Acc=0.837 | P=0.804 | R=0.781

✅ Epoch 38 | Loss=0.1251 | F1(avg)=0.783 | Sent=0.903 | Urg=0.655 | Top=0.815 | Act=0.757
bert_small_lr3e-5_uf2 Epoch 39/50: 100%|████████████████████████████████████████| 20/20 [00:00<00:00, 29.49it/s]

📊 Validation Results (Per Task)
------------------------------------------------------------
sentiment  | F1=0.903 | Acc=0.910 | P=0.910 | R=0.897
urgency    | F1=0.641 | Acc=0.794 | P=0.644 | R=0.665
topic      | F1=0.826 | Acc=0.826 | P=0.839 | R=0.821
action     | F1=0.794 | Acc=0.826 | P=0.834 | R=0.775
------------------------------------------------------------
✅ Overall Avg | F1=0.791 | Acc=0.839 | P=0.807 | R=0.789

✅ Epoch 39 | Loss=0.1226 | F1(avg)=0.791 | Sent=0.903 | Urg=0.641 | Top=0.826 | Act=0.794
bert_small_lr3e-5_uf2 Epoch 40/50: 100%|████████████████████████████████████████| 20/20 [00:00<00:00, 29.62it/s]

📊 Validation Results (Per Task)
------------------------------------------------------------
sentiment  | F1=0.903 | Acc=0.910 | P=0.910 | R=0.897
urgency    | F1=0.647 | Acc=0.800 | P=0.647 | R=0.671
topic      | F1=0.828 | Acc=0.826 | P=0.838 | R=0.824
action     | F1=0.786 | Acc=0.819 | P=0.826 | R=0.768
------------------------------------------------------------
✅ Overall Avg | F1=0.791 | Acc=0.839 | P=0.805 | R=0.790

✅ Epoch 40 | Loss=0.1239 | F1(avg)=0.791 | Sent=0.903 | Urg=0.647 | Top=0.828 | Act=0.786
bert_small_lr3e-5_uf2 Epoch 41/50: 100%|████████████████████████████████████████| 20/20 [00:00<00:00, 29.55it/s]

📊 Validation Results (Per Task)
------------------------------------------------------------
sentiment  | F1=0.910 | Acc=0.916 | P=0.915 | R=0.907
urgency    | F1=0.634 | Acc=0.787 | P=0.640 | R=0.659
topic      | F1=0.817 | Acc=0.819 | P=0.822 | R=0.817
action     | F1=0.786 | Acc=0.819 | P=0.826 | R=0.768
------------------------------------------------------------
✅ Overall Avg | F1=0.787 | Acc=0.835 | P=0.801 | R=0.788

✅ Epoch 41 | Loss=0.1168 | F1(avg)=0.787 | Sent=0.910 | Urg=0.634 | Top=0.817 | Act=0.786
bert_small_lr3e-5_uf2 Epoch 42/50: 100%|████████████████████████████████████████| 20/20 [00:00<00:00, 29.40it/s]

📊 Validation Results (Per Task)
------------------------------------------------------------
sentiment  | F1=0.910 | Acc=0.916 | P=0.915 | R=0.907
urgency    | F1=0.634 | Acc=0.787 | P=0.643 | R=0.659
topic      | F1=0.817 | Acc=0.819 | P=0.822 | R=0.817
action     | F1=0.794 | Acc=0.826 | P=0.834 | R=0.775
------------------------------------------------------------
✅ Overall Avg | F1=0.789 | Acc=0.837 | P=0.804 | R=0.789

✅ Epoch 42 | Loss=0.1193 | F1(avg)=0.789 | Sent=0.910 | Urg=0.634 | Top=0.817 | Act=0.794
bert_small_lr3e-5_uf2 Epoch 43/50: 100%|████████████████████████████████████████| 20/20 [00:00<00:00, 29.42it/s]

📊 Validation Results (Per Task)
------------------------------------------------------------
sentiment  | F1=0.910 | Acc=0.916 | P=0.915 | R=0.907
urgency    | F1=0.641 | Acc=0.794 | P=0.642 | R=0.665
topic      | F1=0.821 | Acc=0.819 | P=0.833 | R=0.817
action     | F1=0.794 | Acc=0.826 | P=0.834 | R=0.775
------------------------------------------------------------
✅ Overall Avg | F1=0.792 | Acc=0.839 | P=0.806 | R=0.791

✅ Epoch 43 | Loss=0.1211 | F1(avg)=0.792 | Sent=0.910 | Urg=0.641 | Top=0.821 | Act=0.794
bert_small_lr3e-5_uf2 Epoch 44/50: 100%|████████████████████████████████████████| 20/20 [00:00<00:00, 29.40it/s]

📊 Validation Results (Per Task)
------------------------------------------------------------
sentiment  | F1=0.911 | Acc=0.916 | P=0.912 | R=0.911
urgency    | F1=0.641 | Acc=0.794 | P=0.642 | R=0.665
topic      | F1=0.828 | Acc=0.826 | P=0.838 | R=0.824
action     | F1=0.794 | Acc=0.826 | P=0.834 | R=0.775
------------------------------------------------------------
✅ Overall Avg | F1=0.794 | Acc=0.840 | P=0.806 | R=0.794

✅ Epoch 44 | Loss=0.1181 | F1(avg)=0.794 | Sent=0.911 | Urg=0.641 | Top=0.828 | Act=0.794
bert_small_lr3e-5_uf2 Epoch 45/50: 100%|████████████████████████████████████████| 20/20 [00:00<00:00, 29.44it/s]

📊 Validation Results (Per Task)
------------------------------------------------------------
sentiment  | F1=0.911 | Acc=0.916 | P=0.912 | R=0.911
urgency    | F1=0.627 | Acc=0.781 | P=0.640 | R=0.653
topic      | F1=0.819 | Acc=0.826 | P=0.820 | R=0.821
action     | F1=0.819 | Acc=0.832 | P=0.843 | R=0.803
------------------------------------------------------------
✅ Overall Avg | F1=0.794 | Acc=0.839 | P=0.804 | R=0.797

✅ Epoch 45 | Loss=0.1158 | F1(avg)=0.794 | Sent=0.911 | Urg=0.627 | Top=0.819 | Act=0.819
bert_small_lr3e-5_uf2 Epoch 46/50: 100%|████████████████████████████████████████| 20/20 [00:00<00:00, 29.37it/s]

📊 Validation Results (Per Task)
------------------------------------------------------------
sentiment  | F1=0.910 | Acc=0.916 | P=0.915 | R=0.907
urgency    | F1=0.651 | Acc=0.806 | P=0.653 | R=0.675
topic      | F1=0.823 | Acc=0.826 | P=0.827 | R=0.824
action     | F1=0.820 | Acc=0.832 | P=0.840 | R=0.808
------------------------------------------------------------
✅ Overall Avg | F1=0.801 | Acc=0.845 | P=0.809 | R=0.803

✅ Epoch 46 | Loss=0.1136 | F1(avg)=0.801 | Sent=0.910 | Urg=0.651 | Top=0.823 | Act=0.820
bert_small_lr3e-5_uf2 Epoch 47/50: 100%|████████████████████████████████████████| 20/20 [00:00<00:00, 29.46it/s]

📊 Validation Results (Per Task)
------------------------------------------------------------
sentiment  | F1=0.910 | Acc=0.916 | P=0.915 | R=0.907
urgency    | F1=0.668 | Acc=0.819 | P=0.663 | R=0.689
topic      | F1=0.828 | Acc=0.826 | P=0.838 | R=0.824
action     | F1=0.794 | Acc=0.826 | P=0.834 | R=0.775
------------------------------------------------------------
✅ Overall Avg | F1=0.800 | Acc=0.847 | P=0.812 | R=0.798

✅ Epoch 47 | Loss=0.1155 | F1(avg)=0.800 | Sent=0.910 | Urg=0.668 | Top=0.828 | Act=0.794
bert_small_lr3e-5_uf2 Epoch 48/50: 100%|████████████████████████████████████████| 20/20 [00:00<00:00, 29.36it/s]

📊 Validation Results (Per Task)
------------------------------------------------------------
sentiment  | F1=0.910 | Acc=0.916 | P=0.915 | R=0.907
urgency    | F1=0.655 | Acc=0.806 | P=0.652 | R=0.677
topic      | F1=0.828 | Acc=0.826 | P=0.838 | R=0.824
action     | F1=0.794 | Acc=0.826 | P=0.834 | R=0.775
------------------------------------------------------------
✅ Overall Avg | F1=0.797 | Acc=0.844 | P=0.810 | R=0.795

✅ Epoch 48 | Loss=0.1124 | F1(avg)=0.797 | Sent=0.910 | Urg=0.655 | Top=0.828 | Act=0.794
bert_small_lr3e-5_uf2 Epoch 49/50: 100%|████████████████████████████████████████| 20/20 [00:00<00:00, 29.44it/s]

📊 Validation Results (Per Task)
------------------------------------------------------------
sentiment  | F1=0.918 | Acc=0.923 | P=0.920 | R=0.916
urgency    | F1=0.660 | Acc=0.813 | P=0.658 | R=0.681
topic      | F1=0.828 | Acc=0.826 | P=0.838 | R=0.824
action     | F1=0.794 | Acc=0.826 | P=0.834 | R=0.775
------------------------------------------------------------
✅ Overall Avg | F1=0.800 | Acc=0.847 | P=0.812 | R=0.799

✅ Epoch 49 | Loss=0.1133 | F1(avg)=0.800 | Sent=0.918 | Urg=0.660 | Top=0.828 | Act=0.794
bert_small_lr3e-5_uf2 Epoch 50/50: 100%|████████████████████████████████████████| 20/20 [00:00<00:00, 28.17it/s]

📊 Validation Results (Per Task)
------------------------------------------------------------
sentiment  | F1=0.918 | Acc=0.923 | P=0.920 | R=0.916
urgency    | F1=0.660 | Acc=0.813 | P=0.658 | R=0.681
topic      | F1=0.828 | Acc=0.826 | P=0.838 | R=0.824
action     | F1=0.794 | Acc=0.826 | P=0.834 | R=0.775
------------------------------------------------------------
✅ Overall Avg | F1=0.800 | Acc=0.847 | P=0.812 | R=0.799

✅ Epoch 50 | Loss=0.1130 | F1(avg)=0.800 | Sent=0.918 | Urg=0.660 | Top=0.828 | Act=0.794
