Use device:cuda
bert_small_lr3e-5_uf2 Epoch 1/50: 100%|█████████████████████████████████████████| 20/20 [00:00<00:00, 28.74it/s]

📊 Validation Results (Per Task)
------------------------------------------------------------
sentiment  | F1=0.423 | Acc=0.581 | P=0.745 | R=0.468
urgency    | F1=0.347 | Acc=0.613 | P=0.431 | R=0.380
topic      | F1=0.133 | Acc=0.284 | P=0.169 | R=0.188
action     | F1=0.180 | Acc=0.548 | P=0.169 | R=0.212
------------------------------------------------------------
✅ Overall Avg | F1=0.271 | Acc=0.506 | P=0.378 | R=0.312

✅ Epoch 1 | Loss=1.4315 | F1(avg)=0.271 | Sent=0.423 | Urg=0.347 | Top=0.133 | Act=0.180
bert_small_lr3e-5_uf2 Epoch 2/50: 100%|█████████████████████████████████████████| 20/20 [00:00<00:00, 28.93it/s]

📊 Validation Results (Per Task)
------------------------------------------------------------
sentiment  | F1=0.544 | Acc=0.645 | P=0.746 | R=0.557
urgency    | F1=0.468 | Acc=0.703 | P=0.457 | R=0.481
topic      | F1=0.327 | Acc=0.471 | P=0.479 | R=0.365
action     | F1=0.221 | Acc=0.587 | P=0.355 | R=0.248
------------------------------------------------------------
✅ Overall Avg | F1=0.390 | Acc=0.602 | P=0.509 | R=0.413

✅ Epoch 2 | Loss=1.2138 | F1(avg)=0.390 | Sent=0.544 | Urg=0.468 | Top=0.327 | Act=0.221
bert_small_lr3e-5_uf2 Epoch 3/50: 100%|█████████████████████████████████████████| 20/20 [00:00<00:00, 28.89it/s]

📊 Validation Results (Per Task)
------------------------------------------------------------
sentiment  | F1=0.733 | Acc=0.755 | P=0.783 | R=0.716
urgency    | F1=0.570 | Acc=0.774 | P=0.633 | R=0.558
topic      | F1=0.467 | Acc=0.581 | P=0.567 | R=0.483
action     | F1=0.261 | Acc=0.639 | P=0.365 | R=0.308
------------------------------------------------------------
✅ Overall Avg | F1=0.508 | Acc=0.687 | P=0.587 | R=0.516

✅ Epoch 3 | Loss=1.0553 | F1(avg)=0.508 | Sent=0.733 | Urg=0.570 | Top=0.467 | Act=0.261
bert_small_lr3e-5_uf2 Epoch 4/50: 100%|█████████████████████████████████████████| 20/20 [00:00<00:00, 28.95it/s]

📊 Validation Results (Per Task)
------------------------------------------------------------
sentiment  | F1=0.793 | Acc=0.806 | P=0.816 | R=0.781
urgency    | F1=0.658 | Acc=0.787 | P=0.728 | R=0.627
topic      | F1=0.560 | Acc=0.652 | P=0.581 | R=0.570
action     | F1=0.302 | Acc=0.665 | P=0.320 | R=0.335
------------------------------------------------------------
✅ Overall Avg | F1=0.578 | Acc=0.727 | P=0.611 | R=0.578

✅ Epoch 4 | Loss=0.9120 | F1(avg)=0.578 | Sent=0.793 | Urg=0.658 | Top=0.560 | Act=0.302
bert_small_lr3e-5_uf2 Epoch 5/50: 100%|█████████████████████████████████████████| 20/20 [00:00<00:00, 29.13it/s]

📊 Validation Results (Per Task)
------------------------------------------------------------
sentiment  | F1=0.812 | Acc=0.826 | P=0.829 | R=0.802
urgency    | F1=0.668 | Acc=0.813 | P=0.695 | R=0.651
topic      | F1=0.574 | Acc=0.665 | P=0.581 | R=0.590
action     | F1=0.342 | Acc=0.703 | P=0.349 | R=0.370
------------------------------------------------------------
✅ Overall Avg | F1=0.599 | Acc=0.752 | P=0.613 | R=0.603

✅ Epoch 5 | Loss=0.7840 | F1(avg)=0.599 | Sent=0.812 | Urg=0.668 | Top=0.574 | Act=0.342
bert_small_lr3e-5_uf2 Epoch 6/50: 100%|█████████████████████████████████████████| 20/20 [00:00<00:00, 29.07it/s]

📊 Validation Results (Per Task)
------------------------------------------------------------
sentiment  | F1=0.846 | Acc=0.858 | P=0.849 | R=0.844
urgency    | F1=0.689 | Acc=0.813 | P=0.787 | R=0.656
topic      | F1=0.647 | Acc=0.710 | P=0.702 | R=0.643
action     | F1=0.388 | Acc=0.735 | P=0.538 | R=0.406
------------------------------------------------------------
✅ Overall Avg | F1=0.642 | Acc=0.779 | P=0.719 | R=0.637

✅ Epoch 6 | Loss=0.6733 | F1(avg)=0.642 | Sent=0.846 | Urg=0.689 | Top=0.647 | Act=0.388
bert_small_lr3e-5_uf2 Epoch 7/50: 100%|█████████████████████████████████████████| 20/20 [00:00<00:00, 29.04it/s]

📊 Validation Results (Per Task)
------------------------------------------------------------
sentiment  | F1=0.881 | Acc=0.890 | P=0.885 | R=0.881
urgency    | F1=0.652 | Acc=0.806 | P=0.662 | R=0.645
topic      | F1=0.699 | Acc=0.735 | P=0.741 | R=0.681
action     | F1=0.399 | Acc=0.755 | P=0.539 | R=0.421
------------------------------------------------------------
✅ Overall Avg | F1=0.658 | Acc=0.797 | P=0.707 | R=0.657

✅ Epoch 7 | Loss=0.5899 | F1(avg)=0.658 | Sent=0.881 | Urg=0.652 | Top=0.699 | Act=0.399
bert_small_lr3e-5_uf2 Epoch 8/50: 100%|█████████████████████████████████████████| 20/20 [00:00<00:00, 29.07it/s]

📊 Validation Results (Per Task)
------------------------------------------------------------
sentiment  | F1=0.851 | Acc=0.858 | P=0.846 | R=0.857
urgency    | F1=0.640 | Acc=0.800 | P=0.652 | R=0.637
topic      | F1=0.757 | Acc=0.768 | P=0.783 | R=0.749
action     | F1=0.390 | Acc=0.748 | P=0.544 | R=0.406
------------------------------------------------------------
✅ Overall Avg | F1=0.660 | Acc=0.794 | P=0.706 | R=0.662

✅ Epoch 8 | Loss=0.5144 | F1(avg)=0.660 | Sent=0.851 | Urg=0.640 | Top=0.757 | Act=0.390
bert_small_lr3e-5_uf2 Epoch 9/50: 100%|█████████████████████████████████████████| 20/20 [00:00<00:00, 29.12it/s]

📊 Validation Results (Per Task)
------------------------------------------------------------
sentiment  | F1=0.880 | Acc=0.890 | P=0.882 | R=0.881
urgency    | F1=0.683 | Acc=0.839 | P=0.695 | R=0.675
topic      | F1=0.771 | Acc=0.787 | P=0.790 | R=0.763
action     | F1=0.598 | Acc=0.787 | P=0.671 | R=0.609
------------------------------------------------------------
✅ Overall Avg | F1=0.733 | Acc=0.826 | P=0.759 | R=0.732

✅ Epoch 9 | Loss=0.4729 | F1(avg)=0.733 | Sent=0.880 | Urg=0.683 | Top=0.771 | Act=0.598
bert_small_lr3e-5_uf2 Epoch 10/50: 100%|████████████████████████████████████████| 20/20 [00:00<00:00, 29.12it/s]

📊 Validation Results (Per Task)
------------------------------------------------------------
sentiment  | F1=0.874 | Acc=0.884 | P=0.874 | R=0.874
urgency    | F1=0.663 | Acc=0.819 | P=0.669 | R=0.657
topic      | F1=0.803 | Acc=0.813 | P=0.823 | R=0.795
action     | F1=0.605 | Acc=0.781 | P=0.652 | R=0.611
------------------------------------------------------------
✅ Overall Avg | F1=0.736 | Acc=0.824 | P=0.754 | R=0.734

✅ Epoch 10 | Loss=0.4155 | F1(avg)=0.736 | Sent=0.874 | Urg=0.663 | Top=0.803 | Act=0.605
bert_small_lr3e-5_uf2 Epoch 11/50: 100%|████████████████████████████████████████| 20/20 [00:00<00:00, 29.11it/s]

📊 Validation Results (Per Task)
------------------------------------------------------------
sentiment  | F1=0.885 | Acc=0.897 | P=0.888 | R=0.883
urgency    | F1=0.687 | Acc=0.832 | P=0.682 | R=0.696
topic      | F1=0.784 | Acc=0.794 | P=0.799 | R=0.780
action     | F1=0.616 | Acc=0.781 | P=0.662 | R=0.619
------------------------------------------------------------
✅ Overall Avg | F1=0.743 | Acc=0.826 | P=0.758 | R=0.745

✅ Epoch 11 | Loss=0.3652 | F1(avg)=0.743 | Sent=0.885 | Urg=0.687 | Top=0.784 | Act=0.616
bert_small_lr3e-5_uf2 Epoch 12/50: 100%|████████████████████████████████████████| 20/20 [00:00<00:00, 29.18it/s]

📊 Validation Results (Per Task)
------------------------------------------------------------
sentiment  | F1=0.887 | Acc=0.897 | P=0.892 | R=0.883
urgency    | F1=0.710 | Acc=0.852 | P=0.707 | R=0.714
topic      | F1=0.813 | Acc=0.813 | P=0.835 | R=0.807
action     | F1=0.635 | Acc=0.800 | P=0.671 | R=0.639
------------------------------------------------------------
✅ Overall Avg | F1=0.761 | Acc=0.840 | P=0.776 | R=0.761

✅ Epoch 12 | Loss=0.3466 | F1(avg)=0.761 | Sent=0.887 | Urg=0.710 | Top=0.813 | Act=0.635
bert_small_lr3e-5_uf2 Epoch 13/50: 100%|████████████████████████████████████████| 20/20 [00:00<00:00, 29.12it/s]

📊 Validation Results (Per Task)
------------------------------------------------------------
sentiment  | F1=0.895 | Acc=0.903 | P=0.901 | R=0.890
urgency    | F1=0.711 | Acc=0.852 | P=0.705 | R=0.719
topic      | F1=0.810 | Acc=0.813 | P=0.828 | R=0.807
action     | F1=0.623 | Acc=0.787 | P=0.636 | R=0.630
------------------------------------------------------------
✅ Overall Avg | F1=0.760 | Acc=0.839 | P=0.767 | R=0.762

✅ Epoch 13 | Loss=0.3232 | F1(avg)=0.760 | Sent=0.895 | Urg=0.711 | Top=0.810 | Act=0.623
bert_small_lr3e-5_uf2 Epoch 14/50: 100%|████████████████████████████████████████| 20/20 [00:00<00:00, 29.15it/s]

📊 Validation Results (Per Task)
------------------------------------------------------------
sentiment  | F1=0.893 | Acc=0.903 | P=0.897 | R=0.890
urgency    | F1=0.695 | Acc=0.845 | P=0.689 | R=0.708
topic      | F1=0.826 | Acc=0.826 | P=0.847 | R=0.821
action     | F1=0.630 | Acc=0.794 | P=0.661 | R=0.632
------------------------------------------------------------
✅ Overall Avg | F1=0.761 | Acc=0.842 | P=0.774 | R=0.763

✅ Epoch 14 | Loss=0.3076 | F1(avg)=0.761 | Sent=0.893 | Urg=0.695 | Top=0.826 | Act=0.630
bert_small_lr3e-5_uf2 Epoch 15/50: 100%|████████████████████████████████████████| 20/20 [00:00<00:00, 29.12it/s]

📊 Validation Results (Per Task)
------------------------------------------------------------
sentiment  | F1=0.888 | Acc=0.897 | P=0.894 | R=0.883
urgency    | F1=0.697 | Acc=0.832 | P=0.691 | R=0.724
topic      | F1=0.816 | Acc=0.819 | P=0.830 | R=0.811
action     | F1=0.624 | Acc=0.787 | P=0.648 | R=0.626
------------------------------------------------------------
✅ Overall Avg | F1=0.756 | Acc=0.834 | P=0.766 | R=0.761

✅ Epoch 15 | Loss=0.2895 | F1(avg)=0.756 | Sent=0.888 | Urg=0.697 | Top=0.816 | Act=0.624
bert_small_lr3e-5_uf2 Epoch 16/50: 100%|████████████████████████████████████████| 20/20 [00:00<00:00, 29.22it/s]

📊 Validation Results (Per Task)
------------------------------------------------------------
sentiment  | F1=0.900 | Acc=0.910 | P=0.903 | R=0.897
urgency    | F1=0.721 | Acc=0.865 | P=0.716 | R=0.726
topic      | F1=0.799 | Acc=0.806 | P=0.807 | R=0.800
action     | F1=0.635 | Acc=0.794 | P=0.657 | R=0.636
------------------------------------------------------------
✅ Overall Avg | F1=0.764 | Acc=0.844 | P=0.771 | R=0.765

✅ Epoch 16 | Loss=0.2648 | F1(avg)=0.764 | Sent=0.900 | Urg=0.721 | Top=0.799 | Act=0.635
bert_small_lr3e-5_uf2 Epoch 17/50: 100%|████████████████████████████████████████| 20/20 [00:00<00:00, 29.08it/s]

📊 Validation Results (Per Task)
------------------------------------------------------------
sentiment  | F1=0.885 | Acc=0.890 | P=0.884 | R=0.888
urgency    | F1=0.722 | Acc=0.858 | P=0.730 | R=0.716
topic      | F1=0.833 | Acc=0.832 | P=0.856 | R=0.824
action     | F1=0.639 | Acc=0.800 | P=0.661 | R=0.638
------------------------------------------------------------
✅ Overall Avg | F1=0.770 | Acc=0.845 | P=0.783 | R=0.767

✅ Epoch 17 | Loss=0.2488 | F1(avg)=0.770 | Sent=0.885 | Urg=0.722 | Top=0.833 | Act=0.639
bert_small_lr3e-5_uf2 Epoch 18/50: 100%|████████████████████████████████████████| 20/20 [00:00<00:00, 29.12it/s]

📊 Validation Results (Per Task)
------------------------------------------------------------
sentiment  | F1=0.918 | Acc=0.923 | P=0.917 | R=0.920
urgency    | F1=0.690 | Acc=0.845 | P=0.684 | R=0.708
topic      | F1=0.804 | Acc=0.806 | P=0.818 | R=0.800
action     | F1=0.724 | Acc=0.819 | P=0.849 | R=0.701
------------------------------------------------------------
✅ Overall Avg | F1=0.784 | Acc=0.848 | P=0.817 | R=0.782

✅ Epoch 18 | Loss=0.2374 | F1(avg)=0.784 | Sent=0.918 | Urg=0.690 | Top=0.804 | Act=0.724
bert_small_lr3e-5_uf2 Epoch 19/50: 100%|████████████████████████████████████████| 20/20 [00:00<00:00, 29.14it/s]

📊 Validation Results (Per Task)
------------------------------------------------------------
sentiment  | F1=0.910 | Acc=0.916 | P=0.909 | R=0.911
urgency    | F1=0.709 | Acc=0.858 | P=0.702 | R=0.720
topic      | F1=0.807 | Acc=0.806 | P=0.821 | R=0.802
action     | F1=0.714 | Acc=0.813 | P=0.842 | R=0.690
------------------------------------------------------------
✅ Overall Avg | F1=0.785 | Acc=0.848 | P=0.819 | R=0.781

✅ Epoch 19 | Loss=0.2295 | F1(avg)=0.785 | Sent=0.910 | Urg=0.709 | Top=0.807 | Act=0.714
bert_small_lr3e-5_uf2 Epoch 20/50: 100%|████████████████████████████████████████| 20/20 [00:00<00:00, 29.36it/s]

📊 Validation Results (Per Task)
------------------------------------------------------------
sentiment  | F1=0.912 | Acc=0.916 | P=0.918 | R=0.907
urgency    | F1=0.701 | Acc=0.852 | P=0.693 | R=0.716
topic      | F1=0.812 | Acc=0.813 | P=0.824 | R=0.809
action     | F1=0.752 | Acc=0.819 | P=0.838 | R=0.724
------------------------------------------------------------
✅ Overall Avg | F1=0.794 | Acc=0.850 | P=0.818 | R=0.789

✅ Epoch 20 | Loss=0.2158 | F1(avg)=0.794 | Sent=0.912 | Urg=0.701 | Top=0.812 | Act=0.752
bert_small_lr3e-5_uf2 Epoch 21/50: 100%|████████████████████████████████████████| 20/20 [00:00<00:00, 29.31it/s]

📊 Validation Results (Per Task)
------------------------------------------------------------
sentiment  | F1=0.905 | Acc=0.910 | P=0.905 | R=0.907
urgency    | F1=0.679 | Acc=0.839 | P=0.677 | R=0.698
topic      | F1=0.816 | Acc=0.819 | P=0.829 | R=0.812
action     | F1=0.724 | Acc=0.819 | P=0.849 | R=0.701
------------------------------------------------------------
✅ Overall Avg | F1=0.781 | Acc=0.847 | P=0.815 | R=0.779

✅ Epoch 21 | Loss=0.2093 | F1(avg)=0.781 | Sent=0.905 | Urg=0.679 | Top=0.816 | Act=0.724
bert_small_lr3e-5_uf2 Epoch 22/50: 100%|████████████████████████████████████████| 20/20 [00:00<00:00, 29.26it/s]

📊 Validation Results (Per Task)
------------------------------------------------------------
sentiment  | F1=0.903 | Acc=0.910 | P=0.910 | R=0.897
urgency    | F1=0.686 | Acc=0.826 | P=0.681 | R=0.720
topic      | F1=0.806 | Acc=0.806 | P=0.819 | R=0.802
action     | F1=0.786 | Acc=0.826 | P=0.843 | R=0.761
------------------------------------------------------------
✅ Overall Avg | F1=0.795 | Acc=0.842 | P=0.813 | R=0.795

✅ Epoch 22 | Loss=0.1946 | F1(avg)=0.795 | Sent=0.903 | Urg=0.686 | Top=0.806 | Act=0.786
bert_small_lr3e-5_uf2 Epoch 23/50: 100%|████████████████████████████████████████| 20/20 [00:00<00:00, 28.92it/s]

📊 Validation Results (Per Task)
------------------------------------------------------------
sentiment  | F1=0.897 | Acc=0.903 | P=0.897 | R=0.897
urgency    | F1=0.704 | Acc=0.858 | P=0.697 | R=0.718
topic      | F1=0.811 | Acc=0.813 | P=0.824 | R=0.808
action     | F1=0.786 | Acc=0.826 | P=0.843 | R=0.761
------------------------------------------------------------
✅ Overall Avg | F1=0.800 | Acc=0.850 | P=0.815 | R=0.796

✅ Epoch 23 | Loss=0.1864 | F1(avg)=0.800 | Sent=0.897 | Urg=0.704 | Top=0.811 | Act=0.786
bert_small_lr3e-5_uf2 Epoch 24/50: 100%|████████████████████████████████████████| 20/20 [00:00<00:00, 29.19it/s]

📊 Validation Results (Per Task)
------------------------------------------------------------
sentiment  | F1=0.912 | Acc=0.916 | P=0.918 | R=0.907
urgency    | F1=0.693 | Acc=0.845 | P=0.685 | R=0.711
topic      | F1=0.806 | Acc=0.806 | P=0.819 | R=0.802
action     | F1=0.788 | Acc=0.826 | P=0.839 | R=0.765
------------------------------------------------------------
✅ Overall Avg | F1=0.800 | Acc=0.848 | P=0.815 | R=0.796

✅ Epoch 24 | Loss=0.1838 | F1(avg)=0.800 | Sent=0.912 | Urg=0.693 | Top=0.806 | Act=0.788
bert_small_lr3e-5_uf2 Epoch 25/50: 100%|████████████████████████████████████████| 20/20 [00:00<00:00, 29.16it/s]

📊 Validation Results (Per Task)
------------------------------------------------------------
sentiment  | F1=0.901 | Acc=0.903 | P=0.900 | R=0.902
urgency    | F1=0.707 | Acc=0.858 | P=0.699 | R=0.718
topic      | F1=0.803 | Acc=0.806 | P=0.817 | R=0.798
action     | F1=0.715 | Acc=0.813 | P=0.839 | R=0.694
------------------------------------------------------------
✅ Overall Avg | F1=0.781 | Acc=0.845 | P=0.814 | R=0.778

✅ Epoch 25 | Loss=0.1745 | F1(avg)=0.781 | Sent=0.901 | Urg=0.707 | Top=0.803 | Act=0.715
bert_small_lr3e-5_uf2 Epoch 26/50: 100%|████████████████████████████████████████| 20/20 [00:00<00:00, 29.11it/s]

📊 Validation Results (Per Task)
------------------------------------------------------------
sentiment  | F1=0.912 | Acc=0.916 | P=0.918 | R=0.907
urgency    | F1=0.671 | Acc=0.826 | P=0.667 | R=0.693
topic      | F1=0.819 | Acc=0.819 | P=0.828 | R=0.816
action     | F1=0.796 | Acc=0.832 | P=0.848 | R=0.772
------------------------------------------------------------
✅ Overall Avg | F1=0.800 | Acc=0.848 | P=0.815 | R=0.797

✅ Epoch 26 | Loss=0.1745 | F1(avg)=0.800 | Sent=0.912 | Urg=0.671 | Top=0.819 | Act=0.796
bert_small_lr3e-5_uf2 Epoch 27/50: 100%|████████████████████████████████████████| 20/20 [00:00<00:00, 29.01it/s]

📊 Validation Results (Per Task)
------------------------------------------------------------
sentiment  | F1=0.905 | Acc=0.910 | P=0.908 | R=0.902
urgency    | F1=0.678 | Acc=0.832 | P=0.673 | R=0.699
topic      | F1=0.819 | Acc=0.819 | P=0.828 | R=0.816
action     | F1=0.797 | Acc=0.832 | P=0.849 | R=0.772
------------------------------------------------------------
✅ Overall Avg | F1=0.800 | Acc=0.848 | P=0.815 | R=0.797

✅ Epoch 27 | Loss=0.1633 | F1(avg)=0.800 | Sent=0.905 | Urg=0.678 | Top=0.819 | Act=0.797
bert_small_lr3e-5_uf2 Epoch 28/50: 100%|████████████████████████████████████████| 20/20 [00:00<00:00, 29.04it/s]

📊 Validation Results (Per Task)
------------------------------------------------------------
sentiment  | F1=0.903 | Acc=0.910 | P=0.910 | R=0.897
urgency    | F1=0.686 | Acc=0.839 | P=0.679 | R=0.705
topic      | F1=0.829 | Acc=0.826 | P=0.834 | R=0.830
action     | F1=0.798 | Acc=0.832 | P=0.841 | R=0.777
------------------------------------------------------------
✅ Overall Avg | F1=0.804 | Acc=0.852 | P=0.816 | R=0.802

✅ Epoch 28 | Loss=0.1565 | F1(avg)=0.804 | Sent=0.903 | Urg=0.686 | Top=0.829 | Act=0.798
bert_small_lr3e-5_uf2 Epoch 29/50: 100%|████████████████████████████████████████| 20/20 [00:00<00:00, 29.18it/s]

📊 Validation Results (Per Task)
------------------------------------------------------------
sentiment  | F1=0.903 | Acc=0.910 | P=0.910 | R=0.897
urgency    | F1=0.671 | Acc=0.813 | P=0.671 | R=0.708
topic      | F1=0.822 | Acc=0.819 | P=0.829 | R=0.823
action     | F1=0.796 | Acc=0.832 | P=0.844 | R=0.772
------------------------------------------------------------
✅ Overall Avg | F1=0.798 | Acc=0.844 | P=0.814 | R=0.800

✅ Epoch 29 | Loss=0.1590 | F1(avg)=0.798 | Sent=0.903 | Urg=0.671 | Top=0.822 | Act=0.796
bert_small_lr3e-5_uf2 Epoch 30/50: 100%|████████████████████████████████████████| 20/20 [00:00<00:00, 29.27it/s]

📊 Validation Results (Per Task)
------------------------------------------------------------
sentiment  | F1=0.889 | Acc=0.897 | P=0.896 | R=0.883
urgency    | F1=0.725 | Acc=0.871 | P=0.720 | R=0.730
topic      | F1=0.814 | Acc=0.813 | P=0.822 | R=0.815
action     | F1=0.797 | Acc=0.832 | P=0.849 | R=0.772
------------------------------------------------------------
✅ Overall Avg | F1=0.806 | Acc=0.853 | P=0.822 | R=0.800

✅ Epoch 30 | Loss=0.1459 | F1(avg)=0.806 | Sent=0.889 | Urg=0.725 | Top=0.814 | Act=0.797
bert_small_lr3e-5_uf2 Epoch 31/50: 100%|████████████████████████████████████████| 20/20 [00:00<00:00, 29.26it/s]

📊 Validation Results (Per Task)
------------------------------------------------------------
sentiment  | F1=0.903 | Acc=0.910 | P=0.910 | R=0.897
urgency    | F1=0.677 | Acc=0.832 | P=0.672 | R=0.696
topic      | F1=0.819 | Acc=0.819 | P=0.828 | R=0.819
action     | F1=0.794 | Acc=0.826 | P=0.842 | R=0.770
------------------------------------------------------------
✅ Overall Avg | F1=0.798 | Acc=0.847 | P=0.813 | R=0.796

✅ Epoch 31 | Loss=0.1484 | F1(avg)=0.798 | Sent=0.903 | Urg=0.677 | Top=0.819 | Act=0.794
bert_small_lr3e-5_uf2 Epoch 32/50: 100%|████████████████████████████████████████| 20/20 [00:00<00:00, 29.26it/s]

📊 Validation Results (Per Task)
------------------------------------------------------------
sentiment  | F1=0.903 | Acc=0.910 | P=0.910 | R=0.897
urgency    | F1=0.717 | Acc=0.865 | P=0.710 | R=0.726
topic      | F1=0.816 | Acc=0.813 | P=0.822 | R=0.818
action     | F1=0.798 | Acc=0.832 | P=0.850 | R=0.772
------------------------------------------------------------
✅ Overall Avg | F1=0.809 | Acc=0.855 | P=0.823 | R=0.803

✅ Epoch 32 | Loss=0.1418 | F1(avg)=0.809 | Sent=0.903 | Urg=0.717 | Top=0.816 | Act=0.798
bert_small_lr3e-5_uf2 Epoch 33/50: 100%|████████████████████████████████████████| 20/20 [00:00<00:00, 29.24it/s]

📊 Validation Results (Per Task)
------------------------------------------------------------
sentiment  | F1=0.898 | Acc=0.903 | P=0.903 | R=0.893
urgency    | F1=0.678 | Acc=0.819 | P=0.676 | R=0.714
topic      | F1=0.821 | Acc=0.819 | P=0.827 | R=0.822
action     | F1=0.802 | Acc=0.839 | P=0.857 | R=0.774
------------------------------------------------------------
✅ Overall Avg | F1=0.800 | Acc=0.845 | P=0.816 | R=0.801

✅ Epoch 33 | Loss=0.1369 | F1(avg)=0.800 | Sent=0.898 | Urg=0.678 | Top=0.821 | Act=0.802
bert_small_lr3e-5_uf2 Epoch 34/50: 100%|████████████████████████████████████████| 20/20 [00:00<00:00, 29.13it/s]

📊 Validation Results (Per Task)
------------------------------------------------------------
sentiment  | F1=0.905 | Acc=0.910 | P=0.908 | R=0.902
urgency    | F1=0.671 | Acc=0.826 | P=0.667 | R=0.693
topic      | F1=0.826 | Acc=0.826 | P=0.833 | R=0.826
action     | F1=0.798 | Acc=0.832 | P=0.850 | R=0.772
------------------------------------------------------------
✅ Overall Avg | F1=0.800 | Acc=0.848 | P=0.815 | R=0.798

✅ Epoch 34 | Loss=0.1364 | F1(avg)=0.800 | Sent=0.905 | Urg=0.671 | Top=0.826 | Act=0.798
bert_small_lr3e-5_uf2 Epoch 35/50: 100%|████████████████████████████████████████| 20/20 [00:00<00:00, 29.24it/s]

📊 Validation Results (Per Task)
------------------------------------------------------------
sentiment  | F1=0.912 | Acc=0.916 | P=0.913 | R=0.911
urgency    | F1=0.662 | Acc=0.819 | P=0.661 | R=0.684
topic      | F1=0.809 | Acc=0.806 | P=0.817 | R=0.811
action     | F1=0.798 | Acc=0.832 | P=0.850 | R=0.772
------------------------------------------------------------
✅ Overall Avg | F1=0.795 | Acc=0.844 | P=0.810 | R=0.795

✅ Epoch 35 | Loss=0.1357 | F1(avg)=0.795 | Sent=0.912 | Urg=0.662 | Top=0.809 | Act=0.798
bert_small_lr3e-5_uf2 Epoch 36/50: 100%|████████████████████████████████████████| 20/20 [00:00<00:00, 29.13it/s]

📊 Validation Results (Per Task)
------------------------------------------------------------
sentiment  | F1=0.903 | Acc=0.910 | P=0.910 | R=0.897
urgency    | F1=0.678 | Acc=0.832 | P=0.673 | R=0.699
topic      | F1=0.814 | Acc=0.813 | P=0.822 | R=0.815
action     | F1=0.790 | Acc=0.826 | P=0.832 | R=0.770
------------------------------------------------------------
✅ Overall Avg | F1=0.796 | Acc=0.845 | P=0.809 | R=0.795

✅ Epoch 36 | Loss=0.1280 | F1(avg)=0.796 | Sent=0.903 | Urg=0.678 | Top=0.814 | Act=0.790
bert_small_lr3e-5_uf2 Epoch 37/50: 100%|████████████████████████████████████████| 20/20 [00:00<00:00, 29.15it/s]

📊 Validation Results (Per Task)
------------------------------------------------------------
sentiment  | F1=0.903 | Acc=0.910 | P=0.910 | R=0.897
urgency    | F1=0.657 | Acc=0.813 | P=0.658 | R=0.681
topic      | F1=0.814 | Acc=0.813 | P=0.822 | R=0.815
action     | F1=0.790 | Acc=0.826 | P=0.832 | R=0.770
------------------------------------------------------------
✅ Overall Avg | F1=0.791 | Acc=0.840 | P=0.806 | R=0.791

✅ Epoch 37 | Loss=0.1262 | F1(avg)=0.791 | Sent=0.903 | Urg=0.657 | Top=0.814 | Act=0.790
bert_small_lr3e-5_uf2 Epoch 38/50: 100%|████████████████████████████████████████| 20/20 [00:00<00:00, 29.15it/s]

📊 Validation Results (Per Task)
------------------------------------------------------------
sentiment  | F1=0.898 | Acc=0.903 | P=0.903 | R=0.893
urgency    | F1=0.662 | Acc=0.819 | P=0.661 | R=0.684
topic      | F1=0.815 | Acc=0.813 | P=0.822 | R=0.817
action     | F1=0.792 | Acc=0.826 | P=0.837 | R=0.770
------------------------------------------------------------
✅ Overall Avg | F1=0.792 | Acc=0.840 | P=0.806 | R=0.791

✅ Epoch 38 | Loss=0.1277 | F1(avg)=0.792 | Sent=0.898 | Urg=0.662 | Top=0.815 | Act=0.792
bert_small_lr3e-5_uf2 Epoch 39/50: 100%|████████████████████████████████████████| 20/20 [00:00<00:00, 29.30it/s]

📊 Validation Results (Per Task)
------------------------------------------------------------
sentiment  | F1=0.912 | Acc=0.916 | P=0.913 | R=0.911
urgency    | F1=0.682 | Acc=0.839 | P=0.677 | R=0.700
topic      | F1=0.823 | Acc=0.819 | P=0.829 | R=0.825
action     | F1=0.794 | Acc=0.826 | P=0.842 | R=0.770
------------------------------------------------------------
✅ Overall Avg | F1=0.803 | Acc=0.850 | P=0.815 | R=0.802

✅ Epoch 39 | Loss=0.1251 | F1(avg)=0.803 | Sent=0.912 | Urg=0.682 | Top=0.823 | Act=0.794
bert_small_lr3e-5_uf2 Epoch 40/50: 100%|████████████████████████████████████████| 20/20 [00:00<00:00, 29.22it/s]

📊 Validation Results (Per Task)
------------------------------------------------------------
sentiment  | F1=0.919 | Acc=0.923 | P=0.923 | R=0.916
urgency    | F1=0.657 | Acc=0.813 | P=0.658 | R=0.681
topic      | F1=0.809 | Acc=0.806 | P=0.817 | R=0.811
action     | F1=0.790 | Acc=0.826 | P=0.832 | R=0.770
------------------------------------------------------------
✅ Overall Avg | F1=0.794 | Acc=0.842 | P=0.807 | R=0.794

✅ Epoch 40 | Loss=0.1207 | F1(avg)=0.794 | Sent=0.919 | Urg=0.657 | Top=0.809 | Act=0.790
bert_small_lr3e-5_uf2 Epoch 41/50: 100%|████████████████████████████████████████| 20/20 [00:00<00:00, 29.21it/s]

📊 Validation Results (Per Task)
------------------------------------------------------------
sentiment  | F1=0.918 | Acc=0.923 | P=0.920 | R=0.916
urgency    | F1=0.669 | Acc=0.826 | P=0.666 | R=0.690
topic      | F1=0.823 | Acc=0.819 | P=0.827 | R=0.825
action     | F1=0.790 | Acc=0.826 | P=0.832 | R=0.770
------------------------------------------------------------
✅ Overall Avg | F1=0.800 | Acc=0.848 | P=0.812 | R=0.800

✅ Epoch 41 | Loss=0.1168 | F1(avg)=0.800 | Sent=0.918 | Urg=0.669 | Top=0.823 | Act=0.790
bert_small_lr3e-5_uf2 Epoch 42/50: 100%|████████████████████████████████████████| 20/20 [00:00<00:00, 29.41it/s]

📊 Validation Results (Per Task)
------------------------------------------------------------
sentiment  | F1=0.910 | Acc=0.916 | P=0.915 | R=0.907
urgency    | F1=0.664 | Acc=0.819 | P=0.662 | R=0.687
topic      | F1=0.828 | Acc=0.826 | P=0.832 | R=0.831
action     | F1=0.790 | Acc=0.826 | P=0.832 | R=0.770
------------------------------------------------------------
✅ Overall Avg | F1=0.798 | Acc=0.847 | P=0.810 | R=0.799

✅ Epoch 42 | Loss=0.1195 | F1(avg)=0.798 | Sent=0.910 | Urg=0.664 | Top=0.828 | Act=0.790
bert_small_lr3e-5_uf2 Epoch 43/50: 100%|████████████████████████████████████████| 20/20 [00:00<00:00, 29.41it/s]

📊 Validation Results (Per Task)
------------------------------------------------------------
sentiment  | F1=0.910 | Acc=0.916 | P=0.915 | R=0.907
urgency    | F1=0.664 | Acc=0.819 | P=0.662 | R=0.687
topic      | F1=0.821 | Acc=0.819 | P=0.827 | R=0.824
action     | F1=0.799 | Acc=0.832 | P=0.840 | R=0.780
------------------------------------------------------------
✅ Overall Avg | F1=0.799 | Acc=0.847 | P=0.811 | R=0.800

✅ Epoch 43 | Loss=0.1162 | F1(avg)=0.799 | Sent=0.910 | Urg=0.664 | Top=0.821 | Act=0.799
bert_small_lr3e-5_uf2 Epoch 44/50: 100%|████████████████████████████████████████| 20/20 [00:00<00:00, 29.29it/s]

📊 Validation Results (Per Task)
------------------------------------------------------------
sentiment  | F1=0.910 | Acc=0.916 | P=0.915 | R=0.907
urgency    | F1=0.664 | Acc=0.819 | P=0.662 | R=0.687
topic      | F1=0.809 | Acc=0.806 | P=0.817 | R=0.811
action     | F1=0.799 | Acc=0.832 | P=0.840 | R=0.780
------------------------------------------------------------
✅ Overall Avg | F1=0.796 | Acc=0.844 | P=0.809 | R=0.796

✅ Epoch 44 | Loss=0.1173 | F1(avg)=0.796 | Sent=0.910 | Urg=0.664 | Top=0.809 | Act=0.799
bert_small_lr3e-5_uf2 Epoch 45/50: 100%|████████████████████████████████████████| 20/20 [00:00<00:00, 29.36it/s]

📊 Validation Results (Per Task)
------------------------------------------------------------
sentiment  | F1=0.910 | Acc=0.916 | P=0.915 | R=0.907
urgency    | F1=0.657 | Acc=0.813 | P=0.658 | R=0.681
topic      | F1=0.816 | Acc=0.813 | P=0.822 | R=0.818
action     | F1=0.790 | Acc=0.826 | P=0.832 | R=0.770
------------------------------------------------------------
✅ Overall Avg | F1=0.793 | Acc=0.842 | P=0.807 | R=0.794

✅ Epoch 45 | Loss=0.1136 | F1(avg)=0.793 | Sent=0.910 | Urg=0.657 | Top=0.816 | Act=0.790
bert_small_lr3e-5_uf2 Epoch 46/50: 100%|████████████████████████████████████████| 20/20 [00:00<00:00, 29.52it/s]

📊 Validation Results (Per Task)
------------------------------------------------------------
sentiment  | F1=0.910 | Acc=0.916 | P=0.915 | R=0.907
urgency    | F1=0.664 | Acc=0.819 | P=0.662 | R=0.687
topic      | F1=0.814 | Acc=0.813 | P=0.822 | R=0.818
action     | F1=0.790 | Acc=0.826 | P=0.832 | R=0.770
------------------------------------------------------------
✅ Overall Avg | F1=0.795 | Acc=0.844 | P=0.808 | R=0.795

✅ Epoch 46 | Loss=0.1165 | F1(avg)=0.795 | Sent=0.910 | Urg=0.664 | Top=0.814 | Act=0.790
bert_small_lr3e-5_uf2 Epoch 47/50: 100%|████████████████████████████████████████| 20/20 [00:00<00:00, 29.53it/s]

📊 Validation Results (Per Task)
------------------------------------------------------------
sentiment  | F1=0.910 | Acc=0.916 | P=0.915 | R=0.907
urgency    | F1=0.664 | Acc=0.819 | P=0.662 | R=0.687
topic      | F1=0.822 | Acc=0.819 | P=0.827 | R=0.824
action     | F1=0.790 | Acc=0.826 | P=0.832 | R=0.770
------------------------------------------------------------
✅ Overall Avg | F1=0.796 | Acc=0.845 | P=0.809 | R=0.797

✅ Epoch 47 | Loss=0.1141 | F1(avg)=0.796 | Sent=0.910 | Urg=0.664 | Top=0.822 | Act=0.790
bert_small_lr3e-5_uf2 Epoch 48/50: 100%|████████████████████████████████████████| 20/20 [00:00<00:00, 29.62it/s]

📊 Validation Results (Per Task)
------------------------------------------------------------
sentiment  | F1=0.910 | Acc=0.916 | P=0.915 | R=0.907
urgency    | F1=0.664 | Acc=0.819 | P=0.662 | R=0.687
topic      | F1=0.822 | Acc=0.819 | P=0.827 | R=0.824
action     | F1=0.790 | Acc=0.826 | P=0.832 | R=0.770
------------------------------------------------------------
✅ Overall Avg | F1=0.796 | Acc=0.845 | P=0.809 | R=0.797

✅ Epoch 48 | Loss=0.1118 | F1(avg)=0.796 | Sent=0.910 | Urg=0.664 | Top=0.822 | Act=0.790
bert_small_lr3e-5_uf2 Epoch 49/50: 100%|████████████████████████████████████████| 20/20 [00:00<00:00, 29.20it/s]

📊 Validation Results (Per Task)
------------------------------------------------------------
sentiment  | F1=0.910 | Acc=0.916 | P=0.915 | R=0.907
urgency    | F1=0.664 | Acc=0.819 | P=0.662 | R=0.687
topic      | F1=0.827 | Acc=0.826 | P=0.832 | R=0.830
action     | F1=0.790 | Acc=0.826 | P=0.832 | R=0.770
------------------------------------------------------------
✅ Overall Avg | F1=0.798 | Acc=0.847 | P=0.810 | R=0.798

✅ Epoch 49 | Loss=0.1109 | F1(avg)=0.798 | Sent=0.910 | Urg=0.664 | Top=0.827 | Act=0.790
bert_small_lr3e-5_uf2 Epoch 50/50: 100%|████████████████████████████████████████| 20/20 [00:00<00:00, 28.27it/s]

📊 Validation Results (Per Task)
------------------------------------------------------------
sentiment  | F1=0.910 | Acc=0.916 | P=0.915 | R=0.907
urgency    | F1=0.664 | Acc=0.819 | P=0.662 | R=0.687
topic      | F1=0.820 | Acc=0.819 | P=0.826 | R=0.823
action     | F1=0.790 | Acc=0.826 | P=0.832 | R=0.770
------------------------------------------------------------
✅ Overall Avg | F1=0.796 | Acc=0.845 | P=0.809 | R=0.797

✅ Epoch 50 | Loss=0.1087 | F1(avg)=0.796 | Sent=0.910 | Urg=0.664 | Top=0.820 | Act=0.790
