Use device:cuda
Some weights of RobertaModel were not initialized from the model checkpoint at roberta-base and are newly initialized: ['pooler.dense.bias', 'pooler.dense.weight']
You should probably TRAIN this model on a down-stream task to be able to use it for predictions and inference.
roberta_base_lr2e-5_uf2 Epoch 1/50: 100%|███████████████████████████████████████| 20/20 [00:02<00:00,  8.55it/s]

📊 Validation Results (Per Task)
------------------------------------------------------------
sentiment  | F1=0.211 | Acc=0.465 | P=0.155 | R=0.333
urgency    | F1=0.243 | Acc=0.574 | P=0.191 | R=0.333
topic      | F1=0.057 | Acc=0.252 | P=0.036 | R=0.143
action     | F1=0.113 | Acc=0.516 | P=0.086 | R=0.167
------------------------------------------------------------
✅ Overall Avg | F1=0.156 | Acc=0.452 | P=0.117 | R=0.244

✅ Epoch 1 | Loss=1.4569 | F1(avg)=0.156 | Sent=0.211 | Urg=0.243 | Top=0.057 | Act=0.113
roberta_base_lr2e-5_uf2 Epoch 2/50: 100%|███████████████████████████████████████| 20/20 [00:02<00:00,  8.73it/s]

📊 Validation Results (Per Task)
------------------------------------------------------------
sentiment  | F1=0.211 | Acc=0.465 | P=0.155 | R=0.333
urgency    | F1=0.243 | Acc=0.574 | P=0.191 | R=0.333
topic      | F1=0.057 | Acc=0.252 | P=0.036 | R=0.143
action     | F1=0.113 | Acc=0.516 | P=0.086 | R=0.167
------------------------------------------------------------
✅ Overall Avg | F1=0.156 | Acc=0.452 | P=0.117 | R=0.244

✅ Epoch 2 | Loss=1.3868 | F1(avg)=0.156 | Sent=0.211 | Urg=0.243 | Top=0.057 | Act=0.113
roberta_base_lr2e-5_uf2 Epoch 3/50: 100%|███████████████████████████████████████| 20/20 [00:02<00:00,  8.77it/s]

📊 Validation Results (Per Task)
------------------------------------------------------------
sentiment  | F1=0.241 | Acc=0.477 | P=0.490 | R=0.348
urgency    | F1=0.344 | Acc=0.632 | P=0.457 | R=0.387
topic      | F1=0.117 | Acc=0.297 | P=0.149 | R=0.181
action     | F1=0.144 | Acc=0.529 | P=0.172 | R=0.182
------------------------------------------------------------
✅ Overall Avg | F1=0.212 | Acc=0.484 | P=0.317 | R=0.275

✅ Epoch 3 | Loss=1.3192 | F1(avg)=0.212 | Sent=0.241 | Urg=0.344 | Top=0.117 | Act=0.144
roberta_base_lr2e-5_uf2 Epoch 4/50: 100%|███████████████████████████████████████| 20/20 [00:02<00:00,  8.75it/s]

📊 Validation Results (Per Task)
------------------------------------------------------------
sentiment  | F1=0.505 | Acc=0.658 | P=0.801 | R=0.551
urgency    | F1=0.519 | Acc=0.774 | P=0.507 | R=0.533
topic      | F1=0.544 | Acc=0.652 | P=0.653 | R=0.558
action     | F1=0.225 | Acc=0.600 | P=0.195 | R=0.267
------------------------------------------------------------
✅ Overall Avg | F1=0.448 | Acc=0.671 | P=0.539 | R=0.477

✅ Epoch 4 | Loss=1.1724 | F1(avg)=0.448 | Sent=0.505 | Urg=0.519 | Top=0.544 | Act=0.225
roberta_base_lr2e-5_uf2 Epoch 5/50: 100%|███████████████████████████████████████| 20/20 [00:02<00:00,  8.72it/s]

📊 Validation Results (Per Task)
------------------------------------------------------------
sentiment  | F1=0.769 | Acc=0.819 | P=0.863 | R=0.763
urgency    | F1=0.550 | Acc=0.806 | P=0.535 | R=0.565
topic      | F1=0.674 | Acc=0.742 | P=0.812 | R=0.675
action     | F1=0.309 | Acc=0.671 | P=0.325 | R=0.345
------------------------------------------------------------
✅ Overall Avg | F1=0.576 | Acc=0.760 | P=0.634 | R=0.587

✅ Epoch 5 | Loss=0.9390 | F1(avg)=0.576 | Sent=0.769 | Urg=0.550 | Top=0.674 | Act=0.309
roberta_base_lr2e-5_uf2 Epoch 6/50: 100%|███████████████████████████████████████| 20/20 [00:02<00:00,  8.72it/s]

📊 Validation Results (Per Task)
------------------------------------------------------------
sentiment  | F1=0.839 | Acc=0.871 | P=0.869 | R=0.831
urgency    | F1=0.673 | Acc=0.865 | P=0.682 | R=0.674
topic      | F1=0.781 | Acc=0.813 | P=0.846 | R=0.764
action     | F1=0.395 | Acc=0.761 | P=0.378 | R=0.433
------------------------------------------------------------
✅ Overall Avg | F1=0.672 | Acc=0.827 | P=0.694 | R=0.675

✅ Epoch 6 | Loss=0.7171 | F1(avg)=0.672 | Sent=0.839 | Urg=0.673 | Top=0.781 | Act=0.395
roberta_base_lr2e-5_uf2 Epoch 7/50: 100%|███████████████████████████████████████| 20/20 [00:02<00:00,  8.71it/s]

📊 Validation Results (Per Task)
------------------------------------------------------------
sentiment  | F1=0.859 | Acc=0.890 | P=0.885 | R=0.852
urgency    | F1=0.683 | Acc=0.877 | P=0.691 | R=0.683
topic      | F1=0.800 | Acc=0.826 | P=0.835 | R=0.789
action     | F1=0.460 | Acc=0.800 | P=0.553 | R=0.475
------------------------------------------------------------
✅ Overall Avg | F1=0.700 | Acc=0.848 | P=0.741 | R=0.700

✅ Epoch 7 | Loss=0.5821 | F1(avg)=0.700 | Sent=0.859 | Urg=0.683 | Top=0.800 | Act=0.460
roberta_base_lr2e-5_uf2 Epoch 8/50: 100%|███████████████████████████████████████| 20/20 [00:02<00:00,  8.70it/s]

📊 Validation Results (Per Task)
------------------------------------------------------------
sentiment  | F1=0.893 | Acc=0.916 | P=0.906 | R=0.889
urgency    | F1=0.676 | Acc=0.871 | P=0.679 | R=0.677
topic      | F1=0.852 | Acc=0.865 | P=0.867 | R=0.844
action     | F1=0.653 | Acc=0.832 | P=0.677 | R=0.663
------------------------------------------------------------
✅ Overall Avg | F1=0.769 | Acc=0.871 | P=0.782 | R=0.768

✅ Epoch 8 | Loss=0.5015 | F1(avg)=0.769 | Sent=0.893 | Urg=0.676 | Top=0.852 | Act=0.653
roberta_base_lr2e-5_uf2 Epoch 9/50: 100%|███████████████████████████████████████| 20/20 [00:02<00:00,  8.69it/s]

📊 Validation Results (Per Task)
------------------------------------------------------------
sentiment  | F1=0.903 | Acc=0.923 | P=0.914 | R=0.898
urgency    | F1=0.728 | Acc=0.890 | P=0.744 | R=0.723
topic      | F1=0.859 | Acc=0.877 | P=0.871 | R=0.853
action     | F1=0.675 | Acc=0.839 | P=0.691 | R=0.681
------------------------------------------------------------
✅ Overall Avg | F1=0.791 | Acc=0.882 | P=0.805 | R=0.789

✅ Epoch 9 | Loss=0.4401 | F1(avg)=0.791 | Sent=0.903 | Urg=0.728 | Top=0.859 | Act=0.675
roberta_base_lr2e-5_uf2 Epoch 10/50: 100%|██████████████████████████████████████| 20/20 [00:02<00:00,  8.70it/s]

📊 Validation Results (Per Task)
------------------------------------------------------------
sentiment  | F1=0.910 | Acc=0.929 | P=0.918 | R=0.907
urgency    | F1=0.715 | Acc=0.884 | P=0.716 | R=0.717
topic      | F1=0.875 | Acc=0.877 | P=0.877 | R=0.883
action     | F1=0.679 | Acc=0.839 | P=0.681 | R=0.686
------------------------------------------------------------
✅ Overall Avg | F1=0.795 | Acc=0.882 | P=0.798 | R=0.798

✅ Epoch 10 | Loss=0.3963 | F1(avg)=0.795 | Sent=0.910 | Urg=0.715 | Top=0.875 | Act=0.679
roberta_base_lr2e-5_uf2 Epoch 11/50: 100%|██████████████████████████████████████| 20/20 [00:02<00:00,  8.73it/s]

📊 Validation Results (Per Task)
------------------------------------------------------------
sentiment  | F1=0.894 | Acc=0.916 | P=0.907 | R=0.889
urgency    | F1=0.729 | Acc=0.897 | P=0.736 | R=0.729
topic      | F1=0.858 | Acc=0.871 | P=0.872 | R=0.852
action     | F1=0.688 | Acc=0.845 | P=0.683 | R=0.696
------------------------------------------------------------
✅ Overall Avg | F1=0.792 | Acc=0.882 | P=0.799 | R=0.791

✅ Epoch 11 | Loss=0.3695 | F1(avg)=0.792 | Sent=0.894 | Urg=0.729 | Top=0.858 | Act=0.688
roberta_base_lr2e-5_uf2 Epoch 12/50: 100%|██████████████████████████████████████| 20/20 [00:02<00:00,  8.73it/s]

📊 Validation Results (Per Task)
------------------------------------------------------------
sentiment  | F1=0.908 | Acc=0.929 | P=0.930 | R=0.900
urgency    | F1=0.734 | Acc=0.903 | P=0.740 | R=0.734
topic      | F1=0.875 | Acc=0.877 | P=0.877 | R=0.883
action     | F1=0.731 | Acc=0.845 | P=0.856 | R=0.715
------------------------------------------------------------
✅ Overall Avg | F1=0.812 | Acc=0.889 | P=0.851 | R=0.808

✅ Epoch 12 | Loss=0.3396 | F1(avg)=0.812 | Sent=0.908 | Urg=0.734 | Top=0.875 | Act=0.731
roberta_base_lr2e-5_uf2 Epoch 13/50: 100%|██████████████████████████████████████| 20/20 [00:02<00:00,  8.70it/s]

📊 Validation Results (Per Task)
------------------------------------------------------------
sentiment  | F1=0.921 | Acc=0.935 | P=0.928 | R=0.916
urgency    | F1=0.751 | Acc=0.897 | P=0.748 | R=0.756
topic      | F1=0.892 | Acc=0.897 | P=0.898 | R=0.896
action     | F1=0.782 | Acc=0.858 | P=0.853 | R=0.758
------------------------------------------------------------
✅ Overall Avg | F1=0.837 | Acc=0.897 | P=0.857 | R=0.832

✅ Epoch 13 | Loss=0.3155 | F1(avg)=0.837 | Sent=0.921 | Urg=0.751 | Top=0.892 | Act=0.782
roberta_base_lr2e-5_uf2 Epoch 14/50: 100%|██████████████████████████████████████| 20/20 [00:02<00:00,  8.69it/s]

📊 Validation Results (Per Task)
------------------------------------------------------------
sentiment  | F1=0.936 | Acc=0.948 | P=0.949 | R=0.928
urgency    | F1=0.751 | Acc=0.897 | P=0.748 | R=0.756
topic      | F1=0.880 | Acc=0.884 | P=0.883 | R=0.887
action     | F1=0.781 | Acc=0.858 | P=0.851 | R=0.758
------------------------------------------------------------
✅ Overall Avg | F1=0.837 | Acc=0.897 | P=0.858 | R=0.832

✅ Epoch 14 | Loss=0.2937 | F1(avg)=0.837 | Sent=0.936 | Urg=0.751 | Top=0.880 | Act=0.781
roberta_base_lr2e-5_uf2 Epoch 15/50: 100%|██████████████████████████████████████| 20/20 [00:02<00:00,  8.69it/s]

📊 Validation Results (Per Task)
------------------------------------------------------------
sentiment  | F1=0.936 | Acc=0.948 | P=0.949 | R=0.928
urgency    | F1=0.717 | Acc=0.890 | P=0.714 | R=0.723
topic      | F1=0.892 | Acc=0.897 | P=0.898 | R=0.896
action     | F1=0.745 | Acc=0.871 | P=0.789 | R=0.776
------------------------------------------------------------
✅ Overall Avg | F1=0.822 | Acc=0.902 | P=0.837 | R=0.831

✅ Epoch 15 | Loss=0.2783 | F1(avg)=0.822 | Sent=0.936 | Urg=0.717 | Top=0.892 | Act=0.745
roberta_base_lr2e-5_uf2 Epoch 16/50: 100%|██████████████████████████████████████| 20/20 [00:02<00:00,  8.69it/s]

📊 Validation Results (Per Task)
------------------------------------------------------------
sentiment  | F1=0.936 | Acc=0.948 | P=0.949 | R=0.928
urgency    | F1=0.717 | Acc=0.890 | P=0.714 | R=0.723
topic      | F1=0.887 | Acc=0.890 | P=0.890 | R=0.892
action     | F1=0.781 | Acc=0.884 | P=0.802 | R=0.812
------------------------------------------------------------
✅ Overall Avg | F1=0.830 | Acc=0.903 | P=0.839 | R=0.839

✅ Epoch 16 | Loss=0.2682 | F1(avg)=0.830 | Sent=0.936 | Urg=0.717 | Top=0.887 | Act=0.781
roberta_base_lr2e-5_uf2 Epoch 17/50: 100%|██████████████████████████████████████| 20/20 [00:02<00:00,  8.69it/s]

📊 Validation Results (Per Task)
------------------------------------------------------------
sentiment  | F1=0.936 | Acc=0.948 | P=0.949 | R=0.928
urgency    | F1=0.717 | Acc=0.890 | P=0.714 | R=0.723
topic      | F1=0.880 | Acc=0.884 | P=0.883 | R=0.887
action     | F1=0.757 | Acc=0.858 | P=0.774 | R=0.790
------------------------------------------------------------
✅ Overall Avg | F1=0.822 | Acc=0.895 | P=0.830 | R=0.832

✅ Epoch 17 | Loss=0.2642 | F1(avg)=0.822 | Sent=0.936 | Urg=0.717 | Top=0.880 | Act=0.757
roberta_base_lr2e-5_uf2 Epoch 18/50: 100%|██████████████████████████████████████| 20/20 [00:02<00:00,  8.69it/s]

📊 Validation Results (Per Task)
------------------------------------------------------------
sentiment  | F1=0.936 | Acc=0.948 | P=0.949 | R=0.928
urgency    | F1=0.765 | Acc=0.910 | P=0.767 | R=0.766
topic      | F1=0.887 | Acc=0.890 | P=0.890 | R=0.892
action     | F1=0.746 | Acc=0.852 | P=0.761 | R=0.779
------------------------------------------------------------
✅ Overall Avg | F1=0.833 | Acc=0.900 | P=0.842 | R=0.841

✅ Epoch 18 | Loss=0.2505 | F1(avg)=0.833 | Sent=0.936 | Urg=0.765 | Top=0.887 | Act=0.746
roberta_base_lr2e-5_uf2 Epoch 19/50: 100%|██████████████████████████████████████| 20/20 [00:02<00:00,  8.73it/s]

📊 Validation Results (Per Task)
------------------------------------------------------------
sentiment  | F1=0.936 | Acc=0.948 | P=0.949 | R=0.928
urgency    | F1=0.725 | Acc=0.897 | P=0.726 | R=0.729
topic      | F1=0.887 | Acc=0.890 | P=0.890 | R=0.892
action     | F1=0.798 | Acc=0.852 | P=0.839 | R=0.779
------------------------------------------------------------
✅ Overall Avg | F1=0.836 | Acc=0.897 | P=0.851 | R=0.832

✅ Epoch 19 | Loss=0.2299 | F1(avg)=0.836 | Sent=0.936 | Urg=0.725 | Top=0.887 | Act=0.798
roberta_base_lr2e-5_uf2 Epoch 20/50: 100%|██████████████████████████████████████| 20/20 [00:02<00:00,  8.73it/s]

📊 Validation Results (Per Task)
------------------------------------------------------------
sentiment  | F1=0.936 | Acc=0.948 | P=0.949 | R=0.928
urgency    | F1=0.725 | Acc=0.897 | P=0.726 | R=0.729
topic      | F1=0.880 | Acc=0.884 | P=0.883 | R=0.887
action     | F1=0.798 | Acc=0.852 | P=0.839 | R=0.779
------------------------------------------------------------
✅ Overall Avg | F1=0.835 | Acc=0.895 | P=0.849 | R=0.831

✅ Epoch 20 | Loss=0.2247 | F1(avg)=0.835 | Sent=0.936 | Urg=0.725 | Top=0.880 | Act=0.798
roberta_base_lr2e-5_uf2 Epoch 21/50: 100%|██████████████████████████████████████| 20/20 [00:02<00:00,  8.69it/s]

📊 Validation Results (Per Task)
------------------------------------------------------------
sentiment  | F1=0.936 | Acc=0.948 | P=0.949 | R=0.928
urgency    | F1=0.793 | Acc=0.916 | P=0.790 | R=0.799
topic      | F1=0.886 | Acc=0.890 | P=0.894 | R=0.888
action     | F1=0.764 | Acc=0.865 | P=0.776 | R=0.800
------------------------------------------------------------
✅ Overall Avg | F1=0.845 | Acc=0.905 | P=0.852 | R=0.854

✅ Epoch 21 | Loss=0.2216 | F1(avg)=0.845 | Sent=0.936 | Urg=0.793 | Top=0.886 | Act=0.764
roberta_base_lr2e-5_uf2 Epoch 22/50: 100%|██████████████████████████████████████| 20/20 [00:02<00:00,  8.70it/s]

📊 Validation Results (Per Task)
------------------------------------------------------------
sentiment  | F1=0.936 | Acc=0.948 | P=0.949 | R=0.928
urgency    | F1=0.725 | Acc=0.897 | P=0.726 | R=0.729
topic      | F1=0.874 | Acc=0.877 | P=0.882 | R=0.878
action     | F1=0.798 | Acc=0.852 | P=0.839 | R=0.779
------------------------------------------------------------
✅ Overall Avg | F1=0.833 | Acc=0.894 | P=0.849 | R=0.828

✅ Epoch 22 | Loss=0.2182 | F1(avg)=0.833 | Sent=0.936 | Urg=0.725 | Top=0.874 | Act=0.798
roberta_base_lr2e-5_uf2 Epoch 23/50: 100%|██████████████████████████████████████| 20/20 [00:02<00:00,  8.70it/s]

📊 Validation Results (Per Task)
------------------------------------------------------------
sentiment  | F1=0.936 | Acc=0.948 | P=0.949 | R=0.928
urgency    | F1=0.762 | Acc=0.897 | P=0.750 | R=0.781
topic      | F1=0.874 | Acc=0.877 | P=0.882 | R=0.878
action     | F1=0.746 | Acc=0.852 | P=0.761 | R=0.779
------------------------------------------------------------
✅ Overall Avg | F1=0.829 | Acc=0.894 | P=0.835 | R=0.841

✅ Epoch 23 | Loss=0.2033 | F1(avg)=0.829 | Sent=0.936 | Urg=0.762 | Top=0.874 | Act=0.746
roberta_base_lr2e-5_uf2 Epoch 24/50: 100%|██████████████████████████████████████| 20/20 [00:02<00:00,  8.70it/s]

📊 Validation Results (Per Task)
------------------------------------------------------------
sentiment  | F1=0.952 | Acc=0.961 | P=0.960 | R=0.947
urgency    | F1=0.733 | Acc=0.903 | P=0.740 | R=0.732
topic      | F1=0.874 | Acc=0.877 | P=0.882 | R=0.878
action     | F1=0.755 | Acc=0.858 | P=0.769 | R=0.790
------------------------------------------------------------
✅ Overall Avg | F1=0.828 | Acc=0.900 | P=0.838 | R=0.837

✅ Epoch 24 | Loss=0.1935 | F1(avg)=0.828 | Sent=0.952 | Urg=0.733 | Top=0.874 | Act=0.755
roberta_base_lr2e-5_uf2 Epoch 25/50: 100%|██████████████████████████████████████| 20/20 [00:02<00:00,  8.70it/s]

📊 Validation Results (Per Task)
------------------------------------------------------------
sentiment  | F1=0.952 | Acc=0.961 | P=0.960 | R=0.947
urgency    | F1=0.767 | Acc=0.897 | P=0.756 | R=0.781
topic      | F1=0.887 | Acc=0.890 | P=0.887 | R=0.894
action     | F1=0.755 | Acc=0.858 | P=0.769 | R=0.790
------------------------------------------------------------
✅ Overall Avg | F1=0.840 | Acc=0.902 | P=0.843 | R=0.853

✅ Epoch 25 | Loss=0.1891 | F1(avg)=0.840 | Sent=0.952 | Urg=0.767 | Top=0.887 | Act=0.755
roberta_base_lr2e-5_uf2 Epoch 26/50: 100%|██████████████████████████████████████| 20/20 [00:02<00:00,  8.69it/s]

📊 Validation Results (Per Task)
------------------------------------------------------------
sentiment  | F1=0.953 | Acc=0.961 | P=0.967 | R=0.944
urgency    | F1=0.765 | Acc=0.910 | P=0.767 | R=0.766
topic      | F1=0.880 | Acc=0.884 | P=0.883 | R=0.887
action     | F1=0.841 | Acc=0.871 | P=0.856 | R=0.833
------------------------------------------------------------
✅ Overall Avg | F1=0.860 | Acc=0.906 | P=0.868 | R=0.858

✅ Epoch 26 | Loss=0.1787 | F1(avg)=0.860 | Sent=0.953 | Urg=0.765 | Top=0.880 | Act=0.841
roberta_base_lr2e-5_uf2 Epoch 27/50: 100%|██████████████████████████████████████| 20/20 [00:02<00:00,  8.72it/s]

📊 Validation Results (Per Task)
------------------------------------------------------------
sentiment  | F1=0.944 | Acc=0.955 | P=0.956 | R=0.937
urgency    | F1=0.777 | Acc=0.903 | P=0.770 | R=0.787
topic      | F1=0.878 | Acc=0.884 | P=0.883 | R=0.884
action     | F1=0.841 | Acc=0.871 | P=0.856 | R=0.833
------------------------------------------------------------
✅ Overall Avg | F1=0.860 | Acc=0.903 | P=0.866 | R=0.861

✅ Epoch 27 | Loss=0.1817 | F1(avg)=0.860 | Sent=0.944 | Urg=0.777 | Top=0.878 | Act=0.841
roberta_base_lr2e-5_uf2 Epoch 28/50: 100%|██████████████████████████████████████| 20/20 [00:02<00:00,  8.67it/s]

📊 Validation Results (Per Task)
------------------------------------------------------------
sentiment  | F1=0.952 | Acc=0.961 | P=0.960 | R=0.947
urgency    | F1=0.782 | Acc=0.910 | P=0.774 | R=0.793
topic      | F1=0.874 | Acc=0.877 | P=0.878 | R=0.879
action     | F1=0.779 | Acc=0.865 | P=0.771 | R=0.823
------------------------------------------------------------
✅ Overall Avg | F1=0.847 | Acc=0.903 | P=0.846 | R=0.860

✅ Epoch 28 | Loss=0.1781 | F1(avg)=0.847 | Sent=0.952 | Urg=0.782 | Top=0.874 | Act=0.779
roberta_base_lr2e-5_uf2 Epoch 29/50: 100%|██████████████████████████████████████| 20/20 [00:02<00:00,  8.68it/s]

📊 Validation Results (Per Task)
------------------------------------------------------------
sentiment  | F1=0.952 | Acc=0.961 | P=0.960 | R=0.947
urgency    | F1=0.777 | Acc=0.903 | P=0.770 | R=0.787
topic      | F1=0.874 | Acc=0.877 | P=0.882 | R=0.878
action     | F1=0.806 | Acc=0.865 | P=0.818 | R=0.800
------------------------------------------------------------
✅ Overall Avg | F1=0.852 | Acc=0.902 | P=0.858 | R=0.853

✅ Epoch 29 | Loss=0.1827 | F1(avg)=0.852 | Sent=0.952 | Urg=0.777 | Top=0.874 | Act=0.806
roberta_base_lr2e-5_uf2 Epoch 30/50: 100%|██████████████████████████████████████| 20/20 [00:02<00:00,  8.70it/s]

📊 Validation Results (Per Task)
------------------------------------------------------------
sentiment  | F1=0.960 | Acc=0.968 | P=0.971 | R=0.954
urgency    | F1=0.782 | Acc=0.910 | P=0.774 | R=0.793
topic      | F1=0.886 | Acc=0.890 | P=0.894 | R=0.888
action     | F1=0.838 | Acc=0.877 | P=0.839 | R=0.847
------------------------------------------------------------
✅ Overall Avg | F1=0.867 | Acc=0.911 | P=0.870 | R=0.871

✅ Epoch 30 | Loss=0.1687 | F1(avg)=0.867 | Sent=0.960 | Urg=0.782 | Top=0.886 | Act=0.838
roberta_base_lr2e-5_uf2 Epoch 31/50: 100%|██████████████████████████████████████| 20/20 [00:02<00:00,  8.70it/s]

📊 Validation Results (Per Task)
------------------------------------------------------------
sentiment  | F1=0.960 | Acc=0.968 | P=0.971 | R=0.954
urgency    | F1=0.777 | Acc=0.903 | P=0.770 | R=0.787
topic      | F1=0.880 | Acc=0.884 | P=0.886 | R=0.884
action     | F1=0.844 | Acc=0.884 | P=0.842 | R=0.850
------------------------------------------------------------
✅ Overall Avg | F1=0.866 | Acc=0.910 | P=0.867 | R=0.869

✅ Epoch 31 | Loss=0.1702 | F1(avg)=0.866 | Sent=0.960 | Urg=0.777 | Top=0.880 | Act=0.844
roberta_base_lr2e-5_uf2 Epoch 32/50: 100%|██████████████████████████████████████| 20/20 [00:02<00:00,  8.70it/s]

📊 Validation Results (Per Task)
------------------------------------------------------------
sentiment  | F1=0.960 | Acc=0.968 | P=0.971 | R=0.954
urgency    | F1=0.777 | Acc=0.903 | P=0.770 | R=0.787
topic      | F1=0.880 | Acc=0.884 | P=0.886 | R=0.884
action     | F1=0.846 | Acc=0.884 | P=0.846 | R=0.854
------------------------------------------------------------
✅ Overall Avg | F1=0.866 | Acc=0.910 | P=0.868 | R=0.870

✅ Epoch 32 | Loss=0.1575 | F1(avg)=0.866 | Sent=0.960 | Urg=0.777 | Top=0.880 | Act=0.846
roberta_base_lr2e-5_uf2 Epoch 33/50: 100%|██████████████████████████████████████| 20/20 [00:02<00:00,  8.69it/s]

📊 Validation Results (Per Task)
------------------------------------------------------------
sentiment  | F1=0.960 | Acc=0.968 | P=0.971 | R=0.954
urgency    | F1=0.789 | Acc=0.910 | P=0.786 | R=0.793
topic      | F1=0.880 | Acc=0.884 | P=0.886 | R=0.884
action     | F1=0.829 | Acc=0.871 | P=0.828 | R=0.833
------------------------------------------------------------
✅ Overall Avg | F1=0.865 | Acc=0.908 | P=0.868 | R=0.866

✅ Epoch 33 | Loss=0.1597 | F1(avg)=0.865 | Sent=0.960 | Urg=0.789 | Top=0.880 | Act=0.829
roberta_base_lr2e-5_uf2 Epoch 34/50: 100%|██████████████████████████████████████| 20/20 [00:02<00:00,  8.70it/s]

📊 Validation Results (Per Task)
------------------------------------------------------------
sentiment  | F1=0.952 | Acc=0.961 | P=0.960 | R=0.947
urgency    | F1=0.773 | Acc=0.903 | P=0.762 | R=0.787
topic      | F1=0.880 | Acc=0.884 | P=0.886 | R=0.884
action     | F1=0.844 | Acc=0.884 | P=0.842 | R=0.850
------------------------------------------------------------
✅ Overall Avg | F1=0.862 | Acc=0.908 | P=0.862 | R=0.867

✅ Epoch 34 | Loss=0.1547 | F1(avg)=0.862 | Sent=0.952 | Urg=0.773 | Top=0.880 | Act=0.844
roberta_base_lr2e-5_uf2 Epoch 35/50: 100%|██████████████████████████████████████| 20/20 [00:02<00:00,  8.71it/s]

📊 Validation Results (Per Task)
------------------------------------------------------------
sentiment  | F1=0.960 | Acc=0.968 | P=0.971 | R=0.954
urgency    | F1=0.777 | Acc=0.903 | P=0.770 | R=0.787
topic      | F1=0.880 | Acc=0.884 | P=0.886 | R=0.884
action     | F1=0.853 | Acc=0.890 | P=0.851 | R=0.861
------------------------------------------------------------
✅ Overall Avg | F1=0.868 | Acc=0.911 | P=0.869 | R=0.871

✅ Epoch 35 | Loss=0.1541 | F1(avg)=0.868 | Sent=0.960 | Urg=0.777 | Top=0.880 | Act=0.853
roberta_base_lr2e-5_uf2 Epoch 36/50: 100%|██████████████████████████████████████| 20/20 [00:02<00:00,  8.76it/s]

📊 Validation Results (Per Task)
------------------------------------------------------------
sentiment  | F1=0.952 | Acc=0.961 | P=0.960 | R=0.947
urgency    | F1=0.773 | Acc=0.903 | P=0.762 | R=0.787
topic      | F1=0.880 | Acc=0.884 | P=0.886 | R=0.884
action     | F1=0.846 | Acc=0.884 | P=0.846 | R=0.854
------------------------------------------------------------
✅ Overall Avg | F1=0.863 | Acc=0.908 | P=0.863 | R=0.868

✅ Epoch 36 | Loss=0.1507 | F1(avg)=0.863 | Sent=0.952 | Urg=0.773 | Top=0.880 | Act=0.846
roberta_base_lr2e-5_uf2 Epoch 37/50: 100%|██████████████████████████████████████| 20/20 [00:02<00:00,  8.69it/s]

📊 Validation Results (Per Task)
------------------------------------------------------------
sentiment  | F1=0.952 | Acc=0.961 | P=0.960 | R=0.947
urgency    | F1=0.777 | Acc=0.903 | P=0.770 | R=0.787
topic      | F1=0.880 | Acc=0.884 | P=0.886 | R=0.884
action     | F1=0.844 | Acc=0.884 | P=0.842 | R=0.850
------------------------------------------------------------
✅ Overall Avg | F1=0.864 | Acc=0.908 | P=0.864 | R=0.867

✅ Epoch 37 | Loss=0.1500 | F1(avg)=0.864 | Sent=0.952 | Urg=0.777 | Top=0.880 | Act=0.844
roberta_base_lr2e-5_uf2 Epoch 38/50: 100%|██████████████████████████████████████| 20/20 [00:02<00:00,  8.70it/s]

📊 Validation Results (Per Task)
------------------------------------------------------------
sentiment  | F1=0.952 | Acc=0.961 | P=0.960 | R=0.947
urgency    | F1=0.789 | Acc=0.910 | P=0.786 | R=0.793
topic      | F1=0.880 | Acc=0.884 | P=0.886 | R=0.884
action     | F1=0.844 | Acc=0.884 | P=0.842 | R=0.850
------------------------------------------------------------
✅ Overall Avg | F1=0.866 | Acc=0.910 | P=0.868 | R=0.869

✅ Epoch 38 | Loss=0.1476 | F1(avg)=0.866 | Sent=0.952 | Urg=0.789 | Top=0.880 | Act=0.844
roberta_base_lr2e-5_uf2 Epoch 39/50: 100%|██████████████████████████████████████| 20/20 [00:02<00:00,  8.71it/s]

📊 Validation Results (Per Task)
------------------------------------------------------------
sentiment  | F1=0.952 | Acc=0.961 | P=0.960 | R=0.947
urgency    | F1=0.773 | Acc=0.903 | P=0.762 | R=0.787
topic      | F1=0.880 | Acc=0.884 | P=0.886 | R=0.884
action     | F1=0.844 | Acc=0.884 | P=0.842 | R=0.850
------------------------------------------------------------
✅ Overall Avg | F1=0.862 | Acc=0.908 | P=0.862 | R=0.867

✅ Epoch 39 | Loss=0.1466 | F1(avg)=0.862 | Sent=0.952 | Urg=0.773 | Top=0.880 | Act=0.844
roberta_base_lr2e-5_uf2 Epoch 40/50: 100%|██████████████████████████████████████| 20/20 [00:02<00:00,  8.71it/s]

📊 Validation Results (Per Task)
------------------------------------------------------------
sentiment  | F1=0.952 | Acc=0.961 | P=0.960 | R=0.947
urgency    | F1=0.777 | Acc=0.903 | P=0.770 | R=0.787
topic      | F1=0.880 | Acc=0.884 | P=0.886 | R=0.884
action     | F1=0.844 | Acc=0.884 | P=0.842 | R=0.850
------------------------------------------------------------
✅ Overall Avg | F1=0.864 | Acc=0.908 | P=0.864 | R=0.867

✅ Epoch 40 | Loss=0.1415 | F1(avg)=0.864 | Sent=0.952 | Urg=0.777 | Top=0.880 | Act=0.844
roberta_base_lr2e-5_uf2 Epoch 41/50: 100%|██████████████████████████████████████| 20/20 [00:02<00:00,  8.68it/s]

📊 Validation Results (Per Task)
------------------------------------------------------------
sentiment  | F1=0.952 | Acc=0.961 | P=0.960 | R=0.947
urgency    | F1=0.777 | Acc=0.903 | P=0.770 | R=0.787
topic      | F1=0.880 | Acc=0.884 | P=0.886 | R=0.884
action     | F1=0.844 | Acc=0.884 | P=0.842 | R=0.850
------------------------------------------------------------
✅ Overall Avg | F1=0.864 | Acc=0.908 | P=0.864 | R=0.867

✅ Epoch 41 | Loss=0.1401 | F1(avg)=0.864 | Sent=0.952 | Urg=0.777 | Top=0.880 | Act=0.844
roberta_base_lr2e-5_uf2 Epoch 42/50: 100%|██████████████████████████████████████| 20/20 [00:02<00:00,  8.72it/s]

📊 Validation Results (Per Task)
------------------------------------------------------------
sentiment  | F1=0.952 | Acc=0.961 | P=0.960 | R=0.947
urgency    | F1=0.777 | Acc=0.903 | P=0.770 | R=0.787
topic      | F1=0.880 | Acc=0.884 | P=0.886 | R=0.884
action     | F1=0.853 | Acc=0.890 | P=0.851 | R=0.861
------------------------------------------------------------
✅ Overall Avg | F1=0.866 | Acc=0.910 | P=0.867 | R=0.870

✅ Epoch 42 | Loss=0.1430 | F1(avg)=0.866 | Sent=0.952 | Urg=0.777 | Top=0.880 | Act=0.853
roberta_base_lr2e-5_uf2 Epoch 43/50: 100%|██████████████████████████████████████| 20/20 [00:02<00:00,  8.72it/s]

📊 Validation Results (Per Task)
------------------------------------------------------------
sentiment  | F1=0.952 | Acc=0.961 | P=0.960 | R=0.947
urgency    | F1=0.777 | Acc=0.903 | P=0.770 | R=0.787
topic      | F1=0.880 | Acc=0.884 | P=0.886 | R=0.884
action     | F1=0.872 | Acc=0.897 | P=0.886 | R=0.867
------------------------------------------------------------
✅ Overall Avg | F1=0.871 | Acc=0.911 | P=0.875 | R=0.871

✅ Epoch 43 | Loss=0.1404 | F1(avg)=0.871 | Sent=0.952 | Urg=0.777 | Top=0.880 | Act=0.872
roberta_base_lr2e-5_uf2 Epoch 44/50: 100%|██████████████████████████████████████| 20/20 [00:02<00:00,  8.77it/s]

📊 Validation Results (Per Task)
------------------------------------------------------------
sentiment  | F1=0.952 | Acc=0.961 | P=0.960 | R=0.947
urgency    | F1=0.777 | Acc=0.903 | P=0.770 | R=0.787
topic      | F1=0.880 | Acc=0.884 | P=0.886 | R=0.884
action     | F1=0.853 | Acc=0.890 | P=0.851 | R=0.861
------------------------------------------------------------
✅ Overall Avg | F1=0.866 | Acc=0.910 | P=0.867 | R=0.870

✅ Epoch 44 | Loss=0.1349 | F1(avg)=0.866 | Sent=0.952 | Urg=0.777 | Top=0.880 | Act=0.853
roberta_base_lr2e-5_uf2 Epoch 45/50: 100%|██████████████████████████████████████| 20/20 [00:02<00:00,  8.71it/s]

📊 Validation Results (Per Task)
------------------------------------------------------------
sentiment  | F1=0.952 | Acc=0.961 | P=0.960 | R=0.947
urgency    | F1=0.777 | Acc=0.903 | P=0.770 | R=0.787
topic      | F1=0.880 | Acc=0.884 | P=0.886 | R=0.884
action     | F1=0.853 | Acc=0.890 | P=0.851 | R=0.861
------------------------------------------------------------
✅ Overall Avg | F1=0.866 | Acc=0.910 | P=0.867 | R=0.870

✅ Epoch 45 | Loss=0.1349 | F1(avg)=0.866 | Sent=0.952 | Urg=0.777 | Top=0.880 | Act=0.853
roberta_base_lr2e-5_uf2 Epoch 46/50: 100%|██████████████████████████████████████| 20/20 [00:02<00:00,  8.71it/s]

📊 Validation Results (Per Task)
------------------------------------------------------------
sentiment  | F1=0.952 | Acc=0.961 | P=0.960 | R=0.947
urgency    | F1=0.777 | Acc=0.903 | P=0.770 | R=0.787
topic      | F1=0.880 | Acc=0.884 | P=0.886 | R=0.884
action     | F1=0.864 | Acc=0.890 | P=0.876 | R=0.857
------------------------------------------------------------
✅ Overall Avg | F1=0.868 | Acc=0.910 | P=0.873 | R=0.869

✅ Epoch 46 | Loss=0.1340 | F1(avg)=0.868 | Sent=0.952 | Urg=0.777 | Top=0.880 | Act=0.864
roberta_base_lr2e-5_uf2 Epoch 47/50: 100%|██████████████████████████████████████| 20/20 [00:02<00:00,  8.71it/s]

📊 Validation Results (Per Task)
------------------------------------------------------------
sentiment  | F1=0.952 | Acc=0.961 | P=0.960 | R=0.947
urgency    | F1=0.777 | Acc=0.903 | P=0.770 | R=0.787
topic      | F1=0.880 | Acc=0.884 | P=0.886 | R=0.884
action     | F1=0.872 | Acc=0.897 | P=0.886 | R=0.867
------------------------------------------------------------
✅ Overall Avg | F1=0.871 | Acc=0.911 | P=0.875 | R=0.871

✅ Epoch 47 | Loss=0.1353 | F1(avg)=0.871 | Sent=0.952 | Urg=0.777 | Top=0.880 | Act=0.872
roberta_base_lr2e-5_uf2 Epoch 48/50: 100%|██████████████████████████████████████| 20/20 [00:02<00:00,  8.72it/s]

📊 Validation Results (Per Task)
------------------------------------------------------------
sentiment  | F1=0.952 | Acc=0.961 | P=0.960 | R=0.947
urgency    | F1=0.777 | Acc=0.903 | P=0.770 | R=0.787
topic      | F1=0.880 | Acc=0.884 | P=0.886 | R=0.884
action     | F1=0.872 | Acc=0.897 | P=0.886 | R=0.867
------------------------------------------------------------
✅ Overall Avg | F1=0.871 | Acc=0.911 | P=0.875 | R=0.871

✅ Epoch 48 | Loss=0.1294 | F1(avg)=0.871 | Sent=0.952 | Urg=0.777 | Top=0.880 | Act=0.872
roberta_base_lr2e-5_uf2 Epoch 49/50: 100%|██████████████████████████████████████| 20/20 [00:02<00:00,  8.72it/s]

📊 Validation Results (Per Task)
------------------------------------------------------------
sentiment  | F1=0.952 | Acc=0.961 | P=0.960 | R=0.947
urgency    | F1=0.777 | Acc=0.903 | P=0.770 | R=0.787
topic      | F1=0.880 | Acc=0.884 | P=0.886 | R=0.884
action     | F1=0.872 | Acc=0.897 | P=0.886 | R=0.867
------------------------------------------------------------
✅ Overall Avg | F1=0.871 | Acc=0.911 | P=0.875 | R=0.871

✅ Epoch 49 | Loss=0.1367 | F1(avg)=0.871 | Sent=0.952 | Urg=0.777 | Top=0.880 | Act=0.872
roberta_base_lr2e-5_uf2 Epoch 50/50: 100%|██████████████████████████████████████| 20/20 [00:02<00:00,  8.60it/s]

📊 Validation Results (Per Task)
------------------------------------------------------------
sentiment  | F1=0.952 | Acc=0.961 | P=0.960 | R=0.947
urgency    | F1=0.777 | Acc=0.903 | P=0.770 | R=0.787
topic      | F1=0.880 | Acc=0.884 | P=0.886 | R=0.884
action     | F1=0.872 | Acc=0.897 | P=0.886 | R=0.867
------------------------------------------------------------
✅ Overall Avg | F1=0.871 | Acc=0.911 | P=0.875 | R=0.871

✅ Epoch 50 | Loss=0.1307 | F1(avg)=0.871 | Sent=0.952 | Urg=0.777 | Top=0.880 | Act=0.872
