Use device:cuda
bert_base_unfreeze4 Epoch 1/50: 100%|███████████████████████████████████████████| 20/20 [00:02<00:00,  8.03it/s]

📊 Validation Results (Per Task)
------------------------------------------------------------
sentiment  | F1=0.293 | Acc=0.503 | P=0.494 | R=0.376
urgency    | F1=0.544 | Acc=0.806 | P=0.537 | R=0.556
topic      | F1=0.190 | Acc=0.348 | P=0.283 | R=0.232
action     | F1=0.155 | Acc=0.542 | P=0.174 | R=0.190
------------------------------------------------------------
✅ Overall Avg | F1=0.295 | Acc=0.550 | P=0.372 | R=0.339

✅ Epoch 1 | Loss=1.3871 | F1(avg)=0.295 | Sent=0.293 | Urg=0.544 | Top=0.190 | Act=0.155
bert_base_unfreeze4 Epoch 2/50: 100%|███████████████████████████████████████████| 20/20 [00:02<00:00,  8.00it/s]

📊 Validation Results (Per Task)
------------------------------------------------------------
sentiment  | F1=0.774 | Acc=0.839 | P=0.859 | R=0.780
urgency    | F1=0.600 | Acc=0.877 | P=0.579 | R=0.629
topic      | F1=0.482 | Acc=0.613 | P=0.616 | R=0.515
action     | F1=0.284 | Acc=0.690 | P=0.379 | R=0.333
------------------------------------------------------------
✅ Overall Avg | F1=0.535 | Acc=0.755 | P=0.608 | R=0.564

✅ Epoch 2 | Loss=1.0919 | F1(avg)=0.535 | Sent=0.774 | Urg=0.600 | Top=0.482 | Act=0.284
bert_base_unfreeze4 Epoch 3/50: 100%|███████████████████████████████████████████| 20/20 [00:02<00:00,  8.00it/s]

📊 Validation Results (Per Task)
------------------------------------------------------------
sentiment  | F1=0.840 | Acc=0.877 | P=0.888 | R=0.836
urgency    | F1=0.600 | Acc=0.877 | P=0.579 | R=0.629
topic      | F1=0.595 | Acc=0.697 | P=0.622 | R=0.610
action     | F1=0.390 | Acc=0.781 | P=0.387 | R=0.425
------------------------------------------------------------
✅ Overall Avg | F1=0.606 | Acc=0.808 | P=0.619 | R=0.625

✅ Epoch 3 | Loss=0.8403 | F1(avg)=0.606 | Sent=0.840 | Urg=0.600 | Top=0.595 | Act=0.390
bert_base_unfreeze4 Epoch 4/50: 100%|███████████████████████████████████████████| 20/20 [00:02<00:00,  7.98it/s]

📊 Validation Results (Per Task)
------------------------------------------------------------
sentiment  | F1=0.855 | Acc=0.890 | P=0.898 | R=0.849
urgency    | F1=0.605 | Acc=0.884 | P=0.584 | R=0.634
topic      | F1=0.691 | Acc=0.781 | P=0.685 | R=0.705
action     | F1=0.388 | Acc=0.781 | P=0.376 | R=0.429
------------------------------------------------------------
✅ Overall Avg | F1=0.635 | Acc=0.834 | P=0.636 | R=0.654

✅ Epoch 4 | Loss=0.6658 | F1(avg)=0.635 | Sent=0.855 | Urg=0.605 | Top=0.691 | Act=0.388
bert_base_unfreeze4 Epoch 5/50: 100%|███████████████████████████████████████████| 20/20 [00:02<00:00,  7.99it/s]

📊 Validation Results (Per Task)
------------------------------------------------------------
sentiment  | F1=0.894 | Acc=0.916 | P=0.912 | R=0.889
urgency    | F1=0.607 | Acc=0.884 | P=0.588 | R=0.634
topic      | F1=0.812 | Acc=0.839 | P=0.872 | R=0.795
action     | F1=0.416 | Acc=0.794 | P=0.540 | R=0.447
------------------------------------------------------------
✅ Overall Avg | F1=0.682 | Acc=0.858 | P=0.728 | R=0.691

✅ Epoch 5 | Loss=0.5260 | F1(avg)=0.682 | Sent=0.894 | Urg=0.607 | Top=0.812 | Act=0.416
bert_base_unfreeze4 Epoch 6/50: 100%|███████████████████████████████████████████| 20/20 [00:02<00:00,  7.99it/s]

📊 Validation Results (Per Task)
------------------------------------------------------------
sentiment  | F1=0.862 | Acc=0.897 | P=0.914 | R=0.856
urgency    | F1=0.656 | Acc=0.884 | P=0.677 | R=0.662
topic      | F1=0.834 | Acc=0.852 | P=0.885 | R=0.816
action     | F1=0.619 | Acc=0.813 | P=0.643 | R=0.634
------------------------------------------------------------
✅ Overall Avg | F1=0.743 | Acc=0.861 | P=0.780 | R=0.742

✅ Epoch 6 | Loss=0.4393 | F1(avg)=0.743 | Sent=0.862 | Urg=0.656 | Top=0.834 | Act=0.619
bert_base_unfreeze4 Epoch 7/50: 100%|███████████████████████████████████████████| 20/20 [00:02<00:00,  8.03it/s]

📊 Validation Results (Per Task)
------------------------------------------------------------
sentiment  | F1=0.928 | Acc=0.942 | P=0.948 | R=0.921
urgency    | F1=0.656 | Acc=0.884 | P=0.677 | R=0.662
topic      | F1=0.869 | Acc=0.871 | P=0.899 | R=0.854
action     | F1=0.681 | Acc=0.826 | P=0.827 | R=0.674
------------------------------------------------------------
✅ Overall Avg | F1=0.784 | Acc=0.881 | P=0.838 | R=0.778

✅ Epoch 7 | Loss=0.3852 | F1(avg)=0.784 | Sent=0.928 | Urg=0.656 | Top=0.869 | Act=0.681
bert_base_unfreeze4 Epoch 8/50: 100%|███████████████████████████████████████████| 20/20 [00:02<00:00,  8.01it/s]

📊 Validation Results (Per Task)
------------------------------------------------------------
sentiment  | F1=0.928 | Acc=0.942 | P=0.948 | R=0.921
urgency    | F1=0.655 | Acc=0.884 | P=0.665 | R=0.662
topic      | F1=0.854 | Acc=0.858 | P=0.885 | R=0.839
action     | F1=0.715 | Acc=0.839 | P=0.843 | R=0.699
------------------------------------------------------------
✅ Overall Avg | F1=0.788 | Acc=0.881 | P=0.835 | R=0.780

✅ Epoch 8 | Loss=0.3316 | F1(avg)=0.788 | Sent=0.928 | Urg=0.655 | Top=0.854 | Act=0.715
bert_base_unfreeze4 Epoch 9/50: 100%|███████████████████████████████████████████| 20/20 [00:02<00:00,  8.00it/s]

📊 Validation Results (Per Task)
------------------------------------------------------------
sentiment  | F1=0.928 | Acc=0.942 | P=0.948 | R=0.921
urgency    | F1=0.696 | Acc=0.890 | P=0.713 | R=0.695
topic      | F1=0.864 | Acc=0.865 | P=0.886 | R=0.853
action     | F1=0.560 | Acc=0.845 | P=0.616 | R=0.549
------------------------------------------------------------
✅ Overall Avg | F1=0.762 | Acc=0.885 | P=0.791 | R=0.755

✅ Epoch 9 | Loss=0.2941 | F1(avg)=0.762 | Sent=0.928 | Urg=0.696 | Top=0.864 | Act=0.560
bert_base_unfreeze4 Epoch 10/50: 100%|██████████████████████████████████████████| 20/20 [00:02<00:00,  8.00it/s]

📊 Validation Results (Per Task)
------------------------------------------------------------
sentiment  | F1=0.937 | Acc=0.948 | P=0.946 | R=0.933
urgency    | F1=0.720 | Acc=0.890 | P=0.721 | R=0.723
topic      | F1=0.876 | Acc=0.877 | P=0.894 | R=0.868
action     | F1=0.726 | Acc=0.845 | P=0.852 | R=0.709
------------------------------------------------------------
✅ Overall Avg | F1=0.815 | Acc=0.890 | P=0.853 | R=0.808

✅ Epoch 10 | Loss=0.2654 | F1(avg)=0.815 | Sent=0.937 | Urg=0.720 | Top=0.876 | Act=0.726
bert_base_unfreeze4 Epoch 11/50: 100%|██████████████████████████████████████████| 20/20 [00:02<00:00,  8.00it/s]

📊 Validation Results (Per Task)
------------------------------------------------------------
sentiment  | F1=0.928 | Acc=0.942 | P=0.948 | R=0.921
urgency    | F1=0.729 | Acc=0.897 | P=0.736 | R=0.729
topic      | F1=0.877 | Acc=0.877 | P=0.896 | R=0.869
action     | F1=0.560 | Acc=0.845 | P=0.616 | R=0.549
------------------------------------------------------------
✅ Overall Avg | F1=0.773 | Acc=0.890 | P=0.799 | R=0.767

✅ Epoch 11 | Loss=0.2464 | F1(avg)=0.773 | Sent=0.928 | Urg=0.729 | Top=0.877 | Act=0.560
bert_base_unfreeze4 Epoch 12/50: 100%|██████████████████████████████████████████| 20/20 [00:02<00:00,  8.00it/s]

📊 Validation Results (Per Task)
------------------------------------------------------------
sentiment  | F1=0.945 | Acc=0.955 | P=0.954 | R=0.940
urgency    | F1=0.741 | Acc=0.890 | P=0.735 | R=0.750
topic      | F1=0.858 | Acc=0.858 | P=0.880 | R=0.847
action     | F1=0.602 | Acc=0.852 | P=0.638 | R=0.590
------------------------------------------------------------
✅ Overall Avg | F1=0.787 | Acc=0.889 | P=0.802 | R=0.782

✅ Epoch 12 | Loss=0.2240 | F1(avg)=0.787 | Sent=0.945 | Urg=0.741 | Top=0.858 | Act=0.602
bert_base_unfreeze4 Epoch 13/50: 100%|██████████████████████████████████████████| 20/20 [00:02<00:00,  8.00it/s]

📊 Validation Results (Per Task)
------------------------------------------------------------
sentiment  | F1=0.919 | Acc=0.935 | P=0.942 | R=0.912
urgency    | F1=0.661 | Acc=0.890 | P=0.682 | R=0.668
topic      | F1=0.883 | Acc=0.884 | P=0.901 | R=0.877
action     | F1=0.602 | Acc=0.871 | P=0.637 | R=0.595
------------------------------------------------------------
✅ Overall Avg | F1=0.766 | Acc=0.895 | P=0.791 | R=0.763

✅ Epoch 13 | Loss=0.2089 | F1(avg)=0.766 | Sent=0.919 | Urg=0.661 | Top=0.883 | Act=0.602
bert_base_unfreeze4 Epoch 14/50: 100%|██████████████████████████████████████████| 20/20 [00:02<00:00,  8.05it/s]

📊 Validation Results (Per Task)
------------------------------------------------------------
sentiment  | F1=0.937 | Acc=0.948 | P=0.953 | R=0.931
urgency    | F1=0.717 | Acc=0.877 | P=0.709 | R=0.734
topic      | F1=0.858 | Acc=0.858 | P=0.880 | R=0.847
action     | F1=0.595 | Acc=0.865 | P=0.640 | R=0.584
------------------------------------------------------------
✅ Overall Avg | F1=0.777 | Acc=0.887 | P=0.796 | R=0.774

✅ Epoch 14 | Loss=0.1865 | F1(avg)=0.777 | Sent=0.937 | Urg=0.717 | Top=0.858 | Act=0.595
bert_base_unfreeze4 Epoch 15/50: 100%|██████████████████████████████████████████| 20/20 [00:02<00:00,  8.02it/s]

📊 Validation Results (Per Task)
------------------------------------------------------------
sentiment  | F1=0.955 | Acc=0.961 | P=0.965 | R=0.949
urgency    | F1=0.765 | Acc=0.910 | P=0.768 | R=0.766
topic      | F1=0.870 | Acc=0.871 | P=0.891 | R=0.861
action     | F1=0.646 | Acc=0.884 | P=0.671 | R=0.639
------------------------------------------------------------
✅ Overall Avg | F1=0.809 | Acc=0.906 | P=0.824 | R=0.804

✅ Epoch 15 | Loss=0.1712 | F1(avg)=0.809 | Sent=0.955 | Urg=0.765 | Top=0.870 | Act=0.646
bert_base_unfreeze4 Epoch 16/50: 100%|██████████████████████████████████████████| 20/20 [00:02<00:00,  8.01it/s]

📊 Validation Results (Per Task)
------------------------------------------------------------
sentiment  | F1=0.929 | Acc=0.942 | P=0.949 | R=0.921
urgency    | F1=0.772 | Acc=0.910 | P=0.782 | R=0.768
topic      | F1=0.870 | Acc=0.871 | P=0.891 | R=0.861
action     | F1=0.661 | Acc=0.884 | P=0.665 | R=0.665
------------------------------------------------------------
✅ Overall Avg | F1=0.808 | Acc=0.902 | P=0.822 | R=0.804

✅ Epoch 16 | Loss=0.1660 | F1(avg)=0.808 | Sent=0.929 | Urg=0.772 | Top=0.870 | Act=0.661
bert_base_unfreeze4 Epoch 17/50: 100%|██████████████████████████████████████████| 20/20 [00:02<00:00,  8.02it/s]

📊 Validation Results (Per Task)
------------------------------------------------------------
sentiment  | F1=0.937 | Acc=0.948 | P=0.953 | R=0.931
urgency    | F1=0.741 | Acc=0.897 | P=0.734 | R=0.752
topic      | F1=0.891 | Acc=0.890 | P=0.910 | R=0.885
action     | F1=0.685 | Acc=0.897 | P=0.702 | R=0.679
------------------------------------------------------------
✅ Overall Avg | F1=0.814 | Acc=0.908 | P=0.825 | R=0.811

✅ Epoch 17 | Loss=0.1604 | F1(avg)=0.814 | Sent=0.937 | Urg=0.741 | Top=0.891 | Act=0.685
bert_base_unfreeze4 Epoch 18/50: 100%|██████████████████████████████████████████| 20/20 [00:02<00:00,  8.02it/s]

📊 Validation Results (Per Task)
------------------------------------------------------------
sentiment  | F1=0.946 | Acc=0.955 | P=0.959 | R=0.940
urgency    | F1=0.770 | Acc=0.916 | P=0.773 | R=0.769
topic      | F1=0.885 | Acc=0.884 | P=0.905 | R=0.877
action     | F1=0.670 | Acc=0.890 | P=0.676 | R=0.672
------------------------------------------------------------
✅ Overall Avg | F1=0.818 | Acc=0.911 | P=0.828 | R=0.815

✅ Epoch 18 | Loss=0.1430 | F1(avg)=0.818 | Sent=0.946 | Urg=0.770 | Top=0.885 | Act=0.670
bert_base_unfreeze4 Epoch 19/50: 100%|██████████████████████████████████████████| 20/20 [00:02<00:00,  8.02it/s]

📊 Validation Results (Per Task)
------------------------------------------------------------
sentiment  | F1=0.946 | Acc=0.955 | P=0.959 | R=0.940
urgency    | F1=0.741 | Acc=0.897 | P=0.734 | R=0.752
topic      | F1=0.885 | Acc=0.884 | P=0.905 | R=0.877
action     | F1=0.662 | Acc=0.884 | P=0.662 | R=0.666
------------------------------------------------------------
✅ Overall Avg | F1=0.809 | Acc=0.905 | P=0.815 | R=0.809

✅ Epoch 19 | Loss=0.1356 | F1(avg)=0.809 | Sent=0.946 | Urg=0.741 | Top=0.885 | Act=0.662
bert_base_unfreeze4 Epoch 20/50: 100%|██████████████████████████████████████████| 20/20 [00:02<00:00,  8.03it/s]

📊 Validation Results (Per Task)
------------------------------------------------------------
sentiment  | F1=0.920 | Acc=0.935 | P=0.943 | R=0.912
urgency    | F1=0.770 | Acc=0.916 | P=0.773 | R=0.769
topic      | F1=0.891 | Acc=0.890 | P=0.910 | R=0.885
action     | F1=0.677 | Acc=0.890 | P=0.689 | R=0.673
------------------------------------------------------------
✅ Overall Avg | F1=0.815 | Acc=0.908 | P=0.829 | R=0.810

✅ Epoch 20 | Loss=0.1278 | F1(avg)=0.815 | Sent=0.920 | Urg=0.770 | Top=0.891 | Act=0.677
bert_base_unfreeze4 Epoch 21/50: 100%|██████████████████████████████████████████| 20/20 [00:02<00:00,  8.08it/s]

📊 Validation Results (Per Task)
------------------------------------------------------------
sentiment  | F1=0.947 | Acc=0.955 | P=0.960 | R=0.940
urgency    | F1=0.733 | Acc=0.890 | P=0.724 | R=0.746
topic      | F1=0.877 | Acc=0.877 | P=0.896 | R=0.869
action     | F1=0.676 | Acc=0.897 | P=0.676 | R=0.682
------------------------------------------------------------
✅ Overall Avg | F1=0.808 | Acc=0.905 | P=0.814 | R=0.809

✅ Epoch 21 | Loss=0.1219 | F1(avg)=0.808 | Sent=0.947 | Urg=0.733 | Top=0.877 | Act=0.676
bert_base_unfreeze4 Epoch 22/50: 100%|██████████████████████████████████████████| 20/20 [00:02<00:00,  8.05it/s]

📊 Validation Results (Per Task)
------------------------------------------------------------
sentiment  | F1=0.938 | Acc=0.948 | P=0.954 | R=0.931
urgency    | F1=0.770 | Acc=0.916 | P=0.773 | R=0.769
topic      | F1=0.895 | Acc=0.890 | P=0.909 | R=0.891
action     | F1=0.663 | Acc=0.884 | P=0.659 | R=0.670
------------------------------------------------------------
✅ Overall Avg | F1=0.816 | Acc=0.910 | P=0.824 | R=0.815

✅ Epoch 22 | Loss=0.1142 | F1(avg)=0.816 | Sent=0.938 | Urg=0.770 | Top=0.895 | Act=0.663
bert_base_unfreeze4 Epoch 23/50: 100%|██████████████████████████████████████████| 20/20 [00:02<00:00,  8.05it/s]

📊 Validation Results (Per Task)
------------------------------------------------------------
sentiment  | F1=0.938 | Acc=0.948 | P=0.954 | R=0.931
urgency    | F1=0.770 | Acc=0.916 | P=0.773 | R=0.769
topic      | F1=0.877 | Acc=0.877 | P=0.896 | R=0.869
action     | F1=0.670 | Acc=0.884 | P=0.680 | R=0.667
------------------------------------------------------------
✅ Overall Avg | F1=0.814 | Acc=0.906 | P=0.826 | R=0.809

✅ Epoch 23 | Loss=0.1072 | F1(avg)=0.814 | Sent=0.938 | Urg=0.770 | Top=0.877 | Act=0.670
bert_base_unfreeze4 Epoch 24/50: 100%|██████████████████████████████████████████| 20/20 [00:02<00:00,  8.03it/s]

📊 Validation Results (Per Task)
------------------------------------------------------------
sentiment  | F1=0.946 | Acc=0.955 | P=0.959 | R=0.940
urgency    | F1=0.745 | Acc=0.897 | P=0.740 | R=0.752
topic      | F1=0.907 | Acc=0.903 | P=0.919 | R=0.904
action     | F1=0.842 | Acc=0.890 | P=0.856 | R=0.837
------------------------------------------------------------
✅ Overall Avg | F1=0.860 | Acc=0.911 | P=0.868 | R=0.858

✅ Epoch 24 | Loss=0.1052 | F1(avg)=0.860 | Sent=0.946 | Urg=0.745 | Top=0.907 | Act=0.842
bert_base_unfreeze4 Epoch 25/50: 100%|██████████████████████████████████████████| 20/20 [00:02<00:00,  8.04it/s]

📊 Validation Results (Per Task)
------------------------------------------------------------
sentiment  | F1=0.947 | Acc=0.955 | P=0.960 | R=0.940
urgency    | F1=0.760 | Acc=0.910 | P=0.757 | R=0.763
topic      | F1=0.883 | Acc=0.884 | P=0.903 | R=0.875
action     | F1=0.678 | Acc=0.890 | P=0.686 | R=0.677
------------------------------------------------------------
✅ Overall Avg | F1=0.817 | Acc=0.910 | P=0.827 | R=0.814

✅ Epoch 25 | Loss=0.1002 | F1(avg)=0.817 | Sent=0.947 | Urg=0.760 | Top=0.883 | Act=0.678
bert_base_unfreeze4 Epoch 26/50: 100%|██████████████████████████████████████████| 20/20 [00:02<00:00,  8.04it/s]

📊 Validation Results (Per Task)
------------------------------------------------------------
sentiment  | F1=0.938 | Acc=0.948 | P=0.954 | R=0.931
urgency    | F1=0.760 | Acc=0.910 | P=0.757 | R=0.763
topic      | F1=0.901 | Acc=0.897 | P=0.915 | R=0.897
action     | F1=0.678 | Acc=0.890 | P=0.686 | R=0.677
------------------------------------------------------------
✅ Overall Avg | F1=0.819 | Acc=0.911 | P=0.828 | R=0.817

✅ Epoch 26 | Loss=0.0950 | F1(avg)=0.819 | Sent=0.938 | Urg=0.760 | Top=0.901 | Act=0.678
bert_base_unfreeze4 Epoch 27/50: 100%|██████████████████████████████████████████| 20/20 [00:02<00:00,  8.04it/s]

📊 Validation Results (Per Task)
------------------------------------------------------------
sentiment  | F1=0.946 | Acc=0.955 | P=0.959 | R=0.940
urgency    | F1=0.745 | Acc=0.897 | P=0.740 | R=0.752
topic      | F1=0.901 | Acc=0.897 | P=0.915 | R=0.897
action     | F1=0.842 | Acc=0.890 | P=0.856 | R=0.837
------------------------------------------------------------
✅ Overall Avg | F1=0.859 | Acc=0.910 | P=0.867 | R=0.856

✅ Epoch 27 | Loss=0.0903 | F1(avg)=0.859 | Sent=0.946 | Urg=0.745 | Top=0.901 | Act=0.842
bert_base_unfreeze4 Epoch 28/50: 100%|██████████████████████████████████████████| 20/20 [00:02<00:00,  8.08it/s]

📊 Validation Results (Per Task)
------------------------------------------------------------
sentiment  | F1=0.937 | Acc=0.948 | P=0.953 | R=0.931
urgency    | F1=0.745 | Acc=0.897 | P=0.740 | R=0.752
topic      | F1=0.893 | Acc=0.890 | P=0.906 | R=0.889
action     | F1=0.686 | Acc=0.897 | P=0.698 | R=0.683
------------------------------------------------------------
✅ Overall Avg | F1=0.815 | Acc=0.908 | P=0.824 | R=0.813

✅ Epoch 28 | Loss=0.0837 | F1(avg)=0.815 | Sent=0.937 | Urg=0.745 | Top=0.893 | Act=0.686
bert_base_unfreeze4 Epoch 29/50: 100%|██████████████████████████████████████████| 20/20 [00:02<00:00,  8.04it/s]

📊 Validation Results (Per Task)
------------------------------------------------------------
sentiment  | F1=0.929 | Acc=0.942 | P=0.949 | R=0.921
urgency    | F1=0.760 | Acc=0.910 | P=0.757 | R=0.763
topic      | F1=0.883 | Acc=0.884 | P=0.903 | R=0.875
action     | F1=0.663 | Acc=0.884 | P=0.659 | R=0.670
------------------------------------------------------------
✅ Overall Avg | F1=0.809 | Acc=0.905 | P=0.817 | R=0.807

✅ Epoch 29 | Loss=0.0856 | F1(avg)=0.809 | Sent=0.929 | Urg=0.760 | Top=0.883 | Act=0.663
bert_base_unfreeze4 Epoch 30/50: 100%|██████████████████████████████████████████| 20/20 [00:02<00:00,  8.03it/s]

📊 Validation Results (Per Task)
------------------------------------------------------------
sentiment  | F1=0.929 | Acc=0.942 | P=0.949 | R=0.921
urgency    | F1=0.741 | Acc=0.897 | P=0.734 | R=0.752
topic      | F1=0.891 | Acc=0.890 | P=0.912 | R=0.882
action     | F1=0.663 | Acc=0.884 | P=0.659 | R=0.670
------------------------------------------------------------
✅ Overall Avg | F1=0.806 | Acc=0.903 | P=0.813 | R=0.806

✅ Epoch 30 | Loss=0.0797 | F1(avg)=0.806 | Sent=0.929 | Urg=0.741 | Top=0.891 | Act=0.663
bert_base_unfreeze4 Epoch 31/50: 100%|██████████████████████████████████████████| 20/20 [00:02<00:00,  8.03it/s]

📊 Validation Results (Per Task)
------------------------------------------------------------
sentiment  | F1=0.937 | Acc=0.948 | P=0.953 | R=0.931
urgency    | F1=0.741 | Acc=0.897 | P=0.734 | R=0.752
topic      | F1=0.901 | Acc=0.897 | P=0.915 | R=0.897
action     | F1=0.663 | Acc=0.884 | P=0.659 | R=0.670
------------------------------------------------------------
✅ Overall Avg | F1=0.811 | Acc=0.906 | P=0.815 | R=0.812

✅ Epoch 31 | Loss=0.0772 | F1(avg)=0.811 | Sent=0.937 | Urg=0.741 | Top=0.901 | Act=0.663
bert_base_unfreeze4 Epoch 32/50: 100%|██████████████████████████████████████████| 20/20 [00:02<00:00,  8.03it/s]

📊 Validation Results (Per Task)
------------------------------------------------------------
sentiment  | F1=0.937 | Acc=0.948 | P=0.953 | R=0.931
urgency    | F1=0.719 | Acc=0.877 | P=0.712 | R=0.734
topic      | F1=0.893 | Acc=0.890 | P=0.906 | R=0.889
action     | F1=0.663 | Acc=0.884 | P=0.659 | R=0.670
------------------------------------------------------------
✅ Overall Avg | F1=0.803 | Acc=0.900 | P=0.808 | R=0.806

✅ Epoch 32 | Loss=0.0760 | F1(avg)=0.803 | Sent=0.937 | Urg=0.719 | Top=0.893 | Act=0.663
bert_base_unfreeze4 Epoch 33/50: 100%|██████████████████████████████████████████| 20/20 [00:02<00:00,  8.02it/s]

📊 Validation Results (Per Task)
------------------------------------------------------------
sentiment  | F1=0.937 | Acc=0.948 | P=0.953 | R=0.931
urgency    | F1=0.736 | Acc=0.890 | P=0.729 | R=0.746
topic      | F1=0.891 | Acc=0.890 | P=0.912 | R=0.882
action     | F1=0.841 | Acc=0.890 | P=0.851 | R=0.837
------------------------------------------------------------
✅ Overall Avg | F1=0.851 | Acc=0.905 | P=0.861 | R=0.849

✅ Epoch 33 | Loss=0.0719 | F1(avg)=0.851 | Sent=0.937 | Urg=0.736 | Top=0.891 | Act=0.841
bert_base_unfreeze4 Epoch 34/50: 100%|██████████████████████████████████████████| 20/20 [00:02<00:00,  8.04it/s]

📊 Validation Results (Per Task)
------------------------------------------------------------
sentiment  | F1=0.937 | Acc=0.948 | P=0.953 | R=0.931
urgency    | F1=0.736 | Acc=0.890 | P=0.729 | R=0.746
topic      | F1=0.891 | Acc=0.890 | P=0.912 | R=0.882
action     | F1=0.665 | Acc=0.884 | P=0.664 | R=0.670
------------------------------------------------------------
✅ Overall Avg | F1=0.807 | Acc=0.903 | P=0.815 | R=0.807

✅ Epoch 34 | Loss=0.0724 | F1(avg)=0.807 | Sent=0.937 | Urg=0.736 | Top=0.891 | Act=0.665
bert_base_unfreeze4 Epoch 35/50: 100%|██████████████████████████████████████████| 20/20 [00:02<00:00,  8.05it/s]

📊 Validation Results (Per Task)
------------------------------------------------------------
sentiment  | F1=0.937 | Acc=0.948 | P=0.953 | R=0.931
urgency    | F1=0.736 | Acc=0.890 | P=0.729 | R=0.746
topic      | F1=0.891 | Acc=0.890 | P=0.912 | R=0.882
action     | F1=0.841 | Acc=0.890 | P=0.851 | R=0.837
------------------------------------------------------------
✅ Overall Avg | F1=0.851 | Acc=0.905 | P=0.861 | R=0.849

✅ Epoch 35 | Loss=0.0716 | F1(avg)=0.851 | Sent=0.937 | Urg=0.736 | Top=0.891 | Act=0.841
bert_base_unfreeze4 Epoch 36/50: 100%|██████████████████████████████████████████| 20/20 [00:02<00:00,  8.02it/s]

📊 Validation Results (Per Task)
------------------------------------------------------------
sentiment  | F1=0.937 | Acc=0.948 | P=0.953 | R=0.931
urgency    | F1=0.728 | Acc=0.884 | P=0.720 | R=0.740
topic      | F1=0.901 | Acc=0.897 | P=0.915 | R=0.897
action     | F1=0.671 | Acc=0.890 | P=0.673 | R=0.676
------------------------------------------------------------
✅ Overall Avg | F1=0.809 | Acc=0.905 | P=0.815 | R=0.811

✅ Epoch 36 | Loss=0.0671 | F1(avg)=0.809 | Sent=0.937 | Urg=0.728 | Top=0.901 | Act=0.671
bert_base_unfreeze4 Epoch 37/50: 100%|██████████████████████████████████████████| 20/20 [00:02<00:00,  8.02it/s]

📊 Validation Results (Per Task)
------------------------------------------------------------
sentiment  | F1=0.946 | Acc=0.955 | P=0.959 | R=0.940
urgency    | F1=0.736 | Acc=0.877 | P=0.725 | R=0.761
topic      | F1=0.901 | Acc=0.897 | P=0.915 | R=0.897
action     | F1=0.665 | Acc=0.884 | P=0.664 | R=0.670
------------------------------------------------------------
✅ Overall Avg | F1=0.812 | Acc=0.903 | P=0.816 | R=0.817

✅ Epoch 37 | Loss=0.0699 | F1(avg)=0.812 | Sent=0.946 | Urg=0.736 | Top=0.901 | Act=0.665
bert_base_unfreeze4 Epoch 38/50: 100%|██████████████████████████████████████████| 20/20 [00:02<00:00,  8.00it/s]

📊 Validation Results (Per Task)
------------------------------------------------------------
sentiment  | F1=0.937 | Acc=0.948 | P=0.953 | R=0.931
urgency    | F1=0.736 | Acc=0.890 | P=0.729 | R=0.746
topic      | F1=0.901 | Acc=0.897 | P=0.915 | R=0.897
action     | F1=0.665 | Acc=0.884 | P=0.664 | R=0.670
------------------------------------------------------------
✅ Overall Avg | F1=0.810 | Acc=0.905 | P=0.815 | R=0.811

✅ Epoch 38 | Loss=0.0661 | F1(avg)=0.810 | Sent=0.937 | Urg=0.736 | Top=0.901 | Act=0.665
bert_base_unfreeze4 Epoch 39/50: 100%|██████████████████████████████████████████| 20/20 [00:02<00:00,  7.99it/s]

📊 Validation Results (Per Task)
------------------------------------------------------------
sentiment  | F1=0.937 | Acc=0.948 | P=0.953 | R=0.931
urgency    | F1=0.728 | Acc=0.884 | P=0.720 | R=0.740
topic      | F1=0.901 | Acc=0.897 | P=0.915 | R=0.897
action     | F1=0.663 | Acc=0.884 | P=0.659 | R=0.670
------------------------------------------------------------
✅ Overall Avg | F1=0.807 | Acc=0.903 | P=0.812 | R=0.809

✅ Epoch 39 | Loss=0.0661 | F1(avg)=0.807 | Sent=0.937 | Urg=0.728 | Top=0.901 | Act=0.663
bert_base_unfreeze4 Epoch 40/50: 100%|██████████████████████████████████████████| 20/20 [00:02<00:00,  8.01it/s]

📊 Validation Results (Per Task)
------------------------------------------------------------
sentiment  | F1=0.946 | Acc=0.955 | P=0.959 | R=0.940
urgency    | F1=0.719 | Acc=0.877 | P=0.712 | R=0.734
topic      | F1=0.901 | Acc=0.897 | P=0.915 | R=0.897
action     | F1=0.663 | Acc=0.884 | P=0.659 | R=0.670
------------------------------------------------------------
✅ Overall Avg | F1=0.807 | Acc=0.903 | P=0.811 | R=0.810

✅ Epoch 40 | Loss=0.0651 | F1(avg)=0.807 | Sent=0.946 | Urg=0.719 | Top=0.901 | Act=0.663
bert_base_unfreeze4 Epoch 41/50: 100%|██████████████████████████████████████████| 20/20 [00:02<00:00,  8.04it/s]

📊 Validation Results (Per Task)
------------------------------------------------------------
sentiment  | F1=0.946 | Acc=0.955 | P=0.959 | R=0.940
urgency    | F1=0.728 | Acc=0.884 | P=0.720 | R=0.740
topic      | F1=0.901 | Acc=0.897 | P=0.915 | R=0.897
action     | F1=0.665 | Acc=0.884 | P=0.664 | R=0.670
------------------------------------------------------------
✅ Overall Avg | F1=0.810 | Acc=0.905 | P=0.815 | R=0.812

✅ Epoch 41 | Loss=0.0624 | F1(avg)=0.810 | Sent=0.946 | Urg=0.728 | Top=0.901 | Act=0.665
bert_base_unfreeze4 Epoch 42/50: 100%|██████████████████████████████████████████| 20/20 [00:02<00:00,  8.02it/s]

📊 Validation Results (Per Task)
------------------------------------------------------------
sentiment  | F1=0.946 | Acc=0.955 | P=0.959 | R=0.940
urgency    | F1=0.736 | Acc=0.890 | P=0.729 | R=0.746
topic      | F1=0.901 | Acc=0.897 | P=0.915 | R=0.897
action     | F1=0.841 | Acc=0.890 | P=0.851 | R=0.837
------------------------------------------------------------
✅ Overall Avg | F1=0.856 | Acc=0.908 | P=0.864 | R=0.855

✅ Epoch 42 | Loss=0.0602 | F1(avg)=0.856 | Sent=0.946 | Urg=0.736 | Top=0.901 | Act=0.841
bert_base_unfreeze4 Epoch 43/50: 100%|██████████████████████████████████████████| 20/20 [00:02<00:00,  7.99it/s]

📊 Validation Results (Per Task)
------------------------------------------------------------
sentiment  | F1=0.946 | Acc=0.955 | P=0.959 | R=0.940
urgency    | F1=0.728 | Acc=0.884 | P=0.720 | R=0.740
topic      | F1=0.901 | Acc=0.897 | P=0.915 | R=0.897
action     | F1=0.663 | Acc=0.884 | P=0.659 | R=0.670
------------------------------------------------------------
✅ Overall Avg | F1=0.809 | Acc=0.905 | P=0.813 | R=0.812

✅ Epoch 43 | Loss=0.0588 | F1(avg)=0.809 | Sent=0.946 | Urg=0.728 | Top=0.901 | Act=0.663
bert_base_unfreeze4 Epoch 44/50: 100%|██████████████████████████████████████████| 20/20 [00:02<00:00,  7.99it/s]

📊 Validation Results (Per Task)
------------------------------------------------------------
sentiment  | F1=0.946 | Acc=0.955 | P=0.959 | R=0.940
urgency    | F1=0.728 | Acc=0.884 | P=0.720 | R=0.740
topic      | F1=0.901 | Acc=0.897 | P=0.915 | R=0.897
action     | F1=0.663 | Acc=0.884 | P=0.659 | R=0.670
------------------------------------------------------------
✅ Overall Avg | F1=0.809 | Acc=0.905 | P=0.813 | R=0.812

✅ Epoch 44 | Loss=0.0613 | F1(avg)=0.809 | Sent=0.946 | Urg=0.728 | Top=0.901 | Act=0.663
bert_base_unfreeze4 Epoch 45/50: 100%|██████████████████████████████████████████| 20/20 [00:02<00:00,  7.99it/s]

📊 Validation Results (Per Task)
------------------------------------------------------------
sentiment  | F1=0.946 | Acc=0.955 | P=0.959 | R=0.940
urgency    | F1=0.728 | Acc=0.884 | P=0.720 | R=0.740
topic      | F1=0.901 | Acc=0.897 | P=0.915 | R=0.897
action     | F1=0.663 | Acc=0.884 | P=0.659 | R=0.670
------------------------------------------------------------
✅ Overall Avg | F1=0.809 | Acc=0.905 | P=0.813 | R=0.812

✅ Epoch 45 | Loss=0.0577 | F1(avg)=0.809 | Sent=0.946 | Urg=0.728 | Top=0.901 | Act=0.663
bert_base_unfreeze4 Epoch 46/50: 100%|██████████████████████████████████████████| 20/20 [00:02<00:00,  8.00it/s]

📊 Validation Results (Per Task)
------------------------------------------------------------
sentiment  | F1=0.946 | Acc=0.955 | P=0.959 | R=0.940
urgency    | F1=0.712 | Acc=0.871 | P=0.705 | R=0.728
topic      | F1=0.901 | Acc=0.897 | P=0.915 | R=0.897
action     | F1=0.841 | Acc=0.890 | P=0.851 | R=0.837
------------------------------------------------------------
✅ Overall Avg | F1=0.850 | Acc=0.903 | P=0.857 | R=0.850

✅ Epoch 46 | Loss=0.0599 | F1(avg)=0.850 | Sent=0.946 | Urg=0.712 | Top=0.901 | Act=0.841
bert_base_unfreeze4 Epoch 47/50: 100%|██████████████████████████████████████████| 20/20 [00:02<00:00,  8.00it/s]

📊 Validation Results (Per Task)
------------------------------------------------------------
sentiment  | F1=0.946 | Acc=0.955 | P=0.959 | R=0.940
urgency    | F1=0.712 | Acc=0.871 | P=0.705 | R=0.728
topic      | F1=0.901 | Acc=0.897 | P=0.915 | R=0.897
action     | F1=0.841 | Acc=0.890 | P=0.851 | R=0.837
------------------------------------------------------------
✅ Overall Avg | F1=0.850 | Acc=0.903 | P=0.857 | R=0.850

✅ Epoch 47 | Loss=0.0574 | F1(avg)=0.850 | Sent=0.946 | Urg=0.712 | Top=0.901 | Act=0.841
bert_base_unfreeze4 Epoch 48/50: 100%|██████████████████████████████████████████| 20/20 [00:02<00:00,  8.04it/s]

📊 Validation Results (Per Task)
------------------------------------------------------------
sentiment  | F1=0.946 | Acc=0.955 | P=0.959 | R=0.940
urgency    | F1=0.728 | Acc=0.884 | P=0.720 | R=0.740
topic      | F1=0.901 | Acc=0.897 | P=0.915 | R=0.897
action     | F1=0.841 | Acc=0.890 | P=0.851 | R=0.837
------------------------------------------------------------
✅ Overall Avg | F1=0.854 | Acc=0.906 | P=0.861 | R=0.853

✅ Epoch 48 | Loss=0.0574 | F1(avg)=0.854 | Sent=0.946 | Urg=0.728 | Top=0.901 | Act=0.841
bert_base_unfreeze4 Epoch 49/50: 100%|██████████████████████████████████████████| 20/20 [00:02<00:00,  8.02it/s]

📊 Validation Results (Per Task)
------------------------------------------------------------
sentiment  | F1=0.946 | Acc=0.955 | P=0.959 | R=0.940
urgency    | F1=0.728 | Acc=0.884 | P=0.720 | R=0.740
topic      | F1=0.901 | Acc=0.897 | P=0.915 | R=0.897
action     | F1=0.841 | Acc=0.890 | P=0.851 | R=0.837
------------------------------------------------------------
✅ Overall Avg | F1=0.854 | Acc=0.906 | P=0.861 | R=0.853

✅ Epoch 49 | Loss=0.0555 | F1(avg)=0.854 | Sent=0.946 | Urg=0.728 | Top=0.901 | Act=0.841
bert_base_unfreeze4 Epoch 50/50: 100%|██████████████████████████████████████████| 20/20 [00:02<00:00,  7.85it/s]

📊 Validation Results (Per Task)
------------------------------------------------------------
sentiment  | F1=0.946 | Acc=0.955 | P=0.959 | R=0.940
urgency    | F1=0.728 | Acc=0.884 | P=0.720 | R=0.740
topic      | F1=0.901 | Acc=0.897 | P=0.915 | R=0.897
action     | F1=0.841 | Acc=0.890 | P=0.851 | R=0.837
------------------------------------------------------------
✅ Overall Avg | F1=0.854 | Acc=0.906 | P=0.861 | R=0.853

✅ Epoch 50 | Loss=0.0576 | F1(avg)=0.854 | Sent=0.946 | Urg=0.728 | Top=0.901 | Act=0.841
