bert_base_unfreeze0 Epoch 1/50: 100%|█| 39/39 [00:02<00

📊 Validation Results (Per Task)
------------------------------------------------------------
sentiment  | F1=0.123 | Acc=0.226 | P=0.076 | R=0.324
urgency    | F1=0.049 | Acc=0.065 | P=0.131 | R=0.306
topic      | F1=0.084 | Acc=0.239 | P=0.060 | R=0.153
action     | F1=0.135 | Acc=0.387 | P=0.163 | R=0.142
------------------------------------------------------------
✅ Overall Avg | F1=0.098 | Acc=0.229 | P=0.107 | R=0.231

✅ Epoch 1 | Loss=1.5725 | F1(avg)=0.098 | Sent=0.123 | Urg=0.049 | Top=0.084 | Act=0.135
bert_base_unfreeze0 Epoch 2/50: 100%|█| 39/39 [00:02<00

📊 Validation Results (Per Task)
------------------------------------------------------------
sentiment  | F1=0.123 | Acc=0.226 | P=0.076 | R=0.324
urgency    | F1=0.104 | Acc=0.116 | P=0.323 | R=0.336
topic      | F1=0.106 | Acc=0.265 | P=0.121 | R=0.172
action     | F1=0.147 | Acc=0.523 | P=0.211 | R=0.181
------------------------------------------------------------
✅ Overall Avg | F1=0.120 | Acc=0.282 | P=0.183 | R=0.253

✅ Epoch 2 | Loss=1.5211 | F1(avg)=0.120 | Sent=0.123 | Urg=0.104 | Top=0.106 | Act=0.147
bert_base_unfreeze0 Epoch 3/50: 100%|█| 39/39 [00:02<00

📊 Validation Results (Per Task)
------------------------------------------------------------
sentiment  | F1=0.281 | Acc=0.323 | P=0.466 | R=0.389
urgency    | F1=0.292 | Acc=0.355 | P=0.434 | R=0.426
topic      | F1=0.099 | Acc=0.271 | P=0.157 | R=0.167
action     | F1=0.135 | Acc=0.523 | P=0.154 | R=0.176
------------------------------------------------------------
✅ Overall Avg | F1=0.202 | Acc=0.368 | P=0.303 | R=0.290

✅ Epoch 3 | Loss=1.4798 | F1(avg)=0.202 | Sent=0.281 | Urg=0.292 | Top=0.099 | Act=0.135
bert_base_unfreeze0 Epoch 4/50: 100%|█| 39/39 [00:02<00

📊 Validation Results (Per Task)
------------------------------------------------------------
sentiment  | F1=0.442 | Acc=0.497 | P=0.568 | R=0.506
urgency    | F1=0.399 | Acc=0.587 | P=0.491 | R=0.447
topic      | F1=0.101 | Acc=0.271 | P=0.228 | R=0.167
action     | F1=0.135 | Acc=0.523 | P=0.171 | R=0.176
------------------------------------------------------------
✅ Overall Avg | F1=0.269 | Acc=0.469 | P=0.364 | R=0.324

✅ Epoch 4 | Loss=1.4446 | F1(avg)=0.269 | Sent=0.442 | Urg=0.399 | Top=0.101 | Act=0.135
bert_base_unfreeze0 Epoch 5/50: 100%|█| 39/39 [00:02<00

📊 Validation Results (Per Task)
------------------------------------------------------------
sentiment  | F1=0.409 | Acc=0.510 | P=0.531 | R=0.436
urgency    | F1=0.333 | Acc=0.606 | P=0.432 | R=0.372
topic      | F1=0.072 | Acc=0.258 | P=0.073 | R=0.151
action     | F1=0.135 | Acc=0.523 | P=0.154 | R=0.176
------------------------------------------------------------
✅ Overall Avg | F1=0.237 | Acc=0.474 | P=0.297 | R=0.284

✅ Epoch 5 | Loss=1.4050 | F1(avg)=0.237 | Sent=0.409 | Urg=0.333 | Top=0.072 | Act=0.135
bert_base_unfreeze0 Epoch 6/50: 100%|█| 39/39 [00:02<00

📊 Validation Results (Per Task)
------------------------------------------------------------
sentiment  | F1=0.344 | Acc=0.510 | P=0.585 | R=0.401
urgency    | F1=0.345 | Acc=0.619 | P=0.458 | R=0.382
topic      | F1=0.072 | Acc=0.258 | P=0.066 | R=0.151
action     | F1=0.135 | Acc=0.523 | P=0.154 | R=0.176
------------------------------------------------------------
✅ Overall Avg | F1=0.224 | Acc=0.477 | P=0.316 | R=0.277

✅ Epoch 6 | Loss=1.3822 | F1(avg)=0.224 | Sent=0.344 | Urg=0.345 | Top=0.072 | Act=0.135
bert_base_unfreeze0 Epoch 7/50: 100%|█| 39/39 [00:02<00

📊 Validation Results (Per Task)
------------------------------------------------------------
sentiment  | F1=0.278 | Acc=0.490 | P=0.716 | R=0.366
urgency    | F1=0.319 | Acc=0.606 | P=0.458 | R=0.368
topic      | F1=0.071 | Acc=0.258 | P=0.058 | R=0.151
action     | F1=0.145 | Acc=0.529 | P=0.188 | R=0.182
------------------------------------------------------------
✅ Overall Avg | F1=0.203 | Acc=0.471 | P=0.355 | R=0.267

✅ Epoch 7 | Loss=1.3547 | F1(avg)=0.203 | Sent=0.278 | Urg=0.319 | Top=0.071 | Act=0.145
bert_base_unfreeze0 Epoch 8/50: 100%|█| 39/39 [00:02<00

📊 Validation Results (Per Task)
------------------------------------------------------------
sentiment  | F1=0.260 | Acc=0.484 | P=0.714 | R=0.357
urgency    | F1=0.311 | Acc=0.606 | P=0.484 | R=0.365
topic      | F1=0.072 | Acc=0.258 | P=0.066 | R=0.151
action     | F1=0.147 | Acc=0.535 | P=0.254 | R=0.185
------------------------------------------------------------
✅ Overall Avg | F1=0.197 | Acc=0.471 | P=0.380 | R=0.264

✅ Epoch 8 | Loss=1.3295 | F1(avg)=0.197 | Sent=0.260 | Urg=0.311 | Top=0.072 | Act=0.147
bert_base_unfreeze0 Epoch 9/50: 100%|█| 39/39 [00:02<00

📊 Validation Results (Per Task)
------------------------------------------------------------
sentiment  | F1=0.241 | Acc=0.477 | P=0.380 | R=0.348
urgency    | F1=0.322 | Acc=0.613 | P=0.491 | R=0.371
topic      | F1=0.072 | Acc=0.258 | P=0.066 | R=0.151
action     | F1=0.147 | Acc=0.535 | P=0.213 | R=0.185
------------------------------------------------------------
✅ Overall Avg | F1=0.195 | Acc=0.471 | P=0.288 | R=0.264

✅ Epoch 9 | Loss=1.3088 | F1(avg)=0.195 | Sent=0.241 | Urg=0.322 | Top=0.072 | Act=0.147
bert_base_unfreeze0 Epoch 10/50: 100%|█| 39/39 [00:02<0

📊 Validation Results (Per Task)
------------------------------------------------------------
sentiment  | F1=0.241 | Acc=0.477 | P=0.380 | R=0.348
urgency    | F1=0.332 | Acc=0.619 | P=0.497 | R=0.377
topic      | F1=0.096 | Acc=0.271 | P=0.238 | R=0.165
action     | F1=0.147 | Acc=0.535 | P=0.254 | R=0.185
------------------------------------------------------------
✅ Overall Avg | F1=0.204 | Acc=0.476 | P=0.342 | R=0.269

✅ Epoch 10 | Loss=1.2956 | F1(avg)=0.204 | Sent=0.241 | Urg=0.332 | Top=0.096 | Act=0.147
bert_base_unfreeze0 Epoch 11/50: 100%|█| 39/39 [00:02<0

📊 Validation Results (Per Task)
------------------------------------------------------------
sentiment  | F1=0.241 | Acc=0.477 | P=0.380 | R=0.348
urgency    | F1=0.348 | Acc=0.626 | P=0.481 | R=0.385
topic      | F1=0.103 | Acc=0.271 | P=0.228 | R=0.169
action     | F1=0.146 | Acc=0.535 | P=0.189 | R=0.185
------------------------------------------------------------
✅ Overall Avg | F1=0.210 | Acc=0.477 | P=0.319 | R=0.272

✅ Epoch 11 | Loss=1.2884 | F1(avg)=0.210 | Sent=0.241 | Urg=0.348 | Top=0.103 | Act=0.146
bert_base_unfreeze0 Epoch 12/50: 100%|█| 39/39 [00:02<0

📊 Validation Results (Per Task)
------------------------------------------------------------
sentiment  | F1=0.260 | Acc=0.484 | P=0.714 | R=0.357
urgency    | F1=0.375 | Acc=0.645 | P=0.496 | R=0.403
topic      | F1=0.111 | Acc=0.277 | P=0.233 | R=0.177
action     | F1=0.156 | Acc=0.542 | P=0.201 | R=0.190
------------------------------------------------------------
✅ Overall Avg | F1=0.226 | Acc=0.487 | P=0.411 | R=0.282

✅ Epoch 12 | Loss=1.2759 | F1(avg)=0.226 | Sent=0.260 | Urg=0.375 | Top=0.111 | Act=0.156
bert_base_unfreeze0 Epoch 13/50: 100%|█| 39/39 [00:02<0

📊 Validation Results (Per Task)
------------------------------------------------------------
sentiment  | F1=0.260 | Acc=0.484 | P=0.714 | R=0.357
urgency    | F1=0.392 | Acc=0.658 | P=0.489 | R=0.415
topic      | F1=0.114 | Acc=0.277 | P=0.244 | R=0.177
action     | F1=0.164 | Acc=0.548 | P=0.195 | R=0.196
------------------------------------------------------------
✅ Overall Avg | F1=0.232 | Acc=0.492 | P=0.411 | R=0.286

✅ Epoch 13 | Loss=1.2594 | F1(avg)=0.232 | Sent=0.260 | Urg=0.392 | Top=0.114 | Act=0.164
bert_base_unfreeze0 Epoch 14/50: 100%|█| 39/39 [00:02<0

📊 Validation Results (Per Task)
------------------------------------------------------------
sentiment  | F1=0.273 | Acc=0.490 | P=0.743 | R=0.364
urgency    | F1=0.408 | Acc=0.671 | P=0.498 | R=0.427
topic      | F1=0.140 | Acc=0.297 | P=0.380 | R=0.196
action     | F1=0.163 | Acc=0.548 | P=0.184 | R=0.196
------------------------------------------------------------
✅ Overall Avg | F1=0.246 | Acc=0.502 | P=0.451 | R=0.296

✅ Epoch 14 | Loss=1.2443 | F1(avg)=0.246 | Sent=0.273 | Urg=0.408 | Top=0.140 | Act=0.163
bert_base_unfreeze0 Epoch 15/50: 100%|█| 39/39 [00:02<0

📊 Validation Results (Per Task)
------------------------------------------------------------
sentiment  | F1=0.273 | Acc=0.490 | P=0.743 | R=0.364
urgency    | F1=0.430 | Acc=0.690 | P=0.499 | R=0.445
topic      | F1=0.137 | Acc=0.290 | P=0.375 | R=0.192
action     | F1=0.169 | Acc=0.555 | P=0.171 | R=0.202
------------------------------------------------------------
✅ Overall Avg | F1=0.252 | Acc=0.506 | P=0.447 | R=0.301

✅ Epoch 15 | Loss=1.2363 | F1(avg)=0.252 | Sent=0.273 | Urg=0.430 | Top=0.137 | Act=0.169
bert_base_unfreeze0 Epoch 16/50: 100%|█| 39/39 [00:02<0

📊 Validation Results (Per Task)
------------------------------------------------------------
sentiment  | F1=0.286 | Acc=0.497 | P=0.761 | R=0.371
urgency    | F1=0.444 | Acc=0.703 | P=0.498 | R=0.457
topic      | F1=0.149 | Acc=0.297 | P=0.379 | R=0.199
action     | F1=0.168 | Acc=0.555 | P=0.166 | R=0.202
------------------------------------------------------------
✅ Overall Avg | F1=0.262 | Acc=0.513 | P=0.451 | R=0.307

✅ Epoch 16 | Loss=1.2239 | F1(avg)=0.262 | Sent=0.286 | Urg=0.444 | Top=0.149 | Act=0.168
bert_base_unfreeze0 Epoch 17/50: 100%|█| 39/39 [00:02<0

📊 Validation Results (Per Task)
------------------------------------------------------------
sentiment  | F1=0.311 | Acc=0.510 | P=0.782 | R=0.385
urgency    | F1=0.451 | Acc=0.710 | P=0.502 | R=0.463
topic      | F1=0.156 | Acc=0.303 | P=0.370 | R=0.204
action     | F1=0.175 | Acc=0.561 | P=0.173 | R=0.208
------------------------------------------------------------
✅ Overall Avg | F1=0.273 | Acc=0.521 | P=0.457 | R=0.315

✅ Epoch 17 | Loss=1.2130 | F1(avg)=0.273 | Sent=0.311 | Urg=0.451 | Top=0.156 | Act=0.175
bert_base_unfreeze0 Epoch 18/50: 100%|█| 39/39 [00:02<0

📊 Validation Results (Per Task)
------------------------------------------------------------
sentiment  | F1=0.323 | Acc=0.516 | P=0.789 | R=0.392
urgency    | F1=0.465 | Acc=0.723 | P=0.510 | R=0.475
topic      | F1=0.172 | Acc=0.316 | P=0.376 | R=0.218
action     | F1=0.174 | Acc=0.561 | P=0.165 | R=0.208
------------------------------------------------------------
✅ Overall Avg | F1=0.283 | Acc=0.529 | P=0.460 | R=0.323

✅ Epoch 18 | Loss=1.1957 | F1(avg)=0.283 | Sent=0.323 | Urg=0.465 | Top=0.172 | Act=0.174
bert_base_unfreeze0 Epoch 19/50: 100%|█| 39/39 [00:02<0

📊 Validation Results (Per Task)
------------------------------------------------------------
sentiment  | F1=0.355 | Acc=0.535 | P=0.780 | R=0.414
urgency    | F1=0.467 | Acc=0.723 | P=0.504 | R=0.477
topic      | F1=0.198 | Acc=0.335 | P=0.382 | R=0.237
action     | F1=0.187 | Acc=0.574 | P=0.174 | R=0.220
------------------------------------------------------------
✅ Overall Avg | F1=0.302 | Acc=0.542 | P=0.460 | R=0.337

✅ Epoch 19 | Loss=1.1842 | F1(avg)=0.302 | Sent=0.355 | Urg=0.467 | Top=0.198 | Act=0.187
bert_base_unfreeze0 Epoch 20/50: 100%|█| 39/39 [00:02<0

📊 Validation Results (Per Task)
------------------------------------------------------------
sentiment  | F1=0.354 | Acc=0.535 | P=0.760 | R=0.414
urgency    | F1=0.474 | Acc=0.729 | P=0.508 | R=0.483
topic      | F1=0.253 | Acc=0.400 | P=0.334 | R=0.302
action     | F1=0.199 | Acc=0.587 | P=0.184 | R=0.232
------------------------------------------------------------
✅ Overall Avg | F1=0.320 | Acc=0.563 | P=0.446 | R=0.358

✅ Epoch 20 | Loss=1.1748 | F1(avg)=0.320 | Sent=0.354 | Urg=0.474 | Top=0.253 | Act=0.199
bert_base_unfreeze0 Epoch 21/50: 100%|█| 39/39 [00:02<0

📊 Validation Results (Per Task)
------------------------------------------------------------
sentiment  | F1=0.376 | Acc=0.548 | P=0.790 | R=0.428
urgency    | F1=0.491 | Acc=0.748 | P=0.508 | R=0.501
topic      | F1=0.246 | Acc=0.387 | P=0.334 | R=0.286
action     | F1=0.213 | Acc=0.606 | P=0.191 | R=0.250
------------------------------------------------------------
✅ Overall Avg | F1=0.331 | Acc=0.573 | P=0.456 | R=0.366

✅ Epoch 21 | Loss=1.1672 | F1(avg)=0.331 | Sent=0.376 | Urg=0.491 | Top=0.246 | Act=0.213
bert_base_unfreeze0 Epoch 22/50: 100%|█| 39/39 [00:02<0

📊 Validation Results (Per Task)
------------------------------------------------------------
sentiment  | F1=0.390 | Acc=0.561 | P=0.746 | R=0.442
urgency    | F1=0.497 | Acc=0.755 | P=0.512 | R=0.507
topic      | F1=0.277 | Acc=0.426 | P=0.325 | R=0.327
action     | F1=0.218 | Acc=0.613 | P=0.194 | R=0.256
------------------------------------------------------------
✅ Overall Avg | F1=0.346 | Acc=0.589 | P=0.444 | R=0.383

✅ Epoch 22 | Loss=1.1575 | F1(avg)=0.346 | Sent=0.390 | Urg=0.497 | Top=0.277 | Act=0.218
bert_base_unfreeze0 Epoch 23/50: 100%|█| 39/39 [00:02<0

📊 Validation Results (Per Task)
------------------------------------------------------------
sentiment  | F1=0.404 | Acc=0.574 | P=0.726 | R=0.456
urgency    | F1=0.496 | Acc=0.755 | P=0.508 | R=0.507
topic      | F1=0.286 | Acc=0.432 | P=0.332 | R=0.333
action     | F1=0.218 | Acc=0.613 | P=0.194 | R=0.256
------------------------------------------------------------
✅ Overall Avg | F1=0.351 | Acc=0.594 | P=0.440 | R=0.388

✅ Epoch 23 | Loss=1.1500 | F1(avg)=0.351 | Sent=0.404 | Urg=0.496 | Top=0.286 | Act=0.218
bert_base_unfreeze0 Epoch 24/50: 100%|█| 39/39 [00:02<0

📊 Validation Results (Per Task)
------------------------------------------------------------
sentiment  | F1=0.436 | Acc=0.600 | P=0.749 | R=0.484
urgency    | F1=0.513 | Acc=0.774 | P=0.516 | R=0.524
topic      | F1=0.283 | Acc=0.432 | P=0.329 | R=0.333
action     | F1=0.218 | Acc=0.613 | P=0.194 | R=0.256
------------------------------------------------------------
✅ Overall Avg | F1=0.363 | Acc=0.605 | P=0.447 | R=0.400

✅ Epoch 24 | Loss=1.1301 | F1(avg)=0.363 | Sent=0.436 | Urg=0.513 | Top=0.283 | Act=0.218
bert_base_unfreeze0 Epoch 25/50: 100%|█| 39/39 [00:02<0

📊 Validation Results (Per Task)
------------------------------------------------------------
sentiment  | F1=0.442 | Acc=0.606 | P=0.744 | R=0.492
urgency    | F1=0.532 | Acc=0.794 | P=0.526 | R=0.545
topic      | F1=0.282 | Acc=0.432 | P=0.327 | R=0.333
action     | F1=0.223 | Acc=0.619 | P=0.198 | R=0.262
------------------------------------------------------------
✅ Overall Avg | F1=0.370 | Acc=0.613 | P=0.449 | R=0.408

✅ Epoch 25 | Loss=1.1275 | F1(avg)=0.370 | Sent=0.442 | Urg=0.532 | Top=0.282 | Act=0.223
bert_base_unfreeze0 Epoch 26/50: 100%|█| 39/39 [00:02<0

📊 Validation Results (Per Task)
------------------------------------------------------------
sentiment  | F1=0.449 | Acc=0.613 | P=0.749 | R=0.499
urgency    | F1=0.539 | Acc=0.800 | P=0.528 | R=0.553
topic      | F1=0.297 | Acc=0.445 | P=0.332 | R=0.345
action     | F1=0.226 | Acc=0.626 | P=0.197 | R=0.268
------------------------------------------------------------
✅ Overall Avg | F1=0.378 | Acc=0.621 | P=0.451 | R=0.416

✅ Epoch 26 | Loss=1.1177 | F1(avg)=0.378 | Sent=0.449 | Urg=0.539 | Top=0.297 | Act=0.226
bert_base_unfreeze0 Epoch 27/50: 100%|█| 39/39 [00:02<0

📊 Validation Results (Per Task)
------------------------------------------------------------
sentiment  | F1=0.455 | Acc=0.619 | P=0.750 | R=0.506
urgency    | F1=0.549 | Acc=0.813 | P=0.536 | R=0.565
topic      | F1=0.295 | Acc=0.445 | P=0.321 | R=0.345
action     | F1=0.226 | Acc=0.626 | P=0.197 | R=0.268
------------------------------------------------------------
✅ Overall Avg | F1=0.381 | Acc=0.626 | P=0.451 | R=0.421

✅ Epoch 27 | Loss=1.1147 | F1(avg)=0.381 | Sent=0.455 | Urg=0.549 | Top=0.295 | Act=0.226
bert_base_unfreeze0 Epoch 28/50: 100%|█| 39/39 [00:02<0

📊 Validation Results (Per Task)
------------------------------------------------------------
sentiment  | F1=0.502 | Acc=0.665 | P=0.779 | R=0.555
urgency    | F1=0.555 | Acc=0.819 | P=0.541 | R=0.571
topic      | F1=0.325 | Acc=0.458 | P=0.465 | R=0.361
action     | F1=0.234 | Acc=0.639 | P=0.202 | R=0.280
------------------------------------------------------------
✅ Overall Avg | F1=0.404 | Acc=0.645 | P=0.497 | R=0.442

✅ Epoch 28 | Loss=1.1050 | F1(avg)=0.404 | Sent=0.502 | Urg=0.555 | Top=0.325 | Act=0.234
bert_base_unfreeze0 Epoch 29/50: 100%|█| 39/39 [00:02<0

📊 Validation Results (Per Task)
------------------------------------------------------------
sentiment  | F1=0.508 | Acc=0.671 | P=0.783 | R=0.562
urgency    | F1=0.560 | Acc=0.826 | P=0.545 | R=0.577
topic      | F1=0.325 | Acc=0.458 | P=0.465 | R=0.361
action     | F1=0.234 | Acc=0.639 | P=0.202 | R=0.280
------------------------------------------------------------
✅ Overall Avg | F1=0.407 | Acc=0.648 | P=0.499 | R=0.445

✅ Epoch 29 | Loss=1.0937 | F1(avg)=0.407 | Sent=0.508 | Urg=0.560 | Top=0.325 | Act=0.234
bert_base_unfreeze0 Epoch 30/50: 100%|█| 39/39 [00:02<0

📊 Validation Results (Per Task)
------------------------------------------------------------
sentiment  | F1=0.513 | Acc=0.677 | P=0.785 | R=0.570
urgency    | F1=0.560 | Acc=0.826 | P=0.545 | R=0.577
topic      | F1=0.328 | Acc=0.465 | P=0.460 | R=0.369
action     | F1=0.237 | Acc=0.645 | P=0.203 | R=0.286
------------------------------------------------------------
✅ Overall Avg | F1=0.410 | Acc=0.653 | P=0.498 | R=0.450

✅ Epoch 30 | Loss=1.0856 | F1(avg)=0.410 | Sent=0.513 | Urg=0.560 | Top=0.328 | Act=0.237
bert_base_unfreeze0 Epoch 31/50: 100%|█| 39/39 [00:02<0

📊 Validation Results (Per Task)
------------------------------------------------------------
sentiment  | F1=0.532 | Acc=0.684 | P=0.787 | R=0.579
urgency    | F1=0.580 | Acc=0.852 | P=0.561 | R=0.600
topic      | F1=0.326 | Acc=0.465 | P=0.453 | R=0.369
action     | F1=0.241 | Acc=0.652 | P=0.206 | R=0.292
------------------------------------------------------------
✅ Overall Avg | F1=0.420 | Acc=0.663 | P=0.502 | R=0.460

✅ Epoch 31 | Loss=1.0706 | F1(avg)=0.420 | Sent=0.532 | Urg=0.580 | Top=0.326 | Act=0.241
bert_base_unfreeze0 Epoch 32/50: 100%|█| 39/39 [00:02<0

📊 Validation Results (Per Task)
------------------------------------------------------------
sentiment  | F1=0.532 | Acc=0.684 | P=0.787 | R=0.579
urgency    | F1=0.580 | Acc=0.852 | P=0.561 | R=0.600
topic      | F1=0.336 | Acc=0.477 | P=0.457 | R=0.380
action     | F1=0.241 | Acc=0.652 | P=0.206 | R=0.292
------------------------------------------------------------
✅ Overall Avg | F1=0.422 | Acc=0.666 | P=0.503 | R=0.463

✅ Epoch 32 | Loss=1.0734 | F1(avg)=0.422 | Sent=0.532 | Urg=0.580 | Top=0.336 | Act=0.241
bert_base_unfreeze0 Epoch 33/50: 100%|█| 39/39 [00:02<0

📊 Validation Results (Per Task)
------------------------------------------------------------
sentiment  | F1=0.549 | Acc=0.690 | P=0.789 | R=0.588
urgency    | F1=0.585 | Acc=0.858 | P=0.566 | R=0.606
topic      | F1=0.335 | Acc=0.477 | P=0.452 | R=0.380
action     | F1=0.245 | Acc=0.658 | P=0.208 | R=0.298
------------------------------------------------------------
✅ Overall Avg | F1=0.428 | Acc=0.671 | P=0.503 | R=0.468

✅ Epoch 33 | Loss=1.0619 | F1(avg)=0.428 | Sent=0.549 | Urg=0.585 | Top=0.335 | Act=0.245
bert_base_unfreeze0 Epoch 34/50: 100%|█| 39/39 [00:02<0

📊 Validation Results (Per Task)
------------------------------------------------------------
sentiment  | F1=0.556 | Acc=0.697 | P=0.793 | R=0.595
urgency    | F1=0.581 | Acc=0.852 | P=0.561 | R=0.603
topic      | F1=0.334 | Acc=0.477 | P=0.451 | R=0.380
action     | F1=0.245 | Acc=0.658 | P=0.208 | R=0.298
------------------------------------------------------------
✅ Overall Avg | F1=0.429 | Acc=0.671 | P=0.503 | R=0.469

✅ Epoch 34 | Loss=1.0545 | F1(avg)=0.429 | Sent=0.556 | Urg=0.581 | Top=0.334 | Act=0.245
bert_base_unfreeze0 Epoch 35/50: 100%|█| 39/39 [00:02<0

📊 Validation Results (Per Task)
------------------------------------------------------------
sentiment  | F1=0.584 | Acc=0.716 | P=0.802 | R=0.619
urgency    | F1=0.581 | Acc=0.852 | P=0.561 | R=0.603
topic      | F1=0.359 | Acc=0.497 | P=0.456 | R=0.402
action     | F1=0.245 | Acc=0.658 | P=0.208 | R=0.298
------------------------------------------------------------
✅ Overall Avg | F1=0.442 | Acc=0.681 | P=0.507 | R=0.480

✅ Epoch 35 | Loss=1.0486 | F1(avg)=0.442 | Sent=0.584 | Urg=0.581 | Top=0.359 | Act=0.245
bert_base_unfreeze0 Epoch 36/50: 100%|█| 39/39 [00:02<0

📊 Validation Results (Per Task)
------------------------------------------------------------
sentiment  | F1=0.590 | Acc=0.723 | P=0.807 | R=0.626
urgency    | F1=0.581 | Acc=0.852 | P=0.561 | R=0.603
topic      | F1=0.371 | Acc=0.503 | P=0.458 | R=0.410
action     | F1=0.249 | Acc=0.665 | P=0.210 | R=0.304
------------------------------------------------------------
✅ Overall Avg | F1=0.448 | Acc=0.685 | P=0.509 | R=0.485

✅ Epoch 36 | Loss=1.0470 | F1(avg)=0.448 | Sent=0.590 | Urg=0.581 | Top=0.371 | Act=0.249
bert_base_unfreeze0 Epoch 37/50: 100%|█| 39/39 [00:02<0

📊 Validation Results (Per Task)
------------------------------------------------------------
sentiment  | F1=0.589 | Acc=0.723 | P=0.805 | R=0.626
urgency    | F1=0.581 | Acc=0.852 | P=0.561 | R=0.603
topic      | F1=0.377 | Acc=0.510 | P=0.460 | R=0.415
action     | F1=0.249 | Acc=0.665 | P=0.210 | R=0.304
------------------------------------------------------------
✅ Overall Avg | F1=0.449 | Acc=0.687 | P=0.509 | R=0.487

✅ Epoch 37 | Loss=1.0414 | F1(avg)=0.449 | Sent=0.589 | Urg=0.581 | Top=0.377 | Act=0.249
bert_base_unfreeze0 Epoch 38/50: 100%|█| 39/39 [00:02<0

📊 Validation Results (Per Task)
------------------------------------------------------------
sentiment  | F1=0.611 | Acc=0.735 | P=0.812 | R=0.642
urgency    | F1=0.581 | Acc=0.852 | P=0.561 | R=0.603
topic      | F1=0.383 | Acc=0.516 | P=0.460 | R=0.421
action     | F1=0.249 | Acc=0.665 | P=0.210 | R=0.304
------------------------------------------------------------
✅ Overall Avg | F1=0.456 | Acc=0.692 | P=0.511 | R=0.492

✅ Epoch 38 | Loss=1.0317 | F1(avg)=0.456 | Sent=0.611 | Urg=0.581 | Top=0.383 | Act=0.249
bert_base_unfreeze0 Epoch 39/50: 100%|█| 39/39 [00:02<0

📊 Validation Results (Per Task)
------------------------------------------------------------
sentiment  | F1=0.611 | Acc=0.735 | P=0.812 | R=0.642
urgency    | F1=0.581 | Acc=0.852 | P=0.561 | R=0.603
topic      | F1=0.380 | Acc=0.510 | P=0.456 | R=0.418
action     | F1=0.252 | Acc=0.671 | P=0.213 | R=0.310
------------------------------------------------------------
✅ Overall Avg | F1=0.456 | Acc=0.692 | P=0.511 | R=0.493

✅ Epoch 39 | Loss=1.0281 | F1(avg)=0.456 | Sent=0.611 | Urg=0.581 | Top=0.380 | Act=0.252
bert_base_unfreeze0 Epoch 40/50: 100%|█| 39/39 [00:02<0

📊 Validation Results (Per Task)
------------------------------------------------------------
sentiment  | F1=0.611 | Acc=0.735 | P=0.812 | R=0.642
urgency    | F1=0.581 | Acc=0.852 | P=0.561 | R=0.603
topic      | F1=0.379 | Acc=0.510 | P=0.453 | R=0.418
action     | F1=0.252 | Acc=0.671 | P=0.213 | R=0.310
------------------------------------------------------------
✅ Overall Avg | F1=0.456 | Acc=0.692 | P=0.510 | R=0.493

✅ Epoch 40 | Loss=1.0258 | F1(avg)=0.456 | Sent=0.611 | Urg=0.581 | Top=0.379 | Act=0.252
bert_base_unfreeze0 Epoch 41/50: 100%|█| 39/39 [00:02<0

📊 Validation Results (Per Task)
------------------------------------------------------------
sentiment  | F1=0.611 | Acc=0.735 | P=0.812 | R=0.642
urgency    | F1=0.581 | Acc=0.852 | P=0.561 | R=0.603
topic      | F1=0.382 | Acc=0.516 | P=0.456 | R=0.421
action     | F1=0.252 | Acc=0.671 | P=0.213 | R=0.310
------------------------------------------------------------
✅ Overall Avg | F1=0.457 | Acc=0.694 | P=0.510 | R=0.494

✅ Epoch 41 | Loss=1.0270 | F1(avg)=0.457 | Sent=0.611 | Urg=0.581 | Top=0.382 | Act=0.252
bert_base_unfreeze0 Epoch 42/50: 100%|█| 39/39 [00:02<0

📊 Validation Results (Per Task)
------------------------------------------------------------
sentiment  | F1=0.611 | Acc=0.735 | P=0.812 | R=0.642
urgency    | F1=0.581 | Acc=0.852 | P=0.561 | R=0.603
topic      | F1=0.385 | Acc=0.516 | P=0.458 | R=0.424
action     | F1=0.252 | Acc=0.671 | P=0.213 | R=0.310
------------------------------------------------------------
✅ Overall Avg | F1=0.457 | Acc=0.694 | P=0.511 | R=0.495

✅ Epoch 42 | Loss=1.0219 | F1(avg)=0.457 | Sent=0.611 | Urg=0.581 | Top=0.385 | Act=0.252
bert_base_unfreeze0 Epoch 43/50: 100%|█| 39/39 [00:02<0

📊 Validation Results (Per Task)
------------------------------------------------------------
sentiment  | F1=0.611 | Acc=0.735 | P=0.812 | R=0.642
urgency    | F1=0.581 | Acc=0.852 | P=0.561 | R=0.603
topic      | F1=0.383 | Acc=0.516 | P=0.453 | R=0.424
action     | F1=0.252 | Acc=0.671 | P=0.212 | R=0.310
------------------------------------------------------------
✅ Overall Avg | F1=0.457 | Acc=0.694 | P=0.509 | R=0.495

✅ Epoch 43 | Loss=1.0196 | F1(avg)=0.457 | Sent=0.611 | Urg=0.581 | Top=0.383 | Act=0.252
bert_base_unfreeze0 Epoch 44/50: 100%|█| 39/39 [00:02<0

📊 Validation Results (Per Task)
------------------------------------------------------------
sentiment  | F1=0.611 | Acc=0.735 | P=0.812 | R=0.642
urgency    | F1=0.581 | Acc=0.852 | P=0.561 | R=0.603
topic      | F1=0.407 | Acc=0.529 | P=0.458 | R=0.440
action     | F1=0.252 | Acc=0.671 | P=0.212 | R=0.310
------------------------------------------------------------
✅ Overall Avg | F1=0.463 | Acc=0.697 | P=0.511 | R=0.498

✅ Epoch 44 | Loss=1.0186 | F1(avg)=0.463 | Sent=0.611 | Urg=0.581 | Top=0.407 | Act=0.252
bert_base_unfreeze0 Epoch 45/50: 100%|█| 39/39 [00:02<0

📊 Validation Results (Per Task)
------------------------------------------------------------
sentiment  | F1=0.611 | Acc=0.735 | P=0.812 | R=0.642
urgency    | F1=0.581 | Acc=0.852 | P=0.561 | R=0.603
topic      | F1=0.407 | Acc=0.529 | P=0.458 | R=0.440
action     | F1=0.252 | Acc=0.671 | P=0.212 | R=0.310
------------------------------------------------------------
✅ Overall Avg | F1=0.463 | Acc=0.697 | P=0.511 | R=0.498

✅ Epoch 45 | Loss=1.0204 | F1(avg)=0.463 | Sent=0.611 | Urg=0.581 | Top=0.407 | Act=0.252
bert_base_unfreeze0 Epoch 46/50: 100%|█| 39/39 [00:02<0

📊 Validation Results (Per Task)
------------------------------------------------------------
sentiment  | F1=0.611 | Acc=0.735 | P=0.812 | R=0.642
urgency    | F1=0.581 | Acc=0.852 | P=0.561 | R=0.603
topic      | F1=0.407 | Acc=0.529 | P=0.458 | R=0.440
action     | F1=0.252 | Acc=0.671 | P=0.212 | R=0.310
------------------------------------------------------------
✅ Overall Avg | F1=0.463 | Acc=0.697 | P=0.511 | R=0.498

✅ Epoch 46 | Loss=1.0052 | F1(avg)=0.463 | Sent=0.611 | Urg=0.581 | Top=0.407 | Act=0.252
bert_base_unfreeze0 Epoch 47/50: 100%|█| 39/39 [00:02<0

📊 Validation Results (Per Task)
------------------------------------------------------------
sentiment  | F1=0.611 | Acc=0.735 | P=0.812 | R=0.642
urgency    | F1=0.581 | Acc=0.852 | P=0.561 | R=0.603
topic      | F1=0.406 | Acc=0.529 | P=0.455 | R=0.440
action     | F1=0.252 | Acc=0.671 | P=0.212 | R=0.310
------------------------------------------------------------
✅ Overall Avg | F1=0.462 | Acc=0.697 | P=0.510 | R=0.498

✅ Epoch 47 | Loss=1.0024 | F1(avg)=0.462 | Sent=0.611 | Urg=0.581 | Top=0.406 | Act=0.252
bert_base_unfreeze0 Epoch 48/50: 100%|█| 39/39 [00:02<0

📊 Validation Results (Per Task)
------------------------------------------------------------
sentiment  | F1=0.611 | Acc=0.735 | P=0.812 | R=0.642
urgency    | F1=0.580 | Acc=0.852 | P=0.560 | R=0.603
topic      | F1=0.406 | Acc=0.529 | P=0.455 | R=0.440
action     | F1=0.252 | Acc=0.671 | P=0.212 | R=0.310
------------------------------------------------------------
✅ Overall Avg | F1=0.462 | Acc=0.697 | P=0.510 | R=0.498

✅ Epoch 48 | Loss=1.0068 | F1(avg)=0.462 | Sent=0.611 | Urg=0.580 | Top=0.406 | Act=0.252
bert_base_unfreeze0 Epoch 49/50: 100%|█| 39/39 [00:02<0

📊 Validation Results (Per Task)
------------------------------------------------------------
sentiment  | F1=0.627 | Acc=0.742 | P=0.814 | R=0.651
urgency    | F1=0.580 | Acc=0.852 | P=0.560 | R=0.603
topic      | F1=0.406 | Acc=0.529 | P=0.455 | R=0.440
action     | F1=0.252 | Acc=0.671 | P=0.212 | R=0.310
------------------------------------------------------------
✅ Overall Avg | F1=0.466 | Acc=0.698 | P=0.510 | R=0.501

✅ Epoch 49 | Loss=1.0072 | F1(avg)=0.466 | Sent=0.627 | Urg=0.580 | Top=0.406 | Act=0.252
bert_base_unfreeze0 Epoch 50/50: 100%|█| 39/39 [00:02<0

📊 Validation Results (Per Task)
------------------------------------------------------------
sentiment  | F1=0.627 | Acc=0.742 | P=0.814 | R=0.651
urgency    | F1=0.580 | Acc=0.852 | P=0.560 | R=0.603
topic      | F1=0.406 | Acc=0.529 | P=0.455 | R=0.440
action     | F1=0.252 | Acc=0.671 | P=0.212 | R=0.310
------------------------------------------------------------
✅ Overall Avg | F1=0.466 | Acc=0.698 | P=0.510 | R=0.501

✅ Epoch 50 | Loss=1.0107 | F1(avg)=0.466 | Sent=0.627 | Urg=0.580 | Top=0.406 | Act=0.252
