Use device:cuda
bert_base_rule_OFF Epoch 1/50: 100%|████████████████████████████████████████████| 20/20 [00:02<00:00,  8.06it/s]

📊 Validation Results (Per Task)
------------------------------------------------------------
sentiment  | F1=0.553 | Acc=0.703 | P=0.808 | R=0.600
urgency    | F1=0.452 | Acc=0.697 | P=0.456 | R=0.464
topic      | F1=0.191 | Acc=0.374 | P=0.156 | R=0.263
action     | F1=0.168 | Acc=0.535 | P=0.268 | R=0.195
------------------------------------------------------------
✅ Overall Avg | F1=0.341 | Acc=0.577 | P=0.422 | R=0.381

✅ Epoch 1 | Loss=1.3576 | F1(avg)=0.341 | Sent=0.553 | Urg=0.452 | Top=0.191 | Act=0.168
bert_base_rule_OFF Epoch 2/50: 100%|████████████████████████████████████████████| 20/20 [00:02<00:00,  8.04it/s]

📊 Validation Results (Per Task)
------------------------------------------------------------
sentiment  | F1=0.802 | Acc=0.858 | P=0.873 | R=0.803
urgency    | F1=0.565 | Acc=0.832 | P=0.547 | R=0.585
topic      | F1=0.493 | Acc=0.606 | P=0.589 | R=0.535
action     | F1=0.317 | Acc=0.697 | P=0.325 | R=0.342
------------------------------------------------------------
✅ Overall Avg | F1=0.544 | Acc=0.748 | P=0.584 | R=0.566

✅ Epoch 2 | Loss=1.0546 | F1(avg)=0.544 | Sent=0.802 | Urg=0.565 | Top=0.493 | Act=0.317
bert_base_rule_OFF Epoch 3/50: 100%|████████████████████████████████████████████| 20/20 [00:02<00:00,  8.04it/s]

📊 Validation Results (Per Task)
------------------------------------------------------------
sentiment  | F1=0.837 | Acc=0.877 | P=0.877 | R=0.833
urgency    | F1=0.599 | Acc=0.877 | P=0.578 | R=0.626
topic      | F1=0.693 | Acc=0.729 | P=0.780 | R=0.684
action     | F1=0.372 | Acc=0.755 | P=0.354 | R=0.405
------------------------------------------------------------
✅ Overall Avg | F1=0.625 | Acc=0.810 | P=0.647 | R=0.637

✅ Epoch 3 | Loss=0.8211 | F1(avg)=0.625 | Sent=0.837 | Urg=0.599 | Top=0.693 | Act=0.372
bert_base_rule_OFF Epoch 4/50: 100%|████████████████████████████████████████████| 20/20 [00:02<00:00,  8.04it/s]

📊 Validation Results (Per Task)
------------------------------------------------------------
sentiment  | F1=0.875 | Acc=0.903 | P=0.900 | R=0.870
urgency    | F1=0.672 | Acc=0.897 | P=0.925 | R=0.672
topic      | F1=0.763 | Acc=0.800 | P=0.854 | R=0.747
action     | F1=0.380 | Acc=0.768 | P=0.355 | R=0.418
------------------------------------------------------------
✅ Overall Avg | F1=0.672 | Acc=0.842 | P=0.758 | R=0.677

✅ Epoch 4 | Loss=0.6510 | F1(avg)=0.672 | Sent=0.875 | Urg=0.672 | Top=0.763 | Act=0.380
bert_base_rule_OFF Epoch 5/50: 100%|████████████████████████████████████████████| 20/20 [00:02<00:00,  8.01it/s]

📊 Validation Results (Per Task)
------------------------------------------------------------
sentiment  | F1=0.875 | Acc=0.903 | P=0.900 | R=0.870
urgency    | F1=0.652 | Acc=0.877 | P=0.695 | R=0.654
topic      | F1=0.788 | Acc=0.813 | P=0.854 | R=0.768
action     | F1=0.406 | Acc=0.781 | P=0.449 | R=0.434
------------------------------------------------------------
✅ Overall Avg | F1=0.680 | Acc=0.844 | P=0.724 | R=0.681

✅ Epoch 5 | Loss=0.5272 | F1(avg)=0.680 | Sent=0.875 | Urg=0.652 | Top=0.788 | Act=0.406
bert_base_rule_OFF Epoch 6/50: 100%|████████████████████████████████████████████| 20/20 [00:02<00:00,  8.08it/s]

📊 Validation Results (Per Task)
------------------------------------------------------------
sentiment  | F1=0.874 | Acc=0.903 | P=0.908 | R=0.868
urgency    | F1=0.664 | Acc=0.890 | P=0.757 | R=0.666
topic      | F1=0.808 | Acc=0.832 | P=0.869 | R=0.792
action     | F1=0.427 | Acc=0.794 | P=0.442 | R=0.451
------------------------------------------------------------
✅ Overall Avg | F1=0.693 | Acc=0.855 | P=0.744 | R=0.694

✅ Epoch 6 | Loss=0.4432 | F1(avg)=0.693 | Sent=0.874 | Urg=0.664 | Top=0.808 | Act=0.427
bert_base_rule_OFF Epoch 7/50: 100%|████████████████████████████████████████████| 20/20 [00:02<00:00,  8.04it/s]

📊 Validation Results (Per Task)
------------------------------------------------------------
sentiment  | F1=0.902 | Acc=0.923 | P=0.924 | R=0.896
urgency    | F1=0.713 | Acc=0.903 | P=0.770 | R=0.705
topic      | F1=0.840 | Acc=0.845 | P=0.865 | R=0.827
action     | F1=0.471 | Acc=0.813 | P=0.489 | R=0.482
------------------------------------------------------------
✅ Overall Avg | F1=0.731 | Acc=0.871 | P=0.762 | R=0.727

✅ Epoch 7 | Loss=0.3853 | F1(avg)=0.731 | Sent=0.902 | Urg=0.713 | Top=0.840 | Act=0.471
bert_base_rule_OFF Epoch 8/50: 100%|████████████████████████████████████████████| 20/20 [00:02<00:00,  8.04it/s]

📊 Validation Results (Per Task)
------------------------------------------------------------
sentiment  | F1=0.920 | Acc=0.935 | P=0.929 | R=0.916
urgency    | F1=0.611 | Acc=0.884 | P=0.595 | R=0.634
topic      | F1=0.846 | Acc=0.852 | P=0.872 | R=0.833
action     | F1=0.481 | Acc=0.819 | P=0.485 | R=0.493
------------------------------------------------------------
✅ Overall Avg | F1=0.715 | Acc=0.873 | P=0.720 | R=0.719

✅ Epoch 8 | Loss=0.3435 | F1(avg)=0.715 | Sent=0.920 | Urg=0.611 | Top=0.846 | Act=0.481
bert_base_rule_OFF Epoch 9/50: 100%|████████████████████████████████████████████| 20/20 [00:02<00:00,  8.03it/s]

📊 Validation Results (Per Task)
------------------------------------------------------------
sentiment  | F1=0.900 | Acc=0.923 | P=0.932 | R=0.894
urgency    | F1=0.737 | Acc=0.903 | P=0.753 | R=0.732
topic      | F1=0.845 | Acc=0.852 | P=0.868 | R=0.833
action     | F1=0.545 | Acc=0.832 | P=0.660 | R=0.533
------------------------------------------------------------
✅ Overall Avg | F1=0.757 | Acc=0.877 | P=0.803 | R=0.748

✅ Epoch 9 | Loss=0.2999 | F1(avg)=0.757 | Sent=0.900 | Urg=0.737 | Top=0.845 | Act=0.545
bert_base_rule_OFF Epoch 10/50: 100%|███████████████████████████████████████████| 20/20 [00:02<00:00,  8.03it/s]

📊 Validation Results (Per Task)
------------------------------------------------------------
sentiment  | F1=0.937 | Acc=0.948 | P=0.941 | R=0.935
urgency    | F1=0.720 | Acc=0.890 | P=0.721 | R=0.723
topic      | F1=0.846 | Acc=0.852 | P=0.869 | R=0.833
action     | F1=0.562 | Acc=0.839 | P=0.603 | R=0.551
------------------------------------------------------------
✅ Overall Avg | F1=0.766 | Acc=0.882 | P=0.783 | R=0.760

✅ Epoch 10 | Loss=0.2700 | F1(avg)=0.766 | Sent=0.937 | Urg=0.720 | Top=0.846 | Act=0.562
bert_base_rule_OFF Epoch 11/50: 100%|███████████████████████████████████████████| 20/20 [00:02<00:00,  8.02it/s]

📊 Validation Results (Per Task)
------------------------------------------------------------
sentiment  | F1=0.936 | Acc=0.948 | P=0.952 | R=0.931
urgency    | F1=0.795 | Acc=0.910 | P=0.800 | R=0.793
topic      | F1=0.852 | Acc=0.858 | P=0.873 | R=0.840
action     | F1=0.577 | Acc=0.852 | P=0.620 | R=0.567
------------------------------------------------------------
✅ Overall Avg | F1=0.790 | Acc=0.892 | P=0.811 | R=0.783

✅ Epoch 11 | Loss=0.2501 | F1(avg)=0.790 | Sent=0.936 | Urg=0.795 | Top=0.852 | Act=0.577
bert_base_rule_OFF Epoch 12/50: 100%|███████████████████████████████████████████| 20/20 [00:02<00:00,  8.05it/s]

📊 Validation Results (Per Task)
------------------------------------------------------------
sentiment  | F1=0.953 | Acc=0.961 | P=0.962 | R=0.949
urgency    | F1=0.779 | Acc=0.903 | P=0.770 | R=0.789
topic      | F1=0.853 | Acc=0.858 | P=0.877 | R=0.840
action     | F1=0.578 | Acc=0.852 | P=0.622 | R=0.567
------------------------------------------------------------
✅ Overall Avg | F1=0.791 | Acc=0.894 | P=0.808 | R=0.786

✅ Epoch 12 | Loss=0.2254 | F1(avg)=0.791 | Sent=0.953 | Urg=0.779 | Top=0.853 | Act=0.578
bert_base_rule_OFF Epoch 13/50: 100%|███████████████████████████████████████████| 20/20 [00:02<00:00,  8.04it/s]

📊 Validation Results (Per Task)
------------------------------------------------------------
sentiment  | F1=0.944 | Acc=0.955 | P=0.957 | R=0.940
urgency    | F1=0.790 | Acc=0.910 | P=0.786 | R=0.795
topic      | F1=0.847 | Acc=0.852 | P=0.871 | R=0.835
action     | F1=0.578 | Acc=0.852 | P=0.622 | R=0.567
------------------------------------------------------------
✅ Overall Avg | F1=0.790 | Acc=0.892 | P=0.809 | R=0.784

✅ Epoch 13 | Loss=0.2107 | F1(avg)=0.790 | Sent=0.944 | Urg=0.790 | Top=0.847 | Act=0.578
bert_base_rule_OFF Epoch 14/50: 100%|███████████████████████████████████████████| 20/20 [00:02<00:00,  8.02it/s]

📊 Validation Results (Per Task)
------------------------------------------------------------
sentiment  | F1=0.936 | Acc=0.948 | P=0.945 | R=0.933
urgency    | F1=0.790 | Acc=0.910 | P=0.786 | R=0.795
topic      | F1=0.864 | Acc=0.865 | P=0.881 | R=0.854
action     | F1=0.599 | Acc=0.865 | P=0.632 | R=0.593
------------------------------------------------------------
✅ Overall Avg | F1=0.797 | Acc=0.897 | P=0.811 | R=0.794

✅ Epoch 14 | Loss=0.1899 | F1(avg)=0.797 | Sent=0.936 | Urg=0.790 | Top=0.864 | Act=0.599
bert_base_rule_OFF Epoch 15/50: 100%|███████████████████████████████████████████| 20/20 [00:02<00:00,  8.02it/s]

📊 Validation Results (Per Task)
------------------------------------------------------------
sentiment  | F1=0.944 | Acc=0.955 | P=0.957 | R=0.940
urgency    | F1=0.750 | Acc=0.884 | P=0.737 | R=0.771
topic      | F1=0.853 | Acc=0.858 | P=0.877 | R=0.840
action     | F1=0.572 | Acc=0.845 | P=0.613 | R=0.561
------------------------------------------------------------
✅ Overall Avg | F1=0.780 | Acc=0.885 | P=0.796 | R=0.778

✅ Epoch 15 | Loss=0.1726 | F1(avg)=0.780 | Sent=0.944 | Urg=0.750 | Top=0.853 | Act=0.572
bert_base_rule_OFF Epoch 16/50: 100%|███████████████████████████████████████████| 20/20 [00:02<00:00,  8.02it/s]

📊 Validation Results (Per Task)
------------------------------------------------------------
sentiment  | F1=0.945 | Acc=0.955 | P=0.951 | R=0.942
urgency    | F1=0.739 | Acc=0.903 | P=0.754 | R=0.734
topic      | F1=0.864 | Acc=0.865 | P=0.883 | R=0.852
action     | F1=0.603 | Acc=0.871 | P=0.634 | R=0.599
------------------------------------------------------------
✅ Overall Avg | F1=0.788 | Acc=0.898 | P=0.806 | R=0.782

✅ Epoch 16 | Loss=0.1689 | F1(avg)=0.788 | Sent=0.945 | Urg=0.739 | Top=0.864 | Act=0.603
bert_base_rule_OFF Epoch 17/50: 100%|███████████████████████████████████████████| 20/20 [00:02<00:00,  8.01it/s]

📊 Validation Results (Per Task)
------------------------------------------------------------
sentiment  | F1=0.945 | Acc=0.955 | P=0.958 | R=0.940
urgency    | F1=0.779 | Acc=0.903 | P=0.770 | R=0.789
topic      | F1=0.869 | Acc=0.871 | P=0.888 | R=0.858
action     | F1=0.635 | Acc=0.871 | P=0.662 | R=0.626
------------------------------------------------------------
✅ Overall Avg | F1=0.807 | Acc=0.900 | P=0.819 | R=0.803

✅ Epoch 17 | Loss=0.1557 | F1(avg)=0.807 | Sent=0.945 | Urg=0.779 | Top=0.869 | Act=0.635
bert_base_rule_OFF Epoch 18/50: 100%|███████████████████████████████████████████| 20/20 [00:02<00:00,  8.00it/s]

📊 Validation Results (Per Task)
------------------------------------------------------------
sentiment  | F1=0.945 | Acc=0.955 | P=0.951 | R=0.942
urgency    | F1=0.758 | Acc=0.890 | P=0.746 | R=0.777
topic      | F1=0.858 | Acc=0.858 | P=0.876 | R=0.847
action     | F1=0.618 | Acc=0.858 | P=0.650 | R=0.605
------------------------------------------------------------
✅ Overall Avg | F1=0.795 | Acc=0.890 | P=0.806 | R=0.793

✅ Epoch 18 | Loss=0.1451 | F1(avg)=0.795 | Sent=0.945 | Urg=0.758 | Top=0.858 | Act=0.618
bert_base_rule_OFF Epoch 19/50: 100%|███████████████████████████████████████████| 20/20 [00:02<00:00,  8.04it/s]

📊 Validation Results (Per Task)
------------------------------------------------------------
sentiment  | F1=0.944 | Acc=0.955 | P=0.957 | R=0.940
urgency    | F1=0.784 | Acc=0.910 | P=0.776 | R=0.795
topic      | F1=0.870 | Acc=0.871 | P=0.879 | R=0.867
action     | F1=0.640 | Acc=0.877 | P=0.663 | R=0.633
------------------------------------------------------------
✅ Overall Avg | F1=0.810 | Acc=0.903 | P=0.819 | R=0.809

✅ Epoch 19 | Loss=0.1337 | F1(avg)=0.810 | Sent=0.944 | Urg=0.784 | Top=0.870 | Act=0.640
bert_base_rule_OFF Epoch 20/50: 100%|███████████████████████████████████████████| 20/20 [00:02<00:00,  8.01it/s]

📊 Validation Results (Per Task)
------------------------------------------------------------
sentiment  | F1=0.944 | Acc=0.955 | P=0.957 | R=0.940
urgency    | F1=0.772 | Acc=0.910 | P=0.782 | R=0.768
topic      | F1=0.881 | Acc=0.877 | P=0.894 | R=0.874
action     | F1=0.644 | Acc=0.877 | P=0.671 | R=0.633
------------------------------------------------------------
✅ Overall Avg | F1=0.810 | Acc=0.905 | P=0.826 | R=0.803

✅ Epoch 20 | Loss=0.1317 | F1(avg)=0.810 | Sent=0.944 | Urg=0.772 | Top=0.881 | Act=0.644
bert_base_rule_OFF Epoch 21/50: 100%|███████████████████████████████████████████| 20/20 [00:02<00:00,  8.01it/s]

📊 Validation Results (Per Task)
------------------------------------------------------------
sentiment  | F1=0.928 | Acc=0.942 | P=0.940 | R=0.923
urgency    | F1=0.779 | Acc=0.903 | P=0.770 | R=0.789
topic      | F1=0.887 | Acc=0.884 | P=0.899 | R=0.880
action     | F1=0.644 | Acc=0.877 | P=0.671 | R=0.633
------------------------------------------------------------
✅ Overall Avg | F1=0.810 | Acc=0.902 | P=0.820 | R=0.806

✅ Epoch 21 | Loss=0.1216 | F1(avg)=0.810 | Sent=0.928 | Urg=0.779 | Top=0.887 | Act=0.644
bert_base_rule_OFF Epoch 22/50: 100%|███████████████████████████████████████████| 20/20 [00:02<00:00,  8.00it/s]

📊 Validation Results (Per Task)
------------------------------------------------------------
sentiment  | F1=0.936 | Acc=0.948 | P=0.952 | R=0.931
urgency    | F1=0.732 | Acc=0.884 | P=0.724 | R=0.744
topic      | F1=0.876 | Acc=0.877 | P=0.883 | R=0.875
action     | F1=0.673 | Acc=0.884 | P=0.687 | R=0.666
------------------------------------------------------------
✅ Overall Avg | F1=0.804 | Acc=0.898 | P=0.811 | R=0.804

✅ Epoch 22 | Loss=0.1159 | F1(avg)=0.804 | Sent=0.936 | Urg=0.732 | Top=0.876 | Act=0.673
bert_base_rule_OFF Epoch 23/50: 100%|███████████████████████████████████████████| 20/20 [00:02<00:00,  7.99it/s]

📊 Validation Results (Per Task)
------------------------------------------------------------
sentiment  | F1=0.945 | Acc=0.955 | P=0.951 | R=0.942
urgency    | F1=0.760 | Acc=0.910 | P=0.757 | R=0.763
topic      | F1=0.887 | Acc=0.884 | P=0.899 | R=0.881
action     | F1=0.656 | Acc=0.890 | P=0.681 | R=0.645
------------------------------------------------------------
✅ Overall Avg | F1=0.812 | Acc=0.910 | P=0.822 | R=0.808

✅ Epoch 23 | Loss=0.1074 | F1(avg)=0.812 | Sent=0.945 | Urg=0.760 | Top=0.887 | Act=0.656
bert_base_rule_OFF Epoch 24/50: 100%|███████████████████████████████████████████| 20/20 [00:02<00:00,  8.00it/s]

📊 Validation Results (Per Task)
------------------------------------------------------------
sentiment  | F1=0.944 | Acc=0.955 | P=0.957 | R=0.940
urgency    | F1=0.745 | Acc=0.884 | P=0.732 | R=0.769
topic      | F1=0.887 | Acc=0.884 | P=0.898 | R=0.881
action     | F1=0.653 | Acc=0.884 | P=0.677 | R=0.643
------------------------------------------------------------
✅ Overall Avg | F1=0.807 | Acc=0.902 | P=0.816 | R=0.808

✅ Epoch 24 | Loss=0.1044 | F1(avg)=0.807 | Sent=0.944 | Urg=0.745 | Top=0.887 | Act=0.653
bert_base_rule_OFF Epoch 25/50: 100%|███████████████████████████████████████████| 20/20 [00:02<00:00,  8.00it/s]

📊 Validation Results (Per Task)
------------------------------------------------------------
sentiment  | F1=0.944 | Acc=0.955 | P=0.957 | R=0.940
urgency    | F1=0.788 | Acc=0.916 | P=0.780 | R=0.797
topic      | F1=0.869 | Acc=0.865 | P=0.885 | R=0.859
action     | F1=0.649 | Acc=0.884 | P=0.673 | R=0.639
------------------------------------------------------------
✅ Overall Avg | F1=0.812 | Acc=0.905 | P=0.824 | R=0.809

✅ Epoch 25 | Loss=0.1025 | F1(avg)=0.812 | Sent=0.944 | Urg=0.788 | Top=0.869 | Act=0.649
bert_base_rule_OFF Epoch 26/50: 100%|███████████████████████████████████████████| 20/20 [00:02<00:00,  8.04it/s]

📊 Validation Results (Per Task)
------------------------------------------------------------
sentiment  | F1=0.928 | Acc=0.942 | P=0.940 | R=0.923
urgency    | F1=0.763 | Acc=0.897 | P=0.751 | R=0.781
topic      | F1=0.883 | Acc=0.884 | P=0.888 | R=0.881
action     | F1=0.681 | Acc=0.890 | P=0.693 | R=0.676
------------------------------------------------------------
✅ Overall Avg | F1=0.814 | Acc=0.903 | P=0.818 | R=0.816

✅ Epoch 26 | Loss=0.0969 | F1(avg)=0.814 | Sent=0.928 | Urg=0.763 | Top=0.883 | Act=0.681
bert_base_rule_OFF Epoch 27/50: 100%|███████████████████████████████████████████| 20/20 [00:02<00:00,  8.02it/s]

📊 Validation Results (Per Task)
------------------------------------------------------------
sentiment  | F1=0.936 | Acc=0.948 | P=0.945 | R=0.933
urgency    | F1=0.772 | Acc=0.903 | P=0.761 | R=0.785
topic      | F1=0.876 | Acc=0.877 | P=0.883 | R=0.875
action     | F1=0.653 | Acc=0.884 | P=0.677 | R=0.643
------------------------------------------------------------
✅ Overall Avg | F1=0.809 | Acc=0.903 | P=0.817 | R=0.809

✅ Epoch 27 | Loss=0.0962 | F1(avg)=0.809 | Sent=0.936 | Urg=0.772 | Top=0.876 | Act=0.653
bert_base_rule_OFF Epoch 28/50: 100%|███████████████████████████████████████████| 20/20 [00:02<00:00,  8.01it/s]

📊 Validation Results (Per Task)
------------------------------------------------------------
sentiment  | F1=0.944 | Acc=0.955 | P=0.957 | R=0.940
urgency    | F1=0.783 | Acc=0.910 | P=0.775 | R=0.793
topic      | F1=0.882 | Acc=0.877 | P=0.895 | R=0.875
action     | F1=0.686 | Acc=0.897 | P=0.694 | R=0.683
------------------------------------------------------------
✅ Overall Avg | F1=0.824 | Acc=0.910 | P=0.830 | R=0.823

✅ Epoch 28 | Loss=0.0898 | F1(avg)=0.824 | Sent=0.944 | Urg=0.783 | Top=0.882 | Act=0.686
bert_base_rule_OFF Epoch 29/50: 100%|███████████████████████████████████████████| 20/20 [00:02<00:00,  8.02it/s]

📊 Validation Results (Per Task)
------------------------------------------------------------
sentiment  | F1=0.944 | Acc=0.955 | P=0.957 | R=0.940
urgency    | F1=0.754 | Acc=0.890 | P=0.741 | R=0.775
topic      | F1=0.883 | Acc=0.884 | P=0.888 | R=0.881
action     | F1=0.681 | Acc=0.890 | P=0.693 | R=0.676
------------------------------------------------------------
✅ Overall Avg | F1=0.816 | Acc=0.905 | P=0.820 | R=0.818

✅ Epoch 29 | Loss=0.0843 | F1(avg)=0.816 | Sent=0.944 | Urg=0.754 | Top=0.883 | Act=0.681
bert_base_rule_OFF Epoch 30/50: 100%|███████████████████████████████████████████| 20/20 [00:02<00:00,  8.02it/s]

📊 Validation Results (Per Task)
------------------------------------------------------------
sentiment  | F1=0.944 | Acc=0.955 | P=0.957 | R=0.940
urgency    | F1=0.762 | Acc=0.897 | P=0.750 | R=0.779
topic      | F1=0.882 | Acc=0.877 | P=0.895 | R=0.875
action     | F1=0.678 | Acc=0.890 | P=0.686 | R=0.677
------------------------------------------------------------
✅ Overall Avg | F1=0.816 | Acc=0.905 | P=0.822 | R=0.818

✅ Epoch 30 | Loss=0.0799 | F1(avg)=0.816 | Sent=0.944 | Urg=0.762 | Top=0.882 | Act=0.678
bert_base_rule_OFF Epoch 31/50: 100%|███████████████████████████████████████████| 20/20 [00:02<00:00,  8.01it/s]

📊 Validation Results (Per Task)
------------------------------------------------------------
sentiment  | F1=0.936 | Acc=0.948 | P=0.945 | R=0.933
urgency    | F1=0.745 | Acc=0.884 | P=0.732 | R=0.769
topic      | F1=0.882 | Acc=0.877 | P=0.895 | R=0.875
action     | F1=0.686 | Acc=0.897 | P=0.694 | R=0.683
------------------------------------------------------------
✅ Overall Avg | F1=0.812 | Acc=0.902 | P=0.817 | R=0.815

✅ Epoch 31 | Loss=0.0796 | F1(avg)=0.812 | Sent=0.936 | Urg=0.745 | Top=0.882 | Act=0.686
bert_base_rule_OFF Epoch 32/50: 100%|███████████████████████████████████████████| 20/20 [00:02<00:00,  8.02it/s]

📊 Validation Results (Per Task)
------------------------------------------------------------
sentiment  | F1=0.944 | Acc=0.955 | P=0.957 | R=0.940
urgency    | F1=0.745 | Acc=0.884 | P=0.732 | R=0.769
topic      | F1=0.875 | Acc=0.871 | P=0.890 | R=0.867
action     | F1=0.678 | Acc=0.890 | P=0.686 | R=0.677
------------------------------------------------------------
✅ Overall Avg | F1=0.811 | Acc=0.900 | P=0.816 | R=0.813

✅ Epoch 32 | Loss=0.0757 | F1(avg)=0.811 | Sent=0.944 | Urg=0.745 | Top=0.875 | Act=0.678
bert_base_rule_OFF Epoch 33/50: 100%|███████████████████████████████████████████| 20/20 [00:02<00:00,  8.05it/s]

📊 Validation Results (Per Task)
------------------------------------------------------------
sentiment  | F1=0.946 | Acc=0.955 | P=0.952 | R=0.942
urgency    | F1=0.745 | Acc=0.884 | P=0.732 | R=0.769
topic      | F1=0.882 | Acc=0.877 | P=0.895 | R=0.874
action     | F1=0.674 | Acc=0.884 | P=0.684 | R=0.670
------------------------------------------------------------
✅ Overall Avg | F1=0.812 | Acc=0.900 | P=0.816 | R=0.814

✅ Epoch 33 | Loss=0.0774 | F1(avg)=0.812 | Sent=0.946 | Urg=0.745 | Top=0.882 | Act=0.674
bert_base_rule_OFF Epoch 34/50: 100%|███████████████████████████████████████████| 20/20 [00:02<00:00,  8.02it/s]

📊 Validation Results (Per Task)
------------------------------------------------------------
sentiment  | F1=0.936 | Acc=0.948 | P=0.945 | R=0.933
urgency    | F1=0.752 | Acc=0.890 | P=0.740 | R=0.773
topic      | F1=0.882 | Acc=0.877 | P=0.895 | R=0.875
action     | F1=0.678 | Acc=0.890 | P=0.686 | R=0.677
------------------------------------------------------------
✅ Overall Avg | F1=0.812 | Acc=0.902 | P=0.816 | R=0.814

✅ Epoch 34 | Loss=0.0747 | F1(avg)=0.812 | Sent=0.936 | Urg=0.752 | Top=0.882 | Act=0.678
bert_base_rule_OFF Epoch 35/50: 100%|███████████████████████████████████████████| 20/20 [00:02<00:00,  8.01it/s]

📊 Validation Results (Per Task)
------------------------------------------------------------
sentiment  | F1=0.936 | Acc=0.948 | P=0.952 | R=0.931
urgency    | F1=0.752 | Acc=0.890 | P=0.740 | R=0.773
topic      | F1=0.882 | Acc=0.877 | P=0.895 | R=0.875
action     | F1=0.678 | Acc=0.890 | P=0.686 | R=0.677
------------------------------------------------------------
✅ Overall Avg | F1=0.812 | Acc=0.902 | P=0.818 | R=0.814

✅ Epoch 35 | Loss=0.0712 | F1(avg)=0.812 | Sent=0.936 | Urg=0.752 | Top=0.882 | Act=0.678
bert_base_rule_OFF Epoch 36/50: 100%|███████████████████████████████████████████| 20/20 [00:02<00:00,  8.02it/s]

📊 Validation Results (Per Task)
------------------------------------------------------------
sentiment  | F1=0.928 | Acc=0.942 | P=0.940 | R=0.923
urgency    | F1=0.762 | Acc=0.897 | P=0.750 | R=0.779
topic      | F1=0.882 | Acc=0.877 | P=0.895 | R=0.875
action     | F1=0.686 | Acc=0.897 | P=0.694 | R=0.683
------------------------------------------------------------
✅ Overall Avg | F1=0.814 | Acc=0.903 | P=0.820 | R=0.815

✅ Epoch 36 | Loss=0.0701 | F1(avg)=0.814 | Sent=0.928 | Urg=0.762 | Top=0.882 | Act=0.686
bert_base_rule_OFF Epoch 37/50: 100%|███████████████████████████████████████████| 20/20 [00:02<00:00,  8.02it/s]

📊 Validation Results (Per Task)
------------------------------------------------------------
sentiment  | F1=0.944 | Acc=0.955 | P=0.957 | R=0.940
urgency    | F1=0.752 | Acc=0.890 | P=0.740 | R=0.773
topic      | F1=0.882 | Acc=0.877 | P=0.895 | R=0.875
action     | F1=0.678 | Acc=0.890 | P=0.686 | R=0.677
------------------------------------------------------------
✅ Overall Avg | F1=0.814 | Acc=0.903 | P=0.819 | R=0.816

✅ Epoch 37 | Loss=0.0684 | F1(avg)=0.814 | Sent=0.944 | Urg=0.752 | Top=0.882 | Act=0.678
bert_base_rule_OFF Epoch 38/50: 100%|███████████████████████████████████████████| 20/20 [00:02<00:00,  8.02it/s]

📊 Validation Results (Per Task)
------------------------------------------------------------
sentiment  | F1=0.946 | Acc=0.955 | P=0.952 | R=0.942
urgency    | F1=0.762 | Acc=0.897 | P=0.750 | R=0.779
topic      | F1=0.882 | Acc=0.877 | P=0.895 | R=0.875
action     | F1=0.678 | Acc=0.890 | P=0.686 | R=0.677
------------------------------------------------------------
✅ Overall Avg | F1=0.817 | Acc=0.905 | P=0.821 | R=0.818

✅ Epoch 38 | Loss=0.0667 | F1(avg)=0.817 | Sent=0.946 | Urg=0.762 | Top=0.882 | Act=0.678
bert_base_rule_OFF Epoch 39/50: 100%|███████████████████████████████████████████| 20/20 [00:02<00:00,  8.04it/s]

📊 Validation Results (Per Task)
------------------------------------------------------------
sentiment  | F1=0.946 | Acc=0.955 | P=0.952 | R=0.942
urgency    | F1=0.752 | Acc=0.890 | P=0.741 | R=0.771
topic      | F1=0.888 | Acc=0.884 | P=0.899 | R=0.881
action     | F1=0.674 | Acc=0.884 | P=0.684 | R=0.670
------------------------------------------------------------
✅ Overall Avg | F1=0.815 | Acc=0.903 | P=0.819 | R=0.816

✅ Epoch 39 | Loss=0.0678 | F1(avg)=0.815 | Sent=0.946 | Urg=0.752 | Top=0.888 | Act=0.674
bert_base_rule_OFF Epoch 40/50: 100%|███████████████████████████████████████████| 20/20 [00:02<00:00,  8.04it/s]

📊 Validation Results (Per Task)
------------------------------------------------------------
sentiment  | F1=0.945 | Acc=0.955 | P=0.951 | R=0.942
urgency    | F1=0.762 | Acc=0.897 | P=0.750 | R=0.779
topic      | F1=0.882 | Acc=0.877 | P=0.895 | R=0.875
action     | F1=0.678 | Acc=0.890 | P=0.686 | R=0.677
------------------------------------------------------------
✅ Overall Avg | F1=0.817 | Acc=0.905 | P=0.820 | R=0.818

✅ Epoch 40 | Loss=0.0620 | F1(avg)=0.817 | Sent=0.945 | Urg=0.762 | Top=0.882 | Act=0.678
bert_base_rule_OFF Epoch 41/50: 100%|███████████████████████████████████████████| 20/20 [00:02<00:00,  8.03it/s]

📊 Validation Results (Per Task)
------------------------------------------------------------
sentiment  | F1=0.928 | Acc=0.942 | P=0.948 | R=0.921
urgency    | F1=0.752 | Acc=0.890 | P=0.740 | R=0.773
topic      | F1=0.882 | Acc=0.877 | P=0.895 | R=0.875
action     | F1=0.678 | Acc=0.890 | P=0.686 | R=0.677
------------------------------------------------------------
✅ Overall Avg | F1=0.810 | Acc=0.900 | P=0.817 | R=0.812

✅ Epoch 41 | Loss=0.0662 | F1(avg)=0.810 | Sent=0.928 | Urg=0.752 | Top=0.882 | Act=0.678
bert_base_rule_OFF Epoch 42/50: 100%|███████████████████████████████████████████| 20/20 [00:02<00:00,  8.04it/s]

📊 Validation Results (Per Task)
------------------------------------------------------------
sentiment  | F1=0.936 | Acc=0.948 | P=0.952 | R=0.931
urgency    | F1=0.738 | Acc=0.877 | P=0.727 | R=0.761
topic      | F1=0.888 | Acc=0.884 | P=0.899 | R=0.881
action     | F1=0.674 | Acc=0.884 | P=0.684 | R=0.670
------------------------------------------------------------
✅ Overall Avg | F1=0.809 | Acc=0.898 | P=0.816 | R=0.811

✅ Epoch 42 | Loss=0.0646 | F1(avg)=0.809 | Sent=0.936 | Urg=0.738 | Top=0.888 | Act=0.674
bert_base_rule_OFF Epoch 43/50: 100%|███████████████████████████████████████████| 20/20 [00:02<00:00,  8.05it/s]

📊 Validation Results (Per Task)
------------------------------------------------------------
sentiment  | F1=0.920 | Acc=0.935 | P=0.935 | R=0.914
urgency    | F1=0.762 | Acc=0.897 | P=0.750 | R=0.779
topic      | F1=0.882 | Acc=0.877 | P=0.895 | R=0.875
action     | F1=0.678 | Acc=0.890 | P=0.686 | R=0.677
------------------------------------------------------------
✅ Overall Avg | F1=0.810 | Acc=0.900 | P=0.816 | R=0.811

✅ Epoch 43 | Loss=0.0615 | F1(avg)=0.810 | Sent=0.920 | Urg=0.762 | Top=0.882 | Act=0.678
bert_base_rule_OFF Epoch 44/50: 100%|███████████████████████████████████████████| 20/20 [00:02<00:00,  8.02it/s]

📊 Validation Results (Per Task)
------------------------------------------------------------
sentiment  | F1=0.920 | Acc=0.935 | P=0.935 | R=0.914
urgency    | F1=0.747 | Acc=0.884 | P=0.736 | R=0.767
topic      | F1=0.888 | Acc=0.884 | P=0.899 | R=0.881
action     | F1=0.678 | Acc=0.890 | P=0.686 | R=0.677
------------------------------------------------------------
✅ Overall Avg | F1=0.808 | Acc=0.898 | P=0.814 | R=0.810

✅ Epoch 44 | Loss=0.0611 | F1(avg)=0.808 | Sent=0.920 | Urg=0.747 | Top=0.888 | Act=0.678
bert_base_rule_OFF Epoch 45/50: 100%|███████████████████████████████████████████| 20/20 [00:02<00:00,  8.02it/s]

📊 Validation Results (Per Task)
------------------------------------------------------------
sentiment  | F1=0.928 | Acc=0.942 | P=0.940 | R=0.923
urgency    | F1=0.747 | Acc=0.884 | P=0.736 | R=0.767
topic      | F1=0.888 | Acc=0.884 | P=0.899 | R=0.881
action     | F1=0.678 | Acc=0.890 | P=0.686 | R=0.677
------------------------------------------------------------
✅ Overall Avg | F1=0.811 | Acc=0.900 | P=0.815 | R=0.812

✅ Epoch 45 | Loss=0.0599 | F1(avg)=0.811 | Sent=0.928 | Urg=0.747 | Top=0.888 | Act=0.678
bert_base_rule_OFF Epoch 46/50: 100%|███████████████████████████████████████████| 20/20 [00:02<00:00,  8.04it/s]

📊 Validation Results (Per Task)
------------------------------------------------------------
sentiment  | F1=0.928 | Acc=0.942 | P=0.940 | R=0.923
urgency    | F1=0.747 | Acc=0.884 | P=0.736 | R=0.767
topic      | F1=0.888 | Acc=0.884 | P=0.899 | R=0.881
action     | F1=0.678 | Acc=0.890 | P=0.686 | R=0.677
------------------------------------------------------------
✅ Overall Avg | F1=0.811 | Acc=0.900 | P=0.815 | R=0.812

✅ Epoch 46 | Loss=0.0595 | F1(avg)=0.811 | Sent=0.928 | Urg=0.747 | Top=0.888 | Act=0.678
bert_base_rule_OFF Epoch 47/50: 100%|███████████████████████████████████████████| 20/20 [00:02<00:00,  8.04it/s]

📊 Validation Results (Per Task)
------------------------------------------------------------
sentiment  | F1=0.937 | Acc=0.948 | P=0.946 | R=0.933
urgency    | F1=0.747 | Acc=0.884 | P=0.736 | R=0.767
topic      | F1=0.888 | Acc=0.884 | P=0.899 | R=0.881
action     | F1=0.678 | Acc=0.890 | P=0.686 | R=0.677
------------------------------------------------------------
✅ Overall Avg | F1=0.813 | Acc=0.902 | P=0.817 | R=0.815

✅ Epoch 47 | Loss=0.0601 | F1(avg)=0.813 | Sent=0.937 | Urg=0.747 | Top=0.888 | Act=0.678
bert_base_rule_OFF Epoch 48/50: 100%|███████████████████████████████████████████| 20/20 [00:02<00:00,  8.02it/s]

📊 Validation Results (Per Task)
------------------------------------------------------------
sentiment  | F1=0.936 | Acc=0.948 | P=0.952 | R=0.931
urgency    | F1=0.747 | Acc=0.884 | P=0.736 | R=0.767
topic      | F1=0.882 | Acc=0.877 | P=0.895 | R=0.875
action     | F1=0.678 | Acc=0.890 | P=0.686 | R=0.677
------------------------------------------------------------
✅ Overall Avg | F1=0.811 | Acc=0.900 | P=0.817 | R=0.812

✅ Epoch 48 | Loss=0.0586 | F1(avg)=0.811 | Sent=0.936 | Urg=0.747 | Top=0.882 | Act=0.678
bert_base_rule_OFF Epoch 49/50: 100%|███████████████████████████████████████████| 20/20 [00:02<00:00,  8.01it/s]

📊 Validation Results (Per Task)
------------------------------------------------------------
sentiment  | F1=0.936 | Acc=0.948 | P=0.952 | R=0.931
urgency    | F1=0.747 | Acc=0.884 | P=0.736 | R=0.767
topic      | F1=0.888 | Acc=0.884 | P=0.899 | R=0.881
action     | F1=0.678 | Acc=0.890 | P=0.686 | R=0.677
------------------------------------------------------------
✅ Overall Avg | F1=0.813 | Acc=0.902 | P=0.818 | R=0.814

✅ Epoch 49 | Loss=0.0595 | F1(avg)=0.813 | Sent=0.936 | Urg=0.747 | Top=0.888 | Act=0.678
bert_base_rule_OFF Epoch 50/50: 100%|███████████████████████████████████████████| 20/20 [00:02<00:00,  7.89it/s]

📊 Validation Results (Per Task)
------------------------------------------------------------
sentiment  | F1=0.936 | Acc=0.948 | P=0.952 | R=0.931
urgency    | F1=0.747 | Acc=0.884 | P=0.736 | R=0.767
topic      | F1=0.888 | Acc=0.884 | P=0.899 | R=0.881
action     | F1=0.678 | Acc=0.890 | P=0.686 | R=0.677
------------------------------------------------------------
✅ Overall Avg | F1=0.813 | Acc=0.902 | P=0.818 | R=0.814

✅ Epoch 50 | Loss=0.0579 | F1(avg)=0.813 | Sent=0.936 | Urg=0.747 | Top=0.888 | Act=0.678
