bert_base_lr2e-5_f0.8 Epoch 1/10:  67%|▋| 26/39 [00:02<
Traceback (most recent call last):
  File "/home/700050058/project_feedback_analyzer/training_multitask.py", line 241, in <module>
    result = run_experiment(cfg)
             ^^^^^^^^^^^^^^^^^^^
  File "/home/700050058/project_feedback_analyzer/training_multitask.py", line 202, in run_experiment
    train_loss, val_f1 = train_model(model, train_loader, val_loader, optimizer, scheduler, loss_fn, cfg)
                         ^^^^^^^^^^^^^^^^^^^^^^^^^^^^^^^^^^^^^^^^^^^^^^^^^^^^^^^^^^^^^^^^^^^^^^^^^^^^^^^^
  File "/home/700050058/project_feedback_analyzer/training_multitask.py", line 139, in train_model
    for batch in tqdm(train_loader, desc=f"{cfg['exp_name']} Epoch {epoch+1}/{cfg['epochs']}"):
                 ^^^^^^^^^^^^^^^^^^^^^^^^^^^^^^^^^^^^^^^^^^^^^^^^^^^^^^^^^^^^^^^^^^^^^^^^^^^^^
  File "/home/700050058/.conda/envs/fastvideo/lib/python3.12/site-packages/tqdm/std.py", line 1181, in __iter__
    for obj in iterable:
               ^^^^^^^^
  File "/home/700050058/.conda/envs/fastvideo/lib/python3.12/site-packages/torch/utils/data/dataloader.py", line 733, in __next__
    data = self._next_data()
           ^^^^^^^^^^^^^^^^^
  File "/home/700050058/.conda/envs/fastvideo/lib/python3.12/site-packages/torch/utils/data/dataloader.py", line 789, in _next_data
    data = self._dataset_fetcher.fetch(index)  # may raise StopIteration
           ^^^^^^^^^^^^^^^^^^^^^^^^^^^^^^^^^^
  File "/home/700050058/.conda/envs/fastvideo/lib/python3.12/site-packages/torch/utils/data/_utils/fetch.py", line 52, in fetch
    data = [self.dataset[idx] for idx in possibly_batched_index]
            ~~~~~~~~~~~~^^^^^
  File "/home/700050058/project_feedback_analyzer/training_multitask.py", line 41, in __getitem__
    tokens = self.tokenizer(
             ^^^^^^^^^^^^^^^
  File "/home/700050058/.conda/envs/fastvideo/lib/python3.12/site-packages/transformers/tokenization_utils_base.py", line 2938, in __call__
    encodings = self._call_one(text=text, text_pair=text_pair, **all_kwargs)
                ^^^^^^^^^^^^^^^^^^^^^^^^^^^^^^^^^^^^^^^^^^^^^^^^^^^^^^^^^^^^
  File "/home/700050058/.conda/envs/fastvideo/lib/python3.12/site-packages/transformers/tokenization_utils_base.py", line 2998, in _call_one
    raise ValueError(
ValueError: text input must be of type `str` (single example), `list[str]` (batch or single pretokenized example) or `list[list[str]]` (batch of pretokenized examples).
