Use device:cuda
Some weights of RobertaModel were not initialized from the model checkpoint at roberta-base and are newly initialized: ['pooler.dense.bias', 'pooler.dense.weight']
You should probably TRAIN this model on a down-stream task to be able to use it for predictions and inference.
roberta_base_lr2e-5_uf2 Epoch 1/50: 100%|███████████████████████████████████████| 20/20 [00:02<00:00,  8.61it/s]

📊 Validation Results (Per Task)
------------------------------------------------------------
sentiment  | F1=0.211 | Acc=0.465 | P=0.155 | R=0.333
urgency    | F1=0.243 | Acc=0.574 | P=0.191 | R=0.333
topic      | F1=0.030 | Acc=0.116 | P=0.017 | R=0.143
action     | F1=0.046 | Acc=0.161 | P=0.027 | R=0.167
------------------------------------------------------------
✅ Overall Avg | F1=0.133 | Acc=0.329 | P=0.097 | R=0.244

✅ Epoch 1 | Loss=1.5246 | F1(avg)=0.133 | Sent=0.211 | Urg=0.243 | Top=0.030 | Act=0.046
roberta_base_lr2e-5_uf2 Epoch 2/50: 100%|███████████████████████████████████████| 20/20 [00:02<00:00,  8.79it/s]

📊 Validation Results (Per Task)
------------------------------------------------------------
sentiment  | F1=0.211 | Acc=0.465 | P=0.155 | R=0.333
urgency    | F1=0.243 | Acc=0.574 | P=0.191 | R=0.333
topic      | F1=0.057 | Acc=0.252 | P=0.036 | R=0.143
action     | F1=0.113 | Acc=0.516 | P=0.086 | R=0.167
------------------------------------------------------------
✅ Overall Avg | F1=0.156 | Acc=0.452 | P=0.117 | R=0.244

✅ Epoch 2 | Loss=1.4324 | F1(avg)=0.156 | Sent=0.211 | Urg=0.243 | Top=0.057 | Act=0.113
roberta_base_lr2e-5_uf2 Epoch 3/50: 100%|███████████████████████████████████████| 20/20 [00:02<00:00,  8.82it/s]

📊 Validation Results (Per Task)
------------------------------------------------------------
sentiment  | F1=0.211 | Acc=0.465 | P=0.155 | R=0.333
urgency    | F1=0.256 | Acc=0.581 | P=0.526 | R=0.339
topic      | F1=0.175 | Acc=0.342 | P=0.298 | R=0.225
action     | F1=0.113 | Acc=0.516 | P=0.086 | R=0.167
------------------------------------------------------------
✅ Overall Avg | F1=0.189 | Acc=0.476 | P=0.266 | R=0.266

✅ Epoch 3 | Loss=1.3577 | F1(avg)=0.189 | Sent=0.211 | Urg=0.256 | Top=0.175 | Act=0.113
roberta_base_lr2e-5_uf2 Epoch 4/50: 100%|███████████████████████████████████████| 20/20 [00:02<00:00,  8.82it/s]

📊 Validation Results (Per Task)
------------------------------------------------------------
sentiment  | F1=0.379 | Acc=0.555 | P=0.437 | R=0.435
urgency    | F1=0.527 | Acc=0.787 | P=0.531 | R=0.536
topic      | F1=0.481 | Acc=0.594 | P=0.598 | R=0.499
action     | F1=0.169 | Acc=0.548 | P=0.182 | R=0.200
------------------------------------------------------------
✅ Overall Avg | F1=0.389 | Acc=0.621 | P=0.437 | R=0.418

✅ Epoch 4 | Loss=1.2246 | F1(avg)=0.389 | Sent=0.379 | Urg=0.527 | Top=0.481 | Act=0.169
roberta_base_lr2e-5_uf2 Epoch 5/50: 100%|███████████████████████████████████████| 20/20 [00:02<00:00,  8.77it/s]

📊 Validation Results (Per Task)
------------------------------------------------------------
sentiment  | F1=0.746 | Acc=0.800 | P=0.849 | R=0.742
urgency    | F1=0.546 | Acc=0.806 | P=0.533 | R=0.561
topic      | F1=0.666 | Acc=0.761 | P=0.670 | R=0.679
action     | F1=0.317 | Acc=0.690 | P=0.382 | R=0.347
------------------------------------------------------------
✅ Overall Avg | F1=0.569 | Acc=0.765 | P=0.608 | R=0.582

✅ Epoch 5 | Loss=1.0054 | F1(avg)=0.569 | Sent=0.746 | Urg=0.546 | Top=0.666 | Act=0.317
roberta_base_lr2e-5_uf2 Epoch 6/50: 100%|███████████████████████████████████████| 20/20 [00:02<00:00,  8.78it/s]

📊 Validation Results (Per Task)
------------------------------------------------------------
sentiment  | F1=0.809 | Acc=0.852 | P=0.858 | R=0.805
urgency    | F1=0.644 | Acc=0.858 | P=0.898 | R=0.642
topic      | F1=0.802 | Acc=0.832 | P=0.825 | R=0.793
action     | F1=0.433 | Acc=0.774 | P=0.504 | R=0.444
------------------------------------------------------------
✅ Overall Avg | F1=0.672 | Acc=0.829 | P=0.771 | R=0.671

✅ Epoch 6 | Loss=0.7593 | F1(avg)=0.672 | Sent=0.809 | Urg=0.644 | Top=0.802 | Act=0.433
roberta_base_lr2e-5_uf2 Epoch 7/50: 100%|███████████████████████████████████████| 20/20 [00:02<00:00,  8.78it/s]

📊 Validation Results (Per Task)
------------------------------------------------------------
sentiment  | F1=0.850 | Acc=0.884 | P=0.885 | R=0.845
urgency    | F1=0.641 | Acc=0.865 | P=0.663 | R=0.644
topic      | F1=0.823 | Acc=0.852 | P=0.854 | R=0.810
action     | F1=0.466 | Acc=0.806 | P=0.521 | R=0.476
------------------------------------------------------------
✅ Overall Avg | F1=0.695 | Acc=0.852 | P=0.731 | R=0.694

✅ Epoch 7 | Loss=0.6042 | F1(avg)=0.695 | Sent=0.850 | Urg=0.641 | Top=0.823 | Act=0.466
roberta_base_lr2e-5_uf2 Epoch 8/50: 100%|███████████████████████████████████████| 20/20 [00:02<00:00,  8.77it/s]

📊 Validation Results (Per Task)
------------------------------------------------------------
sentiment  | F1=0.879 | Acc=0.903 | P=0.895 | R=0.875
urgency    | F1=0.653 | Acc=0.877 | P=0.696 | R=0.656
topic      | F1=0.824 | Acc=0.845 | P=0.841 | R=0.817
action     | F1=0.464 | Acc=0.813 | P=0.485 | R=0.478
------------------------------------------------------------
✅ Overall Avg | F1=0.705 | Acc=0.860 | P=0.729 | R=0.706

✅ Epoch 8 | Loss=0.5176 | F1(avg)=0.705 | Sent=0.879 | Urg=0.653 | Top=0.824 | Act=0.464
roberta_base_lr2e-5_uf2 Epoch 9/50: 100%|███████████████████████████████████████| 20/20 [00:02<00:00,  8.76it/s]

📊 Validation Results (Per Task)
------------------------------------------------------------
sentiment  | F1=0.894 | Acc=0.916 | P=0.907 | R=0.889
urgency    | F1=0.658 | Acc=0.884 | P=0.701 | R=0.662
topic      | F1=0.850 | Acc=0.865 | P=0.857 | R=0.847
action     | F1=0.472 | Acc=0.806 | P=0.491 | R=0.484
------------------------------------------------------------
✅ Overall Avg | F1=0.718 | Acc=0.868 | P=0.739 | R=0.721

✅ Epoch 9 | Loss=0.4643 | F1(avg)=0.718 | Sent=0.894 | Urg=0.658 | Top=0.850 | Act=0.472
roberta_base_lr2e-5_uf2 Epoch 10/50: 100%|██████████████████████████████████████| 20/20 [00:02<00:00,  8.78it/s]

📊 Validation Results (Per Task)
------------------------------------------------------------
sentiment  | F1=0.895 | Acc=0.916 | P=0.903 | R=0.891
urgency    | F1=0.714 | Acc=0.903 | P=0.771 | R=0.707
topic      | F1=0.836 | Acc=0.852 | P=0.842 | R=0.837
action     | F1=0.473 | Acc=0.813 | P=0.479 | R=0.487
------------------------------------------------------------
✅ Overall Avg | F1=0.729 | Acc=0.871 | P=0.749 | R=0.731

✅ Epoch 10 | Loss=0.4276 | F1(avg)=0.729 | Sent=0.895 | Urg=0.714 | Top=0.836 | Act=0.473
roberta_base_lr2e-5_uf2 Epoch 11/50: 100%|██████████████████████████████████████| 20/20 [00:02<00:00,  8.81it/s]

📊 Validation Results (Per Task)
------------------------------------------------------------
sentiment  | F1=0.903 | Acc=0.923 | P=0.914 | R=0.898
urgency    | F1=0.714 | Acc=0.903 | P=0.771 | R=0.707
topic      | F1=0.843 | Acc=0.858 | P=0.850 | R=0.842
action     | F1=0.485 | Acc=0.819 | P=0.494 | R=0.497
------------------------------------------------------------
✅ Overall Avg | F1=0.736 | Acc=0.876 | P=0.757 | R=0.736

✅ Epoch 11 | Loss=0.3806 | F1(avg)=0.736 | Sent=0.903 | Urg=0.714 | Top=0.843 | Act=0.485
roberta_base_lr2e-5_uf2 Epoch 12/50: 100%|██████████████████████████████████████| 20/20 [00:02<00:00,  8.76it/s]

📊 Validation Results (Per Task)
------------------------------------------------------------
sentiment  | F1=0.911 | Acc=0.929 | P=0.919 | R=0.907
urgency    | F1=0.718 | Acc=0.884 | P=0.726 | R=0.717
topic      | F1=0.860 | Acc=0.871 | P=0.869 | R=0.856
action     | F1=0.727 | Acc=0.845 | P=0.850 | R=0.710
------------------------------------------------------------
✅ Overall Avg | F1=0.804 | Acc=0.882 | P=0.841 | R=0.797

✅ Epoch 12 | Loss=0.3709 | F1(avg)=0.804 | Sent=0.911 | Urg=0.718 | Top=0.860 | Act=0.727
roberta_base_lr2e-5_uf2 Epoch 13/50: 100%|██████████████████████████████████████| 20/20 [00:02<00:00,  8.77it/s]

📊 Validation Results (Per Task)
------------------------------------------------------------
sentiment  | F1=0.919 | Acc=0.935 | P=0.930 | R=0.914
urgency    | F1=0.720 | Acc=0.890 | P=0.721 | R=0.723
topic      | F1=0.852 | Acc=0.865 | P=0.856 | R=0.858
action     | F1=0.781 | Acc=0.858 | P=0.865 | R=0.754
------------------------------------------------------------
✅ Overall Avg | F1=0.818 | Acc=0.887 | P=0.843 | R=0.812

✅ Epoch 13 | Loss=0.3380 | F1(avg)=0.818 | Sent=0.919 | Urg=0.720 | Top=0.852 | Act=0.781
roberta_base_lr2e-5_uf2 Epoch 14/50: 100%|██████████████████████████████████████| 20/20 [00:02<00:00,  8.78it/s]

📊 Validation Results (Per Task)
------------------------------------------------------------
sentiment  | F1=0.921 | Acc=0.935 | P=0.938 | R=0.912
urgency    | F1=0.710 | Acc=0.903 | P=0.741 | R=0.707
topic      | F1=0.859 | Acc=0.871 | P=0.867 | R=0.856
action     | F1=0.740 | Acc=0.852 | P=0.856 | R=0.725
------------------------------------------------------------
✅ Overall Avg | F1=0.807 | Acc=0.890 | P=0.850 | R=0.800

✅ Epoch 14 | Loss=0.3251 | F1(avg)=0.807 | Sent=0.921 | Urg=0.710 | Top=0.859 | Act=0.740
roberta_base_lr2e-5_uf2 Epoch 15/50: 100%|██████████████████████████████████████| 20/20 [00:02<00:00,  8.76it/s]

📊 Validation Results (Per Task)
------------------------------------------------------------
sentiment  | F1=0.927 | Acc=0.942 | P=0.942 | R=0.919
urgency    | F1=0.717 | Acc=0.890 | P=0.714 | R=0.723
topic      | F1=0.859 | Acc=0.871 | P=0.863 | R=0.862
action     | F1=0.815 | Acc=0.865 | P=0.869 | R=0.792
------------------------------------------------------------
✅ Overall Avg | F1=0.829 | Acc=0.892 | P=0.847 | R=0.824

✅ Epoch 15 | Loss=0.2981 | F1(avg)=0.829 | Sent=0.927 | Urg=0.717 | Top=0.859 | Act=0.815
roberta_base_lr2e-5_uf2 Epoch 16/50: 100%|██████████████████████████████████████| 20/20 [00:02<00:00,  8.75it/s]

📊 Validation Results (Per Task)
------------------------------------------------------------
sentiment  | F1=0.928 | Acc=0.942 | P=0.937 | R=0.923
urgency    | F1=0.717 | Acc=0.890 | P=0.714 | R=0.723
topic      | F1=0.862 | Acc=0.871 | P=0.874 | R=0.862
action     | F1=0.806 | Acc=0.865 | P=0.862 | R=0.784
------------------------------------------------------------
✅ Overall Avg | F1=0.828 | Acc=0.892 | P=0.846 | R=0.823

✅ Epoch 16 | Loss=0.2832 | F1(avg)=0.828 | Sent=0.928 | Urg=0.717 | Top=0.862 | Act=0.806
roberta_base_lr2e-5_uf2 Epoch 17/50: 100%|██████████████████████████████████████| 20/20 [00:02<00:00,  8.75it/s]

📊 Validation Results (Per Task)
------------------------------------------------------------
sentiment  | F1=0.935 | Acc=0.948 | P=0.947 | R=0.928
urgency    | F1=0.691 | Acc=0.890 | P=0.694 | R=0.695
topic      | F1=0.859 | Acc=0.871 | P=0.863 | R=0.862
action     | F1=0.805 | Acc=0.871 | P=0.825 | R=0.795
------------------------------------------------------------
✅ Overall Avg | F1=0.822 | Acc=0.895 | P=0.832 | R=0.820

✅ Epoch 17 | Loss=0.2673 | F1(avg)=0.822 | Sent=0.935 | Urg=0.691 | Top=0.859 | Act=0.805
roberta_base_lr2e-5_uf2 Epoch 18/50: 100%|██████████████████████████████████████| 20/20 [00:02<00:00,  8.79it/s]

📊 Validation Results (Per Task)
------------------------------------------------------------
sentiment  | F1=0.935 | Acc=0.948 | P=0.947 | R=0.928
urgency    | F1=0.698 | Acc=0.897 | P=0.705 | R=0.699
topic      | F1=0.856 | Acc=0.865 | P=0.865 | R=0.856
action     | F1=0.817 | Acc=0.871 | P=0.864 | R=0.795
------------------------------------------------------------
✅ Overall Avg | F1=0.826 | Acc=0.895 | P=0.845 | R=0.819

✅ Epoch 18 | Loss=0.2540 | F1(avg)=0.826 | Sent=0.935 | Urg=0.698 | Top=0.856 | Act=0.817
roberta_base_lr2e-5_uf2 Epoch 19/50: 100%|██████████████████████████████████████| 20/20 [00:02<00:00,  8.78it/s]

📊 Validation Results (Per Task)
------------------------------------------------------------
sentiment  | F1=0.935 | Acc=0.948 | P=0.947 | R=0.928
urgency    | F1=0.715 | Acc=0.890 | P=0.713 | R=0.720
topic      | F1=0.870 | Acc=0.877 | P=0.877 | R=0.869
action     | F1=0.799 | Acc=0.865 | P=0.821 | R=0.788
------------------------------------------------------------
✅ Overall Avg | F1=0.830 | Acc=0.895 | P=0.839 | R=0.826

✅ Epoch 19 | Loss=0.2414 | F1(avg)=0.830 | Sent=0.935 | Urg=0.715 | Top=0.870 | Act=0.799
roberta_base_lr2e-5_uf2 Epoch 20/50: 100%|██████████████████████████████████████| 20/20 [00:02<00:00,  8.75it/s]

📊 Validation Results (Per Task)
------------------------------------------------------------
sentiment  | F1=0.935 | Acc=0.948 | P=0.947 | R=0.928
urgency    | F1=0.706 | Acc=0.903 | P=0.722 | R=0.705
topic      | F1=0.863 | Acc=0.871 | P=0.866 | R=0.866
action     | F1=0.799 | Acc=0.865 | P=0.821 | R=0.788
------------------------------------------------------------
✅ Overall Avg | F1=0.826 | Acc=0.897 | P=0.839 | R=0.822

✅ Epoch 20 | Loss=0.2354 | F1(avg)=0.826 | Sent=0.935 | Urg=0.706 | Top=0.863 | Act=0.799
roberta_base_lr2e-5_uf2 Epoch 21/50: 100%|██████████████████████████████████████| 20/20 [00:02<00:00,  8.76it/s]

📊 Validation Results (Per Task)
------------------------------------------------------------
sentiment  | F1=0.936 | Acc=0.948 | P=0.948 | R=0.931
urgency    | F1=0.708 | Acc=0.884 | P=0.703 | R=0.714
topic      | F1=0.855 | Acc=0.865 | P=0.865 | R=0.856
action     | F1=0.809 | Acc=0.871 | P=0.828 | R=0.798
------------------------------------------------------------
✅ Overall Avg | F1=0.827 | Acc=0.892 | P=0.836 | R=0.825

✅ Epoch 21 | Loss=0.2305 | F1(avg)=0.827 | Sent=0.936 | Urg=0.708 | Top=0.855 | Act=0.809
roberta_base_lr2e-5_uf2 Epoch 22/50: 100%|██████████████████████████████████████| 20/20 [00:02<00:00,  8.76it/s]

📊 Validation Results (Per Task)
------------------------------------------------------------
sentiment  | F1=0.935 | Acc=0.948 | P=0.947 | R=0.928
urgency    | F1=0.698 | Acc=0.897 | P=0.705 | R=0.699
topic      | F1=0.869 | Acc=0.877 | P=0.868 | R=0.874
action     | F1=0.791 | Acc=0.865 | P=0.806 | R=0.788
------------------------------------------------------------
✅ Overall Avg | F1=0.823 | Acc=0.897 | P=0.832 | R=0.822

✅ Epoch 22 | Loss=0.2194 | F1(avg)=0.823 | Sent=0.935 | Urg=0.698 | Top=0.869 | Act=0.791
roberta_base_lr2e-5_uf2 Epoch 23/50: 100%|██████████████████████████████████████| 20/20 [00:02<00:00,  8.44it/s]

📊 Validation Results (Per Task)
------------------------------------------------------------
sentiment  | F1=0.928 | Acc=0.942 | P=0.932 | R=0.926
urgency    | F1=0.710 | Acc=0.884 | P=0.708 | R=0.714
topic      | F1=0.869 | Acc=0.877 | P=0.878 | R=0.867
action     | F1=0.786 | Acc=0.858 | P=0.792 | R=0.785
------------------------------------------------------------
✅ Overall Avg | F1=0.823 | Acc=0.890 | P=0.828 | R=0.823

✅ Epoch 23 | Loss=0.2147 | F1(avg)=0.823 | Sent=0.928 | Urg=0.710 | Top=0.869 | Act=0.786
roberta_base_lr2e-5_uf2 Epoch 24/50: 100%|██████████████████████████████████████| 20/20 [00:02<00:00,  8.74it/s]

📊 Validation Results (Per Task)
------------------------------------------------------------
sentiment  | F1=0.935 | Acc=0.948 | P=0.947 | R=0.928
urgency    | F1=0.733 | Acc=0.903 | P=0.740 | R=0.732
topic      | F1=0.863 | Acc=0.871 | P=0.870 | R=0.865
action     | F1=0.776 | Acc=0.852 | P=0.784 | R=0.775
------------------------------------------------------------
✅ Overall Avg | F1=0.827 | Acc=0.894 | P=0.835 | R=0.825

✅ Epoch 24 | Loss=0.2031 | F1(avg)=0.827 | Sent=0.935 | Urg=0.733 | Top=0.863 | Act=0.776
roberta_base_lr2e-5_uf2 Epoch 25/50: 100%|██████████████████████████████████████| 20/20 [00:02<00:00,  8.77it/s]

📊 Validation Results (Per Task)
------------------------------------------------------------
sentiment  | F1=0.935 | Acc=0.948 | P=0.947 | R=0.928
urgency    | F1=0.719 | Acc=0.890 | P=0.720 | R=0.720
topic      | F1=0.863 | Acc=0.871 | P=0.874 | R=0.860
action     | F1=0.786 | Acc=0.858 | P=0.792 | R=0.785
------------------------------------------------------------
✅ Overall Avg | F1=0.826 | Acc=0.892 | P=0.833 | R=0.823

✅ Epoch 25 | Loss=0.1982 | F1(avg)=0.826 | Sent=0.935 | Urg=0.719 | Top=0.863 | Act=0.786
roberta_base_lr2e-5_uf2 Epoch 26/50: 100%|██████████████████████████████████████| 20/20 [00:02<00:00,  8.81it/s]

📊 Validation Results (Per Task)
------------------------------------------------------------
sentiment  | F1=0.935 | Acc=0.948 | P=0.943 | R=0.930
urgency    | F1=0.733 | Acc=0.903 | P=0.740 | R=0.732
topic      | F1=0.863 | Acc=0.871 | P=0.870 | R=0.865
action     | F1=0.776 | Acc=0.852 | P=0.784 | R=0.775
------------------------------------------------------------
✅ Overall Avg | F1=0.827 | Acc=0.894 | P=0.834 | R=0.825

✅ Epoch 26 | Loss=0.1945 | F1(avg)=0.827 | Sent=0.935 | Urg=0.733 | Top=0.863 | Act=0.776
roberta_base_lr2e-5_uf2 Epoch 27/50: 100%|██████████████████████████████████████| 20/20 [00:02<00:00,  8.77it/s]

📊 Validation Results (Per Task)
------------------------------------------------------------
sentiment  | F1=0.927 | Acc=0.942 | P=0.936 | R=0.921
urgency    | F1=0.742 | Acc=0.897 | P=0.733 | R=0.754
topic      | F1=0.862 | Acc=0.871 | P=0.866 | R=0.865
action     | F1=0.786 | Acc=0.858 | P=0.792 | R=0.785
------------------------------------------------------------
✅ Overall Avg | F1=0.829 | Acc=0.892 | P=0.832 | R=0.831

✅ Epoch 27 | Loss=0.1921 | F1(avg)=0.829 | Sent=0.927 | Urg=0.742 | Top=0.862 | Act=0.786
roberta_base_lr2e-5_uf2 Epoch 28/50: 100%|██████████████████████████████████████| 20/20 [00:02<00:00,  8.76it/s]

📊 Validation Results (Per Task)
------------------------------------------------------------
sentiment  | F1=0.927 | Acc=0.942 | P=0.936 | R=0.921
urgency    | F1=0.755 | Acc=0.903 | P=0.752 | R=0.760
topic      | F1=0.862 | Acc=0.871 | P=0.866 | R=0.865
action     | F1=0.786 | Acc=0.858 | P=0.792 | R=0.785
------------------------------------------------------------
✅ Overall Avg | F1=0.832 | Acc=0.894 | P=0.837 | R=0.833

✅ Epoch 28 | Loss=0.1807 | F1(avg)=0.832 | Sent=0.927 | Urg=0.755 | Top=0.862 | Act=0.786
roberta_base_lr2e-5_uf2 Epoch 29/50: 100%|██████████████████████████████████████| 20/20 [00:02<00:00,  8.76it/s]

📊 Validation Results (Per Task)
------------------------------------------------------------
sentiment  | F1=0.935 | Acc=0.948 | P=0.947 | R=0.928
urgency    | F1=0.693 | Acc=0.890 | P=0.701 | R=0.693
topic      | F1=0.868 | Acc=0.877 | P=0.878 | R=0.866
action     | F1=0.805 | Acc=0.871 | P=0.807 | R=0.806
------------------------------------------------------------
✅ Overall Avg | F1=0.825 | Acc=0.897 | P=0.833 | R=0.823

✅ Epoch 29 | Loss=0.1710 | F1(avg)=0.825 | Sent=0.935 | Urg=0.693 | Top=0.868 | Act=0.805
roberta_base_lr2e-5_uf2 Epoch 30/50: 100%|██████████████████████████████████████| 20/20 [00:02<00:00,  8.75it/s]

📊 Validation Results (Per Task)
------------------------------------------------------------
sentiment  | F1=0.943 | Acc=0.955 | P=0.954 | R=0.937
urgency    | F1=0.728 | Acc=0.897 | P=0.735 | R=0.726
topic      | F1=0.873 | Acc=0.877 | P=0.881 | R=0.877
action     | F1=0.786 | Acc=0.858 | P=0.792 | R=0.785
------------------------------------------------------------
✅ Overall Avg | F1=0.833 | Acc=0.897 | P=0.840 | R=0.831

✅ Epoch 30 | Loss=0.1806 | F1(avg)=0.833 | Sent=0.943 | Urg=0.728 | Top=0.873 | Act=0.786
roberta_base_lr2e-5_uf2 Epoch 31/50: 100%|██████████████████████████████████████| 20/20 [00:02<00:00,  8.76it/s]

📊 Validation Results (Per Task)
------------------------------------------------------------
sentiment  | F1=0.943 | Acc=0.955 | P=0.954 | R=0.937
urgency    | F1=0.760 | Acc=0.903 | P=0.762 | R=0.760
topic      | F1=0.863 | Acc=0.871 | P=0.870 | R=0.865
action     | F1=0.786 | Acc=0.858 | P=0.792 | R=0.785
------------------------------------------------------------
✅ Overall Avg | F1=0.838 | Acc=0.897 | P=0.845 | R=0.837

✅ Epoch 31 | Loss=0.1697 | F1(avg)=0.838 | Sent=0.943 | Urg=0.760 | Top=0.863 | Act=0.786
roberta_base_lr2e-5_uf2 Epoch 32/50: 100%|██████████████████████████████████████| 20/20 [00:02<00:00,  8.76it/s]

📊 Validation Results (Per Task)
------------------------------------------------------------
sentiment  | F1=0.943 | Acc=0.955 | P=0.954 | R=0.937
urgency    | F1=0.737 | Acc=0.890 | P=0.729 | R=0.748
topic      | F1=0.861 | Acc=0.865 | P=0.873 | R=0.864
action     | F1=0.786 | Acc=0.858 | P=0.792 | R=0.785
------------------------------------------------------------
✅ Overall Avg | F1=0.832 | Acc=0.892 | P=0.837 | R=0.834

✅ Epoch 32 | Loss=0.1646 | F1(avg)=0.832 | Sent=0.943 | Urg=0.737 | Top=0.861 | Act=0.786
roberta_base_lr2e-5_uf2 Epoch 33/50: 100%|██████████████████████████████████████| 20/20 [00:02<00:00,  8.80it/s]

📊 Validation Results (Per Task)
------------------------------------------------------------
sentiment  | F1=0.935 | Acc=0.948 | P=0.943 | R=0.930
urgency    | F1=0.771 | Acc=0.910 | P=0.782 | R=0.766
topic      | F1=0.861 | Acc=0.865 | P=0.873 | R=0.864
action     | F1=0.805 | Acc=0.871 | P=0.807 | R=0.806
------------------------------------------------------------
✅ Overall Avg | F1=0.843 | Acc=0.898 | P=0.851 | R=0.841

✅ Epoch 33 | Loss=0.1700 | F1(avg)=0.843 | Sent=0.935 | Urg=0.771 | Top=0.861 | Act=0.805
roberta_base_lr2e-5_uf2 Epoch 34/50: 100%|██████████████████████████████████████| 20/20 [00:02<00:00,  8.78it/s]

📊 Validation Results (Per Task)
------------------------------------------------------------
sentiment  | F1=0.943 | Acc=0.955 | P=0.954 | R=0.937
urgency    | F1=0.746 | Acc=0.897 | P=0.739 | R=0.754
topic      | F1=0.861 | Acc=0.865 | P=0.873 | R=0.864
action     | F1=0.805 | Acc=0.871 | P=0.807 | R=0.806
------------------------------------------------------------
✅ Overall Avg | F1=0.839 | Acc=0.897 | P=0.843 | R=0.840

✅ Epoch 34 | Loss=0.1613 | F1(avg)=0.839 | Sent=0.943 | Urg=0.746 | Top=0.861 | Act=0.805
roberta_base_lr2e-5_uf2 Epoch 35/50: 100%|██████████████████████████████████████| 20/20 [00:02<00:00,  8.76it/s]

📊 Validation Results (Per Task)
------------------------------------------------------------
sentiment  | F1=0.943 | Acc=0.955 | P=0.954 | R=0.937
urgency    | F1=0.746 | Acc=0.897 | P=0.739 | R=0.754
topic      | F1=0.874 | Acc=0.877 | P=0.882 | R=0.880
action     | F1=0.805 | Acc=0.871 | P=0.807 | R=0.806
------------------------------------------------------------
✅ Overall Avg | F1=0.842 | Acc=0.900 | P=0.846 | R=0.844

✅ Epoch 35 | Loss=0.1609 | F1(avg)=0.842 | Sent=0.943 | Urg=0.746 | Top=0.874 | Act=0.805
roberta_base_lr2e-5_uf2 Epoch 36/50: 100%|██████████████████████████████████████| 20/20 [00:02<00:00,  8.75it/s]

📊 Validation Results (Per Task)
------------------------------------------------------------
sentiment  | F1=0.937 | Acc=0.948 | P=0.943 | R=0.933
urgency    | F1=0.726 | Acc=0.884 | P=0.717 | R=0.742
topic      | F1=0.861 | Acc=0.865 | P=0.873 | R=0.864
action     | F1=0.805 | Acc=0.871 | P=0.807 | R=0.806
------------------------------------------------------------
✅ Overall Avg | F1=0.832 | Acc=0.892 | P=0.835 | R=0.836

✅ Epoch 36 | Loss=0.1572 | F1(avg)=0.832 | Sent=0.937 | Urg=0.726 | Top=0.861 | Act=0.805
roberta_base_lr2e-5_uf2 Epoch 37/50: 100%|██████████████████████████████████████| 20/20 [00:02<00:00,  8.75it/s]

📊 Validation Results (Per Task)
------------------------------------------------------------
sentiment  | F1=0.943 | Acc=0.955 | P=0.954 | R=0.937
urgency    | F1=0.719 | Acc=0.890 | P=0.720 | R=0.720
topic      | F1=0.861 | Acc=0.865 | P=0.873 | R=0.864
action     | F1=0.805 | Acc=0.871 | P=0.807 | R=0.806
------------------------------------------------------------
✅ Overall Avg | F1=0.832 | Acc=0.895 | P=0.839 | R=0.832

✅ Epoch 37 | Loss=0.1530 | F1(avg)=0.832 | Sent=0.943 | Urg=0.719 | Top=0.861 | Act=0.805
roberta_base_lr2e-5_uf2 Epoch 38/50: 100%|██████████████████████████████████████| 20/20 [00:02<00:00,  8.75it/s]

📊 Validation Results (Per Task)
------------------------------------------------------------
sentiment  | F1=0.937 | Acc=0.948 | P=0.943 | R=0.933
urgency    | F1=0.746 | Acc=0.897 | P=0.739 | R=0.754
topic      | F1=0.861 | Acc=0.865 | P=0.873 | R=0.864
action     | F1=0.805 | Acc=0.871 | P=0.807 | R=0.806
------------------------------------------------------------
✅ Overall Avg | F1=0.837 | Acc=0.895 | P=0.841 | R=0.839

✅ Epoch 38 | Loss=0.1515 | F1(avg)=0.837 | Sent=0.937 | Urg=0.746 | Top=0.861 | Act=0.805
roberta_base_lr2e-5_uf2 Epoch 39/50: 100%|██████████████████████████████████████| 20/20 [00:02<00:00,  8.73it/s]

📊 Validation Results (Per Task)
------------------------------------------------------------
sentiment  | F1=0.943 | Acc=0.955 | P=0.954 | R=0.937
urgency    | F1=0.746 | Acc=0.897 | P=0.739 | R=0.754
topic      | F1=0.867 | Acc=0.871 | P=0.882 | R=0.868
action     | F1=0.805 | Acc=0.871 | P=0.807 | R=0.806
------------------------------------------------------------
✅ Overall Avg | F1=0.840 | Acc=0.898 | P=0.846 | R=0.841

✅ Epoch 39 | Loss=0.1552 | F1(avg)=0.840 | Sent=0.943 | Urg=0.746 | Top=0.867 | Act=0.805
roberta_base_lr2e-5_uf2 Epoch 40/50: 100%|██████████████████████████████████████| 20/20 [00:02<00:00,  8.77it/s]

📊 Validation Results (Per Task)
------------------------------------------------------------
sentiment  | F1=0.952 | Acc=0.961 | P=0.965 | R=0.944
urgency    | F1=0.726 | Acc=0.884 | P=0.717 | R=0.742
topic      | F1=0.867 | Acc=0.871 | P=0.882 | R=0.868
action     | F1=0.805 | Acc=0.871 | P=0.807 | R=0.806
------------------------------------------------------------
✅ Overall Avg | F1=0.837 | Acc=0.897 | P=0.843 | R=0.840

✅ Epoch 40 | Loss=0.1457 | F1(avg)=0.837 | Sent=0.952 | Urg=0.726 | Top=0.867 | Act=0.805
roberta_base_lr2e-5_uf2 Epoch 41/50: 100%|██████████████████████████████████████| 20/20 [00:02<00:00,  8.77it/s]

📊 Validation Results (Per Task)
------------------------------------------------------------
sentiment  | F1=0.943 | Acc=0.955 | P=0.954 | R=0.937
urgency    | F1=0.749 | Acc=0.897 | P=0.747 | R=0.754
topic      | F1=0.861 | Acc=0.865 | P=0.873 | R=0.864
action     | F1=0.805 | Acc=0.871 | P=0.807 | R=0.806
------------------------------------------------------------
✅ Overall Avg | F1=0.840 | Acc=0.897 | P=0.845 | R=0.840

✅ Epoch 41 | Loss=0.1541 | F1(avg)=0.840 | Sent=0.943 | Urg=0.749 | Top=0.861 | Act=0.805
roberta_base_lr2e-5_uf2 Epoch 42/50: 100%|██████████████████████████████████████| 20/20 [00:02<00:00,  8.74it/s]

📊 Validation Results (Per Task)
------------------------------------------------------------
sentiment  | F1=0.943 | Acc=0.955 | P=0.954 | R=0.937
urgency    | F1=0.746 | Acc=0.897 | P=0.739 | R=0.754
topic      | F1=0.860 | Acc=0.865 | P=0.868 | R=0.864
action     | F1=0.805 | Acc=0.871 | P=0.807 | R=0.806
------------------------------------------------------------
✅ Overall Avg | F1=0.838 | Acc=0.897 | P=0.842 | R=0.840

✅ Epoch 42 | Loss=0.1473 | F1(avg)=0.838 | Sent=0.943 | Urg=0.746 | Top=0.860 | Act=0.805
roberta_base_lr2e-5_uf2 Epoch 43/50: 100%|██████████████████████████████████████| 20/20 [00:02<00:00,  8.74it/s]

📊 Validation Results (Per Task)
------------------------------------------------------------
sentiment  | F1=0.943 | Acc=0.955 | P=0.954 | R=0.937
urgency    | F1=0.746 | Acc=0.897 | P=0.739 | R=0.754
topic      | F1=0.865 | Acc=0.871 | P=0.872 | R=0.870
action     | F1=0.805 | Acc=0.871 | P=0.807 | R=0.806
------------------------------------------------------------
✅ Overall Avg | F1=0.840 | Acc=0.898 | P=0.843 | R=0.842

✅ Epoch 43 | Loss=0.1391 | F1(avg)=0.840 | Sent=0.943 | Urg=0.746 | Top=0.865 | Act=0.805
roberta_base_lr2e-5_uf2 Epoch 44/50: 100%|██████████████████████████████████████| 20/20 [00:02<00:00,  8.72it/s]

📊 Validation Results (Per Task)
------------------------------------------------------------
sentiment  | F1=0.943 | Acc=0.955 | P=0.954 | R=0.937
urgency    | F1=0.746 | Acc=0.897 | P=0.739 | R=0.754
topic      | F1=0.866 | Acc=0.871 | P=0.877 | R=0.870
action     | F1=0.805 | Acc=0.871 | P=0.807 | R=0.806
------------------------------------------------------------
✅ Overall Avg | F1=0.840 | Acc=0.898 | P=0.844 | R=0.842

✅ Epoch 44 | Loss=0.1402 | F1(avg)=0.840 | Sent=0.943 | Urg=0.746 | Top=0.866 | Act=0.805
roberta_base_lr2e-5_uf2 Epoch 45/50: 100%|██████████████████████████████████████| 20/20 [00:02<00:00,  8.72it/s]

📊 Validation Results (Per Task)
------------------------------------------------------------
sentiment  | F1=0.943 | Acc=0.955 | P=0.954 | R=0.937
urgency    | F1=0.746 | Acc=0.897 | P=0.739 | R=0.754
topic      | F1=0.866 | Acc=0.871 | P=0.877 | R=0.870
action     | F1=0.805 | Acc=0.871 | P=0.807 | R=0.806
------------------------------------------------------------
✅ Overall Avg | F1=0.840 | Acc=0.898 | P=0.844 | R=0.842

✅ Epoch 45 | Loss=0.1479 | F1(avg)=0.840 | Sent=0.943 | Urg=0.746 | Top=0.866 | Act=0.805
roberta_base_lr2e-5_uf2 Epoch 46/50: 100%|██████████████████████████████████████| 20/20 [00:02<00:00,  8.71it/s]

📊 Validation Results (Per Task)
------------------------------------------------------------
sentiment  | F1=0.943 | Acc=0.955 | P=0.954 | R=0.937
urgency    | F1=0.734 | Acc=0.890 | P=0.725 | R=0.748
topic      | F1=0.866 | Acc=0.871 | P=0.877 | R=0.870
action     | F1=0.805 | Acc=0.871 | P=0.807 | R=0.806
------------------------------------------------------------
✅ Overall Avg | F1=0.837 | Acc=0.897 | P=0.841 | R=0.840

✅ Epoch 46 | Loss=0.1394 | F1(avg)=0.837 | Sent=0.943 | Urg=0.734 | Top=0.866 | Act=0.805
roberta_base_lr2e-5_uf2 Epoch 47/50: 100%|██████████████████████████████████████| 20/20 [00:02<00:00,  8.69it/s]

📊 Validation Results (Per Task)
------------------------------------------------------------
sentiment  | F1=0.943 | Acc=0.955 | P=0.954 | R=0.937
urgency    | F1=0.746 | Acc=0.897 | P=0.739 | R=0.754
topic      | F1=0.866 | Acc=0.871 | P=0.877 | R=0.870
action     | F1=0.805 | Acc=0.871 | P=0.807 | R=0.806
------------------------------------------------------------
✅ Overall Avg | F1=0.840 | Acc=0.898 | P=0.844 | R=0.842

✅ Epoch 47 | Loss=0.1393 | F1(avg)=0.840 | Sent=0.943 | Urg=0.746 | Top=0.866 | Act=0.805
roberta_base_lr2e-5_uf2 Epoch 48/50: 100%|██████████████████████████████████████| 20/20 [00:02<00:00,  8.74it/s]

📊 Validation Results (Per Task)
------------------------------------------------------------
sentiment  | F1=0.943 | Acc=0.955 | P=0.954 | R=0.937
urgency    | F1=0.746 | Acc=0.897 | P=0.739 | R=0.754
topic      | F1=0.866 | Acc=0.871 | P=0.877 | R=0.870
action     | F1=0.805 | Acc=0.871 | P=0.807 | R=0.806
------------------------------------------------------------
✅ Overall Avg | F1=0.840 | Acc=0.898 | P=0.844 | R=0.842

✅ Epoch 48 | Loss=0.1397 | F1(avg)=0.840 | Sent=0.943 | Urg=0.746 | Top=0.866 | Act=0.805
roberta_base_lr2e-5_uf2 Epoch 49/50: 100%|██████████████████████████████████████| 20/20 [00:02<00:00,  8.71it/s]

📊 Validation Results (Per Task)
------------------------------------------------------------
sentiment  | F1=0.943 | Acc=0.955 | P=0.954 | R=0.937
urgency    | F1=0.746 | Acc=0.897 | P=0.739 | R=0.754
topic      | F1=0.866 | Acc=0.871 | P=0.877 | R=0.870
action     | F1=0.805 | Acc=0.871 | P=0.807 | R=0.806
------------------------------------------------------------
✅ Overall Avg | F1=0.840 | Acc=0.898 | P=0.844 | R=0.842

✅ Epoch 49 | Loss=0.1419 | F1(avg)=0.840 | Sent=0.943 | Urg=0.746 | Top=0.866 | Act=0.805
roberta_base_lr2e-5_uf2 Epoch 50/50: 100%|██████████████████████████████████████| 20/20 [00:02<00:00,  8.58it/s]

📊 Validation Results (Per Task)
------------------------------------------------------------
sentiment  | F1=0.943 | Acc=0.955 | P=0.954 | R=0.937
urgency    | F1=0.746 | Acc=0.897 | P=0.739 | R=0.754
topic      | F1=0.866 | Acc=0.871 | P=0.877 | R=0.870
action     | F1=0.805 | Acc=0.871 | P=0.807 | R=0.806
------------------------------------------------------------
✅ Overall Avg | F1=0.840 | Acc=0.898 | P=0.844 | R=0.842

✅ Epoch 50 | Loss=0.1361 | F1(avg)=0.840 | Sent=0.943 | Urg=0.746 | Top=0.866 | Act=0.805
